<testsuites tests="192" failures="0" disabled="0" time="43.614459">
  <system-out>[19:22:03 INF] Starting Tests
[19:22:47 INF] Finishing Tests
</system-out>
  <testsuite tests="6" time="0.604517" errors="0" failures="0" skipped="0" timestamp="2023-12-02T03:22:03.9920920Z" name="">
    <testcase name="BackupDatabaseDoesNotLooseChanges" assertions="4" time="0.458573" status="Passed" classname="HSPI_HistoricalRecordsTest.BackupTest">
      <system-out>[19:22:04 INF] Plugin Starting
[19:22:04 INF] e_sqlite3 version:3.44.0
[19:22:04 INF] Connecting to database: C:\Users\Deepak\AppData\Local\Temp\hxswvlem.q1g\data\HistoricalRecords\records.db
[19:22:04 DBG] Starting records update thread
[19:22:04 INF] Starting maintaining database
[19:22:04 DBG] Start Pruning older records
[19:22:04 WRN] Failed to do pruning with IGlobalTimerAndClock.Now invocation failed with mock behavior Strict.
All invocations on the mock must have a corresponding setup.}
[19:22:04 INF] Finished maintaining database
[19:22:04 INF] Plugin Started
[19:22:04 DBG] Starting RecordAllDevices
[19:22:04 VRB] Recording {"DeviceRefId": 1000, "DeviceValue": 100, "DeviceString": null, "TimeStamp": "2000-01-01T09:01:01.0000000+00:00", "$type": "RecordData"}
[19:22:04 VRB] Adding to database: {"DeviceRefId": 1000, "DeviceValue": 100, "DeviceString": null, "TimeStamp": "2000-01-01T09:01:01.0000000+00:00", "$type": "RecordData"}
[19:22:04 DBG] Finished RecordAllDevices
[19:22:04 INF] Deleting All Records for (1000)
[19:22:04 INF] Removed 1 row(s) for device:1000 in database
[19:22:04 INF] Back up starting. Shutting down database connection
[19:22:04 DBG] Finish records update thread
[19:22:04 DBG] Disposing Sqlite connection
[19:22:04 VRB] Recording {"DeviceRefId": 1000, "DeviceValue": 100, "DeviceString": null, "TimeStamp": "2000-01-01T09:01:01.0000000+00:00", "$type": "RecordData"}
[19:22:04 INF] Back up finished. Starting database connection
[19:22:04 INF] e_sqlite3 version:3.44.0
[19:22:04 INF] Connecting to database: C:\Users\Deepak\AppData\Local\Temp\hxswvlem.q1g\data\HistoricalRecords\records.db
[19:22:04 DBG] Starting records update thread
[19:22:04 VRB] Adding to database: {"DeviceRefId": 1000, "DeviceValue": 100, "DeviceString": null, "TimeStamp": "2000-01-01T09:01:01.0000000+00:00", "$type": "RecordData"}
Disconnecting from HomeSeer...
[19:22:04 INF] Shutting down
[19:22:04 DBG] Finish records update thread
[19:22:04 INF] Starting maintaining database
[19:22:04 DBG] Disposing Sqlite connection
</system-out>
    </testcase>
    <testcase name="BackupEndMultipleTimes" assertions="4" time="0.044807" status="Passed" classname="HSPI_HistoricalRecordsTest.BackupTest">
      <system-out>[19:22:04 INF] Plugin Starting
[19:22:04 INF] e_sqlite3 version:3.44.0
[19:22:04 INF] Connecting to database: C:\Users\Deepak\AppData\Local\Temp\1oibalop.enf\data\HistoricalRecords\records.db
[19:22:04 DBG] Starting records update thread
[19:22:04 INF] Plugin Started
[19:22:04 INF] Starting maintaining database
[19:22:04 DBG] Start Pruning older records
[19:22:04 WRN] Failed to do pruning with IGlobalTimerAndClock.Now invocation failed with mock behavior Strict.
All invocations on the mock must have a corresponding setup.}
[19:22:04 INF] Finished maintaining database
[19:22:04 DBG] Starting RecordAllDevices
[19:22:04 VRB] Recording {"DeviceRefId": 1000, "DeviceValue": 100, "DeviceString": null, "TimeStamp": "2000-01-01T09:01:01.0000000+00:00", "$type": "RecordData"}
[19:22:04 VRB] Adding to database: {"DeviceRefId": 1000, "DeviceValue": 100, "DeviceString": null, "TimeStamp": "2000-01-01T09:01:01.0000000+00:00", "$type": "RecordData"}
[19:22:04 DBG] Finished RecordAllDevices
[19:22:04 INF] Back up starting. Shutting down database connection
[19:22:04 DBG] Finish records update thread
[19:22:04 DBG] Disposing Sqlite connection
[19:22:04 INF] Back up finished. Starting database connection
[19:22:04 INF] e_sqlite3 version:3.44.0
[19:22:04 INF] Connecting to database: C:\Users\Deepak\AppData\Local\Temp\1oibalop.enf\data\HistoricalRecords\records.db
[19:22:04 DBG] Starting records update thread
[19:22:04 INF] Back up finished. Starting database connection
Disconnecting from HomeSeer...
[19:22:04 INF] Shutting down
[19:22:04 DBG] Disposing Sqlite connection
[19:22:04 DBG] Finish records update thread
[19:22:04 INF] Starting maintaining database
</system-out>
    </testcase>
    <testcase name="BackupStopsDatabase" assertions="3" time="0.020530" status="Passed" classname="HSPI_HistoricalRecordsTest.BackupTest">
      <system-out>[19:22:04 INF] Plugin Starting
[19:22:04 INF] e_sqlite3 version:3.44.0
[19:22:04 INF] Connecting to database: C:\Users\Deepak\AppData\Local\Temp\ujs2udnq.2ro\data\HistoricalRecords\records.db
[19:22:04 DBG] Starting records update thread
[19:22:04 INF] Starting maintaining database
[19:22:04 DBG] Start Pruning older records
[19:22:04 WRN] Failed to do pruning with IGlobalTimerAndClock.Now invocation failed with mock behavior Strict.
All invocations on the mock must have a corresponding setup.}
[19:22:04 INF] Finished maintaining database
[19:22:04 DBG] Starting RecordAllDevices
[19:22:04 DBG] Finished RecordAllDevices
[19:22:04 INF] Plugin Started
[19:22:04 INF] Back up starting. Shutting down database connection
[19:22:04 DBG] Disposing Sqlite connection
[19:22:04 DBG] Finish records update thread
[19:22:04 INF] Back up finished. Starting database connection
[19:22:04 INF] e_sqlite3 version:3.44.0
[19:22:04 INF] Connecting to database: C:\Users\Deepak\AppData\Local\Temp\ujs2udnq.2ro\data\HistoricalRecords\records.db
[19:22:04 DBG] Starting records update thread
[19:22:04 INF] Maintainance for database triggered
Disconnecting from HomeSeer...
[19:22:04 INF] Shutting down
[19:22:04 DBG] Disposing Sqlite connection
[19:22:04 DBG] Finish records update thread
[19:22:04 INF] Starting maintaining database
</system-out>
    </testcase>
    <testcase name="BackupTimesOut" assertions="3" time="0.050330" status="Passed" classname="HSPI_HistoricalRecordsTest.BackupTest">
      <system-out>[19:22:04 INF] Plugin Starting
[19:22:04 INF] e_sqlite3 version:3.44.0
[19:22:04 INF] Connecting to database: C:\Users\Deepak\AppData\Local\Temp\lvnl1pxm.sqr\data\HistoricalRecords\records.db
[19:22:04 DBG] Starting records update thread
[19:22:04 INF] Starting maintaining database
[19:22:04 DBG] Start Pruning older records
[19:22:04 WRN] Failed to do pruning with IGlobalTimerAndClock.Now invocation failed with mock behavior Strict.
All invocations on the mock must have a corresponding setup.}
[19:22:04 INF] Finished maintaining database
[19:22:04 INF] Plugin Started
[19:22:04 INF] Back up starting. Shutting down database connection
[19:22:04 DBG] Disposing Sqlite connection
[19:22:04 DBG] Finish records update thread
[19:22:04 DBG] Starting RecordAllDevices
[19:22:04 WRN] Error in RecordAllDevices with Sqlite initialize failed Or Backup in progress
[19:22:04 INF] e_sqlite3 version:3.44.0
[19:22:04 INF] Connecting to database: C:\Users\Deepak\AppData\Local\Temp\lvnl1pxm.sqr\data\HistoricalRecords\records.db
[19:22:04 DBG] Starting records update thread
[19:22:04 INF] Starting maintaining database
[19:22:04 DBG] Start Pruning older records
[19:22:04 WRN] Failed to do pruning with IGlobalTimerAndClock.Now invocation failed with mock behavior Strict.
All invocations on the mock must have a corresponding setup.}
[19:22:04 INF] Finished maintaining database
[19:22:04 INF] Maintainance for database triggered
Disconnecting from HomeSeer...
[19:22:04 INF] Starting maintaining database
[19:22:04 DBG] Start Pruning older records
[19:22:04 WRN] Failed to do pruning with IGlobalTimerAndClock.Now invocation failed with mock behavior Strict.
All invocations on the mock must have a corresponding setup.}
[19:22:04 INF] Finished maintaining database
[19:22:04 INF] Shutting down
[19:22:04 DBG] Disposing Sqlite connection
[19:22:04 DBG] Finish records update thread
</system-out>
    </testcase>
    <testcase name="CanAccessDBFileAfterBackupStarts" assertions="2" time="0.010640" status="Passed" classname="HSPI_HistoricalRecordsTest.BackupTest">
      <system-out>[19:22:04 INF] Plugin Starting
[19:22:04 INF] e_sqlite3 version:3.44.0
[19:22:04 INF] Connecting to database: C:\Users\Deepak\AppData\Local\Temp\a1wnwdjv.lee\data\HistoricalRecords\records.db
[19:22:04 DBG] Starting records update thread
[19:22:04 INF] Plugin Started
[19:22:04 INF] Back up starting. Shutting down database connection
[19:22:04 DBG] Disposing Sqlite connection
[19:22:04 INF] Starting maintaining database
[19:22:04 DBGDisconnecting from HomeSeer...
] Starting RecordAllDevices
[19:22:04 WRN] Error in RecordAllDevices with Sqlite initialize failed Or Backup in progress
[19:22:04 DBG] Finish records update thread
[19:22:04 INF] Shutting down
</system-out>
    </testcase>
    <testcase name="PluginStatusDuringBackup" assertions="5" time="0.016543" status="Passed" classname="HSPI_HistoricalRecordsTest.BackupTest">
      <system-out>[19:22:04 INF] Plugin Starting
[19:22:04 INF] e_sqlite3 version:3.44.0
[19:22:04 INF] Connecting to database: C:\Users\Deepak\AppData\Local\Temp\dl0c0jwq.qw3\data\HistoricalRecords\records.db
[19:22:04 DBG] Starting records update thread
[19:22:04 INF] Plugin Started
[19:22:04 INF] Back up starting. Shutting down database connection
[19:22:04 DBG] Disposing Sqlite connection
[19:22:04 INF] Starting maintaining database
[19:22:04 DBG] Starting RecordAllDevices
[19:22:04 WRN] Error in RecordAllDevices with Sqlite initialize failed Or Backup in progress
[19:22:04 INF] Back up finished. Starting database connection
[19:22:04 INF] e_sqlite3 version:3.44.0
[19:22:04 INF] Connecting to database: C:\Users\Deepak\AppData\Local\Temp\dl0c0jwq.qw3\data\HistoricalRecords\records.db
[19:22:04 DBG] Finish records update thread
[19:22:04Disconnecting from HomeSeer...
 DBG] Starting records update thread
[19:22:04 INF] Shutting down
[19:22:04 DBG] Disposing Sqlite connection
[19:22:04 DBG] Finish records update thread
[19:22:04 INF] Starting maintaining database
</system-out>
    </testcase>
  </testsuite>
  <testsuite tests="4" time="0.258177" errors="0" failures="0" skipped="0" timestamp="2023-12-02T03:22:04.5984137Z" name="">
    <testcase name="DeleteOrphanDataOnStart" assertions="4" time="0.044172" status="Passed" classname="HSPI_HistoricalRecordsTest.DeleteDataTest">
      <system-out>[19:22:04 INF] Plugin Starting
[19:22:04 INF] e_sqlite3 version:3.44.0
[19:22:04 INF] Connecting to database: C:\Users\Deepak\AppData\Local\Temp\c0nnr4x1.tmo\data\HistoricalRecords\records.db
[19:22:04 DBG] Starting records update thread
[19:22:04 INF] Plugin Started
[19:22:04 DBG] Starting RecordAllDevices
[19:22:04 VRB] Recording {"DeviceRefId": 1000, "DeviceValue": 1.1, "DeviceString": null, "TimeStamp": "2000-01-01T09:01:01.0000000+00:00", "$type": "RecordData"}
[19:22:04 INF] Starting maintaining database
[19:22:04 DBG] Start Pruning older records
[19:22:04 DBG] Finished RecordAllDevices
[19:22:04 DBG] Finished pruning older records
[19:22:04 INF] Finished maintaining database
[19:22:04 VRB] Adding to database: {"DeviceRefId": 1000, "DeviceValue": 1.1, "DeviceString": null, "TimeStamp": "2000-01-01T09:01:01.0000000+00:00", "$type": "RecordData"}
Disconnecting from HomeSeer...
[19:22:04 INF] Shutting down
[19:22:04 DBG] Disposing Sqlite connection
[19:22:04 DBG] Finish records update thread
[19:22:04 INF] Plugin Starting
[19:22:04 INF] e_sqlite3 version:3.44.0
[19:22:04 INF] Connecting to database: C:\Users\Deepak\AppData\Local\Temp\c0nnr4x1.tmo\data\HistoricalRecords\records.db
[19:22:04 DBG] Starting records update thread
[19:22:04 INF] Plugin Started
[19:22:04 INF] Starting maintaining database
[19:22:04 DBG] Start Pruning older records
[19:22:04 DBG] Finished pruning older records
[19:22:04 INF] Finished maintaining database
[19:22:04 DBG] Starting RecordAllDevices
[19:22:04 INF] Removed 1 row(s) for device:1000 in database
[19:22:04 DBG] Finished RecordAllDevices
Disconnecting from HomeSeer...
[19:22:04 INF] Shutting down
[19:22:04 DBG] Disposing Sqlite connection
[19:22:04 DBG] Finish records update thread
</system-out>
    </testcase>
    <testcase name="DeleteRecordsOnTrackedFeatureDelete" assertions="3" time="0.037151" status="Passed" classname="HSPI_HistoricalRecordsTest.DeleteDataTest">
      <system-out>[19:22:04 INF] Plugin Starting
[19:22:04 INF] e_sqlite3 version:3.44.0
[19:22:04 INF] Connecting to database: C:\Users\Deepak\AppData\Local\Temp\qazpskia.xkz\data\HistoricalRecords\records.db
[19:22:04 DBG] Starting records update thread
[19:22:04 INF] Starting maintaining database
[19:22:04 DBG] Start Pruning older records
[19:22:04 DBG] Finished pruning older records
[19:22:04 INF] Finished maintaining database
[19:22:04 INF] Plugin Started
[19:22:04 DBG] Starting RecordAllDevices
[19:22:04 VRB] Recording {"DeviceRefId": 10002, "DeviceValue": 100, "DeviceString": null, "TimeStamp": "2000-01-01T09:01:01.0000000+00:00", "$type": "RecordData"}
[19:22:04 VRB] Adding to database: {"DeviceRefId": 10002, "DeviceValue": 100, "DeviceString": null, "TimeStamp": "2000-01-01T09:01:01.0000000+00:00", "$type": "RecordData"}
[19:22:04 DBG] Finished RecordAllDevices
[19:22:04 INF] Removed 1 row(s) for device:10002 in database
Disconnecting from HomeSeer...
[19:22:04 INF] Shutting down
[19:22:04 DBG] Disposing Sqlite connection
[19:22:04 DBG] Finish records update thread
</system-out>
    </testcase>
    <testcase name="HandleDeleteRecords" assertions="3" time="0.056522" status="Passed" classname="HSPI_HistoricalRecordsTest.DeleteDataTest">
      <system-out>[19:22:04 INF] Plugin Starting
[19:22:04 INF] e_sqlite3 version:3.44.0
[19:22:04 INF] Connecting to database: C:\Users\Deepak\AppData\Local\Temp\ccgicjzu.hfh\data\HistoricalRecords\records.db
[19:22:04 DBG] Starting records update thread
[19:22:04 INF] Plugin Started
[19:22:04 DBG] Starting RecordAllDevices
[19:22:04 VRB] Recording {"DeviceRefId": 10002, "DeviceValue": 100, "DeviceString": null, "TimeStamp": "2000-01-01T09:01:01.0000000+00:00", "$type": "RecordData"}
[19:22:04 VRB] Adding to database: {"DeviceRefId": 10002, "DeviceValue": 100, "DeviceString": null, "TimeStamp": "2000-01-01T09:01:01.0000000+00:00", "$type": "RecordData"}
[19:22:04 INF] Starting maintaining database
[19:22:04 DBG] Start Pruning older records
[19:22:04 DBG] Finished pruning older records
[19:22:04 INF] Finished maintaining database
[19:22:04 DBG] Finished RecordAllDevices
[19:22:04 DBG] PostBackProc for deletedevicerecords for {ref:10002}
[19:22:04 INF] Deleting All Records for (10002)
[19:22:04 INF] Removed 1 row(s) for device:10002 in database
Disconnecting from HomeSeer...
[19:22:04 INF] Shutting down
[19:22:04 DBG] Disposing Sqlite connection
[19:22:04 DBG] Finish records update thread
</system-out>
    </testcase>
    <testcase name="HandleStatisticsForRecords" assertions="11" time="0.119914" status="Passed" classname="HSPI_HistoricalRecordsTest.DeleteDataTest">
      <system-out>[19:22:04 INF] Plugin Starting
[19:22:04 INF] e_sqlite3 version:3.44.0
[19:22:04 INF] Connecting to database: C:\Users\Deepak\AppData\Local\Temp\nzpyadhr.azq\data\HistoricalRecords\records.db
[19:22:04 DBG] Starting records update thread
[19:22:04 INF] Plugin Started
[19:22:04 INF] Starting maintaining database
[19:22:04 DBG] Start Pruning older records
[19:22:04 DBG] Finished pruning older records
[19:22:04 INF] Finished maintaining database
[19:22:04 DBG] Starting RecordAllDevices
[19:22:04 VRB] Recording {"DeviceRefId": 10002, "DeviceValue": 100, "DeviceString": null, "TimeStamp": "2000-01-01T09:01:01.0000000+00:00", "$type": "RecordData"}
[19:22:04 VRB] Adding to database: {"DeviceRefId": 10002, "DeviceValue": 100, "DeviceString": null, "TimeStamp": "2000-01-01T09:01:01.0000000+00:00", "$type": "RecordData"}
[19:22:04 DBG] Finished RecordAllDevices
[19:22:04 INF] Deleting All Records for (10002)
[19:22:04 INF] Removed 1 row(s) for device:10002 in database
[19:22:04 VRB] Recording {"DeviceRefId": 10002, "DeviceValue": 10, "DeviceString": "10", "TimeStamp": "2222-02-02T10:02:02.0000000+00:00", "$type": "RecordData"}
[19:22:04 VRB] Adding to database: {"DeviceRefId": 10002, "DeviceValue": 10, "DeviceString": "10", "TimeStamp": "2222-02-02T10:02:02.0000000+00:00", "$type": "RecordData"}
[19:22:04 VRB] Recording {"DeviceRefId": 10002, "DeviceValue": 100, "DeviceString": "100", "TimeStamp": "2222-02-02T10:03:02.0000000+00:00", "$type": "RecordData"}
[19:22:04 VRB] Adding to database: {"DeviceRefId": 10002, "DeviceValue": 100, "DeviceString": "100", "TimeStamp": "2222-02-02T10:03:02.0000000+00:00", "$type": "RecordData"}
[19:22:04 DBG] PostBackProc for statisticsforrecords for { refId:10002, min:7955143322000, max:7955143441000}
Disconnecting from HomeSeer...
[19:22:04 INF] Shutting down
[19:22:04 DBG] Disposing Sqlite connection
[19:22:04 DBG] Finish records update thread
</system-out>
    </testcase>
  </testsuite>
  <testsuite tests="14" time="16.152735" errors="0" failures="0" skipped="0" timestamp="2023-12-02T03:22:04.8557495Z" name="">
    <testcase name="InvalidLastChangeTimeIsNotRecorded" assertions="5" time="0.029974" status="Passed" classname="HSPI_HistoricalRecordsTest.DeviceChangedinHSTest">
      <system-out>[19:22:04 INF] Plugin Starting
[19:22:04 INF] e_sqlite3 version:3.44.0
[19:22:04 INF] Connecting to database: C:\Users\Deepak\AppData\Local\Temp\byvnqjey.qap\data\HistoricalRecords\records.db
[19:22:04 DBG] Starting records update thread
[19:22:04 DBG] Starting RecordAllDevices
[19:22:04 VRB] Recording {"DeviceRefId": 35673, "DeviceValue": 1.132, "DeviceString": null, "TimeStamp": "2000-01-01T09:01:01.0000000+00:00", "$type": "RecordData"}
[19:22:04 INF] Starting maintaining database
[19:22:04 DBG] Start Pruning older records
[19:22:04 DBG] Finished RecordAllDevices
[19:22:04 INF] Plugin Started
[19:22:04 VRB] Adding to database: {"DeviceRefId": 35673, "DeviceValue": 1.132, "DeviceString": null, "TimeStamp": "2000-01-01T09:01:01.0000000+00:00", "$type": "RecordData"}
[19:22:04 DBG] Finished pruning older records
[19:22:04 INF] Finished maintaining database
[19:22:04 INF] Deleting All Records for (35673)
[19:22:04 INF] Removed 1 row(s) for device:35673 in database
[19:22:04 VRB] Not Recording {"DeviceRefId": 35673, "DeviceValue": 100, "DeviceString": null, "TimeStamp": "0001-01-01T08:00:00.0000000+00:00", "$type": "RecordData"} as last change time is invalid
[19:22:04 VRB] Recording {"DeviceRefId": 35673, "DeviceValue": 10, "DeviceString": "", "TimeStamp": "2222-02-02T10:02:02.0000000+00:00", "$type": "RecordData"}
[19:22:04 VRB] Adding to database: {"DeviceRefId": 35673, "DeviceValue": 10, "DeviceString": "", "TimeStamp": "2222-02-02T10:02:02.0000000+00:00", "$type": "RecordData"}
Disconnecting from HomeSeer...
[19:22:04 INF] Shutting down
[19:22:04 DBG] Disposing Sqlite connection
[19:22:04 DBG] Finish records update thread
</system-out>
    </testcase>
    <testcase name="MultipleDeviceValueUpdatesAreRecorded" assertions="33" time="0.134381" status="Passed" classname="HSPI_HistoricalRecordsTest.DeviceChangedinHSTest">
      <system-out>[19:22:04 INF] Plugin Starting
[19:22:04 INF] e_sqlite3 version:3.44.0
[19:22:04 INF] Connecting to database: C:\Users\Deepak\AppData\Local\Temp\p2yjavji.ccb\data\HistoricalRecords\records.db
[19:22:04 DBG] Starting records update thread
[19:22:04 INF] Starting maintaining database
[19:22:04 DBG] Start Pruning older records
[19:22:04 DBG] Finished pruning older records
[19:22:04 INF] Finished maintaining database
[19:22:04 DBG] Starting RecordAllDevices
[19:22:04 VRB] Recording {"DeviceRefId": 35673, "DeviceValue": 1.1, "DeviceString": "1.1", "TimeStamp": "2023-12-02T03:22:04.0000000+00:00", "$type": "RecordData"}
[19:22:04 VRB] Adding to database: {"DeviceRefId": 35673, "DeviceValue": 1.1, "DeviceString": "1.1", "TimeStamp": "2023-12-02T03:22:04.0000000+00:00", "$type": "RecordData"}
[19:22:04 DBG] Finished RecordAllDevices
[19:22:04 INF] Plugin Started
[19:22:04 VRB] Recording {"DeviceRefId": 35673, "DeviceValue": 1, "DeviceString": "", "TimeStamp": "2023-12-02T03:22:05.0000000+00:00", "$type": "RecordData"}
[19:22:04 VRB] Adding to database: {"DeviceRefId": 35673, "DeviceValue": 1, "DeviceString": "", "TimeStamp": "2023-12-02T03:22:05.0000000+00:00", "$type": "RecordData"}
[19:22:04 VRB] Recording {"DeviceRefId": 35673, "DeviceValue": 1.1, "DeviceString": "", "TimeStamp": "2023-12-02T03:22:06.0000000+00:00", "$type": "RecordData"}
[19:22:04 VRB] Adding to database: {"DeviceRefId": 35673, "DeviceValue": 1.1, "DeviceString": "", "TimeStamp": "2023-12-02T03:22:06.0000000+00:00", "$type": "RecordData"}
[19:22:04 VRB] Recording {"DeviceRefId": 35673, "DeviceValue": 1.2, "DeviceString": "", "TimeStamp": "2023-12-02T03:22:07.0000000+00:00", "$type": "RecordData"}
[19:22:04 VRB] Adding to database: {"DeviceRefId": 35673, "DeviceValue": 1.2, "DeviceString": "", "TimeStamp": "2023-12-02T03:22:07.0000000+00:00", "$type": "RecordData"}
[19:22:04 VRB] Recording {"DeviceRefId": 35673, "DeviceValue": 1.3, "DeviceString": "", "TimeStamp": "2023-12-02T03:22:08.0000000+00:00", "$type": "RecordData"}
[19:22:04 VRB] Adding to database: {"DeviceRefId": 35673, "DeviceValue": 1.3, "DeviceString": "", "TimeStamp": "2023-12-02T03:22:08.0000000+00:00", "$type": "RecordData"}
[19:22:05 VRB] Recording {"DeviceRefId": 35673, "DeviceValue": 1.4, "DeviceString": "", "TimeStamp": "2023-12-02T03:22:09.0000000+00:00", "$type": "RecordData"}
[19:22:05 VRB] Adding to database: {"DeviceRefId": 35673, "DeviceValue": 1.4, "DeviceString": "", "TimeStamp": "2023-12-02T03:22:09.0000000+00:00", "$type": "RecordData"}
[19:22:05 DBG] PostBackProc for historyrecords for refId=35673&amp;min=0&amp;max=9223372036854775807&amp;start=0&amp;length=100
[19:22:05 DBG] HandleHistoryRecords refId=35673&amp;min=0&amp;max=9223372036854775807&amp;start=0&amp;length=100
Disconnecting from HomeSeer...
[19:22:05 INF] Shutting down
[19:22:05 DBG] Disposing Sqlite connection
[19:22:05 DBG] Finish records update thread
</system-out>
    </testcase>
    <testcase name="RecordALargeNumberOfEvents" assertions="1026" time="15.571642" status="Passed" classname="HSPI_HistoricalRecordsTest.DeviceChangedinHSTest">
      <system-out>[19:22:05 INF] Plugin Starting
[19:22:05 INF] e_sqlite3 version:3.44.0
[19:22:05 INF] Connecting to database: C:\Users\Deepak\AppData\Local\Temp\txy2jdgd.1uc\data\HistoricalRecords\records.db
[19:22:05 DBG] Starting records update thread
[19:22:05 INF] Plugin Started
[19:22:05 INF] Starting maintaining database
[19:22:05 DBG] Start Pruning older records
[19:22:05 DBG] Finished pruning older records
[19:22:05 INF] Finished maintaining database
[19:22:05 DBG] Starting RecordAllDevices
[19:22:05 VRB] Recording {"DeviceRefId": 35673, "DeviceValue": 1.1, "DeviceString": "1.1", "TimeStamp": "2023-12-02T03:22:05.0000000+00:00", "$type": "RecordData"}
[19:22:05 VRB] Adding to database: {"DeviceRefId": 35673, "DeviceValue": 1.1, "DeviceString": "1.1", "TimeStamp": "2023-12-02T03:22:05.0000000+00:00", "$type": "RecordData"}
[19:22:05 DBG] Finished RecordAllDevices
[19:22:05 INF] Deleting All Records for (35673)
[19:22:05 INF] Removed 1 row(s) for device:35673 in database
[19:22:05 VRB] Recording {"DeviceRefId": 35673, "DeviceValue": 0, "DeviceString": "33", "TimeStamp": "2023-12-02T03:22:05.0000000+00:00", "$type": "RecordData"}
[19:22:05 VRB] Adding to database: {"DeviceRefId": 35673, "DeviceValue": 0, "DeviceString": "33", "TimeStamp": "2023-12-02T03:22:05.0000000+00:00", "$type": "RecordData"}
[19:22:05 VRB] Recording {"DeviceRefId": 35673, "DeviceValue": 1, "DeviceString": "33", "TimeStamp": "2023-12-02T03:22:10.0000000+00:00", "$type": "RecordData"}
[19:22:05 VRB] Adding to database: {"DeviceRefId": 35673, "DeviceValue": 1, "DeviceString": "33", "TimeStamp": "2023-12-02T03:22:10.0000000+00:00", "$type": "RecordData"}
[19:22:05 VRB] Recording {"DeviceRefId": 35673, "DeviceValue": 2, "DeviceString": "33", "TimeStamp": "2023-12-02T03:22:15.0000000+00:00", "$type": "RecordData"}
[19:22:05 VRB] Adding to database: {"DeviceRefId": 35673, "DeviceValue": 2, "DeviceString": "33", "TimeStamp": "2023-12-02T03:22:15.0000000+00:00", "$type": "RecordData"}
[19:22:05 VRB] Recording {"DeviceRefId": 35673, "DeviceValue": 3, "DeviceString": "33", "TimeStamp": "2023-12-02T03:22:20.0000000+00:00", "$type": "RecordData"}
[19:22:05 VRB] Adding to database: {"DeviceRefId": 35673, "DeviceValue": 3, "DeviceString": "33", "TimeStamp": "2023-12-02T03:22:20.0000000+00:00", "$type": "RecordData"}
[19:22:05 VRB] Recording {"DeviceRefId": 35673, "DeviceValue": 4, "DeviceString": "33", "TimeStamp": "2023-12-02T03:22:25.0000000+00:00", "$type": "RecordData"}
[19:22:05 VRB] Adding to database: {"DeviceRefId": 35673, "DeviceValue": 4, "DeviceString": "33", "TimeStamp": "2023-12-02T03:22:25.0000000+00:00", "$type": "RecordData"}
[19:22:05 VRB] Recording {"DeviceRefId": 35673, "DeviceValue": 5, "DeviceString": "33", "TimeStamp": "2023-12-02T03:22:30.0000000+00:00", "$type": "RecordData"}
[19:22:05 VRB] Adding to database: {"DeviceRefId": 35673, "DeviceValue": 5, "DeviceString": "33", "TimeStamp": "2023-12-02T03:22:30.0000000+00:00", "$type": "RecordData"}
[19:22:05 VRB] Recording {"DeviceRefId": 35673, "DeviceValue": 6, "DeviceString": "33", "TimeStamp": "2023-12-02T03:22:35.0000000+00:00", "$type": "RecordData"}
[19:22:05 VRB] Adding to database: {"DeviceRefId": 35673, "DeviceValue": 6, "DeviceString": "33", "TimeStamp": "2023-12-02T03:22:35.0000000+00:00", "$type": "RecordData"}
[19:22:05 VRB] Recording {"DeviceRefId": 35673, "DeviceValue": 7, "DeviceString": "33", "TimeStamp": "2023-12-02T03:22:40.0000000+00:00", "$type": "RecordData"}
[19:22:05 VRB] Adding to database: {"DeviceRefId": 35673, "DeviceValue": 7, "DeviceString": "33", "TimeStamp": "2023-12-02T03:22:40.0000000+00:00", "$type": "RecordData"}
[19:22:05 VRB] Recording {"DeviceRefId": 35673, "DeviceValue": 8, "DeviceString": "33", "TimeStamp": "2023-12-02T03:22:45.0000000+00:00", "$type": "RecordData"}
[19:22:05 VRB] Adding to database: {"DeviceRefId": 35673, "DeviceValue": 8, "DeviceString": "33", "TimeStamp": "2023-12-02T03:22:45.0000000+00:00", "$type": "RecordData"}
[19:22:05 VRB] Recording {"DeviceRefId": 35673, "DeviceValue": 9, "DeviceString": "33", "TimeStamp": "2023-12-02T03:22:50.0000000+00:00", "$type": "RecordData"}
[19:22:05 VRB] Adding to database: {"DeviceRefId": 35673, "DeviceValue": 9, "DeviceString": "33", "TimeStamp": "2023-12-02T03:22:50.0000000+00:00", "$type": "RecordData"}
[19:22:05 VRB] Recording {"DeviceRefId": 35673, "DeviceValue": 10, "DeviceString": "33", "TimeStamp": "2023-12-02T03:22:55.0000000+00:00", "$type": "RecordData"}
[19:22:05 VRB] Adding to database: {"DeviceRefId": 35673, "DeviceValue": 10, "DeviceString": "33", "TimeStamp": "2023-12-02T03:22:55.0000000+00:00", "$type": "RecordData"}
[19:22:05 VRB] Recording {"DeviceRefId": 35673, "DeviceValue": 11, "DeviceString": "33", "TimeStamp": "2023-12-02T03:23:00.0000000+00:00", "$type": "RecordData"}
[19:22:05 VRB] Adding to database: {"DeviceRefId": 35673, "DeviceValue": 11, "DeviceString": "33", "TimeStamp": "2023-12-02T03:23:00.0000000+00:00", "$type": "RecordData"}
[19:22:05 VRB] Recording {"DeviceRefId": 35673, "DeviceValue": 12, "DeviceString": "33", "TimeStamp": "2023-12-02T03:23:05.0000000+00:00", "$type": "RecordData"}
[19:22:05 VRB] Adding to database: {"DeviceRefId": 35673, "DeviceValue": 12, "DeviceString": "33", "TimeStamp": "2023-12-02T03:23:05.0000000+00:00", "$type": "RecordData"}
[19:22:05 VRB] Recording {"DeviceRefId": 35673, "DeviceValue": 13, "DeviceString": "33", "TimeStamp": "2023-12-02T03:23:10.0000000+00:00", "$type": "RecordData"}
[19:22:05 VRB] Adding to database: {"DeviceRefId": 35673, "DeviceValue": 13, "DeviceString": "33", "TimeStamp": "2023-12-02T03:23:10.0000000+00:00", "$type": "RecordData"}
[19:22:05 VRB] Recording {"DeviceRefId": 35673, "DeviceValue": 14, "DeviceString": "33", "TimeStamp": "2023-12-02T03:23:15.0000000+00:00", "$type": "RecordData"}
[19:22:05 VRB] Adding to database: {"DeviceRefId": 35673, "DeviceValue": 14, "DeviceString": "33", "TimeStamp": "2023-12-02T03:23:15.0000000+00:00", "$type": "RecordData"}
[19:22:05 VRB] Recording {"DeviceRefId": 35673, "DeviceValue": 15, "DeviceString": "33", "TimeStamp": "2023-12-02T03:23:20.0000000+00:00", "$type": "RecordData"}
[19:22:05 VRB] Adding to database: {"DeviceRefId": 35673, "DeviceValue": 15, "DeviceString": "33", "TimeStamp": "2023-12-02T03:23:20.0000000+00:00", "$type": "RecordData"}
[19:22:05 VRB] Recording {"DeviceRefId": 35673, "DeviceValue": 16, "DeviceString": "33", "TimeStamp": "2023-12-02T03:23:25.0000000+00:00", "$type": "RecordData"}
[19:22:05 VRB] Adding to database: {"DeviceRefId": 35673, "DeviceValue": 16, "DeviceString": "33", "TimeStamp": "2023-12-02T03:23:25.0000000+00:00", "$type": "RecordData"}
[19:22:05 VRB] Recording {"DeviceRefId": 35673, "DeviceValue": 17, "DeviceString": "33", "TimeStamp": "2023-12-02T03:23:30.0000000+00:00", "$type": "RecordData"}
[19:22:05 VRB] Adding to database: {"DeviceRefId": 35673, "DeviceValue": 17, "DeviceString": "33", "TimeStamp": "2023-12-02T03:23:30.0000000+00:00", "$type": "RecordData"}
[19:22:05 VRB] Recording {"DeviceRefId": 35673, "DeviceValue": 18, "DeviceString": "33", "TimeStamp": "2023-12-02T03:23:35.0000000+00:00", "$type": "RecordData"}
[19:22:05 VRB] Adding to database: {"DeviceRefId": 35673, "DeviceValue": 18, "DeviceString": "33", "TimeStamp": "2023-12-02T03:23:35.0000000+00:00", "$type": "RecordData"}
[19:22:05 VRB] Recording {"DeviceRefId": 35673, "DeviceValue": 19, "DeviceString": "33", "TimeStamp": "2023-12-02T03:23:40.0000000+00:00", "$type": "RecordData"}
[19:22:05 VRB] Adding to database: {"DeviceRefId": 35673, "DeviceValue": 19, "DeviceString": "33", "TimeStamp": "2023-12-02T03:23:40.0000000+00:00", "$type": "RecordData"}
[19:22:05 VRB] Recording {"DeviceRefId": 35673, "DeviceValue": 20, "DeviceString": "33", "TimeStamp": "2023-12-02T03:23:45.0000000+00:00", "$type": "RecordData"}
[19:22:05 VRB] Adding to database: {"DeviceRefId": 35673, "DeviceValue": 20, "DeviceString": "33", "TimeStamp": "2023-12-02T03:23:45.0000000+00:00", "$type": "RecordData"}
[19:22:05 VRB] Recording {"DeviceRefId": 35673, "DeviceValue": 21, "DeviceString": "33", "TimeStamp": "2023-12-02T03:23:50.0000000+00:00", "$type": "RecordData"}
[19:22:05 VRB] Adding to database: {"DeviceRefId": 35673, "DeviceValue": 21, "DeviceString": "33", "TimeStamp": "2023-12-02T03:23:50.0000000+00:00", "$type": "RecordData"}
[19:22:05 VRB] Recording {"DeviceRefId": 35673, "DeviceValue": 22, "DeviceString": "33", "TimeStamp": "2023-12-02T03:23:55.0000000+00:00", "$type": "RecordData"}
[19:22:05 VRB] Adding to database: {"DeviceRefId": 35673, "DeviceValue": 22, "DeviceString": "33", "TimeStamp": "2023-12-02T03:23:55.0000000+00:00", "$type": "RecordData"}
[19:22:05 VRB] Recording {"DeviceRefId": 35673, "DeviceValue": 23, "DeviceString": "33", "TimeStamp": "2023-12-02T03:24:00.0000000+00:00", "$type": "RecordData"}
[19:22:05 VRB] Adding to database: {"DeviceRefId": 35673, "DeviceValue": 23, "DeviceString": "33", "TimeStamp": "2023-12-02T03:24:00.0000000+00:00", "$type": "RecordData"}
[19:22:05 VRB] Recording {"DeviceRefId": 35673, "DeviceValue": 24, "DeviceString": "33", "TimeStamp": "2023-12-02T03:24:05.0000000+00:00", "$type": "RecordData"}
[19:22:05 VRB] Adding to database: {"DeviceRefId": 35673, "DeviceValue": 24, "DeviceString": "33", "TimeStamp": "2023-12-02T03:24:05.0000000+00:00", "$type": "RecordData"}
[19:22:05 VRB] Recording {"DeviceRefId": 35673, "DeviceValue": 25, "DeviceString": "33", "TimeStamp": "2023-12-02T03:24:10.0000000+00:00", "$type": "RecordData"}
[19:22:05 VRB] Adding to database: {"DeviceRefId": 35673, "DeviceValue": 25, "DeviceString": "33", "TimeStamp": "2023-12-02T03:24:10.0000000+00:00", "$type": "RecordData"}
[19:22:05 VRB] Recording {"DeviceRefId": 35673, "DeviceValue": 26, "DeviceString": "33", "TimeStamp": "2023-12-02T03:24:15.0000000+00:00", "$type": "RecordData"}
[19:22:05 VRB] Adding to database: {"DeviceRefId": 35673, "DeviceValue": 26, "DeviceString": "33", "TimeStamp": "2023-12-02T03:24:15.0000000+00:00", "$type": "RecordData"}
[19:22:05 VRB] Recording {"DeviceRefId": 35673, "DeviceValue": 27, "DeviceString": "33", "TimeStamp": "2023-12-02T03:24:20.0000000+00:00", "$type": "RecordData"}
[19:22:05 VRB] Adding to database: {"DeviceRefId": 35673, "DeviceValue": 27, "DeviceString": "33", "TimeStamp": "2023-12-02T03:24:20.0000000+00:00", "$type": "RecordData"}
[19:22:05 VRB] Recording {"DeviceRefId": 35673, "DeviceValue": 28, "DeviceString": "33", "TimeStamp": "2023-12-02T03:24:25.0000000+00:00", "$type": "RecordData"}
[19:22:05 VRB] Adding to database: {"DeviceRefId": 35673, "DeviceValue": 28, "DeviceString": "33", "TimeStamp": "2023-12-02T03:24:25.0000000+00:00", "$type": "RecordData"}
[19:22:05 VRB] Recording {"DeviceRefId": 35673, "DeviceValue": 29, "DeviceString": "33", "TimeStamp": "2023-12-02T03:24:30.0000000+00:00", "$type": "RecordData"}
[19:22:05 VRB] Adding to database: {"DeviceRefId": 35673, "DeviceValue": 29, "DeviceString": "33", "TimeStamp": "2023-12-02T03:24:30.0000000+00:00", "$type": "RecordData"}
[19:22:05 VRB] Recording {"DeviceRefId": 35673, "DeviceValue": 30, "DeviceString": "33", "TimeStamp": "2023-12-02T03:24:35.0000000+00:00", "$type": "RecordData"}
[19:22:05 VRB] Adding to database: {"DeviceRefId": 35673, "DeviceValue": 30, "DeviceString": "33", "TimeStamp": "2023-12-02T03:24:35.0000000+00:00", "$type": "RecordData"}
[19:22:05 VRB] Recording {"DeviceRefId": 35673, "DeviceValue": 31, "DeviceString": "33", "TimeStamp": "2023-12-02T03:24:40.0000000+00:00", "$type": "RecordData"}
[19:22:05 VRB] Adding to database: {"DeviceRefId": 35673, "DeviceValue": 31, "DeviceString": "33", "TimeStamp": "2023-12-02T03:24:40.0000000+00:00", "$type": "RecordData"}
[19:22:05 VRB] Recording {"DeviceRefId": 35673, "DeviceValue": 32, "DeviceString": "33", "TimeStamp": "2023-12-02T03:24:45.0000000+00:00", "$type": "RecordData"}
[19:22:05 VRB] Adding to database: {"DeviceRefId": 35673, "DeviceValue": 32, "DeviceString": "33", "TimeStamp": "2023-12-02T03:24:45.0000000+00:00", "$type": "RecordData"}
[19:22:05 VRB] Recording {"DeviceRefId": 35673, "DeviceValue": 33, "DeviceString": "33", "TimeStamp": "2023-12-02T03:24:50.0000000+00:00", "$type": "RecordData"}
[19:22:05 VRB] Adding to database: {"DeviceRefId": 35673, "DeviceValue": 33, "DeviceString": "33", "TimeStamp": "2023-12-02T03:24:50.0000000+00:00", "$type": "RecordData"}
[19:22:05 VRB] Recording {"DeviceRefId": 35673, "DeviceValue": 34, "DeviceString": "33", "TimeStamp": "2023-12-02T03:24:55.0000000+00:00", "$type": "RecordData"}
[19:22:05 VRB] Adding to database: {"DeviceRefId": 35673, "DeviceValue": 34, "DeviceString": "33", "TimeStamp": "2023-12-02T03:24:55.0000000+00:00", "$type": "RecordData"}
[19:22:05 VRB] Recording {"DeviceRefId": 35673, "DeviceValue": 35, "DeviceString": "33", "TimeStamp": "2023-12-02T03:25:00.0000000+00:00", "$type": "RecordData"}
[19:22:05 VRB] Adding to database: {"DeviceRefId": 35673, "DeviceValue": 35, "DeviceString": "33", "TimeStamp": "2023-12-02T03:25:00.0000000+00:00", "$type": "RecordData"}
[19:22:05 VRB] Recording {"DeviceRefId": 35673, "DeviceValue": 36, "DeviceString": "33", "TimeStamp": "2023-12-02T03:25:05.0000000+00:00", "$type": "RecordData"}
[19:22:05 VRB] Adding to database: {"DeviceRefId": 35673, "DeviceValue": 36, "DeviceString": "33", "TimeStamp": "2023-12-02T03:25:05.0000000+00:00", "$type": "RecordData"}
[19:22:05 VRB] Recording {"DeviceRefId": 35673, "DeviceValue": 37, "DeviceString": "33", "TimeStamp": "2023-12-02T03:25:10.0000000+00:00", "$type": "RecordData"}
[19:22:05 VRB] Adding to database: {"DeviceRefId": 35673, "DeviceValue": 37, "DeviceString": "33", "TimeStamp": "2023-12-02T03:25:10.0000000+00:00", "$type": "RecordData"}
[19:22:05 VRB] Recording {"DeviceRefId": 35673, "DeviceValue": 38, "DeviceString": "33", "TimeStamp": "2023-12-02T03:25:15.0000000+00:00", "$type": "RecordData"}
[19:22:05 VRB] Adding to database: {"DeviceRefId": 35673, "DeviceValue": 38, "DeviceString": "33", "TimeStamp": "2023-12-02T03:25:15.0000000+00:00", "$type": "RecordData"}
[19:22:05 VRB] Recording {"DeviceRefId": 35673, "DeviceValue": 39, "DeviceString": "33", "TimeStamp": "2023-12-02T03:25:20.0000000+00:00", "$type": "RecordData"}
[19:22:05 VRB] Adding to database: {"DeviceRefId": 35673, "DeviceValue": 39, "DeviceString": "33", "TimeStamp": "2023-12-02T03:25:20.0000000+00:00", "$type": "RecordData"}
[19:22:05 VRB] Recording {"DeviceRefId": 35673, "DeviceValue": 40, "DeviceString": "33", "TimeStamp": "2023-12-02T03:25:25.0000000+00:00", "$type": "RecordData"}
[19:22:05 VRB] Adding to database: {"DeviceRefId": 35673, "DeviceValue": 40, "DeviceString": "33", "TimeStamp": "2023-12-02T03:25:25.0000000+00:00", "$type": "RecordData"}
[19:22:05 VRB] Recording {"DeviceRefId": 35673, "DeviceValue": 41, "DeviceString": "33", "TimeStamp": "2023-12-02T03:25:30.0000000+00:00", "$type": "RecordData"}
[19:22:05 VRB] Adding to database: {"DeviceRefId": 35673, "DeviceValue": 41, "DeviceString": "33", "TimeStamp": "2023-12-02T03:25:30.0000000+00:00", "$type": "RecordData"}
[19:22:05 VRB] Recording {"DeviceRefId": 35673, "DeviceValue": 42, "DeviceString": "33", "TimeStamp": "2023-12-02T03:25:35.0000000+00:00", "$type": "RecordData"}
[19:22:05 VRB] Adding to database: {"DeviceRefId": 35673, "DeviceValue": 42, "DeviceString": "33", "TimeStamp": "2023-12-02T03:25:35.0000000+00:00", "$type": "RecordData"}
[19:22:05 VRB] Recording {"DeviceRefId": 35673, "DeviceValue": 43, "DeviceString": "33", "TimeStamp": "2023-12-02T03:25:40.0000000+00:00", "$type": "RecordData"}
[19:22:05 VRB] Adding to database: {"DeviceRefId": 35673, "DeviceValue": 43, "DeviceString": "33", "TimeStamp": "2023-12-02T03:25:40.0000000+00:00", "$type": "RecordData"}
[19:22:05 VRB] Recording {"DeviceRefId": 35673, "DeviceValue": 44, "DeviceString": "33", "TimeStamp": "2023-12-02T03:25:45.0000000+00:00", "$type": "RecordData"}
[19:22:05 VRB] Adding to database: {"DeviceRefId": 35673, "DeviceValue": 44, "DeviceString": "33", "TimeStamp": "2023-12-02T03:25:45.0000000+00:00", "$type": "RecordData"}
[19:22:05 VRB] Recording {"DeviceRefId": 35673, "DeviceValue": 45, "DeviceString": "33", "TimeStamp": "2023-12-02T03:25:50.0000000+00:00", "$type": "RecordData"}
[19:22:05 VRB] Adding to database: {"DeviceRefId": 35673, "DeviceValue": 45, "DeviceString": "33", "TimeStamp": "2023-12-02T03:25:50.0000000+00:00", "$type": "RecordData"}
[19:22:05 VRB] Recording {"DeviceRefId": 35673, "DeviceValue": 46, "DeviceString": "33", "TimeStamp": "2023-12-02T03:25:55.0000000+00:00", "$type": "RecordData"}
[19:22:05 VRB] Adding to database: {"DeviceRefId": 35673, "DeviceValue": 46, "DeviceString": "33", "TimeStamp": "2023-12-02T03:25:55.0000000+00:00", "$type": "RecordData"}
[19:22:05 VRB] Recording {"DeviceRefId": 35673, "DeviceValue": 47, "DeviceString": "33", "TimeStamp": "2023-12-02T03:26:00.0000000+00:00", "$type": "RecordData"}
[19:22:05 VRB] Adding to database: {"DeviceRefId": 35673, "DeviceValue": 47, "DeviceString": "33", "TimeStamp": "2023-12-02T03:26:00.0000000+00:00", "$type": "RecordData"}
[19:22:05 VRB] Recording {"DeviceRefId": 35673, "DeviceValue": 48, "DeviceString": "33", "TimeStamp": "2023-12-02T03:26:05.0000000+00:00", "$type": "RecordData"}
[19:22:05 VRB] Adding to database: {"DeviceRefId": 35673, "DeviceValue": 48, "DeviceString": "33", "TimeStamp": "2023-12-02T03:26:05.0000000+00:00", "$type": "RecordData"}
[19:22:06 VRB] Recording {"DeviceRefId": 35673, "DeviceValue": 49, "DeviceString": "33", "TimeStamp": "2023-12-02T03:26:10.0000000+00:00", "$type": "RecordData"}
[19:22:06 VRB] Adding to database: {"DeviceRefId": 35673, "DeviceValue": 49, "DeviceString": "33", "TimeStamp": "2023-12-02T03:26:10.0000000+00:00", "$type": "RecordData"}
[19:22:06 VRB] Recording {"DeviceRefId": 35673, "DeviceValue": 50, "DeviceString": "33", "TimeStamp": "2023-12-02T03:26:15.0000000+00:00", "$type": "RecordData"}
[19:22:06 VRB] Adding to database: {"DeviceRefId": 35673, "DeviceValue": 50, "DeviceString": "33", "TimeStamp": "2023-12-02T03:26:15.0000000+00:00", "$type": "RecordData"}
[19:22:06 VRB] Recording {"DeviceRefId": 35673, "DeviceValue": 51, "DeviceString": "33", "TimeStamp": "2023-12-02T03:26:20.0000000+00:00", "$type": "RecordData"}
[19:22:06 VRB] Adding to database: {"DeviceRefId": 35673, "DeviceValue": 51, "DeviceString": "33", "TimeStamp": "2023-12-02T03:26:20.0000000+00:00", "$type": "RecordData"}
[19:22:06 VRB] Recording {"DeviceRefId": 35673, "DeviceValue": 52, "DeviceString": "33", "TimeStamp": "2023-12-02T03:26:25.0000000+00:00", "$type": "RecordData"}
[19:22:06 VRB] Adding to database: {"DeviceRefId": 35673, "DeviceValue": 52, "DeviceString": "33", "TimeStamp": "2023-12-02T03:26:25.0000000+00:00", "$type": "RecordData"}
[19:22:06 VRB] Recording {"DeviceRefId": 35673, "DeviceValue": 53, "DeviceString": "33", "TimeStamp": "2023-12-02T03:26:30.0000000+00:00", "$type": "RecordData"}
[19:22:06 VRB] Adding to database: {"DeviceRefId": 35673, "DeviceValue": 53, "DeviceString": "33", "TimeStamp": "2023-12-02T03:26:30.0000000+00:00", "$type": "RecordData"}
[19:22:06 VRB] Recording {"DeviceRefId": 35673, "DeviceValue": 54, "DeviceString": "33", "TimeStamp": "2023-12-02T03:26:35.0000000+00:00", "$type": "RecordData"}
[19:22:06 VRB] Adding to database: {"DeviceRefId": 35673, "DeviceValue": 54, "DeviceString": "33", "TimeStamp": "2023-12-02T03:26:35.0000000+00:00", "$type": "RecordData"}
[19:22:06 VRB] Recording {"DeviceRefId": 35673, "DeviceValue": 55, "DeviceString": "33", "TimeStamp": "2023-12-02T03:26:40.0000000+00:00", "$type": "RecordData"}
[19:22:06 VRB] Adding to database: {"DeviceRefId": 35673, "DeviceValue": 55, "DeviceString": "33", "TimeStamp": "2023-12-02T03:26:40.0000000+00:00", "$type": "RecordData"}
[19:22:06 VRB] Recording {"DeviceRefId": 35673, "DeviceValue": 56, "DeviceString": "33", "TimeStamp": "2023-12-02T03:26:45.0000000+00:00", "$type": "RecordData"}
[19:22:06 VRB] Adding to database: {"DeviceRefId": 35673, "DeviceValue": 56, "DeviceString": "33", "TimeStamp": "2023-12-02T03:26:45.0000000+00:00", "$type": "RecordData"}
[19:22:06 VRB] Recording {"DeviceRefId": 35673, "DeviceValue": 57, "DeviceString": "33", "TimeStamp": "2023-12-02T03:26:50.0000000+00:00", "$type": "RecordData"}
[19:22:06 VRB] Adding to database: {"DeviceRefId": 35673, "DeviceValue": 57, "DeviceString": "33", "TimeStamp": "2023-12-02T03:26:50.0000000+00:00", "$type": "RecordData"}
[19:22:06 VRB] Recording {"DeviceRefId": 35673, "DeviceValue": 58, "DeviceString": "33", "TimeStamp": "2023-12-02T03:26:55.0000000+00:00", "$type": "RecordData"}
[19:22:06 VRB] Adding to database: {"DeviceRefId": 35673, "DeviceValue": 58, "DeviceString": "33", "TimeStamp": "2023-12-02T03:26:55.0000000+00:00", "$type": "RecordData"}
[19:22:06 VRB] Recording {"DeviceRefId": 35673, "DeviceValue": 59, "DeviceString": "33", "TimeStamp": "2023-12-02T03:27:00.0000000+00:00", "$type": "RecordData"}
[19:22:06 VRB] Adding to database: {"DeviceRefId": 35673, "DeviceValue": 59, "DeviceString": "33", "TimeStamp": "2023-12-02T03:27:00.0000000+00:00", "$type": "RecordData"}
[19:22:06 VRB] Recording {"DeviceRefId": 35673, "DeviceValue": 60, "DeviceString": "33", "TimeStamp": "2023-12-02T03:27:05.0000000+00:00", "$type": "RecordData"}
[19:22:06 VRB] Adding to database: {"DeviceRefId": 35673, "DeviceValue": 60, "DeviceString": "33", "TimeStamp": "2023-12-02T03:27:05.0000000+00:00", "$type": "RecordData"}
[19:22:06 VRB] Recording {"DeviceRefId": 35673, "DeviceValue": 61, "DeviceString": "33", "TimeStamp": "2023-12-02T03:27:10.0000000+00:00", "$type": "RecordData"}
[19:22:06 VRB] Adding to database: {"DeviceRefId": 35673, "DeviceValue": 61, "DeviceString": "33", "TimeStamp": "2023-12-02T03:27:10.0000000+00:00", "$type": "RecordData"}
[19:22:06 VRB] Recording {"DeviceRefId": 35673, "DeviceValue": 62, "DeviceString": "33", "TimeStamp": "2023-12-02T03:27:15.0000000+00:00", "$type": "RecordData"}
[19:22:06 VRB] Adding to database: {"DeviceRefId": 35673, "DeviceValue": 62, "DeviceString": "33", "TimeStamp": "2023-12-02T03:27:15.0000000+00:00", "$type": "RecordData"}
[19:22:06 VRB] Recording {"DeviceRefId": 35673, "DeviceValue": 63, "DeviceString": "33", "TimeStamp": "2023-12-02T03:27:20.0000000+00:00", "$type": "RecordData"}
[19:22:06 VRB] Adding to database: {"DeviceRefId": 35673, "DeviceValue": 63, "DeviceString": "33", "TimeStamp": "2023-12-02T03:27:20.0000000+00:00", "$type": "RecordData"}
[19:22:06 VRB] Recording {"DeviceRefId": 35673, "DeviceValue": 64, "DeviceString": "33", "TimeStamp": "2023-12-02T03:27:25.0000000+00:00", "$type": "RecordData"}
[19:22:06 VRB] Adding to database: {"DeviceRefId": 35673, "DeviceValue": 64, "DeviceString": "33", "TimeStamp": "2023-12-02T03:27:25.0000000+00:00", "$type": "RecordData"}
[19:22:06 VRB] Recording {"DeviceRefId": 35673, "DeviceValue": 65, "DeviceString": "33", "TimeStamp": "2023-12-02T03:27:30.0000000+00:00", "$type": "RecordData"}
[19:22:06 VRB] Adding to database: {"DeviceRefId": 35673, "DeviceValue": 65, "DeviceString": "33", "TimeStamp": "2023-12-02T03:27:30.0000000+00:00", "$type": "RecordData"}
[19:22:06 VRB] Recording {"DeviceRefId": 35673, "DeviceValue": 66, "DeviceString": "33", "TimeStamp": "2023-12-02T03:27:35.0000000+00:00", "$type": "RecordData"}
[19:22:06 VRB] Adding to database: {"DeviceRefId": 35673, "DeviceValue": 66, "DeviceString": "33", "TimeStamp": "2023-12-02T03:27:35.0000000+00:00", "$type": "RecordData"}
[19:22:06 VRB] Recording {"DeviceRefId": 35673, "DeviceValue": 67, "DeviceString": "33", "TimeStamp": "2023-12-02T03:27:40.0000000+00:00", "$type": "RecordData"}
[19:22:06 VRB] Adding to database: {"DeviceRefId": 35673, "DeviceValue": 67, "DeviceString": "33", "TimeStamp": "2023-12-02T03:27:40.0000000+00:00", "$type": "RecordData"}
[19:22:06 VRB] Recording {"DeviceRefId": 35673, "DeviceValue": 68, "DeviceString": "33", "TimeStamp": "2023-12-02T03:27:45.0000000+00:00", "$type": "RecordData"}
[19:22:06 VRB] Adding to database: {"DeviceRefId": 35673, "DeviceValue": 68, "DeviceString": "33", "TimeStamp": "2023-12-02T03:27:45.0000000+00:00", "$type": "RecordData"}
[19:22:06 VRB] Recording {"DeviceRefId": 35673, "DeviceValue": 69, "DeviceString": "33", "TimeStamp": "2023-12-02T03:27:50.0000000+00:00", "$type": "RecordData"}
[19:22:06 VRB] Adding to database: {"DeviceRefId": 35673, "DeviceValue": 69, "DeviceString": "33", "TimeStamp": "2023-12-02T03:27:50.0000000+00:00", "$type": "RecordData"}
[19:22:06 VRB] Recording {"DeviceRefId": 35673, "DeviceValue": 70, "DeviceString": "33", "TimeStamp": "2023-12-02T03:27:55.0000000+00:00", "$type": "RecordData"}
[19:22:06 VRB] Adding to database: {"DeviceRefId": 35673, "DeviceValue": 70, "DeviceString": "33", "TimeStamp": "2023-12-02T03:27:55.0000000+00:00", "$type": "RecordData"}
[19:22:06 VRB] Recording {"DeviceRefId": 35673, "DeviceValue": 71, "DeviceString": "33", "TimeStamp": "2023-12-02T03:28:00.0000000+00:00", "$type": "RecordData"}
[19:22:06 VRB] Adding to database: {"DeviceRefId": 35673, "DeviceValue": 71, "DeviceString": "33", "TimeStamp": "2023-12-02T03:28:00.0000000+00:00", "$type": "RecordData"}
[19:22:06 VRB] Recording {"DeviceRefId": 35673, "DeviceValue": 72, "DeviceString": "33", "TimeStamp": "2023-12-02T03:28:05.0000000+00:00", "$type": "RecordData"}
[19:22:06 VRB] Adding to database: {"DeviceRefId": 35673, "DeviceValue": 72, "DeviceString": "33", "TimeStamp": "2023-12-02T03:28:05.0000000+00:00", "$type": "RecordData"}
[19:22:06 VRB] Recording {"DeviceRefId": 35673, "DeviceValue": 73, "DeviceString": "33", "TimeStamp": "2023-12-02T03:28:10.0000000+00:00", "$type": "RecordData"}
[19:22:06 VRB] Adding to database: {"DeviceRefId": 35673, "DeviceValue": 73, "DeviceString": "33", "TimeStamp": "2023-12-02T03:28:10.0000000+00:00", "$type": "RecordData"}
[19:22:06 VRB] Recording {"DeviceRefId": 35673, "DeviceValue": 74, "DeviceString": "33", "TimeStamp": "2023-12-02T03:28:15.0000000+00:00", "$type": "RecordData"}
[19:22:06 VRB] Adding to database: {"DeviceRefId": 35673, "DeviceValue": 74, "DeviceString": "33", "TimeStamp": "2023-12-02T03:28:15.0000000+00:00", "$type": "RecordData"}
[19:22:06 VRB] Recording {"DeviceRefId": 35673, "DeviceValue": 75, "DeviceString": "33", "TimeStamp": "2023-12-02T03:28:20.0000000+00:00", "$type": "RecordData"}
[19:22:06 VRB] Adding to database: {"DeviceRefId": 35673, "DeviceValue": 75, "DeviceString": "33", "TimeStamp": "2023-12-02T03:28:20.0000000+00:00", "$type": "RecordData"}
[19:22:06 VRB] Recording {"DeviceRefId": 35673, "DeviceValue": 76, "DeviceString": "33", "TimeStamp": "2023-12-02T03:28:25.0000000+00:00", "$type": "RecordData"}
[19:22:06 VRB] Adding to database: {"DeviceRefId": 35673, "DeviceValue": 76, "DeviceString": "33", "TimeStamp": "2023-12-02T03:28:25.0000000+00:00", "$type": "RecordData"}
[19:22:06 VRB] Recording {"DeviceRefId": 35673, "DeviceValue": 77, "DeviceString": "33", "TimeStamp": "2023-12-02T03:28:30.0000000+00:00", "$type": "RecordData"}
[19:22:06 VRB] Adding to database: {"DeviceRefId": 35673, "DeviceValue": 77, "DeviceString": "33", "TimeStamp": "2023-12-02T03:28:30.0000000+00:00", "$type": "RecordData"}
[19:22:06 VRB] Recording {"DeviceRefId": 35673, "DeviceValue": 78, "DeviceString": "33", "TimeStamp": "2023-12-02T03:28:35.0000000+00:00", "$type": "RecordData"}
[19:22:06 VRB] Adding to database: {"DeviceRefId": 35673, "DeviceValue": 78, "DeviceString": "33", "TimeStamp": "2023-12-02T03:28:35.0000000+00:00", "$type": "RecordData"}
[19:22:06 VRB] Recording {"DeviceRefId": 35673, "DeviceValue": 79, "DeviceString": "33", "TimeStamp": "2023-12-02T03:28:40.0000000+00:00", "$type": "RecordData"}
[19:22:06 VRB] Adding to database: {"DeviceRefId": 35673, "DeviceValue": 79, "DeviceString": "33", "TimeStamp": "2023-12-02T03:28:40.0000000+00:00", "$type": "RecordData"}
[19:22:06 VRB] Recording {"DeviceRefId": 35673, "DeviceValue": 80, "DeviceString": "33", "TimeStamp": "2023-12-02T03:28:45.0000000+00:00", "$type": "RecordData"}
[19:22:06 VRB] Adding to database: {"DeviceRefId": 35673, "DeviceValue": 80, "DeviceString": "33", "TimeStamp": "2023-12-02T03:28:45.0000000+00:00", "$type": "RecordData"}
[19:22:06 VRB] Recording {"DeviceRefId": 35673, "DeviceValue": 81, "DeviceString": "33", "TimeStamp": "2023-12-02T03:28:50.0000000+00:00", "$type": "RecordData"}
[19:22:06 VRB] Adding to database: {"DeviceRefId": 35673, "DeviceValue": 81, "DeviceString": "33", "TimeStamp": "2023-12-02T03:28:50.0000000+00:00", "$type": "RecordData"}
[19:22:06 VRB] Recording {"DeviceRefId": 35673, "DeviceValue": 82, "DeviceString": "33", "TimeStamp": "2023-12-02T03:28:55.0000000+00:00", "$type": "RecordData"}
[19:22:06 VRB] Adding to database: {"DeviceRefId": 35673, "DeviceValue": 82, "DeviceString": "33", "TimeStamp": "2023-12-02T03:28:55.0000000+00:00", "$type": "RecordData"}
[19:22:06 VRB] Recording {"DeviceRefId": 35673, "DeviceValue": 83, "DeviceString": "33", "TimeStamp": "2023-12-02T03:29:00.0000000+00:00", "$type": "RecordData"}
[19:22:06 VRB] Adding to database: {"DeviceRefId": 35673, "DeviceValue": 83, "DeviceString": "33", "TimeStamp": "2023-12-02T03:29:00.0000000+00:00", "$type": "RecordData"}
[19:22:06 VRB] Recording {"DeviceRefId": 35673, "DeviceValue": 84, "DeviceString": "33", "TimeStamp": "2023-12-02T03:29:05.0000000+00:00", "$type": "RecordData"}
[19:22:06 VRB] Adding to database: {"DeviceRefId": 35673, "DeviceValue": 84, "DeviceString": "33", "TimeStamp": "2023-12-02T03:29:05.0000000+00:00", "$type": "RecordData"}
[19:22:06 VRB] Recording {"DeviceRefId": 35673, "DeviceValue": 85, "DeviceString": "33", "TimeStamp": "2023-12-02T03:29:10.0000000+00:00", "$type": "RecordData"}
[19:22:06 VRB] Adding to database: {"DeviceRefId": 35673, "DeviceValue": 85, "DeviceString": "33", "TimeStamp": "2023-12-02T03:29:10.0000000+00:00", "$type": "RecordData"}
[19:22:06 VRB] Recording {"DeviceRefId": 35673, "DeviceValue": 86, "DeviceString": "33", "TimeStamp": "2023-12-02T03:29:15.0000000+00:00", "$type": "RecordData"}
[19:22:06 VRB] Adding to database: {"DeviceRefId": 35673, "DeviceValue": 86, "DeviceString": "33", "TimeStamp": "2023-12-02T03:29:15.0000000+00:00", "$type": "RecordData"}
[19:22:06 VRB] Recording {"DeviceRefId": 35673, "DeviceValue": 87, "DeviceString": "33", "TimeStamp": "2023-12-02T03:29:20.0000000+00:00", "$type": "RecordData"}
[19:22:06 VRB] Adding to database: {"DeviceRefId": 35673, "DeviceValue": 87, "DeviceString": "33", "TimeStamp": "2023-12-02T03:29:20.0000000+00:00", "$type": "RecordData"}
[19:22:06 VRB] Recording {"DeviceRefId": 35673, "DeviceValue": 88, "DeviceString": "33", "TimeStamp": "2023-12-02T03:29:25.0000000+00:00", "$type": "RecordData"}
[19:22:06 VRB] Adding to database: {"DeviceRefId": 35673, "DeviceValue": 88, "DeviceString": "33", "TimeStamp": "2023-12-02T03:29:25.0000000+00:00", "$type": "RecordData"}
[19:22:06 VRB] Recording {"DeviceRefId": 35673, "DeviceValue": 89, "DeviceString": "33", "TimeStamp": "2023-12-02T03:29:30.0000000+00:00", "$type": "RecordData"}
[19:22:06 VRB] Adding to database: {"DeviceRefId": 35673, "DeviceValue": 89, "DeviceString": "33", "TimeStamp": "2023-12-02T03:29:30.0000000+00:00", "$type": "RecordData"}
[19:22:06 VRB] Recording {"DeviceRefId": 35673, "DeviceValue": 90, "DeviceString": "33", "TimeStamp": "2023-12-02T03:29:35.0000000+00:00", "$type": "RecordData"}
[19:22:06 VRB] Adding to database: {"DeviceRefId": 35673, "DeviceValue": 90, "DeviceString": "33", "TimeStamp": "2023-12-02T03:29:35.0000000+00:00", "$type": "RecordData"}
[19:22:06 VRB] Recording {"DeviceRefId": 35673, "DeviceValue": 91, "DeviceString": "33", "TimeStamp": "2023-12-02T03:29:40.0000000+00:00", "$type": "RecordData"}
[19:22:06 VRB] Adding to database: {"DeviceRefId": 35673, "DeviceValue": 91, "DeviceString": "33", "TimeStamp": "2023-12-02T03:29:40.0000000+00:00", "$type": "RecordData"}
[19:22:06 VRB] Recording {"DeviceRefId": 35673, "DeviceValue": 92, "DeviceString": "33", "TimeStamp": "2023-12-02T03:29:45.0000000+00:00", "$type": "RecordData"}
[19:22:06 VRB] Adding to database: {"DeviceRefId": 35673, "DeviceValue": 92, "DeviceString": "33", "TimeStamp": "2023-12-02T03:29:45.0000000+00:00", "$type": "RecordData"}
[19:22:06 VRB] Recording {"DeviceRefId": 35673, "DeviceValue": 93, "DeviceString": "33", "TimeStamp": "2023-12-02T03:29:50.0000000+00:00", "$type": "RecordData"}
[19:22:06 VRB] Adding to database: {"DeviceRefId": 35673, "DeviceValue": 93, "DeviceString": "33", "TimeStamp": "2023-12-02T03:29:50.0000000+00:00", "$type": "RecordData"}
[19:22:06 VRB] Recording {"DeviceRefId": 35673, "DeviceValue": 94, "DeviceString": "33", "TimeStamp": "2023-12-02T03:29:55.0000000+00:00", "$type": "RecordData"}
[19:22:06 VRB] Adding to database: {"DeviceRefId": 35673, "DeviceValue": 94, "DeviceString": "33", "TimeStamp": "2023-12-02T03:29:55.0000000+00:00", "$type": "RecordData"}
[19:22:06 VRB] Recording {"DeviceRefId": 35673, "DeviceValue": 95, "DeviceString": "33", "TimeStamp": "2023-12-02T03:30:00.0000000+00:00", "$type": "RecordData"}
[19:22:06 VRB] Adding to database: {"DeviceRefId": 35673, "DeviceValue": 95, "DeviceString": "33", "TimeStamp": "2023-12-02T03:30:00.0000000+00:00", "$type": "RecordData"}
[19:22:06 VRB] Recording {"DeviceRefId": 35673, "DeviceValue": 96, "DeviceString": "33", "TimeStamp": "2023-12-02T03:30:05.0000000+00:00", "$type": "RecordData"}
[19:22:06 VRB] Adding to database: {"DeviceRefId": 35673, "DeviceValue": 96, "DeviceString": "33", "TimeStamp": "2023-12-02T03:30:05.0000000+00:00", "$type": "RecordData"}
[19:22:06 VRB] Recording {"DeviceRefId": 35673, "DeviceValue": 97, "DeviceString": "33", "TimeStamp": "2023-12-02T03:30:10.0000000+00:00", "$type": "RecordData"}
[19:22:06 VRB] Adding to database: {"DeviceRefId": 35673, "DeviceValue": 97, "DeviceString": "33", "TimeStamp": "2023-12-02T03:30:10.0000000+00:00", "$type": "RecordData"}
[19:22:06 VRB] Recording {"DeviceRefId": 35673, "DeviceValue": 98, "DeviceString": "33", "TimeStamp": "2023-12-02T03:30:15.0000000+00:00", "$type": "RecordData"}
[19:22:06 VRB] Adding to database: {"DeviceRefId": 35673, "DeviceValue": 98, "DeviceString": "33", "TimeStamp": "2023-12-02T03:30:15.0000000+00:00", "$type": "RecordData"}
[19:22:06 VRB] Recording {"DeviceRefId": 35673, "DeviceValue": 99, "DeviceString": "33", "TimeStamp": "2023-12-02T03:30:20.0000000+00:00", "$type": "RecordData"}
[19:22:06 VRB] Adding to database: {"DeviceRefId": 35673, "DeviceValue": 99, "DeviceString": "33", "TimeStamp": "2023-12-02T03:30:20.0000000+00:00", "$type": "RecordData"}
[19:22:06 VRB] Recording {"DeviceRefId": 35673, "DeviceValue": 100, "DeviceString": "33", "TimeStamp": "2023-12-02T03:30:25.0000000+00:00", "$type": "RecordData"}
[19:22:06 VRB] Adding to database: {"DeviceRefId": 35673, "DeviceValue": 100, "DeviceString": "33", "TimeStamp": "2023-12-02T03:30:25.0000000+00:00", "$type": "RecordData"}
[19:22:06 VRB] Recording {"DeviceRefId": 35673, "DeviceValue": 101, "DeviceString": "33", "TimeStamp": "2023-12-02T03:30:30.0000000+00:00", "$type": "RecordData"}
[19:22:06 VRB] Adding to database: {"DeviceRefId": 35673, "DeviceValue": 101, "DeviceString": "33", "TimeStamp": "2023-12-02T03:30:30.0000000+00:00", "$type": "RecordData"}
[19:22:06 VRB] Recording {"DeviceRefId": 35673, "DeviceValue": 102, "DeviceString": "33", "TimeStamp": "2023-12-02T03:30:35.0000000+00:00", "$type": "RecordData"}
[19:22:06 VRB] Adding to database: {"DeviceRefId": 35673, "DeviceValue": 102, "DeviceString": "33", "TimeStamp": "2023-12-02T03:30:35.0000000+00:00", "$type": "RecordData"}
[19:22:06 VRB] Recording {"DeviceRefId": 35673, "DeviceValue": 103, "DeviceString": "33", "TimeStamp": "2023-12-02T03:30:40.0000000+00:00", "$type": "RecordData"}
[19:22:06 VRB] Adding to database: {"DeviceRefId": 35673, "DeviceValue": 103, "DeviceString": "33", "TimeStamp": "2023-12-02T03:30:40.0000000+00:00", "$type": "RecordData"}
[19:22:06 VRB] Recording {"DeviceRefId": 35673, "DeviceValue": 104, "DeviceString": "33", "TimeStamp": "2023-12-02T03:30:45.0000000+00:00", "$type": "RecordData"}
[19:22:06 VRB] Adding to database: {"DeviceRefId": 35673, "DeviceValue": 104, "DeviceString": "33", "TimeStamp": "2023-12-02T03:30:45.0000000+00:00", "$type": "RecordData"}
[19:22:06 VRB] Recording {"DeviceRefId": 35673, "DeviceValue": 105, "DeviceString": "33", "TimeStamp": "2023-12-02T03:30:50.0000000+00:00", "$type": "RecordData"}
[19:22:06 VRB] Adding to database: {"DeviceRefId": 35673, "DeviceValue": 105, "DeviceString": "33", "TimeStamp": "2023-12-02T03:30:50.0000000+00:00", "$type": "RecordData"}
[19:22:06 VRB] Recording {"DeviceRefId": 35673, "DeviceValue": 106, "DeviceString": "33", "TimeStamp": "2023-12-02T03:30:55.0000000+00:00", "$type": "RecordData"}
[19:22:06 VRB] Adding to database: {"DeviceRefId": 35673, "DeviceValue": 106, "DeviceString": "33", "TimeStamp": "2023-12-02T03:30:55.0000000+00:00", "$type": "RecordData"}
[19:22:06 VRB] Recording {"DeviceRefId": 35673, "DeviceValue": 107, "DeviceString": "33", "TimeStamp": "2023-12-02T03:31:00.0000000+00:00", "$type": "RecordData"}
[19:22:06 VRB] Adding to database: {"DeviceRefId": 35673, "DeviceValue": 107, "DeviceString": "33", "TimeStamp": "2023-12-02T03:31:00.0000000+00:00", "$type": "RecordData"}
[19:22:06 VRB] Recording {"DeviceRefId": 35673, "DeviceValue": 108, "DeviceString": "33", "TimeStamp": "2023-12-02T03:31:05.0000000+00:00", "$type": "RecordData"}
[19:22:06 VRB] Adding to database: {"DeviceRefId": 35673, "DeviceValue": 108, "DeviceString": "33", "TimeStamp": "2023-12-02T03:31:05.0000000+00:00", "$type": "RecordData"}
[19:22:06 VRB] Recording {"DeviceRefId": 35673, "DeviceValue": 109, "DeviceString": "33", "TimeStamp": "2023-12-02T03:31:10.0000000+00:00", "$type": "RecordData"}
[19:22:06 VRB] Adding to database: {"DeviceRefId": 35673, "DeviceValue": 109, "DeviceString": "33", "TimeStamp": "2023-12-02T03:31:10.0000000+00:00", "$type": "RecordData"}
[19:22:06 VRB] Recording {"DeviceRefId": 35673, "DeviceValue": 110, "DeviceString": "33", "TimeStamp": "2023-12-02T03:31:15.0000000+00:00", "$type": "RecordData"}
[19:22:06 VRB] Adding to database: {"DeviceRefId": 35673, "DeviceValue": 110, "DeviceString": "33", "TimeStamp": "2023-12-02T03:31:15.0000000+00:00", "$type": "RecordData"}
[19:22:06 VRB] Recording {"DeviceRefId": 35673, "DeviceValue": 111, "DeviceString": "33", "TimeStamp": "2023-12-02T03:31:20.0000000+00:00", "$type": "RecordData"}
[19:22:06 VRB] Adding to database: {"DeviceRefId": 35673, "DeviceValue": 111, "DeviceString": "33", "TimeStamp": "2023-12-02T03:31:20.0000000+00:00", "$type": "RecordData"}
[19:22:06 VRB] Recording {"DeviceRefId": 35673, "DeviceValue": 112, "DeviceString": "33", "TimeStamp": "2023-12-02T03:31:25.0000000+00:00", "$type": "RecordData"}
[19:22:06 VRB] Adding to database: {"DeviceRefId": 35673, "DeviceValue": 112, "DeviceString": "33", "TimeStamp": "2023-12-02T03:31:25.0000000+00:00", "$type": "RecordData"}
[19:22:06 VRB] Recording {"DeviceRefId": 35673, "DeviceValue": 113, "DeviceString": "33", "TimeStamp": "2023-12-02T03:31:30.0000000+00:00", "$type": "RecordData"}
[19:22:06 VRB] Adding to database: {"DeviceRefId": 35673, "DeviceValue": 113, "DeviceString": "33", "TimeStamp": "2023-12-02T03:31:30.0000000+00:00", "$type": "RecordData"}
[19:22:06 VRB] Recording {"DeviceRefId": 35673, "DeviceValue": 114, "DeviceString": "33", "TimeStamp": "2023-12-02T03:31:35.0000000+00:00", "$type": "RecordData"}
[19:22:06 VRB] Adding to database: {"DeviceRefId": 35673, "DeviceValue": 114, "DeviceString": "33", "TimeStamp": "2023-12-02T03:31:35.0000000+00:00", "$type": "RecordData"}
[19:22:06 VRB] Recording {"DeviceRefId": 35673, "DeviceValue": 115, "DeviceString": "33", "TimeStamp": "2023-12-02T03:31:40.0000000+00:00", "$type": "RecordData"}
[19:22:06 VRB] Adding to database: {"DeviceRefId": 35673, "DeviceValue": 115, "DeviceString": "33", "TimeStamp": "2023-12-02T03:31:40.0000000+00:00", "$type": "RecordData"}
[19:22:06 VRB] Recording {"DeviceRefId": 35673, "DeviceValue": 116, "DeviceString": "33", "TimeStamp": "2023-12-02T03:31:45.0000000+00:00", "$type": "RecordData"}
[19:22:06 VRB] Adding to database: {"DeviceRefId": 35673, "DeviceValue": 116, "DeviceString": "33", "TimeStamp": "2023-12-02T03:31:45.0000000+00:00", "$type": "RecordData"}
[19:22:06 VRB] Recording {"DeviceRefId": 35673, "DeviceValue": 117, "DeviceString": "33", "TimeStamp": "2023-12-02T03:31:50.0000000+00:00", "$type": "RecordData"}
[19:22:06 VRB] Adding to database: {"DeviceRefId": 35673, "DeviceValue": 117, "DeviceString": "33", "TimeStamp": "2023-12-02T03:31:50.0000000+00:00", "$type": "RecordData"}
[19:22:06 VRB] Recording {"DeviceRefId": 35673, "DeviceValue": 118, "DeviceString": "33", "TimeStamp": "2023-12-02T03:31:55.0000000+00:00", "$type": "RecordData"}
[19:22:06 VRB] Adding to database: {"DeviceRefId": 35673, "DeviceValue": 118, "DeviceString": "33", "TimeStamp": "2023-12-02T03:31:55.0000000+00:00", "$type": "RecordData"}
[19:22:06 VRB] Recording {"DeviceRefId": 35673, "DeviceValue": 119, "DeviceString": "33", "TimeStamp": "2023-12-02T03:32:00.0000000+00:00", "$type": "RecordData"}
[19:22:06 VRB] Adding to database: {"DeviceRefId": 35673, "DeviceValue": 119, "DeviceString": "33", "TimeStamp": "2023-12-02T03:32:00.0000000+00:00", "$type": "RecordData"}
[19:22:06 VRB] Recording {"DeviceRefId": 35673, "DeviceValue": 120, "DeviceString": "33", "TimeStamp": "2023-12-02T03:32:05.0000000+00:00", "$type": "RecordData"}
[19:22:06 VRB] Adding to database: {"DeviceRefId": 35673, "DeviceValue": 120, "DeviceString": "33", "TimeStamp": "2023-12-02T03:32:05.0000000+00:00", "$type": "RecordData"}
[19:22:06 VRB] Recording {"DeviceRefId": 35673, "DeviceValue": 121, "DeviceString": "33", "TimeStamp": "2023-12-02T03:32:10.0000000+00:00", "$type": "RecordData"}
[19:22:06 VRB] Adding to database: {"DeviceRefId": 35673, "DeviceValue": 121, "DeviceString": "33", "TimeStamp": "2023-12-02T03:32:10.0000000+00:00", "$type": "RecordData"}
[19:22:06 VRB] Recording {"DeviceRefId": 35673, "DeviceValue": 122, "DeviceString": "33", "TimeStamp": "2023-12-02T03:32:15.0000000+00:00", "$type": "RecordData"}
[19:22:06 VRB] Adding to database: {"DeviceRefId": 35673, "DeviceValue": 122, "DeviceString": "33", "TimeStamp": "2023-12-02T03:32:15.0000000+00:00", "$type": "RecordData"}
[19:22:06 VRB] Recording {"DeviceRefId": 35673, "DeviceValue": 123, "DeviceString": "33", "TimeStamp": "2023-12-02T03:32:20.0000000+00:00", "$type": "RecordData"}
[19:22:07 VRB] Adding to database: {"DeviceRefId": 35673, "DeviceValue": 123, "DeviceString": "33", "TimeStamp": "2023-12-02T03:32:20.0000000+00:00", "$type": "RecordData"}
[19:22:07 VRB] Recording {"DeviceRefId": 35673, "DeviceValue": 124, "DeviceString": "33", "TimeStamp": "2023-12-02T03:32:25.0000000+00:00", "$type": "RecordData"}
[19:22:07 VRB] Adding to database: {"DeviceRefId": 35673, "DeviceValue": 124, "DeviceString": "33", "TimeStamp": "2023-12-02T03:32:25.0000000+00:00", "$type": "RecordData"}
[19:22:07 VRB] Recording {"DeviceRefId": 35673, "DeviceValue": 125, "DeviceString": "33", "TimeStamp": "2023-12-02T03:32:30.0000000+00:00", "$type": "RecordData"}
[19:22:07 VRB] Adding to database: {"DeviceRefId": 35673, "DeviceValue": 125, "DeviceString": "33", "TimeStamp": "2023-12-02T03:32:30.0000000+00:00", "$type": "RecordData"}
[19:22:07 VRB] Recording {"DeviceRefId": 35673, "DeviceValue": 126, "DeviceString": "33", "TimeStamp": "2023-12-02T03:32:35.0000000+00:00", "$type": "RecordData"}
[19:22:07 VRB] Adding to database: {"DeviceRefId": 35673, "DeviceValue": 126, "DeviceString": "33", "TimeStamp": "2023-12-02T03:32:35.0000000+00:00", "$type": "RecordData"}
[19:22:07 VRB] Recording {"DeviceRefId": 35673, "DeviceValue": 127, "DeviceString": "33", "TimeStamp": "2023-12-02T03:32:40.0000000+00:00", "$type": "RecordData"}
[19:22:07 VRB] Adding to database: {"DeviceRefId": 35673, "DeviceValue": 127, "DeviceString": "33", "TimeStamp": "2023-12-02T03:32:40.0000000+00:00", "$type": "RecordData"}
[19:22:07 VRB] Recording {"DeviceRefId": 35673, "DeviceValue": 128, "DeviceString": "33", "TimeStamp": "2023-12-02T03:32:45.0000000+00:00", "$type": "RecordData"}
[19:22:07 VRB] Adding to database: {"DeviceRefId": 35673, "DeviceValue": 128, "DeviceString": "33", "TimeStamp": "2023-12-02T03:32:45.0000000+00:00", "$type": "RecordData"}
[19:22:07 VRB] Recording {"DeviceRefId": 35673, "DeviceValue": 129, "DeviceString": "33", "TimeStamp": "2023-12-02T03:32:50.0000000+00:00", "$type": "RecordData"}
[19:22:07 VRB] Adding to database: {"DeviceRefId": 35673, "DeviceValue": 129, "DeviceString": "33", "TimeStamp": "2023-12-02T03:32:50.0000000+00:00", "$type": "RecordData"}
[19:22:07 VRB] Recording {"DeviceRefId": 35673, "DeviceValue": 130, "DeviceString": "33", "TimeStamp": "2023-12-02T03:32:55.0000000+00:00", "$type": "RecordData"}
[19:22:07 VRB] Adding to database: {"DeviceRefId": 35673, "DeviceValue": 130, "DeviceString": "33", "TimeStamp": "2023-12-02T03:32:55.0000000+00:00", "$type": "RecordData"}
[19:22:07 VRB] Recording {"DeviceRefId": 35673, "DeviceValue": 131, "DeviceString": "33", "TimeStamp": "2023-12-02T03:33:00.0000000+00:00", "$type": "RecordData"}
[19:22:07 VRB] Adding to database: {"DeviceRefId": 35673, "DeviceValue": 131, "DeviceString": "33", "TimeStamp": "2023-12-02T03:33:00.0000000+00:00", "$type": "RecordData"}
[19:22:07 VRB] Recording {"DeviceRefId": 35673, "DeviceValue": 132, "DeviceString": "33", "TimeStamp": "2023-12-02T03:33:05.0000000+00:00", "$type": "RecordData"}
[19:22:07 VRB] Adding to database: {"DeviceRefId": 35673, "DeviceValue": 132, "DeviceString": "33", "TimeStamp": "2023-12-02T03:33:05.0000000+00:00", "$type": "RecordData"}
[19:22:07 VRB] Recording {"DeviceRefId": 35673, "DeviceValue": 133, "DeviceString": "33", "TimeStamp": "2023-12-02T03:33:10.0000000+00:00", "$type": "RecordData"}
[19:22:07 VRB] Adding to database: {"DeviceRefId": 35673, "DeviceValue": 133, "DeviceString": "33", "TimeStamp": "2023-12-02T03:33:10.0000000+00:00", "$type": "RecordData"}
[19:22:07 VRB] Recording {"DeviceRefId": 35673, "DeviceValue": 134, "DeviceString": "33", "TimeStamp": "2023-12-02T03:33:15.0000000+00:00", "$type": "RecordData"}
[19:22:07 VRB] Adding to database: {"DeviceRefId": 35673, "DeviceValue": 134, "DeviceString": "33", "TimeStamp": "2023-12-02T03:33:15.0000000+00:00", "$type": "RecordData"}
[19:22:07 VRB] Recording {"DeviceRefId": 35673, "DeviceValue": 135, "DeviceString": "33", "TimeStamp": "2023-12-02T03:33:20.0000000+00:00", "$type": "RecordData"}
[19:22:07 VRB] Adding to database: {"DeviceRefId": 35673, "DeviceValue": 135, "DeviceString": "33", "TimeStamp": "2023-12-02T03:33:20.0000000+00:00", "$type": "RecordData"}
[19:22:07 VRB] Recording {"DeviceRefId": 35673, "DeviceValue": 136, "DeviceString": "33", "TimeStamp": "2023-12-02T03:33:25.0000000+00:00", "$type": "RecordData"}
[19:22:07 VRB] Adding to database: {"DeviceRefId": 35673, "DeviceValue": 136, "DeviceString": "33", "TimeStamp": "2023-12-02T03:33:25.0000000+00:00", "$type": "RecordData"}
[19:22:07 VRB] Recording {"DeviceRefId": 35673, "DeviceValue": 137, "DeviceString": "33", "TimeStamp": "2023-12-02T03:33:30.0000000+00:00", "$type": "RecordData"}
[19:22:07 VRB] Adding to database: {"DeviceRefId": 35673, "DeviceValue": 137, "DeviceString": "33", "TimeStamp": "2023-12-02T03:33:30.0000000+00:00", "$type": "RecordData"}
[19:22:07 VRB] Recording {"DeviceRefId": 35673, "DeviceValue": 138, "DeviceString": "33", "TimeStamp": "2023-12-02T03:33:35.0000000+00:00", "$type": "RecordData"}
[19:22:07 VRB] Adding to database: {"DeviceRefId": 35673, "DeviceValue": 138, "DeviceString": "33", "TimeStamp": "2023-12-02T03:33:35.0000000+00:00", "$type": "RecordData"}
[19:22:07 VRB] Recording {"DeviceRefId": 35673, "DeviceValue": 139, "DeviceString": "33", "TimeStamp": "2023-12-02T03:33:40.0000000+00:00", "$type": "RecordData"}
[19:22:07 VRB] Adding to database: {"DeviceRefId": 35673, "DeviceValue": 139, "DeviceString": "33", "TimeStamp": "2023-12-02T03:33:40.0000000+00:00", "$type": "RecordData"}
[19:22:07 VRB] Recording {"DeviceRefId": 35673, "DeviceValue": 140, "DeviceString": "33", "TimeStamp": "2023-12-02T03:33:45.0000000+00:00", "$type": "RecordData"}
[19:22:07 VRB] Adding to database: {"DeviceRefId": 35673, "DeviceValue": 140, "DeviceString": "33", "TimeStamp": "2023-12-02T03:33:45.0000000+00:00", "$type": "RecordData"}
[19:22:07 VRB] Recording {"DeviceRefId": 35673, "DeviceValue": 141, "DeviceString": "33", "TimeStamp": "2023-12-02T03:33:50.0000000+00:00", "$type": "RecordData"}
[19:22:07 VRB] Adding to database: {"DeviceRefId": 35673, "DeviceValue": 141, "DeviceString": "33", "TimeStamp": "2023-12-02T03:33:50.0000000+00:00", "$type": "RecordData"}
[19:22:07 VRB] Recording {"DeviceRefId": 35673, "DeviceValue": 142, "DeviceString": "33", "TimeStamp": "2023-12-02T03:33:55.0000000+00:00", "$type": "RecordData"}
[19:22:07 VRB] Adding to database: {"DeviceRefId": 35673, "DeviceValue": 142, "DeviceString": "33", "TimeStamp": "2023-12-02T03:33:55.0000000+00:00", "$type": "RecordData"}
[19:22:07 VRB] Recording {"DeviceRefId": 35673, "DeviceValue": 143, "DeviceString": "33", "TimeStamp": "2023-12-02T03:34:00.0000000+00:00", "$type": "RecordData"}
[19:22:07 VRB] Adding to database: {"DeviceRefId": 35673, "DeviceValue": 143, "DeviceString": "33", "TimeStamp": "2023-12-02T03:34:00.0000000+00:00", "$type": "RecordData"}
[19:22:07 VRB] Recording {"DeviceRefId": 35673, "DeviceValue": 144, "DeviceString": "33", "TimeStamp": "2023-12-02T03:34:05.0000000+00:00", "$type": "RecordData"}
[19:22:07 VRB] Adding to database: {"DeviceRefId": 35673, "DeviceValue": 144, "DeviceString": "33", "TimeStamp": "2023-12-02T03:34:05.0000000+00:00", "$type": "RecordData"}
[19:22:07 VRB] Recording {"DeviceRefId": 35673, "DeviceValue": 145, "DeviceString": "33", "TimeStamp": "2023-12-02T03:34:10.0000000+00:00", "$type": "RecordData"}
[19:22:07 VRB] Adding to database: {"DeviceRefId": 35673, "DeviceValue": 145, "DeviceString": "33", "TimeStamp": "2023-12-02T03:34:10.0000000+00:00", "$type": "RecordData"}
[19:22:07 VRB] Recording {"DeviceRefId": 35673, "DeviceValue": 146, "DeviceString": "33", "TimeStamp": "2023-12-02T03:34:15.0000000+00:00", "$type": "RecordData"}
[19:22:07 VRB] Adding to database: {"DeviceRefId": 35673, "DeviceValue": 146, "DeviceString": "33", "TimeStamp": "2023-12-02T03:34:15.0000000+00:00", "$type": "RecordData"}
[19:22:07 VRB] Recording {"DeviceRefId": 35673, "DeviceValue": 147, "DeviceString": "33", "TimeStamp": "2023-12-02T03:34:20.0000000+00:00", "$type": "RecordData"}
[19:22:07 VRB] Adding to database: {"DeviceRefId": 35673, "DeviceValue": 147, "DeviceString": "33", "TimeStamp": "2023-12-02T03:34:20.0000000+00:00", "$type": "RecordData"}
[19:22:07 VRB] Recording {"DeviceRefId": 35673, "DeviceValue": 148, "DeviceString": "33", "TimeStamp": "2023-12-02T03:34:25.0000000+00:00", "$type": "RecordData"}
[19:22:07 VRB] Adding to database: {"DeviceRefId": 35673, "DeviceValue": 148, "DeviceString": "33", "TimeStamp": "2023-12-02T03:34:25.0000000+00:00", "$type": "RecordData"}
[19:22:07 VRB] Recording {"DeviceRefId": 35673, "DeviceValue": 149, "DeviceString": "33", "TimeStamp": "2023-12-02T03:34:30.0000000+00:00", "$type": "RecordData"}
[19:22:07 VRB] Adding to database: {"DeviceRefId": 35673, "DeviceValue": 149, "DeviceString": "33", "TimeStamp": "2023-12-02T03:34:30.0000000+00:00", "$type": "RecordData"}
[19:22:07 VRB] Recording {"DeviceRefId": 35673, "DeviceValue": 150, "DeviceString": "33", "TimeStamp": "2023-12-02T03:34:35.0000000+00:00", "$type": "RecordData"}
[19:22:07 VRB] Adding to database: {"DeviceRefId": 35673, "DeviceValue": 150, "DeviceString": "33", "TimeStamp": "2023-12-02T03:34:35.0000000+00:00", "$type": "RecordData"}
[19:22:07 VRB] Recording {"DeviceRefId": 35673, "DeviceValue": 151, "DeviceString": "33", "TimeStamp": "2023-12-02T03:34:40.0000000+00:00", "$type": "RecordData"}
[19:22:07 VRB] Adding to database: {"DeviceRefId": 35673, "DeviceValue": 151, "DeviceString": "33", "TimeStamp": "2023-12-02T03:34:40.0000000+00:00", "$type": "RecordData"}
[19:22:07 VRB] Recording {"DeviceRefId": 35673, "DeviceValue": 152, "DeviceString": "33", "TimeStamp": "2023-12-02T03:34:45.0000000+00:00", "$type": "RecordData"}
[19:22:07 VRB] Adding to database: {"DeviceRefId": 35673, "DeviceValue": 152, "DeviceString": "33", "TimeStamp": "2023-12-02T03:34:45.0000000+00:00", "$type": "RecordData"}
[19:22:07 VRB] Recording {"DeviceRefId": 35673, "DeviceValue": 153, "DeviceString": "33", "TimeStamp": "2023-12-02T03:34:50.0000000+00:00", "$type": "RecordData"}
[19:22:07 VRB] Adding to database: {"DeviceRefId": 35673, "DeviceValue": 153, "DeviceString": "33", "TimeStamp": "2023-12-02T03:34:50.0000000+00:00", "$type": "RecordData"}
[19:22:07 VRB] Recording {"DeviceRefId": 35673, "DeviceValue": 154, "DeviceString": "33", "TimeStamp": "2023-12-02T03:34:55.0000000+00:00", "$type": "RecordData"}
[19:22:07 VRB] Adding to database: {"DeviceRefId": 35673, "DeviceValue": 154, "DeviceString": "33", "TimeStamp": "2023-12-02T03:34:55.0000000+00:00", "$type": "RecordData"}
[19:22:07 VRB] Recording {"DeviceRefId": 35673, "DeviceValue": 155, "DeviceString": "33", "TimeStamp": "2023-12-02T03:35:00.0000000+00:00", "$type": "RecordData"}
[19:22:07 VRB] Adding to database: {"DeviceRefId": 35673, "DeviceValue": 155, "DeviceString": "33", "TimeStamp": "2023-12-02T03:35:00.0000000+00:00", "$type": "RecordData"}
[19:22:07 VRB] Recording {"DeviceRefId": 35673, "DeviceValue": 156, "DeviceString": "33", "TimeStamp": "2023-12-02T03:35:05.0000000+00:00", "$type": "RecordData"}
[19:22:07 VRB] Adding to database: {"DeviceRefId": 35673, "DeviceValue": 156, "DeviceString": "33", "TimeStamp": "2023-12-02T03:35:05.0000000+00:00", "$type": "RecordData"}
[19:22:07 VRB] Recording {"DeviceRefId": 35673, "DeviceValue": 157, "DeviceString": "33", "TimeStamp": "2023-12-02T03:35:10.0000000+00:00", "$type": "RecordData"}
[19:22:07 VRB] Adding to database: {"DeviceRefId": 35673, "DeviceValue": 157, "DeviceString": "33", "TimeStamp": "2023-12-02T03:35:10.0000000+00:00", "$type": "RecordData"}
[19:22:07 VRB] Recording {"DeviceRefId": 35673, "DeviceValue": 158, "DeviceString": "33", "TimeStamp": "2023-12-02T03:35:15.0000000+00:00", "$type": "RecordData"}
[19:22:07 VRB] Adding to database: {"DeviceRefId": 35673, "DeviceValue": 158, "DeviceString": "33", "TimeStamp": "2023-12-02T03:35:15.0000000+00:00", "$type": "RecordData"}
[19:22:07 VRB] Recording {"DeviceRefId": 35673, "DeviceValue": 159, "DeviceString": "33", "TimeStamp": "2023-12-02T03:35:20.0000000+00:00", "$type": "RecordData"}
[19:22:07 VRB] Adding to database: {"DeviceRefId": 35673, "DeviceValue": 159, "DeviceString": "33", "TimeStamp": "2023-12-02T03:35:20.0000000+00:00", "$type": "RecordData"}
[19:22:07 VRB] Recording {"DeviceRefId": 35673, "DeviceValue": 160, "DeviceString": "33", "TimeStamp": "2023-12-02T03:35:25.0000000+00:00", "$type": "RecordData"}
[19:22:07 VRB] Adding to database: {"DeviceRefId": 35673, "DeviceValue": 160, "DeviceString": "33", "TimeStamp": "2023-12-02T03:35:25.0000000+00:00", "$type": "RecordData"}
[19:22:07 VRB] Recording {"DeviceRefId": 35673, "DeviceValue": 161, "DeviceString": "33", "TimeStamp": "2023-12-02T03:35:30.0000000+00:00", "$type": "RecordData"}
[19:22:07 VRB] Adding to database: {"DeviceRefId": 35673, "DeviceValue": 161, "DeviceString": "33", "TimeStamp": "2023-12-02T03:35:30.0000000+00:00", "$type": "RecordData"}
[19:22:07 VRB] Recording {"DeviceRefId": 35673, "DeviceValue": 162, "DeviceString": "33", "TimeStamp": "2023-12-02T03:35:35.0000000+00:00", "$type": "RecordData"}
[19:22:07 VRB] Adding to database: {"DeviceRefId": 35673, "DeviceValue": 162, "DeviceString": "33", "TimeStamp": "2023-12-02T03:35:35.0000000+00:00", "$type": "RecordData"}
[19:22:07 VRB] Recording {"DeviceRefId": 35673, "DeviceValue": 163, "DeviceString": "33", "TimeStamp": "2023-12-02T03:35:40.0000000+00:00", "$type": "RecordData"}
[19:22:07 VRB] Adding to database: {"DeviceRefId": 35673, "DeviceValue": 163, "DeviceString": "33", "TimeStamp": "2023-12-02T03:35:40.0000000+00:00", "$type": "RecordData"}
[19:22:07 VRB] Recording {"DeviceRefId": 35673, "DeviceValue": 164, "DeviceString": "33", "TimeStamp": "2023-12-02T03:35:45.0000000+00:00", "$type": "RecordData"}
[19:22:07 VRB] Adding to database: {"DeviceRefId": 35673, "DeviceValue": 164, "DeviceString": "33", "TimeStamp": "2023-12-02T03:35:45.0000000+00:00", "$type": "RecordData"}
[19:22:07 VRB] Recording {"DeviceRefId": 35673, "DeviceValue": 165, "DeviceString": "33", "TimeStamp": "2023-12-02T03:35:50.0000000+00:00", "$type": "RecordData"}
[19:22:07 VRB] Adding to database: {"DeviceRefId": 35673, "DeviceValue": 165, "DeviceString": "33", "TimeStamp": "2023-12-02T03:35:50.0000000+00:00", "$type": "RecordData"}
[19:22:07 VRB] Recording {"DeviceRefId": 35673, "DeviceValue": 166, "DeviceString": "33", "TimeStamp": "2023-12-02T03:35:55.0000000+00:00", "$type": "RecordData"}
[19:22:07 VRB] Adding to database: {"DeviceRefId": 35673, "DeviceValue": 166, "DeviceString": "33", "TimeStamp": "2023-12-02T03:35:55.0000000+00:00", "$type": "RecordData"}
[19:22:07 VRB] Recording {"DeviceRefId": 35673, "DeviceValue": 167, "DeviceString": "33", "TimeStamp": "2023-12-02T03:36:00.0000000+00:00", "$type": "RecordData"}
[19:22:07 VRB] Adding to database: {"DeviceRefId": 35673, "DeviceValue": 167, "DeviceString": "33", "TimeStamp": "2023-12-02T03:36:00.0000000+00:00", "$type": "RecordData"}
[19:22:07 VRB] Recording {"DeviceRefId": 35673, "DeviceValue": 168, "DeviceString": "33", "TimeStamp": "2023-12-02T03:36:05.0000000+00:00", "$type": "RecordData"}
[19:22:07 VRB] Adding to database: {"DeviceRefId": 35673, "DeviceValue": 168, "DeviceString": "33", "TimeStamp": "2023-12-02T03:36:05.0000000+00:00", "$type": "RecordData"}
[19:22:07 VRB] Recording {"DeviceRefId": 35673, "DeviceValue": 169, "DeviceString": "33", "TimeStamp": "2023-12-02T03:36:10.0000000+00:00", "$type": "RecordData"}
[19:22:07 VRB] Adding to database: {"DeviceRefId": 35673, "DeviceValue": 169, "DeviceString": "33", "TimeStamp": "2023-12-02T03:36:10.0000000+00:00", "$type": "RecordData"}
[19:22:07 VRB] Recording {"DeviceRefId": 35673, "DeviceValue": 170, "DeviceString": "33", "TimeStamp": "2023-12-02T03:36:15.0000000+00:00", "$type": "RecordData"}
[19:22:07 VRB] Adding to database: {"DeviceRefId": 35673, "DeviceValue": 170, "DeviceString": "33", "TimeStamp": "2023-12-02T03:36:15.0000000+00:00", "$type": "RecordData"}
[19:22:07 VRB] Recording {"DeviceRefId": 35673, "DeviceValue": 171, "DeviceString": "33", "TimeStamp": "2023-12-02T03:36:20.0000000+00:00", "$type": "RecordData"}
[19:22:07 VRB] Adding to database: {"DeviceRefId": 35673, "DeviceValue": 171, "DeviceString": "33", "TimeStamp": "2023-12-02T03:36:20.0000000+00:00", "$type": "RecordData"}
[19:22:07 VRB] Recording {"DeviceRefId": 35673, "DeviceValue": 172, "DeviceString": "33", "TimeStamp": "2023-12-02T03:36:25.0000000+00:00", "$type": "RecordData"}
[19:22:07 VRB] Adding to database: {"DeviceRefId": 35673, "DeviceValue": 172, "DeviceString": "33", "TimeStamp": "2023-12-02T03:36:25.0000000+00:00", "$type": "RecordData"}
[19:22:07 VRB] Recording {"DeviceRefId": 35673, "DeviceValue": 173, "DeviceString": "33", "TimeStamp": "2023-12-02T03:36:30.0000000+00:00", "$type": "RecordData"}
[19:22:07 VRB] Adding to database: {"DeviceRefId": 35673, "DeviceValue": 173, "DeviceString": "33", "TimeStamp": "2023-12-02T03:36:30.0000000+00:00", "$type": "RecordData"}
[19:22:07 VRB] Recording {"DeviceRefId": 35673, "DeviceValue": 174, "DeviceString": "33", "TimeStamp": "2023-12-02T03:36:35.0000000+00:00", "$type": "RecordData"}
[19:22:07 VRB] Adding to database: {"DeviceRefId": 35673, "DeviceValue": 174, "DeviceString": "33", "TimeStamp": "2023-12-02T03:36:35.0000000+00:00", "$type": "RecordData"}
[19:22:07 VRB] Recording {"DeviceRefId": 35673, "DeviceValue": 175, "DeviceString": "33", "TimeStamp": "2023-12-02T03:36:40.0000000+00:00", "$type": "RecordData"}
[19:22:07 VRB] Adding to database: {"DeviceRefId": 35673, "DeviceValue": 175, "DeviceString": "33", "TimeStamp": "2023-12-02T03:36:40.0000000+00:00", "$type": "RecordData"}
[19:22:07 VRB] Recording {"DeviceRefId": 35673, "DeviceValue": 176, "DeviceString": "33", "TimeStamp": "2023-12-02T03:36:45.0000000+00:00", "$type": "RecordData"}
[19:22:07 VRB] Adding to database: {"DeviceRefId": 35673, "DeviceValue": 176, "DeviceString": "33", "TimeStamp": "2023-12-02T03:36:45.0000000+00:00", "$type": "RecordData"}
[19:22:07 VRB] Recording {"DeviceRefId": 35673, "DeviceValue": 177, "DeviceString": "33", "TimeStamp": "2023-12-02T03:36:50.0000000+00:00", "$type": "RecordData"}
[19:22:07 VRB] Adding to database: {"DeviceRefId": 35673, "DeviceValue": 177, "DeviceString": "33", "TimeStamp": "2023-12-02T03:36:50.0000000+00:00", "$type": "RecordData"}
[19:22:07 VRB] Recording {"DeviceRefId": 35673, "DeviceValue": 178, "DeviceString": "33", "TimeStamp": "2023-12-02T03:36:55.0000000+00:00", "$type": "RecordData"}
[19:22:07 VRB] Adding to database: {"DeviceRefId": 35673, "DeviceValue": 178, "DeviceString": "33", "TimeStamp": "2023-12-02T03:36:55.0000000+00:00", "$type": "RecordData"}
[19:22:07 VRB] Recording {"DeviceRefId": 35673, "DeviceValue": 179, "DeviceString": "33", "TimeStamp": "2023-12-02T03:37:00.0000000+00:00", "$type": "RecordData"}
[19:22:07 VRB] Adding to database: {"DeviceRefId": 35673, "DeviceValue": 179, "DeviceString": "33", "TimeStamp": "2023-12-02T03:37:00.0000000+00:00", "$type": "RecordData"}
[19:22:07 VRB] Recording {"DeviceRefId": 35673, "DeviceValue": 180, "DeviceString": "33", "TimeStamp": "2023-12-02T03:37:05.0000000+00:00", "$type": "RecordData"}
[19:22:07 VRB] Adding to database: {"DeviceRefId": 35673, "DeviceValue": 180, "DeviceString": "33", "TimeStamp": "2023-12-02T03:37:05.0000000+00:00", "$type": "RecordData"}
[19:22:07 VRB] Recording {"DeviceRefId": 35673, "DeviceValue": 181, "DeviceString": "33", "TimeStamp": "2023-12-02T03:37:10.0000000+00:00", "$type": "RecordData"}
[19:22:07 VRB] Adding to database: {"DeviceRefId": 35673, "DeviceValue": 181, "DeviceString": "33", "TimeStamp": "2023-12-02T03:37:10.0000000+00:00", "$type": "RecordData"}
[19:22:07 VRB] Recording {"DeviceRefId": 35673, "DeviceValue": 182, "DeviceString": "33", "TimeStamp": "2023-12-02T03:37:15.0000000+00:00", "$type": "RecordData"}
[19:22:07 VRB] Adding to database: {"DeviceRefId": 35673, "DeviceValue": 182, "DeviceString": "33", "TimeStamp": "2023-12-02T03:37:15.0000000+00:00", "$type": "RecordData"}
[19:22:07 VRB] Recording {"DeviceRefId": 35673, "DeviceValue": 183, "DeviceString": "33", "TimeStamp": "2023-12-02T03:37:20.0000000+00:00", "$type": "RecordData"}
[19:22:07 VRB] Adding to database: {"DeviceRefId": 35673, "DeviceValue": 183, "DeviceString": "33", "TimeStamp": "2023-12-02T03:37:20.0000000+00:00", "$type": "RecordData"}
[19:22:07 VRB] Recording {"DeviceRefId": 35673, "DeviceValue": 184, "DeviceString": "33", "TimeStamp": "2023-12-02T03:37:25.0000000+00:00", "$type": "RecordData"}
[19:22:07 VRB] Adding to database: {"DeviceRefId": 35673, "DeviceValue": 184, "DeviceString": "33", "TimeStamp": "2023-12-02T03:37:25.0000000+00:00", "$type": "RecordData"}
[19:22:07 VRB] Recording {"DeviceRefId": 35673, "DeviceValue": 185, "DeviceString": "33", "TimeStamp": "2023-12-02T03:37:30.0000000+00:00", "$type": "RecordData"}
[19:22:07 VRB] Adding to database: {"DeviceRefId": 35673, "DeviceValue": 185, "DeviceString": "33", "TimeStamp": "2023-12-02T03:37:30.0000000+00:00", "$type": "RecordData"}
[19:22:07 VRB] Recording {"DeviceRefId": 35673, "DeviceValue": 186, "DeviceString": "33", "TimeStamp": "2023-12-02T03:37:35.0000000+00:00", "$type": "RecordData"}
[19:22:07 VRB] Adding to database: {"DeviceRefId": 35673, "DeviceValue": 186, "DeviceString": "33", "TimeStamp": "2023-12-02T03:37:35.0000000+00:00", "$type": "RecordData"}
[19:22:08 VRB] Recording {"DeviceRefId": 35673, "DeviceValue": 187, "DeviceString": "33", "TimeStamp": "2023-12-02T03:37:40.0000000+00:00", "$type": "RecordData"}
[19:22:08 VRB] Adding to database: {"DeviceRefId": 35673, "DeviceValue": 187, "DeviceString": "33", "TimeStamp": "2023-12-02T03:37:40.0000000+00:00", "$type": "RecordData"}
[19:22:08 VRB] Recording {"DeviceRefId": 35673, "DeviceValue": 188, "DeviceString": "33", "TimeStamp": "2023-12-02T03:37:45.0000000+00:00", "$type": "RecordData"}
[19:22:08 VRB] Adding to database: {"DeviceRefId": 35673, "DeviceValue": 188, "DeviceString": "33", "TimeStamp": "2023-12-02T03:37:45.0000000+00:00", "$type": "RecordData"}
[19:22:08 VRB] Recording {"DeviceRefId": 35673, "DeviceValue": 189, "DeviceString": "33", "TimeStamp": "2023-12-02T03:37:50.0000000+00:00", "$type": "RecordData"}
[19:22:08 VRB] Adding to database: {"DeviceRefId": 35673, "DeviceValue": 189, "DeviceString": "33", "TimeStamp": "2023-12-02T03:37:50.0000000+00:00", "$type": "RecordData"}
[19:22:08 VRB] Recording {"DeviceRefId": 35673, "DeviceValue": 190, "DeviceString": "33", "TimeStamp": "2023-12-02T03:37:55.0000000+00:00", "$type": "RecordData"}
[19:22:08 VRB] Adding to database: {"DeviceRefId": 35673, "DeviceValue": 190, "DeviceString": "33", "TimeStamp": "2023-12-02T03:37:55.0000000+00:00", "$type": "RecordData"}
[19:22:08 VRB] Recording {"DeviceRefId": 35673, "DeviceValue": 191, "DeviceString": "33", "TimeStamp": "2023-12-02T03:38:00.0000000+00:00", "$type": "RecordData"}
[19:22:08 VRB] Adding to database: {"DeviceRefId": 35673, "DeviceValue": 191, "DeviceString": "33", "TimeStamp": "2023-12-02T03:38:00.0000000+00:00", "$type": "RecordData"}
[19:22:08 VRB] Recording {"DeviceRefId": 35673, "DeviceValue": 192, "DeviceString": "33", "TimeStamp": "2023-12-02T03:38:05.0000000+00:00", "$type": "RecordData"}
[19:22:08 VRB] Adding to database: {"DeviceRefId": 35673, "DeviceValue": 192, "DeviceString": "33", "TimeStamp": "2023-12-02T03:38:05.0000000+00:00", "$type": "RecordData"}
[19:22:08 VRB] Recording {"DeviceRefId": 35673, "DeviceValue": 193, "DeviceString": "33", "TimeStamp": "2023-12-02T03:38:10.0000000+00:00", "$type": "RecordData"}
[19:22:08 VRB] Adding to database: {"DeviceRefId": 35673, "DeviceValue": 193, "DeviceString": "33", "TimeStamp": "2023-12-02T03:38:10.0000000+00:00", "$type": "RecordData"}
[19:22:08 VRB] Recording {"DeviceRefId": 35673, "DeviceValue": 194, "DeviceString": "33", "TimeStamp": "2023-12-02T03:38:15.0000000+00:00", "$type": "RecordData"}
[19:22:08 VRB] Adding to database: {"DeviceRefId": 35673, "DeviceValue": 194, "DeviceString": "33", "TimeStamp": "2023-12-02T03:38:15.0000000+00:00", "$type": "RecordData"}
[19:22:08 VRB] Recording {"DeviceRefId": 35673, "DeviceValue": 195, "DeviceString": "33", "TimeStamp": "2023-12-02T03:38:20.0000000+00:00", "$type": "RecordData"}
[19:22:08 VRB] Adding to database: {"DeviceRefId": 35673, "DeviceValue": 195, "DeviceString": "33", "TimeStamp": "2023-12-02T03:38:20.0000000+00:00", "$type": "RecordData"}
[19:22:08 VRB] Recording {"DeviceRefId": 35673, "DeviceValue": 196, "DeviceString": "33", "TimeStamp": "2023-12-02T03:38:25.0000000+00:00", "$type": "RecordData"}
[19:22:08 VRB] Adding to database: {"DeviceRefId": 35673, "DeviceValue": 196, "DeviceString": "33", "TimeStamp": "2023-12-02T03:38:25.0000000+00:00", "$type": "RecordData"}
[19:22:08 VRB] Recording {"DeviceRefId": 35673, "DeviceValue": 197, "DeviceString": "33", "TimeStamp": "2023-12-02T03:38:30.0000000+00:00", "$type": "RecordData"}
[19:22:08 VRB] Adding to database: {"DeviceRefId": 35673, "DeviceValue": 197, "DeviceString": "33", "TimeStamp": "2023-12-02T03:38:30.0000000+00:00", "$type": "RecordData"}
[19:22:08 VRB] Recording {"DeviceRefId": 35673, "DeviceValue": 198, "DeviceString": "33", "TimeStamp": "2023-12-02T03:38:35.0000000+00:00", "$type": "RecordData"}
[19:22:08 VRB] Adding to database: {"DeviceRefId": 35673, "DeviceValue": 198, "DeviceString": "33", "TimeStamp": "2023-12-02T03:38:35.0000000+00:00", "$type": "RecordData"}
[19:22:08 VRB] Recording {"DeviceRefId": 35673, "DeviceValue": 199, "DeviceString": "33", "TimeStamp": "2023-12-02T03:38:40.0000000+00:00", "$type": "RecordData"}
[19:22:08 VRB] Adding to database: {"DeviceRefId": 35673, "DeviceValue": 199, "DeviceString": "33", "TimeStamp": "2023-12-02T03:38:40.0000000+00:00", "$type": "RecordData"}
[19:22:08 VRB] Recording {"DeviceRefId": 35673, "DeviceValue": 200, "DeviceString": "33", "TimeStamp": "2023-12-02T03:38:45.0000000+00:00", "$type": "RecordData"}
[19:22:08 VRB] Adding to database: {"DeviceRefId": 35673, "DeviceValue": 200, "DeviceString": "33", "TimeStamp": "2023-12-02T03:38:45.0000000+00:00", "$type": "RecordData"}
[19:22:08 VRB] Recording {"DeviceRefId": 35673, "DeviceValue": 201, "DeviceString": "33", "TimeStamp": "2023-12-02T03:38:50.0000000+00:00", "$type": "RecordData"}
[19:22:08 VRB] Adding to database: {"DeviceRefId": 35673, "DeviceValue": 201, "DeviceString": "33", "TimeStamp": "2023-12-02T03:38:50.0000000+00:00", "$type": "RecordData"}
[19:22:08 VRB] Recording {"DeviceRefId": 35673, "DeviceValue": 202, "DeviceString": "33", "TimeStamp": "2023-12-02T03:38:55.0000000+00:00", "$type": "RecordData"}
[19:22:08 VRB] Adding to database: {"DeviceRefId": 35673, "DeviceValue": 202, "DeviceString": "33", "TimeStamp": "2023-12-02T03:38:55.0000000+00:00", "$type": "RecordData"}
[19:22:08 VRB] Recording {"DeviceRefId": 35673, "DeviceValue": 203, "DeviceString": "33", "TimeStamp": "2023-12-02T03:39:00.0000000+00:00", "$type": "RecordData"}
[19:22:08 VRB] Adding to database: {"DeviceRefId": 35673, "DeviceValue": 203, "DeviceString": "33", "TimeStamp": "2023-12-02T03:39:00.0000000+00:00", "$type": "RecordData"}
[19:22:08 VRB] Recording {"DeviceRefId": 35673, "DeviceValue": 204, "DeviceString": "33", "TimeStamp": "2023-12-02T03:39:05.0000000+00:00", "$type": "RecordData"}
[19:22:08 VRB] Adding to database: {"DeviceRefId": 35673, "DeviceValue": 204, "DeviceString": "33", "TimeStamp": "2023-12-02T03:39:05.0000000+00:00", "$type": "RecordData"}
[19:22:08 VRB] Recording {"DeviceRefId": 35673, "DeviceValue": 205, "DeviceString": "33", "TimeStamp": "2023-12-02T03:39:10.0000000+00:00", "$type": "RecordData"}
[19:22:08 VRB] Adding to database: {"DeviceRefId": 35673, "DeviceValue": 205, "DeviceString": "33", "TimeStamp": "2023-12-02T03:39:10.0000000+00:00", "$type": "RecordData"}
[19:22:08 VRB] Recording {"DeviceRefId": 35673, "DeviceValue": 206, "DeviceString": "33", "TimeStamp": "2023-12-02T03:39:15.0000000+00:00", "$type": "RecordData"}
[19:22:08 VRB] Adding to database: {"DeviceRefId": 35673, "DeviceValue": 206, "DeviceString": "33", "TimeStamp": "2023-12-02T03:39:15.0000000+00:00", "$type": "RecordData"}
[19:22:08 VRB] Recording {"DeviceRefId": 35673, "DeviceValue": 207, "DeviceString": "33", "TimeStamp": "2023-12-02T03:39:20.0000000+00:00", "$type": "RecordData"}
[19:22:08 VRB] Adding to database: {"DeviceRefId": 35673, "DeviceValue": 207, "DeviceString": "33", "TimeStamp": "2023-12-02T03:39:20.0000000+00:00", "$type": "RecordData"}
[19:22:08 VRB] Recording {"DeviceRefId": 35673, "DeviceValue": 208, "DeviceString": "33", "TimeStamp": "2023-12-02T03:39:25.0000000+00:00", "$type": "RecordData"}
[19:22:08 VRB] Adding to database: {"DeviceRefId": 35673, "DeviceValue": 208, "DeviceString": "33", "TimeStamp": "2023-12-02T03:39:25.0000000+00:00", "$type": "RecordData"}
[19:22:08 VRB] Recording {"DeviceRefId": 35673, "DeviceValue": 209, "DeviceString": "33", "TimeStamp": "2023-12-02T03:39:30.0000000+00:00", "$type": "RecordData"}
[19:22:08 VRB] Adding to database: {"DeviceRefId": 35673, "DeviceValue": 209, "DeviceString": "33", "TimeStamp": "2023-12-02T03:39:30.0000000+00:00", "$type": "RecordData"}
[19:22:08 VRB] Recording {"DeviceRefId": 35673, "DeviceValue": 210, "DeviceString": "33", "TimeStamp": "2023-12-02T03:39:35.0000000+00:00", "$type": "RecordData"}
[19:22:08 VRB] Adding to database: {"DeviceRefId": 35673, "DeviceValue": 210, "DeviceString": "33", "TimeStamp": "2023-12-02T03:39:35.0000000+00:00", "$type": "RecordData"}
[19:22:08 VRB] Recording {"DeviceRefId": 35673, "DeviceValue": 211, "DeviceString": "33", "TimeStamp": "2023-12-02T03:39:40.0000000+00:00", "$type": "RecordData"}
[19:22:08 VRB] Adding to database: {"DeviceRefId": 35673, "DeviceValue": 211, "DeviceString": "33", "TimeStamp": "2023-12-02T03:39:40.0000000+00:00", "$type": "RecordData"}
[19:22:08 VRB] Recording {"DeviceRefId": 35673, "DeviceValue": 212, "DeviceString": "33", "TimeStamp": "2023-12-02T03:39:45.0000000+00:00", "$type": "RecordData"}
[19:22:08 VRB] Adding to database: {"DeviceRefId": 35673, "DeviceValue": 212, "DeviceString": "33", "TimeStamp": "2023-12-02T03:39:45.0000000+00:00", "$type": "RecordData"}
[19:22:08 VRB] Recording {"DeviceRefId": 35673, "DeviceValue": 213, "DeviceString": "33", "TimeStamp": "2023-12-02T03:39:50.0000000+00:00", "$type": "RecordData"}
[19:22:08 VRB] Adding to database: {"DeviceRefId": 35673, "DeviceValue": 213, "DeviceString": "33", "TimeStamp": "2023-12-02T03:39:50.0000000+00:00", "$type": "RecordData"}
[19:22:08 VRB] Recording {"DeviceRefId": 35673, "DeviceValue": 214, "DeviceString": "33", "TimeStamp": "2023-12-02T03:39:55.0000000+00:00", "$type": "RecordData"}
[19:22:08 VRB] Adding to database: {"DeviceRefId": 35673, "DeviceValue": 214, "DeviceString": "33", "TimeStamp": "2023-12-02T03:39:55.0000000+00:00", "$type": "RecordData"}
[19:22:08 VRB] Recording {"DeviceRefId": 35673, "DeviceValue": 215, "DeviceString": "33", "TimeStamp": "2023-12-02T03:40:00.0000000+00:00", "$type": "RecordData"}
[19:22:08 VRB] Adding to database: {"DeviceRefId": 35673, "DeviceValue": 215, "DeviceString": "33", "TimeStamp": "2023-12-02T03:40:00.0000000+00:00", "$type": "RecordData"}
[19:22:08 VRB] Recording {"DeviceRefId": 35673, "DeviceValue": 216, "DeviceString": "33", "TimeStamp": "2023-12-02T03:40:05.0000000+00:00", "$type": "RecordData"}
[19:22:08 VRB] Adding to database: {"DeviceRefId": 35673, "DeviceValue": 216, "DeviceString": "33", "TimeStamp": "2023-12-02T03:40:05.0000000+00:00", "$type": "RecordData"}
[19:22:08 VRB] Recording {"DeviceRefId": 35673, "DeviceValue": 217, "DeviceString": "33", "TimeStamp": "2023-12-02T03:40:10.0000000+00:00", "$type": "RecordData"}
[19:22:08 VRB] Adding to database: {"DeviceRefId": 35673, "DeviceValue": 217, "DeviceString": "33", "TimeStamp": "2023-12-02T03:40:10.0000000+00:00", "$type": "RecordData"}
[19:22:08 VRB] Recording {"DeviceRefId": 35673, "DeviceValue": 218, "DeviceString": "33", "TimeStamp": "2023-12-02T03:40:15.0000000+00:00", "$type": "RecordData"}
[19:22:08 VRB] Adding to database: {"DeviceRefId": 35673, "DeviceValue": 218, "DeviceString": "33", "TimeStamp": "2023-12-02T03:40:15.0000000+00:00", "$type": "RecordData"}
[19:22:08 VRB] Recording {"DeviceRefId": 35673, "DeviceValue": 219, "DeviceString": "33", "TimeStamp": "2023-12-02T03:40:20.0000000+00:00", "$type": "RecordData"}
[19:22:08 VRB] Adding to database: {"DeviceRefId": 35673, "DeviceValue": 219, "DeviceString": "33", "TimeStamp": "2023-12-02T03:40:20.0000000+00:00", "$type": "RecordData"}
[19:22:08 VRB] Recording {"DeviceRefId": 35673, "DeviceValue": 220, "DeviceString": "33", "TimeStamp": "2023-12-02T03:40:25.0000000+00:00", "$type": "RecordData"}
[19:22:08 VRB] Adding to database: {"DeviceRefId": 35673, "DeviceValue": 220, "DeviceString": "33", "TimeStamp": "2023-12-02T03:40:25.0000000+00:00", "$type": "RecordData"}
[19:22:08 VRB] Recording {"DeviceRefId": 35673, "DeviceValue": 221, "DeviceString": "33", "TimeStamp": "2023-12-02T03:40:30.0000000+00:00", "$type": "RecordData"}
[19:22:08 VRB] Adding to database: {"DeviceRefId": 35673, "DeviceValue": 221, "DeviceString": "33", "TimeStamp": "2023-12-02T03:40:30.0000000+00:00", "$type": "RecordData"}
[19:22:08 VRB] Recording {"DeviceRefId": 35673, "DeviceValue": 222, "DeviceString": "33", "TimeStamp": "2023-12-02T03:40:35.0000000+00:00", "$type": "RecordData"}
[19:22:08 VRB] Adding to database: {"DeviceRefId": 35673, "DeviceValue": 222, "DeviceString": "33", "TimeStamp": "2023-12-02T03:40:35.0000000+00:00", "$type": "RecordData"}
[19:22:08 VRB] Recording {"DeviceRefId": 35673, "DeviceValue": 223, "DeviceString": "33", "TimeStamp": "2023-12-02T03:40:40.0000000+00:00", "$type": "RecordData"}
[19:22:08 VRB] Adding to database: {"DeviceRefId": 35673, "DeviceValue": 223, "DeviceString": "33", "TimeStamp": "2023-12-02T03:40:40.0000000+00:00", "$type": "RecordData"}
[19:22:08 VRB] Recording {"DeviceRefId": 35673, "DeviceValue": 224, "DeviceString": "33", "TimeStamp": "2023-12-02T03:40:45.0000000+00:00", "$type": "RecordData"}
[19:22:08 VRB] Adding to database: {"DeviceRefId": 35673, "DeviceValue": 224, "DeviceString": "33", "TimeStamp": "2023-12-02T03:40:45.0000000+00:00", "$type": "RecordData"}
[19:22:08 VRB] Recording {"DeviceRefId": 35673, "DeviceValue": 225, "DeviceString": "33", "TimeStamp": "2023-12-02T03:40:50.0000000+00:00", "$type": "RecordData"}
[19:22:08 VRB] Adding to database: {"DeviceRefId": 35673, "DeviceValue": 225, "DeviceString": "33", "TimeStamp": "2023-12-02T03:40:50.0000000+00:00", "$type": "RecordData"}
[19:22:08 VRB] Recording {"DeviceRefId": 35673, "DeviceValue": 226, "DeviceString": "33", "TimeStamp": "2023-12-02T03:40:55.0000000+00:00", "$type": "RecordData"}
[19:22:08 VRB] Adding to database: {"DeviceRefId": 35673, "DeviceValue": 226, "DeviceString": "33", "TimeStamp": "2023-12-02T03:40:55.0000000+00:00", "$type": "RecordData"}
[19:22:08 VRB] Recording {"DeviceRefId": 35673, "DeviceValue": 227, "DeviceString": "33", "TimeStamp": "2023-12-02T03:41:00.0000000+00:00", "$type": "RecordData"}
[19:22:08 VRB] Adding to database: {"DeviceRefId": 35673, "DeviceValue": 227, "DeviceString": "33", "TimeStamp": "2023-12-02T03:41:00.0000000+00:00", "$type": "RecordData"}
[19:22:08 VRB] Recording {"DeviceRefId": 35673, "DeviceValue": 228, "DeviceString": "33", "TimeStamp": "2023-12-02T03:41:05.0000000+00:00", "$type": "RecordData"}
[19:22:08 VRB] Adding to database: {"DeviceRefId": 35673, "DeviceValue": 228, "DeviceString": "33", "TimeStamp": "2023-12-02T03:41:05.0000000+00:00", "$type": "RecordData"}
[19:22:08 VRB] Recording {"DeviceRefId": 35673, "DeviceValue": 229, "DeviceString": "33", "TimeStamp": "2023-12-02T03:41:10.0000000+00:00", "$type": "RecordData"}
[19:22:08 VRB] Adding to database: {"DeviceRefId": 35673, "DeviceValue": 229, "DeviceString": "33", "TimeStamp": "2023-12-02T03:41:10.0000000+00:00", "$type": "RecordData"}
[19:22:08 VRB] Recording {"DeviceRefId": 35673, "DeviceValue": 230, "DeviceString": "33", "TimeStamp": "2023-12-02T03:41:15.0000000+00:00", "$type": "RecordData"}
[19:22:08 VRB] Adding to database: {"DeviceRefId": 35673, "DeviceValue": 230, "DeviceString": "33", "TimeStamp": "2023-12-02T03:41:15.0000000+00:00", "$type": "RecordData"}
[19:22:08 VRB] Recording {"DeviceRefId": 35673, "DeviceValue": 231, "DeviceString": "33", "TimeStamp": "2023-12-02T03:41:20.0000000+00:00", "$type": "RecordData"}
[19:22:08 VRB] Adding to database: {"DeviceRefId": 35673, "DeviceValue": 231, "DeviceString": "33", "TimeStamp": "2023-12-02T03:41:20.0000000+00:00", "$type": "RecordData"}
[19:22:08 VRB] Recording {"DeviceRefId": 35673, "DeviceValue": 232, "DeviceString": "33", "TimeStamp": "2023-12-02T03:41:25.0000000+00:00", "$type": "RecordData"}
[19:22:08 VRB] Adding to database: {"DeviceRefId": 35673, "DeviceValue": 232, "DeviceString": "33", "TimeStamp": "2023-12-02T03:41:25.0000000+00:00", "$type": "RecordData"}
[19:22:08 VRB] Recording {"DeviceRefId": 35673, "DeviceValue": 233, "DeviceString": "33", "TimeStamp": "2023-12-02T03:41:30.0000000+00:00", "$type": "RecordData"}
[19:22:08 VRB] Adding to database: {"DeviceRefId": 35673, "DeviceValue": 233, "DeviceString": "33", "TimeStamp": "2023-12-02T03:41:30.0000000+00:00", "$type": "RecordData"}
[19:22:08 VRB] Recording {"DeviceRefId": 35673, "DeviceValue": 234, "DeviceString": "33", "TimeStamp": "2023-12-02T03:41:35.0000000+00:00", "$type": "RecordData"}
[19:22:08 VRB] Adding to database: {"DeviceRefId": 35673, "DeviceValue": 234, "DeviceString": "33", "TimeStamp": "2023-12-02T03:41:35.0000000+00:00", "$type": "RecordData"}
[19:22:08 VRB] Recording {"DeviceRefId": 35673, "DeviceValue": 235, "DeviceString": "33", "TimeStamp": "2023-12-02T03:41:40.0000000+00:00", "$type": "RecordData"}
[19:22:08 VRB] Adding to database: {"DeviceRefId": 35673, "DeviceValue": 235, "DeviceString": "33", "TimeStamp": "2023-12-02T03:41:40.0000000+00:00", "$type": "RecordData"}
[19:22:08 VRB] Recording {"DeviceRefId": 35673, "DeviceValue": 236, "DeviceString": "33", "TimeStamp": "2023-12-02T03:41:45.0000000+00:00", "$type": "RecordData"}
[19:22:08 VRB] Adding to database: {"DeviceRefId": 35673, "DeviceValue": 236, "DeviceString": "33", "TimeStamp": "2023-12-02T03:41:45.0000000+00:00", "$type": "RecordData"}
[19:22:08 VRB] Recording {"DeviceRefId": 35673, "DeviceValue": 237, "DeviceString": "33", "TimeStamp": "2023-12-02T03:41:50.0000000+00:00", "$type": "RecordData"}
[19:22:08 VRB] Adding to database: {"DeviceRefId": 35673, "DeviceValue": 237, "DeviceString": "33", "TimeStamp": "2023-12-02T03:41:50.0000000+00:00", "$type": "RecordData"}
[19:22:08 VRB] Recording {"DeviceRefId": 35673, "DeviceValue": 238, "DeviceString": "33", "TimeStamp": "2023-12-02T03:41:55.0000000+00:00", "$type": "RecordData"}
[19:22:08 VRB] Adding to database: {"DeviceRefId": 35673, "DeviceValue": 238, "DeviceString": "33", "TimeStamp": "2023-12-02T03:41:55.0000000+00:00", "$type": "RecordData"}
[19:22:08 VRB] Recording {"DeviceRefId": 35673, "DeviceValue": 239, "DeviceString": "33", "TimeStamp": "2023-12-02T03:42:00.0000000+00:00", "$type": "RecordData"}
[19:22:08 VRB] Adding to database: {"DeviceRefId": 35673, "DeviceValue": 239, "DeviceString": "33", "TimeStamp": "2023-12-02T03:42:00.0000000+00:00", "$type": "RecordData"}
[19:22:08 VRB] Recording {"DeviceRefId": 35673, "DeviceValue": 240, "DeviceString": "33", "TimeStamp": "2023-12-02T03:42:05.0000000+00:00", "$type": "RecordData"}
[19:22:08 VRB] Adding to database: {"DeviceRefId": 35673, "DeviceValue": 240, "DeviceString": "33", "TimeStamp": "2023-12-02T03:42:05.0000000+00:00", "$type": "RecordData"}
[19:22:08 VRB] Recording {"DeviceRefId": 35673, "DeviceValue": 241, "DeviceString": "33", "TimeStamp": "2023-12-02T03:42:10.0000000+00:00", "$type": "RecordData"}
[19:22:08 VRB] Adding to database: {"DeviceRefId": 35673, "DeviceValue": 241, "DeviceString": "33", "TimeStamp": "2023-12-02T03:42:10.0000000+00:00", "$type": "RecordData"}
[19:22:08 VRB] Recording {"DeviceRefId": 35673, "DeviceValue": 242, "DeviceString": "33", "TimeStamp": "2023-12-02T03:42:15.0000000+00:00", "$type": "RecordData"}
[19:22:08 VRB] Adding to database: {"DeviceRefId": 35673, "DeviceValue": 242, "DeviceString": "33", "TimeStamp": "2023-12-02T03:42:15.0000000+00:00", "$type": "RecordData"}
[19:22:08 VRB] Recording {"DeviceRefId": 35673, "DeviceValue": 243, "DeviceString": "33", "TimeStamp": "2023-12-02T03:42:20.0000000+00:00", "$type": "RecordData"}
[19:22:08 VRB] Adding to database: {"DeviceRefId": 35673, "DeviceValue": 243, "DeviceString": "33", "TimeStamp": "2023-12-02T03:42:20.0000000+00:00", "$type": "RecordData"}
[19:22:08 VRB] Recording {"DeviceRefId": 35673, "DeviceValue": 244, "DeviceString": "33", "TimeStamp": "2023-12-02T03:42:25.0000000+00:00", "$type": "RecordData"}
[19:22:08 VRB] Adding to database: {"DeviceRefId": 35673, "DeviceValue": 244, "DeviceString": "33", "TimeStamp": "2023-12-02T03:42:25.0000000+00:00", "$type": "RecordData"}
[19:22:08 VRB] Recording {"DeviceRefId": 35673, "DeviceValue": 245, "DeviceString": "33", "TimeStamp": "2023-12-02T03:42:30.0000000+00:00", "$type": "RecordData"}
[19:22:08 VRB] Adding to database: {"DeviceRefId": 35673, "DeviceValue": 245, "DeviceString": "33", "TimeStamp": "2023-12-02T03:42:30.0000000+00:00", "$type": "RecordData"}
[19:22:08 VRB] Recording {"DeviceRefId": 35673, "DeviceValue": 246, "DeviceString": "33", "TimeStamp": "2023-12-02T03:42:35.0000000+00:00", "$type": "RecordData"}
[19:22:08 VRB] Adding to database: {"DeviceRefId": 35673, "DeviceValue": 246, "DeviceString": "33", "TimeStamp": "2023-12-02T03:42:35.0000000+00:00", "$type": "RecordData"}
[19:22:08 VRB] Recording {"DeviceRefId": 35673, "DeviceValue": 247, "DeviceString": "33", "TimeStamp": "2023-12-02T03:42:40.0000000+00:00", "$type": "RecordData"}
[19:22:08 VRB] Adding to database: {"DeviceRefId": 35673, "DeviceValue": 247, "DeviceString": "33", "TimeStamp": "2023-12-02T03:42:40.0000000+00:00", "$type": "RecordData"}
[19:22:08 VRB] Recording {"DeviceRefId": 35673, "DeviceValue": 248, "DeviceString": "33", "TimeStamp": "2023-12-02T03:42:45.0000000+00:00", "$type": "RecordData"}
[19:22:08 VRB] Adding to database: {"DeviceRefId": 35673, "DeviceValue": 248, "DeviceString": "33", "TimeStamp": "2023-12-02T03:42:45.0000000+00:00", "$type": "RecordData"}
[19:22:08 VRB] Recording {"DeviceRefId": 35673, "DeviceValue": 249, "DeviceString": "33", "TimeStamp": "2023-12-02T03:42:50.0000000+00:00", "$type": "RecordData"}
[19:22:08 VRB] Adding to database: {"DeviceRefId": 35673, "DeviceValue": 249, "DeviceString": "33", "TimeStamp": "2023-12-02T03:42:50.0000000+00:00", "$type": "RecordData"}
[19:22:08 VRB] Recording {"DeviceRefId": 35673, "DeviceValue": 250, "DeviceString": "33", "TimeStamp": "2023-12-02T03:42:55.0000000+00:00", "$type": "RecordData"}
[19:22:08 VRB] Adding to database: {"DeviceRefId": 35673, "DeviceValue": 250, "DeviceString": "33", "TimeStamp": "2023-12-02T03:42:55.0000000+00:00", "$type": "RecordData"}
[19:22:08 VRB] Recording {"DeviceRefId": 35673, "DeviceValue": 251, "DeviceString": "33", "TimeStamp": "2023-12-02T03:43:00.0000000+00:00", "$type": "RecordData"}
[19:22:08 VRB] Adding to database: {"DeviceRefId": 35673, "DeviceValue": 251, "DeviceString": "33", "TimeStamp": "2023-12-02T03:43:00.0000000+00:00", "$type": "RecordData"}
[19:22:09 VRB] Recording {"DeviceRefId": 35673, "DeviceValue": 252, "DeviceString": "33", "TimeStamp": "2023-12-02T03:43:05.0000000+00:00", "$type": "RecordData"}
[19:22:09 VRB] Adding to database: {"DeviceRefId": 35673, "DeviceValue": 252, "DeviceString": "33", "TimeStamp": "2023-12-02T03:43:05.0000000+00:00", "$type": "RecordData"}
[19:22:09 VRB] Recording {"DeviceRefId": 35673, "DeviceValue": 253, "DeviceString": "33", "TimeStamp": "2023-12-02T03:43:10.0000000+00:00", "$type": "RecordData"}
[19:22:09 VRB] Adding to database: {"DeviceRefId": 35673, "DeviceValue": 253, "DeviceString": "33", "TimeStamp": "2023-12-02T03:43:10.0000000+00:00", "$type": "RecordData"}
[19:22:09 VRB] Recording {"DeviceRefId": 35673, "DeviceValue": 254, "DeviceString": "33", "TimeStamp": "2023-12-02T03:43:15.0000000+00:00", "$type": "RecordData"}
[19:22:09 VRB] Adding to database: {"DeviceRefId": 35673, "DeviceValue": 254, "DeviceString": "33", "TimeStamp": "2023-12-02T03:43:15.0000000+00:00", "$type": "RecordData"}
[19:22:09 VRB] Recording {"DeviceRefId": 35673, "DeviceValue": 255, "DeviceString": "33", "TimeStamp": "2023-12-02T03:43:20.0000000+00:00", "$type": "RecordData"}
[19:22:09 VRB] Adding to database: {"DeviceRefId": 35673, "DeviceValue": 255, "DeviceString": "33", "TimeStamp": "2023-12-02T03:43:20.0000000+00:00", "$type": "RecordData"}
[19:22:09 VRB] Recording {"DeviceRefId": 35673, "DeviceValue": 256, "DeviceString": "33", "TimeStamp": "2023-12-02T03:43:25.0000000+00:00", "$type": "RecordData"}
[19:22:09 VRB] Adding to database: {"DeviceRefId": 35673, "DeviceValue": 256, "DeviceString": "33", "TimeStamp": "2023-12-02T03:43:25.0000000+00:00", "$type": "RecordData"}
[19:22:09 VRB] Recording {"DeviceRefId": 35673, "DeviceValue": 257, "DeviceString": "33", "TimeStamp": "2023-12-02T03:43:30.0000000+00:00", "$type": "RecordData"}
[19:22:09 VRB] Adding to database: {"DeviceRefId": 35673, "DeviceValue": 257, "DeviceString": "33", "TimeStamp": "2023-12-02T03:43:30.0000000+00:00", "$type": "RecordData"}
[19:22:09 VRB] Recording {"DeviceRefId": 35673, "DeviceValue": 258, "DeviceString": "33", "TimeStamp": "2023-12-02T03:43:35.0000000+00:00", "$type": "RecordData"}
[19:22:09 VRB] Adding to database: {"DeviceRefId": 35673, "DeviceValue": 258, "DeviceString": "33", "TimeStamp": "2023-12-02T03:43:35.0000000+00:00", "$type": "RecordData"}
[19:22:09 VRB] Recording {"DeviceRefId": 35673, "DeviceValue": 259, "DeviceString": "33", "TimeStamp": "2023-12-02T03:43:40.0000000+00:00", "$type": "RecordData"}
[19:22:09 VRB] Adding to database: {"DeviceRefId": 35673, "DeviceValue": 259, "DeviceString": "33", "TimeStamp": "2023-12-02T03:43:40.0000000+00:00", "$type": "RecordData"}
[19:22:09 VRB] Recording {"DeviceRefId": 35673, "DeviceValue": 260, "DeviceString": "33", "TimeStamp": "2023-12-02T03:43:45.0000000+00:00", "$type": "RecordData"}
[19:22:09 VRB] Adding to database: {"DeviceRefId": 35673, "DeviceValue": 260, "DeviceString": "33", "TimeStamp": "2023-12-02T03:43:45.0000000+00:00", "$type": "RecordData"}
[19:22:09 VRB] Recording {"DeviceRefId": 35673, "DeviceValue": 261, "DeviceString": "33", "TimeStamp": "2023-12-02T03:43:50.0000000+00:00", "$type": "RecordData"}
[19:22:09 VRB] Adding to database: {"DeviceRefId": 35673, "DeviceValue": 261, "DeviceString": "33", "TimeStamp": "2023-12-02T03:43:50.0000000+00:00", "$type": "RecordData"}
[19:22:09 VRB] Recording {"DeviceRefId": 35673, "DeviceValue": 262, "DeviceString": "33", "TimeStamp": "2023-12-02T03:43:55.0000000+00:00", "$type": "RecordData"}
[19:22:09 VRB] Adding to database: {"DeviceRefId": 35673, "DeviceValue": 262, "DeviceString": "33", "TimeStamp": "2023-12-02T03:43:55.0000000+00:00", "$type": "RecordData"}
[19:22:09 VRB] Recording {"DeviceRefId": 35673, "DeviceValue": 263, "DeviceString": "33", "TimeStamp": "2023-12-02T03:44:00.0000000+00:00", "$type": "RecordData"}
[19:22:09 VRB] Adding to database: {"DeviceRefId": 35673, "DeviceValue": 263, "DeviceString": "33", "TimeStamp": "2023-12-02T03:44:00.0000000+00:00", "$type": "RecordData"}
[19:22:09 VRB] Recording {"DeviceRefId": 35673, "DeviceValue": 264, "DeviceString": "33", "TimeStamp": "2023-12-02T03:44:05.0000000+00:00", "$type": "RecordData"}
[19:22:09 VRB] Adding to database: {"DeviceRefId": 35673, "DeviceValue": 264, "DeviceString": "33", "TimeStamp": "2023-12-02T03:44:05.0000000+00:00", "$type": "RecordData"}
[19:22:09 VRB] Recording {"DeviceRefId": 35673, "DeviceValue": 265, "DeviceString": "33", "TimeStamp": "2023-12-02T03:44:10.0000000+00:00", "$type": "RecordData"}
[19:22:09 VRB] Adding to database: {"DeviceRefId": 35673, "DeviceValue": 265, "DeviceString": "33", "TimeStamp": "2023-12-02T03:44:10.0000000+00:00", "$type": "RecordData"}
[19:22:09 VRB] Recording {"DeviceRefId": 35673, "DeviceValue": 266, "DeviceString": "33", "TimeStamp": "2023-12-02T03:44:15.0000000+00:00", "$type": "RecordData"}
[19:22:09 VRB] Adding to database: {"DeviceRefId": 35673, "DeviceValue": 266, "DeviceString": "33", "TimeStamp": "2023-12-02T03:44:15.0000000+00:00", "$type": "RecordData"}
[19:22:09 VRB] Recording {"DeviceRefId": 35673, "DeviceValue": 267, "DeviceString": "33", "TimeStamp": "2023-12-02T03:44:20.0000000+00:00", "$type": "RecordData"}
[19:22:09 VRB] Adding to database: {"DeviceRefId": 35673, "DeviceValue": 267, "DeviceString": "33", "TimeStamp": "2023-12-02T03:44:20.0000000+00:00", "$type": "RecordData"}
[19:22:09 VRB] Recording {"DeviceRefId": 35673, "DeviceValue": 268, "DeviceString": "33", "TimeStamp": "2023-12-02T03:44:25.0000000+00:00", "$type": "RecordData"}
[19:22:09 VRB] Adding to database: {"DeviceRefId": 35673, "DeviceValue": 268, "DeviceString": "33", "TimeStamp": "2023-12-02T03:44:25.0000000+00:00", "$type": "RecordData"}
[19:22:09 VRB] Recording {"DeviceRefId": 35673, "DeviceValue": 269, "DeviceString": "33", "TimeStamp": "2023-12-02T03:44:30.0000000+00:00", "$type": "RecordData"}
[19:22:09 VRB] Adding to database: {"DeviceRefId": 35673, "DeviceValue": 269, "DeviceString": "33", "TimeStamp": "2023-12-02T03:44:30.0000000+00:00", "$type": "RecordData"}
[19:22:09 VRB] Recording {"DeviceRefId": 35673, "DeviceValue": 270, "DeviceString": "33", "TimeStamp": "2023-12-02T03:44:35.0000000+00:00", "$type": "RecordData"}
[19:22:09 VRB] Adding to database: {"DeviceRefId": 35673, "DeviceValue": 270, "DeviceString": "33", "TimeStamp": "2023-12-02T03:44:35.0000000+00:00", "$type": "RecordData"}
[19:22:09 VRB] Recording {"DeviceRefId": 35673, "DeviceValue": 271, "DeviceString": "33", "TimeStamp": "2023-12-02T03:44:40.0000000+00:00", "$type": "RecordData"}
[19:22:09 VRB] Adding to database: {"DeviceRefId": 35673, "DeviceValue": 271, "DeviceString": "33", "TimeStamp": "2023-12-02T03:44:40.0000000+00:00", "$type": "RecordData"}
[19:22:09 VRB] Recording {"DeviceRefId": 35673, "DeviceValue": 272, "DeviceString": "33", "TimeStamp": "2023-12-02T03:44:45.0000000+00:00", "$type": "RecordData"}
[19:22:09 VRB] Adding to database: {"DeviceRefId": 35673, "DeviceValue": 272, "DeviceString": "33", "TimeStamp": "2023-12-02T03:44:45.0000000+00:00", "$type": "RecordData"}
[19:22:09 VRB] Recording {"DeviceRefId": 35673, "DeviceValue": 273, "DeviceString": "33", "TimeStamp": "2023-12-02T03:44:50.0000000+00:00", "$type": "RecordData"}
[19:22:09 VRB] Adding to database: {"DeviceRefId": 35673, "DeviceValue": 273, "DeviceString": "33", "TimeStamp": "2023-12-02T03:44:50.0000000+00:00", "$type": "RecordData"}
[19:22:09 VRB] Recording {"DeviceRefId": 35673, "DeviceValue": 274, "DeviceString": "33", "TimeStamp": "2023-12-02T03:44:55.0000000+00:00", "$type": "RecordData"}
[19:22:09 VRB] Adding to database: {"DeviceRefId": 35673, "DeviceValue": 274, "DeviceString": "33", "TimeStamp": "2023-12-02T03:44:55.0000000+00:00", "$type": "RecordData"}
[19:22:09 VRB] Recording {"DeviceRefId": 35673, "DeviceValue": 275, "DeviceString": "33", "TimeStamp": "2023-12-02T03:45:00.0000000+00:00", "$type": "RecordData"}
[19:22:09 VRB] Adding to database: {"DeviceRefId": 35673, "DeviceValue": 275, "DeviceString": "33", "TimeStamp": "2023-12-02T03:45:00.0000000+00:00", "$type": "RecordData"}
[19:22:09 VRB] Recording {"DeviceRefId": 35673, "DeviceValue": 276, "DeviceString": "33", "TimeStamp": "2023-12-02T03:45:05.0000000+00:00", "$type": "RecordData"}
[19:22:09 VRB] Adding to database: {"DeviceRefId": 35673, "DeviceValue": 276, "DeviceString": "33", "TimeStamp": "2023-12-02T03:45:05.0000000+00:00", "$type": "RecordData"}
[19:22:09 VRB] Recording {"DeviceRefId": 35673, "DeviceValue": 277, "DeviceString": "33", "TimeStamp": "2023-12-02T03:45:10.0000000+00:00", "$type": "RecordData"}
[19:22:09 VRB] Adding to database: {"DeviceRefId": 35673, "DeviceValue": 277, "DeviceString": "33", "TimeStamp": "2023-12-02T03:45:10.0000000+00:00", "$type": "RecordData"}
[19:22:09 VRB] Recording {"DeviceRefId": 35673, "DeviceValue": 278, "DeviceString": "33", "TimeStamp": "2023-12-02T03:45:15.0000000+00:00", "$type": "RecordData"}
[19:22:09 VRB] Adding to database: {"DeviceRefId": 35673, "DeviceValue": 278, "DeviceString": "33", "TimeStamp": "2023-12-02T03:45:15.0000000+00:00", "$type": "RecordData"}
[19:22:09 VRB] Recording {"DeviceRefId": 35673, "DeviceValue": 279, "DeviceString": "33", "TimeStamp": "2023-12-02T03:45:20.0000000+00:00", "$type": "RecordData"}
[19:22:09 VRB] Adding to database: {"DeviceRefId": 35673, "DeviceValue": 279, "DeviceString": "33", "TimeStamp": "2023-12-02T03:45:20.0000000+00:00", "$type": "RecordData"}
[19:22:09 VRB] Recording {"DeviceRefId": 35673, "DeviceValue": 280, "DeviceString": "33", "TimeStamp": "2023-12-02T03:45:25.0000000+00:00", "$type": "RecordData"}
[19:22:09 VRB] Adding to database: {"DeviceRefId": 35673, "DeviceValue": 280, "DeviceString": "33", "TimeStamp": "2023-12-02T03:45:25.0000000+00:00", "$type": "RecordData"}
[19:22:09 VRB] Recording {"DeviceRefId": 35673, "DeviceValue": 281, "DeviceString": "33", "TimeStamp": "2023-12-02T03:45:30.0000000+00:00", "$type": "RecordData"}
[19:22:09 VRB] Adding to database: {"DeviceRefId": 35673, "DeviceValue": 281, "DeviceString": "33", "TimeStamp": "2023-12-02T03:45:30.0000000+00:00", "$type": "RecordData"}
[19:22:09 VRB] Recording {"DeviceRefId": 35673, "DeviceValue": 282, "DeviceString": "33", "TimeStamp": "2023-12-02T03:45:35.0000000+00:00", "$type": "RecordData"}
[19:22:09 VRB] Adding to database: {"DeviceRefId": 35673, "DeviceValue": 282, "DeviceString": "33", "TimeStamp": "2023-12-02T03:45:35.0000000+00:00", "$type": "RecordData"}
[19:22:09 VRB] Recording {"DeviceRefId": 35673, "DeviceValue": 283, "DeviceString": "33", "TimeStamp": "2023-12-02T03:45:40.0000000+00:00", "$type": "RecordData"}
[19:22:09 VRB] Adding to database: {"DeviceRefId": 35673, "DeviceValue": 283, "DeviceString": "33", "TimeStamp": "2023-12-02T03:45:40.0000000+00:00", "$type": "RecordData"}
[19:22:09 VRB] Recording {"DeviceRefId": 35673, "DeviceValue": 284, "DeviceString": "33", "TimeStamp": "2023-12-02T03:45:45.0000000+00:00", "$type": "RecordData"}
[19:22:09 VRB] Adding to database: {"DeviceRefId": 35673, "DeviceValue": 284, "DeviceString": "33", "TimeStamp": "2023-12-02T03:45:45.0000000+00:00", "$type": "RecordData"}
[19:22:09 VRB] Recording {"DeviceRefId": 35673, "DeviceValue": 285, "DeviceString": "33", "TimeStamp": "2023-12-02T03:45:50.0000000+00:00", "$type": "RecordData"}
[19:22:09 VRB] Adding to database: {"DeviceRefId": 35673, "DeviceValue": 285, "DeviceString": "33", "TimeStamp": "2023-12-02T03:45:50.0000000+00:00", "$type": "RecordData"}
[19:22:09 VRB] Recording {"DeviceRefId": 35673, "DeviceValue": 286, "DeviceString": "33", "TimeStamp": "2023-12-02T03:45:55.0000000+00:00", "$type": "RecordData"}
[19:22:09 VRB] Adding to database: {"DeviceRefId": 35673, "DeviceValue": 286, "DeviceString": "33", "TimeStamp": "2023-12-02T03:45:55.0000000+00:00", "$type": "RecordData"}
[19:22:09 VRB] Recording {"DeviceRefId": 35673, "DeviceValue": 287, "DeviceString": "33", "TimeStamp": "2023-12-02T03:46:00.0000000+00:00", "$type": "RecordData"}
[19:22:09 VRB] Adding to database: {"DeviceRefId": 35673, "DeviceValue": 287, "DeviceString": "33", "TimeStamp": "2023-12-02T03:46:00.0000000+00:00", "$type": "RecordData"}
[19:22:09 VRB] Recording {"DeviceRefId": 35673, "DeviceValue": 288, "DeviceString": "33", "TimeStamp": "2023-12-02T03:46:05.0000000+00:00", "$type": "RecordData"}
[19:22:09 VRB] Adding to database: {"DeviceRefId": 35673, "DeviceValue": 288, "DeviceString": "33", "TimeStamp": "2023-12-02T03:46:05.0000000+00:00", "$type": "RecordData"}
[19:22:09 VRB] Recording {"DeviceRefId": 35673, "DeviceValue": 289, "DeviceString": "33", "TimeStamp": "2023-12-02T03:46:10.0000000+00:00", "$type": "RecordData"}
[19:22:09 VRB] Adding to database: {"DeviceRefId": 35673, "DeviceValue": 289, "DeviceString": "33", "TimeStamp": "2023-12-02T03:46:10.0000000+00:00", "$type": "RecordData"}
[19:22:09 VRB] Recording {"DeviceRefId": 35673, "DeviceValue": 290, "DeviceString": "33", "TimeStamp": "2023-12-02T03:46:15.0000000+00:00", "$type": "RecordData"}
[19:22:09 VRB] Adding to database: {"DeviceRefId": 35673, "DeviceValue": 290, "DeviceString": "33", "TimeStamp": "2023-12-02T03:46:15.0000000+00:00", "$type": "RecordData"}
[19:22:09 VRB] Recording {"DeviceRefId": 35673, "DeviceValue": 291, "DeviceString": "33", "TimeStamp": "2023-12-02T03:46:20.0000000+00:00", "$type": "RecordData"}
[19:22:09 VRB] Adding to database: {"DeviceRefId": 35673, "DeviceValue": 291, "DeviceString": "33", "TimeStamp": "2023-12-02T03:46:20.0000000+00:00", "$type": "RecordData"}
[19:22:09 VRB] Recording {"DeviceRefId": 35673, "DeviceValue": 292, "DeviceString": "33", "TimeStamp": "2023-12-02T03:46:25.0000000+00:00", "$type": "RecordData"}
[19:22:09 VRB] Adding to database: {"DeviceRefId": 35673, "DeviceValue": 292, "DeviceString": "33", "TimeStamp": "2023-12-02T03:46:25.0000000+00:00", "$type": "RecordData"}
[19:22:09 VRB] Recording {"DeviceRefId": 35673, "DeviceValue": 293, "DeviceString": "33", "TimeStamp": "2023-12-02T03:46:30.0000000+00:00", "$type": "RecordData"}
[19:22:09 VRB] Adding to database: {"DeviceRefId": 35673, "DeviceValue": 293, "DeviceString": "33", "TimeStamp": "2023-12-02T03:46:30.0000000+00:00", "$type": "RecordData"}
[19:22:09 VRB] Recording {"DeviceRefId": 35673, "DeviceValue": 294, "DeviceString": "33", "TimeStamp": "2023-12-02T03:46:35.0000000+00:00", "$type": "RecordData"}
[19:22:09 VRB] Adding to database: {"DeviceRefId": 35673, "DeviceValue": 294, "DeviceString": "33", "TimeStamp": "2023-12-02T03:46:35.0000000+00:00", "$type": "RecordData"}
[19:22:09 VRB] Recording {"DeviceRefId": 35673, "DeviceValue": 295, "DeviceString": "33", "TimeStamp": "2023-12-02T03:46:40.0000000+00:00", "$type": "RecordData"}
[19:22:09 VRB] Adding to database: {"DeviceRefId": 35673, "DeviceValue": 295, "DeviceString": "33", "TimeStamp": "2023-12-02T03:46:40.0000000+00:00", "$type": "RecordData"}
[19:22:09 VRB] Recording {"DeviceRefId": 35673, "DeviceValue": 296, "DeviceString": "33", "TimeStamp": "2023-12-02T03:46:45.0000000+00:00", "$type": "RecordData"}
[19:22:09 VRB] Adding to database: {"DeviceRefId": 35673, "DeviceValue": 296, "DeviceString": "33", "TimeStamp": "2023-12-02T03:46:45.0000000+00:00", "$type": "RecordData"}
[19:22:09 VRB] Recording {"DeviceRefId": 35673, "DeviceValue": 297, "DeviceString": "33", "TimeStamp": "2023-12-02T03:46:50.0000000+00:00", "$type": "RecordData"}
[19:22:09 VRB] Adding to database: {"DeviceRefId": 35673, "DeviceValue": 297, "DeviceString": "33", "TimeStamp": "2023-12-02T03:46:50.0000000+00:00", "$type": "RecordData"}
[19:22:09 VRB] Recording {"DeviceRefId": 35673, "DeviceValue": 298, "DeviceString": "33", "TimeStamp": "2023-12-02T03:46:55.0000000+00:00", "$type": "RecordData"}
[19:22:09 VRB] Adding to database: {"DeviceRefId": 35673, "DeviceValue": 298, "DeviceString": "33", "TimeStamp": "2023-12-02T03:46:55.0000000+00:00", "$type": "RecordData"}
[19:22:09 VRB] Recording {"DeviceRefId": 35673, "DeviceValue": 299, "DeviceString": "33", "TimeStamp": "2023-12-02T03:47:00.0000000+00:00", "$type": "RecordData"}
[19:22:09 VRB] Adding to database: {"DeviceRefId": 35673, "DeviceValue": 299, "DeviceString": "33", "TimeStamp": "2023-12-02T03:47:00.0000000+00:00", "$type": "RecordData"}
[19:22:09 VRB] Recording {"DeviceRefId": 35673, "DeviceValue": 300, "DeviceString": "33", "TimeStamp": "2023-12-02T03:47:05.0000000+00:00", "$type": "RecordData"}
[19:22:09 VRB] Adding to database: {"DeviceRefId": 35673, "DeviceValue": 300, "DeviceString": "33", "TimeStamp": "2023-12-02T03:47:05.0000000+00:00", "$type": "RecordData"}
[19:22:09 VRB] Recording {"DeviceRefId": 35673, "DeviceValue": 301, "DeviceString": "33", "TimeStamp": "2023-12-02T03:47:10.0000000+00:00", "$type": "RecordData"}
[19:22:09 VRB] Adding to database: {"DeviceRefId": 35673, "DeviceValue": 301, "DeviceString": "33", "TimeStamp": "2023-12-02T03:47:10.0000000+00:00", "$type": "RecordData"}
[19:22:09 VRB] Recording {"DeviceRefId": 35673, "DeviceValue": 302, "DeviceString": "33", "TimeStamp": "2023-12-02T03:47:15.0000000+00:00", "$type": "RecordData"}
[19:22:09 VRB] Adding to database: {"DeviceRefId": 35673, "DeviceValue": 302, "DeviceString": "33", "TimeStamp": "2023-12-02T03:47:15.0000000+00:00", "$type": "RecordData"}
[19:22:09 VRB] Recording {"DeviceRefId": 35673, "DeviceValue": 303, "DeviceString": "33", "TimeStamp": "2023-12-02T03:47:20.0000000+00:00", "$type": "RecordData"}
[19:22:09 VRB] Adding to database: {"DeviceRefId": 35673, "DeviceValue": 303, "DeviceString": "33", "TimeStamp": "2023-12-02T03:47:20.0000000+00:00", "$type": "RecordData"}
[19:22:09 VRB] Recording {"DeviceRefId": 35673, "DeviceValue": 304, "DeviceString": "33", "TimeStamp": "2023-12-02T03:47:25.0000000+00:00", "$type": "RecordData"}
[19:22:09 VRB] Adding to database: {"DeviceRefId": 35673, "DeviceValue": 304, "DeviceString": "33", "TimeStamp": "2023-12-02T03:47:25.0000000+00:00", "$type": "RecordData"}
[19:22:09 VRB] Recording {"DeviceRefId": 35673, "DeviceValue": 305, "DeviceString": "33", "TimeStamp": "2023-12-02T03:47:30.0000000+00:00", "$type": "RecordData"}
[19:22:09 VRB] Adding to database: {"DeviceRefId": 35673, "DeviceValue": 305, "DeviceString": "33", "TimeStamp": "2023-12-02T03:47:30.0000000+00:00", "$type": "RecordData"}
[19:22:09 VRB] Recording {"DeviceRefId": 35673, "DeviceValue": 306, "DeviceString": "33", "TimeStamp": "2023-12-02T03:47:35.0000000+00:00", "$type": "RecordData"}
[19:22:09 VRB] Adding to database: {"DeviceRefId": 35673, "DeviceValue": 306, "DeviceString": "33", "TimeStamp": "2023-12-02T03:47:35.0000000+00:00", "$type": "RecordData"}
[19:22:09 VRB] Recording {"DeviceRefId": 35673, "DeviceValue": 307, "DeviceString": "33", "TimeStamp": "2023-12-02T03:47:40.0000000+00:00", "$type": "RecordData"}
[19:22:09 VRB] Adding to database: {"DeviceRefId": 35673, "DeviceValue": 307, "DeviceString": "33", "TimeStamp": "2023-12-02T03:47:40.0000000+00:00", "$type": "RecordData"}
[19:22:09 VRB] Recording {"DeviceRefId": 35673, "DeviceValue": 308, "DeviceString": "33", "TimeStamp": "2023-12-02T03:47:45.0000000+00:00", "$type": "RecordData"}
[19:22:09 VRB] Adding to database: {"DeviceRefId": 35673, "DeviceValue": 308, "DeviceString": "33", "TimeStamp": "2023-12-02T03:47:45.0000000+00:00", "$type": "RecordData"}
[19:22:09 VRB] Recording {"DeviceRefId": 35673, "DeviceValue": 309, "DeviceString": "33", "TimeStamp": "2023-12-02T03:47:50.0000000+00:00", "$type": "RecordData"}
[19:22:09 VRB] Adding to database: {"DeviceRefId": 35673, "DeviceValue": 309, "DeviceString": "33", "TimeStamp": "2023-12-02T03:47:50.0000000+00:00", "$type": "RecordData"}
[19:22:09 VRB] Recording {"DeviceRefId": 35673, "DeviceValue": 310, "DeviceString": "33", "TimeStamp": "2023-12-02T03:47:55.0000000+00:00", "$type": "RecordData"}
[19:22:09 VRB] Adding to database: {"DeviceRefId": 35673, "DeviceValue": 310, "DeviceString": "33", "TimeStamp": "2023-12-02T03:47:55.0000000+00:00", "$type": "RecordData"}
[19:22:09 VRB] Recording {"DeviceRefId": 35673, "DeviceValue": 311, "DeviceString": "33", "TimeStamp": "2023-12-02T03:48:00.0000000+00:00", "$type": "RecordData"}
[19:22:09 VRB] Adding to database: {"DeviceRefId": 35673, "DeviceValue": 311, "DeviceString": "33", "TimeStamp": "2023-12-02T03:48:00.0000000+00:00", "$type": "RecordData"}
[19:22:09 VRB] Recording {"DeviceRefId": 35673, "DeviceValue": 312, "DeviceString": "33", "TimeStamp": "2023-12-02T03:48:05.0000000+00:00", "$type": "RecordData"}
[19:22:09 VRB] Adding to database: {"DeviceRefId": 35673, "DeviceValue": 312, "DeviceString": "33", "TimeStamp": "2023-12-02T03:48:05.0000000+00:00", "$type": "RecordData"}
[19:22:09 VRB] Recording {"DeviceRefId": 35673, "DeviceValue": 313, "DeviceString": "33", "TimeStamp": "2023-12-02T03:48:10.0000000+00:00", "$type": "RecordData"}
[19:22:09 VRB] Adding to database: {"DeviceRefId": 35673, "DeviceValue": 313, "DeviceString": "33", "TimeStamp": "2023-12-02T03:48:10.0000000+00:00", "$type": "RecordData"}
[19:22:09 VRB] Recording {"DeviceRefId": 35673, "DeviceValue": 314, "DeviceString": "33", "TimeStamp": "2023-12-02T03:48:15.0000000+00:00", "$type": "RecordData"}
[19:22:09 VRB] Adding to database: {"DeviceRefId": 35673, "DeviceValue": 314, "DeviceString": "33", "TimeStamp": "2023-12-02T03:48:15.0000000+00:00", "$type": "RecordData"}
[19:22:09 VRB] Recording {"DeviceRefId": 35673, "DeviceValue": 315, "DeviceString": "33", "TimeStamp": "2023-12-02T03:48:20.0000000+00:00", "$type": "RecordData"}
[19:22:09 VRB] Adding to database: {"DeviceRefId": 35673, "DeviceValue": 315, "DeviceString": "33", "TimeStamp": "2023-12-02T03:48:20.0000000+00:00", "$type": "RecordData"}
[19:22:09 VRB] Recording {"DeviceRefId": 35673, "DeviceValue": 316, "DeviceString": "33", "TimeStamp": "2023-12-02T03:48:25.0000000+00:00", "$type": "RecordData"}
[19:22:09 VRB] Adding to database: {"DeviceRefId": 35673, "DeviceValue": 316, "DeviceString": "33", "TimeStamp": "2023-12-02T03:48:25.0000000+00:00", "$type": "RecordData"}
[19:22:09 VRB] Recording {"DeviceRefId": 35673, "DeviceValue": 317, "DeviceString": "33", "TimeStamp": "2023-12-02T03:48:30.0000000+00:00", "$type": "RecordData"}
[19:22:09 VRB] Adding to database: {"DeviceRefId": 35673, "DeviceValue": 317, "DeviceString": "33", "TimeStamp": "2023-12-02T03:48:30.0000000+00:00", "$type": "RecordData"}
[19:22:09 VRB] Recording {"DeviceRefId": 35673, "DeviceValue": 318, "DeviceString": "33", "TimeStamp": "2023-12-02T03:48:35.0000000+00:00", "$type": "RecordData"}
[19:22:09 VRB] Adding to database: {"DeviceRefId": 35673, "DeviceValue": 318, "DeviceString": "33", "TimeStamp": "2023-12-02T03:48:35.0000000+00:00", "$type": "RecordData"}
[19:22:09 VRB] Recording {"DeviceRefId": 35673, "DeviceValue": 319, "DeviceString": "33", "TimeStamp": "2023-12-02T03:48:40.0000000+00:00", "$type": "RecordData"}
[19:22:10 VRB] Adding to database: {"DeviceRefId": 35673, "DeviceValue": 319, "DeviceString": "33", "TimeStamp": "2023-12-02T03:48:40.0000000+00:00", "$type": "RecordData"}
[19:22:10 VRB] Recording {"DeviceRefId": 35673, "DeviceValue": 320, "DeviceString": "33", "TimeStamp": "2023-12-02T03:48:45.0000000+00:00", "$type": "RecordData"}
[19:22:10 VRB] Adding to database: {"DeviceRefId": 35673, "DeviceValue": 320, "DeviceString": "33", "TimeStamp": "2023-12-02T03:48:45.0000000+00:00", "$type": "RecordData"}
[19:22:10 VRB] Recording {"DeviceRefId": 35673, "DeviceValue": 321, "DeviceString": "33", "TimeStamp": "2023-12-02T03:48:50.0000000+00:00", "$type": "RecordData"}
[19:22:10 VRB] Adding to database: {"DeviceRefId": 35673, "DeviceValue": 321, "DeviceString": "33", "TimeStamp": "2023-12-02T03:48:50.0000000+00:00", "$type": "RecordData"}
[19:22:10 VRB] Recording {"DeviceRefId": 35673, "DeviceValue": 322, "DeviceString": "33", "TimeStamp": "2023-12-02T03:48:55.0000000+00:00", "$type": "RecordData"}
[19:22:10 VRB] Adding to database: {"DeviceRefId": 35673, "DeviceValue": 322, "DeviceString": "33", "TimeStamp": "2023-12-02T03:48:55.0000000+00:00", "$type": "RecordData"}
[19:22:10 VRB] Recording {"DeviceRefId": 35673, "DeviceValue": 323, "DeviceString": "33", "TimeStamp": "2023-12-02T03:49:00.0000000+00:00", "$type": "RecordData"}
[19:22:10 VRB] Adding to database: {"DeviceRefId": 35673, "DeviceValue": 323, "DeviceString": "33", "TimeStamp": "2023-12-02T03:49:00.0000000+00:00", "$type": "RecordData"}
[19:22:10 VRB] Recording {"DeviceRefId": 35673, "DeviceValue": 324, "DeviceString": "33", "TimeStamp": "2023-12-02T03:49:05.0000000+00:00", "$type": "RecordData"}
[19:22:10 VRB] Adding to database: {"DeviceRefId": 35673, "DeviceValue": 324, "DeviceString": "33", "TimeStamp": "2023-12-02T03:49:05.0000000+00:00", "$type": "RecordData"}
[19:22:10 VRB] Recording {"DeviceRefId": 35673, "DeviceValue": 325, "DeviceString": "33", "TimeStamp": "2023-12-02T03:49:10.0000000+00:00", "$type": "RecordData"}
[19:22:10 VRB] Adding to database: {"DeviceRefId": 35673, "DeviceValue": 325, "DeviceString": "33", "TimeStamp": "2023-12-02T03:49:10.0000000+00:00", "$type": "RecordData"}
[19:22:10 VRB] Recording {"DeviceRefId": 35673, "DeviceValue": 326, "DeviceString": "33", "TimeStamp": "2023-12-02T03:49:15.0000000+00:00", "$type": "RecordData"}
[19:22:10 VRB] Adding to database: {"DeviceRefId": 35673, "DeviceValue": 326, "DeviceString": "33", "TimeStamp": "2023-12-02T03:49:15.0000000+00:00", "$type": "RecordData"}
[19:22:10 VRB] Recording {"DeviceRefId": 35673, "DeviceValue": 327, "DeviceString": "33", "TimeStamp": "2023-12-02T03:49:20.0000000+00:00", "$type": "RecordData"}
[19:22:10 VRB] Adding to database: {"DeviceRefId": 35673, "DeviceValue": 327, "DeviceString": "33", "TimeStamp": "2023-12-02T03:49:20.0000000+00:00", "$type": "RecordData"}
[19:22:10 VRB] Recording {"DeviceRefId": 35673, "DeviceValue": 328, "DeviceString": "33", "TimeStamp": "2023-12-02T03:49:25.0000000+00:00", "$type": "RecordData"}
[19:22:10 VRB] Adding to database: {"DeviceRefId": 35673, "DeviceValue": 328, "DeviceString": "33", "TimeStamp": "2023-12-02T03:49:25.0000000+00:00", "$type": "RecordData"}
[19:22:10 VRB] Recording {"DeviceRefId": 35673, "DeviceValue": 329, "DeviceString": "33", "TimeStamp": "2023-12-02T03:49:30.0000000+00:00", "$type": "RecordData"}
[19:22:10 VRB] Adding to database: {"DeviceRefId": 35673, "DeviceValue": 329, "DeviceString": "33", "TimeStamp": "2023-12-02T03:49:30.0000000+00:00", "$type": "RecordData"}
[19:22:10 VRB] Recording {"DeviceRefId": 35673, "DeviceValue": 330, "DeviceString": "33", "TimeStamp": "2023-12-02T03:49:35.0000000+00:00", "$type": "RecordData"}
[19:22:10 VRB] Adding to database: {"DeviceRefId": 35673, "DeviceValue": 330, "DeviceString": "33", "TimeStamp": "2023-12-02T03:49:35.0000000+00:00", "$type": "RecordData"}
[19:22:10 VRB] Recording {"DeviceRefId": 35673, "DeviceValue": 331, "DeviceString": "33", "TimeStamp": "2023-12-02T03:49:40.0000000+00:00", "$type": "RecordData"}
[19:22:10 VRB] Adding to database: {"DeviceRefId": 35673, "DeviceValue": 331, "DeviceString": "33", "TimeStamp": "2023-12-02T03:49:40.0000000+00:00", "$type": "RecordData"}
[19:22:10 VRB] Recording {"DeviceRefId": 35673, "DeviceValue": 332, "DeviceString": "33", "TimeStamp": "2023-12-02T03:49:45.0000000+00:00", "$type": "RecordData"}
[19:22:10 VRB] Adding to database: {"DeviceRefId": 35673, "DeviceValue": 332, "DeviceString": "33", "TimeStamp": "2023-12-02T03:49:45.0000000+00:00", "$type": "RecordData"}
[19:22:10 VRB] Recording {"DeviceRefId": 35673, "DeviceValue": 333, "DeviceString": "33", "TimeStamp": "2023-12-02T03:49:50.0000000+00:00", "$type": "RecordData"}
[19:22:10 VRB] Adding to database: {"DeviceRefId": 35673, "DeviceValue": 333, "DeviceString": "33", "TimeStamp": "2023-12-02T03:49:50.0000000+00:00", "$type": "RecordData"}
[19:22:10 VRB] Recording {"DeviceRefId": 35673, "DeviceValue": 334, "DeviceString": "33", "TimeStamp": "2023-12-02T03:49:55.0000000+00:00", "$type": "RecordData"}
[19:22:10 VRB] Adding to database: {"DeviceRefId": 35673, "DeviceValue": 334, "DeviceString": "33", "TimeStamp": "2023-12-02T03:49:55.0000000+00:00", "$type": "RecordData"}
[19:22:10 VRB] Recording {"DeviceRefId": 35673, "DeviceValue": 335, "DeviceString": "33", "TimeStamp": "2023-12-02T03:50:00.0000000+00:00", "$type": "RecordData"}
[19:22:10 VRB] Adding to database: {"DeviceRefId": 35673, "DeviceValue": 335, "DeviceString": "33", "TimeStamp": "2023-12-02T03:50:00.0000000+00:00", "$type": "RecordData"}
[19:22:10 VRB] Recording {"DeviceRefId": 35673, "DeviceValue": 336, "DeviceString": "33", "TimeStamp": "2023-12-02T03:50:05.0000000+00:00", "$type": "RecordData"}
[19:22:10 VRB] Adding to database: {"DeviceRefId": 35673, "DeviceValue": 336, "DeviceString": "33", "TimeStamp": "2023-12-02T03:50:05.0000000+00:00", "$type": "RecordData"}
[19:22:10 VRB] Recording {"DeviceRefId": 35673, "DeviceValue": 337, "DeviceString": "33", "TimeStamp": "2023-12-02T03:50:10.0000000+00:00", "$type": "RecordData"}
[19:22:10 VRB] Adding to database: {"DeviceRefId": 35673, "DeviceValue": 337, "DeviceString": "33", "TimeStamp": "2023-12-02T03:50:10.0000000+00:00", "$type": "RecordData"}
[19:22:10 VRB] Recording {"DeviceRefId": 35673, "DeviceValue": 338, "DeviceString": "33", "TimeStamp": "2023-12-02T03:50:15.0000000+00:00", "$type": "RecordData"}
[19:22:10 VRB] Adding to database: {"DeviceRefId": 35673, "DeviceValue": 338, "DeviceString": "33", "TimeStamp": "2023-12-02T03:50:15.0000000+00:00", "$type": "RecordData"}
[19:22:10 VRB] Recording {"DeviceRefId": 35673, "DeviceValue": 339, "DeviceString": "33", "TimeStamp": "2023-12-02T03:50:20.0000000+00:00", "$type": "RecordData"}
[19:22:10 VRB] Adding to database: {"DeviceRefId": 35673, "DeviceValue": 339, "DeviceString": "33", "TimeStamp": "2023-12-02T03:50:20.0000000+00:00", "$type": "RecordData"}
[19:22:10 VRB] Recording {"DeviceRefId": 35673, "DeviceValue": 340, "DeviceString": "33", "TimeStamp": "2023-12-02T03:50:25.0000000+00:00", "$type": "RecordData"}
[19:22:10 VRB] Adding to database: {"DeviceRefId": 35673, "DeviceValue": 340, "DeviceString": "33", "TimeStamp": "2023-12-02T03:50:25.0000000+00:00", "$type": "RecordData"}
[19:22:10 VRB] Recording {"DeviceRefId": 35673, "DeviceValue": 341, "DeviceString": "33", "TimeStamp": "2023-12-02T03:50:30.0000000+00:00", "$type": "RecordData"}
[19:22:10 VRB] Adding to database: {"DeviceRefId": 35673, "DeviceValue": 341, "DeviceString": "33", "TimeStamp": "2023-12-02T03:50:30.0000000+00:00", "$type": "RecordData"}
[19:22:10 VRB] Recording {"DeviceRefId": 35673, "DeviceValue": 342, "DeviceString": "33", "TimeStamp": "2023-12-02T03:50:35.0000000+00:00", "$type": "RecordData"}
[19:22:10 VRB] Adding to database: {"DeviceRefId": 35673, "DeviceValue": 342, "DeviceString": "33", "TimeStamp": "2023-12-02T03:50:35.0000000+00:00", "$type": "RecordData"}
[19:22:10 VRB] Recording {"DeviceRefId": 35673, "DeviceValue": 343, "DeviceString": "33", "TimeStamp": "2023-12-02T03:50:40.0000000+00:00", "$type": "RecordData"}
[19:22:10 VRB] Adding to database: {"DeviceRefId": 35673, "DeviceValue": 343, "DeviceString": "33", "TimeStamp": "2023-12-02T03:50:40.0000000+00:00", "$type": "RecordData"}
[19:22:10 VRB] Recording {"DeviceRefId": 35673, "DeviceValue": 344, "DeviceString": "33", "TimeStamp": "2023-12-02T03:50:45.0000000+00:00", "$type": "RecordData"}
[19:22:10 VRB] Adding to database: {"DeviceRefId": 35673, "DeviceValue": 344, "DeviceString": "33", "TimeStamp": "2023-12-02T03:50:45.0000000+00:00", "$type": "RecordData"}
[19:22:10 VRB] Recording {"DeviceRefId": 35673, "DeviceValue": 345, "DeviceString": "33", "TimeStamp": "2023-12-02T03:50:50.0000000+00:00", "$type": "RecordData"}
[19:22:10 VRB] Adding to database: {"DeviceRefId": 35673, "DeviceValue": 345, "DeviceString": "33", "TimeStamp": "2023-12-02T03:50:50.0000000+00:00", "$type": "RecordData"}
[19:22:10 VRB] Recording {"DeviceRefId": 35673, "DeviceValue": 346, "DeviceString": "33", "TimeStamp": "2023-12-02T03:50:55.0000000+00:00", "$type": "RecordData"}
[19:22:10 VRB] Adding to database: {"DeviceRefId": 35673, "DeviceValue": 346, "DeviceString": "33", "TimeStamp": "2023-12-02T03:50:55.0000000+00:00", "$type": "RecordData"}
[19:22:10 VRB] Recording {"DeviceRefId": 35673, "DeviceValue": 347, "DeviceString": "33", "TimeStamp": "2023-12-02T03:51:00.0000000+00:00", "$type": "RecordData"}
[19:22:10 VRB] Adding to database: {"DeviceRefId": 35673, "DeviceValue": 347, "DeviceString": "33", "TimeStamp": "2023-12-02T03:51:00.0000000+00:00", "$type": "RecordData"}
[19:22:10 VRB] Recording {"DeviceRefId": 35673, "DeviceValue": 348, "DeviceString": "33", "TimeStamp": "2023-12-02T03:51:05.0000000+00:00", "$type": "RecordData"}
[19:22:10 VRB] Adding to database: {"DeviceRefId": 35673, "DeviceValue": 348, "DeviceString": "33", "TimeStamp": "2023-12-02T03:51:05.0000000+00:00", "$type": "RecordData"}
[19:22:10 VRB] Recording {"DeviceRefId": 35673, "DeviceValue": 349, "DeviceString": "33", "TimeStamp": "2023-12-02T03:51:10.0000000+00:00", "$type": "RecordData"}
[19:22:10 VRB] Adding to database: {"DeviceRefId": 35673, "DeviceValue": 349, "DeviceString": "33", "TimeStamp": "2023-12-02T03:51:10.0000000+00:00", "$type": "RecordData"}
[19:22:10 VRB] Recording {"DeviceRefId": 35673, "DeviceValue": 350, "DeviceString": "33", "TimeStamp": "2023-12-02T03:51:15.0000000+00:00", "$type": "RecordData"}
[19:22:10 VRB] Adding to database: {"DeviceRefId": 35673, "DeviceValue": 350, "DeviceString": "33", "TimeStamp": "2023-12-02T03:51:15.0000000+00:00", "$type": "RecordData"}
[19:22:10 VRB] Recording {"DeviceRefId": 35673, "DeviceValue": 351, "DeviceString": "33", "TimeStamp": "2023-12-02T03:51:20.0000000+00:00", "$type": "RecordData"}
[19:22:10 VRB] Adding to database: {"DeviceRefId": 35673, "DeviceValue": 351, "DeviceString": "33", "TimeStamp": "2023-12-02T03:51:20.0000000+00:00", "$type": "RecordData"}
[19:22:10 VRB] Recording {"DeviceRefId": 35673, "DeviceValue": 352, "DeviceString": "33", "TimeStamp": "2023-12-02T03:51:25.0000000+00:00", "$type": "RecordData"}
[19:22:10 VRB] Adding to database: {"DeviceRefId": 35673, "DeviceValue": 352, "DeviceString": "33", "TimeStamp": "2023-12-02T03:51:25.0000000+00:00", "$type": "RecordData"}
[19:22:10 VRB] Recording {"DeviceRefId": 35673, "DeviceValue": 353, "DeviceString": "33", "TimeStamp": "2023-12-02T03:51:30.0000000+00:00", "$type": "RecordData"}
[19:22:10 VRB] Adding to database: {"DeviceRefId": 35673, "DeviceValue": 353, "DeviceString": "33", "TimeStamp": "2023-12-02T03:51:30.0000000+00:00", "$type": "RecordData"}
[19:22:10 VRB] Recording {"DeviceRefId": 35673, "DeviceValue": 354, "DeviceString": "33", "TimeStamp": "2023-12-02T03:51:35.0000000+00:00", "$type": "RecordData"}
[19:22:10 VRB] Adding to database: {"DeviceRefId": 35673, "DeviceValue": 354, "DeviceString": "33", "TimeStamp": "2023-12-02T03:51:35.0000000+00:00", "$type": "RecordData"}
[19:22:10 VRB] Recording {"DeviceRefId": 35673, "DeviceValue": 355, "DeviceString": "33", "TimeStamp": "2023-12-02T03:51:40.0000000+00:00", "$type": "RecordData"}
[19:22:10 VRB] Adding to database: {"DeviceRefId": 35673, "DeviceValue": 355, "DeviceString": "33", "TimeStamp": "2023-12-02T03:51:40.0000000+00:00", "$type": "RecordData"}
[19:22:10 VRB] Recording {"DeviceRefId": 35673, "DeviceValue": 356, "DeviceString": "33", "TimeStamp": "2023-12-02T03:51:45.0000000+00:00", "$type": "RecordData"}
[19:22:10 VRB] Adding to database: {"DeviceRefId": 35673, "DeviceValue": 356, "DeviceString": "33", "TimeStamp": "2023-12-02T03:51:45.0000000+00:00", "$type": "RecordData"}
[19:22:10 VRB] Recording {"DeviceRefId": 35673, "DeviceValue": 357, "DeviceString": "33", "TimeStamp": "2023-12-02T03:51:50.0000000+00:00", "$type": "RecordData"}
[19:22:10 VRB] Adding to database: {"DeviceRefId": 35673, "DeviceValue": 357, "DeviceString": "33", "TimeStamp": "2023-12-02T03:51:50.0000000+00:00", "$type": "RecordData"}
[19:22:10 VRB] Recording {"DeviceRefId": 35673, "DeviceValue": 358, "DeviceString": "33", "TimeStamp": "2023-12-02T03:51:55.0000000+00:00", "$type": "RecordData"}
[19:22:10 VRB] Adding to database: {"DeviceRefId": 35673, "DeviceValue": 358, "DeviceString": "33", "TimeStamp": "2023-12-02T03:51:55.0000000+00:00", "$type": "RecordData"}
[19:22:10 VRB] Recording {"DeviceRefId": 35673, "DeviceValue": 359, "DeviceString": "33", "TimeStamp": "2023-12-02T03:52:00.0000000+00:00", "$type": "RecordData"}
[19:22:10 VRB] Adding to database: {"DeviceRefId": 35673, "DeviceValue": 359, "DeviceString": "33", "TimeStamp": "2023-12-02T03:52:00.0000000+00:00", "$type": "RecordData"}
[19:22:10 VRB] Recording {"DeviceRefId": 35673, "DeviceValue": 360, "DeviceString": "33", "TimeStamp": "2023-12-02T03:52:05.0000000+00:00", "$type": "RecordData"}
[19:22:10 VRB] Adding to database: {"DeviceRefId": 35673, "DeviceValue": 360, "DeviceString": "33", "TimeStamp": "2023-12-02T03:52:05.0000000+00:00", "$type": "RecordData"}
[19:22:10 VRB] Recording {"DeviceRefId": 35673, "DeviceValue": 361, "DeviceString": "33", "TimeStamp": "2023-12-02T03:52:10.0000000+00:00", "$type": "RecordData"}
[19:22:10 VRB] Adding to database: {"DeviceRefId": 35673, "DeviceValue": 361, "DeviceString": "33", "TimeStamp": "2023-12-02T03:52:10.0000000+00:00", "$type": "RecordData"}
[19:22:10 VRB] Recording {"DeviceRefId": 35673, "DeviceValue": 362, "DeviceString": "33", "TimeStamp": "2023-12-02T03:52:15.0000000+00:00", "$type": "RecordData"}
[19:22:10 VRB] Adding to database: {"DeviceRefId": 35673, "DeviceValue": 362, "DeviceString": "33", "TimeStamp": "2023-12-02T03:52:15.0000000+00:00", "$type": "RecordData"}
[19:22:10 VRB] Recording {"DeviceRefId": 35673, "DeviceValue": 363, "DeviceString": "33", "TimeStamp": "2023-12-02T03:52:20.0000000+00:00", "$type": "RecordData"}
[19:22:10 VRB] Adding to database: {"DeviceRefId": 35673, "DeviceValue": 363, "DeviceString": "33", "TimeStamp": "2023-12-02T03:52:20.0000000+00:00", "$type": "RecordData"}
[19:22:10 VRB] Recording {"DeviceRefId": 35673, "DeviceValue": 364, "DeviceString": "33", "TimeStamp": "2023-12-02T03:52:25.0000000+00:00", "$type": "RecordData"}
[19:22:10 VRB] Adding to database: {"DeviceRefId": 35673, "DeviceValue": 364, "DeviceString": "33", "TimeStamp": "2023-12-02T03:52:25.0000000+00:00", "$type": "RecordData"}
[19:22:10 VRB] Recording {"DeviceRefId": 35673, "DeviceValue": 365, "DeviceString": "33", "TimeStamp": "2023-12-02T03:52:30.0000000+00:00", "$type": "RecordData"}
[19:22:10 VRB] Adding to database: {"DeviceRefId": 35673, "DeviceValue": 365, "DeviceString": "33", "TimeStamp": "2023-12-02T03:52:30.0000000+00:00", "$type": "RecordData"}
[19:22:10 VRB] Recording {"DeviceRefId": 35673, "DeviceValue": 366, "DeviceString": "33", "TimeStamp": "2023-12-02T03:52:35.0000000+00:00", "$type": "RecordData"}
[19:22:10 VRB] Adding to database: {"DeviceRefId": 35673, "DeviceValue": 366, "DeviceString": "33", "TimeStamp": "2023-12-02T03:52:35.0000000+00:00", "$type": "RecordData"}
[19:22:10 VRB] Recording {"DeviceRefId": 35673, "DeviceValue": 367, "DeviceString": "33", "TimeStamp": "2023-12-02T03:52:40.0000000+00:00", "$type": "RecordData"}
[19:22:10 VRB] Adding to database: {"DeviceRefId": 35673, "DeviceValue": 367, "DeviceString": "33", "TimeStamp": "2023-12-02T03:52:40.0000000+00:00", "$type": "RecordData"}
[19:22:10 VRB] Recording {"DeviceRefId": 35673, "DeviceValue": 368, "DeviceString": "33", "TimeStamp": "2023-12-02T03:52:45.0000000+00:00", "$type": "RecordData"}
[19:22:10 VRB] Adding to database: {"DeviceRefId": 35673, "DeviceValue": 368, "DeviceString": "33", "TimeStamp": "2023-12-02T03:52:45.0000000+00:00", "$type": "RecordData"}
[19:22:10 VRB] Recording {"DeviceRefId": 35673, "DeviceValue": 369, "DeviceString": "33", "TimeStamp": "2023-12-02T03:52:50.0000000+00:00", "$type": "RecordData"}
[19:22:10 VRB] Adding to database: {"DeviceRefId": 35673, "DeviceValue": 369, "DeviceString": "33", "TimeStamp": "2023-12-02T03:52:50.0000000+00:00", "$type": "RecordData"}
[19:22:10 VRB] Recording {"DeviceRefId": 35673, "DeviceValue": 370, "DeviceString": "33", "TimeStamp": "2023-12-02T03:52:55.0000000+00:00", "$type": "RecordData"}
[19:22:10 VRB] Adding to database: {"DeviceRefId": 35673, "DeviceValue": 370, "DeviceString": "33", "TimeStamp": "2023-12-02T03:52:55.0000000+00:00", "$type": "RecordData"}
[19:22:10 VRB] Recording {"DeviceRefId": 35673, "DeviceValue": 371, "DeviceString": "33", "TimeStamp": "2023-12-02T03:53:00.0000000+00:00", "$type": "RecordData"}
[19:22:10 VRB] Adding to database: {"DeviceRefId": 35673, "DeviceValue": 371, "DeviceString": "33", "TimeStamp": "2023-12-02T03:53:00.0000000+00:00", "$type": "RecordData"}
[19:22:10 VRB] Recording {"DeviceRefId": 35673, "DeviceValue": 372, "DeviceString": "33", "TimeStamp": "2023-12-02T03:53:05.0000000+00:00", "$type": "RecordData"}
[19:22:10 VRB] Adding to database: {"DeviceRefId": 35673, "DeviceValue": 372, "DeviceString": "33", "TimeStamp": "2023-12-02T03:53:05.0000000+00:00", "$type": "RecordData"}
[19:22:10 VRB] Recording {"DeviceRefId": 35673, "DeviceValue": 373, "DeviceString": "33", "TimeStamp": "2023-12-02T03:53:10.0000000+00:00", "$type": "RecordData"}
[19:22:10 VRB] Adding to database: {"DeviceRefId": 35673, "DeviceValue": 373, "DeviceString": "33", "TimeStamp": "2023-12-02T03:53:10.0000000+00:00", "$type": "RecordData"}
[19:22:10 VRB] Recording {"DeviceRefId": 35673, "DeviceValue": 374, "DeviceString": "33", "TimeStamp": "2023-12-02T03:53:15.0000000+00:00", "$type": "RecordData"}
[19:22:10 VRB] Adding to database: {"DeviceRefId": 35673, "DeviceValue": 374, "DeviceString": "33", "TimeStamp": "2023-12-02T03:53:15.0000000+00:00", "$type": "RecordData"}
[19:22:10 VRB] Recording {"DeviceRefId": 35673, "DeviceValue": 375, "DeviceString": "33", "TimeStamp": "2023-12-02T03:53:20.0000000+00:00", "$type": "RecordData"}
[19:22:10 VRB] Adding to database: {"DeviceRefId": 35673, "DeviceValue": 375, "DeviceString": "33", "TimeStamp": "2023-12-02T03:53:20.0000000+00:00", "$type": "RecordData"}
[19:22:10 VRB] Recording {"DeviceRefId": 35673, "DeviceValue": 376, "DeviceString": "33", "TimeStamp": "2023-12-02T03:53:25.0000000+00:00", "$type": "RecordData"}
[19:22:10 VRB] Adding to database: {"DeviceRefId": 35673, "DeviceValue": 376, "DeviceString": "33", "TimeStamp": "2023-12-02T03:53:25.0000000+00:00", "$type": "RecordData"}
[19:22:10 VRB] Recording {"DeviceRefId": 35673, "DeviceValue": 377, "DeviceString": "33", "TimeStamp": "2023-12-02T03:53:30.0000000+00:00", "$type": "RecordData"}
[19:22:10 VRB] Adding to database: {"DeviceRefId": 35673, "DeviceValue": 377, "DeviceString": "33", "TimeStamp": "2023-12-02T03:53:30.0000000+00:00", "$type": "RecordData"}
[19:22:10 VRB] Recording {"DeviceRefId": 35673, "DeviceValue": 378, "DeviceString": "33", "TimeStamp": "2023-12-02T03:53:35.0000000+00:00", "$type": "RecordData"}
[19:22:10 VRB] Adding to database: {"DeviceRefId": 35673, "DeviceValue": 378, "DeviceString": "33", "TimeStamp": "2023-12-02T03:53:35.0000000+00:00", "$type": "RecordData"}
[19:22:10 VRB] Recording {"DeviceRefId": 35673, "DeviceValue": 379, "DeviceString": "33", "TimeStamp": "2023-12-02T03:53:40.0000000+00:00", "$type": "RecordData"}
[19:22:10 VRB] Adding to database: {"DeviceRefId": 35673, "DeviceValue": 379, "DeviceString": "33", "TimeStamp": "2023-12-02T03:53:40.0000000+00:00", "$type": "RecordData"}
[19:22:11 VRB] Recording {"DeviceRefId": 35673, "DeviceValue": 380, "DeviceString": "33", "TimeStamp": "2023-12-02T03:53:45.0000000+00:00", "$type": "RecordData"}
[19:22:11 VRB] Adding to database: {"DeviceRefId": 35673, "DeviceValue": 380, "DeviceString": "33", "TimeStamp": "2023-12-02T03:53:45.0000000+00:00", "$type": "RecordData"}
[19:22:11 VRB] Recording {"DeviceRefId": 35673, "DeviceValue": 381, "DeviceString": "33", "TimeStamp": "2023-12-02T03:53:50.0000000+00:00", "$type": "RecordData"}
[19:22:11 VRB] Adding to database: {"DeviceRefId": 35673, "DeviceValue": 381, "DeviceString": "33", "TimeStamp": "2023-12-02T03:53:50.0000000+00:00", "$type": "RecordData"}
[19:22:11 VRB] Recording {"DeviceRefId": 35673, "DeviceValue": 382, "DeviceString": "33", "TimeStamp": "2023-12-02T03:53:55.0000000+00:00", "$type": "RecordData"}
[19:22:11 VRB] Adding to database: {"DeviceRefId": 35673, "DeviceValue": 382, "DeviceString": "33", "TimeStamp": "2023-12-02T03:53:55.0000000+00:00", "$type": "RecordData"}
[19:22:11 VRB] Recording {"DeviceRefId": 35673, "DeviceValue": 383, "DeviceString": "33", "TimeStamp": "2023-12-02T03:54:00.0000000+00:00", "$type": "RecordData"}
[19:22:11 VRB] Adding to database: {"DeviceRefId": 35673, "DeviceValue": 383, "DeviceString": "33", "TimeStamp": "2023-12-02T03:54:00.0000000+00:00", "$type": "RecordData"}
[19:22:11 VRB] Recording {"DeviceRefId": 35673, "DeviceValue": 384, "DeviceString": "33", "TimeStamp": "2023-12-02T03:54:05.0000000+00:00", "$type": "RecordData"}
[19:22:11 VRB] Adding to database: {"DeviceRefId": 35673, "DeviceValue": 384, "DeviceString": "33", "TimeStamp": "2023-12-02T03:54:05.0000000+00:00", "$type": "RecordData"}
[19:22:11 VRB] Recording {"DeviceRefId": 35673, "DeviceValue": 385, "DeviceString": "33", "TimeStamp": "2023-12-02T03:54:10.0000000+00:00", "$type": "RecordData"}
[19:22:11 VRB] Adding to database: {"DeviceRefId": 35673, "DeviceValue": 385, "DeviceString": "33", "TimeStamp": "2023-12-02T03:54:10.0000000+00:00", "$type": "RecordData"}
[19:22:11 VRB] Recording {"DeviceRefId": 35673, "DeviceValue": 386, "DeviceString": "33", "TimeStamp": "2023-12-02T03:54:15.0000000+00:00", "$type": "RecordData"}
[19:22:11 VRB] Adding to database: {"DeviceRefId": 35673, "DeviceValue": 386, "DeviceString": "33", "TimeStamp": "2023-12-02T03:54:15.0000000+00:00", "$type": "RecordData"}
[19:22:11 VRB] Recording {"DeviceRefId": 35673, "DeviceValue": 387, "DeviceString": "33", "TimeStamp": "2023-12-02T03:54:20.0000000+00:00", "$type": "RecordData"}
[19:22:11 VRB] Adding to database: {"DeviceRefId": 35673, "DeviceValue": 387, "DeviceString": "33", "TimeStamp": "2023-12-02T03:54:20.0000000+00:00", "$type": "RecordData"}
[19:22:11 VRB] Recording {"DeviceRefId": 35673, "DeviceValue": 388, "DeviceString": "33", "TimeStamp": "2023-12-02T03:54:25.0000000+00:00", "$type": "RecordData"}
[19:22:11 VRB] Adding to database: {"DeviceRefId": 35673, "DeviceValue": 388, "DeviceString": "33", "TimeStamp": "2023-12-02T03:54:25.0000000+00:00", "$type": "RecordData"}
[19:22:11 VRB] Recording {"DeviceRefId": 35673, "DeviceValue": 389, "DeviceString": "33", "TimeStamp": "2023-12-02T03:54:30.0000000+00:00", "$type": "RecordData"}
[19:22:11 VRB] Adding to database: {"DeviceRefId": 35673, "DeviceValue": 389, "DeviceString": "33", "TimeStamp": "2023-12-02T03:54:30.0000000+00:00", "$type": "RecordData"}
[19:22:11 VRB] Recording {"DeviceRefId": 35673, "DeviceValue": 390, "DeviceString": "33", "TimeStamp": "2023-12-02T03:54:35.0000000+00:00", "$type": "RecordData"}
[19:22:11 VRB] Adding to database: {"DeviceRefId": 35673, "DeviceValue": 390, "DeviceString": "33", "TimeStamp": "2023-12-02T03:54:35.0000000+00:00", "$type": "RecordData"}
[19:22:11 VRB] Recording {"DeviceRefId": 35673, "DeviceValue": 391, "DeviceString": "33", "TimeStamp": "2023-12-02T03:54:40.0000000+00:00", "$type": "RecordData"}
[19:22:11 VRB] Adding to database: {"DeviceRefId": 35673, "DeviceValue": 391, "DeviceString": "33", "TimeStamp": "2023-12-02T03:54:40.0000000+00:00", "$type": "RecordData"}
[19:22:11 VRB] Recording {"DeviceRefId": 35673, "DeviceValue": 392, "DeviceString": "33", "TimeStamp": "2023-12-02T03:54:45.0000000+00:00", "$type": "RecordData"}
[19:22:11 VRB] Adding to database: {"DeviceRefId": 35673, "DeviceValue": 392, "DeviceString": "33", "TimeStamp": "2023-12-02T03:54:45.0000000+00:00", "$type": "RecordData"}
[19:22:11 VRB] Recording {"DeviceRefId": 35673, "DeviceValue": 393, "DeviceString": "33", "TimeStamp": "2023-12-02T03:54:50.0000000+00:00", "$type": "RecordData"}
[19:22:11 VRB] Adding to database: {"DeviceRefId": 35673, "DeviceValue": 393, "DeviceString": "33", "TimeStamp": "2023-12-02T03:54:50.0000000+00:00", "$type": "RecordData"}
[19:22:11 VRB] Recording {"DeviceRefId": 35673, "DeviceValue": 394, "DeviceString": "33", "TimeStamp": "2023-12-02T03:54:55.0000000+00:00", "$type": "RecordData"}
[19:22:11 VRB] Adding to database: {"DeviceRefId": 35673, "DeviceValue": 394, "DeviceString": "33", "TimeStamp": "2023-12-02T03:54:55.0000000+00:00", "$type": "RecordData"}
[19:22:11 VRB] Recording {"DeviceRefId": 35673, "DeviceValue": 395, "DeviceString": "33", "TimeStamp": "2023-12-02T03:55:00.0000000+00:00", "$type": "RecordData"}
[19:22:11 VRB] Adding to database: {"DeviceRefId": 35673, "DeviceValue": 395, "DeviceString": "33", "TimeStamp": "2023-12-02T03:55:00.0000000+00:00", "$type": "RecordData"}
[19:22:11 VRB] Recording {"DeviceRefId": 35673, "DeviceValue": 396, "DeviceString": "33", "TimeStamp": "2023-12-02T03:55:05.0000000+00:00", "$type": "RecordData"}
[19:22:11 VRB] Adding to database: {"DeviceRefId": 35673, "DeviceValue": 396, "DeviceString": "33", "TimeStamp": "2023-12-02T03:55:05.0000000+00:00", "$type": "RecordData"}
[19:22:11 VRB] Recording {"DeviceRefId": 35673, "DeviceValue": 397, "DeviceString": "33", "TimeStamp": "2023-12-02T03:55:10.0000000+00:00", "$type": "RecordData"}
[19:22:11 VRB] Adding to database: {"DeviceRefId": 35673, "DeviceValue": 397, "DeviceString": "33", "TimeStamp": "2023-12-02T03:55:10.0000000+00:00", "$type": "RecordData"}
[19:22:11 VRB] Recording {"DeviceRefId": 35673, "DeviceValue": 398, "DeviceString": "33", "TimeStamp": "2023-12-02T03:55:15.0000000+00:00", "$type": "RecordData"}
[19:22:11 VRB] Adding to database: {"DeviceRefId": 35673, "DeviceValue": 398, "DeviceString": "33", "TimeStamp": "2023-12-02T03:55:15.0000000+00:00", "$type": "RecordData"}
[19:22:11 VRB] Recording {"DeviceRefId": 35673, "DeviceValue": 399, "DeviceString": "33", "TimeStamp": "2023-12-02T03:55:20.0000000+00:00", "$type": "RecordData"}
[19:22:11 VRB] Adding to database: {"DeviceRefId": 35673, "DeviceValue": 399, "DeviceString": "33", "TimeStamp": "2023-12-02T03:55:20.0000000+00:00", "$type": "RecordData"}
[19:22:11 VRB] Recording {"DeviceRefId": 35673, "DeviceValue": 400, "DeviceString": "33", "TimeStamp": "2023-12-02T03:55:25.0000000+00:00", "$type": "RecordData"}
[19:22:11 VRB] Adding to database: {"DeviceRefId": 35673, "DeviceValue": 400, "DeviceString": "33", "TimeStamp": "2023-12-02T03:55:25.0000000+00:00", "$type": "RecordData"}
[19:22:11 VRB] Recording {"DeviceRefId": 35673, "DeviceValue": 401, "DeviceString": "33", "TimeStamp": "2023-12-02T03:55:30.0000000+00:00", "$type": "RecordData"}
[19:22:11 VRB] Adding to database: {"DeviceRefId": 35673, "DeviceValue": 401, "DeviceString": "33", "TimeStamp": "2023-12-02T03:55:30.0000000+00:00", "$type": "RecordData"}
[19:22:11 VRB] Recording {"DeviceRefId": 35673, "DeviceValue": 402, "DeviceString": "33", "TimeStamp": "2023-12-02T03:55:35.0000000+00:00", "$type": "RecordData"}
[19:22:11 VRB] Adding to database: {"DeviceRefId": 35673, "DeviceValue": 402, "DeviceString": "33", "TimeStamp": "2023-12-02T03:55:35.0000000+00:00", "$type": "RecordData"}
[19:22:11 VRB] Recording {"DeviceRefId": 35673, "DeviceValue": 403, "DeviceString": "33", "TimeStamp": "2023-12-02T03:55:40.0000000+00:00", "$type": "RecordData"}
[19:22:11 VRB] Adding to database: {"DeviceRefId": 35673, "DeviceValue": 403, "DeviceString": "33", "TimeStamp": "2023-12-02T03:55:40.0000000+00:00", "$type": "RecordData"}
[19:22:11 VRB] Recording {"DeviceRefId": 35673, "DeviceValue": 404, "DeviceString": "33", "TimeStamp": "2023-12-02T03:55:45.0000000+00:00", "$type": "RecordData"}
[19:22:11 VRB] Adding to database: {"DeviceRefId": 35673, "DeviceValue": 404, "DeviceString": "33", "TimeStamp": "2023-12-02T03:55:45.0000000+00:00", "$type": "RecordData"}
[19:22:11 VRB] Recording {"DeviceRefId": 35673, "DeviceValue": 405, "DeviceString": "33", "TimeStamp": "2023-12-02T03:55:50.0000000+00:00", "$type": "RecordData"}
[19:22:11 VRB] Adding to database: {"DeviceRefId": 35673, "DeviceValue": 405, "DeviceString": "33", "TimeStamp": "2023-12-02T03:55:50.0000000+00:00", "$type": "RecordData"}
[19:22:11 VRB] Recording {"DeviceRefId": 35673, "DeviceValue": 406, "DeviceString": "33", "TimeStamp": "2023-12-02T03:55:55.0000000+00:00", "$type": "RecordData"}
[19:22:11 VRB] Adding to database: {"DeviceRefId": 35673, "DeviceValue": 406, "DeviceString": "33", "TimeStamp": "2023-12-02T03:55:55.0000000+00:00", "$type": "RecordData"}
[19:22:11 VRB] Recording {"DeviceRefId": 35673, "DeviceValue": 407, "DeviceString": "33", "TimeStamp": "2023-12-02T03:56:00.0000000+00:00", "$type": "RecordData"}
[19:22:11 VRB] Adding to database: {"DeviceRefId": 35673, "DeviceValue": 407, "DeviceString": "33", "TimeStamp": "2023-12-02T03:56:00.0000000+00:00", "$type": "RecordData"}
[19:22:11 VRB] Recording {"DeviceRefId": 35673, "DeviceValue": 408, "DeviceString": "33", "TimeStamp": "2023-12-02T03:56:05.0000000+00:00", "$type": "RecordData"}
[19:22:11 VRB] Adding to database: {"DeviceRefId": 35673, "DeviceValue": 408, "DeviceString": "33", "TimeStamp": "2023-12-02T03:56:05.0000000+00:00", "$type": "RecordData"}
[19:22:11 VRB] Recording {"DeviceRefId": 35673, "DeviceValue": 409, "DeviceString": "33", "TimeStamp": "2023-12-02T03:56:10.0000000+00:00", "$type": "RecordData"}
[19:22:11 VRB] Adding to database: {"DeviceRefId": 35673, "DeviceValue": 409, "DeviceString": "33", "TimeStamp": "2023-12-02T03:56:10.0000000+00:00", "$type": "RecordData"}
[19:22:11 VRB] Recording {"DeviceRefId": 35673, "DeviceValue": 410, "DeviceString": "33", "TimeStamp": "2023-12-02T03:56:15.0000000+00:00", "$type": "RecordData"}
[19:22:11 VRB] Adding to database: {"DeviceRefId": 35673, "DeviceValue": 410, "DeviceString": "33", "TimeStamp": "2023-12-02T03:56:15.0000000+00:00", "$type": "RecordData"}
[19:22:11 VRB] Recording {"DeviceRefId": 35673, "DeviceValue": 411, "DeviceString": "33", "TimeStamp": "2023-12-02T03:56:20.0000000+00:00", "$type": "RecordData"}
[19:22:11 VRB] Adding to database: {"DeviceRefId": 35673, "DeviceValue": 411, "DeviceString": "33", "TimeStamp": "2023-12-02T03:56:20.0000000+00:00", "$type": "RecordData"}
[19:22:11 VRB] Recording {"DeviceRefId": 35673, "DeviceValue": 412, "DeviceString": "33", "TimeStamp": "2023-12-02T03:56:25.0000000+00:00", "$type": "RecordData"}
[19:22:11 VRB] Adding to database: {"DeviceRefId": 35673, "DeviceValue": 412, "DeviceString": "33", "TimeStamp": "2023-12-02T03:56:25.0000000+00:00", "$type": "RecordData"}
[19:22:11 VRB] Recording {"DeviceRefId": 35673, "DeviceValue": 413, "DeviceString": "33", "TimeStamp": "2023-12-02T03:56:30.0000000+00:00", "$type": "RecordData"}
[19:22:11 VRB] Adding to database: {"DeviceRefId": 35673, "DeviceValue": 413, "DeviceString": "33", "TimeStamp": "2023-12-02T03:56:30.0000000+00:00", "$type": "RecordData"}
[19:22:11 VRB] Recording {"DeviceRefId": 35673, "DeviceValue": 414, "DeviceString": "33", "TimeStamp": "2023-12-02T03:56:35.0000000+00:00", "$type": "RecordData"}
[19:22:11 VRB] Adding to database: {"DeviceRefId": 35673, "DeviceValue": 414, "DeviceString": "33", "TimeStamp": "2023-12-02T03:56:35.0000000+00:00", "$type": "RecordData"}
[19:22:11 VRB] Recording {"DeviceRefId": 35673, "DeviceValue": 415, "DeviceString": "33", "TimeStamp": "2023-12-02T03:56:40.0000000+00:00", "$type": "RecordData"}
[19:22:11 VRB] Adding to database: {"DeviceRefId": 35673, "DeviceValue": 415, "DeviceString": "33", "TimeStamp": "2023-12-02T03:56:40.0000000+00:00", "$type": "RecordData"}
[19:22:11 VRB] Recording {"DeviceRefId": 35673, "DeviceValue": 416, "DeviceString": "33", "TimeStamp": "2023-12-02T03:56:45.0000000+00:00", "$type": "RecordData"}
[19:22:11 VRB] Adding to database: {"DeviceRefId": 35673, "DeviceValue": 416, "DeviceString": "33", "TimeStamp": "2023-12-02T03:56:45.0000000+00:00", "$type": "RecordData"}
[19:22:11 VRB] Recording {"DeviceRefId": 35673, "DeviceValue": 417, "DeviceString": "33", "TimeStamp": "2023-12-02T03:56:50.0000000+00:00", "$type": "RecordData"}
[19:22:11 VRB] Adding to database: {"DeviceRefId": 35673, "DeviceValue": 417, "DeviceString": "33", "TimeStamp": "2023-12-02T03:56:50.0000000+00:00", "$type": "RecordData"}
[19:22:11 VRB] Recording {"DeviceRefId": 35673, "DeviceValue": 418, "DeviceString": "33", "TimeStamp": "2023-12-02T03:56:55.0000000+00:00", "$type": "RecordData"}
[19:22:11 VRB] Adding to database: {"DeviceRefId": 35673, "DeviceValue": 418, "DeviceString": "33", "TimeStamp": "2023-12-02T03:56:55.0000000+00:00", "$type": "RecordData"}
[19:22:11 VRB] Recording {"DeviceRefId": 35673, "DeviceValue": 419, "DeviceString": "33", "TimeStamp": "2023-12-02T03:57:00.0000000+00:00", "$type": "RecordData"}
[19:22:11 VRB] Adding to database: {"DeviceRefId": 35673, "DeviceValue": 419, "DeviceString": "33", "TimeStamp": "2023-12-02T03:57:00.0000000+00:00", "$type": "RecordData"}
[19:22:11 VRB] Recording {"DeviceRefId": 35673, "DeviceValue": 420, "DeviceString": "33", "TimeStamp": "2023-12-02T03:57:05.0000000+00:00", "$type": "RecordData"}
[19:22:11 VRB] Adding to database: {"DeviceRefId": 35673, "DeviceValue": 420, "DeviceString": "33", "TimeStamp": "2023-12-02T03:57:05.0000000+00:00", "$type": "RecordData"}
[19:22:11 VRB] Recording {"DeviceRefId": 35673, "DeviceValue": 421, "DeviceString": "33", "TimeStamp": "2023-12-02T03:57:10.0000000+00:00", "$type": "RecordData"}
[19:22:11 VRB] Adding to database: {"DeviceRefId": 35673, "DeviceValue": 421, "DeviceString": "33", "TimeStamp": "2023-12-02T03:57:10.0000000+00:00", "$type": "RecordData"}
[19:22:11 VRB] Recording {"DeviceRefId": 35673, "DeviceValue": 422, "DeviceString": "33", "TimeStamp": "2023-12-02T03:57:15.0000000+00:00", "$type": "RecordData"}
[19:22:11 VRB] Adding to database: {"DeviceRefId": 35673, "DeviceValue": 422, "DeviceString": "33", "TimeStamp": "2023-12-02T03:57:15.0000000+00:00", "$type": "RecordData"}
[19:22:11 VRB] Recording {"DeviceRefId": 35673, "DeviceValue": 423, "DeviceString": "33", "TimeStamp": "2023-12-02T03:57:20.0000000+00:00", "$type": "RecordData"}
[19:22:11 VRB] Adding to database: {"DeviceRefId": 35673, "DeviceValue": 423, "DeviceString": "33", "TimeStamp": "2023-12-02T03:57:20.0000000+00:00", "$type": "RecordData"}
[19:22:11 VRB] Recording {"DeviceRefId": 35673, "DeviceValue": 424, "DeviceString": "33", "TimeStamp": "2023-12-02T03:57:25.0000000+00:00", "$type": "RecordData"}
[19:22:11 VRB] Adding to database: {"DeviceRefId": 35673, "DeviceValue": 424, "DeviceString": "33", "TimeStamp": "2023-12-02T03:57:25.0000000+00:00", "$type": "RecordData"}
[19:22:11 VRB] Recording {"DeviceRefId": 35673, "DeviceValue": 425, "DeviceString": "33", "TimeStamp": "2023-12-02T03:57:30.0000000+00:00", "$type": "RecordData"}
[19:22:11 VRB] Adding to database: {"DeviceRefId": 35673, "DeviceValue": 425, "DeviceString": "33", "TimeStamp": "2023-12-02T03:57:30.0000000+00:00", "$type": "RecordData"}
[19:22:11 VRB] Recording {"DeviceRefId": 35673, "DeviceValue": 426, "DeviceString": "33", "TimeStamp": "2023-12-02T03:57:35.0000000+00:00", "$type": "RecordData"}
[19:22:11 VRB] Adding to database: {"DeviceRefId": 35673, "DeviceValue": 426, "DeviceString": "33", "TimeStamp": "2023-12-02T03:57:35.0000000+00:00", "$type": "RecordData"}
[19:22:11 VRB] Recording {"DeviceRefId": 35673, "DeviceValue": 427, "DeviceString": "33", "TimeStamp": "2023-12-02T03:57:40.0000000+00:00", "$type": "RecordData"}
[19:22:11 VRB] Adding to database: {"DeviceRefId": 35673, "DeviceValue": 427, "DeviceString": "33", "TimeStamp": "2023-12-02T03:57:40.0000000+00:00", "$type": "RecordData"}
[19:22:11 VRB] Recording {"DeviceRefId": 35673, "DeviceValue": 428, "DeviceString": "33", "TimeStamp": "2023-12-02T03:57:45.0000000+00:00", "$type": "RecordData"}
[19:22:11 VRB] Adding to database: {"DeviceRefId": 35673, "DeviceValue": 428, "DeviceString": "33", "TimeStamp": "2023-12-02T03:57:45.0000000+00:00", "$type": "RecordData"}
[19:22:11 VRB] Recording {"DeviceRefId": 35673, "DeviceValue": 429, "DeviceString": "33", "TimeStamp": "2023-12-02T03:57:50.0000000+00:00", "$type": "RecordData"}
[19:22:11 VRB] Adding to database: {"DeviceRefId": 35673, "DeviceValue": 429, "DeviceString": "33", "TimeStamp": "2023-12-02T03:57:50.0000000+00:00", "$type": "RecordData"}
[19:22:11 VRB] Recording {"DeviceRefId": 35673, "DeviceValue": 430, "DeviceString": "33", "TimeStamp": "2023-12-02T03:57:55.0000000+00:00", "$type": "RecordData"}
[19:22:11 VRB] Adding to database: {"DeviceRefId": 35673, "DeviceValue": 430, "DeviceString": "33", "TimeStamp": "2023-12-02T03:57:55.0000000+00:00", "$type": "RecordData"}
[19:22:11 VRB] Recording {"DeviceRefId": 35673, "DeviceValue": 431, "DeviceString": "33", "TimeStamp": "2023-12-02T03:58:00.0000000+00:00", "$type": "RecordData"}
[19:22:11 VRB] Adding to database: {"DeviceRefId": 35673, "DeviceValue": 431, "DeviceString": "33", "TimeStamp": "2023-12-02T03:58:00.0000000+00:00", "$type": "RecordData"}
[19:22:11 VRB] Recording {"DeviceRefId": 35673, "DeviceValue": 432, "DeviceString": "33", "TimeStamp": "2023-12-02T03:58:05.0000000+00:00", "$type": "RecordData"}
[19:22:11 VRB] Adding to database: {"DeviceRefId": 35673, "DeviceValue": 432, "DeviceString": "33", "TimeStamp": "2023-12-02T03:58:05.0000000+00:00", "$type": "RecordData"}
[19:22:11 VRB] Recording {"DeviceRefId": 35673, "DeviceValue": 433, "DeviceString": "33", "TimeStamp": "2023-12-02T03:58:10.0000000+00:00", "$type": "RecordData"}
[19:22:11 VRB] Adding to database: {"DeviceRefId": 35673, "DeviceValue": 433, "DeviceString": "33", "TimeStamp": "2023-12-02T03:58:10.0000000+00:00", "$type": "RecordData"}
[19:22:11 VRB] Recording {"DeviceRefId": 35673, "DeviceValue": 434, "DeviceString": "33", "TimeStamp": "2023-12-02T03:58:15.0000000+00:00", "$type": "RecordData"}
[19:22:11 VRB] Adding to database: {"DeviceRefId": 35673, "DeviceValue": 434, "DeviceString": "33", "TimeStamp": "2023-12-02T03:58:15.0000000+00:00", "$type": "RecordData"}
[19:22:11 VRB] Recording {"DeviceRefId": 35673, "DeviceValue": 435, "DeviceString": "33", "TimeStamp": "2023-12-02T03:58:20.0000000+00:00", "$type": "RecordData"}
[19:22:11 VRB] Adding to database: {"DeviceRefId": 35673, "DeviceValue": 435, "DeviceString": "33", "TimeStamp": "2023-12-02T03:58:20.0000000+00:00", "$type": "RecordData"}
[19:22:11 VRB] Recording {"DeviceRefId": 35673, "DeviceValue": 436, "DeviceString": "33", "TimeStamp": "2023-12-02T03:58:25.0000000+00:00", "$type": "RecordData"}
[19:22:11 VRB] Adding to database: {"DeviceRefId": 35673, "DeviceValue": 436, "DeviceString": "33", "TimeStamp": "2023-12-02T03:58:25.0000000+00:00", "$type": "RecordData"}
[19:22:11 VRB] Recording {"DeviceRefId": 35673, "DeviceValue": 437, "DeviceString": "33", "TimeStamp": "2023-12-02T03:58:30.0000000+00:00", "$type": "RecordData"}
[19:22:11 VRB] Adding to database: {"DeviceRefId": 35673, "DeviceValue": 437, "DeviceString": "33", "TimeStamp": "2023-12-02T03:58:30.0000000+00:00", "$type": "RecordData"}
[19:22:11 VRB] Recording {"DeviceRefId": 35673, "DeviceValue": 438, "DeviceString": "33", "TimeStamp": "2023-12-02T03:58:35.0000000+00:00", "$type": "RecordData"}
[19:22:11 VRB] Adding to database: {"DeviceRefId": 35673, "DeviceValue": 438, "DeviceString": "33", "TimeStamp": "2023-12-02T03:58:35.0000000+00:00", "$type": "RecordData"}
[19:22:11 VRB] Recording {"DeviceRefId": 35673, "DeviceValue": 439, "DeviceString": "33", "TimeStamp": "2023-12-02T03:58:40.0000000+00:00", "$type": "RecordData"}
[19:22:11 VRB] Adding to database: {"DeviceRefId": 35673, "DeviceValue": 439, "DeviceString": "33", "TimeStamp": "2023-12-02T03:58:40.0000000+00:00", "$type": "RecordData"}
[19:22:11 VRB] Recording {"DeviceRefId": 35673, "DeviceValue": 440, "DeviceString": "33", "TimeStamp": "2023-12-02T03:58:45.0000000+00:00", "$type": "RecordData"}
[19:22:11 VRB] Adding to database: {"DeviceRefId": 35673, "DeviceValue": 440, "DeviceString": "33", "TimeStamp": "2023-12-02T03:58:45.0000000+00:00", "$type": "RecordData"}
[19:22:11 VRB] Recording {"DeviceRefId": 35673, "DeviceValue": 441, "DeviceString": "33", "TimeStamp": "2023-12-02T03:58:50.0000000+00:00", "$type": "RecordData"}
[19:22:11 VRB] Adding to database: {"DeviceRefId": 35673, "DeviceValue": 441, "DeviceString": "33", "TimeStamp": "2023-12-02T03:58:50.0000000+00:00", "$type": "RecordData"}
[19:22:11 VRB] Recording {"DeviceRefId": 35673, "DeviceValue": 442, "DeviceString": "33", "TimeStamp": "2023-12-02T03:58:55.0000000+00:00", "$type": "RecordData"}
[19:22:11 VRB] Adding to database: {"DeviceRefId": 35673, "DeviceValue": 442, "DeviceString": "33", "TimeStamp": "2023-12-02T03:58:55.0000000+00:00", "$type": "RecordData"}
[19:22:11 VRB] Recording {"DeviceRefId": 35673, "DeviceValue": 443, "DeviceString": "33", "TimeStamp": "2023-12-02T03:59:00.0000000+00:00", "$type": "RecordData"}
[19:22:12 VRB] Adding to database: {"DeviceRefId": 35673, "DeviceValue": 443, "DeviceString": "33", "TimeStamp": "2023-12-02T03:59:00.0000000+00:00", "$type": "RecordData"}
[19:22:12 VRB] Recording {"DeviceRefId": 35673, "DeviceValue": 444, "DeviceString": "33", "TimeStamp": "2023-12-02T03:59:05.0000000+00:00", "$type": "RecordData"}
[19:22:12 VRB] Adding to database: {"DeviceRefId": 35673, "DeviceValue": 444, "DeviceString": "33", "TimeStamp": "2023-12-02T03:59:05.0000000+00:00", "$type": "RecordData"}
[19:22:12 VRB] Recording {"DeviceRefId": 35673, "DeviceValue": 445, "DeviceString": "33", "TimeStamp": "2023-12-02T03:59:10.0000000+00:00", "$type": "RecordData"}
[19:22:12 VRB] Adding to database: {"DeviceRefId": 35673, "DeviceValue": 445, "DeviceString": "33", "TimeStamp": "2023-12-02T03:59:10.0000000+00:00", "$type": "RecordData"}
[19:22:12 VRB] Recording {"DeviceRefId": 35673, "DeviceValue": 446, "DeviceString": "33", "TimeStamp": "2023-12-02T03:59:15.0000000+00:00", "$type": "RecordData"}
[19:22:12 VRB] Adding to database: {"DeviceRefId": 35673, "DeviceValue": 446, "DeviceString": "33", "TimeStamp": "2023-12-02T03:59:15.0000000+00:00", "$type": "RecordData"}
[19:22:12 VRB] Recording {"DeviceRefId": 35673, "DeviceValue": 447, "DeviceString": "33", "TimeStamp": "2023-12-02T03:59:20.0000000+00:00", "$type": "RecordData"}
[19:22:12 VRB] Adding to database: {"DeviceRefId": 35673, "DeviceValue": 447, "DeviceString": "33", "TimeStamp": "2023-12-02T03:59:20.0000000+00:00", "$type": "RecordData"}
[19:22:12 VRB] Recording {"DeviceRefId": 35673, "DeviceValue": 448, "DeviceString": "33", "TimeStamp": "2023-12-02T03:59:25.0000000+00:00", "$type": "RecordData"}
[19:22:12 VRB] Adding to database: {"DeviceRefId": 35673, "DeviceValue": 448, "DeviceString": "33", "TimeStamp": "2023-12-02T03:59:25.0000000+00:00", "$type": "RecordData"}
[19:22:12 VRB] Recording {"DeviceRefId": 35673, "DeviceValue": 449, "DeviceString": "33", "TimeStamp": "2023-12-02T03:59:30.0000000+00:00", "$type": "RecordData"}
[19:22:12 VRB] Adding to database: {"DeviceRefId": 35673, "DeviceValue": 449, "DeviceString": "33", "TimeStamp": "2023-12-02T03:59:30.0000000+00:00", "$type": "RecordData"}
[19:22:12 VRB] Recording {"DeviceRefId": 35673, "DeviceValue": 450, "DeviceString": "33", "TimeStamp": "2023-12-02T03:59:35.0000000+00:00", "$type": "RecordData"}
[19:22:12 VRB] Adding to database: {"DeviceRefId": 35673, "DeviceValue": 450, "DeviceString": "33", "TimeStamp": "2023-12-02T03:59:35.0000000+00:00", "$type": "RecordData"}
[19:22:12 VRB] Recording {"DeviceRefId": 35673, "DeviceValue": 451, "DeviceString": "33", "TimeStamp": "2023-12-02T03:59:40.0000000+00:00", "$type": "RecordData"}
[19:22:12 VRB] Adding to database: {"DeviceRefId": 35673, "DeviceValue": 451, "DeviceString": "33", "TimeStamp": "2023-12-02T03:59:40.0000000+00:00", "$type": "RecordData"}
[19:22:12 VRB] Recording {"DeviceRefId": 35673, "DeviceValue": 452, "DeviceString": "33", "TimeStamp": "2023-12-02T03:59:45.0000000+00:00", "$type": "RecordData"}
[19:22:12 VRB] Adding to database: {"DeviceRefId": 35673, "DeviceValue": 452, "DeviceString": "33", "TimeStamp": "2023-12-02T03:59:45.0000000+00:00", "$type": "RecordData"}
[19:22:12 VRB] Recording {"DeviceRefId": 35673, "DeviceValue": 453, "DeviceString": "33", "TimeStamp": "2023-12-02T03:59:50.0000000+00:00", "$type": "RecordData"}
[19:22:12 VRB] Adding to database: {"DeviceRefId": 35673, "DeviceValue": 453, "DeviceString": "33", "TimeStamp": "2023-12-02T03:59:50.0000000+00:00", "$type": "RecordData"}
[19:22:12 VRB] Recording {"DeviceRefId": 35673, "DeviceValue": 454, "DeviceString": "33", "TimeStamp": "2023-12-02T03:59:55.0000000+00:00", "$type": "RecordData"}
[19:22:12 VRB] Adding to database: {"DeviceRefId": 35673, "DeviceValue": 454, "DeviceString": "33", "TimeStamp": "2023-12-02T03:59:55.0000000+00:00", "$type": "RecordData"}
[19:22:12 VRB] Recording {"DeviceRefId": 35673, "DeviceValue": 455, "DeviceString": "33", "TimeStamp": "2023-12-02T04:00:00.0000000+00:00", "$type": "RecordData"}
[19:22:12 VRB] Adding to database: {"DeviceRefId": 35673, "DeviceValue": 455, "DeviceString": "33", "TimeStamp": "2023-12-02T04:00:00.0000000+00:00", "$type": "RecordData"}
[19:22:12 VRB] Recording {"DeviceRefId": 35673, "DeviceValue": 456, "DeviceString": "33", "TimeStamp": "2023-12-02T04:00:05.0000000+00:00", "$type": "RecordData"}
[19:22:12 VRB] Adding to database: {"DeviceRefId": 35673, "DeviceValue": 456, "DeviceString": "33", "TimeStamp": "2023-12-02T04:00:05.0000000+00:00", "$type": "RecordData"}
[19:22:12 VRB] Recording {"DeviceRefId": 35673, "DeviceValue": 457, "DeviceString": "33", "TimeStamp": "2023-12-02T04:00:10.0000000+00:00", "$type": "RecordData"}
[19:22:12 VRB] Adding to database: {"DeviceRefId": 35673, "DeviceValue": 457, "DeviceString": "33", "TimeStamp": "2023-12-02T04:00:10.0000000+00:00", "$type": "RecordData"}
[19:22:12 VRB] Recording {"DeviceRefId": 35673, "DeviceValue": 458, "DeviceString": "33", "TimeStamp": "2023-12-02T04:00:15.0000000+00:00", "$type": "RecordData"}
[19:22:12 VRB] Adding to database: {"DeviceRefId": 35673, "DeviceValue": 458, "DeviceString": "33", "TimeStamp": "2023-12-02T04:00:15.0000000+00:00", "$type": "RecordData"}
[19:22:12 VRB] Recording {"DeviceRefId": 35673, "DeviceValue": 459, "DeviceString": "33", "TimeStamp": "2023-12-02T04:00:20.0000000+00:00", "$type": "RecordData"}
[19:22:12 VRB] Adding to database: {"DeviceRefId": 35673, "DeviceValue": 459, "DeviceString": "33", "TimeStamp": "2023-12-02T04:00:20.0000000+00:00", "$type": "RecordData"}
[19:22:12 VRB] Recording {"DeviceRefId": 35673, "DeviceValue": 460, "DeviceString": "33", "TimeStamp": "2023-12-02T04:00:25.0000000+00:00", "$type": "RecordData"}
[19:22:12 VRB] Adding to database: {"DeviceRefId": 35673, "DeviceValue": 460, "DeviceString": "33", "TimeStamp": "2023-12-02T04:00:25.0000000+00:00", "$type": "RecordData"}
[19:22:12 VRB] Recording {"DeviceRefId": 35673, "DeviceValue": 461, "DeviceString": "33", "TimeStamp": "2023-12-02T04:00:30.0000000+00:00", "$type": "RecordData"}
[19:22:12 VRB] Adding to database: {"DeviceRefId": 35673, "DeviceValue": 461, "DeviceString": "33", "TimeStamp": "2023-12-02T04:00:30.0000000+00:00", "$type": "RecordData"}
[19:22:12 VRB] Recording {"DeviceRefId": 35673, "DeviceValue": 462, "DeviceString": "33", "TimeStamp": "2023-12-02T04:00:35.0000000+00:00", "$type": "RecordData"}
[19:22:12 VRB] Adding to database: {"DeviceRefId": 35673, "DeviceValue": 462, "DeviceString": "33", "TimeStamp": "2023-12-02T04:00:35.0000000+00:00", "$type": "RecordData"}
[19:22:12 VRB] Recording {"DeviceRefId": 35673, "DeviceValue": 463, "DeviceString": "33", "TimeStamp": "2023-12-02T04:00:40.0000000+00:00", "$type": "RecordData"}
[19:22:12 VRB] Adding to database: {"DeviceRefId": 35673, "DeviceValue": 463, "DeviceString": "33", "TimeStamp": "2023-12-02T04:00:40.0000000+00:00", "$type": "RecordData"}
[19:22:12 VRB] Recording {"DeviceRefId": 35673, "DeviceValue": 464, "DeviceString": "33", "TimeStamp": "2023-12-02T04:00:45.0000000+00:00", "$type": "RecordData"}
[19:22:12 VRB] Adding to database: {"DeviceRefId": 35673, "DeviceValue": 464, "DeviceString": "33", "TimeStamp": "2023-12-02T04:00:45.0000000+00:00", "$type": "RecordData"}
[19:22:12 VRB] Recording {"DeviceRefId": 35673, "DeviceValue": 465, "DeviceString": "33", "TimeStamp": "2023-12-02T04:00:50.0000000+00:00", "$type": "RecordData"}
[19:22:12 VRB] Adding to database: {"DeviceRefId": 35673, "DeviceValue": 465, "DeviceString": "33", "TimeStamp": "2023-12-02T04:00:50.0000000+00:00", "$type": "RecordData"}
[19:22:12 VRB] Recording {"DeviceRefId": 35673, "DeviceValue": 466, "DeviceString": "33", "TimeStamp": "2023-12-02T04:00:55.0000000+00:00", "$type": "RecordData"}
[19:22:12 VRB] Adding to database: {"DeviceRefId": 35673, "DeviceValue": 466, "DeviceString": "33", "TimeStamp": "2023-12-02T04:00:55.0000000+00:00", "$type": "RecordData"}
[19:22:12 VRB] Recording {"DeviceRefId": 35673, "DeviceValue": 467, "DeviceString": "33", "TimeStamp": "2023-12-02T04:01:00.0000000+00:00", "$type": "RecordData"}
[19:22:12 VRB] Adding to database: {"DeviceRefId": 35673, "DeviceValue": 467, "DeviceString": "33", "TimeStamp": "2023-12-02T04:01:00.0000000+00:00", "$type": "RecordData"}
[19:22:12 VRB] Recording {"DeviceRefId": 35673, "DeviceValue": 468, "DeviceString": "33", "TimeStamp": "2023-12-02T04:01:05.0000000+00:00", "$type": "RecordData"}
[19:22:12 VRB] Adding to database: {"DeviceRefId": 35673, "DeviceValue": 468, "DeviceString": "33", "TimeStamp": "2023-12-02T04:01:05.0000000+00:00", "$type": "RecordData"}
[19:22:12 VRB] Recording {"DeviceRefId": 35673, "DeviceValue": 469, "DeviceString": "33", "TimeStamp": "2023-12-02T04:01:10.0000000+00:00", "$type": "RecordData"}
[19:22:12 VRB] Adding to database: {"DeviceRefId": 35673, "DeviceValue": 469, "DeviceString": "33", "TimeStamp": "2023-12-02T04:01:10.0000000+00:00", "$type": "RecordData"}
[19:22:12 VRB] Recording {"DeviceRefId": 35673, "DeviceValue": 470, "DeviceString": "33", "TimeStamp": "2023-12-02T04:01:15.0000000+00:00", "$type": "RecordData"}
[19:22:12 VRB] Adding to database: {"DeviceRefId": 35673, "DeviceValue": 470, "DeviceString": "33", "TimeStamp": "2023-12-02T04:01:15.0000000+00:00", "$type": "RecordData"}
[19:22:12 VRB] Recording {"DeviceRefId": 35673, "DeviceValue": 471, "DeviceString": "33", "TimeStamp": "2023-12-02T04:01:20.0000000+00:00", "$type": "RecordData"}
[19:22:12 VRB] Adding to database: {"DeviceRefId": 35673, "DeviceValue": 471, "DeviceString": "33", "TimeStamp": "2023-12-02T04:01:20.0000000+00:00", "$type": "RecordData"}
[19:22:12 VRB] Recording {"DeviceRefId": 35673, "DeviceValue": 472, "DeviceString": "33", "TimeStamp": "2023-12-02T04:01:25.0000000+00:00", "$type": "RecordData"}
[19:22:12 VRB] Adding to database: {"DeviceRefId": 35673, "DeviceValue": 472, "DeviceString": "33", "TimeStamp": "2023-12-02T04:01:25.0000000+00:00", "$type": "RecordData"}
[19:22:12 VRB] Recording {"DeviceRefId": 35673, "DeviceValue": 473, "DeviceString": "33", "TimeStamp": "2023-12-02T04:01:30.0000000+00:00", "$type": "RecordData"}
[19:22:12 VRB] Adding to database: {"DeviceRefId": 35673, "DeviceValue": 473, "DeviceString": "33", "TimeStamp": "2023-12-02T04:01:30.0000000+00:00", "$type": "RecordData"}
[19:22:12 VRB] Recording {"DeviceRefId": 35673, "DeviceValue": 474, "DeviceString": "33", "TimeStamp": "2023-12-02T04:01:35.0000000+00:00", "$type": "RecordData"}
[19:22:12 VRB] Adding to database: {"DeviceRefId": 35673, "DeviceValue": 474, "DeviceString": "33", "TimeStamp": "2023-12-02T04:01:35.0000000+00:00", "$type": "RecordData"}
[19:22:12 VRB] Recording {"DeviceRefId": 35673, "DeviceValue": 475, "DeviceString": "33", "TimeStamp": "2023-12-02T04:01:40.0000000+00:00", "$type": "RecordData"}
[19:22:12 VRB] Adding to database: {"DeviceRefId": 35673, "DeviceValue": 475, "DeviceString": "33", "TimeStamp": "2023-12-02T04:01:40.0000000+00:00", "$type": "RecordData"}
[19:22:12 VRB] Recording {"DeviceRefId": 35673, "DeviceValue": 476, "DeviceString": "33", "TimeStamp": "2023-12-02T04:01:45.0000000+00:00", "$type": "RecordData"}
[19:22:12 VRB] Adding to database: {"DeviceRefId": 35673, "DeviceValue": 476, "DeviceString": "33", "TimeStamp": "2023-12-02T04:01:45.0000000+00:00", "$type": "RecordData"}
[19:22:12 VRB] Recording {"DeviceRefId": 35673, "DeviceValue": 477, "DeviceString": "33", "TimeStamp": "2023-12-02T04:01:50.0000000+00:00", "$type": "RecordData"}
[19:22:12 VRB] Adding to database: {"DeviceRefId": 35673, "DeviceValue": 477, "DeviceString": "33", "TimeStamp": "2023-12-02T04:01:50.0000000+00:00", "$type": "RecordData"}
[19:22:12 VRB] Recording {"DeviceRefId": 35673, "DeviceValue": 478, "DeviceString": "33", "TimeStamp": "2023-12-02T04:01:55.0000000+00:00", "$type": "RecordData"}
[19:22:12 VRB] Adding to database: {"DeviceRefId": 35673, "DeviceValue": 478, "DeviceString": "33", "TimeStamp": "2023-12-02T04:01:55.0000000+00:00", "$type": "RecordData"}
[19:22:12 VRB] Recording {"DeviceRefId": 35673, "DeviceValue": 479, "DeviceString": "33", "TimeStamp": "2023-12-02T04:02:00.0000000+00:00", "$type": "RecordData"}
[19:22:12 VRB] Adding to database: {"DeviceRefId": 35673, "DeviceValue": 479, "DeviceString": "33", "TimeStamp": "2023-12-02T04:02:00.0000000+00:00", "$type": "RecordData"}
[19:22:12 VRB] Recording {"DeviceRefId": 35673, "DeviceValue": 480, "DeviceString": "33", "TimeStamp": "2023-12-02T04:02:05.0000000+00:00", "$type": "RecordData"}
[19:22:12 VRB] Adding to database: {"DeviceRefId": 35673, "DeviceValue": 480, "DeviceString": "33", "TimeStamp": "2023-12-02T04:02:05.0000000+00:00", "$type": "RecordData"}
[19:22:12 VRB] Recording {"DeviceRefId": 35673, "DeviceValue": 481, "DeviceString": "33", "TimeStamp": "2023-12-02T04:02:10.0000000+00:00", "$type": "RecordData"}
[19:22:12 VRB] Adding to database: {"DeviceRefId": 35673, "DeviceValue": 481, "DeviceString": "33", "TimeStamp": "2023-12-02T04:02:10.0000000+00:00", "$type": "RecordData"}
[19:22:12 VRB] Recording {"DeviceRefId": 35673, "DeviceValue": 482, "DeviceString": "33", "TimeStamp": "2023-12-02T04:02:15.0000000+00:00", "$type": "RecordData"}
[19:22:12 VRB] Adding to database: {"DeviceRefId": 35673, "DeviceValue": 482, "DeviceString": "33", "TimeStamp": "2023-12-02T04:02:15.0000000+00:00", "$type": "RecordData"}
[19:22:12 VRB] Recording {"DeviceRefId": 35673, "DeviceValue": 483, "DeviceString": "33", "TimeStamp": "2023-12-02T04:02:20.0000000+00:00", "$type": "RecordData"}
[19:22:12 VRB] Adding to database: {"DeviceRefId": 35673, "DeviceValue": 483, "DeviceString": "33", "TimeStamp": "2023-12-02T04:02:20.0000000+00:00", "$type": "RecordData"}
[19:22:12 VRB] Recording {"DeviceRefId": 35673, "DeviceValue": 484, "DeviceString": "33", "TimeStamp": "2023-12-02T04:02:25.0000000+00:00", "$type": "RecordData"}
[19:22:12 VRB] Adding to database: {"DeviceRefId": 35673, "DeviceValue": 484, "DeviceString": "33", "TimeStamp": "2023-12-02T04:02:25.0000000+00:00", "$type": "RecordData"}
[19:22:12 VRB] Recording {"DeviceRefId": 35673, "DeviceValue": 485, "DeviceString": "33", "TimeStamp": "2023-12-02T04:02:30.0000000+00:00", "$type": "RecordData"}
[19:22:12 VRB] Adding to database: {"DeviceRefId": 35673, "DeviceValue": 485, "DeviceString": "33", "TimeStamp": "2023-12-02T04:02:30.0000000+00:00", "$type": "RecordData"}
[19:22:12 VRB] Recording {"DeviceRefId": 35673, "DeviceValue": 486, "DeviceString": "33", "TimeStamp": "2023-12-02T04:02:35.0000000+00:00", "$type": "RecordData"}
[19:22:12 VRB] Adding to database: {"DeviceRefId": 35673, "DeviceValue": 486, "DeviceString": "33", "TimeStamp": "2023-12-02T04:02:35.0000000+00:00", "$type": "RecordData"}
[19:22:12 VRB] Recording {"DeviceRefId": 35673, "DeviceValue": 487, "DeviceString": "33", "TimeStamp": "2023-12-02T04:02:40.0000000+00:00", "$type": "RecordData"}
[19:22:12 VRB] Adding to database: {"DeviceRefId": 35673, "DeviceValue": 487, "DeviceString": "33", "TimeStamp": "2023-12-02T04:02:40.0000000+00:00", "$type": "RecordData"}
[19:22:12 VRB] Recording {"DeviceRefId": 35673, "DeviceValue": 488, "DeviceString": "33", "TimeStamp": "2023-12-02T04:02:45.0000000+00:00", "$type": "RecordData"}
[19:22:12 VRB] Adding to database: {"DeviceRefId": 35673, "DeviceValue": 488, "DeviceString": "33", "TimeStamp": "2023-12-02T04:02:45.0000000+00:00", "$type": "RecordData"}
[19:22:12 VRB] Recording {"DeviceRefId": 35673, "DeviceValue": 489, "DeviceString": "33", "TimeStamp": "2023-12-02T04:02:50.0000000+00:00", "$type": "RecordData"}
[19:22:12 VRB] Adding to database: {"DeviceRefId": 35673, "DeviceValue": 489, "DeviceString": "33", "TimeStamp": "2023-12-02T04:02:50.0000000+00:00", "$type": "RecordData"}
[19:22:12 VRB] Recording {"DeviceRefId": 35673, "DeviceValue": 490, "DeviceString": "33", "TimeStamp": "2023-12-02T04:02:55.0000000+00:00", "$type": "RecordData"}
[19:22:12 VRB] Adding to database: {"DeviceRefId": 35673, "DeviceValue": 490, "DeviceString": "33", "TimeStamp": "2023-12-02T04:02:55.0000000+00:00", "$type": "RecordData"}
[19:22:12 VRB] Recording {"DeviceRefId": 35673, "DeviceValue": 491, "DeviceString": "33", "TimeStamp": "2023-12-02T04:03:00.0000000+00:00", "$type": "RecordData"}
[19:22:12 VRB] Adding to database: {"DeviceRefId": 35673, "DeviceValue": 491, "DeviceString": "33", "TimeStamp": "2023-12-02T04:03:00.0000000+00:00", "$type": "RecordData"}
[19:22:12 VRB] Recording {"DeviceRefId": 35673, "DeviceValue": 492, "DeviceString": "33", "TimeStamp": "2023-12-02T04:03:05.0000000+00:00", "$type": "RecordData"}
[19:22:12 VRB] Adding to database: {"DeviceRefId": 35673, "DeviceValue": 492, "DeviceString": "33", "TimeStamp": "2023-12-02T04:03:05.0000000+00:00", "$type": "RecordData"}
[19:22:12 VRB] Recording {"DeviceRefId": 35673, "DeviceValue": 493, "DeviceString": "33", "TimeStamp": "2023-12-02T04:03:10.0000000+00:00", "$type": "RecordData"}
[19:22:12 VRB] Adding to database: {"DeviceRefId": 35673, "DeviceValue": 493, "DeviceString": "33", "TimeStamp": "2023-12-02T04:03:10.0000000+00:00", "$type": "RecordData"}
[19:22:12 VRB] Recording {"DeviceRefId": 35673, "DeviceValue": 494, "DeviceString": "33", "TimeStamp": "2023-12-02T04:03:15.0000000+00:00", "$type": "RecordData"}
[19:22:12 VRB] Adding to database: {"DeviceRefId": 35673, "DeviceValue": 494, "DeviceString": "33", "TimeStamp": "2023-12-02T04:03:15.0000000+00:00", "$type": "RecordData"}
[19:22:12 VRB] Recording {"DeviceRefId": 35673, "DeviceValue": 495, "DeviceString": "33", "TimeStamp": "2023-12-02T04:03:20.0000000+00:00", "$type": "RecordData"}
[19:22:12 VRB] Adding to database: {"DeviceRefId": 35673, "DeviceValue": 495, "DeviceString": "33", "TimeStamp": "2023-12-02T04:03:20.0000000+00:00", "$type": "RecordData"}
[19:22:12 VRB] Recording {"DeviceRefId": 35673, "DeviceValue": 496, "DeviceString": "33", "TimeStamp": "2023-12-02T04:03:25.0000000+00:00", "$type": "RecordData"}
[19:22:12 VRB] Adding to database: {"DeviceRefId": 35673, "DeviceValue": 496, "DeviceString": "33", "TimeStamp": "2023-12-02T04:03:25.0000000+00:00", "$type": "RecordData"}
[19:22:12 VRB] Recording {"DeviceRefId": 35673, "DeviceValue": 497, "DeviceString": "33", "TimeStamp": "2023-12-02T04:03:30.0000000+00:00", "$type": "RecordData"}
[19:22:12 VRB] Adding to database: {"DeviceRefId": 35673, "DeviceValue": 497, "DeviceString": "33", "TimeStamp": "2023-12-02T04:03:30.0000000+00:00", "$type": "RecordData"}
[19:22:12 VRB] Recording {"DeviceRefId": 35673, "DeviceValue": 498, "DeviceString": "33", "TimeStamp": "2023-12-02T04:03:35.0000000+00:00", "$type": "RecordData"}
[19:22:12 VRB] Adding to database: {"DeviceRefId": 35673, "DeviceValue": 498, "DeviceString": "33", "TimeStamp": "2023-12-02T04:03:35.0000000+00:00", "$type": "RecordData"}
[19:22:12 VRB] Recording {"DeviceRefId": 35673, "DeviceValue": 499, "DeviceString": "33", "TimeStamp": "2023-12-02T04:03:40.0000000+00:00", "$type": "RecordData"}
[19:22:12 VRB] Adding to database: {"DeviceRefId": 35673, "DeviceValue": 499, "DeviceString": "33", "TimeStamp": "2023-12-02T04:03:40.0000000+00:00", "$type": "RecordData"}
[19:22:12 VRB] Recording {"DeviceRefId": 35673, "DeviceValue": 500, "DeviceString": "33", "TimeStamp": "2023-12-02T04:03:45.0000000+00:00", "$type": "RecordData"}
[19:22:12 VRB] Adding to database: {"DeviceRefId": 35673, "DeviceValue": 500, "DeviceString": "33", "TimeStamp": "2023-12-02T04:03:45.0000000+00:00", "$type": "RecordData"}
[19:22:12 VRB] Recording {"DeviceRefId": 35673, "DeviceValue": 501, "DeviceString": "33", "TimeStamp": "2023-12-02T04:03:50.0000000+00:00", "$type": "RecordData"}
[19:22:12 VRB] Adding to database: {"DeviceRefId": 35673, "DeviceValue": 501, "DeviceString": "33", "TimeStamp": "2023-12-02T04:03:50.0000000+00:00", "$type": "RecordData"}
[19:22:12 VRB] Recording {"DeviceRefId": 35673, "DeviceValue": 502, "DeviceString": "33", "TimeStamp": "2023-12-02T04:03:55.0000000+00:00", "$type": "RecordData"}
[19:22:12 VRB] Adding to database: {"DeviceRefId": 35673, "DeviceValue": 502, "DeviceString": "33", "TimeStamp": "2023-12-02T04:03:55.0000000+00:00", "$type": "RecordData"}
[19:22:12 VRB] Recording {"DeviceRefId": 35673, "DeviceValue": 503, "DeviceString": "33", "TimeStamp": "2023-12-02T04:04:00.0000000+00:00", "$type": "RecordData"}
[19:22:12 VRB] Adding to database: {"DeviceRefId": 35673, "DeviceValue": 503, "DeviceString": "33", "TimeStamp": "2023-12-02T04:04:00.0000000+00:00", "$type": "RecordData"}
[19:22:12 VRB] Recording {"DeviceRefId": 35673, "DeviceValue": 504, "DeviceString": "33", "TimeStamp": "2023-12-02T04:04:05.0000000+00:00", "$type": "RecordData"}
[19:22:12 VRB] Adding to database: {"DeviceRefId": 35673, "DeviceValue": 504, "DeviceString": "33", "TimeStamp": "2023-12-02T04:04:05.0000000+00:00", "$type": "RecordData"}
[19:22:12 VRB] Recording {"DeviceRefId": 35673, "DeviceValue": 505, "DeviceString": "33", "TimeStamp": "2023-12-02T04:04:10.0000000+00:00", "$type": "RecordData"}
[19:22:12 VRB] Adding to database: {"DeviceRefId": 35673, "DeviceValue": 505, "DeviceString": "33", "TimeStamp": "2023-12-02T04:04:10.0000000+00:00", "$type": "RecordData"}
[19:22:12 VRB] Recording {"DeviceRefId": 35673, "DeviceValue": 506, "DeviceString": "33", "TimeStamp": "2023-12-02T04:04:15.0000000+00:00", "$type": "RecordData"}
[19:22:12 VRB] Adding to database: {"DeviceRefId": 35673, "DeviceValue": 506, "DeviceString": "33", "TimeStamp": "2023-12-02T04:04:15.0000000+00:00", "$type": "RecordData"}
[19:22:12 VRB] Recording {"DeviceRefId": 35673, "DeviceValue": 507, "DeviceString": "33", "TimeStamp": "2023-12-02T04:04:20.0000000+00:00", "$type": "RecordData"}
[19:22:12 VRB] Adding to database: {"DeviceRefId": 35673, "DeviceValue": 507, "DeviceString": "33", "TimeStamp": "2023-12-02T04:04:20.0000000+00:00", "$type": "RecordData"}
[19:22:13 VRB] Recording {"DeviceRefId": 35673, "DeviceValue": 508, "DeviceString": "33", "TimeStamp": "2023-12-02T04:04:25.0000000+00:00", "$type": "RecordData"}
[19:22:13 VRB] Adding to database: {"DeviceRefId": 35673, "DeviceValue": 508, "DeviceString": "33", "TimeStamp": "2023-12-02T04:04:25.0000000+00:00", "$type": "RecordData"}
[19:22:13 VRB] Recording {"DeviceRefId": 35673, "DeviceValue": 509, "DeviceString": "33", "TimeStamp": "2023-12-02T04:04:30.0000000+00:00", "$type": "RecordData"}
[19:22:13 VRB] Adding to database: {"DeviceRefId": 35673, "DeviceValue": 509, "DeviceString": "33", "TimeStamp": "2023-12-02T04:04:30.0000000+00:00", "$type": "RecordData"}
[19:22:13 VRB] Recording {"DeviceRefId": 35673, "DeviceValue": 510, "DeviceString": "33", "TimeStamp": "2023-12-02T04:04:35.0000000+00:00", "$type": "RecordData"}
[19:22:13 VRB] Adding to database: {"DeviceRefId": 35673, "DeviceValue": 510, "DeviceString": "33", "TimeStamp": "2023-12-02T04:04:35.0000000+00:00", "$type": "RecordData"}
[19:22:13 VRB] Recording {"DeviceRefId": 35673, "DeviceValue": 511, "DeviceString": "33", "TimeStamp": "2023-12-02T04:04:40.0000000+00:00", "$type": "RecordData"}
[19:22:13 VRB] Adding to database: {"DeviceRefId": 35673, "DeviceValue": 511, "DeviceString": "33", "TimeStamp": "2023-12-02T04:04:40.0000000+00:00", "$type": "RecordData"}
[19:22:13 VRB] Recording {"DeviceRefId": 35673, "DeviceValue": 512, "DeviceString": "33", "TimeStamp": "2023-12-02T04:04:45.0000000+00:00", "$type": "RecordData"}
[19:22:13 VRB] Adding to database: {"DeviceRefId": 35673, "DeviceValue": 512, "DeviceString": "33", "TimeStamp": "2023-12-02T04:04:45.0000000+00:00", "$type": "RecordData"}
[19:22:13 VRB] Recording {"DeviceRefId": 35673, "DeviceValue": 513, "DeviceString": "33", "TimeStamp": "2023-12-02T04:04:50.0000000+00:00", "$type": "RecordData"}
[19:22:13 VRB] Adding to database: {"DeviceRefId": 35673, "DeviceValue": 513, "DeviceString": "33", "TimeStamp": "2023-12-02T04:04:50.0000000+00:00", "$type": "RecordData"}
[19:22:13 VRB] Recording {"DeviceRefId": 35673, "DeviceValue": 514, "DeviceString": "33", "TimeStamp": "2023-12-02T04:04:55.0000000+00:00", "$type": "RecordData"}
[19:22:13 VRB] Adding to database: {"DeviceRefId": 35673, "DeviceValue": 514, "DeviceString": "33", "TimeStamp": "2023-12-02T04:04:55.0000000+00:00", "$type": "RecordData"}
[19:22:13 VRB] Recording {"DeviceRefId": 35673, "DeviceValue": 515, "DeviceString": "33", "TimeStamp": "2023-12-02T04:05:00.0000000+00:00", "$type": "RecordData"}
[19:22:13 VRB] Adding to database: {"DeviceRefId": 35673, "DeviceValue": 515, "DeviceString": "33", "TimeStamp": "2023-12-02T04:05:00.0000000+00:00", "$type": "RecordData"}
[19:22:13 VRB] Recording {"DeviceRefId": 35673, "DeviceValue": 516, "DeviceString": "33", "TimeStamp": "2023-12-02T04:05:05.0000000+00:00", "$type": "RecordData"}
[19:22:13 VRB] Adding to database: {"DeviceRefId": 35673, "DeviceValue": 516, "DeviceString": "33", "TimeStamp": "2023-12-02T04:05:05.0000000+00:00", "$type": "RecordData"}
[19:22:13 VRB] Recording {"DeviceRefId": 35673, "DeviceValue": 517, "DeviceString": "33", "TimeStamp": "2023-12-02T04:05:10.0000000+00:00", "$type": "RecordData"}
[19:22:13 VRB] Adding to database: {"DeviceRefId": 35673, "DeviceValue": 517, "DeviceString": "33", "TimeStamp": "2023-12-02T04:05:10.0000000+00:00", "$type": "RecordData"}
[19:22:13 VRB] Recording {"DeviceRefId": 35673, "DeviceValue": 518, "DeviceString": "33", "TimeStamp": "2023-12-02T04:05:15.0000000+00:00", "$type": "RecordData"}
[19:22:13 VRB] Adding to database: {"DeviceRefId": 35673, "DeviceValue": 518, "DeviceString": "33", "TimeStamp": "2023-12-02T04:05:15.0000000+00:00", "$type": "RecordData"}
[19:22:13 VRB] Recording {"DeviceRefId": 35673, "DeviceValue": 519, "DeviceString": "33", "TimeStamp": "2023-12-02T04:05:20.0000000+00:00", "$type": "RecordData"}
[19:22:13 VRB] Adding to database: {"DeviceRefId": 35673, "DeviceValue": 519, "DeviceString": "33", "TimeStamp": "2023-12-02T04:05:20.0000000+00:00", "$type": "RecordData"}
[19:22:13 VRB] Recording {"DeviceRefId": 35673, "DeviceValue": 520, "DeviceString": "33", "TimeStamp": "2023-12-02T04:05:25.0000000+00:00", "$type": "RecordData"}
[19:22:13 VRB] Adding to database: {"DeviceRefId": 35673, "DeviceValue": 520, "DeviceString": "33", "TimeStamp": "2023-12-02T04:05:25.0000000+00:00", "$type": "RecordData"}
[19:22:13 VRB] Recording {"DeviceRefId": 35673, "DeviceValue": 521, "DeviceString": "33", "TimeStamp": "2023-12-02T04:05:30.0000000+00:00", "$type": "RecordData"}
[19:22:13 VRB] Adding to database: {"DeviceRefId": 35673, "DeviceValue": 521, "DeviceString": "33", "TimeStamp": "2023-12-02T04:05:30.0000000+00:00", "$type": "RecordData"}
[19:22:13 VRB] Recording {"DeviceRefId": 35673, "DeviceValue": 522, "DeviceString": "33", "TimeStamp": "2023-12-02T04:05:35.0000000+00:00", "$type": "RecordData"}
[19:22:13 VRB] Adding to database: {"DeviceRefId": 35673, "DeviceValue": 522, "DeviceString": "33", "TimeStamp": "2023-12-02T04:05:35.0000000+00:00", "$type": "RecordData"}
[19:22:13 VRB] Recording {"DeviceRefId": 35673, "DeviceValue": 523, "DeviceString": "33", "TimeStamp": "2023-12-02T04:05:40.0000000+00:00", "$type": "RecordData"}
[19:22:13 VRB] Adding to database: {"DeviceRefId": 35673, "DeviceValue": 523, "DeviceString": "33", "TimeStamp": "2023-12-02T04:05:40.0000000+00:00", "$type": "RecordData"}
[19:22:13 VRB] Recording {"DeviceRefId": 35673, "DeviceValue": 524, "DeviceString": "33", "TimeStamp": "2023-12-02T04:05:45.0000000+00:00", "$type": "RecordData"}
[19:22:13 VRB] Adding to database: {"DeviceRefId": 35673, "DeviceValue": 524, "DeviceString": "33", "TimeStamp": "2023-12-02T04:05:45.0000000+00:00", "$type": "RecordData"}
[19:22:13 VRB] Recording {"DeviceRefId": 35673, "DeviceValue": 525, "DeviceString": "33", "TimeStamp": "2023-12-02T04:05:50.0000000+00:00", "$type": "RecordData"}
[19:22:13 VRB] Adding to database: {"DeviceRefId": 35673, "DeviceValue": 525, "DeviceString": "33", "TimeStamp": "2023-12-02T04:05:50.0000000+00:00", "$type": "RecordData"}
[19:22:13 VRB] Recording {"DeviceRefId": 35673, "DeviceValue": 526, "DeviceString": "33", "TimeStamp": "2023-12-02T04:05:55.0000000+00:00", "$type": "RecordData"}
[19:22:13 VRB] Adding to database: {"DeviceRefId": 35673, "DeviceValue": 526, "DeviceString": "33", "TimeStamp": "2023-12-02T04:05:55.0000000+00:00", "$type": "RecordData"}
[19:22:13 VRB] Recording {"DeviceRefId": 35673, "DeviceValue": 527, "DeviceString": "33", "TimeStamp": "2023-12-02T04:06:00.0000000+00:00", "$type": "RecordData"}
[19:22:13 VRB] Adding to database: {"DeviceRefId": 35673, "DeviceValue": 527, "DeviceString": "33", "TimeStamp": "2023-12-02T04:06:00.0000000+00:00", "$type": "RecordData"}
[19:22:13 VRB] Recording {"DeviceRefId": 35673, "DeviceValue": 528, "DeviceString": "33", "TimeStamp": "2023-12-02T04:06:05.0000000+00:00", "$type": "RecordData"}
[19:22:13 VRB] Adding to database: {"DeviceRefId": 35673, "DeviceValue": 528, "DeviceString": "33", "TimeStamp": "2023-12-02T04:06:05.0000000+00:00", "$type": "RecordData"}
[19:22:13 VRB] Recording {"DeviceRefId": 35673, "DeviceValue": 529, "DeviceString": "33", "TimeStamp": "2023-12-02T04:06:10.0000000+00:00", "$type": "RecordData"}
[19:22:13 VRB] Adding to database: {"DeviceRefId": 35673, "DeviceValue": 529, "DeviceString": "33", "TimeStamp": "2023-12-02T04:06:10.0000000+00:00", "$type": "RecordData"}
[19:22:13 VRB] Recording {"DeviceRefId": 35673, "DeviceValue": 530, "DeviceString": "33", "TimeStamp": "2023-12-02T04:06:15.0000000+00:00", "$type": "RecordData"}
[19:22:13 VRB] Adding to database: {"DeviceRefId": 35673, "DeviceValue": 530, "DeviceString": "33", "TimeStamp": "2023-12-02T04:06:15.0000000+00:00", "$type": "RecordData"}
[19:22:13 VRB] Recording {"DeviceRefId": 35673, "DeviceValue": 531, "DeviceString": "33", "TimeStamp": "2023-12-02T04:06:20.0000000+00:00", "$type": "RecordData"}
[19:22:13 VRB] Adding to database: {"DeviceRefId": 35673, "DeviceValue": 531, "DeviceString": "33", "TimeStamp": "2023-12-02T04:06:20.0000000+00:00", "$type": "RecordData"}
[19:22:13 VRB] Recording {"DeviceRefId": 35673, "DeviceValue": 532, "DeviceString": "33", "TimeStamp": "2023-12-02T04:06:25.0000000+00:00", "$type": "RecordData"}
[19:22:13 VRB] Adding to database: {"DeviceRefId": 35673, "DeviceValue": 532, "DeviceString": "33", "TimeStamp": "2023-12-02T04:06:25.0000000+00:00", "$type": "RecordData"}
[19:22:13 VRB] Recording {"DeviceRefId": 35673, "DeviceValue": 533, "DeviceString": "33", "TimeStamp": "2023-12-02T04:06:30.0000000+00:00", "$type": "RecordData"}
[19:22:13 VRB] Adding to database: {"DeviceRefId": 35673, "DeviceValue": 533, "DeviceString": "33", "TimeStamp": "2023-12-02T04:06:30.0000000+00:00", "$type": "RecordData"}
[19:22:13 VRB] Recording {"DeviceRefId": 35673, "DeviceValue": 534, "DeviceString": "33", "TimeStamp": "2023-12-02T04:06:35.0000000+00:00", "$type": "RecordData"}
[19:22:13 VRB] Adding to database: {"DeviceRefId": 35673, "DeviceValue": 534, "DeviceString": "33", "TimeStamp": "2023-12-02T04:06:35.0000000+00:00", "$type": "RecordData"}
[19:22:13 VRB] Recording {"DeviceRefId": 35673, "DeviceValue": 535, "DeviceString": "33", "TimeStamp": "2023-12-02T04:06:40.0000000+00:00", "$type": "RecordData"}
[19:22:13 VRB] Adding to database: {"DeviceRefId": 35673, "DeviceValue": 535, "DeviceString": "33", "TimeStamp": "2023-12-02T04:06:40.0000000+00:00", "$type": "RecordData"}
[19:22:13 VRB] Recording {"DeviceRefId": 35673, "DeviceValue": 536, "DeviceString": "33", "TimeStamp": "2023-12-02T04:06:45.0000000+00:00", "$type": "RecordData"}
[19:22:13 VRB] Adding to database: {"DeviceRefId": 35673, "DeviceValue": 536, "DeviceString": "33", "TimeStamp": "2023-12-02T04:06:45.0000000+00:00", "$type": "RecordData"}
[19:22:13 VRB] Recording {"DeviceRefId": 35673, "DeviceValue": 537, "DeviceString": "33", "TimeStamp": "2023-12-02T04:06:50.0000000+00:00", "$type": "RecordData"}
[19:22:13 VRB] Adding to database: {"DeviceRefId": 35673, "DeviceValue": 537, "DeviceString": "33", "TimeStamp": "2023-12-02T04:06:50.0000000+00:00", "$type": "RecordData"}
[19:22:13 VRB] Recording {"DeviceRefId": 35673, "DeviceValue": 538, "DeviceString": "33", "TimeStamp": "2023-12-02T04:06:55.0000000+00:00", "$type": "RecordData"}
[19:22:13 VRB] Adding to database: {"DeviceRefId": 35673, "DeviceValue": 538, "DeviceString": "33", "TimeStamp": "2023-12-02T04:06:55.0000000+00:00", "$type": "RecordData"}
[19:22:13 VRB] Recording {"DeviceRefId": 35673, "DeviceValue": 539, "DeviceString": "33", "TimeStamp": "2023-12-02T04:07:00.0000000+00:00", "$type": "RecordData"}
[19:22:13 VRB] Adding to database: {"DeviceRefId": 35673, "DeviceValue": 539, "DeviceString": "33", "TimeStamp": "2023-12-02T04:07:00.0000000+00:00", "$type": "RecordData"}
[19:22:13 VRB] Recording {"DeviceRefId": 35673, "DeviceValue": 540, "DeviceString": "33", "TimeStamp": "2023-12-02T04:07:05.0000000+00:00", "$type": "RecordData"}
[19:22:13 VRB] Adding to database: {"DeviceRefId": 35673, "DeviceValue": 540, "DeviceString": "33", "TimeStamp": "2023-12-02T04:07:05.0000000+00:00", "$type": "RecordData"}
[19:22:13 VRB] Recording {"DeviceRefId": 35673, "DeviceValue": 541, "DeviceString": "33", "TimeStamp": "2023-12-02T04:07:10.0000000+00:00", "$type": "RecordData"}
[19:22:13 VRB] Adding to database: {"DeviceRefId": 35673, "DeviceValue": 541, "DeviceString": "33", "TimeStamp": "2023-12-02T04:07:10.0000000+00:00", "$type": "RecordData"}
[19:22:13 VRB] Recording {"DeviceRefId": 35673, "DeviceValue": 542, "DeviceString": "33", "TimeStamp": "2023-12-02T04:07:15.0000000+00:00", "$type": "RecordData"}
[19:22:13 VRB] Adding to database: {"DeviceRefId": 35673, "DeviceValue": 542, "DeviceString": "33", "TimeStamp": "2023-12-02T04:07:15.0000000+00:00", "$type": "RecordData"}
[19:22:13 VRB] Recording {"DeviceRefId": 35673, "DeviceValue": 543, "DeviceString": "33", "TimeStamp": "2023-12-02T04:07:20.0000000+00:00", "$type": "RecordData"}
[19:22:13 VRB] Adding to database: {"DeviceRefId": 35673, "DeviceValue": 543, "DeviceString": "33", "TimeStamp": "2023-12-02T04:07:20.0000000+00:00", "$type": "RecordData"}
[19:22:13 VRB] Recording {"DeviceRefId": 35673, "DeviceValue": 544, "DeviceString": "33", "TimeStamp": "2023-12-02T04:07:25.0000000+00:00", "$type": "RecordData"}
[19:22:13 VRB] Adding to database: {"DeviceRefId": 35673, "DeviceValue": 544, "DeviceString": "33", "TimeStamp": "2023-12-02T04:07:25.0000000+00:00", "$type": "RecordData"}
[19:22:13 VRB] Recording {"DeviceRefId": 35673, "DeviceValue": 545, "DeviceString": "33", "TimeStamp": "2023-12-02T04:07:30.0000000+00:00", "$type": "RecordData"}
[19:22:13 VRB] Adding to database: {"DeviceRefId": 35673, "DeviceValue": 545, "DeviceString": "33", "TimeStamp": "2023-12-02T04:07:30.0000000+00:00", "$type": "RecordData"}
[19:22:13 VRB] Recording {"DeviceRefId": 35673, "DeviceValue": 546, "DeviceString": "33", "TimeStamp": "2023-12-02T04:07:35.0000000+00:00", "$type": "RecordData"}
[19:22:13 VRB] Adding to database: {"DeviceRefId": 35673, "DeviceValue": 546, "DeviceString": "33", "TimeStamp": "2023-12-02T04:07:35.0000000+00:00", "$type": "RecordData"}
[19:22:13 VRB] Recording {"DeviceRefId": 35673, "DeviceValue": 547, "DeviceString": "33", "TimeStamp": "2023-12-02T04:07:40.0000000+00:00", "$type": "RecordData"}
[19:22:13 VRB] Adding to database: {"DeviceRefId": 35673, "DeviceValue": 547, "DeviceString": "33", "TimeStamp": "2023-12-02T04:07:40.0000000+00:00", "$type": "RecordData"}
[19:22:13 VRB] Recording {"DeviceRefId": 35673, "DeviceValue": 548, "DeviceString": "33", "TimeStamp": "2023-12-02T04:07:45.0000000+00:00", "$type": "RecordData"}
[19:22:13 VRB] Adding to database: {"DeviceRefId": 35673, "DeviceValue": 548, "DeviceString": "33", "TimeStamp": "2023-12-02T04:07:45.0000000+00:00", "$type": "RecordData"}
[19:22:13 VRB] Recording {"DeviceRefId": 35673, "DeviceValue": 549, "DeviceString": "33", "TimeStamp": "2023-12-02T04:07:50.0000000+00:00", "$type": "RecordData"}
[19:22:13 VRB] Adding to database: {"DeviceRefId": 35673, "DeviceValue": 549, "DeviceString": "33", "TimeStamp": "2023-12-02T04:07:50.0000000+00:00", "$type": "RecordData"}
[19:22:13 VRB] Recording {"DeviceRefId": 35673, "DeviceValue": 550, "DeviceString": "33", "TimeStamp": "2023-12-02T04:07:55.0000000+00:00", "$type": "RecordData"}
[19:22:13 VRB] Adding to database: {"DeviceRefId": 35673, "DeviceValue": 550, "DeviceString": "33", "TimeStamp": "2023-12-02T04:07:55.0000000+00:00", "$type": "RecordData"}
[19:22:13 VRB] Recording {"DeviceRefId": 35673, "DeviceValue": 551, "DeviceString": "33", "TimeStamp": "2023-12-02T04:08:00.0000000+00:00", "$type": "RecordData"}
[19:22:13 VRB] Adding to database: {"DeviceRefId": 35673, "DeviceValue": 551, "DeviceString": "33", "TimeStamp": "2023-12-02T04:08:00.0000000+00:00", "$type": "RecordData"}
[19:22:13 VRB] Recording {"DeviceRefId": 35673, "DeviceValue": 552, "DeviceString": "33", "TimeStamp": "2023-12-02T04:08:05.0000000+00:00", "$type": "RecordData"}
[19:22:13 VRB] Adding to database: {"DeviceRefId": 35673, "DeviceValue": 552, "DeviceString": "33", "TimeStamp": "2023-12-02T04:08:05.0000000+00:00", "$type": "RecordData"}
[19:22:13 VRB] Recording {"DeviceRefId": 35673, "DeviceValue": 553, "DeviceString": "33", "TimeStamp": "2023-12-02T04:08:10.0000000+00:00", "$type": "RecordData"}
[19:22:13 VRB] Adding to database: {"DeviceRefId": 35673, "DeviceValue": 553, "DeviceString": "33", "TimeStamp": "2023-12-02T04:08:10.0000000+00:00", "$type": "RecordData"}
[19:22:13 VRB] Recording {"DeviceRefId": 35673, "DeviceValue": 554, "DeviceString": "33", "TimeStamp": "2023-12-02T04:08:15.0000000+00:00", "$type": "RecordData"}
[19:22:13 VRB] Adding to database: {"DeviceRefId": 35673, "DeviceValue": 554, "DeviceString": "33", "TimeStamp": "2023-12-02T04:08:15.0000000+00:00", "$type": "RecordData"}
[19:22:13 VRB] Recording {"DeviceRefId": 35673, "DeviceValue": 555, "DeviceString": "33", "TimeStamp": "2023-12-02T04:08:20.0000000+00:00", "$type": "RecordData"}
[19:22:13 VRB] Adding to database: {"DeviceRefId": 35673, "DeviceValue": 555, "DeviceString": "33", "TimeStamp": "2023-12-02T04:08:20.0000000+00:00", "$type": "RecordData"}
[19:22:13 VRB] Recording {"DeviceRefId": 35673, "DeviceValue": 556, "DeviceString": "33", "TimeStamp": "2023-12-02T04:08:25.0000000+00:00", "$type": "RecordData"}
[19:22:13 VRB] Adding to database: {"DeviceRefId": 35673, "DeviceValue": 556, "DeviceString": "33", "TimeStamp": "2023-12-02T04:08:25.0000000+00:00", "$type": "RecordData"}
[19:22:13 VRB] Recording {"DeviceRefId": 35673, "DeviceValue": 557, "DeviceString": "33", "TimeStamp": "2023-12-02T04:08:30.0000000+00:00", "$type": "RecordData"}
[19:22:13 VRB] Adding to database: {"DeviceRefId": 35673, "DeviceValue": 557, "DeviceString": "33", "TimeStamp": "2023-12-02T04:08:30.0000000+00:00", "$type": "RecordData"}
[19:22:13 VRB] Recording {"DeviceRefId": 35673, "DeviceValue": 558, "DeviceString": "33", "TimeStamp": "2023-12-02T04:08:35.0000000+00:00", "$type": "RecordData"}
[19:22:13 VRB] Adding to database: {"DeviceRefId": 35673, "DeviceValue": 558, "DeviceString": "33", "TimeStamp": "2023-12-02T04:08:35.0000000+00:00", "$type": "RecordData"}
[19:22:13 VRB] Recording {"DeviceRefId": 35673, "DeviceValue": 559, "DeviceString": "33", "TimeStamp": "2023-12-02T04:08:40.0000000+00:00", "$type": "RecordData"}
[19:22:13 VRB] Adding to database: {"DeviceRefId": 35673, "DeviceValue": 559, "DeviceString": "33", "TimeStamp": "2023-12-02T04:08:40.0000000+00:00", "$type": "RecordData"}
[19:22:13 VRB] Recording {"DeviceRefId": 35673, "DeviceValue": 560, "DeviceString": "33", "TimeStamp": "2023-12-02T04:08:45.0000000+00:00", "$type": "RecordData"}
[19:22:13 VRB] Adding to database: {"DeviceRefId": 35673, "DeviceValue": 560, "DeviceString": "33", "TimeStamp": "2023-12-02T04:08:45.0000000+00:00", "$type": "RecordData"}
[19:22:13 VRB] Recording {"DeviceRefId": 35673, "DeviceValue": 561, "DeviceString": "33", "TimeStamp": "2023-12-02T04:08:50.0000000+00:00", "$type": "RecordData"}
[19:22:13 VRB] Adding to database: {"DeviceRefId": 35673, "DeviceValue": 561, "DeviceString": "33", "TimeStamp": "2023-12-02T04:08:50.0000000+00:00", "$type": "RecordData"}
[19:22:13 VRB] Recording {"DeviceRefId": 35673, "DeviceValue": 562, "DeviceString": "33", "TimeStamp": "2023-12-02T04:08:55.0000000+00:00", "$type": "RecordData"}
[19:22:13 VRB] Adding to database: {"DeviceRefId": 35673, "DeviceValue": 562, "DeviceString": "33", "TimeStamp": "2023-12-02T04:08:55.0000000+00:00", "$type": "RecordData"}
[19:22:13 VRB] Recording {"DeviceRefId": 35673, "DeviceValue": 563, "DeviceString": "33", "TimeStamp": "2023-12-02T04:09:00.0000000+00:00", "$type": "RecordData"}
[19:22:13 VRB] Adding to database: {"DeviceRefId": 35673, "DeviceValue": 563, "DeviceString": "33", "TimeStamp": "2023-12-02T04:09:00.0000000+00:00", "$type": "RecordData"}
[19:22:13 VRB] Recording {"DeviceRefId": 35673, "DeviceValue": 564, "DeviceString": "33", "TimeStamp": "2023-12-02T04:09:05.0000000+00:00", "$type": "RecordData"}
[19:22:13 VRB] Adding to database: {"DeviceRefId": 35673, "DeviceValue": 564, "DeviceString": "33", "TimeStamp": "2023-12-02T04:09:05.0000000+00:00", "$type": "RecordData"}
[19:22:13 VRB] Recording {"DeviceRefId": 35673, "DeviceValue": 565, "DeviceString": "33", "TimeStamp": "2023-12-02T04:09:10.0000000+00:00", "$type": "RecordData"}
[19:22:13 VRB] Adding to database: {"DeviceRefId": 35673, "DeviceValue": 565, "DeviceString": "33", "TimeStamp": "2023-12-02T04:09:10.0000000+00:00", "$type": "RecordData"}
[19:22:13 VRB] Recording {"DeviceRefId": 35673, "DeviceValue": 566, "DeviceString": "33", "TimeStamp": "2023-12-02T04:09:15.0000000+00:00", "$type": "RecordData"}
[19:22:13 VRB] Adding to database: {"DeviceRefId": 35673, "DeviceValue": 566, "DeviceString": "33", "TimeStamp": "2023-12-02T04:09:15.0000000+00:00", "$type": "RecordData"}
[19:22:13 VRB] Recording {"DeviceRefId": 35673, "DeviceValue": 567, "DeviceString": "33", "TimeStamp": "2023-12-02T04:09:20.0000000+00:00", "$type": "RecordData"}
[19:22:13 VRB] Adding to database: {"DeviceRefId": 35673, "DeviceValue": 567, "DeviceString": "33", "TimeStamp": "2023-12-02T04:09:20.0000000+00:00", "$type": "RecordData"}
[19:22:13 VRB] Recording {"DeviceRefId": 35673, "DeviceValue": 568, "DeviceString": "33", "TimeStamp": "2023-12-02T04:09:25.0000000+00:00", "$type": "RecordData"}
[19:22:13 VRB] Adding to database: {"DeviceRefId": 35673, "DeviceValue": 568, "DeviceString": "33", "TimeStamp": "2023-12-02T04:09:25.0000000+00:00", "$type": "RecordData"}
[19:22:13 VRB] Recording {"DeviceRefId": 35673, "DeviceValue": 569, "DeviceString": "33", "TimeStamp": "2023-12-02T04:09:30.0000000+00:00", "$type": "RecordData"}
[19:22:13 VRB] Adding to database: {"DeviceRefId": 35673, "DeviceValue": 569, "DeviceString": "33", "TimeStamp": "2023-12-02T04:09:30.0000000+00:00", "$type": "RecordData"}
[19:22:13 VRB] Recording {"DeviceRefId": 35673, "DeviceValue": 570, "DeviceString": "33", "TimeStamp": "2023-12-02T04:09:35.0000000+00:00", "$type": "RecordData"}
[19:22:13 VRB] Adding to database: {"DeviceRefId": 35673, "DeviceValue": 570, "DeviceString": "33", "TimeStamp": "2023-12-02T04:09:35.0000000+00:00", "$type": "RecordData"}
[19:22:13 VRB] Recording {"DeviceRefId": 35673, "DeviceValue": 571, "DeviceString": "33", "TimeStamp": "2023-12-02T04:09:40.0000000+00:00", "$type": "RecordData"}
[19:22:13 VRB] Adding to database: {"DeviceRefId": 35673, "DeviceValue": 571, "DeviceString": "33", "TimeStamp": "2023-12-02T04:09:40.0000000+00:00", "$type": "RecordData"}
[19:22:13 VRB] Recording {"DeviceRefId": 35673, "DeviceValue": 572, "DeviceString": "33", "TimeStamp": "2023-12-02T04:09:45.0000000+00:00", "$type": "RecordData"}
[19:22:13 VRB] Adding to database: {"DeviceRefId": 35673, "DeviceValue": 572, "DeviceString": "33", "TimeStamp": "2023-12-02T04:09:45.0000000+00:00", "$type": "RecordData"}
[19:22:13 VRB] Recording {"DeviceRefId": 35673, "DeviceValue": 573, "DeviceString": "33", "TimeStamp": "2023-12-02T04:09:50.0000000+00:00", "$type": "RecordData"}
[19:22:13 VRB] Adding to database: {"DeviceRefId": 35673, "DeviceValue": 573, "DeviceString": "33", "TimeStamp": "2023-12-02T04:09:50.0000000+00:00", "$type": "RecordData"}
[19:22:14 VRB] Recording {"DeviceRefId": 35673, "DeviceValue": 574, "DeviceString": "33", "TimeStamp": "2023-12-02T04:09:55.0000000+00:00", "$type": "RecordData"}
[19:22:14 VRB] Adding to database: {"DeviceRefId": 35673, "DeviceValue": 574, "DeviceString": "33", "TimeStamp": "2023-12-02T04:09:55.0000000+00:00", "$type": "RecordData"}
[19:22:14 VRB] Recording {"DeviceRefId": 35673, "DeviceValue": 575, "DeviceString": "33", "TimeStamp": "2023-12-02T04:10:00.0000000+00:00", "$type": "RecordData"}
[19:22:14 VRB] Adding to database: {"DeviceRefId": 35673, "DeviceValue": 575, "DeviceString": "33", "TimeStamp": "2023-12-02T04:10:00.0000000+00:00", "$type": "RecordData"}
[19:22:14 VRB] Recording {"DeviceRefId": 35673, "DeviceValue": 576, "DeviceString": "33", "TimeStamp": "2023-12-02T04:10:05.0000000+00:00", "$type": "RecordData"}
[19:22:14 VRB] Adding to database: {"DeviceRefId": 35673, "DeviceValue": 576, "DeviceString": "33", "TimeStamp": "2023-12-02T04:10:05.0000000+00:00", "$type": "RecordData"}
[19:22:14 VRB] Recording {"DeviceRefId": 35673, "DeviceValue": 577, "DeviceString": "33", "TimeStamp": "2023-12-02T04:10:10.0000000+00:00", "$type": "RecordData"}
[19:22:14 VRB] Adding to database: {"DeviceRefId": 35673, "DeviceValue": 577, "DeviceString": "33", "TimeStamp": "2023-12-02T04:10:10.0000000+00:00", "$type": "RecordData"}
[19:22:14 VRB] Recording {"DeviceRefId": 35673, "DeviceValue": 578, "DeviceString": "33", "TimeStamp": "2023-12-02T04:10:15.0000000+00:00", "$type": "RecordData"}
[19:22:14 VRB] Adding to database: {"DeviceRefId": 35673, "DeviceValue": 578, "DeviceString": "33", "TimeStamp": "2023-12-02T04:10:15.0000000+00:00", "$type": "RecordData"}
[19:22:14 VRB] Recording {"DeviceRefId": 35673, "DeviceValue": 579, "DeviceString": "33", "TimeStamp": "2023-12-02T04:10:20.0000000+00:00", "$type": "RecordData"}
[19:22:14 VRB] Adding to database: {"DeviceRefId": 35673, "DeviceValue": 579, "DeviceString": "33", "TimeStamp": "2023-12-02T04:10:20.0000000+00:00", "$type": "RecordData"}
[19:22:14 VRB] Recording {"DeviceRefId": 35673, "DeviceValue": 580, "DeviceString": "33", "TimeStamp": "2023-12-02T04:10:25.0000000+00:00", "$type": "RecordData"}
[19:22:14 VRB] Adding to database: {"DeviceRefId": 35673, "DeviceValue": 580, "DeviceString": "33", "TimeStamp": "2023-12-02T04:10:25.0000000+00:00", "$type": "RecordData"}
[19:22:14 VRB] Recording {"DeviceRefId": 35673, "DeviceValue": 581, "DeviceString": "33", "TimeStamp": "2023-12-02T04:10:30.0000000+00:00", "$type": "RecordData"}
[19:22:14 VRB] Adding to database: {"DeviceRefId": 35673, "DeviceValue": 581, "DeviceString": "33", "TimeStamp": "2023-12-02T04:10:30.0000000+00:00", "$type": "RecordData"}
[19:22:14 VRB] Recording {"DeviceRefId": 35673, "DeviceValue": 582, "DeviceString": "33", "TimeStamp": "2023-12-02T04:10:35.0000000+00:00", "$type": "RecordData"}
[19:22:14 VRB] Adding to database: {"DeviceRefId": 35673, "DeviceValue": 582, "DeviceString": "33", "TimeStamp": "2023-12-02T04:10:35.0000000+00:00", "$type": "RecordData"}
[19:22:14 VRB] Recording {"DeviceRefId": 35673, "DeviceValue": 583, "DeviceString": "33", "TimeStamp": "2023-12-02T04:10:40.0000000+00:00", "$type": "RecordData"}
[19:22:14 VRB] Adding to database: {"DeviceRefId": 35673, "DeviceValue": 583, "DeviceString": "33", "TimeStamp": "2023-12-02T04:10:40.0000000+00:00", "$type": "RecordData"}
[19:22:14 VRB] Recording {"DeviceRefId": 35673, "DeviceValue": 584, "DeviceString": "33", "TimeStamp": "2023-12-02T04:10:45.0000000+00:00", "$type": "RecordData"}
[19:22:14 VRB] Adding to database: {"DeviceRefId": 35673, "DeviceValue": 584, "DeviceString": "33", "TimeStamp": "2023-12-02T04:10:45.0000000+00:00", "$type": "RecordData"}
[19:22:14 VRB] Recording {"DeviceRefId": 35673, "DeviceValue": 585, "DeviceString": "33", "TimeStamp": "2023-12-02T04:10:50.0000000+00:00", "$type": "RecordData"}
[19:22:14 VRB] Adding to database: {"DeviceRefId": 35673, "DeviceValue": 585, "DeviceString": "33", "TimeStamp": "2023-12-02T04:10:50.0000000+00:00", "$type": "RecordData"}
[19:22:14 VRB] Recording {"DeviceRefId": 35673, "DeviceValue": 586, "DeviceString": "33", "TimeStamp": "2023-12-02T04:10:55.0000000+00:00", "$type": "RecordData"}
[19:22:14 VRB] Adding to database: {"DeviceRefId": 35673, "DeviceValue": 586, "DeviceString": "33", "TimeStamp": "2023-12-02T04:10:55.0000000+00:00", "$type": "RecordData"}
[19:22:14 VRB] Recording {"DeviceRefId": 35673, "DeviceValue": 587, "DeviceString": "33", "TimeStamp": "2023-12-02T04:11:00.0000000+00:00", "$type": "RecordData"}
[19:22:14 VRB] Adding to database: {"DeviceRefId": 35673, "DeviceValue": 587, "DeviceString": "33", "TimeStamp": "2023-12-02T04:11:00.0000000+00:00", "$type": "RecordData"}
[19:22:14 VRB] Recording {"DeviceRefId": 35673, "DeviceValue": 588, "DeviceString": "33", "TimeStamp": "2023-12-02T04:11:05.0000000+00:00", "$type": "RecordData"}
[19:22:14 VRB] Adding to database: {"DeviceRefId": 35673, "DeviceValue": 588, "DeviceString": "33", "TimeStamp": "2023-12-02T04:11:05.0000000+00:00", "$type": "RecordData"}
[19:22:14 VRB] Recording {"DeviceRefId": 35673, "DeviceValue": 589, "DeviceString": "33", "TimeStamp": "2023-12-02T04:11:10.0000000+00:00", "$type": "RecordData"}
[19:22:14 VRB] Adding to database: {"DeviceRefId": 35673, "DeviceValue": 589, "DeviceString": "33", "TimeStamp": "2023-12-02T04:11:10.0000000+00:00", "$type": "RecordData"}
[19:22:14 VRB] Recording {"DeviceRefId": 35673, "DeviceValue": 590, "DeviceString": "33", "TimeStamp": "2023-12-02T04:11:15.0000000+00:00", "$type": "RecordData"}
[19:22:14 VRB] Adding to database: {"DeviceRefId": 35673, "DeviceValue": 590, "DeviceString": "33", "TimeStamp": "2023-12-02T04:11:15.0000000+00:00", "$type": "RecordData"}
[19:22:14 VRB] Recording {"DeviceRefId": 35673, "DeviceValue": 591, "DeviceString": "33", "TimeStamp": "2023-12-02T04:11:20.0000000+00:00", "$type": "RecordData"}
[19:22:14 VRB] Adding to database: {"DeviceRefId": 35673, "DeviceValue": 591, "DeviceString": "33", "TimeStamp": "2023-12-02T04:11:20.0000000+00:00", "$type": "RecordData"}
[19:22:14 VRB] Recording {"DeviceRefId": 35673, "DeviceValue": 592, "DeviceString": "33", "TimeStamp": "2023-12-02T04:11:25.0000000+00:00", "$type": "RecordData"}
[19:22:14 VRB] Adding to database: {"DeviceRefId": 35673, "DeviceValue": 592, "DeviceString": "33", "TimeStamp": "2023-12-02T04:11:25.0000000+00:00", "$type": "RecordData"}
[19:22:14 VRB] Recording {"DeviceRefId": 35673, "DeviceValue": 593, "DeviceString": "33", "TimeStamp": "2023-12-02T04:11:30.0000000+00:00", "$type": "RecordData"}
[19:22:14 VRB] Adding to database: {"DeviceRefId": 35673, "DeviceValue": 593, "DeviceString": "33", "TimeStamp": "2023-12-02T04:11:30.0000000+00:00", "$type": "RecordData"}
[19:22:14 VRB] Recording {"DeviceRefId": 35673, "DeviceValue": 594, "DeviceString": "33", "TimeStamp": "2023-12-02T04:11:35.0000000+00:00", "$type": "RecordData"}
[19:22:14 VRB] Adding to database: {"DeviceRefId": 35673, "DeviceValue": 594, "DeviceString": "33", "TimeStamp": "2023-12-02T04:11:35.0000000+00:00", "$type": "RecordData"}
[19:22:14 VRB] Recording {"DeviceRefId": 35673, "DeviceValue": 595, "DeviceString": "33", "TimeStamp": "2023-12-02T04:11:40.0000000+00:00", "$type": "RecordData"}
[19:22:14 VRB] Adding to database: {"DeviceRefId": 35673, "DeviceValue": 595, "DeviceString": "33", "TimeStamp": "2023-12-02T04:11:40.0000000+00:00", "$type": "RecordData"}
[19:22:14 VRB] Recording {"DeviceRefId": 35673, "DeviceValue": 596, "DeviceString": "33", "TimeStamp": "2023-12-02T04:11:45.0000000+00:00", "$type": "RecordData"}
[19:22:14 VRB] Adding to database: {"DeviceRefId": 35673, "DeviceValue": 596, "DeviceString": "33", "TimeStamp": "2023-12-02T04:11:45.0000000+00:00", "$type": "RecordData"}
[19:22:14 VRB] Recording {"DeviceRefId": 35673, "DeviceValue": 597, "DeviceString": "33", "TimeStamp": "2023-12-02T04:11:50.0000000+00:00", "$type": "RecordData"}
[19:22:14 VRB] Adding to database: {"DeviceRefId": 35673, "DeviceValue": 597, "DeviceString": "33", "TimeStamp": "2023-12-02T04:11:50.0000000+00:00", "$type": "RecordData"}
[19:22:14 VRB] Recording {"DeviceRefId": 35673, "DeviceValue": 598, "DeviceString": "33", "TimeStamp": "2023-12-02T04:11:55.0000000+00:00", "$type": "RecordData"}
[19:22:14 VRB] Adding to database: {"DeviceRefId": 35673, "DeviceValue": 598, "DeviceString": "33", "TimeStamp": "2023-12-02T04:11:55.0000000+00:00", "$type": "RecordData"}
[19:22:14 VRB] Recording {"DeviceRefId": 35673, "DeviceValue": 599, "DeviceString": "33", "TimeStamp": "2023-12-02T04:12:00.0000000+00:00", "$type": "RecordData"}
[19:22:14 VRB] Adding to database: {"DeviceRefId": 35673, "DeviceValue": 599, "DeviceString": "33", "TimeStamp": "2023-12-02T04:12:00.0000000+00:00", "$type": "RecordData"}
[19:22:14 VRB] Recording {"DeviceRefId": 35673, "DeviceValue": 600, "DeviceString": "33", "TimeStamp": "2023-12-02T04:12:05.0000000+00:00", "$type": "RecordData"}
[19:22:14 VRB] Adding to database: {"DeviceRefId": 35673, "DeviceValue": 600, "DeviceString": "33", "TimeStamp": "2023-12-02T04:12:05.0000000+00:00", "$type": "RecordData"}
[19:22:14 VRB] Recording {"DeviceRefId": 35673, "DeviceValue": 601, "DeviceString": "33", "TimeStamp": "2023-12-02T04:12:10.0000000+00:00", "$type": "RecordData"}
[19:22:14 VRB] Adding to database: {"DeviceRefId": 35673, "DeviceValue": 601, "DeviceString": "33", "TimeStamp": "2023-12-02T04:12:10.0000000+00:00", "$type": "RecordData"}
[19:22:14 VRB] Recording {"DeviceRefId": 35673, "DeviceValue": 602, "DeviceString": "33", "TimeStamp": "2023-12-02T04:12:15.0000000+00:00", "$type": "RecordData"}
[19:22:14 VRB] Adding to database: {"DeviceRefId": 35673, "DeviceValue": 602, "DeviceString": "33", "TimeStamp": "2023-12-02T04:12:15.0000000+00:00", "$type": "RecordData"}
[19:22:14 VRB] Recording {"DeviceRefId": 35673, "DeviceValue": 603, "DeviceString": "33", "TimeStamp": "2023-12-02T04:12:20.0000000+00:00", "$type": "RecordData"}
[19:22:14 VRB] Adding to database: {"DeviceRefId": 35673, "DeviceValue": 603, "DeviceString": "33", "TimeStamp": "2023-12-02T04:12:20.0000000+00:00", "$type": "RecordData"}
[19:22:14 VRB] Recording {"DeviceRefId": 35673, "DeviceValue": 604, "DeviceString": "33", "TimeStamp": "2023-12-02T04:12:25.0000000+00:00", "$type": "RecordData"}
[19:22:14 VRB] Adding to database: {"DeviceRefId": 35673, "DeviceValue": 604, "DeviceString": "33", "TimeStamp": "2023-12-02T04:12:25.0000000+00:00", "$type": "RecordData"}
[19:22:14 VRB] Recording {"DeviceRefId": 35673, "DeviceValue": 605, "DeviceString": "33", "TimeStamp": "2023-12-02T04:12:30.0000000+00:00", "$type": "RecordData"}
[19:22:14 VRB] Adding to database: {"DeviceRefId": 35673, "DeviceValue": 605, "DeviceString": "33", "TimeStamp": "2023-12-02T04:12:30.0000000+00:00", "$type": "RecordData"}
[19:22:14 VRB] Recording {"DeviceRefId": 35673, "DeviceValue": 606, "DeviceString": "33", "TimeStamp": "2023-12-02T04:12:35.0000000+00:00", "$type": "RecordData"}
[19:22:14 VRB] Adding to database: {"DeviceRefId": 35673, "DeviceValue": 606, "DeviceString": "33", "TimeStamp": "2023-12-02T04:12:35.0000000+00:00", "$type": "RecordData"}
[19:22:14 VRB] Recording {"DeviceRefId": 35673, "DeviceValue": 607, "DeviceString": "33", "TimeStamp": "2023-12-02T04:12:40.0000000+00:00", "$type": "RecordData"}
[19:22:14 VRB] Adding to database: {"DeviceRefId": 35673, "DeviceValue": 607, "DeviceString": "33", "TimeStamp": "2023-12-02T04:12:40.0000000+00:00", "$type": "RecordData"}
[19:22:14 VRB] Recording {"DeviceRefId": 35673, "DeviceValue": 608, "DeviceString": "33", "TimeStamp": "2023-12-02T04:12:45.0000000+00:00", "$type": "RecordData"}
[19:22:14 VRB] Adding to database: {"DeviceRefId": 35673, "DeviceValue": 608, "DeviceString": "33", "TimeStamp": "2023-12-02T04:12:45.0000000+00:00", "$type": "RecordData"}
[19:22:14 VRB] Recording {"DeviceRefId": 35673, "DeviceValue": 609, "DeviceString": "33", "TimeStamp": "2023-12-02T04:12:50.0000000+00:00", "$type": "RecordData"}
[19:22:14 VRB] Adding to database: {"DeviceRefId": 35673, "DeviceValue": 609, "DeviceString": "33", "TimeStamp": "2023-12-02T04:12:50.0000000+00:00", "$type": "RecordData"}
[19:22:14 VRB] Recording {"DeviceRefId": 35673, "DeviceValue": 610, "DeviceString": "33", "TimeStamp": "2023-12-02T04:12:55.0000000+00:00", "$type": "RecordData"}
[19:22:14 VRB] Adding to database: {"DeviceRefId": 35673, "DeviceValue": 610, "DeviceString": "33", "TimeStamp": "2023-12-02T04:12:55.0000000+00:00", "$type": "RecordData"}
[19:22:14 VRB] Recording {"DeviceRefId": 35673, "DeviceValue": 611, "DeviceString": "33", "TimeStamp": "2023-12-02T04:13:00.0000000+00:00", "$type": "RecordData"}
[19:22:14 VRB] Adding to database: {"DeviceRefId": 35673, "DeviceValue": 611, "DeviceString": "33", "TimeStamp": "2023-12-02T04:13:00.0000000+00:00", "$type": "RecordData"}
[19:22:14 VRB] Recording {"DeviceRefId": 35673, "DeviceValue": 612, "DeviceString": "33", "TimeStamp": "2023-12-02T04:13:05.0000000+00:00", "$type": "RecordData"}
[19:22:14 VRB] Adding to database: {"DeviceRefId": 35673, "DeviceValue": 612, "DeviceString": "33", "TimeStamp": "2023-12-02T04:13:05.0000000+00:00", "$type": "RecordData"}
[19:22:14 VRB] Recording {"DeviceRefId": 35673, "DeviceValue": 613, "DeviceString": "33", "TimeStamp": "2023-12-02T04:13:10.0000000+00:00", "$type": "RecordData"}
[19:22:14 VRB] Adding to database: {"DeviceRefId": 35673, "DeviceValue": 613, "DeviceString": "33", "TimeStamp": "2023-12-02T04:13:10.0000000+00:00", "$type": "RecordData"}
[19:22:14 VRB] Recording {"DeviceRefId": 35673, "DeviceValue": 614, "DeviceString": "33", "TimeStamp": "2023-12-02T04:13:15.0000000+00:00", "$type": "RecordData"}
[19:22:14 VRB] Adding to database: {"DeviceRefId": 35673, "DeviceValue": 614, "DeviceString": "33", "TimeStamp": "2023-12-02T04:13:15.0000000+00:00", "$type": "RecordData"}
[19:22:14 VRB] Recording {"DeviceRefId": 35673, "DeviceValue": 615, "DeviceString": "33", "TimeStamp": "2023-12-02T04:13:20.0000000+00:00", "$type": "RecordData"}
[19:22:14 VRB] Adding to database: {"DeviceRefId": 35673, "DeviceValue": 615, "DeviceString": "33", "TimeStamp": "2023-12-02T04:13:20.0000000+00:00", "$type": "RecordData"}
[19:22:14 VRB] Recording {"DeviceRefId": 35673, "DeviceValue": 616, "DeviceString": "33", "TimeStamp": "2023-12-02T04:13:25.0000000+00:00", "$type": "RecordData"}
[19:22:14 VRB] Adding to database: {"DeviceRefId": 35673, "DeviceValue": 616, "DeviceString": "33", "TimeStamp": "2023-12-02T04:13:25.0000000+00:00", "$type": "RecordData"}
[19:22:14 VRB] Recording {"DeviceRefId": 35673, "DeviceValue": 617, "DeviceString": "33", "TimeStamp": "2023-12-02T04:13:30.0000000+00:00", "$type": "RecordData"}
[19:22:14 VRB] Adding to database: {"DeviceRefId": 35673, "DeviceValue": 617, "DeviceString": "33", "TimeStamp": "2023-12-02T04:13:30.0000000+00:00", "$type": "RecordData"}
[19:22:14 VRB] Recording {"DeviceRefId": 35673, "DeviceValue": 618, "DeviceString": "33", "TimeStamp": "2023-12-02T04:13:35.0000000+00:00", "$type": "RecordData"}
[19:22:14 VRB] Adding to database: {"DeviceRefId": 35673, "DeviceValue": 618, "DeviceString": "33", "TimeStamp": "2023-12-02T04:13:35.0000000+00:00", "$type": "RecordData"}
[19:22:14 VRB] Recording {"DeviceRefId": 35673, "DeviceValue": 619, "DeviceString": "33", "TimeStamp": "2023-12-02T04:13:40.0000000+00:00", "$type": "RecordData"}
[19:22:14 VRB] Adding to database: {"DeviceRefId": 35673, "DeviceValue": 619, "DeviceString": "33", "TimeStamp": "2023-12-02T04:13:40.0000000+00:00", "$type": "RecordData"}
[19:22:14 VRB] Recording {"DeviceRefId": 35673, "DeviceValue": 620, "DeviceString": "33", "TimeStamp": "2023-12-02T04:13:45.0000000+00:00", "$type": "RecordData"}
[19:22:14 VRB] Adding to database: {"DeviceRefId": 35673, "DeviceValue": 620, "DeviceString": "33", "TimeStamp": "2023-12-02T04:13:45.0000000+00:00", "$type": "RecordData"}
[19:22:14 VRB] Recording {"DeviceRefId": 35673, "DeviceValue": 621, "DeviceString": "33", "TimeStamp": "2023-12-02T04:13:50.0000000+00:00", "$type": "RecordData"}
[19:22:14 VRB] Adding to database: {"DeviceRefId": 35673, "DeviceValue": 621, "DeviceString": "33", "TimeStamp": "2023-12-02T04:13:50.0000000+00:00", "$type": "RecordData"}
[19:22:14 VRB] Recording {"DeviceRefId": 35673, "DeviceValue": 622, "DeviceString": "33", "TimeStamp": "2023-12-02T04:13:55.0000000+00:00", "$type": "RecordData"}
[19:22:14 VRB] Adding to database: {"DeviceRefId": 35673, "DeviceValue": 622, "DeviceString": "33", "TimeStamp": "2023-12-02T04:13:55.0000000+00:00", "$type": "RecordData"}
[19:22:14 VRB] Recording {"DeviceRefId": 35673, "DeviceValue": 623, "DeviceString": "33", "TimeStamp": "2023-12-02T04:14:00.0000000+00:00", "$type": "RecordData"}
[19:22:14 VRB] Adding to database: {"DeviceRefId": 35673, "DeviceValue": 623, "DeviceString": "33", "TimeStamp": "2023-12-02T04:14:00.0000000+00:00", "$type": "RecordData"}
[19:22:14 VRB] Recording {"DeviceRefId": 35673, "DeviceValue": 624, "DeviceString": "33", "TimeStamp": "2023-12-02T04:14:05.0000000+00:00", "$type": "RecordData"}
[19:22:14 VRB] Adding to database: {"DeviceRefId": 35673, "DeviceValue": 624, "DeviceString": "33", "TimeStamp": "2023-12-02T04:14:05.0000000+00:00", "$type": "RecordData"}
[19:22:14 VRB] Recording {"DeviceRefId": 35673, "DeviceValue": 625, "DeviceString": "33", "TimeStamp": "2023-12-02T04:14:10.0000000+00:00", "$type": "RecordData"}
[19:22:14 VRB] Adding to database: {"DeviceRefId": 35673, "DeviceValue": 625, "DeviceString": "33", "TimeStamp": "2023-12-02T04:14:10.0000000+00:00", "$type": "RecordData"}
[19:22:14 VRB] Recording {"DeviceRefId": 35673, "DeviceValue": 626, "DeviceString": "33", "TimeStamp": "2023-12-02T04:14:15.0000000+00:00", "$type": "RecordData"}
[19:22:14 VRB] Adding to database: {"DeviceRefId": 35673, "DeviceValue": 626, "DeviceString": "33", "TimeStamp": "2023-12-02T04:14:15.0000000+00:00", "$type": "RecordData"}
[19:22:14 VRB] Recording {"DeviceRefId": 35673, "DeviceValue": 627, "DeviceString": "33", "TimeStamp": "2023-12-02T04:14:20.0000000+00:00", "$type": "RecordData"}
[19:22:14 VRB] Adding to database: {"DeviceRefId": 35673, "DeviceValue": 627, "DeviceString": "33", "TimeStamp": "2023-12-02T04:14:20.0000000+00:00", "$type": "RecordData"}
[19:22:14 VRB] Recording {"DeviceRefId": 35673, "DeviceValue": 628, "DeviceString": "33", "TimeStamp": "2023-12-02T04:14:25.0000000+00:00", "$type": "RecordData"}
[19:22:14 VRB] Adding to database: {"DeviceRefId": 35673, "DeviceValue": 628, "DeviceString": "33", "TimeStamp": "2023-12-02T04:14:25.0000000+00:00", "$type": "RecordData"}
[19:22:14 VRB] Recording {"DeviceRefId": 35673, "DeviceValue": 629, "DeviceString": "33", "TimeStamp": "2023-12-02T04:14:30.0000000+00:00", "$type": "RecordData"}
[19:22:14 VRB] Adding to database: {"DeviceRefId": 35673, "DeviceValue": 629, "DeviceString": "33", "TimeStamp": "2023-12-02T04:14:30.0000000+00:00", "$type": "RecordData"}
[19:22:14 VRB] Recording {"DeviceRefId": 35673, "DeviceValue": 630, "DeviceString": "33", "TimeStamp": "2023-12-02T04:14:35.0000000+00:00", "$type": "RecordData"}
[19:22:14 VRB] Adding to database: {"DeviceRefId": 35673, "DeviceValue": 630, "DeviceString": "33", "TimeStamp": "2023-12-02T04:14:35.0000000+00:00", "$type": "RecordData"}
[19:22:14 VRB] Recording {"DeviceRefId": 35673, "DeviceValue": 631, "DeviceString": "33", "TimeStamp": "2023-12-02T04:14:40.0000000+00:00", "$type": "RecordData"}
[19:22:14 VRB] Adding to database: {"DeviceRefId": 35673, "DeviceValue": 631, "DeviceString": "33", "TimeStamp": "2023-12-02T04:14:40.0000000+00:00", "$type": "RecordData"}
[19:22:14 VRB] Recording {"DeviceRefId": 35673, "DeviceValue": 632, "DeviceString": "33", "TimeStamp": "2023-12-02T04:14:45.0000000+00:00", "$type": "RecordData"}
[19:22:14 VRB] Adding to database: {"DeviceRefId": 35673, "DeviceValue": 632, "DeviceString": "33", "TimeStamp": "2023-12-02T04:14:45.0000000+00:00", "$type": "RecordData"}
[19:22:14 VRB] Recording {"DeviceRefId": 35673, "DeviceValue": 633, "DeviceString": "33", "TimeStamp": "2023-12-02T04:14:50.0000000+00:00", "$type": "RecordData"}
[19:22:14 VRB] Adding to database: {"DeviceRefId": 35673, "DeviceValue": 633, "DeviceString": "33", "TimeStamp": "2023-12-02T04:14:50.0000000+00:00", "$type": "RecordData"}
[19:22:14 VRB] Recording {"DeviceRefId": 35673, "DeviceValue": 634, "DeviceString": "33", "TimeStamp": "2023-12-02T04:14:55.0000000+00:00", "$type": "RecordData"}
[19:22:14 VRB] Adding to database: {"DeviceRefId": 35673, "DeviceValue": 634, "DeviceString": "33", "TimeStamp": "2023-12-02T04:14:55.0000000+00:00", "$type": "RecordData"}
[19:22:14 VRB] Recording {"DeviceRefId": 35673, "DeviceValue": 635, "DeviceString": "33", "TimeStamp": "2023-12-02T04:15:00.0000000+00:00", "$type": "RecordData"}
[19:22:14 VRB] Adding to database: {"DeviceRefId": 35673, "DeviceValue": 635, "DeviceString": "33", "TimeStamp": "2023-12-02T04:15:00.0000000+00:00", "$type": "RecordData"}
[19:22:14 VRB] Recording {"DeviceRefId": 35673, "DeviceValue": 636, "DeviceString": "33", "TimeStamp": "2023-12-02T04:15:05.0000000+00:00", "$type": "RecordData"}
[19:22:14 VRB] Adding to database: {"DeviceRefId": 35673, "DeviceValue": 636, "DeviceString": "33", "TimeStamp": "2023-12-02T04:15:05.0000000+00:00", "$type": "RecordData"}
[19:22:14 VRB] Recording {"DeviceRefId": 35673, "DeviceValue": 637, "DeviceString": "33", "TimeStamp": "2023-12-02T04:15:10.0000000+00:00", "$type": "RecordData"}
[19:22:14 VRB] Adding to database: {"DeviceRefId": 35673, "DeviceValue": 637, "DeviceString": "33", "TimeStamp": "2023-12-02T04:15:10.0000000+00:00", "$type": "RecordData"}
[19:22:14 VRB] Recording {"DeviceRefId": 35673, "DeviceValue": 638, "DeviceString": "33", "TimeStamp": "2023-12-02T04:15:15.0000000+00:00", "$type": "RecordData"}
[19:22:14 VRB] Adding to database: {"DeviceRefId": 35673, "DeviceValue": 638, "DeviceString": "33", "TimeStamp": "2023-12-02T04:15:15.0000000+00:00", "$type": "RecordData"}
[19:22:14 VRB] Recording {"DeviceRefId": 35673, "DeviceValue": 639, "DeviceString": "33", "TimeStamp": "2023-12-02T04:15:20.0000000+00:00", "$type": "RecordData"}
[19:22:14 VRB] Adding to database: {"DeviceRefId": 35673, "DeviceValue": 639, "DeviceString": "33", "TimeStamp": "2023-12-02T04:15:20.0000000+00:00", "$type": "RecordData"}
[19:22:14 VRB] Recording {"DeviceRefId": 35673, "DeviceValue": 640, "DeviceString": "33", "TimeStamp": "2023-12-02T04:15:25.0000000+00:00", "$type": "RecordData"}
[19:22:14 VRB] Adding to database: {"DeviceRefId": 35673, "DeviceValue": 640, "DeviceString": "33", "TimeStamp": "2023-12-02T04:15:25.0000000+00:00", "$type": "RecordData"}
[19:22:15 VRB] Recording {"DeviceRefId": 35673, "DeviceValue": 641, "DeviceString": "33", "TimeStamp": "2023-12-02T04:15:30.0000000+00:00", "$type": "RecordData"}
[19:22:15 VRB] Adding to database: {"DeviceRefId": 35673, "DeviceValue": 641, "DeviceString": "33", "TimeStamp": "2023-12-02T04:15:30.0000000+00:00", "$type": "RecordData"}
[19:22:15 VRB] Recording {"DeviceRefId": 35673, "DeviceValue": 642, "DeviceString": "33", "TimeStamp": "2023-12-02T04:15:35.0000000+00:00", "$type": "RecordData"}
[19:22:15 VRB] Adding to database: {"DeviceRefId": 35673, "DeviceValue": 642, "DeviceString": "33", "TimeStamp": "2023-12-02T04:15:35.0000000+00:00", "$type": "RecordData"}
[19:22:15 VRB] Recording {"DeviceRefId": 35673, "DeviceValue": 643, "DeviceString": "33", "TimeStamp": "2023-12-02T04:15:40.0000000+00:00", "$type": "RecordData"}
[19:22:15 VRB] Adding to database: {"DeviceRefId": 35673, "DeviceValue": 643, "DeviceString": "33", "TimeStamp": "2023-12-02T04:15:40.0000000+00:00", "$type": "RecordData"}
[19:22:15 VRB] Recording {"DeviceRefId": 35673, "DeviceValue": 644, "DeviceString": "33", "TimeStamp": "2023-12-02T04:15:45.0000000+00:00", "$type": "RecordData"}
[19:22:15 VRB] Adding to database: {"DeviceRefId": 35673, "DeviceValue": 644, "DeviceString": "33", "TimeStamp": "2023-12-02T04:15:45.0000000+00:00", "$type": "RecordData"}
[19:22:15 VRB] Recording {"DeviceRefId": 35673, "DeviceValue": 645, "DeviceString": "33", "TimeStamp": "2023-12-02T04:15:50.0000000+00:00", "$type": "RecordData"}
[19:22:15 VRB] Adding to database: {"DeviceRefId": 35673, "DeviceValue": 645, "DeviceString": "33", "TimeStamp": "2023-12-02T04:15:50.0000000+00:00", "$type": "RecordData"}
[19:22:15 VRB] Recording {"DeviceRefId": 35673, "DeviceValue": 646, "DeviceString": "33", "TimeStamp": "2023-12-02T04:15:55.0000000+00:00", "$type": "RecordData"}
[19:22:15 VRB] Adding to database: {"DeviceRefId": 35673, "DeviceValue": 646, "DeviceString": "33", "TimeStamp": "2023-12-02T04:15:55.0000000+00:00", "$type": "RecordData"}
[19:22:15 VRB] Recording {"DeviceRefId": 35673, "DeviceValue": 647, "DeviceString": "33", "TimeStamp": "2023-12-02T04:16:00.0000000+00:00", "$type": "RecordData"}
[19:22:15 VRB] Adding to database: {"DeviceRefId": 35673, "DeviceValue": 647, "DeviceString": "33", "TimeStamp": "2023-12-02T04:16:00.0000000+00:00", "$type": "RecordData"}
[19:22:15 VRB] Recording {"DeviceRefId": 35673, "DeviceValue": 648, "DeviceString": "33", "TimeStamp": "2023-12-02T04:16:05.0000000+00:00", "$type": "RecordData"}
[19:22:15 VRB] Adding to database: {"DeviceRefId": 35673, "DeviceValue": 648, "DeviceString": "33", "TimeStamp": "2023-12-02T04:16:05.0000000+00:00", "$type": "RecordData"}
[19:22:15 VRB] Recording {"DeviceRefId": 35673, "DeviceValue": 649, "DeviceString": "33", "TimeStamp": "2023-12-02T04:16:10.0000000+00:00", "$type": "RecordData"}
[19:22:15 VRB] Adding to database: {"DeviceRefId": 35673, "DeviceValue": 649, "DeviceString": "33", "TimeStamp": "2023-12-02T04:16:10.0000000+00:00", "$type": "RecordData"}
[19:22:15 VRB] Recording {"DeviceRefId": 35673, "DeviceValue": 650, "DeviceString": "33", "TimeStamp": "2023-12-02T04:16:15.0000000+00:00", "$type": "RecordData"}
[19:22:15 VRB] Adding to database: {"DeviceRefId": 35673, "DeviceValue": 650, "DeviceString": "33", "TimeStamp": "2023-12-02T04:16:15.0000000+00:00", "$type": "RecordData"}
[19:22:15 VRB] Recording {"DeviceRefId": 35673, "DeviceValue": 651, "DeviceString": "33", "TimeStamp": "2023-12-02T04:16:20.0000000+00:00", "$type": "RecordData"}
[19:22:15 VRB] Adding to database: {"DeviceRefId": 35673, "DeviceValue": 651, "DeviceString": "33", "TimeStamp": "2023-12-02T04:16:20.0000000+00:00", "$type": "RecordData"}
[19:22:15 VRB] Recording {"DeviceRefId": 35673, "DeviceValue": 652, "DeviceString": "33", "TimeStamp": "2023-12-02T04:16:25.0000000+00:00", "$type": "RecordData"}
[19:22:15 VRB] Adding to database: {"DeviceRefId": 35673, "DeviceValue": 652, "DeviceString": "33", "TimeStamp": "2023-12-02T04:16:25.0000000+00:00", "$type": "RecordData"}
[19:22:15 VRB] Recording {"DeviceRefId": 35673, "DeviceValue": 653, "DeviceString": "33", "TimeStamp": "2023-12-02T04:16:30.0000000+00:00", "$type": "RecordData"}
[19:22:15 VRB] Adding to database: {"DeviceRefId": 35673, "DeviceValue": 653, "DeviceString": "33", "TimeStamp": "2023-12-02T04:16:30.0000000+00:00", "$type": "RecordData"}
[19:22:15 VRB] Recording {"DeviceRefId": 35673, "DeviceValue": 654, "DeviceString": "33", "TimeStamp": "2023-12-02T04:16:35.0000000+00:00", "$type": "RecordData"}
[19:22:15 VRB] Adding to database: {"DeviceRefId": 35673, "DeviceValue": 654, "DeviceString": "33", "TimeStamp": "2023-12-02T04:16:35.0000000+00:00", "$type": "RecordData"}
[19:22:15 VRB] Recording {"DeviceRefId": 35673, "DeviceValue": 655, "DeviceString": "33", "TimeStamp": "2023-12-02T04:16:40.0000000+00:00", "$type": "RecordData"}
[19:22:15 VRB] Adding to database: {"DeviceRefId": 35673, "DeviceValue": 655, "DeviceString": "33", "TimeStamp": "2023-12-02T04:16:40.0000000+00:00", "$type": "RecordData"}
[19:22:15 VRB] Recording {"DeviceRefId": 35673, "DeviceValue": 656, "DeviceString": "33", "TimeStamp": "2023-12-02T04:16:45.0000000+00:00", "$type": "RecordData"}
[19:22:15 VRB] Adding to database: {"DeviceRefId": 35673, "DeviceValue": 656, "DeviceString": "33", "TimeStamp": "2023-12-02T04:16:45.0000000+00:00", "$type": "RecordData"}
[19:22:15 VRB] Recording {"DeviceRefId": 35673, "DeviceValue": 657, "DeviceString": "33", "TimeStamp": "2023-12-02T04:16:50.0000000+00:00", "$type": "RecordData"}
[19:22:15 VRB] Adding to database: {"DeviceRefId": 35673, "DeviceValue": 657, "DeviceString": "33", "TimeStamp": "2023-12-02T04:16:50.0000000+00:00", "$type": "RecordData"}
[19:22:15 VRB] Recording {"DeviceRefId": 35673, "DeviceValue": 658, "DeviceString": "33", "TimeStamp": "2023-12-02T04:16:55.0000000+00:00", "$type": "RecordData"}
[19:22:15 VRB] Adding to database: {"DeviceRefId": 35673, "DeviceValue": 658, "DeviceString": "33", "TimeStamp": "2023-12-02T04:16:55.0000000+00:00", "$type": "RecordData"}
[19:22:15 VRB] Recording {"DeviceRefId": 35673, "DeviceValue": 659, "DeviceString": "33", "TimeStamp": "2023-12-02T04:17:00.0000000+00:00", "$type": "RecordData"}
[19:22:15 VRB] Adding to database: {"DeviceRefId": 35673, "DeviceValue": 659, "DeviceString": "33", "TimeStamp": "2023-12-02T04:17:00.0000000+00:00", "$type": "RecordData"}
[19:22:15 VRB] Recording {"DeviceRefId": 35673, "DeviceValue": 660, "DeviceString": "33", "TimeStamp": "2023-12-02T04:17:05.0000000+00:00", "$type": "RecordData"}
[19:22:15 VRB] Adding to database: {"DeviceRefId": 35673, "DeviceValue": 660, "DeviceString": "33", "TimeStamp": "2023-12-02T04:17:05.0000000+00:00", "$type": "RecordData"}
[19:22:15 VRB] Recording {"DeviceRefId": 35673, "DeviceValue": 661, "DeviceString": "33", "TimeStamp": "2023-12-02T04:17:10.0000000+00:00", "$type": "RecordData"}
[19:22:15 VRB] Adding to database: {"DeviceRefId": 35673, "DeviceValue": 661, "DeviceString": "33", "TimeStamp": "2023-12-02T04:17:10.0000000+00:00", "$type": "RecordData"}
[19:22:15 VRB] Recording {"DeviceRefId": 35673, "DeviceValue": 662, "DeviceString": "33", "TimeStamp": "2023-12-02T04:17:15.0000000+00:00", "$type": "RecordData"}
[19:22:15 VRB] Adding to database: {"DeviceRefId": 35673, "DeviceValue": 662, "DeviceString": "33", "TimeStamp": "2023-12-02T04:17:15.0000000+00:00", "$type": "RecordData"}
[19:22:15 VRB] Recording {"DeviceRefId": 35673, "DeviceValue": 663, "DeviceString": "33", "TimeStamp": "2023-12-02T04:17:20.0000000+00:00", "$type": "RecordData"}
[19:22:15 VRB] Adding to database: {"DeviceRefId": 35673, "DeviceValue": 663, "DeviceString": "33", "TimeStamp": "2023-12-02T04:17:20.0000000+00:00", "$type": "RecordData"}
[19:22:15 VRB] Recording {"DeviceRefId": 35673, "DeviceValue": 664, "DeviceString": "33", "TimeStamp": "2023-12-02T04:17:25.0000000+00:00", "$type": "RecordData"}
[19:22:15 VRB] Adding to database: {"DeviceRefId": 35673, "DeviceValue": 664, "DeviceString": "33", "TimeStamp": "2023-12-02T04:17:25.0000000+00:00", "$type": "RecordData"}
[19:22:15 VRB] Recording {"DeviceRefId": 35673, "DeviceValue": 665, "DeviceString": "33", "TimeStamp": "2023-12-02T04:17:30.0000000+00:00", "$type": "RecordData"}
[19:22:15 VRB] Adding to database: {"DeviceRefId": 35673, "DeviceValue": 665, "DeviceString": "33", "TimeStamp": "2023-12-02T04:17:30.0000000+00:00", "$type": "RecordData"}
[19:22:15 VRB] Recording {"DeviceRefId": 35673, "DeviceValue": 666, "DeviceString": "33", "TimeStamp": "2023-12-02T04:17:35.0000000+00:00", "$type": "RecordData"}
[19:22:15 VRB] Adding to database: {"DeviceRefId": 35673, "DeviceValue": 666, "DeviceString": "33", "TimeStamp": "2023-12-02T04:17:35.0000000+00:00", "$type": "RecordData"}
[19:22:15 VRB] Recording {"DeviceRefId": 35673, "DeviceValue": 667, "DeviceString": "33", "TimeStamp": "2023-12-02T04:17:40.0000000+00:00", "$type": "RecordData"}
[19:22:15 VRB] Adding to database: {"DeviceRefId": 35673, "DeviceValue": 667, "DeviceString": "33", "TimeStamp": "2023-12-02T04:17:40.0000000+00:00", "$type": "RecordData"}
[19:22:15 VRB] Recording {"DeviceRefId": 35673, "DeviceValue": 668, "DeviceString": "33", "TimeStamp": "2023-12-02T04:17:45.0000000+00:00", "$type": "RecordData"}
[19:22:15 VRB] Adding to database: {"DeviceRefId": 35673, "DeviceValue": 668, "DeviceString": "33", "TimeStamp": "2023-12-02T04:17:45.0000000+00:00", "$type": "RecordData"}
[19:22:15 VRB] Recording {"DeviceRefId": 35673, "DeviceValue": 669, "DeviceString": "33", "TimeStamp": "2023-12-02T04:17:50.0000000+00:00", "$type": "RecordData"}
[19:22:15 VRB] Adding to database: {"DeviceRefId": 35673, "DeviceValue": 669, "DeviceString": "33", "TimeStamp": "2023-12-02T04:17:50.0000000+00:00", "$type": "RecordData"}
[19:22:15 VRB] Recording {"DeviceRefId": 35673, "DeviceValue": 670, "DeviceString": "33", "TimeStamp": "2023-12-02T04:17:55.0000000+00:00", "$type": "RecordData"}
[19:22:15 VRB] Adding to database: {"DeviceRefId": 35673, "DeviceValue": 670, "DeviceString": "33", "TimeStamp": "2023-12-02T04:17:55.0000000+00:00", "$type": "RecordData"}
[19:22:15 VRB] Recording {"DeviceRefId": 35673, "DeviceValue": 671, "DeviceString": "33", "TimeStamp": "2023-12-02T04:18:00.0000000+00:00", "$type": "RecordData"}
[19:22:15 VRB] Adding to database: {"DeviceRefId": 35673, "DeviceValue": 671, "DeviceString": "33", "TimeStamp": "2023-12-02T04:18:00.0000000+00:00", "$type": "RecordData"}
[19:22:15 VRB] Recording {"DeviceRefId": 35673, "DeviceValue": 672, "DeviceString": "33", "TimeStamp": "2023-12-02T04:18:05.0000000+00:00", "$type": "RecordData"}
[19:22:15 VRB] Adding to database: {"DeviceRefId": 35673, "DeviceValue": 672, "DeviceString": "33", "TimeStamp": "2023-12-02T04:18:05.0000000+00:00", "$type": "RecordData"}
[19:22:15 VRB] Recording {"DeviceRefId": 35673, "DeviceValue": 673, "DeviceString": "33", "TimeStamp": "2023-12-02T04:18:10.0000000+00:00", "$type": "RecordData"}
[19:22:15 VRB] Adding to database: {"DeviceRefId": 35673, "DeviceValue": 673, "DeviceString": "33", "TimeStamp": "2023-12-02T04:18:10.0000000+00:00", "$type": "RecordData"}
[19:22:15 VRB] Recording {"DeviceRefId": 35673, "DeviceValue": 674, "DeviceString": "33", "TimeStamp": "2023-12-02T04:18:15.0000000+00:00", "$type": "RecordData"}
[19:22:15 VRB] Adding to database: {"DeviceRefId": 35673, "DeviceValue": 674, "DeviceString": "33", "TimeStamp": "2023-12-02T04:18:15.0000000+00:00", "$type": "RecordData"}
[19:22:15 VRB] Recording {"DeviceRefId": 35673, "DeviceValue": 675, "DeviceString": "33", "TimeStamp": "2023-12-02T04:18:20.0000000+00:00", "$type": "RecordData"}
[19:22:15 VRB] Adding to database: {"DeviceRefId": 35673, "DeviceValue": 675, "DeviceString": "33", "TimeStamp": "2023-12-02T04:18:20.0000000+00:00", "$type": "RecordData"}
[19:22:15 VRB] Recording {"DeviceRefId": 35673, "DeviceValue": 676, "DeviceString": "33", "TimeStamp": "2023-12-02T04:18:25.0000000+00:00", "$type": "RecordData"}
[19:22:15 VRB] Adding to database: {"DeviceRefId": 35673, "DeviceValue": 676, "DeviceString": "33", "TimeStamp": "2023-12-02T04:18:25.0000000+00:00", "$type": "RecordData"}
[19:22:15 VRB] Recording {"DeviceRefId": 35673, "DeviceValue": 677, "DeviceString": "33", "TimeStamp": "2023-12-02T04:18:30.0000000+00:00", "$type": "RecordData"}
[19:22:15 VRB] Adding to database: {"DeviceRefId": 35673, "DeviceValue": 677, "DeviceString": "33", "TimeStamp": "2023-12-02T04:18:30.0000000+00:00", "$type": "RecordData"}
[19:22:15 VRB] Recording {"DeviceRefId": 35673, "DeviceValue": 678, "DeviceString": "33", "TimeStamp": "2023-12-02T04:18:35.0000000+00:00", "$type": "RecordData"}
[19:22:15 VRB] Adding to database: {"DeviceRefId": 35673, "DeviceValue": 678, "DeviceString": "33", "TimeStamp": "2023-12-02T04:18:35.0000000+00:00", "$type": "RecordData"}
[19:22:15 VRB] Recording {"DeviceRefId": 35673, "DeviceValue": 679, "DeviceString": "33", "TimeStamp": "2023-12-02T04:18:40.0000000+00:00", "$type": "RecordData"}
[19:22:15 VRB] Adding to database: {"DeviceRefId": 35673, "DeviceValue": 679, "DeviceString": "33", "TimeStamp": "2023-12-02T04:18:40.0000000+00:00", "$type": "RecordData"}
[19:22:15 VRB] Recording {"DeviceRefId": 35673, "DeviceValue": 680, "DeviceString": "33", "TimeStamp": "2023-12-02T04:18:45.0000000+00:00", "$type": "RecordData"}
[19:22:15 VRB] Adding to database: {"DeviceRefId": 35673, "DeviceValue": 680, "DeviceString": "33", "TimeStamp": "2023-12-02T04:18:45.0000000+00:00", "$type": "RecordData"}
[19:22:15 VRB] Recording {"DeviceRefId": 35673, "DeviceValue": 681, "DeviceString": "33", "TimeStamp": "2023-12-02T04:18:50.0000000+00:00", "$type": "RecordData"}
[19:22:15 VRB] Adding to database: {"DeviceRefId": 35673, "DeviceValue": 681, "DeviceString": "33", "TimeStamp": "2023-12-02T04:18:50.0000000+00:00", "$type": "RecordData"}
[19:22:15 VRB] Recording {"DeviceRefId": 35673, "DeviceValue": 682, "DeviceString": "33", "TimeStamp": "2023-12-02T04:18:55.0000000+00:00", "$type": "RecordData"}
[19:22:15 VRB] Adding to database: {"DeviceRefId": 35673, "DeviceValue": 682, "DeviceString": "33", "TimeStamp": "2023-12-02T04:18:55.0000000+00:00", "$type": "RecordData"}
[19:22:15 VRB] Recording {"DeviceRefId": 35673, "DeviceValue": 683, "DeviceString": "33", "TimeStamp": "2023-12-02T04:19:00.0000000+00:00", "$type": "RecordData"}
[19:22:15 VRB] Adding to database: {"DeviceRefId": 35673, "DeviceValue": 683, "DeviceString": "33", "TimeStamp": "2023-12-02T04:19:00.0000000+00:00", "$type": "RecordData"}
[19:22:15 VRB] Recording {"DeviceRefId": 35673, "DeviceValue": 684, "DeviceString": "33", "TimeStamp": "2023-12-02T04:19:05.0000000+00:00", "$type": "RecordData"}
[19:22:15 VRB] Adding to database: {"DeviceRefId": 35673, "DeviceValue": 684, "DeviceString": "33", "TimeStamp": "2023-12-02T04:19:05.0000000+00:00", "$type": "RecordData"}
[19:22:15 VRB] Recording {"DeviceRefId": 35673, "DeviceValue": 685, "DeviceString": "33", "TimeStamp": "2023-12-02T04:19:10.0000000+00:00", "$type": "RecordData"}
[19:22:15 VRB] Adding to database: {"DeviceRefId": 35673, "DeviceValue": 685, "DeviceString": "33", "TimeStamp": "2023-12-02T04:19:10.0000000+00:00", "$type": "RecordData"}
[19:22:15 VRB] Recording {"DeviceRefId": 35673, "DeviceValue": 686, "DeviceString": "33", "TimeStamp": "2023-12-02T04:19:15.0000000+00:00", "$type": "RecordData"}
[19:22:15 VRB] Adding to database: {"DeviceRefId": 35673, "DeviceValue": 686, "DeviceString": "33", "TimeStamp": "2023-12-02T04:19:15.0000000+00:00", "$type": "RecordData"}
[19:22:15 VRB] Recording {"DeviceRefId": 35673, "DeviceValue": 687, "DeviceString": "33", "TimeStamp": "2023-12-02T04:19:20.0000000+00:00", "$type": "RecordData"}
[19:22:15 VRB] Adding to database: {"DeviceRefId": 35673, "DeviceValue": 687, "DeviceString": "33", "TimeStamp": "2023-12-02T04:19:20.0000000+00:00", "$type": "RecordData"}
[19:22:15 VRB] Recording {"DeviceRefId": 35673, "DeviceValue": 688, "DeviceString": "33", "TimeStamp": "2023-12-02T04:19:25.0000000+00:00", "$type": "RecordData"}
[19:22:15 VRB] Adding to database: {"DeviceRefId": 35673, "DeviceValue": 688, "DeviceString": "33", "TimeStamp": "2023-12-02T04:19:25.0000000+00:00", "$type": "RecordData"}
[19:22:15 VRB] Recording {"DeviceRefId": 35673, "DeviceValue": 689, "DeviceString": "33", "TimeStamp": "2023-12-02T04:19:30.0000000+00:00", "$type": "RecordData"}
[19:22:15 VRB] Adding to database: {"DeviceRefId": 35673, "DeviceValue": 689, "DeviceString": "33", "TimeStamp": "2023-12-02T04:19:30.0000000+00:00", "$type": "RecordData"}
[19:22:15 VRB] Recording {"DeviceRefId": 35673, "DeviceValue": 690, "DeviceString": "33", "TimeStamp": "2023-12-02T04:19:35.0000000+00:00", "$type": "RecordData"}
[19:22:15 VRB] Adding to database: {"DeviceRefId": 35673, "DeviceValue": 690, "DeviceString": "33", "TimeStamp": "2023-12-02T04:19:35.0000000+00:00", "$type": "RecordData"}
[19:22:15 VRB] Recording {"DeviceRefId": 35673, "DeviceValue": 691, "DeviceString": "33", "TimeStamp": "2023-12-02T04:19:40.0000000+00:00", "$type": "RecordData"}
[19:22:15 VRB] Adding to database: {"DeviceRefId": 35673, "DeviceValue": 691, "DeviceString": "33", "TimeStamp": "2023-12-02T04:19:40.0000000+00:00", "$type": "RecordData"}
[19:22:15 VRB] Recording {"DeviceRefId": 35673, "DeviceValue": 692, "DeviceString": "33", "TimeStamp": "2023-12-02T04:19:45.0000000+00:00", "$type": "RecordData"}
[19:22:15 VRB] Adding to database: {"DeviceRefId": 35673, "DeviceValue": 692, "DeviceString": "33", "TimeStamp": "2023-12-02T04:19:45.0000000+00:00", "$type": "RecordData"}
[19:22:15 VRB] Recording {"DeviceRefId": 35673, "DeviceValue": 693, "DeviceString": "33", "TimeStamp": "2023-12-02T04:19:50.0000000+00:00", "$type": "RecordData"}
[19:22:15 VRB] Adding to database: {"DeviceRefId": 35673, "DeviceValue": 693, "DeviceString": "33", "TimeStamp": "2023-12-02T04:19:50.0000000+00:00", "$type": "RecordData"}
[19:22:15 VRB] Recording {"DeviceRefId": 35673, "DeviceValue": 694, "DeviceString": "33", "TimeStamp": "2023-12-02T04:19:55.0000000+00:00", "$type": "RecordData"}
[19:22:15 VRB] Adding to database: {"DeviceRefId": 35673, "DeviceValue": 694, "DeviceString": "33", "TimeStamp": "2023-12-02T04:19:55.0000000+00:00", "$type": "RecordData"}
[19:22:15 VRB] Recording {"DeviceRefId": 35673, "DeviceValue": 695, "DeviceString": "33", "TimeStamp": "2023-12-02T04:20:00.0000000+00:00", "$type": "RecordData"}
[19:22:15 VRB] Adding to database: {"DeviceRefId": 35673, "DeviceValue": 695, "DeviceString": "33", "TimeStamp": "2023-12-02T04:20:00.0000000+00:00", "$type": "RecordData"}
[19:22:15 VRB] Recording {"DeviceRefId": 35673, "DeviceValue": 696, "DeviceString": "33", "TimeStamp": "2023-12-02T04:20:05.0000000+00:00", "$type": "RecordData"}
[19:22:15 VRB] Adding to database: {"DeviceRefId": 35673, "DeviceValue": 696, "DeviceString": "33", "TimeStamp": "2023-12-02T04:20:05.0000000+00:00", "$type": "RecordData"}
[19:22:15 VRB] Recording {"DeviceRefId": 35673, "DeviceValue": 697, "DeviceString": "33", "TimeStamp": "2023-12-02T04:20:10.0000000+00:00", "$type": "RecordData"}
[19:22:15 VRB] Adding to database: {"DeviceRefId": 35673, "DeviceValue": 697, "DeviceString": "33", "TimeStamp": "2023-12-02T04:20:10.0000000+00:00", "$type": "RecordData"}
[19:22:15 VRB] Recording {"DeviceRefId": 35673, "DeviceValue": 698, "DeviceString": "33", "TimeStamp": "2023-12-02T04:20:15.0000000+00:00", "$type": "RecordData"}
[19:22:15 VRB] Adding to database: {"DeviceRefId": 35673, "DeviceValue": 698, "DeviceString": "33", "TimeStamp": "2023-12-02T04:20:15.0000000+00:00", "$type": "RecordData"}
[19:22:15 VRB] Recording {"DeviceRefId": 35673, "DeviceValue": 699, "DeviceString": "33", "TimeStamp": "2023-12-02T04:20:20.0000000+00:00", "$type": "RecordData"}
[19:22:15 VRB] Adding to database: {"DeviceRefId": 35673, "DeviceValue": 699, "DeviceString": "33", "TimeStamp": "2023-12-02T04:20:20.0000000+00:00", "$type": "RecordData"}
[19:22:15 VRB] Recording {"DeviceRefId": 35673, "DeviceValue": 700, "DeviceString": "33", "TimeStamp": "2023-12-02T04:20:25.0000000+00:00", "$type": "RecordData"}
[19:22:15 VRB] Adding to database: {"DeviceRefId": 35673, "DeviceValue": 700, "DeviceString": "33", "TimeStamp": "2023-12-02T04:20:25.0000000+00:00", "$type": "RecordData"}
[19:22:15 VRB] Recording {"DeviceRefId": 35673, "DeviceValue": 701, "DeviceString": "33", "TimeStamp": "2023-12-02T04:20:30.0000000+00:00", "$type": "RecordData"}
[19:22:15 VRB] Adding to database: {"DeviceRefId": 35673, "DeviceValue": 701, "DeviceString": "33", "TimeStamp": "2023-12-02T04:20:30.0000000+00:00", "$type": "RecordData"}
[19:22:15 VRB] Recording {"DeviceRefId": 35673, "DeviceValue": 702, "DeviceString": "33", "TimeStamp": "2023-12-02T04:20:35.0000000+00:00", "$type": "RecordData"}
[19:22:16 VRB] Adding to database: {"DeviceRefId": 35673, "DeviceValue": 702, "DeviceString": "33", "TimeStamp": "2023-12-02T04:20:35.0000000+00:00", "$type": "RecordData"}
[19:22:16 VRB] Recording {"DeviceRefId": 35673, "DeviceValue": 703, "DeviceString": "33", "TimeStamp": "2023-12-02T04:20:40.0000000+00:00", "$type": "RecordData"}
[19:22:16 VRB] Adding to database: {"DeviceRefId": 35673, "DeviceValue": 703, "DeviceString": "33", "TimeStamp": "2023-12-02T04:20:40.0000000+00:00", "$type": "RecordData"}
[19:22:16 VRB] Recording {"DeviceRefId": 35673, "DeviceValue": 704, "DeviceString": "33", "TimeStamp": "2023-12-02T04:20:45.0000000+00:00", "$type": "RecordData"}
[19:22:16 VRB] Adding to database: {"DeviceRefId": 35673, "DeviceValue": 704, "DeviceString": "33", "TimeStamp": "2023-12-02T04:20:45.0000000+00:00", "$type": "RecordData"}
[19:22:16 VRB] Recording {"DeviceRefId": 35673, "DeviceValue": 705, "DeviceString": "33", "TimeStamp": "2023-12-02T04:20:50.0000000+00:00", "$type": "RecordData"}
[19:22:16 VRB] Adding to database: {"DeviceRefId": 35673, "DeviceValue": 705, "DeviceString": "33", "TimeStamp": "2023-12-02T04:20:50.0000000+00:00", "$type": "RecordData"}
[19:22:16 VRB] Recording {"DeviceRefId": 35673, "DeviceValue": 706, "DeviceString": "33", "TimeStamp": "2023-12-02T04:20:55.0000000+00:00", "$type": "RecordData"}
[19:22:16 VRB] Adding to database: {"DeviceRefId": 35673, "DeviceValue": 706, "DeviceString": "33", "TimeStamp": "2023-12-02T04:20:55.0000000+00:00", "$type": "RecordData"}
[19:22:16 VRB] Recording {"DeviceRefId": 35673, "DeviceValue": 707, "DeviceString": "33", "TimeStamp": "2023-12-02T04:21:00.0000000+00:00", "$type": "RecordData"}
[19:22:16 VRB] Adding to database: {"DeviceRefId": 35673, "DeviceValue": 707, "DeviceString": "33", "TimeStamp": "2023-12-02T04:21:00.0000000+00:00", "$type": "RecordData"}
[19:22:16 VRB] Recording {"DeviceRefId": 35673, "DeviceValue": 708, "DeviceString": "33", "TimeStamp": "2023-12-02T04:21:05.0000000+00:00", "$type": "RecordData"}
[19:22:16 VRB] Adding to database: {"DeviceRefId": 35673, "DeviceValue": 708, "DeviceString": "33", "TimeStamp": "2023-12-02T04:21:05.0000000+00:00", "$type": "RecordData"}
[19:22:16 VRB] Recording {"DeviceRefId": 35673, "DeviceValue": 709, "DeviceString": "33", "TimeStamp": "2023-12-02T04:21:10.0000000+00:00", "$type": "RecordData"}
[19:22:16 VRB] Adding to database: {"DeviceRefId": 35673, "DeviceValue": 709, "DeviceString": "33", "TimeStamp": "2023-12-02T04:21:10.0000000+00:00", "$type": "RecordData"}
[19:22:16 VRB] Recording {"DeviceRefId": 35673, "DeviceValue": 710, "DeviceString": "33", "TimeStamp": "2023-12-02T04:21:15.0000000+00:00", "$type": "RecordData"}
[19:22:16 VRB] Adding to database: {"DeviceRefId": 35673, "DeviceValue": 710, "DeviceString": "33", "TimeStamp": "2023-12-02T04:21:15.0000000+00:00", "$type": "RecordData"}
[19:22:16 VRB] Recording {"DeviceRefId": 35673, "DeviceValue": 711, "DeviceString": "33", "TimeStamp": "2023-12-02T04:21:20.0000000+00:00", "$type": "RecordData"}
[19:22:16 VRB] Adding to database: {"DeviceRefId": 35673, "DeviceValue": 711, "DeviceString": "33", "TimeStamp": "2023-12-02T04:21:20.0000000+00:00", "$type": "RecordData"}
[19:22:16 VRB] Recording {"DeviceRefId": 35673, "DeviceValue": 712, "DeviceString": "33", "TimeStamp": "2023-12-02T04:21:25.0000000+00:00", "$type": "RecordData"}
[19:22:16 VRB] Adding to database: {"DeviceRefId": 35673, "DeviceValue": 712, "DeviceString": "33", "TimeStamp": "2023-12-02T04:21:25.0000000+00:00", "$type": "RecordData"}
[19:22:16 VRB] Recording {"DeviceRefId": 35673, "DeviceValue": 713, "DeviceString": "33", "TimeStamp": "2023-12-02T04:21:30.0000000+00:00", "$type": "RecordData"}
[19:22:16 VRB] Adding to database: {"DeviceRefId": 35673, "DeviceValue": 713, "DeviceString": "33", "TimeStamp": "2023-12-02T04:21:30.0000000+00:00", "$type": "RecordData"}
[19:22:16 VRB] Recording {"DeviceRefId": 35673, "DeviceValue": 714, "DeviceString": "33", "TimeStamp": "2023-12-02T04:21:35.0000000+00:00", "$type": "RecordData"}
[19:22:16 VRB] Adding to database: {"DeviceRefId": 35673, "DeviceValue": 714, "DeviceString": "33", "TimeStamp": "2023-12-02T04:21:35.0000000+00:00", "$type": "RecordData"}
[19:22:16 VRB] Recording {"DeviceRefId": 35673, "DeviceValue": 715, "DeviceString": "33", "TimeStamp": "2023-12-02T04:21:40.0000000+00:00", "$type": "RecordData"}
[19:22:16 VRB] Adding to database: {"DeviceRefId": 35673, "DeviceValue": 715, "DeviceString": "33", "TimeStamp": "2023-12-02T04:21:40.0000000+00:00", "$type": "RecordData"}
[19:22:16 VRB] Recording {"DeviceRefId": 35673, "DeviceValue": 716, "DeviceString": "33", "TimeStamp": "2023-12-02T04:21:45.0000000+00:00", "$type": "RecordData"}
[19:22:16 VRB] Adding to database: {"DeviceRefId": 35673, "DeviceValue": 716, "DeviceString": "33", "TimeStamp": "2023-12-02T04:21:45.0000000+00:00", "$type": "RecordData"}
[19:22:16 VRB] Recording {"DeviceRefId": 35673, "DeviceValue": 717, "DeviceString": "33", "TimeStamp": "2023-12-02T04:21:50.0000000+00:00", "$type": "RecordData"}
[19:22:16 VRB] Adding to database: {"DeviceRefId": 35673, "DeviceValue": 717, "DeviceString": "33", "TimeStamp": "2023-12-02T04:21:50.0000000+00:00", "$type": "RecordData"}
[19:22:16 VRB] Recording {"DeviceRefId": 35673, "DeviceValue": 718, "DeviceString": "33", "TimeStamp": "2023-12-02T04:21:55.0000000+00:00", "$type": "RecordData"}
[19:22:16 VRB] Adding to database: {"DeviceRefId": 35673, "DeviceValue": 718, "DeviceString": "33", "TimeStamp": "2023-12-02T04:21:55.0000000+00:00", "$type": "RecordData"}
[19:22:16 VRB] Recording {"DeviceRefId": 35673, "DeviceValue": 719, "DeviceString": "33", "TimeStamp": "2023-12-02T04:22:00.0000000+00:00", "$type": "RecordData"}
[19:22:16 VRB] Adding to database: {"DeviceRefId": 35673, "DeviceValue": 719, "DeviceString": "33", "TimeStamp": "2023-12-02T04:22:00.0000000+00:00", "$type": "RecordData"}
[19:22:16 VRB] Recording {"DeviceRefId": 35673, "DeviceValue": 720, "DeviceString": "33", "TimeStamp": "2023-12-02T04:22:05.0000000+00:00", "$type": "RecordData"}
[19:22:16 VRB] Adding to database: {"DeviceRefId": 35673, "DeviceValue": 720, "DeviceString": "33", "TimeStamp": "2023-12-02T04:22:05.0000000+00:00", "$type": "RecordData"}
[19:22:16 VRB] Recording {"DeviceRefId": 35673, "DeviceValue": 721, "DeviceString": "33", "TimeStamp": "2023-12-02T04:22:10.0000000+00:00", "$type": "RecordData"}
[19:22:16 VRB] Adding to database: {"DeviceRefId": 35673, "DeviceValue": 721, "DeviceString": "33", "TimeStamp": "2023-12-02T04:22:10.0000000+00:00", "$type": "RecordData"}
[19:22:16 VRB] Recording {"DeviceRefId": 35673, "DeviceValue": 722, "DeviceString": "33", "TimeStamp": "2023-12-02T04:22:15.0000000+00:00", "$type": "RecordData"}
[19:22:16 VRB] Adding to database: {"DeviceRefId": 35673, "DeviceValue": 722, "DeviceString": "33", "TimeStamp": "2023-12-02T04:22:15.0000000+00:00", "$type": "RecordData"}
[19:22:16 VRB] Recording {"DeviceRefId": 35673, "DeviceValue": 723, "DeviceString": "33", "TimeStamp": "2023-12-02T04:22:20.0000000+00:00", "$type": "RecordData"}
[19:22:16 VRB] Adding to database: {"DeviceRefId": 35673, "DeviceValue": 723, "DeviceString": "33", "TimeStamp": "2023-12-02T04:22:20.0000000+00:00", "$type": "RecordData"}
[19:22:16 VRB] Recording {"DeviceRefId": 35673, "DeviceValue": 724, "DeviceString": "33", "TimeStamp": "2023-12-02T04:22:25.0000000+00:00", "$type": "RecordData"}
[19:22:16 VRB] Adding to database: {"DeviceRefId": 35673, "DeviceValue": 724, "DeviceString": "33", "TimeStamp": "2023-12-02T04:22:25.0000000+00:00", "$type": "RecordData"}
[19:22:16 VRB] Recording {"DeviceRefId": 35673, "DeviceValue": 725, "DeviceString": "33", "TimeStamp": "2023-12-02T04:22:30.0000000+00:00", "$type": "RecordData"}
[19:22:16 VRB] Adding to database: {"DeviceRefId": 35673, "DeviceValue": 725, "DeviceString": "33", "TimeStamp": "2023-12-02T04:22:30.0000000+00:00", "$type": "RecordData"}
[19:22:16 VRB] Recording {"DeviceRefId": 35673, "DeviceValue": 726, "DeviceString": "33", "TimeStamp": "2023-12-02T04:22:35.0000000+00:00", "$type": "RecordData"}
[19:22:16 VRB] Adding to database: {"DeviceRefId": 35673, "DeviceValue": 726, "DeviceString": "33", "TimeStamp": "2023-12-02T04:22:35.0000000+00:00", "$type": "RecordData"}
[19:22:16 VRB] Recording {"DeviceRefId": 35673, "DeviceValue": 727, "DeviceString": "33", "TimeStamp": "2023-12-02T04:22:40.0000000+00:00", "$type": "RecordData"}
[19:22:16 VRB] Adding to database: {"DeviceRefId": 35673, "DeviceValue": 727, "DeviceString": "33", "TimeStamp": "2023-12-02T04:22:40.0000000+00:00", "$type": "RecordData"}
[19:22:16 VRB] Recording {"DeviceRefId": 35673, "DeviceValue": 728, "DeviceString": "33", "TimeStamp": "2023-12-02T04:22:45.0000000+00:00", "$type": "RecordData"}
[19:22:16 VRB] Adding to database: {"DeviceRefId": 35673, "DeviceValue": 728, "DeviceString": "33", "TimeStamp": "2023-12-02T04:22:45.0000000+00:00", "$type": "RecordData"}
[19:22:16 VRB] Recording {"DeviceRefId": 35673, "DeviceValue": 729, "DeviceString": "33", "TimeStamp": "2023-12-02T04:22:50.0000000+00:00", "$type": "RecordData"}
[19:22:16 VRB] Adding to database: {"DeviceRefId": 35673, "DeviceValue": 729, "DeviceString": "33", "TimeStamp": "2023-12-02T04:22:50.0000000+00:00", "$type": "RecordData"}
[19:22:16 VRB] Recording {"DeviceRefId": 35673, "DeviceValue": 730, "DeviceString": "33", "TimeStamp": "2023-12-02T04:22:55.0000000+00:00", "$type": "RecordData"}
[19:22:16 VRB] Adding to database: {"DeviceRefId": 35673, "DeviceValue": 730, "DeviceString": "33", "TimeStamp": "2023-12-02T04:22:55.0000000+00:00", "$type": "RecordData"}
[19:22:16 VRB] Recording {"DeviceRefId": 35673, "DeviceValue": 731, "DeviceString": "33", "TimeStamp": "2023-12-02T04:23:00.0000000+00:00", "$type": "RecordData"}
[19:22:16 VRB] Adding to database: {"DeviceRefId": 35673, "DeviceValue": 731, "DeviceString": "33", "TimeStamp": "2023-12-02T04:23:00.0000000+00:00", "$type": "RecordData"}
[19:22:16 VRB] Recording {"DeviceRefId": 35673, "DeviceValue": 732, "DeviceString": "33", "TimeStamp": "2023-12-02T04:23:05.0000000+00:00", "$type": "RecordData"}
[19:22:16 VRB] Adding to database: {"DeviceRefId": 35673, "DeviceValue": 732, "DeviceString": "33", "TimeStamp": "2023-12-02T04:23:05.0000000+00:00", "$type": "RecordData"}
[19:22:16 VRB] Recording {"DeviceRefId": 35673, "DeviceValue": 733, "DeviceString": "33", "TimeStamp": "2023-12-02T04:23:10.0000000+00:00", "$type": "RecordData"}
[19:22:16 VRB] Adding to database: {"DeviceRefId": 35673, "DeviceValue": 733, "DeviceString": "33", "TimeStamp": "2023-12-02T04:23:10.0000000+00:00", "$type": "RecordData"}
[19:22:16 VRB] Recording {"DeviceRefId": 35673, "DeviceValue": 734, "DeviceString": "33", "TimeStamp": "2023-12-02T04:23:15.0000000+00:00", "$type": "RecordData"}
[19:22:16 VRB] Adding to database: {"DeviceRefId": 35673, "DeviceValue": 734, "DeviceString": "33", "TimeStamp": "2023-12-02T04:23:15.0000000+00:00", "$type": "RecordData"}
[19:22:16 VRB] Recording {"DeviceRefId": 35673, "DeviceValue": 735, "DeviceString": "33", "TimeStamp": "2023-12-02T04:23:20.0000000+00:00", "$type": "RecordData"}
[19:22:16 VRB] Adding to database: {"DeviceRefId": 35673, "DeviceValue": 735, "DeviceString": "33", "TimeStamp": "2023-12-02T04:23:20.0000000+00:00", "$type": "RecordData"}
[19:22:16 VRB] Recording {"DeviceRefId": 35673, "DeviceValue": 736, "DeviceString": "33", "TimeStamp": "2023-12-02T04:23:25.0000000+00:00", "$type": "RecordData"}
[19:22:16 VRB] Adding to database: {"DeviceRefId": 35673, "DeviceValue": 736, "DeviceString": "33", "TimeStamp": "2023-12-02T04:23:25.0000000+00:00", "$type": "RecordData"}
[19:22:16 VRB] Recording {"DeviceRefId": 35673, "DeviceValue": 737, "DeviceString": "33", "TimeStamp": "2023-12-02T04:23:30.0000000+00:00", "$type": "RecordData"}
[19:22:16 VRB] Adding to database: {"DeviceRefId": 35673, "DeviceValue": 737, "DeviceString": "33", "TimeStamp": "2023-12-02T04:23:30.0000000+00:00", "$type": "RecordData"}
[19:22:16 VRB] Recording {"DeviceRefId": 35673, "DeviceValue": 738, "DeviceString": "33", "TimeStamp": "2023-12-02T04:23:35.0000000+00:00", "$type": "RecordData"}
[19:22:16 VRB] Adding to database: {"DeviceRefId": 35673, "DeviceValue": 738, "DeviceString": "33", "TimeStamp": "2023-12-02T04:23:35.0000000+00:00", "$type": "RecordData"}
[19:22:16 VRB] Recording {"DeviceRefId": 35673, "DeviceValue": 739, "DeviceString": "33", "TimeStamp": "2023-12-02T04:23:40.0000000+00:00", "$type": "RecordData"}
[19:22:16 VRB] Adding to database: {"DeviceRefId": 35673, "DeviceValue": 739, "DeviceString": "33", "TimeStamp": "2023-12-02T04:23:40.0000000+00:00", "$type": "RecordData"}
[19:22:16 VRB] Recording {"DeviceRefId": 35673, "DeviceValue": 740, "DeviceString": "33", "TimeStamp": "2023-12-02T04:23:45.0000000+00:00", "$type": "RecordData"}
[19:22:16 VRB] Adding to database: {"DeviceRefId": 35673, "DeviceValue": 740, "DeviceString": "33", "TimeStamp": "2023-12-02T04:23:45.0000000+00:00", "$type": "RecordData"}
[19:22:16 VRB] Recording {"DeviceRefId": 35673, "DeviceValue": 741, "DeviceString": "33", "TimeStamp": "2023-12-02T04:23:50.0000000+00:00", "$type": "RecordData"}
[19:22:16 VRB] Adding to database: {"DeviceRefId": 35673, "DeviceValue": 741, "DeviceString": "33", "TimeStamp": "2023-12-02T04:23:50.0000000+00:00", "$type": "RecordData"}
[19:22:16 VRB] Recording {"DeviceRefId": 35673, "DeviceValue": 742, "DeviceString": "33", "TimeStamp": "2023-12-02T04:23:55.0000000+00:00", "$type": "RecordData"}
[19:22:16 VRB] Adding to database: {"DeviceRefId": 35673, "DeviceValue": 742, "DeviceString": "33", "TimeStamp": "2023-12-02T04:23:55.0000000+00:00", "$type": "RecordData"}
[19:22:16 VRB] Recording {"DeviceRefId": 35673, "DeviceValue": 743, "DeviceString": "33", "TimeStamp": "2023-12-02T04:24:00.0000000+00:00", "$type": "RecordData"}
[19:22:16 VRB] Adding to database: {"DeviceRefId": 35673, "DeviceValue": 743, "DeviceString": "33", "TimeStamp": "2023-12-02T04:24:00.0000000+00:00", "$type": "RecordData"}
[19:22:16 VRB] Recording {"DeviceRefId": 35673, "DeviceValue": 744, "DeviceString": "33", "TimeStamp": "2023-12-02T04:24:05.0000000+00:00", "$type": "RecordData"}
[19:22:16 VRB] Adding to database: {"DeviceRefId": 35673, "DeviceValue": 744, "DeviceString": "33", "TimeStamp": "2023-12-02T04:24:05.0000000+00:00", "$type": "RecordData"}
[19:22:16 VRB] Recording {"DeviceRefId": 35673, "DeviceValue": 745, "DeviceString": "33", "TimeStamp": "2023-12-02T04:24:10.0000000+00:00", "$type": "RecordData"}
[19:22:16 VRB] Adding to database: {"DeviceRefId": 35673, "DeviceValue": 745, "DeviceString": "33", "TimeStamp": "2023-12-02T04:24:10.0000000+00:00", "$type": "RecordData"}
[19:22:16 VRB] Recording {"DeviceRefId": 35673, "DeviceValue": 746, "DeviceString": "33", "TimeStamp": "2023-12-02T04:24:15.0000000+00:00", "$type": "RecordData"}
[19:22:16 VRB] Adding to database: {"DeviceRefId": 35673, "DeviceValue": 746, "DeviceString": "33", "TimeStamp": "2023-12-02T04:24:15.0000000+00:00", "$type": "RecordData"}
[19:22:16 VRB] Recording {"DeviceRefId": 35673, "DeviceValue": 747, "DeviceString": "33", "TimeStamp": "2023-12-02T04:24:20.0000000+00:00", "$type": "RecordData"}
[19:22:16 VRB] Adding to database: {"DeviceRefId": 35673, "DeviceValue": 747, "DeviceString": "33", "TimeStamp": "2023-12-02T04:24:20.0000000+00:00", "$type": "RecordData"}
[19:22:16 VRB] Recording {"DeviceRefId": 35673, "DeviceValue": 748, "DeviceString": "33", "TimeStamp": "2023-12-02T04:24:25.0000000+00:00", "$type": "RecordData"}
[19:22:16 VRB] Adding to database: {"DeviceRefId": 35673, "DeviceValue": 748, "DeviceString": "33", "TimeStamp": "2023-12-02T04:24:25.0000000+00:00", "$type": "RecordData"}
[19:22:16 VRB] Recording {"DeviceRefId": 35673, "DeviceValue": 749, "DeviceString": "33", "TimeStamp": "2023-12-02T04:24:30.0000000+00:00", "$type": "RecordData"}
[19:22:16 VRB] Adding to database: {"DeviceRefId": 35673, "DeviceValue": 749, "DeviceString": "33", "TimeStamp": "2023-12-02T04:24:30.0000000+00:00", "$type": "RecordData"}
[19:22:16 VRB] Recording {"DeviceRefId": 35673, "DeviceValue": 750, "DeviceString": "33", "TimeStamp": "2023-12-02T04:24:35.0000000+00:00", "$type": "RecordData"}
[19:22:16 VRB] Adding to database: {"DeviceRefId": 35673, "DeviceValue": 750, "DeviceString": "33", "TimeStamp": "2023-12-02T04:24:35.0000000+00:00", "$type": "RecordData"}
[19:22:16 VRB] Recording {"DeviceRefId": 35673, "DeviceValue": 751, "DeviceString": "33", "TimeStamp": "2023-12-02T04:24:40.0000000+00:00", "$type": "RecordData"}
[19:22:16 VRB] Adding to database: {"DeviceRefId": 35673, "DeviceValue": 751, "DeviceString": "33", "TimeStamp": "2023-12-02T04:24:40.0000000+00:00", "$type": "RecordData"}
[19:22:16 VRB] Recording {"DeviceRefId": 35673, "DeviceValue": 752, "DeviceString": "33", "TimeStamp": "2023-12-02T04:24:45.0000000+00:00", "$type": "RecordData"}
[19:22:16 VRB] Adding to database: {"DeviceRefId": 35673, "DeviceValue": 752, "DeviceString": "33", "TimeStamp": "2023-12-02T04:24:45.0000000+00:00", "$type": "RecordData"}
[19:22:16 VRB] Recording {"DeviceRefId": 35673, "DeviceValue": 753, "DeviceString": "33", "TimeStamp": "2023-12-02T04:24:50.0000000+00:00", "$type": "RecordData"}
[19:22:16 VRB] Adding to database: {"DeviceRefId": 35673, "DeviceValue": 753, "DeviceString": "33", "TimeStamp": "2023-12-02T04:24:50.0000000+00:00", "$type": "RecordData"}
[19:22:16 VRB] Recording {"DeviceRefId": 35673, "DeviceValue": 754, "DeviceString": "33", "TimeStamp": "2023-12-02T04:24:55.0000000+00:00", "$type": "RecordData"}
[19:22:16 VRB] Adding to database: {"DeviceRefId": 35673, "DeviceValue": 754, "DeviceString": "33", "TimeStamp": "2023-12-02T04:24:55.0000000+00:00", "$type": "RecordData"}
[19:22:16 VRB] Recording {"DeviceRefId": 35673, "DeviceValue": 755, "DeviceString": "33", "TimeStamp": "2023-12-02T04:25:00.0000000+00:00", "$type": "RecordData"}
[19:22:16 VRB] Adding to database: {"DeviceRefId": 35673, "DeviceValue": 755, "DeviceString": "33", "TimeStamp": "2023-12-02T04:25:00.0000000+00:00", "$type": "RecordData"}
[19:22:16 VRB] Recording {"DeviceRefId": 35673, "DeviceValue": 756, "DeviceString": "33", "TimeStamp": "2023-12-02T04:25:05.0000000+00:00", "$type": "RecordData"}
[19:22:16 VRB] Adding to database: {"DeviceRefId": 35673, "DeviceValue": 756, "DeviceString": "33", "TimeStamp": "2023-12-02T04:25:05.0000000+00:00", "$type": "RecordData"}
[19:22:16 VRB] Recording {"DeviceRefId": 35673, "DeviceValue": 757, "DeviceString": "33", "TimeStamp": "2023-12-02T04:25:10.0000000+00:00", "$type": "RecordData"}
[19:22:16 VRB] Adding to database: {"DeviceRefId": 35673, "DeviceValue": 757, "DeviceString": "33", "TimeStamp": "2023-12-02T04:25:10.0000000+00:00", "$type": "RecordData"}
[19:22:16 VRB] Recording {"DeviceRefId": 35673, "DeviceValue": 758, "DeviceString": "33", "TimeStamp": "2023-12-02T04:25:15.0000000+00:00", "$type": "RecordData"}
[19:22:16 VRB] Adding to database: {"DeviceRefId": 35673, "DeviceValue": 758, "DeviceString": "33", "TimeStamp": "2023-12-02T04:25:15.0000000+00:00", "$type": "RecordData"}
[19:22:16 VRB] Recording {"DeviceRefId": 35673, "DeviceValue": 759, "DeviceString": "33", "TimeStamp": "2023-12-02T04:25:20.0000000+00:00", "$type": "RecordData"}
[19:22:16 VRB] Adding to database: {"DeviceRefId": 35673, "DeviceValue": 759, "DeviceString": "33", "TimeStamp": "2023-12-02T04:25:20.0000000+00:00", "$type": "RecordData"}
[19:22:16 VRB] Recording {"DeviceRefId": 35673, "DeviceValue": 760, "DeviceString": "33", "TimeStamp": "2023-12-02T04:25:25.0000000+00:00", "$type": "RecordData"}
[19:22:16 VRB] Adding to database: {"DeviceRefId": 35673, "DeviceValue": 760, "DeviceString": "33", "TimeStamp": "2023-12-02T04:25:25.0000000+00:00", "$type": "RecordData"}
[19:22:16 VRB] Recording {"DeviceRefId": 35673, "DeviceValue": 761, "DeviceString": "33", "TimeStamp": "2023-12-02T04:25:30.0000000+00:00", "$type": "RecordData"}
[19:22:16 VRB] Adding to database: {"DeviceRefId": 35673, "DeviceValue": 761, "DeviceString": "33", "TimeStamp": "2023-12-02T04:25:30.0000000+00:00", "$type": "RecordData"}
[19:22:16 VRB] Recording {"DeviceRefId": 35673, "DeviceValue": 762, "DeviceString": "33", "TimeStamp": "2023-12-02T04:25:35.0000000+00:00", "$type": "RecordData"}
[19:22:16 VRB] Adding to database: {"DeviceRefId": 35673, "DeviceValue": 762, "DeviceString": "33", "TimeStamp": "2023-12-02T04:25:35.0000000+00:00", "$type": "RecordData"}
[19:22:16 VRB] Recording {"DeviceRefId": 35673, "DeviceValue": 763, "DeviceString": "33", "TimeStamp": "2023-12-02T04:25:40.0000000+00:00", "$type": "RecordData"}
[19:22:16 VRB] Adding to database: {"DeviceRefId": 35673, "DeviceValue": 763, "DeviceString": "33", "TimeStamp": "2023-12-02T04:25:40.0000000+00:00", "$type": "RecordData"}
[19:22:16 VRB] Recording {"DeviceRefId": 35673, "DeviceValue": 764, "DeviceString": "33", "TimeStamp": "2023-12-02T04:25:45.0000000+00:00", "$type": "RecordData"}
[19:22:16 VRB] Adding to database: {"DeviceRefId": 35673, "DeviceValue": 764, "DeviceString": "33", "TimeStamp": "2023-12-02T04:25:45.0000000+00:00", "$type": "RecordData"}
[19:22:17 VRB] Recording {"DeviceRefId": 35673, "DeviceValue": 765, "DeviceString": "33", "TimeStamp": "2023-12-02T04:25:50.0000000+00:00", "$type": "RecordData"}
[19:22:17 VRB] Adding to database: {"DeviceRefId": 35673, "DeviceValue": 765, "DeviceString": "33", "TimeStamp": "2023-12-02T04:25:50.0000000+00:00", "$type": "RecordData"}
[19:22:17 VRB] Recording {"DeviceRefId": 35673, "DeviceValue": 766, "DeviceString": "33", "TimeStamp": "2023-12-02T04:25:55.0000000+00:00", "$type": "RecordData"}
[19:22:17 VRB] Adding to database: {"DeviceRefId": 35673, "DeviceValue": 766, "DeviceString": "33", "TimeStamp": "2023-12-02T04:25:55.0000000+00:00", "$type": "RecordData"}
[19:22:17 VRB] Recording {"DeviceRefId": 35673, "DeviceValue": 767, "DeviceString": "33", "TimeStamp": "2023-12-02T04:26:00.0000000+00:00", "$type": "RecordData"}
[19:22:17 VRB] Adding to database: {"DeviceRefId": 35673, "DeviceValue": 767, "DeviceString": "33", "TimeStamp": "2023-12-02T04:26:00.0000000+00:00", "$type": "RecordData"}
[19:22:17 VRB] Recording {"DeviceRefId": 35673, "DeviceValue": 768, "DeviceString": "33", "TimeStamp": "2023-12-02T04:26:05.0000000+00:00", "$type": "RecordData"}
[19:22:17 VRB] Adding to database: {"DeviceRefId": 35673, "DeviceValue": 768, "DeviceString": "33", "TimeStamp": "2023-12-02T04:26:05.0000000+00:00", "$type": "RecordData"}
[19:22:17 VRB] Recording {"DeviceRefId": 35673, "DeviceValue": 769, "DeviceString": "33", "TimeStamp": "2023-12-02T04:26:10.0000000+00:00", "$type": "RecordData"}
[19:22:17 VRB] Adding to database: {"DeviceRefId": 35673, "DeviceValue": 769, "DeviceString": "33", "TimeStamp": "2023-12-02T04:26:10.0000000+00:00", "$type": "RecordData"}
[19:22:17 VRB] Recording {"DeviceRefId": 35673, "DeviceValue": 770, "DeviceString": "33", "TimeStamp": "2023-12-02T04:26:15.0000000+00:00", "$type": "RecordData"}
[19:22:17 VRB] Adding to database: {"DeviceRefId": 35673, "DeviceValue": 770, "DeviceString": "33", "TimeStamp": "2023-12-02T04:26:15.0000000+00:00", "$type": "RecordData"}
[19:22:17 VRB] Recording {"DeviceRefId": 35673, "DeviceValue": 771, "DeviceString": "33", "TimeStamp": "2023-12-02T04:26:20.0000000+00:00", "$type": "RecordData"}
[19:22:17 VRB] Adding to database: {"DeviceRefId": 35673, "DeviceValue": 771, "DeviceString": "33", "TimeStamp": "2023-12-02T04:26:20.0000000+00:00", "$type": "RecordData"}
[19:22:17 VRB] Recording {"DeviceRefId": 35673, "DeviceValue": 772, "DeviceString": "33", "TimeStamp": "2023-12-02T04:26:25.0000000+00:00", "$type": "RecordData"}
[19:22:17 VRB] Adding to database: {"DeviceRefId": 35673, "DeviceValue": 772, "DeviceString": "33", "TimeStamp": "2023-12-02T04:26:25.0000000+00:00", "$type": "RecordData"}
[19:22:17 VRB] Recording {"DeviceRefId": 35673, "DeviceValue": 773, "DeviceString": "33", "TimeStamp": "2023-12-02T04:26:30.0000000+00:00", "$type": "RecordData"}
[19:22:17 VRB] Adding to database: {"DeviceRefId": 35673, "DeviceValue": 773, "DeviceString": "33", "TimeStamp": "2023-12-02T04:26:30.0000000+00:00", "$type": "RecordData"}
[19:22:17 VRB] Recording {"DeviceRefId": 35673, "DeviceValue": 774, "DeviceString": "33", "TimeStamp": "2023-12-02T04:26:35.0000000+00:00", "$type": "RecordData"}
[19:22:17 VRB] Adding to database: {"DeviceRefId": 35673, "DeviceValue": 774, "DeviceString": "33", "TimeStamp": "2023-12-02T04:26:35.0000000+00:00", "$type": "RecordData"}
[19:22:17 VRB] Recording {"DeviceRefId": 35673, "DeviceValue": 775, "DeviceString": "33", "TimeStamp": "2023-12-02T04:26:40.0000000+00:00", "$type": "RecordData"}
[19:22:17 VRB] Adding to database: {"DeviceRefId": 35673, "DeviceValue": 775, "DeviceString": "33", "TimeStamp": "2023-12-02T04:26:40.0000000+00:00", "$type": "RecordData"}
[19:22:17 VRB] Recording {"DeviceRefId": 35673, "DeviceValue": 776, "DeviceString": "33", "TimeStamp": "2023-12-02T04:26:45.0000000+00:00", "$type": "RecordData"}
[19:22:17 VRB] Adding to database: {"DeviceRefId": 35673, "DeviceValue": 776, "DeviceString": "33", "TimeStamp": "2023-12-02T04:26:45.0000000+00:00", "$type": "RecordData"}
[19:22:17 VRB] Recording {"DeviceRefId": 35673, "DeviceValue": 777, "DeviceString": "33", "TimeStamp": "2023-12-02T04:26:50.0000000+00:00", "$type": "RecordData"}
[19:22:17 VRB] Adding to database: {"DeviceRefId": 35673, "DeviceValue": 777, "DeviceString": "33", "TimeStamp": "2023-12-02T04:26:50.0000000+00:00", "$type": "RecordData"}
[19:22:17 VRB] Recording {"DeviceRefId": 35673, "DeviceValue": 778, "DeviceString": "33", "TimeStamp": "2023-12-02T04:26:55.0000000+00:00", "$type": "RecordData"}
[19:22:17 VRB] Adding to database: {"DeviceRefId": 35673, "DeviceValue": 778, "DeviceString": "33", "TimeStamp": "2023-12-02T04:26:55.0000000+00:00", "$type": "RecordData"}
[19:22:17 VRB] Recording {"DeviceRefId": 35673, "DeviceValue": 779, "DeviceString": "33", "TimeStamp": "2023-12-02T04:27:00.0000000+00:00", "$type": "RecordData"}
[19:22:17 VRB] Adding to database: {"DeviceRefId": 35673, "DeviceValue": 779, "DeviceString": "33", "TimeStamp": "2023-12-02T04:27:00.0000000+00:00", "$type": "RecordData"}
[19:22:17 VRB] Recording {"DeviceRefId": 35673, "DeviceValue": 780, "DeviceString": "33", "TimeStamp": "2023-12-02T04:27:05.0000000+00:00", "$type": "RecordData"}
[19:22:17 VRB] Adding to database: {"DeviceRefId": 35673, "DeviceValue": 780, "DeviceString": "33", "TimeStamp": "2023-12-02T04:27:05.0000000+00:00", "$type": "RecordData"}
[19:22:17 VRB] Recording {"DeviceRefId": 35673, "DeviceValue": 781, "DeviceString": "33", "TimeStamp": "2023-12-02T04:27:10.0000000+00:00", "$type": "RecordData"}
[19:22:17 VRB] Adding to database: {"DeviceRefId": 35673, "DeviceValue": 781, "DeviceString": "33", "TimeStamp": "2023-12-02T04:27:10.0000000+00:00", "$type": "RecordData"}
[19:22:17 VRB] Recording {"DeviceRefId": 35673, "DeviceValue": 782, "DeviceString": "33", "TimeStamp": "2023-12-02T04:27:15.0000000+00:00", "$type": "RecordData"}
[19:22:17 VRB] Adding to database: {"DeviceRefId": 35673, "DeviceValue": 782, "DeviceString": "33", "TimeStamp": "2023-12-02T04:27:15.0000000+00:00", "$type": "RecordData"}
[19:22:17 VRB] Recording {"DeviceRefId": 35673, "DeviceValue": 783, "DeviceString": "33", "TimeStamp": "2023-12-02T04:27:20.0000000+00:00", "$type": "RecordData"}
[19:22:17 VRB] Adding to database: {"DeviceRefId": 35673, "DeviceValue": 783, "DeviceString": "33", "TimeStamp": "2023-12-02T04:27:20.0000000+00:00", "$type": "RecordData"}
[19:22:17 VRB] Recording {"DeviceRefId": 35673, "DeviceValue": 784, "DeviceString": "33", "TimeStamp": "2023-12-02T04:27:25.0000000+00:00", "$type": "RecordData"}
[19:22:17 VRB] Adding to database: {"DeviceRefId": 35673, "DeviceValue": 784, "DeviceString": "33", "TimeStamp": "2023-12-02T04:27:25.0000000+00:00", "$type": "RecordData"}
[19:22:17 VRB] Recording {"DeviceRefId": 35673, "DeviceValue": 785, "DeviceString": "33", "TimeStamp": "2023-12-02T04:27:30.0000000+00:00", "$type": "RecordData"}
[19:22:17 VRB] Adding to database: {"DeviceRefId": 35673, "DeviceValue": 785, "DeviceString": "33", "TimeStamp": "2023-12-02T04:27:30.0000000+00:00", "$type": "RecordData"}
[19:22:17 VRB] Recording {"DeviceRefId": 35673, "DeviceValue": 786, "DeviceString": "33", "TimeStamp": "2023-12-02T04:27:35.0000000+00:00", "$type": "RecordData"}
[19:22:17 VRB] Adding to database: {"DeviceRefId": 35673, "DeviceValue": 786, "DeviceString": "33", "TimeStamp": "2023-12-02T04:27:35.0000000+00:00", "$type": "RecordData"}
[19:22:17 VRB] Recording {"DeviceRefId": 35673, "DeviceValue": 787, "DeviceString": "33", "TimeStamp": "2023-12-02T04:27:40.0000000+00:00", "$type": "RecordData"}
[19:22:17 VRB] Adding to database: {"DeviceRefId": 35673, "DeviceValue": 787, "DeviceString": "33", "TimeStamp": "2023-12-02T04:27:40.0000000+00:00", "$type": "RecordData"}
[19:22:17 VRB] Recording {"DeviceRefId": 35673, "DeviceValue": 788, "DeviceString": "33", "TimeStamp": "2023-12-02T04:27:45.0000000+00:00", "$type": "RecordData"}
[19:22:17 VRB] Adding to database: {"DeviceRefId": 35673, "DeviceValue": 788, "DeviceString": "33", "TimeStamp": "2023-12-02T04:27:45.0000000+00:00", "$type": "RecordData"}
[19:22:17 VRB] Recording {"DeviceRefId": 35673, "DeviceValue": 789, "DeviceString": "33", "TimeStamp": "2023-12-02T04:27:50.0000000+00:00", "$type": "RecordData"}
[19:22:17 VRB] Adding to database: {"DeviceRefId": 35673, "DeviceValue": 789, "DeviceString": "33", "TimeStamp": "2023-12-02T04:27:50.0000000+00:00", "$type": "RecordData"}
[19:22:17 VRB] Recording {"DeviceRefId": 35673, "DeviceValue": 790, "DeviceString": "33", "TimeStamp": "2023-12-02T04:27:55.0000000+00:00", "$type": "RecordData"}
[19:22:17 VRB] Adding to database: {"DeviceRefId": 35673, "DeviceValue": 790, "DeviceString": "33", "TimeStamp": "2023-12-02T04:27:55.0000000+00:00", "$type": "RecordData"}
[19:22:17 VRB] Recording {"DeviceRefId": 35673, "DeviceValue": 791, "DeviceString": "33", "TimeStamp": "2023-12-02T04:28:00.0000000+00:00", "$type": "RecordData"}
[19:22:17 VRB] Adding to database: {"DeviceRefId": 35673, "DeviceValue": 791, "DeviceString": "33", "TimeStamp": "2023-12-02T04:28:00.0000000+00:00", "$type": "RecordData"}
[19:22:17 VRB] Recording {"DeviceRefId": 35673, "DeviceValue": 792, "DeviceString": "33", "TimeStamp": "2023-12-02T04:28:05.0000000+00:00", "$type": "RecordData"}
[19:22:17 VRB] Adding to database: {"DeviceRefId": 35673, "DeviceValue": 792, "DeviceString": "33", "TimeStamp": "2023-12-02T04:28:05.0000000+00:00", "$type": "RecordData"}
[19:22:17 VRB] Recording {"DeviceRefId": 35673, "DeviceValue": 793, "DeviceString": "33", "TimeStamp": "2023-12-02T04:28:10.0000000+00:00", "$type": "RecordData"}
[19:22:17 VRB] Adding to database: {"DeviceRefId": 35673, "DeviceValue": 793, "DeviceString": "33", "TimeStamp": "2023-12-02T04:28:10.0000000+00:00", "$type": "RecordData"}
[19:22:17 VRB] Recording {"DeviceRefId": 35673, "DeviceValue": 794, "DeviceString": "33", "TimeStamp": "2023-12-02T04:28:15.0000000+00:00", "$type": "RecordData"}
[19:22:17 VRB] Adding to database: {"DeviceRefId": 35673, "DeviceValue": 794, "DeviceString": "33", "TimeStamp": "2023-12-02T04:28:15.0000000+00:00", "$type": "RecordData"}
[19:22:17 VRB] Recording {"DeviceRefId": 35673, "DeviceValue": 795, "DeviceString": "33", "TimeStamp": "2023-12-02T04:28:20.0000000+00:00", "$type": "RecordData"}
[19:22:17 VRB] Adding to database: {"DeviceRefId": 35673, "DeviceValue": 795, "DeviceString": "33", "TimeStamp": "2023-12-02T04:28:20.0000000+00:00", "$type": "RecordData"}
[19:22:17 VRB] Recording {"DeviceRefId": 35673, "DeviceValue": 796, "DeviceString": "33", "TimeStamp": "2023-12-02T04:28:25.0000000+00:00", "$type": "RecordData"}
[19:22:17 VRB] Adding to database: {"DeviceRefId": 35673, "DeviceValue": 796, "DeviceString": "33", "TimeStamp": "2023-12-02T04:28:25.0000000+00:00", "$type": "RecordData"}
[19:22:17 VRB] Recording {"DeviceRefId": 35673, "DeviceValue": 797, "DeviceString": "33", "TimeStamp": "2023-12-02T04:28:30.0000000+00:00", "$type": "RecordData"}
[19:22:17 VRB] Adding to database: {"DeviceRefId": 35673, "DeviceValue": 797, "DeviceString": "33", "TimeStamp": "2023-12-02T04:28:30.0000000+00:00", "$type": "RecordData"}
[19:22:17 VRB] Recording {"DeviceRefId": 35673, "DeviceValue": 798, "DeviceString": "33", "TimeStamp": "2023-12-02T04:28:35.0000000+00:00", "$type": "RecordData"}
[19:22:17 VRB] Adding to database: {"DeviceRefId": 35673, "DeviceValue": 798, "DeviceString": "33", "TimeStamp": "2023-12-02T04:28:35.0000000+00:00", "$type": "RecordData"}
[19:22:17 VRB] Recording {"DeviceRefId": 35673, "DeviceValue": 799, "DeviceString": "33", "TimeStamp": "2023-12-02T04:28:40.0000000+00:00", "$type": "RecordData"}
[19:22:17 VRB] Adding to database: {"DeviceRefId": 35673, "DeviceValue": 799, "DeviceString": "33", "TimeStamp": "2023-12-02T04:28:40.0000000+00:00", "$type": "RecordData"}
[19:22:17 VRB] Recording {"DeviceRefId": 35673, "DeviceValue": 800, "DeviceString": "33", "TimeStamp": "2023-12-02T04:28:45.0000000+00:00", "$type": "RecordData"}
[19:22:17 VRB] Adding to database: {"DeviceRefId": 35673, "DeviceValue": 800, "DeviceString": "33", "TimeStamp": "2023-12-02T04:28:45.0000000+00:00", "$type": "RecordData"}
[19:22:17 VRB] Recording {"DeviceRefId": 35673, "DeviceValue": 801, "DeviceString": "33", "TimeStamp": "2023-12-02T04:28:50.0000000+00:00", "$type": "RecordData"}
[19:22:17 VRB] Adding to database: {"DeviceRefId": 35673, "DeviceValue": 801, "DeviceString": "33", "TimeStamp": "2023-12-02T04:28:50.0000000+00:00", "$type": "RecordData"}
[19:22:17 VRB] Recording {"DeviceRefId": 35673, "DeviceValue": 802, "DeviceString": "33", "TimeStamp": "2023-12-02T04:28:55.0000000+00:00", "$type": "RecordData"}
[19:22:17 VRB] Adding to database: {"DeviceRefId": 35673, "DeviceValue": 802, "DeviceString": "33", "TimeStamp": "2023-12-02T04:28:55.0000000+00:00", "$type": "RecordData"}
[19:22:17 VRB] Recording {"DeviceRefId": 35673, "DeviceValue": 803, "DeviceString": "33", "TimeStamp": "2023-12-02T04:29:00.0000000+00:00", "$type": "RecordData"}
[19:22:17 VRB] Adding to database: {"DeviceRefId": 35673, "DeviceValue": 803, "DeviceString": "33", "TimeStamp": "2023-12-02T04:29:00.0000000+00:00", "$type": "RecordData"}
[19:22:17 VRB] Recording {"DeviceRefId": 35673, "DeviceValue": 804, "DeviceString": "33", "TimeStamp": "2023-12-02T04:29:05.0000000+00:00", "$type": "RecordData"}
[19:22:17 VRB] Adding to database: {"DeviceRefId": 35673, "DeviceValue": 804, "DeviceString": "33", "TimeStamp": "2023-12-02T04:29:05.0000000+00:00", "$type": "RecordData"}
[19:22:17 VRB] Recording {"DeviceRefId": 35673, "DeviceValue": 805, "DeviceString": "33", "TimeStamp": "2023-12-02T04:29:10.0000000+00:00", "$type": "RecordData"}
[19:22:17 VRB] Adding to database: {"DeviceRefId": 35673, "DeviceValue": 805, "DeviceString": "33", "TimeStamp": "2023-12-02T04:29:10.0000000+00:00", "$type": "RecordData"}
[19:22:17 VRB] Recording {"DeviceRefId": 35673, "DeviceValue": 806, "DeviceString": "33", "TimeStamp": "2023-12-02T04:29:15.0000000+00:00", "$type": "RecordData"}
[19:22:17 VRB] Adding to database: {"DeviceRefId": 35673, "DeviceValue": 806, "DeviceString": "33", "TimeStamp": "2023-12-02T04:29:15.0000000+00:00", "$type": "RecordData"}
[19:22:17 VRB] Recording {"DeviceRefId": 35673, "DeviceValue": 807, "DeviceString": "33", "TimeStamp": "2023-12-02T04:29:20.0000000+00:00", "$type": "RecordData"}
[19:22:17 VRB] Adding to database: {"DeviceRefId": 35673, "DeviceValue": 807, "DeviceString": "33", "TimeStamp": "2023-12-02T04:29:20.0000000+00:00", "$type": "RecordData"}
[19:22:17 VRB] Recording {"DeviceRefId": 35673, "DeviceValue": 808, "DeviceString": "33", "TimeStamp": "2023-12-02T04:29:25.0000000+00:00", "$type": "RecordData"}
[19:22:17 VRB] Adding to database: {"DeviceRefId": 35673, "DeviceValue": 808, "DeviceString": "33", "TimeStamp": "2023-12-02T04:29:25.0000000+00:00", "$type": "RecordData"}
[19:22:17 VRB] Recording {"DeviceRefId": 35673, "DeviceValue": 809, "DeviceString": "33", "TimeStamp": "2023-12-02T04:29:30.0000000+00:00", "$type": "RecordData"}
[19:22:17 VRB] Adding to database: {"DeviceRefId": 35673, "DeviceValue": 809, "DeviceString": "33", "TimeStamp": "2023-12-02T04:29:30.0000000+00:00", "$type": "RecordData"}
[19:22:17 VRB] Recording {"DeviceRefId": 35673, "DeviceValue": 810, "DeviceString": "33", "TimeStamp": "2023-12-02T04:29:35.0000000+00:00", "$type": "RecordData"}
[19:22:17 VRB] Adding to database: {"DeviceRefId": 35673, "DeviceValue": 810, "DeviceString": "33", "TimeStamp": "2023-12-02T04:29:35.0000000+00:00", "$type": "RecordData"}
[19:22:17 VRB] Recording {"DeviceRefId": 35673, "DeviceValue": 811, "DeviceString": "33", "TimeStamp": "2023-12-02T04:29:40.0000000+00:00", "$type": "RecordData"}
[19:22:17 VRB] Adding to database: {"DeviceRefId": 35673, "DeviceValue": 811, "DeviceString": "33", "TimeStamp": "2023-12-02T04:29:40.0000000+00:00", "$type": "RecordData"}
[19:22:17 VRB] Recording {"DeviceRefId": 35673, "DeviceValue": 812, "DeviceString": "33", "TimeStamp": "2023-12-02T04:29:45.0000000+00:00", "$type": "RecordData"}
[19:22:17 VRB] Adding to database: {"DeviceRefId": 35673, "DeviceValue": 812, "DeviceString": "33", "TimeStamp": "2023-12-02T04:29:45.0000000+00:00", "$type": "RecordData"}
[19:22:17 VRB] Recording {"DeviceRefId": 35673, "DeviceValue": 813, "DeviceString": "33", "TimeStamp": "2023-12-02T04:29:50.0000000+00:00", "$type": "RecordData"}
[19:22:17 VRB] Adding to database: {"DeviceRefId": 35673, "DeviceValue": 813, "DeviceString": "33", "TimeStamp": "2023-12-02T04:29:50.0000000+00:00", "$type": "RecordData"}
[19:22:17 VRB] Recording {"DeviceRefId": 35673, "DeviceValue": 814, "DeviceString": "33", "TimeStamp": "2023-12-02T04:29:55.0000000+00:00", "$type": "RecordData"}
[19:22:17 VRB] Adding to database: {"DeviceRefId": 35673, "DeviceValue": 814, "DeviceString": "33", "TimeStamp": "2023-12-02T04:29:55.0000000+00:00", "$type": "RecordData"}
[19:22:17 VRB] Recording {"DeviceRefId": 35673, "DeviceValue": 815, "DeviceString": "33", "TimeStamp": "2023-12-02T04:30:00.0000000+00:00", "$type": "RecordData"}
[19:22:17 VRB] Adding to database: {"DeviceRefId": 35673, "DeviceValue": 815, "DeviceString": "33", "TimeStamp": "2023-12-02T04:30:00.0000000+00:00", "$type": "RecordData"}
[19:22:17 VRB] Recording {"DeviceRefId": 35673, "DeviceValue": 816, "DeviceString": "33", "TimeStamp": "2023-12-02T04:30:05.0000000+00:00", "$type": "RecordData"}
[19:22:17 VRB] Adding to database: {"DeviceRefId": 35673, "DeviceValue": 816, "DeviceString": "33", "TimeStamp": "2023-12-02T04:30:05.0000000+00:00", "$type": "RecordData"}
[19:22:17 VRB] Recording {"DeviceRefId": 35673, "DeviceValue": 817, "DeviceString": "33", "TimeStamp": "2023-12-02T04:30:10.0000000+00:00", "$type": "RecordData"}
[19:22:17 VRB] Adding to database: {"DeviceRefId": 35673, "DeviceValue": 817, "DeviceString": "33", "TimeStamp": "2023-12-02T04:30:10.0000000+00:00", "$type": "RecordData"}
[19:22:17 VRB] Recording {"DeviceRefId": 35673, "DeviceValue": 818, "DeviceString": "33", "TimeStamp": "2023-12-02T04:30:15.0000000+00:00", "$type": "RecordData"}
[19:22:17 VRB] Adding to database: {"DeviceRefId": 35673, "DeviceValue": 818, "DeviceString": "33", "TimeStamp": "2023-12-02T04:30:15.0000000+00:00", "$type": "RecordData"}
[19:22:17 VRB] Recording {"DeviceRefId": 35673, "DeviceValue": 819, "DeviceString": "33", "TimeStamp": "2023-12-02T04:30:20.0000000+00:00", "$type": "RecordData"}
[19:22:17 VRB] Adding to database: {"DeviceRefId": 35673, "DeviceValue": 819, "DeviceString": "33", "TimeStamp": "2023-12-02T04:30:20.0000000+00:00", "$type": "RecordData"}
[19:22:17 VRB] Recording {"DeviceRefId": 35673, "DeviceValue": 820, "DeviceString": "33", "TimeStamp": "2023-12-02T04:30:25.0000000+00:00", "$type": "RecordData"}
[19:22:17 VRB] Adding to database: {"DeviceRefId": 35673, "DeviceValue": 820, "DeviceString": "33", "TimeStamp": "2023-12-02T04:30:25.0000000+00:00", "$type": "RecordData"}
[19:22:17 VRB] Recording {"DeviceRefId": 35673, "DeviceValue": 821, "DeviceString": "33", "TimeStamp": "2023-12-02T04:30:30.0000000+00:00", "$type": "RecordData"}
[19:22:17 VRB] Adding to database: {"DeviceRefId": 35673, "DeviceValue": 821, "DeviceString": "33", "TimeStamp": "2023-12-02T04:30:30.0000000+00:00", "$type": "RecordData"}
[19:22:17 VRB] Recording {"DeviceRefId": 35673, "DeviceValue": 822, "DeviceString": "33", "TimeStamp": "2023-12-02T04:30:35.0000000+00:00", "$type": "RecordData"}
[19:22:17 VRB] Adding to database: {"DeviceRefId": 35673, "DeviceValue": 822, "DeviceString": "33", "TimeStamp": "2023-12-02T04:30:35.0000000+00:00", "$type": "RecordData"}
[19:22:17 VRB] Recording {"DeviceRefId": 35673, "DeviceValue": 823, "DeviceString": "33", "TimeStamp": "2023-12-02T04:30:40.0000000+00:00", "$type": "RecordData"}
[19:22:17 VRB] Adding to database: {"DeviceRefId": 35673, "DeviceValue": 823, "DeviceString": "33", "TimeStamp": "2023-12-02T04:30:40.0000000+00:00", "$type": "RecordData"}
[19:22:17 VRB] Recording {"DeviceRefId": 35673, "DeviceValue": 824, "DeviceString": "33", "TimeStamp": "2023-12-02T04:30:45.0000000+00:00", "$type": "RecordData"}
[19:22:17 VRB] Adding to database: {"DeviceRefId": 35673, "DeviceValue": 824, "DeviceString": "33", "TimeStamp": "2023-12-02T04:30:45.0000000+00:00", "$type": "RecordData"}
[19:22:17 VRB] Recording {"DeviceRefId": 35673, "DeviceValue": 825, "DeviceString": "33", "TimeStamp": "2023-12-02T04:30:50.0000000+00:00", "$type": "RecordData"}
[19:22:17 VRB] Adding to database: {"DeviceRefId": 35673, "DeviceValue": 825, "DeviceString": "33", "TimeStamp": "2023-12-02T04:30:50.0000000+00:00", "$type": "RecordData"}
[19:22:17 VRB] Recording {"DeviceRefId": 35673, "DeviceValue": 826, "DeviceString": "33", "TimeStamp": "2023-12-02T04:30:55.0000000+00:00", "$type": "RecordData"}
[19:22:17 VRB] Adding to database: {"DeviceRefId": 35673, "DeviceValue": 826, "DeviceString": "33", "TimeStamp": "2023-12-02T04:30:55.0000000+00:00", "$type": "RecordData"}
[19:22:17 VRB] Recording {"DeviceRefId": 35673, "DeviceValue": 827, "DeviceString": "33", "TimeStamp": "2023-12-02T04:31:00.0000000+00:00", "$type": "RecordData"}
[19:22:17 VRB] Adding to database: {"DeviceRefId": 35673, "DeviceValue": 827, "DeviceString": "33", "TimeStamp": "2023-12-02T04:31:00.0000000+00:00", "$type": "RecordData"}
[19:22:17 VRB] Recording {"DeviceRefId": 35673, "DeviceValue": 828, "DeviceString": "33", "TimeStamp": "2023-12-02T04:31:05.0000000+00:00", "$type": "RecordData"}
[19:22:18 VRB] Adding to database: {"DeviceRefId": 35673, "DeviceValue": 828, "DeviceString": "33", "TimeStamp": "2023-12-02T04:31:05.0000000+00:00", "$type": "RecordData"}
[19:22:18 VRB] Recording {"DeviceRefId": 35673, "DeviceValue": 829, "DeviceString": "33", "TimeStamp": "2023-12-02T04:31:10.0000000+00:00", "$type": "RecordData"}
[19:22:18 VRB] Adding to database: {"DeviceRefId": 35673, "DeviceValue": 829, "DeviceString": "33", "TimeStamp": "2023-12-02T04:31:10.0000000+00:00", "$type": "RecordData"}
[19:22:18 VRB] Recording {"DeviceRefId": 35673, "DeviceValue": 830, "DeviceString": "33", "TimeStamp": "2023-12-02T04:31:15.0000000+00:00", "$type": "RecordData"}
[19:22:18 VRB] Adding to database: {"DeviceRefId": 35673, "DeviceValue": 830, "DeviceString": "33", "TimeStamp": "2023-12-02T04:31:15.0000000+00:00", "$type": "RecordData"}
[19:22:18 VRB] Recording {"DeviceRefId": 35673, "DeviceValue": 831, "DeviceString": "33", "TimeStamp": "2023-12-02T04:31:20.0000000+00:00", "$type": "RecordData"}
[19:22:18 VRB] Adding to database: {"DeviceRefId": 35673, "DeviceValue": 831, "DeviceString": "33", "TimeStamp": "2023-12-02T04:31:20.0000000+00:00", "$type": "RecordData"}
[19:22:18 VRB] Recording {"DeviceRefId": 35673, "DeviceValue": 832, "DeviceString": "33", "TimeStamp": "2023-12-02T04:31:25.0000000+00:00", "$type": "RecordData"}
[19:22:18 VRB] Adding to database: {"DeviceRefId": 35673, "DeviceValue": 832, "DeviceString": "33", "TimeStamp": "2023-12-02T04:31:25.0000000+00:00", "$type": "RecordData"}
[19:22:18 VRB] Recording {"DeviceRefId": 35673, "DeviceValue": 833, "DeviceString": "33", "TimeStamp": "2023-12-02T04:31:30.0000000+00:00", "$type": "RecordData"}
[19:22:18 VRB] Adding to database: {"DeviceRefId": 35673, "DeviceValue": 833, "DeviceString": "33", "TimeStamp": "2023-12-02T04:31:30.0000000+00:00", "$type": "RecordData"}
[19:22:18 VRB] Recording {"DeviceRefId": 35673, "DeviceValue": 834, "DeviceString": "33", "TimeStamp": "2023-12-02T04:31:35.0000000+00:00", "$type": "RecordData"}
[19:22:18 VRB] Adding to database: {"DeviceRefId": 35673, "DeviceValue": 834, "DeviceString": "33", "TimeStamp": "2023-12-02T04:31:35.0000000+00:00", "$type": "RecordData"}
[19:22:18 VRB] Recording {"DeviceRefId": 35673, "DeviceValue": 835, "DeviceString": "33", "TimeStamp": "2023-12-02T04:31:40.0000000+00:00", "$type": "RecordData"}
[19:22:18 VRB] Adding to database: {"DeviceRefId": 35673, "DeviceValue": 835, "DeviceString": "33", "TimeStamp": "2023-12-02T04:31:40.0000000+00:00", "$type": "RecordData"}
[19:22:18 VRB] Recording {"DeviceRefId": 35673, "DeviceValue": 836, "DeviceString": "33", "TimeStamp": "2023-12-02T04:31:45.0000000+00:00", "$type": "RecordData"}
[19:22:18 VRB] Adding to database: {"DeviceRefId": 35673, "DeviceValue": 836, "DeviceString": "33", "TimeStamp": "2023-12-02T04:31:45.0000000+00:00", "$type": "RecordData"}
[19:22:18 VRB] Recording {"DeviceRefId": 35673, "DeviceValue": 837, "DeviceString": "33", "TimeStamp": "2023-12-02T04:31:50.0000000+00:00", "$type": "RecordData"}
[19:22:18 VRB] Adding to database: {"DeviceRefId": 35673, "DeviceValue": 837, "DeviceString": "33", "TimeStamp": "2023-12-02T04:31:50.0000000+00:00", "$type": "RecordData"}
[19:22:18 VRB] Recording {"DeviceRefId": 35673, "DeviceValue": 838, "DeviceString": "33", "TimeStamp": "2023-12-02T04:31:55.0000000+00:00", "$type": "RecordData"}
[19:22:18 VRB] Adding to database: {"DeviceRefId": 35673, "DeviceValue": 838, "DeviceString": "33", "TimeStamp": "2023-12-02T04:31:55.0000000+00:00", "$type": "RecordData"}
[19:22:18 VRB] Recording {"DeviceRefId": 35673, "DeviceValue": 839, "DeviceString": "33", "TimeStamp": "2023-12-02T04:32:00.0000000+00:00", "$type": "RecordData"}
[19:22:18 VRB] Adding to database: {"DeviceRefId": 35673, "DeviceValue": 839, "DeviceString": "33", "TimeStamp": "2023-12-02T04:32:00.0000000+00:00", "$type": "RecordData"}
[19:22:18 VRB] Recording {"DeviceRefId": 35673, "DeviceValue": 840, "DeviceString": "33", "TimeStamp": "2023-12-02T04:32:05.0000000+00:00", "$type": "RecordData"}
[19:22:18 VRB] Adding to database: {"DeviceRefId": 35673, "DeviceValue": 840, "DeviceString": "33", "TimeStamp": "2023-12-02T04:32:05.0000000+00:00", "$type": "RecordData"}
[19:22:18 VRB] Recording {"DeviceRefId": 35673, "DeviceValue": 841, "DeviceString": "33", "TimeStamp": "2023-12-02T04:32:10.0000000+00:00", "$type": "RecordData"}
[19:22:18 VRB] Adding to database: {"DeviceRefId": 35673, "DeviceValue": 841, "DeviceString": "33", "TimeStamp": "2023-12-02T04:32:10.0000000+00:00", "$type": "RecordData"}
[19:22:18 VRB] Recording {"DeviceRefId": 35673, "DeviceValue": 842, "DeviceString": "33", "TimeStamp": "2023-12-02T04:32:15.0000000+00:00", "$type": "RecordData"}
[19:22:18 VRB] Adding to database: {"DeviceRefId": 35673, "DeviceValue": 842, "DeviceString": "33", "TimeStamp": "2023-12-02T04:32:15.0000000+00:00", "$type": "RecordData"}
[19:22:18 VRB] Recording {"DeviceRefId": 35673, "DeviceValue": 843, "DeviceString": "33", "TimeStamp": "2023-12-02T04:32:20.0000000+00:00", "$type": "RecordData"}
[19:22:18 VRB] Adding to database: {"DeviceRefId": 35673, "DeviceValue": 843, "DeviceString": "33", "TimeStamp": "2023-12-02T04:32:20.0000000+00:00", "$type": "RecordData"}
[19:22:18 VRB] Recording {"DeviceRefId": 35673, "DeviceValue": 844, "DeviceString": "33", "TimeStamp": "2023-12-02T04:32:25.0000000+00:00", "$type": "RecordData"}
[19:22:18 VRB] Adding to database: {"DeviceRefId": 35673, "DeviceValue": 844, "DeviceString": "33", "TimeStamp": "2023-12-02T04:32:25.0000000+00:00", "$type": "RecordData"}
[19:22:18 VRB] Recording {"DeviceRefId": 35673, "DeviceValue": 845, "DeviceString": "33", "TimeStamp": "2023-12-02T04:32:30.0000000+00:00", "$type": "RecordData"}
[19:22:18 VRB] Adding to database: {"DeviceRefId": 35673, "DeviceValue": 845, "DeviceString": "33", "TimeStamp": "2023-12-02T04:32:30.0000000+00:00", "$type": "RecordData"}
[19:22:18 VRB] Recording {"DeviceRefId": 35673, "DeviceValue": 846, "DeviceString": "33", "TimeStamp": "2023-12-02T04:32:35.0000000+00:00", "$type": "RecordData"}
[19:22:18 VRB] Adding to database: {"DeviceRefId": 35673, "DeviceValue": 846, "DeviceString": "33", "TimeStamp": "2023-12-02T04:32:35.0000000+00:00", "$type": "RecordData"}
[19:22:18 VRB] Recording {"DeviceRefId": 35673, "DeviceValue": 847, "DeviceString": "33", "TimeStamp": "2023-12-02T04:32:40.0000000+00:00", "$type": "RecordData"}
[19:22:18 VRB] Adding to database: {"DeviceRefId": 35673, "DeviceValue": 847, "DeviceString": "33", "TimeStamp": "2023-12-02T04:32:40.0000000+00:00", "$type": "RecordData"}
[19:22:18 VRB] Recording {"DeviceRefId": 35673, "DeviceValue": 848, "DeviceString": "33", "TimeStamp": "2023-12-02T04:32:45.0000000+00:00", "$type": "RecordData"}
[19:22:18 VRB] Adding to database: {"DeviceRefId": 35673, "DeviceValue": 848, "DeviceString": "33", "TimeStamp": "2023-12-02T04:32:45.0000000+00:00", "$type": "RecordData"}
[19:22:18 VRB] Recording {"DeviceRefId": 35673, "DeviceValue": 849, "DeviceString": "33", "TimeStamp": "2023-12-02T04:32:50.0000000+00:00", "$type": "RecordData"}
[19:22:18 VRB] Adding to database: {"DeviceRefId": 35673, "DeviceValue": 849, "DeviceString": "33", "TimeStamp": "2023-12-02T04:32:50.0000000+00:00", "$type": "RecordData"}
[19:22:18 VRB] Recording {"DeviceRefId": 35673, "DeviceValue": 850, "DeviceString": "33", "TimeStamp": "2023-12-02T04:32:55.0000000+00:00", "$type": "RecordData"}
[19:22:18 VRB] Adding to database: {"DeviceRefId": 35673, "DeviceValue": 850, "DeviceString": "33", "TimeStamp": "2023-12-02T04:32:55.0000000+00:00", "$type": "RecordData"}
[19:22:18 VRB] Recording {"DeviceRefId": 35673, "DeviceValue": 851, "DeviceString": "33", "TimeStamp": "2023-12-02T04:33:00.0000000+00:00", "$type": "RecordData"}
[19:22:18 VRB] Adding to database: {"DeviceRefId": 35673, "DeviceValue": 851, "DeviceString": "33", "TimeStamp": "2023-12-02T04:33:00.0000000+00:00", "$type": "RecordData"}
[19:22:18 VRB] Recording {"DeviceRefId": 35673, "DeviceValue": 852, "DeviceString": "33", "TimeStamp": "2023-12-02T04:33:05.0000000+00:00", "$type": "RecordData"}
[19:22:18 VRB] Adding to database: {"DeviceRefId": 35673, "DeviceValue": 852, "DeviceString": "33", "TimeStamp": "2023-12-02T04:33:05.0000000+00:00", "$type": "RecordData"}
[19:22:18 VRB] Recording {"DeviceRefId": 35673, "DeviceValue": 853, "DeviceString": "33", "TimeStamp": "2023-12-02T04:33:10.0000000+00:00", "$type": "RecordData"}
[19:22:18 VRB] Adding to database: {"DeviceRefId": 35673, "DeviceValue": 853, "DeviceString": "33", "TimeStamp": "2023-12-02T04:33:10.0000000+00:00", "$type": "RecordData"}
[19:22:18 VRB] Recording {"DeviceRefId": 35673, "DeviceValue": 854, "DeviceString": "33", "TimeStamp": "2023-12-02T04:33:15.0000000+00:00", "$type": "RecordData"}
[19:22:18 VRB] Adding to database: {"DeviceRefId": 35673, "DeviceValue": 854, "DeviceString": "33", "TimeStamp": "2023-12-02T04:33:15.0000000+00:00", "$type": "RecordData"}
[19:22:18 VRB] Recording {"DeviceRefId": 35673, "DeviceValue": 855, "DeviceString": "33", "TimeStamp": "2023-12-02T04:33:20.0000000+00:00", "$type": "RecordData"}
[19:22:18 VRB] Adding to database: {"DeviceRefId": 35673, "DeviceValue": 855, "DeviceString": "33", "TimeStamp": "2023-12-02T04:33:20.0000000+00:00", "$type": "RecordData"}
[19:22:18 VRB] Recording {"DeviceRefId": 35673, "DeviceValue": 856, "DeviceString": "33", "TimeStamp": "2023-12-02T04:33:25.0000000+00:00", "$type": "RecordData"}
[19:22:18 VRB] Adding to database: {"DeviceRefId": 35673, "DeviceValue": 856, "DeviceString": "33", "TimeStamp": "2023-12-02T04:33:25.0000000+00:00", "$type": "RecordData"}
[19:22:18 VRB] Recording {"DeviceRefId": 35673, "DeviceValue": 857, "DeviceString": "33", "TimeStamp": "2023-12-02T04:33:30.0000000+00:00", "$type": "RecordData"}
[19:22:18 VRB] Adding to database: {"DeviceRefId": 35673, "DeviceValue": 857, "DeviceString": "33", "TimeStamp": "2023-12-02T04:33:30.0000000+00:00", "$type": "RecordData"}
[19:22:18 VRB] Recording {"DeviceRefId": 35673, "DeviceValue": 858, "DeviceString": "33", "TimeStamp": "2023-12-02T04:33:35.0000000+00:00", "$type": "RecordData"}
[19:22:18 VRB] Adding to database: {"DeviceRefId": 35673, "DeviceValue": 858, "DeviceString": "33", "TimeStamp": "2023-12-02T04:33:35.0000000+00:00", "$type": "RecordData"}
[19:22:18 VRB] Recording {"DeviceRefId": 35673, "DeviceValue": 859, "DeviceString": "33", "TimeStamp": "2023-12-02T04:33:40.0000000+00:00", "$type": "RecordData"}
[19:22:18 VRB] Adding to database: {"DeviceRefId": 35673, "DeviceValue": 859, "DeviceString": "33", "TimeStamp": "2023-12-02T04:33:40.0000000+00:00", "$type": "RecordData"}
[19:22:18 VRB] Recording {"DeviceRefId": 35673, "DeviceValue": 860, "DeviceString": "33", "TimeStamp": "2023-12-02T04:33:45.0000000+00:00", "$type": "RecordData"}
[19:22:18 VRB] Adding to database: {"DeviceRefId": 35673, "DeviceValue": 860, "DeviceString": "33", "TimeStamp": "2023-12-02T04:33:45.0000000+00:00", "$type": "RecordData"}
[19:22:18 VRB] Recording {"DeviceRefId": 35673, "DeviceValue": 861, "DeviceString": "33", "TimeStamp": "2023-12-02T04:33:50.0000000+00:00", "$type": "RecordData"}
[19:22:18 VRB] Adding to database: {"DeviceRefId": 35673, "DeviceValue": 861, "DeviceString": "33", "TimeStamp": "2023-12-02T04:33:50.0000000+00:00", "$type": "RecordData"}
[19:22:18 VRB] Recording {"DeviceRefId": 35673, "DeviceValue": 862, "DeviceString": "33", "TimeStamp": "2023-12-02T04:33:55.0000000+00:00", "$type": "RecordData"}
[19:22:18 VRB] Adding to database: {"DeviceRefId": 35673, "DeviceValue": 862, "DeviceString": "33", "TimeStamp": "2023-12-02T04:33:55.0000000+00:00", "$type": "RecordData"}
[19:22:18 VRB] Recording {"DeviceRefId": 35673, "DeviceValue": 863, "DeviceString": "33", "TimeStamp": "2023-12-02T04:34:00.0000000+00:00", "$type": "RecordData"}
[19:22:18 VRB] Adding to database: {"DeviceRefId": 35673, "DeviceValue": 863, "DeviceString": "33", "TimeStamp": "2023-12-02T04:34:00.0000000+00:00", "$type": "RecordData"}
[19:22:18 VRB] Recording {"DeviceRefId": 35673, "DeviceValue": 864, "DeviceString": "33", "TimeStamp": "2023-12-02T04:34:05.0000000+00:00", "$type": "RecordData"}
[19:22:18 VRB] Adding to database: {"DeviceRefId": 35673, "DeviceValue": 864, "DeviceString": "33", "TimeStamp": "2023-12-02T04:34:05.0000000+00:00", "$type": "RecordData"}
[19:22:18 VRB] Recording {"DeviceRefId": 35673, "DeviceValue": 865, "DeviceString": "33", "TimeStamp": "2023-12-02T04:34:10.0000000+00:00", "$type": "RecordData"}
[19:22:18 VRB] Adding to database: {"DeviceRefId": 35673, "DeviceValue": 865, "DeviceString": "33", "TimeStamp": "2023-12-02T04:34:10.0000000+00:00", "$type": "RecordData"}
[19:22:18 VRB] Recording {"DeviceRefId": 35673, "DeviceValue": 866, "DeviceString": "33", "TimeStamp": "2023-12-02T04:34:15.0000000+00:00", "$type": "RecordData"}
[19:22:18 VRB] Adding to database: {"DeviceRefId": 35673, "DeviceValue": 866, "DeviceString": "33", "TimeStamp": "2023-12-02T04:34:15.0000000+00:00", "$type": "RecordData"}
[19:22:18 VRB] Recording {"DeviceRefId": 35673, "DeviceValue": 867, "DeviceString": "33", "TimeStamp": "2023-12-02T04:34:20.0000000+00:00", "$type": "RecordData"}
[19:22:18 VRB] Adding to database: {"DeviceRefId": 35673, "DeviceValue": 867, "DeviceString": "33", "TimeStamp": "2023-12-02T04:34:20.0000000+00:00", "$type": "RecordData"}
[19:22:18 VRB] Recording {"DeviceRefId": 35673, "DeviceValue": 868, "DeviceString": "33", "TimeStamp": "2023-12-02T04:34:25.0000000+00:00", "$type": "RecordData"}
[19:22:18 VRB] Adding to database: {"DeviceRefId": 35673, "DeviceValue": 868, "DeviceString": "33", "TimeStamp": "2023-12-02T04:34:25.0000000+00:00", "$type": "RecordData"}
[19:22:18 VRB] Recording {"DeviceRefId": 35673, "DeviceValue": 869, "DeviceString": "33", "TimeStamp": "2023-12-02T04:34:30.0000000+00:00", "$type": "RecordData"}
[19:22:18 VRB] Adding to database: {"DeviceRefId": 35673, "DeviceValue": 869, "DeviceString": "33", "TimeStamp": "2023-12-02T04:34:30.0000000+00:00", "$type": "RecordData"}
[19:22:18 VRB] Recording {"DeviceRefId": 35673, "DeviceValue": 870, "DeviceString": "33", "TimeStamp": "2023-12-02T04:34:35.0000000+00:00", "$type": "RecordData"}
[19:22:18 VRB] Adding to database: {"DeviceRefId": 35673, "DeviceValue": 870, "DeviceString": "33", "TimeStamp": "2023-12-02T04:34:35.0000000+00:00", "$type": "RecordData"}
[19:22:18 VRB] Recording {"DeviceRefId": 35673, "DeviceValue": 871, "DeviceString": "33", "TimeStamp": "2023-12-02T04:34:40.0000000+00:00", "$type": "RecordData"}
[19:22:18 VRB] Adding to database: {"DeviceRefId": 35673, "DeviceValue": 871, "DeviceString": "33", "TimeStamp": "2023-12-02T04:34:40.0000000+00:00", "$type": "RecordData"}
[19:22:18 VRB] Recording {"DeviceRefId": 35673, "DeviceValue": 872, "DeviceString": "33", "TimeStamp": "2023-12-02T04:34:45.0000000+00:00", "$type": "RecordData"}
[19:22:18 VRB] Adding to database: {"DeviceRefId": 35673, "DeviceValue": 872, "DeviceString": "33", "TimeStamp": "2023-12-02T04:34:45.0000000+00:00", "$type": "RecordData"}
[19:22:18 VRB] Recording {"DeviceRefId": 35673, "DeviceValue": 873, "DeviceString": "33", "TimeStamp": "2023-12-02T04:34:50.0000000+00:00", "$type": "RecordData"}
[19:22:18 VRB] Adding to database: {"DeviceRefId": 35673, "DeviceValue": 873, "DeviceString": "33", "TimeStamp": "2023-12-02T04:34:50.0000000+00:00", "$type": "RecordData"}
[19:22:18 VRB] Recording {"DeviceRefId": 35673, "DeviceValue": 874, "DeviceString": "33", "TimeStamp": "2023-12-02T04:34:55.0000000+00:00", "$type": "RecordData"}
[19:22:18 VRB] Adding to database: {"DeviceRefId": 35673, "DeviceValue": 874, "DeviceString": "33", "TimeStamp": "2023-12-02T04:34:55.0000000+00:00", "$type": "RecordData"}
[19:22:18 VRB] Recording {"DeviceRefId": 35673, "DeviceValue": 875, "DeviceString": "33", "TimeStamp": "2023-12-02T04:35:00.0000000+00:00", "$type": "RecordData"}
[19:22:18 VRB] Adding to database: {"DeviceRefId": 35673, "DeviceValue": 875, "DeviceString": "33", "TimeStamp": "2023-12-02T04:35:00.0000000+00:00", "$type": "RecordData"}
[19:22:18 VRB] Recording {"DeviceRefId": 35673, "DeviceValue": 876, "DeviceString": "33", "TimeStamp": "2023-12-02T04:35:05.0000000+00:00", "$type": "RecordData"}
[19:22:18 VRB] Adding to database: {"DeviceRefId": 35673, "DeviceValue": 876, "DeviceString": "33", "TimeStamp": "2023-12-02T04:35:05.0000000+00:00", "$type": "RecordData"}
[19:22:18 VRB] Recording {"DeviceRefId": 35673, "DeviceValue": 877, "DeviceString": "33", "TimeStamp": "2023-12-02T04:35:10.0000000+00:00", "$type": "RecordData"}
[19:22:18 VRB] Adding to database: {"DeviceRefId": 35673, "DeviceValue": 877, "DeviceString": "33", "TimeStamp": "2023-12-02T04:35:10.0000000+00:00", "$type": "RecordData"}
[19:22:18 VRB] Recording {"DeviceRefId": 35673, "DeviceValue": 878, "DeviceString": "33", "TimeStamp": "2023-12-02T04:35:15.0000000+00:00", "$type": "RecordData"}
[19:22:18 VRB] Adding to database: {"DeviceRefId": 35673, "DeviceValue": 878, "DeviceString": "33", "TimeStamp": "2023-12-02T04:35:15.0000000+00:00", "$type": "RecordData"}
[19:22:18 VRB] Recording {"DeviceRefId": 35673, "DeviceValue": 879, "DeviceString": "33", "TimeStamp": "2023-12-02T04:35:20.0000000+00:00", "$type": "RecordData"}
[19:22:18 VRB] Adding to database: {"DeviceRefId": 35673, "DeviceValue": 879, "DeviceString": "33", "TimeStamp": "2023-12-02T04:35:20.0000000+00:00", "$type": "RecordData"}
[19:22:18 VRB] Recording {"DeviceRefId": 35673, "DeviceValue": 880, "DeviceString": "33", "TimeStamp": "2023-12-02T04:35:25.0000000+00:00", "$type": "RecordData"}
[19:22:18 VRB] Adding to database: {"DeviceRefId": 35673, "DeviceValue": 880, "DeviceString": "33", "TimeStamp": "2023-12-02T04:35:25.0000000+00:00", "$type": "RecordData"}
[19:22:18 VRB] Recording {"DeviceRefId": 35673, "DeviceValue": 881, "DeviceString": "33", "TimeStamp": "2023-12-02T04:35:30.0000000+00:00", "$type": "RecordData"}
[19:22:18 VRB] Adding to database: {"DeviceRefId": 35673, "DeviceValue": 881, "DeviceString": "33", "TimeStamp": "2023-12-02T04:35:30.0000000+00:00", "$type": "RecordData"}
[19:22:18 VRB] Recording {"DeviceRefId": 35673, "DeviceValue": 882, "DeviceString": "33", "TimeStamp": "2023-12-02T04:35:35.0000000+00:00", "$type": "RecordData"}
[19:22:18 VRB] Adding to database: {"DeviceRefId": 35673, "DeviceValue": 882, "DeviceString": "33", "TimeStamp": "2023-12-02T04:35:35.0000000+00:00", "$type": "RecordData"}
[19:22:18 VRB] Recording {"DeviceRefId": 35673, "DeviceValue": 883, "DeviceString": "33", "TimeStamp": "2023-12-02T04:35:40.0000000+00:00", "$type": "RecordData"}
[19:22:18 VRB] Adding to database: {"DeviceRefId": 35673, "DeviceValue": 883, "DeviceString": "33", "TimeStamp": "2023-12-02T04:35:40.0000000+00:00", "$type": "RecordData"}
[19:22:18 VRB] Recording {"DeviceRefId": 35673, "DeviceValue": 884, "DeviceString": "33", "TimeStamp": "2023-12-02T04:35:45.0000000+00:00", "$type": "RecordData"}
[19:22:18 VRB] Adding to database: {"DeviceRefId": 35673, "DeviceValue": 884, "DeviceString": "33", "TimeStamp": "2023-12-02T04:35:45.0000000+00:00", "$type": "RecordData"}
[19:22:18 VRB] Recording {"DeviceRefId": 35673, "DeviceValue": 885, "DeviceString": "33", "TimeStamp": "2023-12-02T04:35:50.0000000+00:00", "$type": "RecordData"}
[19:22:18 VRB] Adding to database: {"DeviceRefId": 35673, "DeviceValue": 885, "DeviceString": "33", "TimeStamp": "2023-12-02T04:35:50.0000000+00:00", "$type": "RecordData"}
[19:22:18 VRB] Recording {"DeviceRefId": 35673, "DeviceValue": 886, "DeviceString": "33", "TimeStamp": "2023-12-02T04:35:55.0000000+00:00", "$type": "RecordData"}
[19:22:18 VRB] Adding to database: {"DeviceRefId": 35673, "DeviceValue": 886, "DeviceString": "33", "TimeStamp": "2023-12-02T04:35:55.0000000+00:00", "$type": "RecordData"}
[19:22:18 VRB] Recording {"DeviceRefId": 35673, "DeviceValue": 887, "DeviceString": "33", "TimeStamp": "2023-12-02T04:36:00.0000000+00:00", "$type": "RecordData"}
[19:22:18 VRB] Adding to database: {"DeviceRefId": 35673, "DeviceValue": 887, "DeviceString": "33", "TimeStamp": "2023-12-02T04:36:00.0000000+00:00", "$type": "RecordData"}
[19:22:18 VRB] Recording {"DeviceRefId": 35673, "DeviceValue": 888, "DeviceString": "33", "TimeStamp": "2023-12-02T04:36:05.0000000+00:00", "$type": "RecordData"}
[19:22:18 VRB] Adding to database: {"DeviceRefId": 35673, "DeviceValue": 888, "DeviceString": "33", "TimeStamp": "2023-12-02T04:36:05.0000000+00:00", "$type": "RecordData"}
[19:22:18 VRB] Recording {"DeviceRefId": 35673, "DeviceValue": 889, "DeviceString": "33", "TimeStamp": "2023-12-02T04:36:10.0000000+00:00", "$type": "RecordData"}
[19:22:18 VRB] Adding to database: {"DeviceRefId": 35673, "DeviceValue": 889, "DeviceString": "33", "TimeStamp": "2023-12-02T04:36:10.0000000+00:00", "$type": "RecordData"}
[19:22:18 VRB] Recording {"DeviceRefId": 35673, "DeviceValue": 890, "DeviceString": "33", "TimeStamp": "2023-12-02T04:36:15.0000000+00:00", "$type": "RecordData"}
[19:22:18 VRB] Adding to database: {"DeviceRefId": 35673, "DeviceValue": 890, "DeviceString": "33", "TimeStamp": "2023-12-02T04:36:15.0000000+00:00", "$type": "RecordData"}
[19:22:18 VRB] Recording {"DeviceRefId": 35673, "DeviceValue": 891, "DeviceString": "33", "TimeStamp": "2023-12-02T04:36:20.0000000+00:00", "$type": "RecordData"}
[19:22:18 VRB] Adding to database: {"DeviceRefId": 35673, "DeviceValue": 891, "DeviceString": "33", "TimeStamp": "2023-12-02T04:36:20.0000000+00:00", "$type": "RecordData"}
[19:22:18 VRB] Recording {"DeviceRefId": 35673, "DeviceValue": 892, "DeviceString": "33", "TimeStamp": "2023-12-02T04:36:25.0000000+00:00", "$type": "RecordData"}
[19:22:18 VRB] Adding to database: {"DeviceRefId": 35673, "DeviceValue": 892, "DeviceString": "33", "TimeStamp": "2023-12-02T04:36:25.0000000+00:00", "$type": "RecordData"}
[19:22:18 VRB] Recording {"DeviceRefId": 35673, "DeviceValue": 893, "DeviceString": "33", "TimeStamp": "2023-12-02T04:36:30.0000000+00:00", "$type": "RecordData"}
[19:22:18 VRB] Adding to database: {"DeviceRefId": 35673, "DeviceValue": 893, "DeviceString": "33", "TimeStamp": "2023-12-02T04:36:30.0000000+00:00", "$type": "RecordData"}
[19:22:18 VRB] Recording {"DeviceRefId": 35673, "DeviceValue": 894, "DeviceString": "33", "TimeStamp": "2023-12-02T04:36:35.0000000+00:00", "$type": "RecordData"}
[19:22:18 VRB] Adding to database: {"DeviceRefId": 35673, "DeviceValue": 894, "DeviceString": "33", "TimeStamp": "2023-12-02T04:36:35.0000000+00:00", "$type": "RecordData"}
[19:22:18 VRB] Recording {"DeviceRefId": 35673, "DeviceValue": 895, "DeviceString": "33", "TimeStamp": "2023-12-02T04:36:40.0000000+00:00", "$type": "RecordData"}
[19:22:18 VRB] Adding to database: {"DeviceRefId": 35673, "DeviceValue": 895, "DeviceString": "33", "TimeStamp": "2023-12-02T04:36:40.0000000+00:00", "$type": "RecordData"}
[19:22:18 VRB] Recording {"DeviceRefId": 35673, "DeviceValue": 896, "DeviceString": "33", "TimeStamp": "2023-12-02T04:36:45.0000000+00:00", "$type": "RecordData"}
[19:22:18 VRB] Adding to database: {"DeviceRefId": 35673, "DeviceValue": 896, "DeviceString": "33", "TimeStamp": "2023-12-02T04:36:45.0000000+00:00", "$type": "RecordData"}
[19:22:19 VRB] Recording {"DeviceRefId": 35673, "DeviceValue": 897, "DeviceString": "33", "TimeStamp": "2023-12-02T04:36:50.0000000+00:00", "$type": "RecordData"}
[19:22:19 VRB] Adding to database: {"DeviceRefId": 35673, "DeviceValue": 897, "DeviceString": "33", "TimeStamp": "2023-12-02T04:36:50.0000000+00:00", "$type": "RecordData"}
[19:22:19 VRB] Recording {"DeviceRefId": 35673, "DeviceValue": 898, "DeviceString": "33", "TimeStamp": "2023-12-02T04:36:55.0000000+00:00", "$type": "RecordData"}
[19:22:19 VRB] Adding to database: {"DeviceRefId": 35673, "DeviceValue": 898, "DeviceString": "33", "TimeStamp": "2023-12-02T04:36:55.0000000+00:00", "$type": "RecordData"}
[19:22:19 VRB] Recording {"DeviceRefId": 35673, "DeviceValue": 899, "DeviceString": "33", "TimeStamp": "2023-12-02T04:37:00.0000000+00:00", "$type": "RecordData"}
[19:22:19 VRB] Adding to database: {"DeviceRefId": 35673, "DeviceValue": 899, "DeviceString": "33", "TimeStamp": "2023-12-02T04:37:00.0000000+00:00", "$type": "RecordData"}
[19:22:19 VRB] Recording {"DeviceRefId": 35673, "DeviceValue": 900, "DeviceString": "33", "TimeStamp": "2023-12-02T04:37:05.0000000+00:00", "$type": "RecordData"}
[19:22:19 VRB] Adding to database: {"DeviceRefId": 35673, "DeviceValue": 900, "DeviceString": "33", "TimeStamp": "2023-12-02T04:37:05.0000000+00:00", "$type": "RecordData"}
[19:22:19 VRB] Recording {"DeviceRefId": 35673, "DeviceValue": 901, "DeviceString": "33", "TimeStamp": "2023-12-02T04:37:10.0000000+00:00", "$type": "RecordData"}
[19:22:19 VRB] Adding to database: {"DeviceRefId": 35673, "DeviceValue": 901, "DeviceString": "33", "TimeStamp": "2023-12-02T04:37:10.0000000+00:00", "$type": "RecordData"}
[19:22:19 VRB] Recording {"DeviceRefId": 35673, "DeviceValue": 902, "DeviceString": "33", "TimeStamp": "2023-12-02T04:37:15.0000000+00:00", "$type": "RecordData"}
[19:22:19 VRB] Adding to database: {"DeviceRefId": 35673, "DeviceValue": 902, "DeviceString": "33", "TimeStamp": "2023-12-02T04:37:15.0000000+00:00", "$type": "RecordData"}
[19:22:19 VRB] Recording {"DeviceRefId": 35673, "DeviceValue": 903, "DeviceString": "33", "TimeStamp": "2023-12-02T04:37:20.0000000+00:00", "$type": "RecordData"}
[19:22:19 VRB] Adding to database: {"DeviceRefId": 35673, "DeviceValue": 903, "DeviceString": "33", "TimeStamp": "2023-12-02T04:37:20.0000000+00:00", "$type": "RecordData"}
[19:22:19 VRB] Recording {"DeviceRefId": 35673, "DeviceValue": 904, "DeviceString": "33", "TimeStamp": "2023-12-02T04:37:25.0000000+00:00", "$type": "RecordData"}
[19:22:19 VRB] Adding to database: {"DeviceRefId": 35673, "DeviceValue": 904, "DeviceString": "33", "TimeStamp": "2023-12-02T04:37:25.0000000+00:00", "$type": "RecordData"}
[19:22:19 VRB] Recording {"DeviceRefId": 35673, "DeviceValue": 905, "DeviceString": "33", "TimeStamp": "2023-12-02T04:37:30.0000000+00:00", "$type": "RecordData"}
[19:22:19 VRB] Adding to database: {"DeviceRefId": 35673, "DeviceValue": 905, "DeviceString": "33", "TimeStamp": "2023-12-02T04:37:30.0000000+00:00", "$type": "RecordData"}
[19:22:19 VRB] Recording {"DeviceRefId": 35673, "DeviceValue": 906, "DeviceString": "33", "TimeStamp": "2023-12-02T04:37:35.0000000+00:00", "$type": "RecordData"}
[19:22:19 VRB] Adding to database: {"DeviceRefId": 35673, "DeviceValue": 906, "DeviceString": "33", "TimeStamp": "2023-12-02T04:37:35.0000000+00:00", "$type": "RecordData"}
[19:22:19 VRB] Recording {"DeviceRefId": 35673, "DeviceValue": 907, "DeviceString": "33", "TimeStamp": "2023-12-02T04:37:40.0000000+00:00", "$type": "RecordData"}
[19:22:19 VRB] Adding to database: {"DeviceRefId": 35673, "DeviceValue": 907, "DeviceString": "33", "TimeStamp": "2023-12-02T04:37:40.0000000+00:00", "$type": "RecordData"}
[19:22:19 VRB] Recording {"DeviceRefId": 35673, "DeviceValue": 908, "DeviceString": "33", "TimeStamp": "2023-12-02T04:37:45.0000000+00:00", "$type": "RecordData"}
[19:22:19 VRB] Adding to database: {"DeviceRefId": 35673, "DeviceValue": 908, "DeviceString": "33", "TimeStamp": "2023-12-02T04:37:45.0000000+00:00", "$type": "RecordData"}
[19:22:19 VRB] Recording {"DeviceRefId": 35673, "DeviceValue": 909, "DeviceString": "33", "TimeStamp": "2023-12-02T04:37:50.0000000+00:00", "$type": "RecordData"}
[19:22:19 VRB] Adding to database: {"DeviceRefId": 35673, "DeviceValue": 909, "DeviceString": "33", "TimeStamp": "2023-12-02T04:37:50.0000000+00:00", "$type": "RecordData"}
[19:22:19 VRB] Recording {"DeviceRefId": 35673, "DeviceValue": 910, "DeviceString": "33", "TimeStamp": "2023-12-02T04:37:55.0000000+00:00", "$type": "RecordData"}
[19:22:19 VRB] Adding to database: {"DeviceRefId": 35673, "DeviceValue": 910, "DeviceString": "33", "TimeStamp": "2023-12-02T04:37:55.0000000+00:00", "$type": "RecordData"}
[19:22:19 VRB] Recording {"DeviceRefId": 35673, "DeviceValue": 911, "DeviceString": "33", "TimeStamp": "2023-12-02T04:38:00.0000000+00:00", "$type": "RecordData"}
[19:22:19 VRB] Adding to database: {"DeviceRefId": 35673, "DeviceValue": 911, "DeviceString": "33", "TimeStamp": "2023-12-02T04:38:00.0000000+00:00", "$type": "RecordData"}
[19:22:19 VRB] Recording {"DeviceRefId": 35673, "DeviceValue": 912, "DeviceString": "33", "TimeStamp": "2023-12-02T04:38:05.0000000+00:00", "$type": "RecordData"}
[19:22:19 VRB] Adding to database: {"DeviceRefId": 35673, "DeviceValue": 912, "DeviceString": "33", "TimeStamp": "2023-12-02T04:38:05.0000000+00:00", "$type": "RecordData"}
[19:22:19 VRB] Recording {"DeviceRefId": 35673, "DeviceValue": 913, "DeviceString": "33", "TimeStamp": "2023-12-02T04:38:10.0000000+00:00", "$type": "RecordData"}
[19:22:19 VRB] Adding to database: {"DeviceRefId": 35673, "DeviceValue": 913, "DeviceString": "33", "TimeStamp": "2023-12-02T04:38:10.0000000+00:00", "$type": "RecordData"}
[19:22:19 VRB] Recording {"DeviceRefId": 35673, "DeviceValue": 914, "DeviceString": "33", "TimeStamp": "2023-12-02T04:38:15.0000000+00:00", "$type": "RecordData"}
[19:22:19 VRB] Adding to database: {"DeviceRefId": 35673, "DeviceValue": 914, "DeviceString": "33", "TimeStamp": "2023-12-02T04:38:15.0000000+00:00", "$type": "RecordData"}
[19:22:19 VRB] Recording {"DeviceRefId": 35673, "DeviceValue": 915, "DeviceString": "33", "TimeStamp": "2023-12-02T04:38:20.0000000+00:00", "$type": "RecordData"}
[19:22:19 VRB] Adding to database: {"DeviceRefId": 35673, "DeviceValue": 915, "DeviceString": "33", "TimeStamp": "2023-12-02T04:38:20.0000000+00:00", "$type": "RecordData"}
[19:22:19 VRB] Recording {"DeviceRefId": 35673, "DeviceValue": 916, "DeviceString": "33", "TimeStamp": "2023-12-02T04:38:25.0000000+00:00", "$type": "RecordData"}
[19:22:19 VRB] Adding to database: {"DeviceRefId": 35673, "DeviceValue": 916, "DeviceString": "33", "TimeStamp": "2023-12-02T04:38:25.0000000+00:00", "$type": "RecordData"}
[19:22:19 VRB] Recording {"DeviceRefId": 35673, "DeviceValue": 917, "DeviceString": "33", "TimeStamp": "2023-12-02T04:38:30.0000000+00:00", "$type": "RecordData"}
[19:22:19 VRB] Adding to database: {"DeviceRefId": 35673, "DeviceValue": 917, "DeviceString": "33", "TimeStamp": "2023-12-02T04:38:30.0000000+00:00", "$type": "RecordData"}
[19:22:19 VRB] Recording {"DeviceRefId": 35673, "DeviceValue": 918, "DeviceString": "33", "TimeStamp": "2023-12-02T04:38:35.0000000+00:00", "$type": "RecordData"}
[19:22:19 VRB] Adding to database: {"DeviceRefId": 35673, "DeviceValue": 918, "DeviceString": "33", "TimeStamp": "2023-12-02T04:38:35.0000000+00:00", "$type": "RecordData"}
[19:22:19 VRB] Recording {"DeviceRefId": 35673, "DeviceValue": 919, "DeviceString": "33", "TimeStamp": "2023-12-02T04:38:40.0000000+00:00", "$type": "RecordData"}
[19:22:19 VRB] Adding to database: {"DeviceRefId": 35673, "DeviceValue": 919, "DeviceString": "33", "TimeStamp": "2023-12-02T04:38:40.0000000+00:00", "$type": "RecordData"}
[19:22:19 VRB] Recording {"DeviceRefId": 35673, "DeviceValue": 920, "DeviceString": "33", "TimeStamp": "2023-12-02T04:38:45.0000000+00:00", "$type": "RecordData"}
[19:22:19 VRB] Adding to database: {"DeviceRefId": 35673, "DeviceValue": 920, "DeviceString": "33", "TimeStamp": "2023-12-02T04:38:45.0000000+00:00", "$type": "RecordData"}
[19:22:19 VRB] Recording {"DeviceRefId": 35673, "DeviceValue": 921, "DeviceString": "33", "TimeStamp": "2023-12-02T04:38:50.0000000+00:00", "$type": "RecordData"}
[19:22:19 VRB] Adding to database: {"DeviceRefId": 35673, "DeviceValue": 921, "DeviceString": "33", "TimeStamp": "2023-12-02T04:38:50.0000000+00:00", "$type": "RecordData"}
[19:22:19 VRB] Recording {"DeviceRefId": 35673, "DeviceValue": 922, "DeviceString": "33", "TimeStamp": "2023-12-02T04:38:55.0000000+00:00", "$type": "RecordData"}
[19:22:19 VRB] Adding to database: {"DeviceRefId": 35673, "DeviceValue": 922, "DeviceString": "33", "TimeStamp": "2023-12-02T04:38:55.0000000+00:00", "$type": "RecordData"}
[19:22:19 VRB] Recording {"DeviceRefId": 35673, "DeviceValue": 923, "DeviceString": "33", "TimeStamp": "2023-12-02T04:39:00.0000000+00:00", "$type": "RecordData"}
[19:22:19 VRB] Adding to database: {"DeviceRefId": 35673, "DeviceValue": 923, "DeviceString": "33", "TimeStamp": "2023-12-02T04:39:00.0000000+00:00", "$type": "RecordData"}
[19:22:19 VRB] Recording {"DeviceRefId": 35673, "DeviceValue": 924, "DeviceString": "33", "TimeStamp": "2023-12-02T04:39:05.0000000+00:00", "$type": "RecordData"}
[19:22:19 VRB] Adding to database: {"DeviceRefId": 35673, "DeviceValue": 924, "DeviceString": "33", "TimeStamp": "2023-12-02T04:39:05.0000000+00:00", "$type": "RecordData"}
[19:22:19 VRB] Recording {"DeviceRefId": 35673, "DeviceValue": 925, "DeviceString": "33", "TimeStamp": "2023-12-02T04:39:10.0000000+00:00", "$type": "RecordData"}
[19:22:19 VRB] Adding to database: {"DeviceRefId": 35673, "DeviceValue": 925, "DeviceString": "33", "TimeStamp": "2023-12-02T04:39:10.0000000+00:00", "$type": "RecordData"}
[19:22:19 VRB] Recording {"DeviceRefId": 35673, "DeviceValue": 926, "DeviceString": "33", "TimeStamp": "2023-12-02T04:39:15.0000000+00:00", "$type": "RecordData"}
[19:22:19 VRB] Adding to database: {"DeviceRefId": 35673, "DeviceValue": 926, "DeviceString": "33", "TimeStamp": "2023-12-02T04:39:15.0000000+00:00", "$type": "RecordData"}
[19:22:19 VRB] Recording {"DeviceRefId": 35673, "DeviceValue": 927, "DeviceString": "33", "TimeStamp": "2023-12-02T04:39:20.0000000+00:00", "$type": "RecordData"}
[19:22:19 VRB] Adding to database: {"DeviceRefId": 35673, "DeviceValue": 927, "DeviceString": "33", "TimeStamp": "2023-12-02T04:39:20.0000000+00:00", "$type": "RecordData"}
[19:22:19 VRB] Recording {"DeviceRefId": 35673, "DeviceValue": 928, "DeviceString": "33", "TimeStamp": "2023-12-02T04:39:25.0000000+00:00", "$type": "RecordData"}
[19:22:19 VRB] Adding to database: {"DeviceRefId": 35673, "DeviceValue": 928, "DeviceString": "33", "TimeStamp": "2023-12-02T04:39:25.0000000+00:00", "$type": "RecordData"}
[19:22:19 VRB] Recording {"DeviceRefId": 35673, "DeviceValue": 929, "DeviceString": "33", "TimeStamp": "2023-12-02T04:39:30.0000000+00:00", "$type": "RecordData"}
[19:22:19 VRB] Adding to database: {"DeviceRefId": 35673, "DeviceValue": 929, "DeviceString": "33", "TimeStamp": "2023-12-02T04:39:30.0000000+00:00", "$type": "RecordData"}
[19:22:19 VRB] Recording {"DeviceRefId": 35673, "DeviceValue": 930, "DeviceString": "33", "TimeStamp": "2023-12-02T04:39:35.0000000+00:00", "$type": "RecordData"}
[19:22:19 VRB] Adding to database: {"DeviceRefId": 35673, "DeviceValue": 930, "DeviceString": "33", "TimeStamp": "2023-12-02T04:39:35.0000000+00:00", "$type": "RecordData"}
[19:22:19 VRB] Recording {"DeviceRefId": 35673, "DeviceValue": 931, "DeviceString": "33", "TimeStamp": "2023-12-02T04:39:40.0000000+00:00", "$type": "RecordData"}
[19:22:19 VRB] Adding to database: {"DeviceRefId": 35673, "DeviceValue": 931, "DeviceString": "33", "TimeStamp": "2023-12-02T04:39:40.0000000+00:00", "$type": "RecordData"}
[19:22:19 VRB] Recording {"DeviceRefId": 35673, "DeviceValue": 932, "DeviceString": "33", "TimeStamp": "2023-12-02T04:39:45.0000000+00:00", "$type": "RecordData"}
[19:22:19 VRB] Adding to database: {"DeviceRefId": 35673, "DeviceValue": 932, "DeviceString": "33", "TimeStamp": "2023-12-02T04:39:45.0000000+00:00", "$type": "RecordData"}
[19:22:19 VRB] Recording {"DeviceRefId": 35673, "DeviceValue": 933, "DeviceString": "33", "TimeStamp": "2023-12-02T04:39:50.0000000+00:00", "$type": "RecordData"}
[19:22:19 VRB] Adding to database: {"DeviceRefId": 35673, "DeviceValue": 933, "DeviceString": "33", "TimeStamp": "2023-12-02T04:39:50.0000000+00:00", "$type": "RecordData"}
[19:22:19 VRB] Recording {"DeviceRefId": 35673, "DeviceValue": 934, "DeviceString": "33", "TimeStamp": "2023-12-02T04:39:55.0000000+00:00", "$type": "RecordData"}
[19:22:19 VRB] Adding to database: {"DeviceRefId": 35673, "DeviceValue": 934, "DeviceString": "33", "TimeStamp": "2023-12-02T04:39:55.0000000+00:00", "$type": "RecordData"}
[19:22:19 VRB] Recording {"DeviceRefId": 35673, "DeviceValue": 935, "DeviceString": "33", "TimeStamp": "2023-12-02T04:40:00.0000000+00:00", "$type": "RecordData"}
[19:22:19 VRB] Adding to database: {"DeviceRefId": 35673, "DeviceValue": 935, "DeviceString": "33", "TimeStamp": "2023-12-02T04:40:00.0000000+00:00", "$type": "RecordData"}
[19:22:19 VRB] Recording {"DeviceRefId": 35673, "DeviceValue": 936, "DeviceString": "33", "TimeStamp": "2023-12-02T04:40:05.0000000+00:00", "$type": "RecordData"}
[19:22:19 VRB] Adding to database: {"DeviceRefId": 35673, "DeviceValue": 936, "DeviceString": "33", "TimeStamp": "2023-12-02T04:40:05.0000000+00:00", "$type": "RecordData"}
[19:22:19 VRB] Recording {"DeviceRefId": 35673, "DeviceValue": 937, "DeviceString": "33", "TimeStamp": "2023-12-02T04:40:10.0000000+00:00", "$type": "RecordData"}
[19:22:19 VRB] Adding to database: {"DeviceRefId": 35673, "DeviceValue": 937, "DeviceString": "33", "TimeStamp": "2023-12-02T04:40:10.0000000+00:00", "$type": "RecordData"}
[19:22:19 VRB] Recording {"DeviceRefId": 35673, "DeviceValue": 938, "DeviceString": "33", "TimeStamp": "2023-12-02T04:40:15.0000000+00:00", "$type": "RecordData"}
[19:22:19 VRB] Adding to database: {"DeviceRefId": 35673, "DeviceValue": 938, "DeviceString": "33", "TimeStamp": "2023-12-02T04:40:15.0000000+00:00", "$type": "RecordData"}
[19:22:19 VRB] Recording {"DeviceRefId": 35673, "DeviceValue": 939, "DeviceString": "33", "TimeStamp": "2023-12-02T04:40:20.0000000+00:00", "$type": "RecordData"}
[19:22:19 VRB] Adding to database: {"DeviceRefId": 35673, "DeviceValue": 939, "DeviceString": "33", "TimeStamp": "2023-12-02T04:40:20.0000000+00:00", "$type": "RecordData"}
[19:22:19 VRB] Recording {"DeviceRefId": 35673, "DeviceValue": 940, "DeviceString": "33", "TimeStamp": "2023-12-02T04:40:25.0000000+00:00", "$type": "RecordData"}
[19:22:19 VRB] Adding to database: {"DeviceRefId": 35673, "DeviceValue": 940, "DeviceString": "33", "TimeStamp": "2023-12-02T04:40:25.0000000+00:00", "$type": "RecordData"}
[19:22:19 VRB] Recording {"DeviceRefId": 35673, "DeviceValue": 941, "DeviceString": "33", "TimeStamp": "2023-12-02T04:40:30.0000000+00:00", "$type": "RecordData"}
[19:22:19 VRB] Adding to database: {"DeviceRefId": 35673, "DeviceValue": 941, "DeviceString": "33", "TimeStamp": "2023-12-02T04:40:30.0000000+00:00", "$type": "RecordData"}
[19:22:19 VRB] Recording {"DeviceRefId": 35673, "DeviceValue": 942, "DeviceString": "33", "TimeStamp": "2023-12-02T04:40:35.0000000+00:00", "$type": "RecordData"}
[19:22:19 VRB] Adding to database: {"DeviceRefId": 35673, "DeviceValue": 942, "DeviceString": "33", "TimeStamp": "2023-12-02T04:40:35.0000000+00:00", "$type": "RecordData"}
[19:22:19 VRB] Recording {"DeviceRefId": 35673, "DeviceValue": 943, "DeviceString": "33", "TimeStamp": "2023-12-02T04:40:40.0000000+00:00", "$type": "RecordData"}
[19:22:19 VRB] Adding to database: {"DeviceRefId": 35673, "DeviceValue": 943, "DeviceString": "33", "TimeStamp": "2023-12-02T04:40:40.0000000+00:00", "$type": "RecordData"}
[19:22:19 VRB] Recording {"DeviceRefId": 35673, "DeviceValue": 944, "DeviceString": "33", "TimeStamp": "2023-12-02T04:40:45.0000000+00:00", "$type": "RecordData"}
[19:22:19 VRB] Adding to database: {"DeviceRefId": 35673, "DeviceValue": 944, "DeviceString": "33", "TimeStamp": "2023-12-02T04:40:45.0000000+00:00", "$type": "RecordData"}
[19:22:19 VRB] Recording {"DeviceRefId": 35673, "DeviceValue": 945, "DeviceString": "33", "TimeStamp": "2023-12-02T04:40:50.0000000+00:00", "$type": "RecordData"}
[19:22:19 VRB] Adding to database: {"DeviceRefId": 35673, "DeviceValue": 945, "DeviceString": "33", "TimeStamp": "2023-12-02T04:40:50.0000000+00:00", "$type": "RecordData"}
[19:22:19 VRB] Recording {"DeviceRefId": 35673, "DeviceValue": 946, "DeviceString": "33", "TimeStamp": "2023-12-02T04:40:55.0000000+00:00", "$type": "RecordData"}
[19:22:19 VRB] Adding to database: {"DeviceRefId": 35673, "DeviceValue": 946, "DeviceString": "33", "TimeStamp": "2023-12-02T04:40:55.0000000+00:00", "$type": "RecordData"}
[19:22:19 VRB] Recording {"DeviceRefId": 35673, "DeviceValue": 947, "DeviceString": "33", "TimeStamp": "2023-12-02T04:41:00.0000000+00:00", "$type": "RecordData"}
[19:22:19 VRB] Adding to database: {"DeviceRefId": 35673, "DeviceValue": 947, "DeviceString": "33", "TimeStamp": "2023-12-02T04:41:00.0000000+00:00", "$type": "RecordData"}
[19:22:19 VRB] Recording {"DeviceRefId": 35673, "DeviceValue": 948, "DeviceString": "33", "TimeStamp": "2023-12-02T04:41:05.0000000+00:00", "$type": "RecordData"}
[19:22:19 VRB] Adding to database: {"DeviceRefId": 35673, "DeviceValue": 948, "DeviceString": "33", "TimeStamp": "2023-12-02T04:41:05.0000000+00:00", "$type": "RecordData"}
[19:22:19 VRB] Recording {"DeviceRefId": 35673, "DeviceValue": 949, "DeviceString": "33", "TimeStamp": "2023-12-02T04:41:10.0000000+00:00", "$type": "RecordData"}
[19:22:19 VRB] Adding to database: {"DeviceRefId": 35673, "DeviceValue": 949, "DeviceString": "33", "TimeStamp": "2023-12-02T04:41:10.0000000+00:00", "$type": "RecordData"}
[19:22:19 VRB] Recording {"DeviceRefId": 35673, "DeviceValue": 950, "DeviceString": "33", "TimeStamp": "2023-12-02T04:41:15.0000000+00:00", "$type": "RecordData"}
[19:22:19 VRB] Adding to database: {"DeviceRefId": 35673, "DeviceValue": 950, "DeviceString": "33", "TimeStamp": "2023-12-02T04:41:15.0000000+00:00", "$type": "RecordData"}
[19:22:19 VRB] Recording {"DeviceRefId": 35673, "DeviceValue": 951, "DeviceString": "33", "TimeStamp": "2023-12-02T04:41:20.0000000+00:00", "$type": "RecordData"}
[19:22:19 VRB] Adding to database: {"DeviceRefId": 35673, "DeviceValue": 951, "DeviceString": "33", "TimeStamp": "2023-12-02T04:41:20.0000000+00:00", "$type": "RecordData"}
[19:22:19 VRB] Recording {"DeviceRefId": 35673, "DeviceValue": 952, "DeviceString": "33", "TimeStamp": "2023-12-02T04:41:25.0000000+00:00", "$type": "RecordData"}
[19:22:19 VRB] Adding to database: {"DeviceRefId": 35673, "DeviceValue": 952, "DeviceString": "33", "TimeStamp": "2023-12-02T04:41:25.0000000+00:00", "$type": "RecordData"}
[19:22:19 VRB] Recording {"DeviceRefId": 35673, "DeviceValue": 953, "DeviceString": "33", "TimeStamp": "2023-12-02T04:41:30.0000000+00:00", "$type": "RecordData"}
[19:22:19 VRB] Adding to database: {"DeviceRefId": 35673, "DeviceValue": 953, "DeviceString": "33", "TimeStamp": "2023-12-02T04:41:30.0000000+00:00", "$type": "RecordData"}
[19:22:19 VRB] Recording {"DeviceRefId": 35673, "DeviceValue": 954, "DeviceString": "33", "TimeStamp": "2023-12-02T04:41:35.0000000+00:00", "$type": "RecordData"}
[19:22:19 VRB] Adding to database: {"DeviceRefId": 35673, "DeviceValue": 954, "DeviceString": "33", "TimeStamp": "2023-12-02T04:41:35.0000000+00:00", "$type": "RecordData"}
[19:22:19 VRB] Recording {"DeviceRefId": 35673, "DeviceValue": 955, "DeviceString": "33", "TimeStamp": "2023-12-02T04:41:40.0000000+00:00", "$type": "RecordData"}
[19:22:19 VRB] Adding to database: {"DeviceRefId": 35673, "DeviceValue": 955, "DeviceString": "33", "TimeStamp": "2023-12-02T04:41:40.0000000+00:00", "$type": "RecordData"}
[19:22:19 VRB] Recording {"DeviceRefId": 35673, "DeviceValue": 956, "DeviceString": "33", "TimeStamp": "2023-12-02T04:41:45.0000000+00:00", "$type": "RecordData"}
[19:22:19 VRB] Adding to database: {"DeviceRefId": 35673, "DeviceValue": 956, "DeviceString": "33", "TimeStamp": "2023-12-02T04:41:45.0000000+00:00", "$type": "RecordData"}
[19:22:19 VRB] Recording {"DeviceRefId": 35673, "DeviceValue": 957, "DeviceString": "33", "TimeStamp": "2023-12-02T04:41:50.0000000+00:00", "$type": "RecordData"}
[19:22:19 VRB] Adding to database: {"DeviceRefId": 35673, "DeviceValue": 957, "DeviceString": "33", "TimeStamp": "2023-12-02T04:41:50.0000000+00:00", "$type": "RecordData"}
[19:22:19 VRB] Recording {"DeviceRefId": 35673, "DeviceValue": 958, "DeviceString": "33", "TimeStamp": "2023-12-02T04:41:55.0000000+00:00", "$type": "RecordData"}
[19:22:19 VRB] Adding to database: {"DeviceRefId": 35673, "DeviceValue": 958, "DeviceString": "33", "TimeStamp": "2023-12-02T04:41:55.0000000+00:00", "$type": "RecordData"}
[19:22:19 VRB] Recording {"DeviceRefId": 35673, "DeviceValue": 959, "DeviceString": "33", "TimeStamp": "2023-12-02T04:42:00.0000000+00:00", "$type": "RecordData"}
[19:22:19 VRB] Adding to database: {"DeviceRefId": 35673, "DeviceValue": 959, "DeviceString": "33", "TimeStamp": "2023-12-02T04:42:00.0000000+00:00", "$type": "RecordData"}
[19:22:19 VRB] Recording {"DeviceRefId": 35673, "DeviceValue": 960, "DeviceString": "33", "TimeStamp": "2023-12-02T04:42:05.0000000+00:00", "$type": "RecordData"}
[19:22:19 VRB] Adding to database: {"DeviceRefId": 35673, "DeviceValue": 960, "DeviceString": "33", "TimeStamp": "2023-12-02T04:42:05.0000000+00:00", "$type": "RecordData"}
[19:22:19 VRB] Recording {"DeviceRefId": 35673, "DeviceValue": 961, "DeviceString": "33", "TimeStamp": "2023-12-02T04:42:10.0000000+00:00", "$type": "RecordData"}
[19:22:19 VRB] Adding to database: {"DeviceRefId": 35673, "DeviceValue": 961, "DeviceString": "33", "TimeStamp": "2023-12-02T04:42:10.0000000+00:00", "$type": "RecordData"}
[19:22:19 VRB] Recording {"DeviceRefId": 35673, "DeviceValue": 962, "DeviceString": "33", "TimeStamp": "2023-12-02T04:42:15.0000000+00:00", "$type": "RecordData"}
[19:22:19 VRB] Adding to database: {"DeviceRefId": 35673, "DeviceValue": 962, "DeviceString": "33", "TimeStamp": "2023-12-02T04:42:15.0000000+00:00", "$type": "RecordData"}
[19:22:19 VRB] Recording {"DeviceRefId": 35673, "DeviceValue": 963, "DeviceString": "33", "TimeStamp": "2023-12-02T04:42:20.0000000+00:00", "$type": "RecordData"}
[19:22:19 VRB] Adding to database: {"DeviceRefId": 35673, "DeviceValue": 963, "DeviceString": "33", "TimeStamp": "2023-12-02T04:42:20.0000000+00:00", "$type": "RecordData"}
[19:22:19 VRB] Recording {"DeviceRefId": 35673, "DeviceValue": 964, "DeviceString": "33", "TimeStamp": "2023-12-02T04:42:25.0000000+00:00", "$type": "RecordData"}
[19:22:19 VRB] Adding to database: {"DeviceRefId": 35673, "DeviceValue": 964, "DeviceString": "33", "TimeStamp": "2023-12-02T04:42:25.0000000+00:00", "$type": "RecordData"}
[19:22:19 VRB] Recording {"DeviceRefId": 35673, "DeviceValue": 965, "DeviceString": "33", "TimeStamp": "2023-12-02T04:42:30.0000000+00:00", "$type": "RecordData"}
[19:22:19 VRB] Adding to database: {"DeviceRefId": 35673, "DeviceValue": 965, "DeviceString": "33", "TimeStamp": "2023-12-02T04:42:30.0000000+00:00", "$type": "RecordData"}
[19:22:19 VRB] Recording {"DeviceRefId": 35673, "DeviceValue": 966, "DeviceString": "33", "TimeStamp": "2023-12-02T04:42:35.0000000+00:00", "$type": "RecordData"}
[19:22:20 VRB] Adding to database: {"DeviceRefId": 35673, "DeviceValue": 966, "DeviceString": "33", "TimeStamp": "2023-12-02T04:42:35.0000000+00:00", "$type": "RecordData"}
[19:22:20 VRB] Recording {"DeviceRefId": 35673, "DeviceValue": 967, "DeviceString": "33", "TimeStamp": "2023-12-02T04:42:40.0000000+00:00", "$type": "RecordData"}
[19:22:20 VRB] Adding to database: {"DeviceRefId": 35673, "DeviceValue": 967, "DeviceString": "33", "TimeStamp": "2023-12-02T04:42:40.0000000+00:00", "$type": "RecordData"}
[19:22:20 VRB] Recording {"DeviceRefId": 35673, "DeviceValue": 968, "DeviceString": "33", "TimeStamp": "2023-12-02T04:42:45.0000000+00:00", "$type": "RecordData"}
[19:22:20 VRB] Adding to database: {"DeviceRefId": 35673, "DeviceValue": 968, "DeviceString": "33", "TimeStamp": "2023-12-02T04:42:45.0000000+00:00", "$type": "RecordData"}
[19:22:20 VRB] Recording {"DeviceRefId": 35673, "DeviceValue": 969, "DeviceString": "33", "TimeStamp": "2023-12-02T04:42:50.0000000+00:00", "$type": "RecordData"}
[19:22:20 VRB] Adding to database: {"DeviceRefId": 35673, "DeviceValue": 969, "DeviceString": "33", "TimeStamp": "2023-12-02T04:42:50.0000000+00:00", "$type": "RecordData"}
[19:22:20 VRB] Recording {"DeviceRefId": 35673, "DeviceValue": 970, "DeviceString": "33", "TimeStamp": "2023-12-02T04:42:55.0000000+00:00", "$type": "RecordData"}
[19:22:20 VRB] Adding to database: {"DeviceRefId": 35673, "DeviceValue": 970, "DeviceString": "33", "TimeStamp": "2023-12-02T04:42:55.0000000+00:00", "$type": "RecordData"}
[19:22:20 VRB] Recording {"DeviceRefId": 35673, "DeviceValue": 971, "DeviceString": "33", "TimeStamp": "2023-12-02T04:43:00.0000000+00:00", "$type": "RecordData"}
[19:22:20 VRB] Adding to database: {"DeviceRefId": 35673, "DeviceValue": 971, "DeviceString": "33", "TimeStamp": "2023-12-02T04:43:00.0000000+00:00", "$type": "RecordData"}
[19:22:20 VRB] Recording {"DeviceRefId": 35673, "DeviceValue": 972, "DeviceString": "33", "TimeStamp": "2023-12-02T04:43:05.0000000+00:00", "$type": "RecordData"}
[19:22:20 VRB] Adding to database: {"DeviceRefId": 35673, "DeviceValue": 972, "DeviceString": "33", "TimeStamp": "2023-12-02T04:43:05.0000000+00:00", "$type": "RecordData"}
[19:22:20 VRB] Recording {"DeviceRefId": 35673, "DeviceValue": 973, "DeviceString": "33", "TimeStamp": "2023-12-02T04:43:10.0000000+00:00", "$type": "RecordData"}
[19:22:20 VRB] Adding to database: {"DeviceRefId": 35673, "DeviceValue": 973, "DeviceString": "33", "TimeStamp": "2023-12-02T04:43:10.0000000+00:00", "$type": "RecordData"}
[19:22:20 VRB] Recording {"DeviceRefId": 35673, "DeviceValue": 974, "DeviceString": "33", "TimeStamp": "2023-12-02T04:43:15.0000000+00:00", "$type": "RecordData"}
[19:22:20 VRB] Adding to database: {"DeviceRefId": 35673, "DeviceValue": 974, "DeviceString": "33", "TimeStamp": "2023-12-02T04:43:15.0000000+00:00", "$type": "RecordData"}
[19:22:20 VRB] Recording {"DeviceRefId": 35673, "DeviceValue": 975, "DeviceString": "33", "TimeStamp": "2023-12-02T04:43:20.0000000+00:00", "$type": "RecordData"}
[19:22:20 VRB] Adding to database: {"DeviceRefId": 35673, "DeviceValue": 975, "DeviceString": "33", "TimeStamp": "2023-12-02T04:43:20.0000000+00:00", "$type": "RecordData"}
[19:22:20 VRB] Recording {"DeviceRefId": 35673, "DeviceValue": 976, "DeviceString": "33", "TimeStamp": "2023-12-02T04:43:25.0000000+00:00", "$type": "RecordData"}
[19:22:20 VRB] Adding to database: {"DeviceRefId": 35673, "DeviceValue": 976, "DeviceString": "33", "TimeStamp": "2023-12-02T04:43:25.0000000+00:00", "$type": "RecordData"}
[19:22:20 VRB] Recording {"DeviceRefId": 35673, "DeviceValue": 977, "DeviceString": "33", "TimeStamp": "2023-12-02T04:43:30.0000000+00:00", "$type": "RecordData"}
[19:22:20 VRB] Adding to database: {"DeviceRefId": 35673, "DeviceValue": 977, "DeviceString": "33", "TimeStamp": "2023-12-02T04:43:30.0000000+00:00", "$type": "RecordData"}
[19:22:20 VRB] Recording {"DeviceRefId": 35673, "DeviceValue": 978, "DeviceString": "33", "TimeStamp": "2023-12-02T04:43:35.0000000+00:00", "$type": "RecordData"}
[19:22:20 VRB] Adding to database: {"DeviceRefId": 35673, "DeviceValue": 978, "DeviceString": "33", "TimeStamp": "2023-12-02T04:43:35.0000000+00:00", "$type": "RecordData"}
[19:22:20 VRB] Recording {"DeviceRefId": 35673, "DeviceValue": 979, "DeviceString": "33", "TimeStamp": "2023-12-02T04:43:40.0000000+00:00", "$type": "RecordData"}
[19:22:20 VRB] Adding to database: {"DeviceRefId": 35673, "DeviceValue": 979, "DeviceString": "33", "TimeStamp": "2023-12-02T04:43:40.0000000+00:00", "$type": "RecordData"}
[19:22:20 VRB] Recording {"DeviceRefId": 35673, "DeviceValue": 980, "DeviceString": "33", "TimeStamp": "2023-12-02T04:43:45.0000000+00:00", "$type": "RecordData"}
[19:22:20 VRB] Adding to database: {"DeviceRefId": 35673, "DeviceValue": 980, "DeviceString": "33", "TimeStamp": "2023-12-02T04:43:45.0000000+00:00", "$type": "RecordData"}
[19:22:20 VRB] Recording {"DeviceRefId": 35673, "DeviceValue": 981, "DeviceString": "33", "TimeStamp": "2023-12-02T04:43:50.0000000+00:00", "$type": "RecordData"}
[19:22:20 VRB] Adding to database: {"DeviceRefId": 35673, "DeviceValue": 981, "DeviceString": "33", "TimeStamp": "2023-12-02T04:43:50.0000000+00:00", "$type": "RecordData"}
[19:22:20 VRB] Recording {"DeviceRefId": 35673, "DeviceValue": 982, "DeviceString": "33", "TimeStamp": "2023-12-02T04:43:55.0000000+00:00", "$type": "RecordData"}
[19:22:20 VRB] Adding to database: {"DeviceRefId": 35673, "DeviceValue": 982, "DeviceString": "33", "TimeStamp": "2023-12-02T04:43:55.0000000+00:00", "$type": "RecordData"}
[19:22:20 VRB] Recording {"DeviceRefId": 35673, "DeviceValue": 983, "DeviceString": "33", "TimeStamp": "2023-12-02T04:44:00.0000000+00:00", "$type": "RecordData"}
[19:22:20 VRB] Adding to database: {"DeviceRefId": 35673, "DeviceValue": 983, "DeviceString": "33", "TimeStamp": "2023-12-02T04:44:00.0000000+00:00", "$type": "RecordData"}
[19:22:20 VRB] Recording {"DeviceRefId": 35673, "DeviceValue": 984, "DeviceString": "33", "TimeStamp": "2023-12-02T04:44:05.0000000+00:00", "$type": "RecordData"}
[19:22:20 VRB] Adding to database: {"DeviceRefId": 35673, "DeviceValue": 984, "DeviceString": "33", "TimeStamp": "2023-12-02T04:44:05.0000000+00:00", "$type": "RecordData"}
[19:22:20 VRB] Recording {"DeviceRefId": 35673, "DeviceValue": 985, "DeviceString": "33", "TimeStamp": "2023-12-02T04:44:10.0000000+00:00", "$type": "RecordData"}
[19:22:20 VRB] Adding to database: {"DeviceRefId": 35673, "DeviceValue": 985, "DeviceString": "33", "TimeStamp": "2023-12-02T04:44:10.0000000+00:00", "$type": "RecordData"}
[19:22:20 VRB] Recording {"DeviceRefId": 35673, "DeviceValue": 986, "DeviceString": "33", "TimeStamp": "2023-12-02T04:44:15.0000000+00:00", "$type": "RecordData"}
[19:22:20 VRB] Adding to database: {"DeviceRefId": 35673, "DeviceValue": 986, "DeviceString": "33", "TimeStamp": "2023-12-02T04:44:15.0000000+00:00", "$type": "RecordData"}
[19:22:20 VRB] Recording {"DeviceRefId": 35673, "DeviceValue": 987, "DeviceString": "33", "TimeStamp": "2023-12-02T04:44:20.0000000+00:00", "$type": "RecordData"}
[19:22:20 VRB] Adding to database: {"DeviceRefId": 35673, "DeviceValue": 987, "DeviceString": "33", "TimeStamp": "2023-12-02T04:44:20.0000000+00:00", "$type": "RecordData"}
[19:22:20 VRB] Recording {"DeviceRefId": 35673, "DeviceValue": 988, "DeviceString": "33", "TimeStamp": "2023-12-02T04:44:25.0000000+00:00", "$type": "RecordData"}
[19:22:20 VRB] Adding to database: {"DeviceRefId": 35673, "DeviceValue": 988, "DeviceString": "33", "TimeStamp": "2023-12-02T04:44:25.0000000+00:00", "$type": "RecordData"}
[19:22:20 VRB] Recording {"DeviceRefId": 35673, "DeviceValue": 989, "DeviceString": "33", "TimeStamp": "2023-12-02T04:44:30.0000000+00:00", "$type": "RecordData"}
[19:22:20 VRB] Adding to database: {"DeviceRefId": 35673, "DeviceValue": 989, "DeviceString": "33", "TimeStamp": "2023-12-02T04:44:30.0000000+00:00", "$type": "RecordData"}
[19:22:20 VRB] Recording {"DeviceRefId": 35673, "DeviceValue": 990, "DeviceString": "33", "TimeStamp": "2023-12-02T04:44:35.0000000+00:00", "$type": "RecordData"}
[19:22:20 VRB] Adding to database: {"DeviceRefId": 35673, "DeviceValue": 990, "DeviceString": "33", "TimeStamp": "2023-12-02T04:44:35.0000000+00:00", "$type": "RecordData"}
[19:22:20 VRB] Recording {"DeviceRefId": 35673, "DeviceValue": 991, "DeviceString": "33", "TimeStamp": "2023-12-02T04:44:40.0000000+00:00", "$type": "RecordData"}
[19:22:20 VRB] Adding to database: {"DeviceRefId": 35673, "DeviceValue": 991, "DeviceString": "33", "TimeStamp": "2023-12-02T04:44:40.0000000+00:00", "$type": "RecordData"}
[19:22:20 VRB] Recording {"DeviceRefId": 35673, "DeviceValue": 992, "DeviceString": "33", "TimeStamp": "2023-12-02T04:44:45.0000000+00:00", "$type": "RecordData"}
[19:22:20 VRB] Adding to database: {"DeviceRefId": 35673, "DeviceValue": 992, "DeviceString": "33", "TimeStamp": "2023-12-02T04:44:45.0000000+00:00", "$type": "RecordData"}
[19:22:20 VRB] Recording {"DeviceRefId": 35673, "DeviceValue": 993, "DeviceString": "33", "TimeStamp": "2023-12-02T04:44:50.0000000+00:00", "$type": "RecordData"}
[19:22:20 VRB] Adding to database: {"DeviceRefId": 35673, "DeviceValue": 993, "DeviceString": "33", "TimeStamp": "2023-12-02T04:44:50.0000000+00:00", "$type": "RecordData"}
[19:22:20 VRB] Recording {"DeviceRefId": 35673, "DeviceValue": 994, "DeviceString": "33", "TimeStamp": "2023-12-02T04:44:55.0000000+00:00", "$type": "RecordData"}
[19:22:20 VRB] Adding to database: {"DeviceRefId": 35673, "DeviceValue": 994, "DeviceString": "33", "TimeStamp": "2023-12-02T04:44:55.0000000+00:00", "$type": "RecordData"}
[19:22:20 VRB] Recording {"DeviceRefId": 35673, "DeviceValue": 995, "DeviceString": "33", "TimeStamp": "2023-12-02T04:45:00.0000000+00:00", "$type": "RecordData"}
[19:22:20 VRB] Adding to database: {"DeviceRefId": 35673, "DeviceValue": 995, "DeviceString": "33", "TimeStamp": "2023-12-02T04:45:00.0000000+00:00", "$type": "RecordData"}
[19:22:20 VRB] Recording {"DeviceRefId": 35673, "DeviceValue": 996, "DeviceString": "33", "TimeStamp": "2023-12-02T04:45:05.0000000+00:00", "$type": "RecordData"}
[19:22:20 VRB] Adding to database: {"DeviceRefId": 35673, "DeviceValue": 996, "DeviceString": "33", "TimeStamp": "2023-12-02T04:45:05.0000000+00:00", "$type": "RecordData"}
[19:22:20 VRB] Recording {"DeviceRefId": 35673, "DeviceValue": 997, "DeviceString": "33", "TimeStamp": "2023-12-02T04:45:10.0000000+00:00", "$type": "RecordData"}
[19:22:20 VRB] Adding to database: {"DeviceRefId": 35673, "DeviceValue": 997, "DeviceString": "33", "TimeStamp": "2023-12-02T04:45:10.0000000+00:00", "$type": "RecordData"}
[19:22:20 VRB] Recording {"DeviceRefId": 35673, "DeviceValue": 998, "DeviceString": "33", "TimeStamp": "2023-12-02T04:45:15.0000000+00:00", "$type": "RecordData"}
[19:22:20 VRB] Adding to database: {"DeviceRefId": 35673, "DeviceValue": 998, "DeviceString": "33", "TimeStamp": "2023-12-02T04:45:15.0000000+00:00", "$type": "RecordData"}
[19:22:20 VRB] Recording {"DeviceRefId": 35673, "DeviceValue": 999, "DeviceString": "33", "TimeStamp": "2023-12-02T04:45:20.0000000+00:00", "$type": "RecordData"}
[19:22:20 VRB] Adding to database: {"DeviceRefId": 35673, "DeviceValue": 999, "DeviceString": "33", "TimeStamp": "2023-12-02T04:45:20.0000000+00:00", "$type": "RecordData"}
[19:22:20 VRB] Recording {"DeviceRefId": 35673, "DeviceValue": 1000, "DeviceString": "33", "TimeStamp": "2023-12-02T04:45:25.0000000+00:00", "$type": "RecordData"}
[19:22:20 VRB] Adding to database: {"DeviceRefId": 35673, "DeviceValue": 1000, "DeviceString": "33", "TimeStamp": "2023-12-02T04:45:25.0000000+00:00", "$type": "RecordData"}
[19:22:20 VRB] Recording {"DeviceRefId": 35673, "DeviceValue": 1001, "DeviceString": "33", "TimeStamp": "2023-12-02T04:45:30.0000000+00:00", "$type": "RecordData"}
[19:22:20 VRB] Adding to database: {"DeviceRefId": 35673, "DeviceValue": 1001, "DeviceString": "33", "TimeStamp": "2023-12-02T04:45:30.0000000+00:00", "$type": "RecordData"}
[19:22:20 VRB] Recording {"DeviceRefId": 35673, "DeviceValue": 1002, "DeviceString": "33", "TimeStamp": "2023-12-02T04:45:35.0000000+00:00", "$type": "RecordData"}
[19:22:20 VRB] Adding to database: {"DeviceRefId": 35673, "DeviceValue": 1002, "DeviceString": "33", "TimeStamp": "2023-12-02T04:45:35.0000000+00:00", "$type": "RecordData"}
[19:22:20 VRB] Recording {"DeviceRefId": 35673, "DeviceValue": 1003, "DeviceString": "33", "TimeStamp": "2023-12-02T04:45:40.0000000+00:00", "$type": "RecordData"}
[19:22:20 VRB] Adding to database: {"DeviceRefId": 35673, "DeviceValue": 1003, "DeviceString": "33", "TimeStamp": "2023-12-02T04:45:40.0000000+00:00", "$type": "RecordData"}
[19:22:20 VRB] Recording {"DeviceRefId": 35673, "DeviceValue": 1004, "DeviceString": "33", "TimeStamp": "2023-12-02T04:45:45.0000000+00:00", "$type": "RecordData"}
[19:22:20 VRB] Adding to database: {"DeviceRefId": 35673, "DeviceValue": 1004, "DeviceString": "33", "TimeStamp": "2023-12-02T04:45:45.0000000+00:00", "$type": "RecordData"}
[19:22:20 VRB] Recording {"DeviceRefId": 35673, "DeviceValue": 1005, "DeviceString": "33", "TimeStamp": "2023-12-02T04:45:50.0000000+00:00", "$type": "RecordData"}
[19:22:20 VRB] Adding to database: {"DeviceRefId": 35673, "DeviceValue": 1005, "DeviceString": "33", "TimeStamp": "2023-12-02T04:45:50.0000000+00:00", "$type": "RecordData"}
[19:22:20 VRB] Recording {"DeviceRefId": 35673, "DeviceValue": 1006, "DeviceString": "33", "TimeStamp": "2023-12-02T04:45:55.0000000+00:00", "$type": "RecordData"}
[19:22:20 VRB] Adding to database: {"DeviceRefId": 35673, "DeviceValue": 1006, "DeviceString": "33", "TimeStamp": "2023-12-02T04:45:55.0000000+00:00", "$type": "RecordData"}
[19:22:20 VRB] Recording {"DeviceRefId": 35673, "DeviceValue": 1007, "DeviceString": "33", "TimeStamp": "2023-12-02T04:46:00.0000000+00:00", "$type": "RecordData"}
[19:22:20 VRB] Adding to database: {"DeviceRefId": 35673, "DeviceValue": 1007, "DeviceString": "33", "TimeStamp": "2023-12-02T04:46:00.0000000+00:00", "$type": "RecordData"}
[19:22:20 VRB] Recording {"DeviceRefId": 35673, "DeviceValue": 1008, "DeviceString": "33", "TimeStamp": "2023-12-02T04:46:05.0000000+00:00", "$type": "RecordData"}
[19:22:20 VRB] Adding to database: {"DeviceRefId": 35673, "DeviceValue": 1008, "DeviceString": "33", "TimeStamp": "2023-12-02T04:46:05.0000000+00:00", "$type": "RecordData"}
[19:22:20 VRB] Recording {"DeviceRefId": 35673, "DeviceValue": 1009, "DeviceString": "33", "TimeStamp": "2023-12-02T04:46:10.0000000+00:00", "$type": "RecordData"}
[19:22:20 VRB] Adding to database: {"DeviceRefId": 35673, "DeviceValue": 1009, "DeviceString": "33", "TimeStamp": "2023-12-02T04:46:10.0000000+00:00", "$type": "RecordData"}
[19:22:20 VRB] Recording {"DeviceRefId": 35673, "DeviceValue": 1010, "DeviceString": "33", "TimeStamp": "2023-12-02T04:46:15.0000000+00:00", "$type": "RecordData"}
[19:22:20 VRB] Adding to database: {"DeviceRefId": 35673, "DeviceValue": 1010, "DeviceString": "33", "TimeStamp": "2023-12-02T04:46:15.0000000+00:00", "$type": "RecordData"}
[19:22:20 VRB] Recording {"DeviceRefId": 35673, "DeviceValue": 1011, "DeviceString": "33", "TimeStamp": "2023-12-02T04:46:20.0000000+00:00", "$type": "RecordData"}
[19:22:20 VRB] Adding to database: {"DeviceRefId": 35673, "DeviceValue": 1011, "DeviceString": "33", "TimeStamp": "2023-12-02T04:46:20.0000000+00:00", "$type": "RecordData"}
[19:22:20 VRB] Recording {"DeviceRefId": 35673, "DeviceValue": 1012, "DeviceString": "33", "TimeStamp": "2023-12-02T04:46:25.0000000+00:00", "$type": "RecordData"}
[19:22:20 VRB] Adding to database: {"DeviceRefId": 35673, "DeviceValue": 1012, "DeviceString": "33", "TimeStamp": "2023-12-02T04:46:25.0000000+00:00", "$type": "RecordData"}
[19:22:20 VRB] Recording {"DeviceRefId": 35673, "DeviceValue": 1013, "DeviceString": "33", "TimeStamp": "2023-12-02T04:46:30.0000000+00:00", "$type": "RecordData"}
[19:22:20 VRB] Adding to database: {"DeviceRefId": 35673, "DeviceValue": 1013, "DeviceString": "33", "TimeStamp": "2023-12-02T04:46:30.0000000+00:00", "$type": "RecordData"}
[19:22:20 VRB] Recording {"DeviceRefId": 35673, "DeviceValue": 1014, "DeviceString": "33", "TimeStamp": "2023-12-02T04:46:35.0000000+00:00", "$type": "RecordData"}
[19:22:20 VRB] Adding to database: {"DeviceRefId": 35673, "DeviceValue": 1014, "DeviceString": "33", "TimeStamp": "2023-12-02T04:46:35.0000000+00:00", "$type": "RecordData"}
[19:22:20 VRB] Recording {"DeviceRefId": 35673, "DeviceValue": 1015, "DeviceString": "33", "TimeStamp": "2023-12-02T04:46:40.0000000+00:00", "$type": "RecordData"}
[19:22:20 VRB] Adding to database: {"DeviceRefId": 35673, "DeviceValue": 1015, "DeviceString": "33", "TimeStamp": "2023-12-02T04:46:40.0000000+00:00", "$type": "RecordData"}
[19:22:20 VRB] Recording {"DeviceRefId": 35673, "DeviceValue": 1016, "DeviceString": "33", "TimeStamp": "2023-12-02T04:46:45.0000000+00:00", "$type": "RecordData"}
[19:22:20 VRB] Adding to database: {"DeviceRefId": 35673, "DeviceValue": 1016, "DeviceString": "33", "TimeStamp": "2023-12-02T04:46:45.0000000+00:00", "$type": "RecordData"}
[19:22:20 VRB] Recording {"DeviceRefId": 35673, "DeviceValue": 1017, "DeviceString": "33", "TimeStamp": "2023-12-02T04:46:50.0000000+00:00", "$type": "RecordData"}
[19:22:20 VRB] Adding to database: {"DeviceRefId": 35673, "DeviceValue": 1017, "DeviceString": "33", "TimeStamp": "2023-12-02T04:46:50.0000000+00:00", "$type": "RecordData"}
[19:22:20 VRB] Recording {"DeviceRefId": 35673, "DeviceValue": 1018, "DeviceString": "33", "TimeStamp": "2023-12-02T04:46:55.0000000+00:00", "$type": "RecordData"}
[19:22:20 VRB] Adding to database: {"DeviceRefId": 35673, "DeviceValue": 1018, "DeviceString": "33", "TimeStamp": "2023-12-02T04:46:55.0000000+00:00", "$type": "RecordData"}
[19:22:20 VRB] Recording {"DeviceRefId": 35673, "DeviceValue": 1019, "DeviceString": "33", "TimeStamp": "2023-12-02T04:47:00.0000000+00:00", "$type": "RecordData"}
[19:22:20 VRB] Adding to database: {"DeviceRefId": 35673, "DeviceValue": 1019, "DeviceString": "33", "TimeStamp": "2023-12-02T04:47:00.0000000+00:00", "$type": "RecordData"}
[19:22:20 VRB] Recording {"DeviceRefId": 35673, "DeviceValue": 1020, "DeviceString": "33", "TimeStamp": "2023-12-02T04:47:05.0000000+00:00", "$type": "RecordData"}
[19:22:20 VRB] Adding to database: {"DeviceRefId": 35673, "DeviceValue": 1020, "DeviceString": "33", "TimeStamp": "2023-12-02T04:47:05.0000000+00:00", "$type": "RecordData"}
[19:22:20 VRB] Recording {"DeviceRefId": 35673, "DeviceValue": 1021, "DeviceString": "33", "TimeStamp": "2023-12-02T04:47:10.0000000+00:00", "$type": "RecordData"}
[19:22:20 VRB] Adding to database: {"DeviceRefId": 35673, "DeviceValue": 1021, "DeviceString": "33", "TimeStamp": "2023-12-02T04:47:10.0000000+00:00", "$type": "RecordData"}
[19:22:20 VRB] Recording {"DeviceRefId": 35673, "DeviceValue": 1022, "DeviceString": "33", "TimeStamp": "2023-12-02T04:47:15.0000000+00:00", "$type": "RecordData"}
[19:22:20 VRB] Adding to database: {"DeviceRefId": 35673, "DeviceValue": 1022, "DeviceString": "33", "TimeStamp": "2023-12-02T04:47:15.0000000+00:00", "$type": "RecordData"}
[19:22:20 VRB] Recording {"DeviceRefId": 35673, "DeviceValue": 1023, "DeviceString": "33", "TimeStamp": "2023-12-02T04:47:20.0000000+00:00", "$type": "RecordData"}
[19:22:20 VRB] Adding to database: {"DeviceRefId": 35673, "DeviceValue": 1023, "DeviceString": "33", "TimeStamp": "2023-12-02T04:47:20.0000000+00:00", "$type": "RecordData"}
Disconnecting from HomeSeer...
[19:22:20 INF] Shutting down
[19:22:20 DBG] Disposing Sqlite connection
[19:22:20 DBG] Finish records update thread
</system-out>
    </testcase>
    <testcase name="SameSecondChangesAreOverwritten" assertions="7" time="0.041250" status="Passed" classname="HSPI_HistoricalRecordsTest.DeviceChangedinHSTest">
      <system-out>[19:22:20 INF] Plugin Starting
[19:22:20 INF] e_sqlite3 version:3.44.0
[19:22:20 INF] Connecting to database: C:\Users\Deepak\AppData\Local\Temp\jyd02z5r.oql\data\HistoricalRecords\records.db
[19:22:20 DBG] Starting records update thread
[19:22:20 INF] Plugin Started
[19:22:20 DBG] Starting RecordAllDevices
[19:22:20 VRB] Recording {"DeviceRefId": 35673, "DeviceValue": 1.1, "DeviceString": "1.1", "TimeStamp": "2023-12-02T03:22:20.0000000+00:00", "$type": "RecordData"}
[19:22:20 VRB] Adding to database: {"DeviceRefId": 35673, "DeviceValue": 1.1, "DeviceString": "1.1", "TimeStamp": "2023-12-02T03:22:20.0000000+00:00", "$type": "RecordData"}
[19:22:20 INF] Starting maintaining database
[19:22:20 DBG] Start Pruning older records
[19:22:20 DBG] Finished pruning older records
[19:22:20 INF] Finished maintaining database
[19:22:20 DBG] Finished RecordAllDevices
[19:22:20 INF] Deleting All Records for (35673)
[19:22:20 INF] Removed 1 row(s) for device:35673 in database
[19:22:20 VRB] Recording {"DeviceRefId": 35673, "DeviceValue": 2.34, "DeviceString": "2.34", "TimeStamp": "2023-12-02T03:22:20.0000000+00:00", "$type": "RecordData"}
[19:22:20 VRB] Adding to database: {"DeviceRefId": 35673, "DeviceValue": 2.34, "DeviceString": "2.34", "TimeStamp": "2023-12-02T03:22:20.0000000+00:00", "$type": "RecordData"}
[19:22:20 DBG] PostBackProc for historyrecords for refId=35673&amp;min=0&amp;max=9223372036854775807&amp;start=0&amp;length=100
[19:22:20 DBG] HandleHistoryRecords refId=35673&amp;min=0&amp;max=9223372036854775807&amp;start=0&amp;length=100
Disconnecting from HomeSeer...
[19:22:20 INF] Shutting down
[19:22:20 DBG] Disposing Sqlite connection
[19:22:20 DBG] Finish records update thread
</system-out>
    </testcase>
    <testcase name="UnTrackedDeviceIsNotStored" assertions="4" time="0.078162" status="Passed" classname="HSPI_HistoricalRecordsTest.DeviceChangedinHSTest">
      <system-out>[19:22:20 INF] Plugin Starting
[19:22:20 INF] e_sqlite3 version:3.44.0
[19:22:20 INF] Connecting to database: C:\Users\Deepak\AppData\Local\Temp\0liv33l4.rms\data\HistoricalRecords\records.db
[19:22:20 DBG] Starting records update thread
[19:22:20 INF] Starting maintaining database
[19:22:20 DBG] Start Pruning older records
[19:22:20 DBG] Finished pruning older records
[19:22:20 INF] Finished maintaining database
[19:22:20 INF] Plugin Started
[19:22:20 DBG] Starting RecordAllDevices
[19:22:20 VRB] Recording {"DeviceRefId": 35673, "DeviceValue": 1.1, "DeviceString": "1.1", "TimeStamp": "2023-12-02T03:22:20.0000000+00:00", "$type": "RecordData"}
[19:22:20 VRB] Adding to database: {"DeviceRefId": 35673, "DeviceValue": 1.1, "DeviceString": "1.1", "TimeStamp": "2023-12-02T03:22:20.0000000+00:00", "$type": "RecordData"}
[19:22:20 DBG] Finished RecordAllDevices
[19:22:20 INF] Deleting All Records for (35673)
[19:22:20 INF] Removed 1 row(s) for device:35673 in database
[19:22:20 DBG] PostBackProc for updatedevicesettings for {"refId":"35673","tracked":0}
[19:22:20 INF] Updated Device tracking PerDeviceSettings { DeviceRefId = 35673, IsTracked = False, RetentionPeriod = , MinValue = , MaxValue =  }
[19:22:20 VRB] Not adding 35673's value to db as it is not tracked
[19:22:20 VRB] Not adding 35673's value to db as it is not tracked
[19:22:20 VRB] Not adding 35673's value to db as it is not tracked
[19:22:20 VRB] Not adding 35673's value to db as it is not tracked
[19:22:20 VRB] Not adding 35673's value to db as it is not tracked
[19:22:20 VRB] Not adding 35673's value to db as it is not tracked
[19:22:20 VRB] Not adding 35673's value to db as it is not tracked
[19:22:20 VRB] Not adding 35673's value to db as it is not tracked
[19:22:20 VRB] Not adding 35673's value to db as it is not tracked
[19:22:20 VRB] Not adding 35673's value to db as it is not tracked
[19:22:20 VRB] Not adding 35673's value to db as it is not tracked
[19:22:20 VRB] Not adding 35673's value to db as it is not tracked
[19:22:20 VRB] Not adding 35673's value to db as it is not tracked
[19:22:20 VRB] Not adding 35673's value to db as it is not tracked
[19:22:20 VRB] Not adding 35673's value to db as it is not tracked
[19:22:20 VRB] Not adding 35673's value to db as it is not tracked
[19:22:20 VRB] Not adding 35673's value to db as it is not tracked
[19:22:20 VRB] Not adding 35673's value to db as it is not tracked
[19:22:20 VRB] Not adding 35673's value to db as it is not tracked
[19:22:20 VRB] Not adding 35673's value to db as it is not tracked
[19:22:20 VRB] Not adding 35673's value to db as it is not tracked
[19:22:20 VRB] Not adding 35673's value to db as it is not tracked
[19:22:20 VRB] Not adding 35673's value to db as it is not tracked
[19:22:20 VRB] Not adding 35673's value to db as it is not tracked
[19:22:20 VRB] Not adding 35673's value to db as it is not tracked
[19:22:20 VRB] Not adding 35673's value to db as it is not tracked
[19:22:20 VRB] Not adding 35673's value to db as it is not tracked
[19:22:20 VRB] Not adding 35673's value to db as it is not tracked
[19:22:20 VRB] Not adding 35673's value to db as it is not tracked
[19:22:20 VRB] Not adding 35673's value to db as it is not tracked
[19:22:20 VRB] Not adding 35673's value to db as it is not tracked
[19:22:20 VRB] Not adding 35673's value to db as it is not tracked
[19:22:20 VRB] Not adding 35673's value to db as it is not tracked
[19:22:20 VRB] Not adding 35673's value to db as it is not tracked
[19:22:20 VRB] Not adding 35673's value to db as it is not tracked
[19:22:20 VRB] Not adding 35673's value to db as it is not tracked
[19:22:20 VRB] Not adding 35673's value to db as it is not tracked
[19:22:20 VRB] Not adding 35673's value to db as it is not tracked
[19:22:20 VRB] Not adding 35673's value to db as it is not tracked
[19:22:20 VRB] Not adding 35673's value to db as it is not tracked
[19:22:20 VRB] Not adding 35673's value to db as it is not tracked
[19:22:20 VRB] Not adding 35673's value to db as it is not tracked
[19:22:20 VRB] Not adding 35673's value to db as it is not tracked
[19:22:20 VRB] Not adding 35673's value to db as it is not tracked
[19:22:20 VRB] Not adding 35673's value to db as it is not tracked
[19:22:20 VRB] Not adding 35673's value to db as it is not tracked
[19:22:20 VRB] Not adding 35673's value to db as it is not tracked
[19:22:20 VRB] Not adding 35673's value to db as it is not tracked
[19:22:20 VRB] Not adding 35673's value to db as it is not tracked
[19:22:20 VRB] Not adding 35673's value to db as it is not tracked
[19:22:20 VRB] Not adding 35673's value to db as it is not tracked
[19:22:20 VRB] Not adding 35673's value to db as it is not tracked
[19:22:20 VRB] Not adding 35673's value to db as it is not tracked
[19:22:20 VRB] Not adding 35673's value to db as it is not tracked
[19:22:20 VRB] Not adding 35673's value to db as it is not tracked
[19:22:20 VRB] Not adding 35673's value to db as it is not tracked
[19:22:20 VRB] Not adding 35673's value to db as it is not tracked
[19:22:20 VRB] Not adding 35673's value to db as it is not tracked
[19:22:20 VRB] Not adding 35673's value to db as it is not tracked
[19:22:20 VRB] Not adding 35673's value to db as it is not tracked
[19:22:20 VRB] Not adding 35673's value to db as it is not tracked
[19:22:20 VRB] Not adding 35673's value to db as it is not tracked
[19:22:20 VRB] Not adding 35673's value to db as it is not tracked
[19:22:20 VRB] Not adding 35673's value to db as it is not tracked
[19:22:20 VRB] Not adding 35673's value to db as it is not tracked
[19:22:20 VRB] Not adding 35673's value to db as it is not tracked
[19:22:20 VRB] Not adding 35673's value to db as it is not tracked
[19:22:20 VRB] Not adding 35673's value to db as it is not tracked
[19:22:20 VRB] Not adding 35673's value to db as it is not tracked
[19:22:20 VRB] Not adding 35673's value to db as it is not tracked
[19:22:20 VRB] Not adding 35673's value to db as it is not tracked
[19:22:20 VRB] Not adding 35673's value to db as it is not tracked
[19:22:20 VRB] Not adding 35673's value to db as it is not tracked
[19:22:20 VRB] Not adding 35673's value to db as it is not tracked
[19:22:20 VRB] Not adding 35673's value to db as it is not tracked
[19:22:20 VRB] Not adding 35673's value to db as it is not tracked
[19:22:20 VRB] Not adding 35673's value to db as it is not tracked
[19:22:20 VRB] Not adding 35673's value to db as it is not tracked
[19:22:20 VRB] Not adding 35673's value to db as it is not tracked
[19:22:20 VRB] Not adding 35673's value to db as it is not tracked
[19:22:20 VRB] Not adding 35673's value to db as it is not tracked
[19:22:20 VRB] Not adding 35673's value to db as it is not tracked
[19:22:20 VRB] Not adding 35673's value to db as it is not tracked
[19:22:20 VRB] Not adding 35673's value to db as it is not tracked
[19:22:20 VRB] Not adding 35673's value to db as it is not tracked
[19:22:20 VRB] Not adding 35673's value to db as it is not tracked
[19:22:20 VRB] Not adding 35673's value to db as it is not tracked
[19:22:20 VRB] Not adding 35673's value to db as it is not tracked
[19:22:20 VRB] Not adding 35673's value to db as it is not tracked
[19:22:20 VRB] Not adding 35673's value to db as it is not tracked
[19:22:20 VRB] Not adding 35673's value to db as it is not tracked
[19:22:20 VRB] Not adding 35673's value to db as it is not tracked
[19:22:20 VRB] Not adding 35673's value to db as it is not tracked
[19:22:20 VRB] Not adding 35673's value to db as it is not tracked
[19:22:20 VRB] Not adding 35673's value to db as it is not tracked
[19:22:20 VRB] Not adding 35673's value to db as it is not tracked
[19:22:20 VRB] Not adding 35673's value to db as it is not tracked
[19:22:20 VRB] Not adding 35673's value to db as it is not tracked
[19:22:20 VRB] Not adding 35673's value to db as it is not tracked
[19:22:20 VRB] Not adding 35673's value to db as it is not tracked
Disconnecting from HomeSeer...
[19:22:20 INF] Shutting down
[19:22:20 DBG] Disposing Sqlite connection
[19:22:20 DBG] Finish records update thread
</system-out>
    </testcase>
    <testcase name="UpdateRecordFails" assertions="5" time="0.038961" status="Passed" classname="HSPI_HistoricalRecordsTest.DeviceChangedinHSTest">
      <system-out>[19:22:20 INF] Plugin Starting
[19:22:20 INF] e_sqlite3 version:3.44.0
[19:22:20 INF] Connecting to database: C:\Users\Deepak\AppData\Local\Temp\3q3zyvuh.oc1\data\HistoricalRecords\records.db
[19:22:20 DBG] Starting records update thread
[19:22:20 INF] Plugin Started
[19:22:20 INF] Starting maintaining database
[19:22:20 DBG] Start Pruning older records
[19:22:20 DBG] Finished pruning older records
[19:22:20 INF] Finished maintaining database
[19:22:20 DBG] Starting RecordAllDevices
[19:22:20 VRB] Recording {"DeviceRefId": 35673, "DeviceValue": 10, "DeviceString": null, "TimeStamp": "2000-01-01T09:01:01.0000000+00:00", "$type": "RecordData"}
[19:22:20 VRB] Adding to database: {"DeviceRefId": 35673, "DeviceValue": 10, "DeviceString": null, "TimeStamp": "2000-01-01T09:01:01.0000000+00:00", "$type": "RecordData"}
[19:22:20 DBG] Finished RecordAllDevices
[19:22:20 DBG] Executing Sql: PRAGMA query_only = true
[19:22:20 VRB] Recording {"DeviceRefId": 35673, "DeviceValue": 100, "DeviceString": "", "TimeStamp": "2222-02-02T10:02:02.0000000+00:00", "$type": "RecordData"}
[19:22:20 VRB] Adding to database: {"DeviceRefId": 35673, "DeviceValue": 100, "DeviceString": "", "TimeStamp": "2222-02-02T10:02:02.0000000+00:00", "$type": "RecordData"}
[19:22:20 WRN] Error in records update thread : attempt to write a readonly database. Retrying in 30s.
Disconnecting from HomeSeer...
[19:22:21 INF] Shutting down
[19:22:21 DBG] Disposing Sqlite connection
[19:22:21 DBG] Finish records update thread
</system-out>
    </testcase>
  </testsuite>
  <testsuite tests="2" time="0.050485" errors="0" failures="0" skipped="0" timestamp="2023-12-02T03:22:04.8567600Z" name="">
    <testcase name="DeviceValueUpdateIsRecorded(VALUE_CHANGE,&quot;abcd&quot;,&quot;abcd&quot;)" assertions="6" time="0.019715" status="Passed" classname="HSPI_HistoricalRecordsTest.DeviceChangedinHSTest">
      <system-out>[19:22:04 INF] Plugin Starting
[19:22:04 INF] e_sqlite3 version:3.44.0
[19:22:04 INF] Connecting to database: C:\Users\Deepak\AppData\Local\Temp\tgi5n2m0.hmd\data\HistoricalRecords\records.db
[19:22:04 DBG] Starting records update thread
[19:22:04 DBG] Starting RecordAllDevices
[19:22:04 VRB] Recording {"DeviceRefId": 35673, "DeviceValue": 1.132, "DeviceString": "abcd", "TimeStamp": "2023-11-26T03:22:04.0000000+00:00", "$type": "RecordData"}
[19:22:04 VRB] Adding to database: {"DeviceRefId": 35673, "DeviceValue": 1.132, "DeviceString": "abcd", "TimeStamp": "2023-11-26T03:22:04.0000000+00:00", "$type": "RecordData"}
[19:22:04 INF] Plugin Started
[19:22:04 INF] Deleting All Records for (35673)
[19:22:04 INF] Removed 1 row(s) for device:35673 in database
[19:22:04 VRB] Recording {"DeviceRefId": 35673, "DeviceValue": 100, "DeviceString": "abcd", "TimeStamp": "2222-02-02T10:02:02.0000000+00:00", "$type": "RecordData"}
[19:22:04 VRB] Adding to database: {"DeviceRefId": 35673, "DeviceValue": 100, "DeviceString": "abcd", "TimeStamp": "2222-02-02T10:02:02.0000000+00:00", "$type": "RecordData"}
[19:22:04 Disconnecting from HomeSeer...
DBG] Finished RecordAllDevices
[19:22:04 INF] Shutting down
[19:22:04 DBG] Disposing Sqlite connection
[19:22:04 DBG] Finish records update thread
[19:22:04 INF] Starting maintaining database
</system-out>
    </testcase>
    <testcase name="DeviceValueUpdateIsRecorded(STRING_CHANGE,&quot;abcd3&quot;,&quot;abcd3&quot;)" assertions="6" time="0.030454" status="Passed" classname="HSPI_HistoricalRecordsTest.DeviceChangedinHSTest">
      <system-out>[19:22:04 INF] Plugin Starting
[19:22:04 INF] e_sqlite3 version:3.44.0
[19:22:04 INF] Connecting to database: C:\Users\Deepak\AppData\Local\Temp\opczj0oi.loy\data\HistoricalRecords\records.db
[19:22:04 DBG] Starting records update thread
[19:22:04 INF] Plugin Started
[19:22:04 INF] Starting maintaining database
[19:22:04 DBG] Start Pruning older records
[19:22:04 DBG] Finished pruning older records
[19:22:04 INF] Finished maintaining database
[19:22:04 DBG] Starting RecordAllDevices
[19:22:04 VRB] Recording {"DeviceRefId": 35673, "DeviceValue": 1.132, "DeviceString": "abcd3", "TimeStamp": "2023-11-26T03:22:04.0000000+00:00", "$type": "RecordData"}
[19:22:04 VRB] Adding to database: {"DeviceRefId": 35673, "DeviceValue": 1.132, "DeviceString": "abcd3", "TimeStamp": "2023-11-26T03:22:04.0000000+00:00", "$type": "RecordData"}
[19:22:04 INF] Deleting All Records for (35673)
[19:22:04 INF] Removed 1 row(s) for device:35673 in database
[19:22:04 VRB] Recording {"DeviceRefId": 35673, "DeviceValue": 100, "DeviceString": "abcd3", "TimeStamp": "2222-02-02T10:02:02.0000000+00:00", "$type": "RecordData"}
[19:22:04 VRB] Adding to database: {"DeviceRefId": 35673, "DeviceValue": 100, "DeviceString": "abcd3", "TimeStamp": "2222-02-02T10:02:02.0000000+00:00", "$type": "RecordData"}
[19:22:04 DBG] Finished RecordAllDevices
Disconnecting from HomeSeer...
[19:22:04 INF] Shutting down
[19:22:04 DBG] Disposing Sqlite connection
[19:22:04 DBG] Finish records update thread
</system-out>
    </testcase>
  </testsuite>
  <testsuite tests="4" time="0.176970" errors="0" failures="0" skipped="0" timestamp="2023-12-02T03:22:05.0715536Z" name="">
    <testcase name="OutOfRangeDeviceValueIsNotRecorded(-10)" assertions="5" time="0.054668" status="Passed" classname="HSPI_HistoricalRecordsTest.DeviceChangedinHSTest">
      <system-out>[19:22:05 INF] Plugin Starting
[19:22:05 INF] e_sqlite3 version:3.44.0
[19:22:05 INF] Connecting to database: C:\Users\Deepak\AppData\Local\Temp\diduuhgl.qwz\data\HistoricalRecords\records.db
[19:22:05 DBG] Starting records update thread
[19:22:05 INF] Starting maintaining database
[19:22:05 DBG] Start Pruning older records
[19:22:05 DBG] Finished pruning older records
[19:22:05 INF] Finished maintaining database
[19:22:05 INF] Plugin Started
[19:22:05 DBG] Starting RecordAllDevices
[19:22:05 VRB] Recording {"DeviceRefId": 35673, "DeviceValue": 1.132, "DeviceString": null, "TimeStamp": "2000-01-01T09:01:01.0000000+00:00", "$type": "RecordData"}
[19:22:05 VRB] Adding to database: {"DeviceRefId": 35673, "DeviceValue": 1.132, "DeviceString": null, "TimeStamp": "2000-01-01T09:01:01.0000000+00:00", "$type": "RecordData"}
[19:22:05 DBG] Finished RecordAllDevices
[19:22:05 INF] Deleting All Records for (35673)
[19:22:05 INF] Removed 1 row(s) for device:35673 in database
[19:22:05 WRN] Not adding (35673) value to db as it has not valid value :-10
[19:22:05 VRB] Recording {"DeviceRefId": 35673, "DeviceValue": 10, "DeviceString": "", "TimeStamp": "2222-02-02T10:02:02.0000000+00:00", "$type": "RecordData"}
[19:22:05 VRB] Adding to database: {"DeviceRefId": 35673, "DeviceValue": 10, "DeviceString": "", "TimeStamp": "2222-02-02T10:02:02.0000000+00:00", "$type": "RecordData"}
Disconnecting from HomeSeer...
[19:22:05 INF] Shutting down
[19:22:05 DBG] Disposing Sqlite connection
[19:22:05 DBG] Finish records update thread
</system-out>
    </testcase>
    <testcase name="OutOfRangeDeviceValueIsNotRecorded(104)" assertions="5" time="0.046390" status="Passed" classname="HSPI_HistoricalRecordsTest.DeviceChangedinHSTest">
      <system-out>[19:22:05 INF] Plugin Starting
[19:22:05 INF] e_sqlite3 version:3.44.0
[19:22:05 INF] Connecting to database: C:\Users\Deepak\AppData\Local\Temp\3hn4mv40.ux2\data\HistoricalRecords\records.db
[19:22:05 DBG] Starting records update thread
[19:22:05 INF] Starting maintaining database
[19:22:05 DBG] Start Pruning older records
[19:22:05 DBG] Finished pruning older records
[19:22:05 INF] Finished maintaining database
[19:22:05 INF] Plugin Started
[19:22:05 DBG] Starting RecordAllDevices
[19:22:05 VRB] Recording {"DeviceRefId": 35673, "DeviceValue": 1.132, "DeviceString": null, "TimeStamp": "2000-01-01T09:01:01.0000000+00:00", "$type": "RecordData"}
[19:22:05 VRB] Adding to database: {"DeviceRefId": 35673, "DeviceValue": 1.132, "DeviceString": null, "TimeStamp": "2000-01-01T09:01:01.0000000+00:00", "$type": "RecordData"}
[19:22:05 DBG] Finished RecordAllDevices
[19:22:05 INF] Deleting All Records for (35673)
[19:22:05 INF] Removed 1 row(s) for device:35673 in database
[19:22:05 WRN] Not adding (35673) value to db as it has not valid value :104
[19:22:05 VRB] Recording {"DeviceRefId": 35673, "DeviceValue": 10, "DeviceString": "", "TimeStamp": "2222-02-02T10:02:02.0000000+00:00", "$type": "RecordData"}
[19:22:05 VRB] Adding to database: {"DeviceRefId": 35673, "DeviceValue": 10, "DeviceString": "", "TimeStamp": "2222-02-02T10:02:02.0000000+00:00", "$type": "RecordData"}
Disconnecting from HomeSeer...
[19:22:05 INF] Shutting down
[19:22:05 DBG] Disposing Sqlite connection
[19:22:05 DBG] Finish records update thread
</system-out>
    </testcase>
    <testcase name="OutOfRangeDeviceValueIsNotRecorded(double.NaN)" assertions="5" time="0.045003" status="Passed" classname="HSPI_HistoricalRecordsTest.DeviceChangedinHSTest">
      <system-out>[19:22:05 INF] Plugin Starting
[19:22:05 INF] e_sqlite3 version:3.44.0
[19:22:05 INF] Connecting to database: C:\Users\Deepak\AppData\Local\Temp\crz44wkc.cfn\data\HistoricalRecords\records.db
[19:22:05 DBG] Starting records update thread
[19:22:05 DBG] Starting RecordAllDevices
[19:22:05 INF] Plugin Started
[19:22:05 INF] Starting maintaining database
[19:22:05 DBG] Start Pruning older records
[19:22:05 DBG] Finished pruning older records
[19:22:05 INF] Finished maintaining database
[19:22:05 VRB] Recording {"DeviceRefId": 35673, "DeviceValue": 1.132, "DeviceString": null, "TimeStamp": "2000-01-01T09:01:01.0000000+00:00", "$type": "RecordData"}
[19:22:05 VRB] Adding to database: {"DeviceRefId": 35673, "DeviceValue": 1.132, "DeviceString": null, "TimeStamp": "2000-01-01T09:01:01.0000000+00:00", "$type": "RecordData"}
[19:22:05 DBG] Finished RecordAllDevices
[19:22:05 INF] Deleting All Records for (35673)
[19:22:05 INF] Removed 1 row(s) for device:35673 in database
[19:22:05 WRN] Not adding (35673) value to db as it has not valid value :NaN
[19:22:05 VRB] Recording {"DeviceRefId": 35673, "DeviceValue": 10, "DeviceString": "", "TimeStamp": "2222-02-02T10:02:02.0000000+00:00", "$type": "RecordData"}
[19:22:05 VRB] Adding to database: {"DeviceRefId": 35673, "DeviceValue": 10, "DeviceString": "", "TimeStamp": "2222-02-02T10:02:02.0000000+00:00", "$type": "RecordData"}
Disconnecting from HomeSeer...
[19:22:05 INF] Shutting down
[19:22:05 DBG] Disposing Sqlite connection
[19:22:05 DBG] Finish records update thread
</system-out>
    </testcase>
    <testcase name="OutOfRangeDeviceValueIsNotRecorded(double.PositiveInfinity)" assertions="5" time="0.029907" status="Passed" classname="HSPI_HistoricalRecordsTest.DeviceChangedinHSTest">
      <system-out>[19:22:05 INF] Plugin Starting
[19:22:05 INF] e_sqlite3 version:3.44.0
[19:22:05 INF] Connecting to database: C:\Users\Deepak\AppData\Local\Temp\21akkbae.20q\data\HistoricalRecords\records.db
[19:22:05 DBG] Starting records update thread
[19:22:05 INF] Starting maintaining database
[19:22:05 DBG] Start Pruning older records
[19:22:05 DBG] Finished pruning older records
[19:22:05 INF] Finished maintaining database
[19:22:05 DBG] Starting RecordAllDevices
[19:22:05 VRB] Recording {"DeviceRefId": 35673, "DeviceValue": 1.132, "DeviceString": null, "TimeStamp": "2000-01-01T09:01:01.0000000+00:00", "$type": "RecordData"}
[19:22:05 VRB] Adding to database: {"DeviceRefId": 35673, "DeviceValue": 1.132, "DeviceString": null, "TimeStamp": "2000-01-01T09:01:01.0000000+00:00", "$type": "RecordData"}
[19:22:05 DBG] Finished RecordAllDevices
[19:22:05 INF] Plugin Started
[19:22:05 INF] Deleting All Records for (35673)
[19:22:05 INF] Removed 1 row(s) for device:35673 in database
[19:22:05 WRN] Not adding (35673) value to db as it has not valid value :Infinity
[19:22:05 VRB] Recording {"DeviceRefId": 35673, "DeviceValue": 10, "DeviceString": "", "TimeStamp": "2222-02-02T10:02:02.0000000+00:00", "$type": "RecordData"}
[19:22:05 VRB] Adding to database: {"DeviceRefId": 35673, "DeviceValue": 10, "DeviceString": "", "TimeStamp": "2222-02-02T10:02:02.0000000+00:00", "$type": "RecordData"}
Disconnecting from HomeSeer...
[19:22:05 INF] Shutting down
[19:22:05 DBG] Disposing Sqlite connection
[19:22:05 DBG] Finish records update thread
</system-out>
    </testcase>
  </testsuite>
  <testsuite tests="2" time="0.030082" errors="0" failures="0" skipped="0" timestamp="2023-12-02T03:22:20.8618849Z" name="">
    <testcase name="TimerOrCounterChangeIsNotRecorded(&quot;timername&quot;)" assertions="4" time="0.013523" status="Passed" classname="HSPI_HistoricalRecordsTest.DeviceChangedinHSTest">
      <system-out>[19:22:20 INF] Plugin Starting
[19:22:20 INF] e_sqlite3 version:3.44.0
[19:22:20 INF] Connecting to database: C:\Users\Deepak\AppData\Local\Temp\jeoougrv.hco\data\HistoricalRecords\records.db
[19:22:20 DBG] Starting records update thread
[19:22:20 INF] Starting maintaining database
[19:22:20 DBG] Start Pruning older records
[19:22:20 DBG] Finished pruning older records
[19:22:20 INF] Finished maintaining database
[19:22:20 INF] Plugin Started
[19:22:20 DBG] Starting RecordAllDevices
[19:22:20 VRB] Not adding 673's value to db as it is not tracked
[19:22:20 DBG] PostBackProc for historyrecords for refId=673&amp;min=0&amp;max=9223372036854775807&amp;start=0&amp;length=10
[19:22:20 DBG] HandleHistoryRecords refId=673&amp;min=0&amp;max=9223372036854775807&amp;start=0&amp;length=10
Disconnecting from HomeSeer...
[19:22:20 INF] Shutting down
[19:22:20 DBG] Disposing Sqlite connection
[19:22:20 DBG] Finish records update thread
[19:22:20 VRB] Not adding 673's value to db as it is not tracked
</system-out>
    </testcase>
    <testcase name="TimerOrCounterChangeIsNotRecorded(&quot;countername&quot;)" assertions="4" time="0.016466" status="Passed" classname="HSPI_HistoricalRecordsTest.DeviceChangedinHSTest">
      <system-out>[19:22:20 INF] Plugin Starting
[19:22:20 INF] e_sqlite3 version:3.44.0
[19:22:20 INF] Connecting to database: C:\Users\Deepak\AppData\Local\Temp\rf5wk3c1.0an\data\HistoricalRecords\records.db
[19:22:20 DBG] Starting records update thread
[19:22:20 INF] Starting maintaining database
[19:22:20 DBG] Start Pruning older records
[19:22:20 DBG] Finished pruning older records
[19:22:20 DBG] Starting RecordAllDevices
[19:22:20 VRB] Not adding 673's value to db as it is not tracked
[19:22:20 INF] Plugin Started
[19:22:20 VRB] Not adding 673's value to db as it is not tracked
[19:22:20 DBG] PostBackProc for historyrecords for refId=673&amp;min=0&amp;max=9223372036854775807&amp;start=0&amp;length=10
[19:22:20 DBG] HandleHistoryRecords refId=673&amp;min=0&amp;max=9223372036854775807&amp;start=0&amp;length=10
[19:22:20 INF] Finished maintaining database
[19:22:20 Disconnecting from HomeSeer...
DBG] Finished RecordAllDevices
[19:22:20 INF] Shutting down
[19:22:20 DBG] Disposing Sqlite connection
[19:22:20 DBG] Finish records update thread
</system-out>
    </testcase>
  </testsuite>
  <testsuite tests="13" time="9.240274" errors="0" failures="0" skipped="0" timestamp="2023-12-02T03:22:21.0085464Z" name="">
    <testcase name="GetEarliestAndOldestRecordTimeDate" assertions="6" time="0.032808" status="Passed" classname="HSPI_HistoricalRecordsTest.DevicePageHistoryCallbacksTest">
      <system-out>[19:22:30 INF] Plugin Starting
[19:22:30 INF] e_sqlite3 version:3.44.0
[19:22:30 INF] Connecting to database: C:\Users\Deepak\AppData\Local\Temp\d3dyjrzj.yly\data\HistoricalRecords\records.db
[19:22:30 DBG] Starting records update thread
[19:22:30 INF] Plugin Started
[19:22:30 VRB] Recording {"DeviceRefId": 42, "DeviceValue": 3333, "DeviceString": "3333", "TimeStamp": "2222-02-02T10:00:22.0000000+00:00", "$type": "RecordData"}
[19:22:30 VRB] Adding to database: {"DeviceRefId": 42, "DeviceValue": 3333, "DeviceString": "3333", "TimeStamp": "2222-02-02T10:00:22.0000000+00:00", "$type": "RecordData"}
[19:22:30 VRB] Recording {"DeviceRefId": 42, "DeviceValue": 33434, "DeviceString": "333", "TimeStamp": "2222-02-02T09:45:22.0000000+00:00", "$type": "RecordData"}
[19:22:30 VRB] Adding to database: {"DeviceRefId": 42, "DeviceValue": 33434, "DeviceString": "333", "TimeStamp": "2222-02-02T09:45:22.0000000+00:00", "$type": "RecordData"}
[19:22:30 VRB] Recording {"DeviceRefId": 42, "DeviceValue": 334, "DeviceString": "333", "TimeStamp": "2222-02-02T09:28:42.0000000+00:00", "$type": "RecordData"}
[19:22:30 INF] Starting maintaining database
[19:22:30 DBG] Start Pruning older records
[19:22:30 DBG] Finished pruning older records
[19:22:30 INF] Finished maintaining database
[19:22:30 VRB] Adding to database: {"DeviceRefId": 42, "DeviceValue": 334, "DeviceString": "333", "TimeStamp": "2222-02-02T09:28:42.0000000+00:00", "$type": "RecordData"}
[19:22:30 DBG] Starting RecordAllDevices
[19:22:30 VRB] Recording {"DeviceRefId": 42, "DeviceValue": 334, "DeviceString": "333", "TimeStamp": "2222-02-02T09:28:42.0000000+00:00", "$type": "RecordData"}
[19:22:30 VRB] Adding to database: {"DeviceRefId": 42, "DeviceValue": 334, "DeviceString": "333", "TimeStamp": "2222-02-02T09:28:42.0000000+00:00", "$type": "RecordData"}
[19:22:30 DBG] Finished RecordAllDevices
Disconnecting from HomeSeer...
[19:22:30 INF] Shutting down
[19:22:30 DBG] Disposing Sqlite connection
[19:22:30 DBG] Finish records update thread
</system-out>
    </testcase>
    <testcase name="HandleUpdateDeviceSettings" assertions="8" time="0.032877" status="Passed" classname="HSPI_HistoricalRecordsTest.DevicePageHistoryCallbacksTest">
      <system-out>[19:22:30 INF] Plugin Starting
[19:22:30 INF] e_sqlite3 version:3.44.0
[19:22:30 INF] Connecting to database: C:\Users\Deepak\AppData\Local\Temp\qri2mybs.ka3\data\HistoricalRecords\records.db
[19:22:30 DBG] Starting records update thread
[19:22:30 INF] Starting maintaining database
[19:22:30 DBG] Start Pruning older records
[19:22:30 DBG] Finished pruning older records
[19:22:30 INF] Finished maintaining database
[19:22:30 DBG] Starting RecordAllDevices
[19:22:30 VRB] Recording {"DeviceRefId": 373, "DeviceValue": 1.1, "DeviceString": null, "TimeStamp": "2000-01-01T09:01:01.0000000+00:00", "$type": "RecordData"}
[19:22:30 VRB] Adding to database: {"DeviceRefId": 373, "DeviceValue": 1.1, "DeviceString": null, "TimeStamp": "2000-01-01T09:01:01.0000000+00:00", "$type": "RecordData"}
[19:22:30 INF] Plugin Started
[19:22:30 DBG] PostBackProc for updatedevicesettings for {"refId":"373","tracked":0, "minValue":10, "maxValue":20}
[19:22:30 DBG] Finished RecordAllDevices
[19:22:30 INF] Updated Device tracking PerDeviceSettings { DeviceRefId = 373, IsTracked = False, RetentionPeriod = , MinValue = 10, MaxValue = 20 }
[19:22:30 INF] Removed 1 row(s) for device:373 in database for being invalid values
Disconnecting from HomeSeer...
[19:22:30 INF] Shutting down
[19:22:30 DBG] Disposing Sqlite connection
[19:22:30 DBG] Finish records update thread
</system-out>
    </testcase>
    <testcase name="HandleUpdateDeviceSettingsError" assertions="4" time="0.011952" status="Passed" classname="HSPI_HistoricalRecordsTest.DevicePageHistoryCallbacksTest">
      <system-out>[19:22:30 INF] Plugin Starting
[19:22:30 INF] e_sqlite3 version:3.44.0
[19:22:30 INF] Connecting to database: C:\Users\Deepak\AppData\Local\Temp\5gqo3fet.5yx\data\HistoricalRecords\records.db
[19:22:30 DBG] Starting records update thread
[19:22:30 INF] Starting maintaining database
[19:22:30 DBG] Start Pruning older records
[19:22:30 DBG] Finished pruning older records
[19:22:30 INF] Finished maintaining database
[19:22:30 INF] Plugin Started
[19:22:30 DBG] PostBackProc for updatedevicesettings for {"tracked":1}
[19:22:30 ERR] Error in Page updatedevicesettings for {"tracked":1} with refId is not correct
Disconnecting from HomeSeer...
[19:22:30 INF] Shutting down
[19:22:30 DBG] Disposing Sqlite connection
[19:22:30 DBG] Finish records update thread
[19:22:30 DBG] Starting RecordAllDevices
[19:22:30 VRB] Recording {"DeviceRefId": 373, "DeviceValue": 1.1, "DeviceString": null, "TimeStamp": "2000-01-01T09:01:01.0000000+00:00", "$type": "RecordData"}
</system-out>
    </testcase>
    <testcase name="HandleUpdateDeviceSettingsNoMinMax" assertions="7" time="0.031643" status="Passed" classname="HSPI_HistoricalRecordsTest.DevicePageHistoryCallbacksTest">
      <system-out>[19:22:30 INF] Plugin Starting
[19:22:30 INF] e_sqlite3 version:3.44.0
[19:22:30 INF] Connecting to database: C:\Users\Deepak\AppData\Local\Temp\mprs0ifx.xuu\data\HistoricalRecords\records.db
[19:22:30 DBG] Starting records update thread
[19:22:30 INF] Starting maintaining database
[19:22:30 DBG] Start Pruning older records
[19:22:30 DBG] Finished pruning older records
[19:22:30 INF] Finished maintaining database
[19:22:30 INF] Plugin Started
[19:22:30 DBG] Starting RecordAllDevices
[19:22:30 VRB] Recording {"DeviceRefId": 373, "DeviceValue": 1.1, "DeviceString": null, "TimeStamp": "2000-01-01T09:01:01.0000000+00:00", "$type": "RecordData"}
[19:22:30 VRB] Adding to database: {"DeviceRefId": 373, "DeviceValue": 1.1, "DeviceString": null, "TimeStamp": "2000-01-01T09:01:01.0000000+00:00", "$type": "RecordData"}
[19:22:30 DBG] Finished RecordAllDevices
[19:22:30 DBG] PostBackProc for updatedevicesettings for {"refId":"373","tracked":0, "minValue":null, "maxValue":null}
[19:22:30 INF] Updated Device tracking PerDeviceSettings { DeviceRefId = 373, IsTracked = False, RetentionPeriod = , MinValue = , MaxValue =  }
Disconnecting from HomeSeer...
[19:22:30 INF] Shutting down
[19:22:30 DBG] Disposing Sqlite connection
[19:22:30 DBG] Finish records update thread
</system-out>
    </testcase>
  </testsuite>
  <testsuite tests="4" time="6.046030" errors="0" failures="0" skipped="0" timestamp="2023-12-02T03:22:21.0085464Z" name="">
    <testcase name="DatatableCallbackDataCorrect(System.Func`3[HomeSeer.PluginSdk.Devices.HsFeature,System.Collections.Generic.List`1[Hspi.RecordData],System.String],System.Func`2[System.Collections.Generic.List`1[Hspi.RecordData],System.Collections.Generic.List`1[Hspi.RecordData]])" assertions="155" time="1.543743" status="Passed" classname="HSPI_HistoricalRecordsTest.DevicePageHistoryCallbacksTest">
      <system-out>[19:22:21 INF] Plugin Starting
[19:22:21 INF] e_sqlite3 version:3.44.0
[19:22:21 INF] Connecting to database: C:\Users\Deepak\AppData\Local\Temp\cf52tify.wqc\data\HistoricalRecords\records.db
[19:22:21 DBG] Starting records update thread
[19:22:21 INF] Starting maintaining database
[19:22:21 DBG] Start Pruning older records
[19:22:21 INF] Plugin Started
[19:22:21 DBG] Finished pruning older records
[19:22:21 DBG] Starting RecordAllDevices
[19:22:21 VRB] Recording {"DeviceRefId": 948, "DeviceValue": 1.1, "DeviceString": "1.1", "TimeStamp": "2222-02-02T10:02:02.0000000+00:00", "$type": "RecordData"}
[19:22:21 VRB] Adding to database: {"DeviceRefId": 948, "DeviceValue": 1.1, "DeviceString": "1.1", "TimeStamp": "2222-02-02T10:02:02.0000000+00:00", "$type": "RecordData"}
[19:22:21 VRB] Recording {"DeviceRefId": 948, "DeviceValue": 1000, "DeviceString": "1000", "TimeStamp": "2222-02-02T10:02:02.0000000+00:00", "$type": "RecordData"}
[19:22:21 INF] Finished maintaining database
[19:22:21 DBG] Finished RecordAllDevices
[19:22:21 VRB] Recording {"DeviceRefId": 948, "DeviceValue": 999, "DeviceString": "999", "TimeStamp": "2222-02-02T10:03:02.0000000+00:00", "$type": "RecordData"}
[19:22:21 VRB] Adding to database: {"DeviceRefId": 948, "DeviceValue": 1000, "DeviceString": "1000", "TimeStamp": "2222-02-02T10:02:02.0000000+00:00", "$type": "RecordData"}
[19:22:21 VRB] Adding to database: {"DeviceRefId": 948, "DeviceValue": 999, "DeviceString": "999", "TimeStamp": "2222-02-02T10:03:02.0000000+00:00", "$type": "RecordData"}
[19:22:21 VRB] Recording {"DeviceRefId": 948, "DeviceValue": 998, "DeviceString": "998", "TimeStamp": "2222-02-02T10:06:02.0000000+00:00", "$type": "RecordData"}
[19:22:21 VRB] Adding to database: {"DeviceRefId": 948, "DeviceValue": 998, "DeviceString": "998", "TimeStamp": "2222-02-02T10:06:02.0000000+00:00", "$type": "RecordData"}
[19:22:21 VRB] Recording {"DeviceRefId": 948, "DeviceValue": 997, "DeviceString": "997", "TimeStamp": "2222-02-02T10:11:02.0000000+00:00", "$type": "RecordData"}
[19:22:21 VRB] Adding to database: {"DeviceRefId": 948, "DeviceValue": 997, "DeviceString": "997", "TimeStamp": "2222-02-02T10:11:02.0000000+00:00", "$type": "RecordData"}
[19:22:21 VRB] Recording {"DeviceRefId": 948, "DeviceValue": 996, "DeviceString": "996", "TimeStamp": "2222-02-02T10:18:02.0000000+00:00", "$type": "RecordData"}
[19:22:21 VRB] Adding to database: {"DeviceRefId": 948, "DeviceValue": 996, "DeviceString": "996", "TimeStamp": "2222-02-02T10:18:02.0000000+00:00", "$type": "RecordData"}
[19:22:21 VRB] Recording {"DeviceRefId": 948, "DeviceValue": 995, "DeviceString": "995", "TimeStamp": "2222-02-02T10:27:02.0000000+00:00", "$type": "RecordData"}
[19:22:21 VRB] Adding to database: {"DeviceRefId": 948, "DeviceValue": 995, "DeviceString": "995", "TimeStamp": "2222-02-02T10:27:02.0000000+00:00", "$type": "RecordData"}
[19:22:21 VRB] Recording {"DeviceRefId": 948, "DeviceValue": 994, "DeviceString": "994", "TimeStamp": "2222-02-02T10:38:02.0000000+00:00", "$type": "RecordData"}
[19:22:21 VRB] Adding to database: {"DeviceRefId": 948, "DeviceValue": 994, "DeviceString": "994", "TimeStamp": "2222-02-02T10:38:02.0000000+00:00", "$type": "RecordData"}
[19:22:21 VRB] Recording {"DeviceRefId": 948, "DeviceValue": 993, "DeviceString": "993", "TimeStamp": "2222-02-02T10:51:02.0000000+00:00", "$type": "RecordData"}
[19:22:21 VRB] Adding to database: {"DeviceRefId": 948, "DeviceValue": 993, "DeviceString": "993", "TimeStamp": "2222-02-02T10:51:02.0000000+00:00", "$type": "RecordData"}
[19:22:21 VRB] Recording {"DeviceRefId": 948, "DeviceValue": 992, "DeviceString": "992", "TimeStamp": "2222-02-02T11:06:02.0000000+00:00", "$type": "RecordData"}
[19:22:21 VRB] Adding to database: {"DeviceRefId": 948, "DeviceValue": 992, "DeviceString": "992", "TimeStamp": "2222-02-02T11:06:02.0000000+00:00", "$type": "RecordData"}
[19:22:21 VRB] Recording {"DeviceRefId": 948, "DeviceValue": 991, "DeviceString": "991", "TimeStamp": "2222-02-02T11:23:02.0000000+00:00", "$type": "RecordData"}
[19:22:21 VRB] Adding to database: {"DeviceRefId": 948, "DeviceValue": 991, "DeviceString": "991", "TimeStamp": "2222-02-02T11:23:02.0000000+00:00", "$type": "RecordData"}
[19:22:21 VRB] Recording {"DeviceRefId": 948, "DeviceValue": 990, "DeviceString": "990", "TimeStamp": "2222-02-02T11:42:02.0000000+00:00", "$type": "RecordData"}
[19:22:21 VRB] Adding to database: {"DeviceRefId": 948, "DeviceValue": 990, "DeviceString": "990", "TimeStamp": "2222-02-02T11:42:02.0000000+00:00", "$type": "RecordData"}
[19:22:21 VRB] Recording {"DeviceRefId": 948, "DeviceValue": 989, "DeviceString": "989", "TimeStamp": "2222-02-02T12:03:02.0000000+00:00", "$type": "RecordData"}
[19:22:21 VRB] Adding to database: {"DeviceRefId": 948, "DeviceValue": 989, "DeviceString": "989", "TimeStamp": "2222-02-02T12:03:02.0000000+00:00", "$type": "RecordData"}
[19:22:21 VRB] Recording {"DeviceRefId": 948, "DeviceValue": 988, "DeviceString": "988", "TimeStamp": "2222-02-02T12:26:02.0000000+00:00", "$type": "RecordData"}
[19:22:21 VRB] Adding to database: {"DeviceRefId": 948, "DeviceValue": 988, "DeviceString": "988", "TimeStamp": "2222-02-02T12:26:02.0000000+00:00", "$type": "RecordData"}
[19:22:21 VRB] Recording {"DeviceRefId": 948, "DeviceValue": 987, "DeviceString": "987", "TimeStamp": "2222-02-02T12:51:02.0000000+00:00", "$type": "RecordData"}
[19:22:21 VRB] Adding to database: {"DeviceRefId": 948, "DeviceValue": 987, "DeviceString": "987", "TimeStamp": "2222-02-02T12:51:02.0000000+00:00", "$type": "RecordData"}
[19:22:21 VRB] Recording {"DeviceRefId": 948, "DeviceValue": 986, "DeviceString": "986", "TimeStamp": "2222-02-02T13:18:02.0000000+00:00", "$type": "RecordData"}
[19:22:21 VRB] Adding to database: {"DeviceRefId": 948, "DeviceValue": 986, "DeviceString": "986", "TimeStamp": "2222-02-02T13:18:02.0000000+00:00", "$type": "RecordData"}
[19:22:21 VRB] Recording {"DeviceRefId": 948, "DeviceValue": 985, "DeviceString": "985", "TimeStamp": "2222-02-02T13:47:02.0000000+00:00", "$type": "RecordData"}
[19:22:21 VRB] Adding to database: {"DeviceRefId": 948, "DeviceValue": 985, "DeviceString": "985", "TimeStamp": "2222-02-02T13:47:02.0000000+00:00", "$type": "RecordData"}
[19:22:21 VRB] Recording {"DeviceRefId": 948, "DeviceValue": 984, "DeviceString": "984", "TimeStamp": "2222-02-02T14:18:02.0000000+00:00", "$type": "RecordData"}
[19:22:21 VRB] Adding to database: {"DeviceRefId": 948, "DeviceValue": 984, "DeviceString": "984", "TimeStamp": "2222-02-02T14:18:02.0000000+00:00", "$type": "RecordData"}
[19:22:21 VRB] Recording {"DeviceRefId": 948, "DeviceValue": 983, "DeviceString": "983", "TimeStamp": "2222-02-02T14:51:02.0000000+00:00", "$type": "RecordData"}
[19:22:21 VRB] Adding to database: {"DeviceRefId": 948, "DeviceValue": 983, "DeviceString": "983", "TimeStamp": "2222-02-02T14:51:02.0000000+00:00", "$type": "RecordData"}
[19:22:21 VRB] Recording {"DeviceRefId": 948, "DeviceValue": 982, "DeviceString": "982", "TimeStamp": "2222-02-02T15:26:02.0000000+00:00", "$type": "RecordData"}
[19:22:21 VRB] Adding to database: {"DeviceRefId": 948, "DeviceValue": 982, "DeviceString": "982", "TimeStamp": "2222-02-02T15:26:02.0000000+00:00", "$type": "RecordData"}
[19:22:21 VRB] Recording {"DeviceRefId": 948, "DeviceValue": 981, "DeviceString": "981", "TimeStamp": "2222-02-02T16:03:02.0000000+00:00", "$type": "RecordData"}
[19:22:21 VRB] Adding to database: {"DeviceRefId": 948, "DeviceValue": 981, "DeviceString": "981", "TimeStamp": "2222-02-02T16:03:02.0000000+00:00", "$type": "RecordData"}
[19:22:21 VRB] Recording {"DeviceRefId": 948, "DeviceValue": 980, "DeviceString": "980", "TimeStamp": "2222-02-02T16:42:02.0000000+00:00", "$type": "RecordData"}
[19:22:21 VRB] Adding to database: {"DeviceRefId": 948, "DeviceValue": 980, "DeviceString": "980", "TimeStamp": "2222-02-02T16:42:02.0000000+00:00", "$type": "RecordData"}
[19:22:21 VRB] Recording {"DeviceRefId": 948, "DeviceValue": 979, "DeviceString": "979", "TimeStamp": "2222-02-02T17:23:02.0000000+00:00", "$type": "RecordData"}
[19:22:21 VRB] Adding to database: {"DeviceRefId": 948, "DeviceValue": 979, "DeviceString": "979", "TimeStamp": "2222-02-02T17:23:02.0000000+00:00", "$type": "RecordData"}
[19:22:21 VRB] Recording {"DeviceRefId": 948, "DeviceValue": 978, "DeviceString": "978", "TimeStamp": "2222-02-02T18:06:02.0000000+00:00", "$type": "RecordData"}
[19:22:21 VRB] Adding to database: {"DeviceRefId": 948, "DeviceValue": 978, "DeviceString": "978", "TimeStamp": "2222-02-02T18:06:02.0000000+00:00", "$type": "RecordData"}
[19:22:21 VRB] Recording {"DeviceRefId": 948, "DeviceValue": 977, "DeviceString": "977", "TimeStamp": "2222-02-02T18:51:02.0000000+00:00", "$type": "RecordData"}
[19:22:21 VRB] Adding to database: {"DeviceRefId": 948, "DeviceValue": 977, "DeviceString": "977", "TimeStamp": "2222-02-02T18:51:02.0000000+00:00", "$type": "RecordData"}
[19:22:21 VRB] Recording {"DeviceRefId": 948, "DeviceValue": 976, "DeviceString": "976", "TimeStamp": "2222-02-02T19:38:02.0000000+00:00", "$type": "RecordData"}
[19:22:21 VRB] Adding to database: {"DeviceRefId": 948, "DeviceValue": 976, "DeviceString": "976", "TimeStamp": "2222-02-02T19:38:02.0000000+00:00", "$type": "RecordData"}
[19:22:21 VRB] Recording {"DeviceRefId": 948, "DeviceValue": 975, "DeviceString": "975", "TimeStamp": "2222-02-02T20:27:02.0000000+00:00", "$type": "RecordData"}
[19:22:21 VRB] Adding to database: {"DeviceRefId": 948, "DeviceValue": 975, "DeviceString": "975", "TimeStamp": "2222-02-02T20:27:02.0000000+00:00", "$type": "RecordData"}
[19:22:21 VRB] Recording {"DeviceRefId": 948, "DeviceValue": 974, "DeviceString": "974", "TimeStamp": "2222-02-02T21:18:02.0000000+00:00", "$type": "RecordData"}
[19:22:21 VRB] Adding to database: {"DeviceRefId": 948, "DeviceValue": 974, "DeviceString": "974", "TimeStamp": "2222-02-02T21:18:02.0000000+00:00", "$type": "RecordData"}
[19:22:21 VRB] Recording {"DeviceRefId": 948, "DeviceValue": 973, "DeviceString": "973", "TimeStamp": "2222-02-02T22:11:02.0000000+00:00", "$type": "RecordData"}
[19:22:21 VRB] Adding to database: {"DeviceRefId": 948, "DeviceValue": 973, "DeviceString": "973", "TimeStamp": "2222-02-02T22:11:02.0000000+00:00", "$type": "RecordData"}
[19:22:21 VRB] Recording {"DeviceRefId": 948, "DeviceValue": 972, "DeviceString": "972", "TimeStamp": "2222-02-02T23:06:02.0000000+00:00", "$type": "RecordData"}
[19:22:21 VRB] Adding to database: {"DeviceRefId": 948, "DeviceValue": 972, "DeviceString": "972", "TimeStamp": "2222-02-02T23:06:02.0000000+00:00", "$type": "RecordData"}
[19:22:21 VRB] Recording {"DeviceRefId": 948, "DeviceValue": 971, "DeviceString": "971", "TimeStamp": "2222-02-03T00:03:02.0000000+00:00", "$type": "RecordData"}
[19:22:21 VRB] Adding to database: {"DeviceRefId": 948, "DeviceValue": 971, "DeviceString": "971", "TimeStamp": "2222-02-03T00:03:02.0000000+00:00", "$type": "RecordData"}
[19:22:21 VRB] Recording {"DeviceRefId": 948, "DeviceValue": 970, "DeviceString": "970", "TimeStamp": "2222-02-03T01:02:02.0000000+00:00", "$type": "RecordData"}
[19:22:21 VRB] Adding to database: {"DeviceRefId": 948, "DeviceValue": 970, "DeviceString": "970", "TimeStamp": "2222-02-03T01:02:02.0000000+00:00", "$type": "RecordData"}
[19:22:21 VRB] Recording {"DeviceRefId": 948, "DeviceValue": 969, "DeviceString": "969", "TimeStamp": "2222-02-03T02:03:02.0000000+00:00", "$type": "RecordData"}
[19:22:21 VRB] Adding to database: {"DeviceRefId": 948, "DeviceValue": 969, "DeviceString": "969", "TimeStamp": "2222-02-03T02:03:02.0000000+00:00", "$type": "RecordData"}
[19:22:21 VRB] Recording {"DeviceRefId": 948, "DeviceValue": 968, "DeviceString": "968", "TimeStamp": "2222-02-03T03:06:02.0000000+00:00", "$type": "RecordData"}
[19:22:21 VRB] Adding to database: {"DeviceRefId": 948, "DeviceValue": 968, "DeviceString": "968", "TimeStamp": "2222-02-03T03:06:02.0000000+00:00", "$type": "RecordData"}
[19:22:21 VRB] Recording {"DeviceRefId": 948, "DeviceValue": 967, "DeviceString": "967", "TimeStamp": "2222-02-03T04:11:02.0000000+00:00", "$type": "RecordData"}
[19:22:21 VRB] Adding to database: {"DeviceRefId": 948, "DeviceValue": 967, "DeviceString": "967", "TimeStamp": "2222-02-03T04:11:02.0000000+00:00", "$type": "RecordData"}
[19:22:21 VRB] Recording {"DeviceRefId": 948, "DeviceValue": 966, "DeviceString": "966", "TimeStamp": "2222-02-03T05:18:02.0000000+00:00", "$type": "RecordData"}
[19:22:21 VRB] Adding to database: {"DeviceRefId": 948, "DeviceValue": 966, "DeviceString": "966", "TimeStamp": "2222-02-03T05:18:02.0000000+00:00", "$type": "RecordData"}
[19:22:21 VRB] Recording {"DeviceRefId": 948, "DeviceValue": 965, "DeviceString": "965", "TimeStamp": "2222-02-03T06:27:02.0000000+00:00", "$type": "RecordData"}
[19:22:21 VRB] Adding to database: {"DeviceRefId": 948, "DeviceValue": 965, "DeviceString": "965", "TimeStamp": "2222-02-03T06:27:02.0000000+00:00", "$type": "RecordData"}
[19:22:21 VRB] Recording {"DeviceRefId": 948, "DeviceValue": 964, "DeviceString": "964", "TimeStamp": "2222-02-03T07:38:02.0000000+00:00", "$type": "RecordData"}
[19:22:21 VRB] Adding to database: {"DeviceRefId": 948, "DeviceValue": 964, "DeviceString": "964", "TimeStamp": "2222-02-03T07:38:02.0000000+00:00", "$type": "RecordData"}
[19:22:21 VRB] Recording {"DeviceRefId": 948, "DeviceValue": 963, "DeviceString": "963", "TimeStamp": "2222-02-03T08:51:02.0000000+00:00", "$type": "RecordData"}
[19:22:21 VRB] Adding to database: {"DeviceRefId": 948, "DeviceValue": 963, "DeviceString": "963", "TimeStamp": "2222-02-03T08:51:02.0000000+00:00", "$type": "RecordData"}
[19:22:21 VRB] Recording {"DeviceRefId": 948, "DeviceValue": 962, "DeviceString": "962", "TimeStamp": "2222-02-03T10:06:02.0000000+00:00", "$type": "RecordData"}
[19:22:21 VRB] Adding to database: {"DeviceRefId": 948, "DeviceValue": 962, "DeviceString": "962", "TimeStamp": "2222-02-03T10:06:02.0000000+00:00", "$type": "RecordData"}
[19:22:21 VRB] Recording {"DeviceRefId": 948, "DeviceValue": 961, "DeviceString": "961", "TimeStamp": "2222-02-03T11:23:02.0000000+00:00", "$type": "RecordData"}
[19:22:21 VRB] Adding to database: {"DeviceRefId": 948, "DeviceValue": 961, "DeviceString": "961", "TimeStamp": "2222-02-03T11:23:02.0000000+00:00", "$type": "RecordData"}
[19:22:21 VRB] Recording {"DeviceRefId": 948, "DeviceValue": 960, "DeviceString": "960", "TimeStamp": "2222-02-03T12:42:02.0000000+00:00", "$type": "RecordData"}
[19:22:21 VRB] Adding to database: {"DeviceRefId": 948, "DeviceValue": 960, "DeviceString": "960", "TimeStamp": "2222-02-03T12:42:02.0000000+00:00", "$type": "RecordData"}
[19:22:21 VRB] Recording {"DeviceRefId": 948, "DeviceValue": 959, "DeviceString": "959", "TimeStamp": "2222-02-03T14:03:02.0000000+00:00", "$type": "RecordData"}
[19:22:21 VRB] Adding to database: {"DeviceRefId": 948, "DeviceValue": 959, "DeviceString": "959", "TimeStamp": "2222-02-03T14:03:02.0000000+00:00", "$type": "RecordData"}
[19:22:21 VRB] Recording {"DeviceRefId": 948, "DeviceValue": 958, "DeviceString": "958", "TimeStamp": "2222-02-03T15:26:02.0000000+00:00", "$type": "RecordData"}
[19:22:21 VRB] Adding to database: {"DeviceRefId": 948, "DeviceValue": 958, "DeviceString": "958", "TimeStamp": "2222-02-03T15:26:02.0000000+00:00", "$type": "RecordData"}
[19:22:21 VRB] Recording {"DeviceRefId": 948, "DeviceValue": 957, "DeviceString": "957", "TimeStamp": "2222-02-03T16:51:02.0000000+00:00", "$type": "RecordData"}
[19:22:21 VRB] Adding to database: {"DeviceRefId": 948, "DeviceValue": 957, "DeviceString": "957", "TimeStamp": "2222-02-03T16:51:02.0000000+00:00", "$type": "RecordData"}
[19:22:21 VRB] Recording {"DeviceRefId": 948, "DeviceValue": 956, "DeviceString": "956", "TimeStamp": "2222-02-03T18:18:02.0000000+00:00", "$type": "RecordData"}
[19:22:21 VRB] Adding to database: {"DeviceRefId": 948, "DeviceValue": 956, "DeviceString": "956", "TimeStamp": "2222-02-03T18:18:02.0000000+00:00", "$type": "RecordData"}
[19:22:21 VRB] Recording {"DeviceRefId": 948, "DeviceValue": 955, "DeviceString": "955", "TimeStamp": "2222-02-03T19:47:02.0000000+00:00", "$type": "RecordData"}
[19:22:21 VRB] Adding to database: {"DeviceRefId": 948, "DeviceValue": 955, "DeviceString": "955", "TimeStamp": "2222-02-03T19:47:02.0000000+00:00", "$type": "RecordData"}
[19:22:21 VRB] Recording {"DeviceRefId": 948, "DeviceValue": 954, "DeviceString": "954", "TimeStamp": "2222-02-03T21:18:02.0000000+00:00", "$type": "RecordData"}
[19:22:21 VRB] Adding to database: {"DeviceRefId": 948, "DeviceValue": 954, "DeviceString": "954", "TimeStamp": "2222-02-03T21:18:02.0000000+00:00", "$type": "RecordData"}
[19:22:21 VRB] Recording {"DeviceRefId": 948, "DeviceValue": 953, "DeviceString": "953", "TimeStamp": "2222-02-03T22:51:02.0000000+00:00", "$type": "RecordData"}
[19:22:21 VRB] Adding to database: {"DeviceRefId": 948, "DeviceValue": 953, "DeviceString": "953", "TimeStamp": "2222-02-03T22:51:02.0000000+00:00", "$type": "RecordData"}
[19:22:21 VRB] Recording {"DeviceRefId": 948, "DeviceValue": 952, "DeviceString": "952", "TimeStamp": "2222-02-04T00:26:02.0000000+00:00", "$type": "RecordData"}
[19:22:21 VRB] Adding to database: {"DeviceRefId": 948, "DeviceValue": 952, "DeviceString": "952", "TimeStamp": "2222-02-04T00:26:02.0000000+00:00", "$type": "RecordData"}
[19:22:21 VRB] Recording {"DeviceRefId": 948, "DeviceValue": 951, "DeviceString": "951", "TimeStamp": "2222-02-04T02:03:02.0000000+00:00", "$type": "RecordData"}
[19:22:21 VRB] Adding to database: {"DeviceRefId": 948, "DeviceValue": 951, "DeviceString": "951", "TimeStamp": "2222-02-04T02:03:02.0000000+00:00", "$type": "RecordData"}
[19:22:21 VRB] Recording {"DeviceRefId": 948, "DeviceValue": 950, "DeviceString": "950", "TimeStamp": "2222-02-04T03:42:02.0000000+00:00", "$type": "RecordData"}
[19:22:21 VRB] Adding to database: {"DeviceRefId": 948, "DeviceValue": 950, "DeviceString": "950", "TimeStamp": "2222-02-04T03:42:02.0000000+00:00", "$type": "RecordData"}
[19:22:21 VRB] Recording {"DeviceRefId": 948, "DeviceValue": 949, "DeviceString": "949", "TimeStamp": "2222-02-04T05:23:02.0000000+00:00", "$type": "RecordData"}
[19:22:21 VRB] Adding to database: {"DeviceRefId": 948, "DeviceValue": 949, "DeviceString": "949", "TimeStamp": "2222-02-04T05:23:02.0000000+00:00", "$type": "RecordData"}
[19:22:21 VRB] Recording {"DeviceRefId": 948, "DeviceValue": 948, "DeviceString": "948", "TimeStamp": "2222-02-04T07:06:02.0000000+00:00", "$type": "RecordData"}
[19:22:21 VRB] Adding to database: {"DeviceRefId": 948, "DeviceValue": 948, "DeviceString": "948", "TimeStamp": "2222-02-04T07:06:02.0000000+00:00", "$type": "RecordData"}
[19:22:21 VRB] Recording {"DeviceRefId": 948, "DeviceValue": 947, "DeviceString": "947", "TimeStamp": "2222-02-04T08:51:02.0000000+00:00", "$type": "RecordData"}
[19:22:21 VRB] Adding to database: {"DeviceRefId": 948, "DeviceValue": 947, "DeviceString": "947", "TimeStamp": "2222-02-04T08:51:02.0000000+00:00", "$type": "RecordData"}
[19:22:21 VRB] Recording {"DeviceRefId": 948, "DeviceValue": 946, "DeviceString": "946", "TimeStamp": "2222-02-04T10:38:02.0000000+00:00", "$type": "RecordData"}
[19:22:21 VRB] Adding to database: {"DeviceRefId": 948, "DeviceValue": 946, "DeviceString": "946", "TimeStamp": "2222-02-04T10:38:02.0000000+00:00", "$type": "RecordData"}
[19:22:21 VRB] Recording {"DeviceRefId": 948, "DeviceValue": 945, "DeviceString": "945", "TimeStamp": "2222-02-04T12:27:02.0000000+00:00", "$type": "RecordData"}
[19:22:21 VRB] Adding to database: {"DeviceRefId": 948, "DeviceValue": 945, "DeviceString": "945", "TimeStamp": "2222-02-04T12:27:02.0000000+00:00", "$type": "RecordData"}
[19:22:21 VRB] Recording {"DeviceRefId": 948, "DeviceValue": 944, "DeviceString": "944", "TimeStamp": "2222-02-04T14:18:02.0000000+00:00", "$type": "RecordData"}
[19:22:21 VRB] Adding to database: {"DeviceRefId": 948, "DeviceValue": 944, "DeviceString": "944", "TimeStamp": "2222-02-04T14:18:02.0000000+00:00", "$type": "RecordData"}
[19:22:21 VRB] Recording {"DeviceRefId": 948, "DeviceValue": 943, "DeviceString": "943", "TimeStamp": "2222-02-04T16:11:02.0000000+00:00", "$type": "RecordData"}
[19:22:21 VRB] Adding to database: {"DeviceRefId": 948, "DeviceValue": 943, "DeviceString": "943", "TimeStamp": "2222-02-04T16:11:02.0000000+00:00", "$type": "RecordData"}
[19:22:21 VRB] Recording {"DeviceRefId": 948, "DeviceValue": 942, "DeviceString": "942", "TimeStamp": "2222-02-04T18:06:02.0000000+00:00", "$type": "RecordData"}
[19:22:21 VRB] Adding to database: {"DeviceRefId": 948, "DeviceValue": 942, "DeviceString": "942", "TimeStamp": "2222-02-04T18:06:02.0000000+00:00", "$type": "RecordData"}
[19:22:21 VRB] Recording {"DeviceRefId": 948, "DeviceValue": 941, "DeviceString": "941", "TimeStamp": "2222-02-04T20:03:02.0000000+00:00", "$type": "RecordData"}
[19:22:21 VRB] Adding to database: {"DeviceRefId": 948, "DeviceValue": 941, "DeviceString": "941", "TimeStamp": "2222-02-04T20:03:02.0000000+00:00", "$type": "RecordData"}
[19:22:21 VRB] Recording {"DeviceRefId": 948, "DeviceValue": 940, "DeviceString": "940", "TimeStamp": "2222-02-04T22:02:02.0000000+00:00", "$type": "RecordData"}
[19:22:21 VRB] Adding to database: {"DeviceRefId": 948, "DeviceValue": 940, "DeviceString": "940", "TimeStamp": "2222-02-04T22:02:02.0000000+00:00", "$type": "RecordData"}
[19:22:21 VRB] Recording {"DeviceRefId": 948, "DeviceValue": 939, "DeviceString": "939", "TimeStamp": "2222-02-05T00:03:02.0000000+00:00", "$type": "RecordData"}
[19:22:21 VRB] Adding to database: {"DeviceRefId": 948, "DeviceValue": 939, "DeviceString": "939", "TimeStamp": "2222-02-05T00:03:02.0000000+00:00", "$type": "RecordData"}
[19:22:21 VRB] Recording {"DeviceRefId": 948, "DeviceValue": 938, "DeviceString": "938", "TimeStamp": "2222-02-05T02:06:02.0000000+00:00", "$type": "RecordData"}
[19:22:21 VRB] Adding to database: {"DeviceRefId": 948, "DeviceValue": 938, "DeviceString": "938", "TimeStamp": "2222-02-05T02:06:02.0000000+00:00", "$type": "RecordData"}
[19:22:21 VRB] Recording {"DeviceRefId": 948, "DeviceValue": 937, "DeviceString": "937", "TimeStamp": "2222-02-05T04:11:02.0000000+00:00", "$type": "RecordData"}
[19:22:21 VRB] Adding to database: {"DeviceRefId": 948, "DeviceValue": 937, "DeviceString": "937", "TimeStamp": "2222-02-05T04:11:02.0000000+00:00", "$type": "RecordData"}
[19:22:21 VRB] Recording {"DeviceRefId": 948, "DeviceValue": 936, "DeviceString": "936", "TimeStamp": "2222-02-05T06:18:02.0000000+00:00", "$type": "RecordData"}
[19:22:21 VRB] Adding to database: {"DeviceRefId": 948, "DeviceValue": 936, "DeviceString": "936", "TimeStamp": "2222-02-05T06:18:02.0000000+00:00", "$type": "RecordData"}
[19:22:21 VRB] Recording {"DeviceRefId": 948, "DeviceValue": 935, "DeviceString": "935", "TimeStamp": "2222-02-05T08:27:02.0000000+00:00", "$type": "RecordData"}
[19:22:21 VRB] Adding to database: {"DeviceRefId": 948, "DeviceValue": 935, "DeviceString": "935", "TimeStamp": "2222-02-05T08:27:02.0000000+00:00", "$type": "RecordData"}
[19:22:22 VRB] Recording {"DeviceRefId": 948, "DeviceValue": 934, "DeviceString": "934", "TimeStamp": "2222-02-05T10:38:02.0000000+00:00", "$type": "RecordData"}
[19:22:22 VRB] Adding to database: {"DeviceRefId": 948, "DeviceValue": 934, "DeviceString": "934", "TimeStamp": "2222-02-05T10:38:02.0000000+00:00", "$type": "RecordData"}
[19:22:22 VRB] Recording {"DeviceRefId": 948, "DeviceValue": 933, "DeviceString": "933", "TimeStamp": "2222-02-05T12:51:02.0000000+00:00", "$type": "RecordData"}
[19:22:22 VRB] Adding to database: {"DeviceRefId": 948, "DeviceValue": 933, "DeviceString": "933", "TimeStamp": "2222-02-05T12:51:02.0000000+00:00", "$type": "RecordData"}
[19:22:22 VRB] Recording {"DeviceRefId": 948, "DeviceValue": 932, "DeviceString": "932", "TimeStamp": "2222-02-05T15:06:02.0000000+00:00", "$type": "RecordData"}
[19:22:22 VRB] Adding to database: {"DeviceRefId": 948, "DeviceValue": 932, "DeviceString": "932", "TimeStamp": "2222-02-05T15:06:02.0000000+00:00", "$type": "RecordData"}
[19:22:22 VRB] Recording {"DeviceRefId": 948, "DeviceValue": 931, "DeviceString": "931", "TimeStamp": "2222-02-05T17:23:02.0000000+00:00", "$type": "RecordData"}
[19:22:22 VRB] Adding to database: {"DeviceRefId": 948, "DeviceValue": 931, "DeviceString": "931", "TimeStamp": "2222-02-05T17:23:02.0000000+00:00", "$type": "RecordData"}
[19:22:22 VRB] Recording {"DeviceRefId": 948, "DeviceValue": 930, "DeviceString": "930", "TimeStamp": "2222-02-05T19:42:02.0000000+00:00", "$type": "RecordData"}
[19:22:22 VRB] Adding to database: {"DeviceRefId": 948, "DeviceValue": 930, "DeviceString": "930", "TimeStamp": "2222-02-05T19:42:02.0000000+00:00", "$type": "RecordData"}
[19:22:22 VRB] Recording {"DeviceRefId": 948, "DeviceValue": 929, "DeviceString": "929", "TimeStamp": "2222-02-05T22:03:02.0000000+00:00", "$type": "RecordData"}
[19:22:22 VRB] Adding to database: {"DeviceRefId": 948, "DeviceValue": 929, "DeviceString": "929", "TimeStamp": "2222-02-05T22:03:02.0000000+00:00", "$type": "RecordData"}
[19:22:22 VRB] Recording {"DeviceRefId": 948, "DeviceValue": 928, "DeviceString": "928", "TimeStamp": "2222-02-06T00:26:02.0000000+00:00", "$type": "RecordData"}
[19:22:22 VRB] Adding to database: {"DeviceRefId": 948, "DeviceValue": 928, "DeviceString": "928", "TimeStamp": "2222-02-06T00:26:02.0000000+00:00", "$type": "RecordData"}
[19:22:22 VRB] Recording {"DeviceRefId": 948, "DeviceValue": 927, "DeviceString": "927", "TimeStamp": "2222-02-06T02:51:02.0000000+00:00", "$type": "RecordData"}
[19:22:22 VRB] Adding to database: {"DeviceRefId": 948, "DeviceValue": 927, "DeviceString": "927", "TimeStamp": "2222-02-06T02:51:02.0000000+00:00", "$type": "RecordData"}
[19:22:22 VRB] Recording {"DeviceRefId": 948, "DeviceValue": 926, "DeviceString": "926", "TimeStamp": "2222-02-06T05:18:02.0000000+00:00", "$type": "RecordData"}
[19:22:22 VRB] Adding to database: {"DeviceRefId": 948, "DeviceValue": 926, "DeviceString": "926", "TimeStamp": "2222-02-06T05:18:02.0000000+00:00", "$type": "RecordData"}
[19:22:22 VRB] Recording {"DeviceRefId": 948, "DeviceValue": 925, "DeviceString": "925", "TimeStamp": "2222-02-06T07:47:02.0000000+00:00", "$type": "RecordData"}
[19:22:22 VRB] Adding to database: {"DeviceRefId": 948, "DeviceValue": 925, "DeviceString": "925", "TimeStamp": "2222-02-06T07:47:02.0000000+00:00", "$type": "RecordData"}
[19:22:22 VRB] Recording {"DeviceRefId": 948, "DeviceValue": 924, "DeviceString": "924", "TimeStamp": "2222-02-06T10:18:02.0000000+00:00", "$type": "RecordData"}
[19:22:22 VRB] Adding to database: {"DeviceRefId": 948, "DeviceValue": 924, "DeviceString": "924", "TimeStamp": "2222-02-06T10:18:02.0000000+00:00", "$type": "RecordData"}
[19:22:22 VRB] Recording {"DeviceRefId": 948, "DeviceValue": 923, "DeviceString": "923", "TimeStamp": "2222-02-06T12:51:02.0000000+00:00", "$type": "RecordData"}
[19:22:22 VRB] Adding to database: {"DeviceRefId": 948, "DeviceValue": 923, "DeviceString": "923", "TimeStamp": "2222-02-06T12:51:02.0000000+00:00", "$type": "RecordData"}
[19:22:22 VRB] Recording {"DeviceRefId": 948, "DeviceValue": 922, "DeviceString": "922", "TimeStamp": "2222-02-06T15:26:02.0000000+00:00", "$type": "RecordData"}
[19:22:22 VRB] Adding to database: {"DeviceRefId": 948, "DeviceValue": 922, "DeviceString": "922", "TimeStamp": "2222-02-06T15:26:02.0000000+00:00", "$type": "RecordData"}
[19:22:22 VRB] Recording {"DeviceRefId": 948, "DeviceValue": 921, "DeviceString": "921", "TimeStamp": "2222-02-06T18:03:02.0000000+00:00", "$type": "RecordData"}
[19:22:22 VRB] Adding to database: {"DeviceRefId": 948, "DeviceValue": 921, "DeviceString": "921", "TimeStamp": "2222-02-06T18:03:02.0000000+00:00", "$type": "RecordData"}
[19:22:22 VRB] Recording {"DeviceRefId": 948, "DeviceValue": 920, "DeviceString": "920", "TimeStamp": "2222-02-06T20:42:02.0000000+00:00", "$type": "RecordData"}
[19:22:22 VRB] Adding to database: {"DeviceRefId": 948, "DeviceValue": 920, "DeviceString": "920", "TimeStamp": "2222-02-06T20:42:02.0000000+00:00", "$type": "RecordData"}
[19:22:22 VRB] Recording {"DeviceRefId": 948, "DeviceValue": 919, "DeviceString": "919", "TimeStamp": "2222-02-06T23:23:02.0000000+00:00", "$type": "RecordData"}
[19:22:22 VRB] Adding to database: {"DeviceRefId": 948, "DeviceValue": 919, "DeviceString": "919", "TimeStamp": "2222-02-06T23:23:02.0000000+00:00", "$type": "RecordData"}
[19:22:22 VRB] Recording {"DeviceRefId": 948, "DeviceValue": 918, "DeviceString": "918", "TimeStamp": "2222-02-07T02:06:02.0000000+00:00", "$type": "RecordData"}
[19:22:22 VRB] Adding to database: {"DeviceRefId": 948, "DeviceValue": 918, "DeviceString": "918", "TimeStamp": "2222-02-07T02:06:02.0000000+00:00", "$type": "RecordData"}
[19:22:22 VRB] Recording {"DeviceRefId": 948, "DeviceValue": 917, "DeviceString": "917", "TimeStamp": "2222-02-07T04:51:02.0000000+00:00", "$type": "RecordData"}
[19:22:22 VRB] Adding to database: {"DeviceRefId": 948, "DeviceValue": 917, "DeviceString": "917", "TimeStamp": "2222-02-07T04:51:02.0000000+00:00", "$type": "RecordData"}
[19:22:22 VRB] Recording {"DeviceRefId": 948, "DeviceValue": 916, "DeviceString": "916", "TimeStamp": "2222-02-07T07:38:02.0000000+00:00", "$type": "RecordData"}
[19:22:22 VRB] Adding to database: {"DeviceRefId": 948, "DeviceValue": 916, "DeviceString": "916", "TimeStamp": "2222-02-07T07:38:02.0000000+00:00", "$type": "RecordData"}
[19:22:22 VRB] Recording {"DeviceRefId": 948, "DeviceValue": 915, "DeviceString": "915", "TimeStamp": "2222-02-07T10:27:02.0000000+00:00", "$type": "RecordData"}
[19:22:22 VRB] Adding to database: {"DeviceRefId": 948, "DeviceValue": 915, "DeviceString": "915", "TimeStamp": "2222-02-07T10:27:02.0000000+00:00", "$type": "RecordData"}
[19:22:22 VRB] Recording {"DeviceRefId": 948, "DeviceValue": 914, "DeviceString": "914", "TimeStamp": "2222-02-07T13:18:02.0000000+00:00", "$type": "RecordData"}
[19:22:22 VRB] Adding to database: {"DeviceRefId": 948, "DeviceValue": 914, "DeviceString": "914", "TimeStamp": "2222-02-07T13:18:02.0000000+00:00", "$type": "RecordData"}
[19:22:22 VRB] Recording {"DeviceRefId": 948, "DeviceValue": 913, "DeviceString": "913", "TimeStamp": "2222-02-07T16:11:02.0000000+00:00", "$type": "RecordData"}
[19:22:22 VRB] Adding to database: {"DeviceRefId": 948, "DeviceValue": 913, "DeviceString": "913", "TimeStamp": "2222-02-07T16:11:02.0000000+00:00", "$type": "RecordData"}
[19:22:22 VRB] Recording {"DeviceRefId": 948, "DeviceValue": 912, "DeviceString": "912", "TimeStamp": "2222-02-07T19:06:02.0000000+00:00", "$type": "RecordData"}
[19:22:22 VRB] Adding to database: {"DeviceRefId": 948, "DeviceValue": 912, "DeviceString": "912", "TimeStamp": "2222-02-07T19:06:02.0000000+00:00", "$type": "RecordData"}
[19:22:22 VRB] Recording {"DeviceRefId": 948, "DeviceValue": 911, "DeviceString": "911", "TimeStamp": "2222-02-07T22:03:02.0000000+00:00", "$type": "RecordData"}
[19:22:22 VRB] Adding to database: {"DeviceRefId": 948, "DeviceValue": 911, "DeviceString": "911", "TimeStamp": "2222-02-07T22:03:02.0000000+00:00", "$type": "RecordData"}
[19:22:22 VRB] Recording {"DeviceRefId": 948, "DeviceValue": 910, "DeviceString": "910", "TimeStamp": "2222-02-08T01:02:02.0000000+00:00", "$type": "RecordData"}
[19:22:22 VRB] Adding to database: {"DeviceRefId": 948, "DeviceValue": 910, "DeviceString": "910", "TimeStamp": "2222-02-08T01:02:02.0000000+00:00", "$type": "RecordData"}
[19:22:22 VRB] Recording {"DeviceRefId": 948, "DeviceValue": 909, "DeviceString": "909", "TimeStamp": "2222-02-08T04:03:02.0000000+00:00", "$type": "RecordData"}
[19:22:22 VRB] Adding to database: {"DeviceRefId": 948, "DeviceValue": 909, "DeviceString": "909", "TimeStamp": "2222-02-08T04:03:02.0000000+00:00", "$type": "RecordData"}
[19:22:22 VRB] Recording {"DeviceRefId": 948, "DeviceValue": 908, "DeviceString": "908", "TimeStamp": "2222-02-08T07:06:02.0000000+00:00", "$type": "RecordData"}
[19:22:22 VRB] Adding to database: {"DeviceRefId": 948, "DeviceValue": 908, "DeviceString": "908", "TimeStamp": "2222-02-08T07:06:02.0000000+00:00", "$type": "RecordData"}
[19:22:22 VRB] Recording {"DeviceRefId": 948, "DeviceValue": 907, "DeviceString": "907", "TimeStamp": "2222-02-08T10:11:02.0000000+00:00", "$type": "RecordData"}
[19:22:22 VRB] Adding to database: {"DeviceRefId": 948, "DeviceValue": 907, "DeviceString": "907", "TimeStamp": "2222-02-08T10:11:02.0000000+00:00", "$type": "RecordData"}
[19:22:22 VRB] Recording {"DeviceRefId": 948, "DeviceValue": 906, "DeviceString": "906", "TimeStamp": "2222-02-08T13:18:02.0000000+00:00", "$type": "RecordData"}
[19:22:22 VRB] Adding to database: {"DeviceRefId": 948, "DeviceValue": 906, "DeviceString": "906", "TimeStamp": "2222-02-08T13:18:02.0000000+00:00", "$type": "RecordData"}
[19:22:22 VRB] Recording {"DeviceRefId": 948, "DeviceValue": 905, "DeviceString": "905", "TimeStamp": "2222-02-08T16:27:02.0000000+00:00", "$type": "RecordData"}
[19:22:22 VRB] Adding to database: {"DeviceRefId": 948, "DeviceValue": 905, "DeviceString": "905", "TimeStamp": "2222-02-08T16:27:02.0000000+00:00", "$type": "RecordData"}
[19:22:22 VRB] Recording {"DeviceRefId": 948, "DeviceValue": 904, "DeviceString": "904", "TimeStamp": "2222-02-08T19:38:02.0000000+00:00", "$type": "RecordData"}
[19:22:22 VRB] Adding to database: {"DeviceRefId": 948, "DeviceValue": 904, "DeviceString": "904", "TimeStamp": "2222-02-08T19:38:02.0000000+00:00", "$type": "RecordData"}
[19:22:22 VRB] Recording {"DeviceRefId": 948, "DeviceValue": 903, "DeviceString": "903", "TimeStamp": "2222-02-08T22:51:02.0000000+00:00", "$type": "RecordData"}
[19:22:22 VRB] Adding to database: {"DeviceRefId": 948, "DeviceValue": 903, "DeviceString": "903", "TimeStamp": "2222-02-08T22:51:02.0000000+00:00", "$type": "RecordData"}
[19:22:22 VRB] Recording {"DeviceRefId": 948, "DeviceValue": 902, "DeviceString": "902", "TimeStamp": "2222-02-09T02:06:02.0000000+00:00", "$type": "RecordData"}
[19:22:22 VRB] Adding to database: {"DeviceRefId": 948, "DeviceValue": 902, "DeviceString": "902", "TimeStamp": "2222-02-09T02:06:02.0000000+00:00", "$type": "RecordData"}
[19:22:22 VRB] Recording {"DeviceRefId": 948, "DeviceValue": 901, "DeviceString": "901", "TimeStamp": "2222-02-09T05:23:02.0000000+00:00", "$type": "RecordData"}
[19:22:22 VRB] Adding to database: {"DeviceRefId": 948, "DeviceValue": 901, "DeviceString": "901", "TimeStamp": "2222-02-09T05:23:02.0000000+00:00", "$type": "RecordData"}
[19:22:22 DBG] PostBackProc for historyrecords for refId=948&amp;min=0&amp;max=9223372036854775807&amp;start=0&amp;length=10
[19:22:22 DBG] HandleHistoryRecords refId=948&amp;min=0&amp;max=9223372036854775807&amp;start=0&amp;length=10
Disconnecting from HomeSeer...
[19:22:22 INF] Shutting down
[19:22:22 DBG] Disposing Sqlite connection
[19:22:22 DBG] Finish records update thread
</system-out>
    </testcase>
    <testcase name="DatatableCallbackDataCorrect(System.Func`3[HomeSeer.PluginSdk.Devices.HsFeature,System.Collections.Generic.List`1[Hspi.RecordData],System.String],System.Func`2[System.Collections.Generic.List`1[Hspi.RecordData],System.Collections.Generic.List`1[Hspi.RecordData]])" assertions="155" time="1.593791" status="Passed" classname="HSPI_HistoricalRecordsTest.DevicePageHistoryCallbacksTest">
      <system-out>[19:22:22 INF] Plugin Starting
[19:22:22 INF] e_sqlite3 version:3.44.0
[19:22:22 INF] Connecting to database: C:\Users\Deepak\AppData\Local\Temp\kyglxogx.jdc\data\HistoricalRecords\records.db
[19:22:22 DBG] Starting records update thread
[19:22:22 INF] Plugin Started
[19:22:22 VRB] Recording {"DeviceRefId": 948, "DeviceValue": 1000, "DeviceString": "1000", "TimeStamp": "2222-02-02T10:02:02.0000000+00:00", "$type": "RecordData"}
[19:22:22 VRB] Adding to database: {"DeviceRefId": 948, "DeviceValue": 1000, "DeviceString": "1000", "TimeStamp": "2222-02-02T10:02:02.0000000+00:00", "$type": "RecordData"}
[19:22:22 INF] Starting maintaining database
[19:22:22 DBG] Start Pruning older records
[19:22:22 DBG] Finished pruning older records
[19:22:22 INF] Finished maintaining database
[19:22:22 DBG] Starting RecordAllDevices
[19:22:22 VRB] Recording {"DeviceRefId": 948, "DeviceValue": 1000, "DeviceString": "1000", "TimeStamp": "2222-02-02T10:02:02.0000000+00:00", "$type": "RecordData"}
[19:22:22 VRB] Adding to database: {"DeviceRefId": 948, "DeviceValue": 1000, "DeviceString": "1000", "TimeStamp": "2222-02-02T10:02:02.0000000+00:00", "$type": "RecordData"}
[19:22:22 DBG] Finished RecordAllDevices
[19:22:22 VRB] Recording {"DeviceRefId": 948, "DeviceValue": 999, "DeviceString": "999", "TimeStamp": "2222-02-02T10:03:02.0000000+00:00", "$type": "RecordData"}
[19:22:22 VRB] Adding to database: {"DeviceRefId": 948, "DeviceValue": 999, "DeviceString": "999", "TimeStamp": "2222-02-02T10:03:02.0000000+00:00", "$type": "RecordData"}
[19:22:22 VRB] Recording {"DeviceRefId": 948, "DeviceValue": 998, "DeviceString": "998", "TimeStamp": "2222-02-02T10:06:02.0000000+00:00", "$type": "RecordData"}
[19:22:22 VRB] Adding to database: {"DeviceRefId": 948, "DeviceValue": 998, "DeviceString": "998", "TimeStamp": "2222-02-02T10:06:02.0000000+00:00", "$type": "RecordData"}
[19:22:22 VRB] Recording {"DeviceRefId": 948, "DeviceValue": 997, "DeviceString": "997", "TimeStamp": "2222-02-02T10:11:02.0000000+00:00", "$type": "RecordData"}
[19:22:22 VRB] Adding to database: {"DeviceRefId": 948, "DeviceValue": 997, "DeviceString": "997", "TimeStamp": "2222-02-02T10:11:02.0000000+00:00", "$type": "RecordData"}
[19:22:22 VRB] Recording {"DeviceRefId": 948, "DeviceValue": 996, "DeviceString": "996", "TimeStamp": "2222-02-02T10:18:02.0000000+00:00", "$type": "RecordData"}
[19:22:22 VRB] Adding to database: {"DeviceRefId": 948, "DeviceValue": 996, "DeviceString": "996", "TimeStamp": "2222-02-02T10:18:02.0000000+00:00", "$type": "RecordData"}
[19:22:22 VRB] Recording {"DeviceRefId": 948, "DeviceValue": 995, "DeviceString": "995", "TimeStamp": "2222-02-02T10:27:02.0000000+00:00", "$type": "RecordData"}
[19:22:22 VRB] Adding to database: {"DeviceRefId": 948, "DeviceValue": 995, "DeviceString": "995", "TimeStamp": "2222-02-02T10:27:02.0000000+00:00", "$type": "RecordData"}
[19:22:22 VRB] Recording {"DeviceRefId": 948, "DeviceValue": 994, "DeviceString": "994", "TimeStamp": "2222-02-02T10:38:02.0000000+00:00", "$type": "RecordData"}
[19:22:22 VRB] Adding to database: {"DeviceRefId": 948, "DeviceValue": 994, "DeviceString": "994", "TimeStamp": "2222-02-02T10:38:02.0000000+00:00", "$type": "RecordData"}
[19:22:22 VRB] Recording {"DeviceRefId": 948, "DeviceValue": 993, "DeviceString": "993", "TimeStamp": "2222-02-02T10:51:02.0000000+00:00", "$type": "RecordData"}
[19:22:22 VRB] Adding to database: {"DeviceRefId": 948, "DeviceValue": 993, "DeviceString": "993", "TimeStamp": "2222-02-02T10:51:02.0000000+00:00", "$type": "RecordData"}
[19:22:22 VRB] Recording {"DeviceRefId": 948, "DeviceValue": 992, "DeviceString": "992", "TimeStamp": "2222-02-02T11:06:02.0000000+00:00", "$type": "RecordData"}
[19:22:22 VRB] Adding to database: {"DeviceRefId": 948, "DeviceValue": 992, "DeviceString": "992", "TimeStamp": "2222-02-02T11:06:02.0000000+00:00", "$type": "RecordData"}
[19:22:22 VRB] Recording {"DeviceRefId": 948, "DeviceValue": 991, "DeviceString": "991", "TimeStamp": "2222-02-02T11:23:02.0000000+00:00", "$type": "RecordData"}
[19:22:22 VRB] Adding to database: {"DeviceRefId": 948, "DeviceValue": 991, "DeviceString": "991", "TimeStamp": "2222-02-02T11:23:02.0000000+00:00", "$type": "RecordData"}
[19:22:22 VRB] Recording {"DeviceRefId": 948, "DeviceValue": 990, "DeviceString": "990", "TimeStamp": "2222-02-02T11:42:02.0000000+00:00", "$type": "RecordData"}
[19:22:22 VRB] Adding to database: {"DeviceRefId": 948, "DeviceValue": 990, "DeviceString": "990", "TimeStamp": "2222-02-02T11:42:02.0000000+00:00", "$type": "RecordData"}
[19:22:22 VRB] Recording {"DeviceRefId": 948, "DeviceValue": 989, "DeviceString": "989", "TimeStamp": "2222-02-02T12:03:02.0000000+00:00", "$type": "RecordData"}
[19:22:22 VRB] Adding to database: {"DeviceRefId": 948, "DeviceValue": 989, "DeviceString": "989", "TimeStamp": "2222-02-02T12:03:02.0000000+00:00", "$type": "RecordData"}
[19:22:22 VRB] Recording {"DeviceRefId": 948, "DeviceValue": 988, "DeviceString": "988", "TimeStamp": "2222-02-02T12:26:02.0000000+00:00", "$type": "RecordData"}
[19:22:22 VRB] Adding to database: {"DeviceRefId": 948, "DeviceValue": 988, "DeviceString": "988", "TimeStamp": "2222-02-02T12:26:02.0000000+00:00", "$type": "RecordData"}
[19:22:22 VRB] Recording {"DeviceRefId": 948, "DeviceValue": 987, "DeviceString": "987", "TimeStamp": "2222-02-02T12:51:02.0000000+00:00", "$type": "RecordData"}
[19:22:22 VRB] Adding to database: {"DeviceRefId": 948, "DeviceValue": 987, "DeviceString": "987", "TimeStamp": "2222-02-02T12:51:02.0000000+00:00", "$type": "RecordData"}
[19:22:22 VRB] Recording {"DeviceRefId": 948, "DeviceValue": 986, "DeviceString": "986", "TimeStamp": "2222-02-02T13:18:02.0000000+00:00", "$type": "RecordData"}
[19:22:22 VRB] Adding to database: {"DeviceRefId": 948, "DeviceValue": 986, "DeviceString": "986", "TimeStamp": "2222-02-02T13:18:02.0000000+00:00", "$type": "RecordData"}
[19:22:22 VRB] Recording {"DeviceRefId": 948, "DeviceValue": 985, "DeviceString": "985", "TimeStamp": "2222-02-02T13:47:02.0000000+00:00", "$type": "RecordData"}
[19:22:22 VRB] Adding to database: {"DeviceRefId": 948, "DeviceValue": 985, "DeviceString": "985", "TimeStamp": "2222-02-02T13:47:02.0000000+00:00", "$type": "RecordData"}
[19:22:22 VRB] Recording {"DeviceRefId": 948, "DeviceValue": 984, "DeviceString": "984", "TimeStamp": "2222-02-02T14:18:02.0000000+00:00", "$type": "RecordData"}
[19:22:22 VRB] Adding to database: {"DeviceRefId": 948, "DeviceValue": 984, "DeviceString": "984", "TimeStamp": "2222-02-02T14:18:02.0000000+00:00", "$type": "RecordData"}
[19:22:22 VRB] Recording {"DeviceRefId": 948, "DeviceValue": 983, "DeviceString": "983", "TimeStamp": "2222-02-02T14:51:02.0000000+00:00", "$type": "RecordData"}
[19:22:22 VRB] Adding to database: {"DeviceRefId": 948, "DeviceValue": 983, "DeviceString": "983", "TimeStamp": "2222-02-02T14:51:02.0000000+00:00", "$type": "RecordData"}
[19:22:22 VRB] Recording {"DeviceRefId": 948, "DeviceValue": 982, "DeviceString": "982", "TimeStamp": "2222-02-02T15:26:02.0000000+00:00", "$type": "RecordData"}
[19:22:22 VRB] Adding to database: {"DeviceRefId": 948, "DeviceValue": 982, "DeviceString": "982", "TimeStamp": "2222-02-02T15:26:02.0000000+00:00", "$type": "RecordData"}
[19:22:22 VRB] Recording {"DeviceRefId": 948, "DeviceValue": 981, "DeviceString": "981", "TimeStamp": "2222-02-02T16:03:02.0000000+00:00", "$type": "RecordData"}
[19:22:22 VRB] Adding to database: {"DeviceRefId": 948, "DeviceValue": 981, "DeviceString": "981", "TimeStamp": "2222-02-02T16:03:02.0000000+00:00", "$type": "RecordData"}
[19:22:22 VRB] Recording {"DeviceRefId": 948, "DeviceValue": 980, "DeviceString": "980", "TimeStamp": "2222-02-02T16:42:02.0000000+00:00", "$type": "RecordData"}
[19:22:22 VRB] Adding to database: {"DeviceRefId": 948, "DeviceValue": 980, "DeviceString": "980", "TimeStamp": "2222-02-02T16:42:02.0000000+00:00", "$type": "RecordData"}
[19:22:22 VRB] Recording {"DeviceRefId": 948, "DeviceValue": 979, "DeviceString": "979", "TimeStamp": "2222-02-02T17:23:02.0000000+00:00", "$type": "RecordData"}
[19:22:22 VRB] Adding to database: {"DeviceRefId": 948, "DeviceValue": 979, "DeviceString": "979", "TimeStamp": "2222-02-02T17:23:02.0000000+00:00", "$type": "RecordData"}
[19:22:22 VRB] Recording {"DeviceRefId": 948, "DeviceValue": 978, "DeviceString": "978", "TimeStamp": "2222-02-02T18:06:02.0000000+00:00", "$type": "RecordData"}
[19:22:22 VRB] Adding to database: {"DeviceRefId": 948, "DeviceValue": 978, "DeviceString": "978", "TimeStamp": "2222-02-02T18:06:02.0000000+00:00", "$type": "RecordData"}
[19:22:22 VRB] Recording {"DeviceRefId": 948, "DeviceValue": 977, "DeviceString": "977", "TimeStamp": "2222-02-02T18:51:02.0000000+00:00", "$type": "RecordData"}
[19:22:22 VRB] Adding to database: {"DeviceRefId": 948, "DeviceValue": 977, "DeviceString": "977", "TimeStamp": "2222-02-02T18:51:02.0000000+00:00", "$type": "RecordData"}
[19:22:22 VRB] Recording {"DeviceRefId": 948, "DeviceValue": 976, "DeviceString": "976", "TimeStamp": "2222-02-02T19:38:02.0000000+00:00", "$type": "RecordData"}
[19:22:22 VRB] Adding to database: {"DeviceRefId": 948, "DeviceValue": 976, "DeviceString": "976", "TimeStamp": "2222-02-02T19:38:02.0000000+00:00", "$type": "RecordData"}
[19:22:22 VRB] Recording {"DeviceRefId": 948, "DeviceValue": 975, "DeviceString": "975", "TimeStamp": "2222-02-02T20:27:02.0000000+00:00", "$type": "RecordData"}
[19:22:22 VRB] Adding to database: {"DeviceRefId": 948, "DeviceValue": 975, "DeviceString": "975", "TimeStamp": "2222-02-02T20:27:02.0000000+00:00", "$type": "RecordData"}
[19:22:22 VRB] Recording {"DeviceRefId": 948, "DeviceValue": 974, "DeviceString": "974", "TimeStamp": "2222-02-02T21:18:02.0000000+00:00", "$type": "RecordData"}
[19:22:22 VRB] Adding to database: {"DeviceRefId": 948, "DeviceValue": 974, "DeviceString": "974", "TimeStamp": "2222-02-02T21:18:02.0000000+00:00", "$type": "RecordData"}
[19:22:22 VRB] Recording {"DeviceRefId": 948, "DeviceValue": 973, "DeviceString": "973", "TimeStamp": "2222-02-02T22:11:02.0000000+00:00", "$type": "RecordData"}
[19:22:22 VRB] Adding to database: {"DeviceRefId": 948, "DeviceValue": 973, "DeviceString": "973", "TimeStamp": "2222-02-02T22:11:02.0000000+00:00", "$type": "RecordData"}
[19:22:22 VRB] Recording {"DeviceRefId": 948, "DeviceValue": 972, "DeviceString": "972", "TimeStamp": "2222-02-02T23:06:02.0000000+00:00", "$type": "RecordData"}
[19:22:23 VRB] Adding to database: {"DeviceRefId": 948, "DeviceValue": 972, "DeviceString": "972", "TimeStamp": "2222-02-02T23:06:02.0000000+00:00", "$type": "RecordData"}
[19:22:23 VRB] Recording {"DeviceRefId": 948, "DeviceValue": 971, "DeviceString": "971", "TimeStamp": "2222-02-03T00:03:02.0000000+00:00", "$type": "RecordData"}
[19:22:23 VRB] Adding to database: {"DeviceRefId": 948, "DeviceValue": 971, "DeviceString": "971", "TimeStamp": "2222-02-03T00:03:02.0000000+00:00", "$type": "RecordData"}
[19:22:23 VRB] Recording {"DeviceRefId": 948, "DeviceValue": 970, "DeviceString": "970", "TimeStamp": "2222-02-03T01:02:02.0000000+00:00", "$type": "RecordData"}
[19:22:23 VRB] Adding to database: {"DeviceRefId": 948, "DeviceValue": 970, "DeviceString": "970", "TimeStamp": "2222-02-03T01:02:02.0000000+00:00", "$type": "RecordData"}
[19:22:23 VRB] Recording {"DeviceRefId": 948, "DeviceValue": 969, "DeviceString": "969", "TimeStamp": "2222-02-03T02:03:02.0000000+00:00", "$type": "RecordData"}
[19:22:23 VRB] Adding to database: {"DeviceRefId": 948, "DeviceValue": 969, "DeviceString": "969", "TimeStamp": "2222-02-03T02:03:02.0000000+00:00", "$type": "RecordData"}
[19:22:23 VRB] Recording {"DeviceRefId": 948, "DeviceValue": 968, "DeviceString": "968", "TimeStamp": "2222-02-03T03:06:02.0000000+00:00", "$type": "RecordData"}
[19:22:23 VRB] Adding to database: {"DeviceRefId": 948, "DeviceValue": 968, "DeviceString": "968", "TimeStamp": "2222-02-03T03:06:02.0000000+00:00", "$type": "RecordData"}
[19:22:23 VRB] Recording {"DeviceRefId": 948, "DeviceValue": 967, "DeviceString": "967", "TimeStamp": "2222-02-03T04:11:02.0000000+00:00", "$type": "RecordData"}
[19:22:23 VRB] Adding to database: {"DeviceRefId": 948, "DeviceValue": 967, "DeviceString": "967", "TimeStamp": "2222-02-03T04:11:02.0000000+00:00", "$type": "RecordData"}
[19:22:23 VRB] Recording {"DeviceRefId": 948, "DeviceValue": 966, "DeviceString": "966", "TimeStamp": "2222-02-03T05:18:02.0000000+00:00", "$type": "RecordData"}
[19:22:23 VRB] Adding to database: {"DeviceRefId": 948, "DeviceValue": 966, "DeviceString": "966", "TimeStamp": "2222-02-03T05:18:02.0000000+00:00", "$type": "RecordData"}
[19:22:23 VRB] Recording {"DeviceRefId": 948, "DeviceValue": 965, "DeviceString": "965", "TimeStamp": "2222-02-03T06:27:02.0000000+00:00", "$type": "RecordData"}
[19:22:23 VRB] Adding to database: {"DeviceRefId": 948, "DeviceValue": 965, "DeviceString": "965", "TimeStamp": "2222-02-03T06:27:02.0000000+00:00", "$type": "RecordData"}
[19:22:23 VRB] Recording {"DeviceRefId": 948, "DeviceValue": 964, "DeviceString": "964", "TimeStamp": "2222-02-03T07:38:02.0000000+00:00", "$type": "RecordData"}
[19:22:23 VRB] Adding to database: {"DeviceRefId": 948, "DeviceValue": 964, "DeviceString": "964", "TimeStamp": "2222-02-03T07:38:02.0000000+00:00", "$type": "RecordData"}
[19:22:23 VRB] Recording {"DeviceRefId": 948, "DeviceValue": 963, "DeviceString": "963", "TimeStamp": "2222-02-03T08:51:02.0000000+00:00", "$type": "RecordData"}
[19:22:23 VRB] Adding to database: {"DeviceRefId": 948, "DeviceValue": 963, "DeviceString": "963", "TimeStamp": "2222-02-03T08:51:02.0000000+00:00", "$type": "RecordData"}
[19:22:23 VRB] Recording {"DeviceRefId": 948, "DeviceValue": 962, "DeviceString": "962", "TimeStamp": "2222-02-03T10:06:02.0000000+00:00", "$type": "RecordData"}
[19:22:23 VRB] Adding to database: {"DeviceRefId": 948, "DeviceValue": 962, "DeviceString": "962", "TimeStamp": "2222-02-03T10:06:02.0000000+00:00", "$type": "RecordData"}
[19:22:23 VRB] Recording {"DeviceRefId": 948, "DeviceValue": 961, "DeviceString": "961", "TimeStamp": "2222-02-03T11:23:02.0000000+00:00", "$type": "RecordData"}
[19:22:23 VRB] Adding to database: {"DeviceRefId": 948, "DeviceValue": 961, "DeviceString": "961", "TimeStamp": "2222-02-03T11:23:02.0000000+00:00", "$type": "RecordData"}
[19:22:23 VRB] Recording {"DeviceRefId": 948, "DeviceValue": 960, "DeviceString": "960", "TimeStamp": "2222-02-03T12:42:02.0000000+00:00", "$type": "RecordData"}
[19:22:23 VRB] Adding to database: {"DeviceRefId": 948, "DeviceValue": 960, "DeviceString": "960", "TimeStamp": "2222-02-03T12:42:02.0000000+00:00", "$type": "RecordData"}
[19:22:23 VRB] Recording {"DeviceRefId": 948, "DeviceValue": 959, "DeviceString": "959", "TimeStamp": "2222-02-03T14:03:02.0000000+00:00", "$type": "RecordData"}
[19:22:23 VRB] Adding to database: {"DeviceRefId": 948, "DeviceValue": 959, "DeviceString": "959", "TimeStamp": "2222-02-03T14:03:02.0000000+00:00", "$type": "RecordData"}
[19:22:23 VRB] Recording {"DeviceRefId": 948, "DeviceValue": 958, "DeviceString": "958", "TimeStamp": "2222-02-03T15:26:02.0000000+00:00", "$type": "RecordData"}
[19:22:23 VRB] Adding to database: {"DeviceRefId": 948, "DeviceValue": 958, "DeviceString": "958", "TimeStamp": "2222-02-03T15:26:02.0000000+00:00", "$type": "RecordData"}
[19:22:23 VRB] Recording {"DeviceRefId": 948, "DeviceValue": 957, "DeviceString": "957", "TimeStamp": "2222-02-03T16:51:02.0000000+00:00", "$type": "RecordData"}
[19:22:23 VRB] Adding to database: {"DeviceRefId": 948, "DeviceValue": 957, "DeviceString": "957", "TimeStamp": "2222-02-03T16:51:02.0000000+00:00", "$type": "RecordData"}
[19:22:23 VRB] Recording {"DeviceRefId": 948, "DeviceValue": 956, "DeviceString": "956", "TimeStamp": "2222-02-03T18:18:02.0000000+00:00", "$type": "RecordData"}
[19:22:23 VRB] Adding to database: {"DeviceRefId": 948, "DeviceValue": 956, "DeviceString": "956", "TimeStamp": "2222-02-03T18:18:02.0000000+00:00", "$type": "RecordData"}
[19:22:23 VRB] Recording {"DeviceRefId": 948, "DeviceValue": 955, "DeviceString": "955", "TimeStamp": "2222-02-03T19:47:02.0000000+00:00", "$type": "RecordData"}
[19:22:23 VRB] Adding to database: {"DeviceRefId": 948, "DeviceValue": 955, "DeviceString": "955", "TimeStamp": "2222-02-03T19:47:02.0000000+00:00", "$type": "RecordData"}
[19:22:23 VRB] Recording {"DeviceRefId": 948, "DeviceValue": 954, "DeviceString": "954", "TimeStamp": "2222-02-03T21:18:02.0000000+00:00", "$type": "RecordData"}
[19:22:23 VRB] Adding to database: {"DeviceRefId": 948, "DeviceValue": 954, "DeviceString": "954", "TimeStamp": "2222-02-03T21:18:02.0000000+00:00", "$type": "RecordData"}
[19:22:23 VRB] Recording {"DeviceRefId": 948, "DeviceValue": 953, "DeviceString": "953", "TimeStamp": "2222-02-03T22:51:02.0000000+00:00", "$type": "RecordData"}
[19:22:23 VRB] Adding to database: {"DeviceRefId": 948, "DeviceValue": 953, "DeviceString": "953", "TimeStamp": "2222-02-03T22:51:02.0000000+00:00", "$type": "RecordData"}
[19:22:23 VRB] Recording {"DeviceRefId": 948, "DeviceValue": 952, "DeviceString": "952", "TimeStamp": "2222-02-04T00:26:02.0000000+00:00", "$type": "RecordData"}
[19:22:23 VRB] Adding to database: {"DeviceRefId": 948, "DeviceValue": 952, "DeviceString": "952", "TimeStamp": "2222-02-04T00:26:02.0000000+00:00", "$type": "RecordData"}
[19:22:23 VRB] Recording {"DeviceRefId": 948, "DeviceValue": 951, "DeviceString": "951", "TimeStamp": "2222-02-04T02:03:02.0000000+00:00", "$type": "RecordData"}
[19:22:23 VRB] Adding to database: {"DeviceRefId": 948, "DeviceValue": 951, "DeviceString": "951", "TimeStamp": "2222-02-04T02:03:02.0000000+00:00", "$type": "RecordData"}
[19:22:23 VRB] Recording {"DeviceRefId": 948, "DeviceValue": 950, "DeviceString": "950", "TimeStamp": "2222-02-04T03:42:02.0000000+00:00", "$type": "RecordData"}
[19:22:23 VRB] Adding to database: {"DeviceRefId": 948, "DeviceValue": 950, "DeviceString": "950", "TimeStamp": "2222-02-04T03:42:02.0000000+00:00", "$type": "RecordData"}
[19:22:23 VRB] Recording {"DeviceRefId": 948, "DeviceValue": 949, "DeviceString": "949", "TimeStamp": "2222-02-04T05:23:02.0000000+00:00", "$type": "RecordData"}
[19:22:23 VRB] Adding to database: {"DeviceRefId": 948, "DeviceValue": 949, "DeviceString": "949", "TimeStamp": "2222-02-04T05:23:02.0000000+00:00", "$type": "RecordData"}
[19:22:23 VRB] Recording {"DeviceRefId": 948, "DeviceValue": 948, "DeviceString": "948", "TimeStamp": "2222-02-04T07:06:02.0000000+00:00", "$type": "RecordData"}
[19:22:23 VRB] Adding to database: {"DeviceRefId": 948, "DeviceValue": 948, "DeviceString": "948", "TimeStamp": "2222-02-04T07:06:02.0000000+00:00", "$type": "RecordData"}
[19:22:23 VRB] Recording {"DeviceRefId": 948, "DeviceValue": 947, "DeviceString": "947", "TimeStamp": "2222-02-04T08:51:02.0000000+00:00", "$type": "RecordData"}
[19:22:23 VRB] Adding to database: {"DeviceRefId": 948, "DeviceValue": 947, "DeviceString": "947", "TimeStamp": "2222-02-04T08:51:02.0000000+00:00", "$type": "RecordData"}
[19:22:23 VRB] Recording {"DeviceRefId": 948, "DeviceValue": 946, "DeviceString": "946", "TimeStamp": "2222-02-04T10:38:02.0000000+00:00", "$type": "RecordData"}
[19:22:23 VRB] Adding to database: {"DeviceRefId": 948, "DeviceValue": 946, "DeviceString": "946", "TimeStamp": "2222-02-04T10:38:02.0000000+00:00", "$type": "RecordData"}
[19:22:23 VRB] Recording {"DeviceRefId": 948, "DeviceValue": 945, "DeviceString": "945", "TimeStamp": "2222-02-04T12:27:02.0000000+00:00", "$type": "RecordData"}
[19:22:23 VRB] Adding to database: {"DeviceRefId": 948, "DeviceValue": 945, "DeviceString": "945", "TimeStamp": "2222-02-04T12:27:02.0000000+00:00", "$type": "RecordData"}
[19:22:23 VRB] Recording {"DeviceRefId": 948, "DeviceValue": 944, "DeviceString": "944", "TimeStamp": "2222-02-04T14:18:02.0000000+00:00", "$type": "RecordData"}
[19:22:23 VRB] Adding to database: {"DeviceRefId": 948, "DeviceValue": 944, "DeviceString": "944", "TimeStamp": "2222-02-04T14:18:02.0000000+00:00", "$type": "RecordData"}
[19:22:23 VRB] Recording {"DeviceRefId": 948, "DeviceValue": 943, "DeviceString": "943", "TimeStamp": "2222-02-04T16:11:02.0000000+00:00", "$type": "RecordData"}
[19:22:23 VRB] Adding to database: {"DeviceRefId": 948, "DeviceValue": 943, "DeviceString": "943", "TimeStamp": "2222-02-04T16:11:02.0000000+00:00", "$type": "RecordData"}
[19:22:23 VRB] Recording {"DeviceRefId": 948, "DeviceValue": 942, "DeviceString": "942", "TimeStamp": "2222-02-04T18:06:02.0000000+00:00", "$type": "RecordData"}
[19:22:23 VRB] Adding to database: {"DeviceRefId": 948, "DeviceValue": 942, "DeviceString": "942", "TimeStamp": "2222-02-04T18:06:02.0000000+00:00", "$type": "RecordData"}
[19:22:23 VRB] Recording {"DeviceRefId": 948, "DeviceValue": 941, "DeviceString": "941", "TimeStamp": "2222-02-04T20:03:02.0000000+00:00", "$type": "RecordData"}
[19:22:23 VRB] Adding to database: {"DeviceRefId": 948, "DeviceValue": 941, "DeviceString": "941", "TimeStamp": "2222-02-04T20:03:02.0000000+00:00", "$type": "RecordData"}
[19:22:23 VRB] Recording {"DeviceRefId": 948, "DeviceValue": 940, "DeviceString": "940", "TimeStamp": "2222-02-04T22:02:02.0000000+00:00", "$type": "RecordData"}
[19:22:23 VRB] Adding to database: {"DeviceRefId": 948, "DeviceValue": 940, "DeviceString": "940", "TimeStamp": "2222-02-04T22:02:02.0000000+00:00", "$type": "RecordData"}
[19:22:23 VRB] Recording {"DeviceRefId": 948, "DeviceValue": 939, "DeviceString": "939", "TimeStamp": "2222-02-05T00:03:02.0000000+00:00", "$type": "RecordData"}
[19:22:23 VRB] Adding to database: {"DeviceRefId": 948, "DeviceValue": 939, "DeviceString": "939", "TimeStamp": "2222-02-05T00:03:02.0000000+00:00", "$type": "RecordData"}
[19:22:23 VRB] Recording {"DeviceRefId": 948, "DeviceValue": 938, "DeviceString": "938", "TimeStamp": "2222-02-05T02:06:02.0000000+00:00", "$type": "RecordData"}
[19:22:23 VRB] Adding to database: {"DeviceRefId": 948, "DeviceValue": 938, "DeviceString": "938", "TimeStamp": "2222-02-05T02:06:02.0000000+00:00", "$type": "RecordData"}
[19:22:23 VRB] Recording {"DeviceRefId": 948, "DeviceValue": 937, "DeviceString": "937", "TimeStamp": "2222-02-05T04:11:02.0000000+00:00", "$type": "RecordData"}
[19:22:23 VRB] Adding to database: {"DeviceRefId": 948, "DeviceValue": 937, "DeviceString": "937", "TimeStamp": "2222-02-05T04:11:02.0000000+00:00", "$type": "RecordData"}
[19:22:23 VRB] Recording {"DeviceRefId": 948, "DeviceValue": 936, "DeviceString": "936", "TimeStamp": "2222-02-05T06:18:02.0000000+00:00", "$type": "RecordData"}
[19:22:23 VRB] Adding to database: {"DeviceRefId": 948, "DeviceValue": 936, "DeviceString": "936", "TimeStamp": "2222-02-05T06:18:02.0000000+00:00", "$type": "RecordData"}
[19:22:23 VRB] Recording {"DeviceRefId": 948, "DeviceValue": 935, "DeviceString": "935", "TimeStamp": "2222-02-05T08:27:02.0000000+00:00", "$type": "RecordData"}
[19:22:23 VRB] Adding to database: {"DeviceRefId": 948, "DeviceValue": 935, "DeviceString": "935", "TimeStamp": "2222-02-05T08:27:02.0000000+00:00", "$type": "RecordData"}
[19:22:23 VRB] Recording {"DeviceRefId": 948, "DeviceValue": 934, "DeviceString": "934", "TimeStamp": "2222-02-05T10:38:02.0000000+00:00", "$type": "RecordData"}
[19:22:23 VRB] Adding to database: {"DeviceRefId": 948, "DeviceValue": 934, "DeviceString": "934", "TimeStamp": "2222-02-05T10:38:02.0000000+00:00", "$type": "RecordData"}
[19:22:23 VRB] Recording {"DeviceRefId": 948, "DeviceValue": 933, "DeviceString": "933", "TimeStamp": "2222-02-05T12:51:02.0000000+00:00", "$type": "RecordData"}
[19:22:23 VRB] Adding to database: {"DeviceRefId": 948, "DeviceValue": 933, "DeviceString": "933", "TimeStamp": "2222-02-05T12:51:02.0000000+00:00", "$type": "RecordData"}
[19:22:23 VRB] Recording {"DeviceRefId": 948, "DeviceValue": 932, "DeviceString": "932", "TimeStamp": "2222-02-05T15:06:02.0000000+00:00", "$type": "RecordData"}
[19:22:23 VRB] Adding to database: {"DeviceRefId": 948, "DeviceValue": 932, "DeviceString": "932", "TimeStamp": "2222-02-05T15:06:02.0000000+00:00", "$type": "RecordData"}
[19:22:23 VRB] Recording {"DeviceRefId": 948, "DeviceValue": 931, "DeviceString": "931", "TimeStamp": "2222-02-05T17:23:02.0000000+00:00", "$type": "RecordData"}
[19:22:23 VRB] Adding to database: {"DeviceRefId": 948, "DeviceValue": 931, "DeviceString": "931", "TimeStamp": "2222-02-05T17:23:02.0000000+00:00", "$type": "RecordData"}
[19:22:23 VRB] Recording {"DeviceRefId": 948, "DeviceValue": 930, "DeviceString": "930", "TimeStamp": "2222-02-05T19:42:02.0000000+00:00", "$type": "RecordData"}
[19:22:23 VRB] Adding to database: {"DeviceRefId": 948, "DeviceValue": 930, "DeviceString": "930", "TimeStamp": "2222-02-05T19:42:02.0000000+00:00", "$type": "RecordData"}
[19:22:23 VRB] Recording {"DeviceRefId": 948, "DeviceValue": 929, "DeviceString": "929", "TimeStamp": "2222-02-05T22:03:02.0000000+00:00", "$type": "RecordData"}
[19:22:23 VRB] Adding to database: {"DeviceRefId": 948, "DeviceValue": 929, "DeviceString": "929", "TimeStamp": "2222-02-05T22:03:02.0000000+00:00", "$type": "RecordData"}
[19:22:23 VRB] Recording {"DeviceRefId": 948, "DeviceValue": 928, "DeviceString": "928", "TimeStamp": "2222-02-06T00:26:02.0000000+00:00", "$type": "RecordData"}
[19:22:23 VRB] Adding to database: {"DeviceRefId": 948, "DeviceValue": 928, "DeviceString": "928", "TimeStamp": "2222-02-06T00:26:02.0000000+00:00", "$type": "RecordData"}
[19:22:23 VRB] Recording {"DeviceRefId": 948, "DeviceValue": 927, "DeviceString": "927", "TimeStamp": "2222-02-06T02:51:02.0000000+00:00", "$type": "RecordData"}
[19:22:23 VRB] Adding to database: {"DeviceRefId": 948, "DeviceValue": 927, "DeviceString": "927", "TimeStamp": "2222-02-06T02:51:02.0000000+00:00", "$type": "RecordData"}
[19:22:23 VRB] Recording {"DeviceRefId": 948, "DeviceValue": 926, "DeviceString": "926", "TimeStamp": "2222-02-06T05:18:02.0000000+00:00", "$type": "RecordData"}
[19:22:23 VRB] Adding to database: {"DeviceRefId": 948, "DeviceValue": 926, "DeviceString": "926", "TimeStamp": "2222-02-06T05:18:02.0000000+00:00", "$type": "RecordData"}
[19:22:23 VRB] Recording {"DeviceRefId": 948, "DeviceValue": 925, "DeviceString": "925", "TimeStamp": "2222-02-06T07:47:02.0000000+00:00", "$type": "RecordData"}
[19:22:23 VRB] Adding to database: {"DeviceRefId": 948, "DeviceValue": 925, "DeviceString": "925", "TimeStamp": "2222-02-06T07:47:02.0000000+00:00", "$type": "RecordData"}
[19:22:23 VRB] Recording {"DeviceRefId": 948, "DeviceValue": 924, "DeviceString": "924", "TimeStamp": "2222-02-06T10:18:02.0000000+00:00", "$type": "RecordData"}
[19:22:23 VRB] Adding to database: {"DeviceRefId": 948, "DeviceValue": 924, "DeviceString": "924", "TimeStamp": "2222-02-06T10:18:02.0000000+00:00", "$type": "RecordData"}
[19:22:23 VRB] Recording {"DeviceRefId": 948, "DeviceValue": 923, "DeviceString": "923", "TimeStamp": "2222-02-06T12:51:02.0000000+00:00", "$type": "RecordData"}
[19:22:23 VRB] Adding to database: {"DeviceRefId": 948, "DeviceValue": 923, "DeviceString": "923", "TimeStamp": "2222-02-06T12:51:02.0000000+00:00", "$type": "RecordData"}
[19:22:23 VRB] Recording {"DeviceRefId": 948, "DeviceValue": 922, "DeviceString": "922", "TimeStamp": "2222-02-06T15:26:02.0000000+00:00", "$type": "RecordData"}
[19:22:23 VRB] Adding to database: {"DeviceRefId": 948, "DeviceValue": 922, "DeviceString": "922", "TimeStamp": "2222-02-06T15:26:02.0000000+00:00", "$type": "RecordData"}
[19:22:23 VRB] Recording {"DeviceRefId": 948, "DeviceValue": 921, "DeviceString": "921", "TimeStamp": "2222-02-06T18:03:02.0000000+00:00", "$type": "RecordData"}
[19:22:23 VRB] Adding to database: {"DeviceRefId": 948, "DeviceValue": 921, "DeviceString": "921", "TimeStamp": "2222-02-06T18:03:02.0000000+00:00", "$type": "RecordData"}
[19:22:23 VRB] Recording {"DeviceRefId": 948, "DeviceValue": 920, "DeviceString": "920", "TimeStamp": "2222-02-06T20:42:02.0000000+00:00", "$type": "RecordData"}
[19:22:23 VRB] Adding to database: {"DeviceRefId": 948, "DeviceValue": 920, "DeviceString": "920", "TimeStamp": "2222-02-06T20:42:02.0000000+00:00", "$type": "RecordData"}
[19:22:23 VRB] Recording {"DeviceRefId": 948, "DeviceValue": 919, "DeviceString": "919", "TimeStamp": "2222-02-06T23:23:02.0000000+00:00", "$type": "RecordData"}
[19:22:23 VRB] Adding to database: {"DeviceRefId": 948, "DeviceValue": 919, "DeviceString": "919", "TimeStamp": "2222-02-06T23:23:02.0000000+00:00", "$type": "RecordData"}
[19:22:23 VRB] Recording {"DeviceRefId": 948, "DeviceValue": 918, "DeviceString": "918", "TimeStamp": "2222-02-07T02:06:02.0000000+00:00", "$type": "RecordData"}
[19:22:23 VRB] Adding to database: {"DeviceRefId": 948, "DeviceValue": 918, "DeviceString": "918", "TimeStamp": "2222-02-07T02:06:02.0000000+00:00", "$type": "RecordData"}
[19:22:23 VRB] Recording {"DeviceRefId": 948, "DeviceValue": 917, "DeviceString": "917", "TimeStamp": "2222-02-07T04:51:02.0000000+00:00", "$type": "RecordData"}
[19:22:23 VRB] Adding to database: {"DeviceRefId": 948, "DeviceValue": 917, "DeviceString": "917", "TimeStamp": "2222-02-07T04:51:02.0000000+00:00", "$type": "RecordData"}
[19:22:23 VRB] Recording {"DeviceRefId": 948, "DeviceValue": 916, "DeviceString": "916", "TimeStamp": "2222-02-07T07:38:02.0000000+00:00", "$type": "RecordData"}
[19:22:23 VRB] Adding to database: {"DeviceRefId": 948, "DeviceValue": 916, "DeviceString": "916", "TimeStamp": "2222-02-07T07:38:02.0000000+00:00", "$type": "RecordData"}
[19:22:23 VRB] Recording {"DeviceRefId": 948, "DeviceValue": 915, "DeviceString": "915", "TimeStamp": "2222-02-07T10:27:02.0000000+00:00", "$type": "RecordData"}
[19:22:23 VRB] Adding to database: {"DeviceRefId": 948, "DeviceValue": 915, "DeviceString": "915", "TimeStamp": "2222-02-07T10:27:02.0000000+00:00", "$type": "RecordData"}
[19:22:23 VRB] Recording {"DeviceRefId": 948, "DeviceValue": 914, "DeviceString": "914", "TimeStamp": "2222-02-07T13:18:02.0000000+00:00", "$type": "RecordData"}
[19:22:23 VRB] Adding to database: {"DeviceRefId": 948, "DeviceValue": 914, "DeviceString": "914", "TimeStamp": "2222-02-07T13:18:02.0000000+00:00", "$type": "RecordData"}
[19:22:23 VRB] Recording {"DeviceRefId": 948, "DeviceValue": 913, "DeviceString": "913", "TimeStamp": "2222-02-07T16:11:02.0000000+00:00", "$type": "RecordData"}
[19:22:23 VRB] Adding to database: {"DeviceRefId": 948, "DeviceValue": 913, "DeviceString": "913", "TimeStamp": "2222-02-07T16:11:02.0000000+00:00", "$type": "RecordData"}
[19:22:23 VRB] Recording {"DeviceRefId": 948, "DeviceValue": 912, "DeviceString": "912", "TimeStamp": "2222-02-07T19:06:02.0000000+00:00", "$type": "RecordData"}
[19:22:23 VRB] Adding to database: {"DeviceRefId": 948, "DeviceValue": 912, "DeviceString": "912", "TimeStamp": "2222-02-07T19:06:02.0000000+00:00", "$type": "RecordData"}
[19:22:23 VRB] Recording {"DeviceRefId": 948, "DeviceValue": 911, "DeviceString": "911", "TimeStamp": "2222-02-07T22:03:02.0000000+00:00", "$type": "RecordData"}
[19:22:23 VRB] Adding to database: {"DeviceRefId": 948, "DeviceValue": 911, "DeviceString": "911", "TimeStamp": "2222-02-07T22:03:02.0000000+00:00", "$type": "RecordData"}
[19:22:23 VRB] Recording {"DeviceRefId": 948, "DeviceValue": 910, "DeviceString": "910", "TimeStamp": "2222-02-08T01:02:02.0000000+00:00", "$type": "RecordData"}
[19:22:23 VRB] Adding to database: {"DeviceRefId": 948, "DeviceValue": 910, "DeviceString": "910", "TimeStamp": "2222-02-08T01:02:02.0000000+00:00", "$type": "RecordData"}
[19:22:23 VRB] Recording {"DeviceRefId": 948, "DeviceValue": 909, "DeviceString": "909", "TimeStamp": "2222-02-08T04:03:02.0000000+00:00", "$type": "RecordData"}
[19:22:23 VRB] Adding to database: {"DeviceRefId": 948, "DeviceValue": 909, "DeviceString": "909", "TimeStamp": "2222-02-08T04:03:02.0000000+00:00", "$type": "RecordData"}
[19:22:23 VRB] Recording {"DeviceRefId": 948, "DeviceValue": 908, "DeviceString": "908", "TimeStamp": "2222-02-08T07:06:02.0000000+00:00", "$type": "RecordData"}
[19:22:23 VRB] Adding to database: {"DeviceRefId": 948, "DeviceValue": 908, "DeviceString": "908", "TimeStamp": "2222-02-08T07:06:02.0000000+00:00", "$type": "RecordData"}
[19:22:23 VRB] Recording {"DeviceRefId": 948, "DeviceValue": 907, "DeviceString": "907", "TimeStamp": "2222-02-08T10:11:02.0000000+00:00", "$type": "RecordData"}
[19:22:24 VRB] Adding to database: {"DeviceRefId": 948, "DeviceValue": 907, "DeviceString": "907", "TimeStamp": "2222-02-08T10:11:02.0000000+00:00", "$type": "RecordData"}
[19:22:24 VRB] Recording {"DeviceRefId": 948, "DeviceValue": 906, "DeviceString": "906", "TimeStamp": "2222-02-08T13:18:02.0000000+00:00", "$type": "RecordData"}
[19:22:24 VRB] Adding to database: {"DeviceRefId": 948, "DeviceValue": 906, "DeviceString": "906", "TimeStamp": "2222-02-08T13:18:02.0000000+00:00", "$type": "RecordData"}
[19:22:24 VRB] Recording {"DeviceRefId": 948, "DeviceValue": 905, "DeviceString": "905", "TimeStamp": "2222-02-08T16:27:02.0000000+00:00", "$type": "RecordData"}
[19:22:24 VRB] Adding to database: {"DeviceRefId": 948, "DeviceValue": 905, "DeviceString": "905", "TimeStamp": "2222-02-08T16:27:02.0000000+00:00", "$type": "RecordData"}
[19:22:24 VRB] Recording {"DeviceRefId": 948, "DeviceValue": 904, "DeviceString": "904", "TimeStamp": "2222-02-08T19:38:02.0000000+00:00", "$type": "RecordData"}
[19:22:24 VRB] Adding to database: {"DeviceRefId": 948, "DeviceValue": 904, "DeviceString": "904", "TimeStamp": "2222-02-08T19:38:02.0000000+00:00", "$type": "RecordData"}
[19:22:24 VRB] Recording {"DeviceRefId": 948, "DeviceValue": 903, "DeviceString": "903", "TimeStamp": "2222-02-08T22:51:02.0000000+00:00", "$type": "RecordData"}
[19:22:24 VRB] Adding to database: {"DeviceRefId": 948, "DeviceValue": 903, "DeviceString": "903", "TimeStamp": "2222-02-08T22:51:02.0000000+00:00", "$type": "RecordData"}
[19:22:24 VRB] Recording {"DeviceRefId": 948, "DeviceValue": 902, "DeviceString": "902", "TimeStamp": "2222-02-09T02:06:02.0000000+00:00", "$type": "RecordData"}
[19:22:24 VRB] Adding to database: {"DeviceRefId": 948, "DeviceValue": 902, "DeviceString": "902", "TimeStamp": "2222-02-09T02:06:02.0000000+00:00", "$type": "RecordData"}
[19:22:24 VRB] Recording {"DeviceRefId": 948, "DeviceValue": 901, "DeviceString": "901", "TimeStamp": "2222-02-09T05:23:02.0000000+00:00", "$type": "RecordData"}
[19:22:24 VRB] Adding to database: {"DeviceRefId": 948, "DeviceValue": 901, "DeviceString": "901", "TimeStamp": "2222-02-09T05:23:02.0000000+00:00", "$type": "RecordData"}
[19:22:24 DBG] PostBackProc for historyrecords for refId=948&amp;min=7955149322000&amp;max=7955197322000&amp;start=0&amp;length=10&amp;order[0][column]=0&amp;order[0][dir]=desc
[19:22:24 DBG] HandleHistoryRecords refId=948&amp;min=7955149322000&amp;max=7955197322000&amp;start=0&amp;length=10&amp;order[0][column]=0&amp;order[0][dir]=desc
Disconnecting from HomeSeer...
[19:22:24 INF] Shutting down
[19:22:24 DBG] Disposing Sqlite connection
[19:22:24 DBG] Finish records update thread
</system-out>
    </testcase>
    <testcase name="DatatableCallbackDataCorrect(System.Func`3[HomeSeer.PluginSdk.Devices.HsFeature,System.Collections.Generic.List`1[Hspi.RecordData],System.String],System.Func`2[System.Collections.Generic.List`1[Hspi.RecordData],System.Collections.Generic.List`1[Hspi.RecordData]])" assertions="360" time="1.492561" status="Passed" classname="HSPI_HistoricalRecordsTest.DevicePageHistoryCallbacksTest">
      <system-out>[19:22:24 INF] Plugin Starting
[19:22:24 INF] e_sqlite3 version:3.44.0
[19:22:24 INF] Connecting to database: C:\Users\Deepak\AppData\Local\Temp\yxbpzorn.4hi\data\HistoricalRecords\records.db
[19:22:24 DBG] Starting records update thread
[19:22:24 DBG] Starting RecordAllDevices
[19:22:24 VRB] Recording {"DeviceRefId": 948, "DeviceValue": 1.1, "DeviceString": "1.1", "TimeStamp": "2222-02-02T10:02:02.0000000+00:00", "$type": "RecordData"}
[19:22:24 INF] Starting maintaining database
[19:22:24 DBG] Start Pruning older records
[19:22:24 DBG] Finished RecordAllDevices
[19:22:24 DBG] Finished pruning older records
[19:22:24 INF] Finished maintaining database
[19:22:24 VRB] Adding to database: {"DeviceRefId": 948, "DeviceValue": 1.1, "DeviceString": "1.1", "TimeStamp": "2222-02-02T10:02:02.0000000+00:00", "$type": "RecordData"}
[19:22:24 INF] Plugin Started
[19:22:24 VRB] Recording {"DeviceRefId": 948, "DeviceValue": 1000, "DeviceString": "1000", "TimeStamp": "2222-02-02T10:02:02.0000000+00:00", "$type": "RecordData"}
[19:22:24 VRB] Adding to database: {"DeviceRefId": 948, "DeviceValue": 1000, "DeviceString": "1000", "TimeStamp": "2222-02-02T10:02:02.0000000+00:00", "$type": "RecordData"}
[19:22:24 VRB] Recording {"DeviceRefId": 948, "DeviceValue": 999, "DeviceString": "999", "TimeStamp": "2222-02-02T10:03:02.0000000+00:00", "$type": "RecordData"}
[19:22:24 VRB] Adding to database: {"DeviceRefId": 948, "DeviceValue": 999, "DeviceString": "999", "TimeStamp": "2222-02-02T10:03:02.0000000+00:00", "$type": "RecordData"}
[19:22:24 VRB] Recording {"DeviceRefId": 948, "DeviceValue": 998, "DeviceString": "998", "TimeStamp": "2222-02-02T10:06:02.0000000+00:00", "$type": "RecordData"}
[19:22:24 VRB] Adding to database: {"DeviceRefId": 948, "DeviceValue": 998, "DeviceString": "998", "TimeStamp": "2222-02-02T10:06:02.0000000+00:00", "$type": "RecordData"}
[19:22:24 VRB] Recording {"DeviceRefId": 948, "DeviceValue": 997, "DeviceString": "997", "TimeStamp": "2222-02-02T10:11:02.0000000+00:00", "$type": "RecordData"}
[19:22:24 VRB] Adding to database: {"DeviceRefId": 948, "DeviceValue": 997, "DeviceString": "997", "TimeStamp": "2222-02-02T10:11:02.0000000+00:00", "$type": "RecordData"}
[19:22:24 VRB] Recording {"DeviceRefId": 948, "DeviceValue": 996, "DeviceString": "996", "TimeStamp": "2222-02-02T10:18:02.0000000+00:00", "$type": "RecordData"}
[19:22:24 VRB] Adding to database: {"DeviceRefId": 948, "DeviceValue": 996, "DeviceString": "996", "TimeStamp": "2222-02-02T10:18:02.0000000+00:00", "$type": "RecordData"}
[19:22:24 VRB] Recording {"DeviceRefId": 948, "DeviceValue": 995, "DeviceString": "995", "TimeStamp": "2222-02-02T10:27:02.0000000+00:00", "$type": "RecordData"}
[19:22:24 VRB] Adding to database: {"DeviceRefId": 948, "DeviceValue": 995, "DeviceString": "995", "TimeStamp": "2222-02-02T10:27:02.0000000+00:00", "$type": "RecordData"}
[19:22:24 VRB] Recording {"DeviceRefId": 948, "DeviceValue": 994, "DeviceString": "994", "TimeStamp": "2222-02-02T10:38:02.0000000+00:00", "$type": "RecordData"}
[19:22:24 VRB] Adding to database: {"DeviceRefId": 948, "DeviceValue": 994, "DeviceString": "994", "TimeStamp": "2222-02-02T10:38:02.0000000+00:00", "$type": "RecordData"}
[19:22:24 VRB] Recording {"DeviceRefId": 948, "DeviceValue": 993, "DeviceString": "993", "TimeStamp": "2222-02-02T10:51:02.0000000+00:00", "$type": "RecordData"}
[19:22:24 VRB] Adding to database: {"DeviceRefId": 948, "DeviceValue": 993, "DeviceString": "993", "TimeStamp": "2222-02-02T10:51:02.0000000+00:00", "$type": "RecordData"}
[19:22:24 VRB] Recording {"DeviceRefId": 948, "DeviceValue": 992, "DeviceString": "992", "TimeStamp": "2222-02-02T11:06:02.0000000+00:00", "$type": "RecordData"}
[19:22:24 VRB] Adding to database: {"DeviceRefId": 948, "DeviceValue": 992, "DeviceString": "992", "TimeStamp": "2222-02-02T11:06:02.0000000+00:00", "$type": "RecordData"}
[19:22:24 VRB] Recording {"DeviceRefId": 948, "DeviceValue": 991, "DeviceString": "991", "TimeStamp": "2222-02-02T11:23:02.0000000+00:00", "$type": "RecordData"}
[19:22:24 VRB] Adding to database: {"DeviceRefId": 948, "DeviceValue": 991, "DeviceString": "991", "TimeStamp": "2222-02-02T11:23:02.0000000+00:00", "$type": "RecordData"}
[19:22:24 VRB] Recording {"DeviceRefId": 948, "DeviceValue": 990, "DeviceString": "990", "TimeStamp": "2222-02-02T11:42:02.0000000+00:00", "$type": "RecordData"}
[19:22:24 VRB] Adding to database: {"DeviceRefId": 948, "DeviceValue": 990, "DeviceString": "990", "TimeStamp": "2222-02-02T11:42:02.0000000+00:00", "$type": "RecordData"}
[19:22:24 VRB] Recording {"DeviceRefId": 948, "DeviceValue": 989, "DeviceString": "989", "TimeStamp": "2222-02-02T12:03:02.0000000+00:00", "$type": "RecordData"}
[19:22:24 VRB] Adding to database: {"DeviceRefId": 948, "DeviceValue": 989, "DeviceString": "989", "TimeStamp": "2222-02-02T12:03:02.0000000+00:00", "$type": "RecordData"}
[19:22:24 VRB] Recording {"DeviceRefId": 948, "DeviceValue": 988, "DeviceString": "988", "TimeStamp": "2222-02-02T12:26:02.0000000+00:00", "$type": "RecordData"}
[19:22:24 VRB] Adding to database: {"DeviceRefId": 948, "DeviceValue": 988, "DeviceString": "988", "TimeStamp": "2222-02-02T12:26:02.0000000+00:00", "$type": "RecordData"}
[19:22:24 VRB] Recording {"DeviceRefId": 948, "DeviceValue": 987, "DeviceString": "987", "TimeStamp": "2222-02-02T12:51:02.0000000+00:00", "$type": "RecordData"}
[19:22:24 VRB] Adding to database: {"DeviceRefId": 948, "DeviceValue": 987, "DeviceString": "987", "TimeStamp": "2222-02-02T12:51:02.0000000+00:00", "$type": "RecordData"}
[19:22:24 VRB] Recording {"DeviceRefId": 948, "DeviceValue": 986, "DeviceString": "986", "TimeStamp": "2222-02-02T13:18:02.0000000+00:00", "$type": "RecordData"}
[19:22:24 VRB] Adding to database: {"DeviceRefId": 948, "DeviceValue": 986, "DeviceString": "986", "TimeStamp": "2222-02-02T13:18:02.0000000+00:00", "$type": "RecordData"}
[19:22:24 VRB] Recording {"DeviceRefId": 948, "DeviceValue": 985, "DeviceString": "985", "TimeStamp": "2222-02-02T13:47:02.0000000+00:00", "$type": "RecordData"}
[19:22:24 VRB] Adding to database: {"DeviceRefId": 948, "DeviceValue": 985, "DeviceString": "985", "TimeStamp": "2222-02-02T13:47:02.0000000+00:00", "$type": "RecordData"}
[19:22:24 VRB] Recording {"DeviceRefId": 948, "DeviceValue": 984, "DeviceString": "984", "TimeStamp": "2222-02-02T14:18:02.0000000+00:00", "$type": "RecordData"}
[19:22:24 VRB] Adding to database: {"DeviceRefId": 948, "DeviceValue": 984, "DeviceString": "984", "TimeStamp": "2222-02-02T14:18:02.0000000+00:00", "$type": "RecordData"}
[19:22:24 VRB] Recording {"DeviceRefId": 948, "DeviceValue": 983, "DeviceString": "983", "TimeStamp": "2222-02-02T14:51:02.0000000+00:00", "$type": "RecordData"}
[19:22:24 VRB] Adding to database: {"DeviceRefId": 948, "DeviceValue": 983, "DeviceString": "983", "TimeStamp": "2222-02-02T14:51:02.0000000+00:00", "$type": "RecordData"}
[19:22:24 VRB] Recording {"DeviceRefId": 948, "DeviceValue": 982, "DeviceString": "982", "TimeStamp": "2222-02-02T15:26:02.0000000+00:00", "$type": "RecordData"}
[19:22:24 VRB] Adding to database: {"DeviceRefId": 948, "DeviceValue": 982, "DeviceString": "982", "TimeStamp": "2222-02-02T15:26:02.0000000+00:00", "$type": "RecordData"}
[19:22:24 VRB] Recording {"DeviceRefId": 948, "DeviceValue": 981, "DeviceString": "981", "TimeStamp": "2222-02-02T16:03:02.0000000+00:00", "$type": "RecordData"}
[19:22:24 VRB] Adding to database: {"DeviceRefId": 948, "DeviceValue": 981, "DeviceString": "981", "TimeStamp": "2222-02-02T16:03:02.0000000+00:00", "$type": "RecordData"}
[19:22:24 VRB] Recording {"DeviceRefId": 948, "DeviceValue": 980, "DeviceString": "980", "TimeStamp": "2222-02-02T16:42:02.0000000+00:00", "$type": "RecordData"}
[19:22:24 VRB] Adding to database: {"DeviceRefId": 948, "DeviceValue": 980, "DeviceString": "980", "TimeStamp": "2222-02-02T16:42:02.0000000+00:00", "$type": "RecordData"}
[19:22:24 VRB] Recording {"DeviceRefId": 948, "DeviceValue": 979, "DeviceString": "979", "TimeStamp": "2222-02-02T17:23:02.0000000+00:00", "$type": "RecordData"}
[19:22:24 VRB] Adding to database: {"DeviceRefId": 948, "DeviceValue": 979, "DeviceString": "979", "TimeStamp": "2222-02-02T17:23:02.0000000+00:00", "$type": "RecordData"}
[19:22:24 VRB] Recording {"DeviceRefId": 948, "DeviceValue": 978, "DeviceString": "978", "TimeStamp": "2222-02-02T18:06:02.0000000+00:00", "$type": "RecordData"}
[19:22:24 VRB] Adding to database: {"DeviceRefId": 948, "DeviceValue": 978, "DeviceString": "978", "TimeStamp": "2222-02-02T18:06:02.0000000+00:00", "$type": "RecordData"}
[19:22:24 VRB] Recording {"DeviceRefId": 948, "DeviceValue": 977, "DeviceString": "977", "TimeStamp": "2222-02-02T18:51:02.0000000+00:00", "$type": "RecordData"}
[19:22:24 VRB] Adding to database: {"DeviceRefId": 948, "DeviceValue": 977, "DeviceString": "977", "TimeStamp": "2222-02-02T18:51:02.0000000+00:00", "$type": "RecordData"}
[19:22:24 VRB] Recording {"DeviceRefId": 948, "DeviceValue": 976, "DeviceString": "976", "TimeStamp": "2222-02-02T19:38:02.0000000+00:00", "$type": "RecordData"}
[19:22:24 VRB] Adding to database: {"DeviceRefId": 948, "DeviceValue": 976, "DeviceString": "976", "TimeStamp": "2222-02-02T19:38:02.0000000+00:00", "$type": "RecordData"}
[19:22:24 VRB] Recording {"DeviceRefId": 948, "DeviceValue": 975, "DeviceString": "975", "TimeStamp": "2222-02-02T20:27:02.0000000+00:00", "$type": "RecordData"}
[19:22:24 VRB] Adding to database: {"DeviceRefId": 948, "DeviceValue": 975, "DeviceString": "975", "TimeStamp": "2222-02-02T20:27:02.0000000+00:00", "$type": "RecordData"}
[19:22:24 VRB] Recording {"DeviceRefId": 948, "DeviceValue": 974, "DeviceString": "974", "TimeStamp": "2222-02-02T21:18:02.0000000+00:00", "$type": "RecordData"}
[19:22:24 VRB] Adding to database: {"DeviceRefId": 948, "DeviceValue": 974, "DeviceString": "974", "TimeStamp": "2222-02-02T21:18:02.0000000+00:00", "$type": "RecordData"}
[19:22:24 VRB] Recording {"DeviceRefId": 948, "DeviceValue": 973, "DeviceString": "973", "TimeStamp": "2222-02-02T22:11:02.0000000+00:00", "$type": "RecordData"}
[19:22:24 VRB] Adding to database: {"DeviceRefId": 948, "DeviceValue": 973, "DeviceString": "973", "TimeStamp": "2222-02-02T22:11:02.0000000+00:00", "$type": "RecordData"}
[19:22:24 VRB] Recording {"DeviceRefId": 948, "DeviceValue": 972, "DeviceString": "972", "TimeStamp": "2222-02-02T23:06:02.0000000+00:00", "$type": "RecordData"}
[19:22:24 VRB] Adding to database: {"DeviceRefId": 948, "DeviceValue": 972, "DeviceString": "972", "TimeStamp": "2222-02-02T23:06:02.0000000+00:00", "$type": "RecordData"}
[19:22:24 VRB] Recording {"DeviceRefId": 948, "DeviceValue": 971, "DeviceString": "971", "TimeStamp": "2222-02-03T00:03:02.0000000+00:00", "$type": "RecordData"}
[19:22:24 VRB] Adding to database: {"DeviceRefId": 948, "DeviceValue": 971, "DeviceString": "971", "TimeStamp": "2222-02-03T00:03:02.0000000+00:00", "$type": "RecordData"}
[19:22:24 VRB] Recording {"DeviceRefId": 948, "DeviceValue": 970, "DeviceString": "970", "TimeStamp": "2222-02-03T01:02:02.0000000+00:00", "$type": "RecordData"}
[19:22:24 VRB] Adding to database: {"DeviceRefId": 948, "DeviceValue": 970, "DeviceString": "970", "TimeStamp": "2222-02-03T01:02:02.0000000+00:00", "$type": "RecordData"}
[19:22:24 VRB] Recording {"DeviceRefId": 948, "DeviceValue": 969, "DeviceString": "969", "TimeStamp": "2222-02-03T02:03:02.0000000+00:00", "$type": "RecordData"}
[19:22:24 VRB] Adding to database: {"DeviceRefId": 948, "DeviceValue": 969, "DeviceString": "969", "TimeStamp": "2222-02-03T02:03:02.0000000+00:00", "$type": "RecordData"}
[19:22:24 VRB] Recording {"DeviceRefId": 948, "DeviceValue": 968, "DeviceString": "968", "TimeStamp": "2222-02-03T03:06:02.0000000+00:00", "$type": "RecordData"}
[19:22:24 VRB] Adding to database: {"DeviceRefId": 948, "DeviceValue": 968, "DeviceString": "968", "TimeStamp": "2222-02-03T03:06:02.0000000+00:00", "$type": "RecordData"}
[19:22:24 VRB] Recording {"DeviceRefId": 948, "DeviceValue": 967, "DeviceString": "967", "TimeStamp": "2222-02-03T04:11:02.0000000+00:00", "$type": "RecordData"}
[19:22:24 VRB] Adding to database: {"DeviceRefId": 948, "DeviceValue": 967, "DeviceString": "967", "TimeStamp": "2222-02-03T04:11:02.0000000+00:00", "$type": "RecordData"}
[19:22:24 VRB] Recording {"DeviceRefId": 948, "DeviceValue": 966, "DeviceString": "966", "TimeStamp": "2222-02-03T05:18:02.0000000+00:00", "$type": "RecordData"}
[19:22:24 VRB] Adding to database: {"DeviceRefId": 948, "DeviceValue": 966, "DeviceString": "966", "TimeStamp": "2222-02-03T05:18:02.0000000+00:00", "$type": "RecordData"}
[19:22:24 VRB] Recording {"DeviceRefId": 948, "DeviceValue": 965, "DeviceString": "965", "TimeStamp": "2222-02-03T06:27:02.0000000+00:00", "$type": "RecordData"}
[19:22:24 VRB] Adding to database: {"DeviceRefId": 948, "DeviceValue": 965, "DeviceString": "965", "TimeStamp": "2222-02-03T06:27:02.0000000+00:00", "$type": "RecordData"}
[19:22:24 VRB] Recording {"DeviceRefId": 948, "DeviceValue": 964, "DeviceString": "964", "TimeStamp": "2222-02-03T07:38:02.0000000+00:00", "$type": "RecordData"}
[19:22:24 VRB] Adding to database: {"DeviceRefId": 948, "DeviceValue": 964, "DeviceString": "964", "TimeStamp": "2222-02-03T07:38:02.0000000+00:00", "$type": "RecordData"}
[19:22:24 VRB] Recording {"DeviceRefId": 948, "DeviceValue": 963, "DeviceString": "963", "TimeStamp": "2222-02-03T08:51:02.0000000+00:00", "$type": "RecordData"}
[19:22:24 VRB] Adding to database: {"DeviceRefId": 948, "DeviceValue": 963, "DeviceString": "963", "TimeStamp": "2222-02-03T08:51:02.0000000+00:00", "$type": "RecordData"}
[19:22:24 VRB] Recording {"DeviceRefId": 948, "DeviceValue": 962, "DeviceString": "962", "TimeStamp": "2222-02-03T10:06:02.0000000+00:00", "$type": "RecordData"}
[19:22:24 VRB] Adding to database: {"DeviceRefId": 948, "DeviceValue": 962, "DeviceString": "962", "TimeStamp": "2222-02-03T10:06:02.0000000+00:00", "$type": "RecordData"}
[19:22:24 VRB] Recording {"DeviceRefId": 948, "DeviceValue": 961, "DeviceString": "961", "TimeStamp": "2222-02-03T11:23:02.0000000+00:00", "$type": "RecordData"}
[19:22:24 VRB] Adding to database: {"DeviceRefId": 948, "DeviceValue": 961, "DeviceString": "961", "TimeStamp": "2222-02-03T11:23:02.0000000+00:00", "$type": "RecordData"}
[19:22:24 VRB] Recording {"DeviceRefId": 948, "DeviceValue": 960, "DeviceString": "960", "TimeStamp": "2222-02-03T12:42:02.0000000+00:00", "$type": "RecordData"}
[19:22:24 VRB] Adding to database: {"DeviceRefId": 948, "DeviceValue": 960, "DeviceString": "960", "TimeStamp": "2222-02-03T12:42:02.0000000+00:00", "$type": "RecordData"}
[19:22:24 VRB] Recording {"DeviceRefId": 948, "DeviceValue": 959, "DeviceString": "959", "TimeStamp": "2222-02-03T14:03:02.0000000+00:00", "$type": "RecordData"}
[19:22:24 VRB] Adding to database: {"DeviceRefId": 948, "DeviceValue": 959, "DeviceString": "959", "TimeStamp": "2222-02-03T14:03:02.0000000+00:00", "$type": "RecordData"}
[19:22:24 VRB] Recording {"DeviceRefId": 948, "DeviceValue": 958, "DeviceString": "958", "TimeStamp": "2222-02-03T15:26:02.0000000+00:00", "$type": "RecordData"}
[19:22:24 VRB] Adding to database: {"DeviceRefId": 948, "DeviceValue": 958, "DeviceString": "958", "TimeStamp": "2222-02-03T15:26:02.0000000+00:00", "$type": "RecordData"}
[19:22:24 VRB] Recording {"DeviceRefId": 948, "DeviceValue": 957, "DeviceString": "957", "TimeStamp": "2222-02-03T16:51:02.0000000+00:00", "$type": "RecordData"}
[19:22:24 VRB] Adding to database: {"DeviceRefId": 948, "DeviceValue": 957, "DeviceString": "957", "TimeStamp": "2222-02-03T16:51:02.0000000+00:00", "$type": "RecordData"}
[19:22:24 VRB] Recording {"DeviceRefId": 948, "DeviceValue": 956, "DeviceString": "956", "TimeStamp": "2222-02-03T18:18:02.0000000+00:00", "$type": "RecordData"}
[19:22:24 VRB] Adding to database: {"DeviceRefId": 948, "DeviceValue": 956, "DeviceString": "956", "TimeStamp": "2222-02-03T18:18:02.0000000+00:00", "$type": "RecordData"}
[19:22:24 VRB] Recording {"DeviceRefId": 948, "DeviceValue": 955, "DeviceString": "955", "TimeStamp": "2222-02-03T19:47:02.0000000+00:00", "$type": "RecordData"}
[19:22:24 VRB] Adding to database: {"DeviceRefId": 948, "DeviceValue": 955, "DeviceString": "955", "TimeStamp": "2222-02-03T19:47:02.0000000+00:00", "$type": "RecordData"}
[19:22:24 VRB] Recording {"DeviceRefId": 948, "DeviceValue": 954, "DeviceString": "954", "TimeStamp": "2222-02-03T21:18:02.0000000+00:00", "$type": "RecordData"}
[19:22:24 VRB] Adding to database: {"DeviceRefId": 948, "DeviceValue": 954, "DeviceString": "954", "TimeStamp": "2222-02-03T21:18:02.0000000+00:00", "$type": "RecordData"}
[19:22:24 VRB] Recording {"DeviceRefId": 948, "DeviceValue": 953, "DeviceString": "953", "TimeStamp": "2222-02-03T22:51:02.0000000+00:00", "$type": "RecordData"}
[19:22:24 VRB] Adding to database: {"DeviceRefId": 948, "DeviceValue": 953, "DeviceString": "953", "TimeStamp": "2222-02-03T22:51:02.0000000+00:00", "$type": "RecordData"}
[19:22:24 VRB] Recording {"DeviceRefId": 948, "DeviceValue": 952, "DeviceString": "952", "TimeStamp": "2222-02-04T00:26:02.0000000+00:00", "$type": "RecordData"}
[19:22:24 VRB] Adding to database: {"DeviceRefId": 948, "DeviceValue": 952, "DeviceString": "952", "TimeStamp": "2222-02-04T00:26:02.0000000+00:00", "$type": "RecordData"}
[19:22:24 VRB] Recording {"DeviceRefId": 948, "DeviceValue": 951, "DeviceString": "951", "TimeStamp": "2222-02-04T02:03:02.0000000+00:00", "$type": "RecordData"}
[19:22:24 VRB] Adding to database: {"DeviceRefId": 948, "DeviceValue": 951, "DeviceString": "951", "TimeStamp": "2222-02-04T02:03:02.0000000+00:00", "$type": "RecordData"}
[19:22:24 VRB] Recording {"DeviceRefId": 948, "DeviceValue": 950, "DeviceString": "950", "TimeStamp": "2222-02-04T03:42:02.0000000+00:00", "$type": "RecordData"}
[19:22:24 VRB] Adding to database: {"DeviceRefId": 948, "DeviceValue": 950, "DeviceString": "950", "TimeStamp": "2222-02-04T03:42:02.0000000+00:00", "$type": "RecordData"}
[19:22:24 VRB] Recording {"DeviceRefId": 948, "DeviceValue": 949, "DeviceString": "949", "TimeStamp": "2222-02-04T05:23:02.0000000+00:00", "$type": "RecordData"}
[19:22:24 VRB] Adding to database: {"DeviceRefId": 948, "DeviceValue": 949, "DeviceString": "949", "TimeStamp": "2222-02-04T05:23:02.0000000+00:00", "$type": "RecordData"}
[19:22:24 VRB] Recording {"DeviceRefId": 948, "DeviceValue": 948, "DeviceString": "948", "TimeStamp": "2222-02-04T07:06:02.0000000+00:00", "$type": "RecordData"}
[19:22:24 VRB] Adding to database: {"DeviceRefId": 948, "DeviceValue": 948, "DeviceString": "948", "TimeStamp": "2222-02-04T07:06:02.0000000+00:00", "$type": "RecordData"}
[19:22:24 VRB] Recording {"DeviceRefId": 948, "DeviceValue": 947, "DeviceString": "947", "TimeStamp": "2222-02-04T08:51:02.0000000+00:00", "$type": "RecordData"}
[19:22:24 VRB] Adding to database: {"DeviceRefId": 948, "DeviceValue": 947, "DeviceString": "947", "TimeStamp": "2222-02-04T08:51:02.0000000+00:00", "$type": "RecordData"}
[19:22:24 VRB] Recording {"DeviceRefId": 948, "DeviceValue": 946, "DeviceString": "946", "TimeStamp": "2222-02-04T10:38:02.0000000+00:00", "$type": "RecordData"}
[19:22:24 VRB] Adding to database: {"DeviceRefId": 948, "DeviceValue": 946, "DeviceString": "946", "TimeStamp": "2222-02-04T10:38:02.0000000+00:00", "$type": "RecordData"}
[19:22:24 VRB] Recording {"DeviceRefId": 948, "DeviceValue": 945, "DeviceString": "945", "TimeStamp": "2222-02-04T12:27:02.0000000+00:00", "$type": "RecordData"}
[19:22:24 VRB] Adding to database: {"DeviceRefId": 948, "DeviceValue": 945, "DeviceString": "945", "TimeStamp": "2222-02-04T12:27:02.0000000+00:00", "$type": "RecordData"}
[19:22:24 VRB] Recording {"DeviceRefId": 948, "DeviceValue": 944, "DeviceString": "944", "TimeStamp": "2222-02-04T14:18:02.0000000+00:00", "$type": "RecordData"}
[19:22:25 VRB] Adding to database: {"DeviceRefId": 948, "DeviceValue": 944, "DeviceString": "944", "TimeStamp": "2222-02-04T14:18:02.0000000+00:00", "$type": "RecordData"}
[19:22:25 VRB] Recording {"DeviceRefId": 948, "DeviceValue": 943, "DeviceString": "943", "TimeStamp": "2222-02-04T16:11:02.0000000+00:00", "$type": "RecordData"}
[19:22:25 VRB] Adding to database: {"DeviceRefId": 948, "DeviceValue": 943, "DeviceString": "943", "TimeStamp": "2222-02-04T16:11:02.0000000+00:00", "$type": "RecordData"}
[19:22:25 VRB] Recording {"DeviceRefId": 948, "DeviceValue": 942, "DeviceString": "942", "TimeStamp": "2222-02-04T18:06:02.0000000+00:00", "$type": "RecordData"}
[19:22:25 VRB] Adding to database: {"DeviceRefId": 948, "DeviceValue": 942, "DeviceString": "942", "TimeStamp": "2222-02-04T18:06:02.0000000+00:00", "$type": "RecordData"}
[19:22:25 VRB] Recording {"DeviceRefId": 948, "DeviceValue": 941, "DeviceString": "941", "TimeStamp": "2222-02-04T20:03:02.0000000+00:00", "$type": "RecordData"}
[19:22:25 VRB] Adding to database: {"DeviceRefId": 948, "DeviceValue": 941, "DeviceString": "941", "TimeStamp": "2222-02-04T20:03:02.0000000+00:00", "$type": "RecordData"}
[19:22:25 VRB] Recording {"DeviceRefId": 948, "DeviceValue": 940, "DeviceString": "940", "TimeStamp": "2222-02-04T22:02:02.0000000+00:00", "$type": "RecordData"}
[19:22:25 VRB] Adding to database: {"DeviceRefId": 948, "DeviceValue": 940, "DeviceString": "940", "TimeStamp": "2222-02-04T22:02:02.0000000+00:00", "$type": "RecordData"}
[19:22:25 VRB] Recording {"DeviceRefId": 948, "DeviceValue": 939, "DeviceString": "939", "TimeStamp": "2222-02-05T00:03:02.0000000+00:00", "$type": "RecordData"}
[19:22:25 VRB] Adding to database: {"DeviceRefId": 948, "DeviceValue": 939, "DeviceString": "939", "TimeStamp": "2222-02-05T00:03:02.0000000+00:00", "$type": "RecordData"}
[19:22:25 VRB] Recording {"DeviceRefId": 948, "DeviceValue": 938, "DeviceString": "938", "TimeStamp": "2222-02-05T02:06:02.0000000+00:00", "$type": "RecordData"}
[19:22:25 VRB] Adding to database: {"DeviceRefId": 948, "DeviceValue": 938, "DeviceString": "938", "TimeStamp": "2222-02-05T02:06:02.0000000+00:00", "$type": "RecordData"}
[19:22:25 VRB] Recording {"DeviceRefId": 948, "DeviceValue": 937, "DeviceString": "937", "TimeStamp": "2222-02-05T04:11:02.0000000+00:00", "$type": "RecordData"}
[19:22:25 VRB] Adding to database: {"DeviceRefId": 948, "DeviceValue": 937, "DeviceString": "937", "TimeStamp": "2222-02-05T04:11:02.0000000+00:00", "$type": "RecordData"}
[19:22:25 VRB] Recording {"DeviceRefId": 948, "DeviceValue": 936, "DeviceString": "936", "TimeStamp": "2222-02-05T06:18:02.0000000+00:00", "$type": "RecordData"}
[19:22:25 VRB] Adding to database: {"DeviceRefId": 948, "DeviceValue": 936, "DeviceString": "936", "TimeStamp": "2222-02-05T06:18:02.0000000+00:00", "$type": "RecordData"}
[19:22:25 VRB] Recording {"DeviceRefId": 948, "DeviceValue": 935, "DeviceString": "935", "TimeStamp": "2222-02-05T08:27:02.0000000+00:00", "$type": "RecordData"}
[19:22:25 VRB] Adding to database: {"DeviceRefId": 948, "DeviceValue": 935, "DeviceString": "935", "TimeStamp": "2222-02-05T08:27:02.0000000+00:00", "$type": "RecordData"}
[19:22:25 VRB] Recording {"DeviceRefId": 948, "DeviceValue": 934, "DeviceString": "934", "TimeStamp": "2222-02-05T10:38:02.0000000+00:00", "$type": "RecordData"}
[19:22:25 VRB] Adding to database: {"DeviceRefId": 948, "DeviceValue": 934, "DeviceString": "934", "TimeStamp": "2222-02-05T10:38:02.0000000+00:00", "$type": "RecordData"}
[19:22:25 VRB] Recording {"DeviceRefId": 948, "DeviceValue": 933, "DeviceString": "933", "TimeStamp": "2222-02-05T12:51:02.0000000+00:00", "$type": "RecordData"}
[19:22:25 VRB] Adding to database: {"DeviceRefId": 948, "DeviceValue": 933, "DeviceString": "933", "TimeStamp": "2222-02-05T12:51:02.0000000+00:00", "$type": "RecordData"}
[19:22:25 VRB] Recording {"DeviceRefId": 948, "DeviceValue": 932, "DeviceString": "932", "TimeStamp": "2222-02-05T15:06:02.0000000+00:00", "$type": "RecordData"}
[19:22:25 VRB] Adding to database: {"DeviceRefId": 948, "DeviceValue": 932, "DeviceString": "932", "TimeStamp": "2222-02-05T15:06:02.0000000+00:00", "$type": "RecordData"}
[19:22:25 VRB] Recording {"DeviceRefId": 948, "DeviceValue": 931, "DeviceString": "931", "TimeStamp": "2222-02-05T17:23:02.0000000+00:00", "$type": "RecordData"}
[19:22:25 VRB] Adding to database: {"DeviceRefId": 948, "DeviceValue": 931, "DeviceString": "931", "TimeStamp": "2222-02-05T17:23:02.0000000+00:00", "$type": "RecordData"}
[19:22:25 VRB] Recording {"DeviceRefId": 948, "DeviceValue": 930, "DeviceString": "930", "TimeStamp": "2222-02-05T19:42:02.0000000+00:00", "$type": "RecordData"}
[19:22:25 VRB] Adding to database: {"DeviceRefId": 948, "DeviceValue": 930, "DeviceString": "930", "TimeStamp": "2222-02-05T19:42:02.0000000+00:00", "$type": "RecordData"}
[19:22:25 VRB] Recording {"DeviceRefId": 948, "DeviceValue": 929, "DeviceString": "929", "TimeStamp": "2222-02-05T22:03:02.0000000+00:00", "$type": "RecordData"}
[19:22:25 VRB] Adding to database: {"DeviceRefId": 948, "DeviceValue": 929, "DeviceString": "929", "TimeStamp": "2222-02-05T22:03:02.0000000+00:00", "$type": "RecordData"}
[19:22:25 VRB] Recording {"DeviceRefId": 948, "DeviceValue": 928, "DeviceString": "928", "TimeStamp": "2222-02-06T00:26:02.0000000+00:00", "$type": "RecordData"}
[19:22:25 VRB] Adding to database: {"DeviceRefId": 948, "DeviceValue": 928, "DeviceString": "928", "TimeStamp": "2222-02-06T00:26:02.0000000+00:00", "$type": "RecordData"}
[19:22:25 VRB] Recording {"DeviceRefId": 948, "DeviceValue": 927, "DeviceString": "927", "TimeStamp": "2222-02-06T02:51:02.0000000+00:00", "$type": "RecordData"}
[19:22:25 VRB] Adding to database: {"DeviceRefId": 948, "DeviceValue": 927, "DeviceString": "927", "TimeStamp": "2222-02-06T02:51:02.0000000+00:00", "$type": "RecordData"}
[19:22:25 VRB] Recording {"DeviceRefId": 948, "DeviceValue": 926, "DeviceString": "926", "TimeStamp": "2222-02-06T05:18:02.0000000+00:00", "$type": "RecordData"}
[19:22:25 VRB] Adding to database: {"DeviceRefId": 948, "DeviceValue": 926, "DeviceString": "926", "TimeStamp": "2222-02-06T05:18:02.0000000+00:00", "$type": "RecordData"}
[19:22:25 VRB] Recording {"DeviceRefId": 948, "DeviceValue": 925, "DeviceString": "925", "TimeStamp": "2222-02-06T07:47:02.0000000+00:00", "$type": "RecordData"}
[19:22:25 VRB] Adding to database: {"DeviceRefId": 948, "DeviceValue": 925, "DeviceString": "925", "TimeStamp": "2222-02-06T07:47:02.0000000+00:00", "$type": "RecordData"}
[19:22:25 VRB] Recording {"DeviceRefId": 948, "DeviceValue": 924, "DeviceString": "924", "TimeStamp": "2222-02-06T10:18:02.0000000+00:00", "$type": "RecordData"}
[19:22:25 VRB] Adding to database: {"DeviceRefId": 948, "DeviceValue": 924, "DeviceString": "924", "TimeStamp": "2222-02-06T10:18:02.0000000+00:00", "$type": "RecordData"}
[19:22:25 VRB] Recording {"DeviceRefId": 948, "DeviceValue": 923, "DeviceString": "923", "TimeStamp": "2222-02-06T12:51:02.0000000+00:00", "$type": "RecordData"}
[19:22:25 VRB] Adding to database: {"DeviceRefId": 948, "DeviceValue": 923, "DeviceString": "923", "TimeStamp": "2222-02-06T12:51:02.0000000+00:00", "$type": "RecordData"}
[19:22:25 VRB] Recording {"DeviceRefId": 948, "DeviceValue": 922, "DeviceString": "922", "TimeStamp": "2222-02-06T15:26:02.0000000+00:00", "$type": "RecordData"}
[19:22:25 VRB] Adding to database: {"DeviceRefId": 948, "DeviceValue": 922, "DeviceString": "922", "TimeStamp": "2222-02-06T15:26:02.0000000+00:00", "$type": "RecordData"}
[19:22:25 VRB] Recording {"DeviceRefId": 948, "DeviceValue": 921, "DeviceString": "921", "TimeStamp": "2222-02-06T18:03:02.0000000+00:00", "$type": "RecordData"}
[19:22:25 VRB] Adding to database: {"DeviceRefId": 948, "DeviceValue": 921, "DeviceString": "921", "TimeStamp": "2222-02-06T18:03:02.0000000+00:00", "$type": "RecordData"}
[19:22:25 VRB] Recording {"DeviceRefId": 948, "DeviceValue": 920, "DeviceString": "920", "TimeStamp": "2222-02-06T20:42:02.0000000+00:00", "$type": "RecordData"}
[19:22:25 VRB] Adding to database: {"DeviceRefId": 948, "DeviceValue": 920, "DeviceString": "920", "TimeStamp": "2222-02-06T20:42:02.0000000+00:00", "$type": "RecordData"}
[19:22:25 VRB] Recording {"DeviceRefId": 948, "DeviceValue": 919, "DeviceString": "919", "TimeStamp": "2222-02-06T23:23:02.0000000+00:00", "$type": "RecordData"}
[19:22:25 VRB] Adding to database: {"DeviceRefId": 948, "DeviceValue": 919, "DeviceString": "919", "TimeStamp": "2222-02-06T23:23:02.0000000+00:00", "$type": "RecordData"}
[19:22:25 VRB] Recording {"DeviceRefId": 948, "DeviceValue": 918, "DeviceString": "918", "TimeStamp": "2222-02-07T02:06:02.0000000+00:00", "$type": "RecordData"}
[19:22:25 VRB] Adding to database: {"DeviceRefId": 948, "DeviceValue": 918, "DeviceString": "918", "TimeStamp": "2222-02-07T02:06:02.0000000+00:00", "$type": "RecordData"}
[19:22:25 VRB] Recording {"DeviceRefId": 948, "DeviceValue": 917, "DeviceString": "917", "TimeStamp": "2222-02-07T04:51:02.0000000+00:00", "$type": "RecordData"}
[19:22:25 VRB] Adding to database: {"DeviceRefId": 948, "DeviceValue": 917, "DeviceString": "917", "TimeStamp": "2222-02-07T04:51:02.0000000+00:00", "$type": "RecordData"}
[19:22:25 VRB] Recording {"DeviceRefId": 948, "DeviceValue": 916, "DeviceString": "916", "TimeStamp": "2222-02-07T07:38:02.0000000+00:00", "$type": "RecordData"}
[19:22:25 VRB] Adding to database: {"DeviceRefId": 948, "DeviceValue": 916, "DeviceString": "916", "TimeStamp": "2222-02-07T07:38:02.0000000+00:00", "$type": "RecordData"}
[19:22:25 VRB] Recording {"DeviceRefId": 948, "DeviceValue": 915, "DeviceString": "915", "TimeStamp": "2222-02-07T10:27:02.0000000+00:00", "$type": "RecordData"}
[19:22:25 VRB] Adding to database: {"DeviceRefId": 948, "DeviceValue": 915, "DeviceString": "915", "TimeStamp": "2222-02-07T10:27:02.0000000+00:00", "$type": "RecordData"}
[19:22:25 VRB] Recording {"DeviceRefId": 948, "DeviceValue": 914, "DeviceString": "914", "TimeStamp": "2222-02-07T13:18:02.0000000+00:00", "$type": "RecordData"}
[19:22:25 VRB] Adding to database: {"DeviceRefId": 948, "DeviceValue": 914, "DeviceString": "914", "TimeStamp": "2222-02-07T13:18:02.0000000+00:00", "$type": "RecordData"}
[19:22:25 VRB] Recording {"DeviceRefId": 948, "DeviceValue": 913, "DeviceString": "913", "TimeStamp": "2222-02-07T16:11:02.0000000+00:00", "$type": "RecordData"}
[19:22:25 VRB] Adding to database: {"DeviceRefId": 948, "DeviceValue": 913, "DeviceString": "913", "TimeStamp": "2222-02-07T16:11:02.0000000+00:00", "$type": "RecordData"}
[19:22:25 VRB] Recording {"DeviceRefId": 948, "DeviceValue": 912, "DeviceString": "912", "TimeStamp": "2222-02-07T19:06:02.0000000+00:00", "$type": "RecordData"}
[19:22:25 VRB] Adding to database: {"DeviceRefId": 948, "DeviceValue": 912, "DeviceString": "912", "TimeStamp": "2222-02-07T19:06:02.0000000+00:00", "$type": "RecordData"}
[19:22:25 VRB] Recording {"DeviceRefId": 948, "DeviceValue": 911, "DeviceString": "911", "TimeStamp": "2222-02-07T22:03:02.0000000+00:00", "$type": "RecordData"}
[19:22:25 VRB] Adding to database: {"DeviceRefId": 948, "DeviceValue": 911, "DeviceString": "911", "TimeStamp": "2222-02-07T22:03:02.0000000+00:00", "$type": "RecordData"}
[19:22:25 VRB] Recording {"DeviceRefId": 948, "DeviceValue": 910, "DeviceString": "910", "TimeStamp": "2222-02-08T01:02:02.0000000+00:00", "$type": "RecordData"}
[19:22:25 VRB] Adding to database: {"DeviceRefId": 948, "DeviceValue": 910, "DeviceString": "910", "TimeStamp": "2222-02-08T01:02:02.0000000+00:00", "$type": "RecordData"}
[19:22:25 VRB] Recording {"DeviceRefId": 948, "DeviceValue": 909, "DeviceString": "909", "TimeStamp": "2222-02-08T04:03:02.0000000+00:00", "$type": "RecordData"}
[19:22:25 VRB] Adding to database: {"DeviceRefId": 948, "DeviceValue": 909, "DeviceString": "909", "TimeStamp": "2222-02-08T04:03:02.0000000+00:00", "$type": "RecordData"}
[19:22:25 VRB] Recording {"DeviceRefId": 948, "DeviceValue": 908, "DeviceString": "908", "TimeStamp": "2222-02-08T07:06:02.0000000+00:00", "$type": "RecordData"}
[19:22:25 VRB] Adding to database: {"DeviceRefId": 948, "DeviceValue": 908, "DeviceString": "908", "TimeStamp": "2222-02-08T07:06:02.0000000+00:00", "$type": "RecordData"}
[19:22:25 VRB] Recording {"DeviceRefId": 948, "DeviceValue": 907, "DeviceString": "907", "TimeStamp": "2222-02-08T10:11:02.0000000+00:00", "$type": "RecordData"}
[19:22:25 VRB] Adding to database: {"DeviceRefId": 948, "DeviceValue": 907, "DeviceString": "907", "TimeStamp": "2222-02-08T10:11:02.0000000+00:00", "$type": "RecordData"}
[19:22:25 VRB] Recording {"DeviceRefId": 948, "DeviceValue": 906, "DeviceString": "906", "TimeStamp": "2222-02-08T13:18:02.0000000+00:00", "$type": "RecordData"}
[19:22:25 VRB] Adding to database: {"DeviceRefId": 948, "DeviceValue": 906, "DeviceString": "906", "TimeStamp": "2222-02-08T13:18:02.0000000+00:00", "$type": "RecordData"}
[19:22:25 VRB] Recording {"DeviceRefId": 948, "DeviceValue": 905, "DeviceString": "905", "TimeStamp": "2222-02-08T16:27:02.0000000+00:00", "$type": "RecordData"}
[19:22:25 VRB] Adding to database: {"DeviceRefId": 948, "DeviceValue": 905, "DeviceString": "905", "TimeStamp": "2222-02-08T16:27:02.0000000+00:00", "$type": "RecordData"}
[19:22:25 VRB] Recording {"DeviceRefId": 948, "DeviceValue": 904, "DeviceString": "904", "TimeStamp": "2222-02-08T19:38:02.0000000+00:00", "$type": "RecordData"}
[19:22:25 VRB] Adding to database: {"DeviceRefId": 948, "DeviceValue": 904, "DeviceString": "904", "TimeStamp": "2222-02-08T19:38:02.0000000+00:00", "$type": "RecordData"}
[19:22:25 VRB] Recording {"DeviceRefId": 948, "DeviceValue": 903, "DeviceString": "903", "TimeStamp": "2222-02-08T22:51:02.0000000+00:00", "$type": "RecordData"}
[19:22:25 VRB] Adding to database: {"DeviceRefId": 948, "DeviceValue": 903, "DeviceString": "903", "TimeStamp": "2222-02-08T22:51:02.0000000+00:00", "$type": "RecordData"}
[19:22:25 VRB] Recording {"DeviceRefId": 948, "DeviceValue": 902, "DeviceString": "902", "TimeStamp": "2222-02-09T02:06:02.0000000+00:00", "$type": "RecordData"}
[19:22:25 VRB] Adding to database: {"DeviceRefId": 948, "DeviceValue": 902, "DeviceString": "902", "TimeStamp": "2222-02-09T02:06:02.0000000+00:00", "$type": "RecordData"}
[19:22:25 VRB] Recording {"DeviceRefId": 948, "DeviceValue": 901, "DeviceString": "901", "TimeStamp": "2222-02-09T05:23:02.0000000+00:00", "$type": "RecordData"}
[19:22:25 VRB] Adding to database: {"DeviceRefId": 948, "DeviceValue": 901, "DeviceString": "901", "TimeStamp": "2222-02-09T05:23:02.0000000+00:00", "$type": "RecordData"}
[19:22:25 DBG] PostBackProc for historyrecords for refId=948&amp;min=7955167322000&amp;max=7955527322000&amp;start=10&amp;length=100&amp;order[0][column]=1&amp;order[0][dir]=desc
[19:22:25 DBG] HandleHistoryRecords refId=948&amp;min=7955167322000&amp;max=7955527322000&amp;start=10&amp;length=100&amp;order[0][column]=1&amp;order[0][dir]=desc
Disconnecting from HomeSeer...
[19:22:25 INF] Shutting down
[19:22:25 DBG] Finish records update thread
[19:22:25 DBG] Disposing Sqlite connection
</system-out>
    </testcase>
    <testcase name="DatatableCallbackDataCorrect(System.Func`3[HomeSeer.PluginSdk.Devices.HsFeature,System.Collections.Generic.List`1[Hspi.RecordData],System.String],System.Func`2[System.Collections.Generic.List`1[Hspi.RecordData],System.Collections.Generic.List`1[Hspi.RecordData]])" assertions="360" time="1.414923" status="Passed" classname="HSPI_HistoricalRecordsTest.DevicePageHistoryCallbacksTest">
      <system-out>[19:22:25 INF] Plugin Starting
[19:22:25 INF] e_sqlite3 version:3.44.0
[19:22:25 INF] Connecting to database: C:\Users\Deepak\AppData\Local\Temp\5nadg3in.o4p\data\HistoricalRecords\records.db
[19:22:25 DBG] Starting records update thread
[19:22:25 INF] Plugin Started
[19:22:25 VRB] Recording {"DeviceRefId": 948, "DeviceValue": 1000, "DeviceString": "1000", "TimeStamp": "2222-02-02T10:02:02.0000000+00:00", "$type": "RecordData"}
[19:22:25 VRB] Adding to database: {"DeviceRefId": 948, "DeviceValue": 1000, "DeviceString": "1000", "TimeStamp": "2222-02-02T10:02:02.0000000+00:00", "$type": "RecordData"}
[19:22:25 VRB] Recording {"DeviceRefId": 948, "DeviceValue": 999, "DeviceString": "999", "TimeStamp": "2222-02-02T10:03:02.0000000+00:00", "$type": "RecordData"}
[19:22:25 VRB] Adding to database: {"DeviceRefId": 948, "DeviceValue": 999, "DeviceString": "999", "TimeStamp": "2222-02-02T10:03:02.0000000+00:00", "$type": "RecordData"}
[19:22:25 VRB] Recording {"DeviceRefId": 948, "DeviceValue": 998, "DeviceString": "998", "TimeStamp": "2222-02-02T10:06:02.0000000+00:00", "$type": "RecordData"}
[19:22:25 VRB] Adding to database: {"DeviceRefId": 948, "DeviceValue": 998, "DeviceString": "998", "TimeStamp": "2222-02-02T10:06:02.0000000+00:00", "$type": "RecordData"}
[19:22:25 VRB] Recording {"DeviceRefId": 948, "DeviceValue": 997, "DeviceString": "997", "TimeStamp": "2222-02-02T10:11:02.0000000+00:00", "$type": "RecordData"}
[19:22:25 VRB] Adding to database: {"DeviceRefId": 948, "DeviceValue": 997, "DeviceString": "997", "TimeStamp": "2222-02-02T10:11:02.0000000+00:00", "$type": "RecordData"}
[19:22:25 VRB] Recording {"DeviceRefId": 948, "DeviceValue": 996, "DeviceString": "996", "TimeStamp": "2222-02-02T10:18:02.0000000+00:00", "$type": "RecordData"}
[19:22:25 VRB] Adding to database: {"DeviceRefId": 948, "DeviceValue": 996, "DeviceString": "996", "TimeStamp": "2222-02-02T10:18:02.0000000+00:00", "$type": "RecordData"}
[19:22:25 VRB] Recording {"DeviceRefId": 948, "DeviceValue": 995, "DeviceString": "995", "TimeStamp": "2222-02-02T10:27:02.0000000+00:00", "$type": "RecordData"}
[19:22:25 VRB] Adding to database: {"DeviceRefId": 948, "DeviceValue": 995, "DeviceString": "995", "TimeStamp": "2222-02-02T10:27:02.0000000+00:00", "$type": "RecordData"}
[19:22:25 VRB] Recording {"DeviceRefId": 948, "DeviceValue": 994, "DeviceString": "994", "TimeStamp": "2222-02-02T10:38:02.0000000+00:00", "$type": "RecordData"}
[19:22:25 VRB] Adding to database: {"DeviceRefId": 948, "DeviceValue": 994, "DeviceString": "994", "TimeStamp": "2222-02-02T10:38:02.0000000+00:00", "$type": "RecordData"}
[19:22:25 VRB] Recording {"DeviceRefId": 948, "DeviceValue": 993, "DeviceString": "993", "TimeStamp": "2222-02-02T10:51:02.0000000+00:00", "$type": "RecordData"}
[19:22:25 VRB] Adding to database: {"DeviceRefId": 948, "DeviceValue": 993, "DeviceString": "993", "TimeStamp": "2222-02-02T10:51:02.0000000+00:00", "$type": "RecordData"}
[19:22:25 VRB] Recording {"DeviceRefId": 948, "DeviceValue": 992, "DeviceString": "992", "TimeStamp": "2222-02-02T11:06:02.0000000+00:00", "$type": "RecordData"}
[19:22:25 VRB] Adding to database: {"DeviceRefId": 948, "DeviceValue": 992, "DeviceString": "992", "TimeStamp": "2222-02-02T11:06:02.0000000+00:00", "$type": "RecordData"}
[19:22:25 VRB] Recording {"DeviceRefId": 948, "DeviceValue": 991, "DeviceString": "991", "TimeStamp": "2222-02-02T11:23:02.0000000+00:00", "$type": "RecordData"}
[19:22:25 VRB] Adding to database: {"DeviceRefId": 948, "DeviceValue": 991, "DeviceString": "991", "TimeStamp": "2222-02-02T11:23:02.0000000+00:00", "$type": "RecordData"}
[19:22:25 VRB] Recording {"DeviceRefId": 948, "DeviceValue": 990, "DeviceString": "990", "TimeStamp": "2222-02-02T11:42:02.0000000+00:00", "$type": "RecordData"}
[19:22:25 VRB] Adding to database: {"DeviceRefId": 948, "DeviceValue": 990, "DeviceString": "990", "TimeStamp": "2222-02-02T11:42:02.0000000+00:00", "$type": "RecordData"}
[19:22:25 VRB] Recording {"DeviceRefId": 948, "DeviceValue": 989, "DeviceString": "989", "TimeStamp": "2222-02-02T12:03:02.0000000+00:00", "$type": "RecordData"}
[19:22:25 VRB] Adding to database: {"DeviceRefId": 948, "DeviceValue": 989, "DeviceString": "989", "TimeStamp": "2222-02-02T12:03:02.0000000+00:00", "$type": "RecordData"}
[19:22:25 DBG] Starting RecordAllDevices
[19:22:25 VRB] Recording {"DeviceRefId": 948, "DeviceValue": 988, "DeviceString": "988", "TimeStamp": "2222-02-02T12:26:02.0000000+00:00", "$type": "RecordData"}
[19:22:25 VRB] Adding to database: {"DeviceRefId": 948, "DeviceValue": 988, "DeviceString": "988", "TimeStamp": "2222-02-02T12:26:02.0000000+00:00", "$type": "RecordData"}
[19:22:25 DBG] Finished RecordAllDevices
[19:22:25 VRB] Recording {"DeviceRefId": 948, "DeviceValue": 988, "DeviceString": "988", "TimeStamp": "2222-02-02T12:26:02.0000000+00:00", "$type": "RecordData"}
[19:22:25 VRB] Adding to database: {"DeviceRefId": 948, "DeviceValue": 988, "DeviceString": "988", "TimeStamp": "2222-02-02T12:26:02.0000000+00:00", "$type": "RecordData"}
[19:22:25 INF] Starting maintaining database
[19:22:25 DBG] Start Pruning older records
[19:22:25 DBG] Finished pruning older records
[19:22:25 INF] Finished maintaining database
[19:22:25 VRB] Recording {"DeviceRefId": 948, "DeviceValue": 987, "DeviceString": "987", "TimeStamp": "2222-02-02T12:51:02.0000000+00:00", "$type": "RecordData"}
[19:22:25 VRB] Adding to database: {"DeviceRefId": 948, "DeviceValue": 987, "DeviceString": "987", "TimeStamp": "2222-02-02T12:51:02.0000000+00:00", "$type": "RecordData"}
[19:22:25 VRB] Recording {"DeviceRefId": 948, "DeviceValue": 986, "DeviceString": "986", "TimeStamp": "2222-02-02T13:18:02.0000000+00:00", "$type": "RecordData"}
[19:22:25 VRB] Adding to database: {"DeviceRefId": 948, "DeviceValue": 986, "DeviceString": "986", "TimeStamp": "2222-02-02T13:18:02.0000000+00:00", "$type": "RecordData"}
[19:22:25 VRB] Recording {"DeviceRefId": 948, "DeviceValue": 985, "DeviceString": "985", "TimeStamp": "2222-02-02T13:47:02.0000000+00:00", "$type": "RecordData"}
[19:22:25 VRB] Adding to database: {"DeviceRefId": 948, "DeviceValue": 985, "DeviceString": "985", "TimeStamp": "2222-02-02T13:47:02.0000000+00:00", "$type": "RecordData"}
[19:22:25 VRB] Recording {"DeviceRefId": 948, "DeviceValue": 984, "DeviceString": "984", "TimeStamp": "2222-02-02T14:18:02.0000000+00:00", "$type": "RecordData"}
[19:22:25 VRB] Adding to database: {"DeviceRefId": 948, "DeviceValue": 984, "DeviceString": "984", "TimeStamp": "2222-02-02T14:18:02.0000000+00:00", "$type": "RecordData"}
[19:22:25 VRB] Recording {"DeviceRefId": 948, "DeviceValue": 983, "DeviceString": "983", "TimeStamp": "2222-02-02T14:51:02.0000000+00:00", "$type": "RecordData"}
[19:22:25 VRB] Adding to database: {"DeviceRefId": 948, "DeviceValue": 983, "DeviceString": "983", "TimeStamp": "2222-02-02T14:51:02.0000000+00:00", "$type": "RecordData"}
[19:22:25 VRB] Recording {"DeviceRefId": 948, "DeviceValue": 982, "DeviceString": "982", "TimeStamp": "2222-02-02T15:26:02.0000000+00:00", "$type": "RecordData"}
[19:22:25 VRB] Adding to database: {"DeviceRefId": 948, "DeviceValue": 982, "DeviceString": "982", "TimeStamp": "2222-02-02T15:26:02.0000000+00:00", "$type": "RecordData"}
[19:22:25 VRB] Recording {"DeviceRefId": 948, "DeviceValue": 981, "DeviceString": "981", "TimeStamp": "2222-02-02T16:03:02.0000000+00:00", "$type": "RecordData"}
[19:22:25 VRB] Adding to database: {"DeviceRefId": 948, "DeviceValue": 981, "DeviceString": "981", "TimeStamp": "2222-02-02T16:03:02.0000000+00:00", "$type": "RecordData"}
[19:22:25 VRB] Recording {"DeviceRefId": 948, "DeviceValue": 980, "DeviceString": "980", "TimeStamp": "2222-02-02T16:42:02.0000000+00:00", "$type": "RecordData"}
[19:22:25 VRB] Adding to database: {"DeviceRefId": 948, "DeviceValue": 980, "DeviceString": "980", "TimeStamp": "2222-02-02T16:42:02.0000000+00:00", "$type": "RecordData"}
[19:22:25 VRB] Recording {"DeviceRefId": 948, "DeviceValue": 979, "DeviceString": "979", "TimeStamp": "2222-02-02T17:23:02.0000000+00:00", "$type": "RecordData"}
[19:22:25 VRB] Adding to database: {"DeviceRefId": 948, "DeviceValue": 979, "DeviceString": "979", "TimeStamp": "2222-02-02T17:23:02.0000000+00:00", "$type": "RecordData"}
[19:22:25 VRB] Recording {"DeviceRefId": 948, "DeviceValue": 978, "DeviceString": "978", "TimeStamp": "2222-02-02T18:06:02.0000000+00:00", "$type": "RecordData"}
[19:22:25 VRB] Adding to database: {"DeviceRefId": 948, "DeviceValue": 978, "DeviceString": "978", "TimeStamp": "2222-02-02T18:06:02.0000000+00:00", "$type": "RecordData"}
[19:22:25 VRB] Recording {"DeviceRefId": 948, "DeviceValue": 977, "DeviceString": "977", "TimeStamp": "2222-02-02T18:51:02.0000000+00:00", "$type": "RecordData"}
[19:22:25 VRB] Adding to database: {"DeviceRefId": 948, "DeviceValue": 977, "DeviceString": "977", "TimeStamp": "2222-02-02T18:51:02.0000000+00:00", "$type": "RecordData"}
[19:22:25 VRB] Recording {"DeviceRefId": 948, "DeviceValue": 976, "DeviceString": "976", "TimeStamp": "2222-02-02T19:38:02.0000000+00:00", "$type": "RecordData"}
[19:22:25 VRB] Adding to database: {"DeviceRefId": 948, "DeviceValue": 976, "DeviceString": "976", "TimeStamp": "2222-02-02T19:38:02.0000000+00:00", "$type": "RecordData"}
[19:22:25 VRB] Recording {"DeviceRefId": 948, "DeviceValue": 975, "DeviceString": "975", "TimeStamp": "2222-02-02T20:27:02.0000000+00:00", "$type": "RecordData"}
[19:22:25 VRB] Adding to database: {"DeviceRefId": 948, "DeviceValue": 975, "DeviceString": "975", "TimeStamp": "2222-02-02T20:27:02.0000000+00:00", "$type": "RecordData"}
[19:22:25 VRB] Recording {"DeviceRefId": 948, "DeviceValue": 974, "DeviceString": "974", "TimeStamp": "2222-02-02T21:18:02.0000000+00:00", "$type": "RecordData"}
[19:22:25 VRB] Adding to database: {"DeviceRefId": 948, "DeviceValue": 974, "DeviceString": "974", "TimeStamp": "2222-02-02T21:18:02.0000000+00:00", "$type": "RecordData"}
[19:22:25 VRB] Recording {"DeviceRefId": 948, "DeviceValue": 973, "DeviceString": "973", "TimeStamp": "2222-02-02T22:11:02.0000000+00:00", "$type": "RecordData"}
[19:22:25 VRB] Adding to database: {"DeviceRefId": 948, "DeviceValue": 973, "DeviceString": "973", "TimeStamp": "2222-02-02T22:11:02.0000000+00:00", "$type": "RecordData"}
[19:22:25 VRB] Recording {"DeviceRefId": 948, "DeviceValue": 972, "DeviceString": "972", "TimeStamp": "2222-02-02T23:06:02.0000000+00:00", "$type": "RecordData"}
[19:22:25 VRB] Adding to database: {"DeviceRefId": 948, "DeviceValue": 972, "DeviceString": "972", "TimeStamp": "2222-02-02T23:06:02.0000000+00:00", "$type": "RecordData"}
[19:22:25 VRB] Recording {"DeviceRefId": 948, "DeviceValue": 971, "DeviceString": "971", "TimeStamp": "2222-02-03T00:03:02.0000000+00:00", "$type": "RecordData"}
[19:22:25 VRB] Adding to database: {"DeviceRefId": 948, "DeviceValue": 971, "DeviceString": "971", "TimeStamp": "2222-02-03T00:03:02.0000000+00:00", "$type": "RecordData"}
[19:22:25 VRB] Recording {"DeviceRefId": 948, "DeviceValue": 970, "DeviceString": "970", "TimeStamp": "2222-02-03T01:02:02.0000000+00:00", "$type": "RecordData"}
[19:22:25 VRB] Adding to database: {"DeviceRefId": 948, "DeviceValue": 970, "DeviceString": "970", "TimeStamp": "2222-02-03T01:02:02.0000000+00:00", "$type": "RecordData"}
[19:22:25 VRB] Recording {"DeviceRefId": 948, "DeviceValue": 969, "DeviceString": "969", "TimeStamp": "2222-02-03T02:03:02.0000000+00:00", "$type": "RecordData"}
[19:22:25 VRB] Adding to database: {"DeviceRefId": 948, "DeviceValue": 969, "DeviceString": "969", "TimeStamp": "2222-02-03T02:03:02.0000000+00:00", "$type": "RecordData"}
[19:22:25 VRB] Recording {"DeviceRefId": 948, "DeviceValue": 968, "DeviceString": "968", "TimeStamp": "2222-02-03T03:06:02.0000000+00:00", "$type": "RecordData"}
[19:22:25 VRB] Adding to database: {"DeviceRefId": 948, "DeviceValue": 968, "DeviceString": "968", "TimeStamp": "2222-02-03T03:06:02.0000000+00:00", "$type": "RecordData"}
[19:22:25 VRB] Recording {"DeviceRefId": 948, "DeviceValue": 967, "DeviceString": "967", "TimeStamp": "2222-02-03T04:11:02.0000000+00:00", "$type": "RecordData"}
[19:22:25 VRB] Adding to database: {"DeviceRefId": 948, "DeviceValue": 967, "DeviceString": "967", "TimeStamp": "2222-02-03T04:11:02.0000000+00:00", "$type": "RecordData"}
[19:22:25 VRB] Recording {"DeviceRefId": 948, "DeviceValue": 966, "DeviceString": "966", "TimeStamp": "2222-02-03T05:18:02.0000000+00:00", "$type": "RecordData"}
[19:22:25 VRB] Adding to database: {"DeviceRefId": 948, "DeviceValue": 966, "DeviceString": "966", "TimeStamp": "2222-02-03T05:18:02.0000000+00:00", "$type": "RecordData"}
[19:22:26 VRB] Recording {"DeviceRefId": 948, "DeviceValue": 965, "DeviceString": "965", "TimeStamp": "2222-02-03T06:27:02.0000000+00:00", "$type": "RecordData"}
[19:22:26 VRB] Adding to database: {"DeviceRefId": 948, "DeviceValue": 965, "DeviceString": "965", "TimeStamp": "2222-02-03T06:27:02.0000000+00:00", "$type": "RecordData"}
[19:22:26 VRB] Recording {"DeviceRefId": 948, "DeviceValue": 964, "DeviceString": "964", "TimeStamp": "2222-02-03T07:38:02.0000000+00:00", "$type": "RecordData"}
[19:22:26 VRB] Adding to database: {"DeviceRefId": 948, "DeviceValue": 964, "DeviceString": "964", "TimeStamp": "2222-02-03T07:38:02.0000000+00:00", "$type": "RecordData"}
[19:22:26 VRB] Recording {"DeviceRefId": 948, "DeviceValue": 963, "DeviceString": "963", "TimeStamp": "2222-02-03T08:51:02.0000000+00:00", "$type": "RecordData"}
[19:22:26 VRB] Adding to database: {"DeviceRefId": 948, "DeviceValue": 963, "DeviceString": "963", "TimeStamp": "2222-02-03T08:51:02.0000000+00:00", "$type": "RecordData"}
[19:22:26 VRB] Recording {"DeviceRefId": 948, "DeviceValue": 962, "DeviceString": "962", "TimeStamp": "2222-02-03T10:06:02.0000000+00:00", "$type": "RecordData"}
[19:22:26 VRB] Adding to database: {"DeviceRefId": 948, "DeviceValue": 962, "DeviceString": "962", "TimeStamp": "2222-02-03T10:06:02.0000000+00:00", "$type": "RecordData"}
[19:22:26 VRB] Recording {"DeviceRefId": 948, "DeviceValue": 961, "DeviceString": "961", "TimeStamp": "2222-02-03T11:23:02.0000000+00:00", "$type": "RecordData"}
[19:22:26 VRB] Adding to database: {"DeviceRefId": 948, "DeviceValue": 961, "DeviceString": "961", "TimeStamp": "2222-02-03T11:23:02.0000000+00:00", "$type": "RecordData"}
[19:22:26 VRB] Recording {"DeviceRefId": 948, "DeviceValue": 960, "DeviceString": "960", "TimeStamp": "2222-02-03T12:42:02.0000000+00:00", "$type": "RecordData"}
[19:22:26 VRB] Adding to database: {"DeviceRefId": 948, "DeviceValue": 960, "DeviceString": "960", "TimeStamp": "2222-02-03T12:42:02.0000000+00:00", "$type": "RecordData"}
[19:22:26 VRB] Recording {"DeviceRefId": 948, "DeviceValue": 959, "DeviceString": "959", "TimeStamp": "2222-02-03T14:03:02.0000000+00:00", "$type": "RecordData"}
[19:22:26 VRB] Adding to database: {"DeviceRefId": 948, "DeviceValue": 959, "DeviceString": "959", "TimeStamp": "2222-02-03T14:03:02.0000000+00:00", "$type": "RecordData"}
[19:22:26 VRB] Recording {"DeviceRefId": 948, "DeviceValue": 958, "DeviceString": "958", "TimeStamp": "2222-02-03T15:26:02.0000000+00:00", "$type": "RecordData"}
[19:22:26 VRB] Adding to database: {"DeviceRefId": 948, "DeviceValue": 958, "DeviceString": "958", "TimeStamp": "2222-02-03T15:26:02.0000000+00:00", "$type": "RecordData"}
[19:22:26 VRB] Recording {"DeviceRefId": 948, "DeviceValue": 957, "DeviceString": "957", "TimeStamp": "2222-02-03T16:51:02.0000000+00:00", "$type": "RecordData"}
[19:22:26 VRB] Adding to database: {"DeviceRefId": 948, "DeviceValue": 957, "DeviceString": "957", "TimeStamp": "2222-02-03T16:51:02.0000000+00:00", "$type": "RecordData"}
[19:22:26 VRB] Recording {"DeviceRefId": 948, "DeviceValue": 956, "DeviceString": "956", "TimeStamp": "2222-02-03T18:18:02.0000000+00:00", "$type": "RecordData"}
[19:22:26 VRB] Adding to database: {"DeviceRefId": 948, "DeviceValue": 956, "DeviceString": "956", "TimeStamp": "2222-02-03T18:18:02.0000000+00:00", "$type": "RecordData"}
[19:22:26 VRB] Recording {"DeviceRefId": 948, "DeviceValue": 955, "DeviceString": "955", "TimeStamp": "2222-02-03T19:47:02.0000000+00:00", "$type": "RecordData"}
[19:22:26 VRB] Adding to database: {"DeviceRefId": 948, "DeviceValue": 955, "DeviceString": "955", "TimeStamp": "2222-02-03T19:47:02.0000000+00:00", "$type": "RecordData"}
[19:22:26 VRB] Recording {"DeviceRefId": 948, "DeviceValue": 954, "DeviceString": "954", "TimeStamp": "2222-02-03T21:18:02.0000000+00:00", "$type": "RecordData"}
[19:22:26 VRB] Adding to database: {"DeviceRefId": 948, "DeviceValue": 954, "DeviceString": "954", "TimeStamp": "2222-02-03T21:18:02.0000000+00:00", "$type": "RecordData"}
[19:22:26 VRB] Recording {"DeviceRefId": 948, "DeviceValue": 953, "DeviceString": "953", "TimeStamp": "2222-02-03T22:51:02.0000000+00:00", "$type": "RecordData"}
[19:22:26 VRB] Adding to database: {"DeviceRefId": 948, "DeviceValue": 953, "DeviceString": "953", "TimeStamp": "2222-02-03T22:51:02.0000000+00:00", "$type": "RecordData"}
[19:22:26 VRB] Recording {"DeviceRefId": 948, "DeviceValue": 952, "DeviceString": "952", "TimeStamp": "2222-02-04T00:26:02.0000000+00:00", "$type": "RecordData"}
[19:22:26 VRB] Adding to database: {"DeviceRefId": 948, "DeviceValue": 952, "DeviceString": "952", "TimeStamp": "2222-02-04T00:26:02.0000000+00:00", "$type": "RecordData"}
[19:22:26 VRB] Recording {"DeviceRefId": 948, "DeviceValue": 951, "DeviceString": "951", "TimeStamp": "2222-02-04T02:03:02.0000000+00:00", "$type": "RecordData"}
[19:22:26 VRB] Adding to database: {"DeviceRefId": 948, "DeviceValue": 951, "DeviceString": "951", "TimeStamp": "2222-02-04T02:03:02.0000000+00:00", "$type": "RecordData"}
[19:22:26 VRB] Recording {"DeviceRefId": 948, "DeviceValue": 950, "DeviceString": "950", "TimeStamp": "2222-02-04T03:42:02.0000000+00:00", "$type": "RecordData"}
[19:22:26 VRB] Adding to database: {"DeviceRefId": 948, "DeviceValue": 950, "DeviceString": "950", "TimeStamp": "2222-02-04T03:42:02.0000000+00:00", "$type": "RecordData"}
[19:22:26 VRB] Recording {"DeviceRefId": 948, "DeviceValue": 949, "DeviceString": "949", "TimeStamp": "2222-02-04T05:23:02.0000000+00:00", "$type": "RecordData"}
[19:22:26 VRB] Adding to database: {"DeviceRefId": 948, "DeviceValue": 949, "DeviceString": "949", "TimeStamp": "2222-02-04T05:23:02.0000000+00:00", "$type": "RecordData"}
[19:22:26 VRB] Recording {"DeviceRefId": 948, "DeviceValue": 948, "DeviceString": "948", "TimeStamp": "2222-02-04T07:06:02.0000000+00:00", "$type": "RecordData"}
[19:22:26 VRB] Adding to database: {"DeviceRefId": 948, "DeviceValue": 948, "DeviceString": "948", "TimeStamp": "2222-02-04T07:06:02.0000000+00:00", "$type": "RecordData"}
[19:22:26 VRB] Recording {"DeviceRefId": 948, "DeviceValue": 947, "DeviceString": "947", "TimeStamp": "2222-02-04T08:51:02.0000000+00:00", "$type": "RecordData"}
[19:22:26 VRB] Adding to database: {"DeviceRefId": 948, "DeviceValue": 947, "DeviceString": "947", "TimeStamp": "2222-02-04T08:51:02.0000000+00:00", "$type": "RecordData"}
[19:22:26 VRB] Recording {"DeviceRefId": 948, "DeviceValue": 946, "DeviceString": "946", "TimeStamp": "2222-02-04T10:38:02.0000000+00:00", "$type": "RecordData"}
[19:22:26 VRB] Adding to database: {"DeviceRefId": 948, "DeviceValue": 946, "DeviceString": "946", "TimeStamp": "2222-02-04T10:38:02.0000000+00:00", "$type": "RecordData"}
[19:22:26 VRB] Recording {"DeviceRefId": 948, "DeviceValue": 945, "DeviceString": "945", "TimeStamp": "2222-02-04T12:27:02.0000000+00:00", "$type": "RecordData"}
[19:22:26 VRB] Adding to database: {"DeviceRefId": 948, "DeviceValue": 945, "DeviceString": "945", "TimeStamp": "2222-02-04T12:27:02.0000000+00:00", "$type": "RecordData"}
[19:22:26 VRB] Recording {"DeviceRefId": 948, "DeviceValue": 944, "DeviceString": "944", "TimeStamp": "2222-02-04T14:18:02.0000000+00:00", "$type": "RecordData"}
[19:22:26 VRB] Adding to database: {"DeviceRefId": 948, "DeviceValue": 944, "DeviceString": "944", "TimeStamp": "2222-02-04T14:18:02.0000000+00:00", "$type": "RecordData"}
[19:22:26 VRB] Recording {"DeviceRefId": 948, "DeviceValue": 943, "DeviceString": "943", "TimeStamp": "2222-02-04T16:11:02.0000000+00:00", "$type": "RecordData"}
[19:22:26 VRB] Adding to database: {"DeviceRefId": 948, "DeviceValue": 943, "DeviceString": "943", "TimeStamp": "2222-02-04T16:11:02.0000000+00:00", "$type": "RecordData"}
[19:22:26 VRB] Recording {"DeviceRefId": 948, "DeviceValue": 942, "DeviceString": "942", "TimeStamp": "2222-02-04T18:06:02.0000000+00:00", "$type": "RecordData"}
[19:22:26 VRB] Adding to database: {"DeviceRefId": 948, "DeviceValue": 942, "DeviceString": "942", "TimeStamp": "2222-02-04T18:06:02.0000000+00:00", "$type": "RecordData"}
[19:22:26 VRB] Recording {"DeviceRefId": 948, "DeviceValue": 941, "DeviceString": "941", "TimeStamp": "2222-02-04T20:03:02.0000000+00:00", "$type": "RecordData"}
[19:22:26 VRB] Adding to database: {"DeviceRefId": 948, "DeviceValue": 941, "DeviceString": "941", "TimeStamp": "2222-02-04T20:03:02.0000000+00:00", "$type": "RecordData"}
[19:22:26 VRB] Recording {"DeviceRefId": 948, "DeviceValue": 940, "DeviceString": "940", "TimeStamp": "2222-02-04T22:02:02.0000000+00:00", "$type": "RecordData"}
[19:22:26 VRB] Adding to database: {"DeviceRefId": 948, "DeviceValue": 940, "DeviceString": "940", "TimeStamp": "2222-02-04T22:02:02.0000000+00:00", "$type": "RecordData"}
[19:22:26 VRB] Recording {"DeviceRefId": 948, "DeviceValue": 939, "DeviceString": "939", "TimeStamp": "2222-02-05T00:03:02.0000000+00:00", "$type": "RecordData"}
[19:22:26 VRB] Adding to database: {"DeviceRefId": 948, "DeviceValue": 939, "DeviceString": "939", "TimeStamp": "2222-02-05T00:03:02.0000000+00:00", "$type": "RecordData"}
[19:22:26 VRB] Recording {"DeviceRefId": 948, "DeviceValue": 938, "DeviceString": "938", "TimeStamp": "2222-02-05T02:06:02.0000000+00:00", "$type": "RecordData"}
[19:22:26 VRB] Adding to database: {"DeviceRefId": 948, "DeviceValue": 938, "DeviceString": "938", "TimeStamp": "2222-02-05T02:06:02.0000000+00:00", "$type": "RecordData"}
[19:22:26 VRB] Recording {"DeviceRefId": 948, "DeviceValue": 937, "DeviceString": "937", "TimeStamp": "2222-02-05T04:11:02.0000000+00:00", "$type": "RecordData"}
[19:22:26 VRB] Adding to database: {"DeviceRefId": 948, "DeviceValue": 937, "DeviceString": "937", "TimeStamp": "2222-02-05T04:11:02.0000000+00:00", "$type": "RecordData"}
[19:22:26 VRB] Recording {"DeviceRefId": 948, "DeviceValue": 936, "DeviceString": "936", "TimeStamp": "2222-02-05T06:18:02.0000000+00:00", "$type": "RecordData"}
[19:22:26 VRB] Adding to database: {"DeviceRefId": 948, "DeviceValue": 936, "DeviceString": "936", "TimeStamp": "2222-02-05T06:18:02.0000000+00:00", "$type": "RecordData"}
[19:22:26 VRB] Recording {"DeviceRefId": 948, "DeviceValue": 935, "DeviceString": "935", "TimeStamp": "2222-02-05T08:27:02.0000000+00:00", "$type": "RecordData"}
[19:22:26 VRB] Adding to database: {"DeviceRefId": 948, "DeviceValue": 935, "DeviceString": "935", "TimeStamp": "2222-02-05T08:27:02.0000000+00:00", "$type": "RecordData"}
[19:22:26 VRB] Recording {"DeviceRefId": 948, "DeviceValue": 934, "DeviceString": "934", "TimeStamp": "2222-02-05T10:38:02.0000000+00:00", "$type": "RecordData"}
[19:22:26 VRB] Adding to database: {"DeviceRefId": 948, "DeviceValue": 934, "DeviceString": "934", "TimeStamp": "2222-02-05T10:38:02.0000000+00:00", "$type": "RecordData"}
[19:22:26 VRB] Recording {"DeviceRefId": 948, "DeviceValue": 933, "DeviceString": "933", "TimeStamp": "2222-02-05T12:51:02.0000000+00:00", "$type": "RecordData"}
[19:22:26 VRB] Adding to database: {"DeviceRefId": 948, "DeviceValue": 933, "DeviceString": "933", "TimeStamp": "2222-02-05T12:51:02.0000000+00:00", "$type": "RecordData"}
[19:22:26 VRB] Recording {"DeviceRefId": 948, "DeviceValue": 932, "DeviceString": "932", "TimeStamp": "2222-02-05T15:06:02.0000000+00:00", "$type": "RecordData"}
[19:22:26 VRB] Adding to database: {"DeviceRefId": 948, "DeviceValue": 932, "DeviceString": "932", "TimeStamp": "2222-02-05T15:06:02.0000000+00:00", "$type": "RecordData"}
[19:22:26 VRB] Recording {"DeviceRefId": 948, "DeviceValue": 931, "DeviceString": "931", "TimeStamp": "2222-02-05T17:23:02.0000000+00:00", "$type": "RecordData"}
[19:22:26 VRB] Adding to database: {"DeviceRefId": 948, "DeviceValue": 931, "DeviceString": "931", "TimeStamp": "2222-02-05T17:23:02.0000000+00:00", "$type": "RecordData"}
[19:22:26 VRB] Recording {"DeviceRefId": 948, "DeviceValue": 930, "DeviceString": "930", "TimeStamp": "2222-02-05T19:42:02.0000000+00:00", "$type": "RecordData"}
[19:22:26 VRB] Adding to database: {"DeviceRefId": 948, "DeviceValue": 930, "DeviceString": "930", "TimeStamp": "2222-02-05T19:42:02.0000000+00:00", "$type": "RecordData"}
[19:22:26 VRB] Recording {"DeviceRefId": 948, "DeviceValue": 929, "DeviceString": "929", "TimeStamp": "2222-02-05T22:03:02.0000000+00:00", "$type": "RecordData"}
[19:22:26 VRB] Adding to database: {"DeviceRefId": 948, "DeviceValue": 929, "DeviceString": "929", "TimeStamp": "2222-02-05T22:03:02.0000000+00:00", "$type": "RecordData"}
[19:22:26 VRB] Recording {"DeviceRefId": 948, "DeviceValue": 928, "DeviceString": "928", "TimeStamp": "2222-02-06T00:26:02.0000000+00:00", "$type": "RecordData"}
[19:22:26 VRB] Adding to database: {"DeviceRefId": 948, "DeviceValue": 928, "DeviceString": "928", "TimeStamp": "2222-02-06T00:26:02.0000000+00:00", "$type": "RecordData"}
[19:22:26 VRB] Recording {"DeviceRefId": 948, "DeviceValue": 927, "DeviceString": "927", "TimeStamp": "2222-02-06T02:51:02.0000000+00:00", "$type": "RecordData"}
[19:22:26 VRB] Adding to database: {"DeviceRefId": 948, "DeviceValue": 927, "DeviceString": "927", "TimeStamp": "2222-02-06T02:51:02.0000000+00:00", "$type": "RecordData"}
[19:22:26 VRB] Recording {"DeviceRefId": 948, "DeviceValue": 926, "DeviceString": "926", "TimeStamp": "2222-02-06T05:18:02.0000000+00:00", "$type": "RecordData"}
[19:22:26 VRB] Adding to database: {"DeviceRefId": 948, "DeviceValue": 926, "DeviceString": "926", "TimeStamp": "2222-02-06T05:18:02.0000000+00:00", "$type": "RecordData"}
[19:22:26 VRB] Recording {"DeviceRefId": 948, "DeviceValue": 925, "DeviceString": "925", "TimeStamp": "2222-02-06T07:47:02.0000000+00:00", "$type": "RecordData"}
[19:22:26 VRB] Adding to database: {"DeviceRefId": 948, "DeviceValue": 925, "DeviceString": "925", "TimeStamp": "2222-02-06T07:47:02.0000000+00:00", "$type": "RecordData"}
[19:22:26 VRB] Recording {"DeviceRefId": 948, "DeviceValue": 924, "DeviceString": "924", "TimeStamp": "2222-02-06T10:18:02.0000000+00:00", "$type": "RecordData"}
[19:22:26 VRB] Adding to database: {"DeviceRefId": 948, "DeviceValue": 924, "DeviceString": "924", "TimeStamp": "2222-02-06T10:18:02.0000000+00:00", "$type": "RecordData"}
[19:22:26 VRB] Recording {"DeviceRefId": 948, "DeviceValue": 923, "DeviceString": "923", "TimeStamp": "2222-02-06T12:51:02.0000000+00:00", "$type": "RecordData"}
[19:22:26 VRB] Adding to database: {"DeviceRefId": 948, "DeviceValue": 923, "DeviceString": "923", "TimeStamp": "2222-02-06T12:51:02.0000000+00:00", "$type": "RecordData"}
[19:22:26 VRB] Recording {"DeviceRefId": 948, "DeviceValue": 922, "DeviceString": "922", "TimeStamp": "2222-02-06T15:26:02.0000000+00:00", "$type": "RecordData"}
[19:22:26 VRB] Adding to database: {"DeviceRefId": 948, "DeviceValue": 922, "DeviceString": "922", "TimeStamp": "2222-02-06T15:26:02.0000000+00:00", "$type": "RecordData"}
[19:22:26 VRB] Recording {"DeviceRefId": 948, "DeviceValue": 921, "DeviceString": "921", "TimeStamp": "2222-02-06T18:03:02.0000000+00:00", "$type": "RecordData"}
[19:22:26 VRB] Adding to database: {"DeviceRefId": 948, "DeviceValue": 921, "DeviceString": "921", "TimeStamp": "2222-02-06T18:03:02.0000000+00:00", "$type": "RecordData"}
[19:22:26 VRB] Recording {"DeviceRefId": 948, "DeviceValue": 920, "DeviceString": "920", "TimeStamp": "2222-02-06T20:42:02.0000000+00:00", "$type": "RecordData"}
[19:22:26 VRB] Adding to database: {"DeviceRefId": 948, "DeviceValue": 920, "DeviceString": "920", "TimeStamp": "2222-02-06T20:42:02.0000000+00:00", "$type": "RecordData"}
[19:22:26 VRB] Recording {"DeviceRefId": 948, "DeviceValue": 919, "DeviceString": "919", "TimeStamp": "2222-02-06T23:23:02.0000000+00:00", "$type": "RecordData"}
[19:22:26 VRB] Adding to database: {"DeviceRefId": 948, "DeviceValue": 919, "DeviceString": "919", "TimeStamp": "2222-02-06T23:23:02.0000000+00:00", "$type": "RecordData"}
[19:22:26 VRB] Recording {"DeviceRefId": 948, "DeviceValue": 918, "DeviceString": "918", "TimeStamp": "2222-02-07T02:06:02.0000000+00:00", "$type": "RecordData"}
[19:22:26 VRB] Adding to database: {"DeviceRefId": 948, "DeviceValue": 918, "DeviceString": "918", "TimeStamp": "2222-02-07T02:06:02.0000000+00:00", "$type": "RecordData"}
[19:22:26 VRB] Recording {"DeviceRefId": 948, "DeviceValue": 917, "DeviceString": "917", "TimeStamp": "2222-02-07T04:51:02.0000000+00:00", "$type": "RecordData"}
[19:22:26 VRB] Adding to database: {"DeviceRefId": 948, "DeviceValue": 917, "DeviceString": "917", "TimeStamp": "2222-02-07T04:51:02.0000000+00:00", "$type": "RecordData"}
[19:22:26 VRB] Recording {"DeviceRefId": 948, "DeviceValue": 916, "DeviceString": "916", "TimeStamp": "2222-02-07T07:38:02.0000000+00:00", "$type": "RecordData"}
[19:22:26 VRB] Adding to database: {"DeviceRefId": 948, "DeviceValue": 916, "DeviceString": "916", "TimeStamp": "2222-02-07T07:38:02.0000000+00:00", "$type": "RecordData"}
[19:22:26 VRB] Recording {"DeviceRefId": 948, "DeviceValue": 915, "DeviceString": "915", "TimeStamp": "2222-02-07T10:27:02.0000000+00:00", "$type": "RecordData"}
[19:22:26 VRB] Adding to database: {"DeviceRefId": 948, "DeviceValue": 915, "DeviceString": "915", "TimeStamp": "2222-02-07T10:27:02.0000000+00:00", "$type": "RecordData"}
[19:22:26 VRB] Recording {"DeviceRefId": 948, "DeviceValue": 914, "DeviceString": "914", "TimeStamp": "2222-02-07T13:18:02.0000000+00:00", "$type": "RecordData"}
[19:22:26 VRB] Adding to database: {"DeviceRefId": 948, "DeviceValue": 914, "DeviceString": "914", "TimeStamp": "2222-02-07T13:18:02.0000000+00:00", "$type": "RecordData"}
[19:22:26 VRB] Recording {"DeviceRefId": 948, "DeviceValue": 913, "DeviceString": "913", "TimeStamp": "2222-02-07T16:11:02.0000000+00:00", "$type": "RecordData"}
[19:22:26 VRB] Adding to database: {"DeviceRefId": 948, "DeviceValue": 913, "DeviceString": "913", "TimeStamp": "2222-02-07T16:11:02.0000000+00:00", "$type": "RecordData"}
[19:22:26 VRB] Recording {"DeviceRefId": 948, "DeviceValue": 912, "DeviceString": "912", "TimeStamp": "2222-02-07T19:06:02.0000000+00:00", "$type": "RecordData"}
[19:22:26 VRB] Adding to database: {"DeviceRefId": 948, "DeviceValue": 912, "DeviceString": "912", "TimeStamp": "2222-02-07T19:06:02.0000000+00:00", "$type": "RecordData"}
[19:22:26 VRB] Recording {"DeviceRefId": 948, "DeviceValue": 911, "DeviceString": "911", "TimeStamp": "2222-02-07T22:03:02.0000000+00:00", "$type": "RecordData"}
[19:22:26 VRB] Adding to database: {"DeviceRefId": 948, "DeviceValue": 911, "DeviceString": "911", "TimeStamp": "2222-02-07T22:03:02.0000000+00:00", "$type": "RecordData"}
[19:22:26 VRB] Recording {"DeviceRefId": 948, "DeviceValue": 910, "DeviceString": "910", "TimeStamp": "2222-02-08T01:02:02.0000000+00:00", "$type": "RecordData"}
[19:22:26 VRB] Adding to database: {"DeviceRefId": 948, "DeviceValue": 910, "DeviceString": "910", "TimeStamp": "2222-02-08T01:02:02.0000000+00:00", "$type": "RecordData"}
[19:22:26 VRB] Recording {"DeviceRefId": 948, "DeviceValue": 909, "DeviceString": "909", "TimeStamp": "2222-02-08T04:03:02.0000000+00:00", "$type": "RecordData"}
[19:22:26 VRB] Adding to database: {"DeviceRefId": 948, "DeviceValue": 909, "DeviceString": "909", "TimeStamp": "2222-02-08T04:03:02.0000000+00:00", "$type": "RecordData"}
[19:22:26 VRB] Recording {"DeviceRefId": 948, "DeviceValue": 908, "DeviceString": "908", "TimeStamp": "2222-02-08T07:06:02.0000000+00:00", "$type": "RecordData"}
[19:22:26 VRB] Adding to database: {"DeviceRefId": 948, "DeviceValue": 908, "DeviceString": "908", "TimeStamp": "2222-02-08T07:06:02.0000000+00:00", "$type": "RecordData"}
[19:22:26 VRB] Recording {"DeviceRefId": 948, "DeviceValue": 907, "DeviceString": "907", "TimeStamp": "2222-02-08T10:11:02.0000000+00:00", "$type": "RecordData"}
[19:22:26 VRB] Adding to database: {"DeviceRefId": 948, "DeviceValue": 907, "DeviceString": "907", "TimeStamp": "2222-02-08T10:11:02.0000000+00:00", "$type": "RecordData"}
[19:22:26 VRB] Recording {"DeviceRefId": 948, "DeviceValue": 906, "DeviceString": "906", "TimeStamp": "2222-02-08T13:18:02.0000000+00:00", "$type": "RecordData"}
[19:22:26 VRB] Adding to database: {"DeviceRefId": 948, "DeviceValue": 906, "DeviceString": "906", "TimeStamp": "2222-02-08T13:18:02.0000000+00:00", "$type": "RecordData"}
[19:22:26 VRB] Recording {"DeviceRefId": 948, "DeviceValue": 905, "DeviceString": "905", "TimeStamp": "2222-02-08T16:27:02.0000000+00:00", "$type": "RecordData"}
[19:22:26 VRB] Adding to database: {"DeviceRefId": 948, "DeviceValue": 905, "DeviceString": "905", "TimeStamp": "2222-02-08T16:27:02.0000000+00:00", "$type": "RecordData"}
[19:22:26 VRB] Recording {"DeviceRefId": 948, "DeviceValue": 904, "DeviceString": "904", "TimeStamp": "2222-02-08T19:38:02.0000000+00:00", "$type": "RecordData"}
[19:22:26 VRB] Adding to database: {"DeviceRefId": 948, "DeviceValue": 904, "DeviceString": "904", "TimeStamp": "2222-02-08T19:38:02.0000000+00:00", "$type": "RecordData"}
[19:22:26 VRB] Recording {"DeviceRefId": 948, "DeviceValue": 903, "DeviceString": "903", "TimeStamp": "2222-02-08T22:51:02.0000000+00:00", "$type": "RecordData"}
[19:22:26 VRB] Adding to database: {"DeviceRefId": 948, "DeviceValue": 903, "DeviceString": "903", "TimeStamp": "2222-02-08T22:51:02.0000000+00:00", "$type": "RecordData"}
[19:22:27 VRB] Recording {"DeviceRefId": 948, "DeviceValue": 902, "DeviceString": "902", "TimeStamp": "2222-02-09T02:06:02.0000000+00:00", "$type": "RecordData"}
[19:22:27 VRB] Adding to database: {"DeviceRefId": 948, "DeviceValue": 902, "DeviceString": "902", "TimeStamp": "2222-02-09T02:06:02.0000000+00:00", "$type": "RecordData"}
[19:22:27 VRB] Recording {"DeviceRefId": 948, "DeviceValue": 901, "DeviceString": "901", "TimeStamp": "2222-02-09T05:23:02.0000000+00:00", "$type": "RecordData"}
[19:22:27 VRB] Adding to database: {"DeviceRefId": 948, "DeviceValue": 901, "DeviceString": "901", "TimeStamp": "2222-02-09T05:23:02.0000000+00:00", "$type": "RecordData"}
[19:22:27 DBG] PostBackProc for historyrecords for refId=948&amp;min=7955167322000&amp;max=7955527322000&amp;start=10&amp;length=100&amp;order[0][column]=&amp;2order[0][dir]=asc
[19:22:27 DBG] HandleHistoryRecords refId=948&amp;min=7955167322000&amp;max=7955527322000&amp;start=10&amp;length=100&amp;order[0][column]=&amp;2order[0][dir]=asc
Disconnecting from HomeSeer...
[19:22:27 INF] Shutting down
[19:22:27 DBG] Finish records update thread
[19:22:27 DBG] Disposing Sqlite connection
</system-out>
    </testcase>
  </testsuite>
  <testsuite tests="3" time="0.061821" errors="0" failures="0" skipped="0" timestamp="2023-12-02T03:22:27.0560286Z" name="">
    <testcase name="DatatableCallbackMinMoreThanMax(&quot;refId={0}&amp;min=1001&amp;max=99&amp;start=10&amp;length=100&amp;order[0][column]=1&amp;order[0][dir]=desc&quot;,&quot;max is less than min&quot;)" assertions="5" time="0.035220" status="Passed" classname="HSPI_HistoricalRecordsTest.DevicePageHistoryCallbacksTest">
      <system-out>[19:22:27 INF] Plugin Starting
[19:22:27 INF] e_sqlite3 version:3.44.0
[19:22:27 INF] Connecting to database: C:\Users\Deepak\AppData\Local\Temp\pldpwaqk.ra3\data\HistoricalRecords\records.db
[19:22:27 DBG] Starting records update thread
[19:22:27 DBG] Starting RecordAllDevices
[19:22:27 DBG] Finished RecordAllDevices
[19:22:27 INF] Starting maintaining database
[19:22:27 DBG] Start Pruning older records
[19:22:27 DBG] Finished pruning older records
[19:22:27 INF] Finished maintaining database
[19:22:27 INF] Plugin Started
[19:22:27 DBG] PostBackProc for historyrecords for refId=1938&amp;min=1001&amp;max=99&amp;start=10&amp;length=100&amp;order[0][column]=1&amp;order[0][dir]=desc
[19:22:27 DBG] HandleHistoryRecords refId=1938&amp;min=1001&amp;max=99&amp;start=10&amp;length=100&amp;order[0][column]=1&amp;order[0][dir]=desc
[19:22:27 ERR] Error in Page historyrecords for refId=1938&amp;min=1001&amp;max=99&amp;start=10&amp;length=100&amp;order[0][column]=1&amp;order[0][dir]=desc with max is less than min
Disconnecting from HomeSeer...
[19:22:27 INF] Shutting down
[19:22:27 DBG] Disposing Sqlite connection
[19:22:27 DBG] Finish records update thread
</system-out>
    </testcase>
    <testcase name="DatatableCallbackMinMoreThanMax(&quot;refId={0}&amp;min=abc&amp;max=99&amp;start=10&amp;length=100&amp;order[0][column]=1&amp;order[0][dir]=desc&quot;,&quot;min is invalid&quot;)" assertions="5" time="0.013621" status="Passed" classname="HSPI_HistoricalRecordsTest.DevicePageHistoryCallbacksTest">
      <system-out>[19:22:27 INF] Plugin Starting
[19:22:27 INF] e_sqlite3 version:3.44.0
[19:22:27 INF] Connecting to database: C:\Users\Deepak\AppData\Local\Temp\hg21f1z3.e12\data\HistoricalRecords\records.db
[19:22:27 DBG] Starting records update thread
[19:22:27 INF] Starting maintaining database
[19:22:27 DBG] Start Pruning older records
[19:22:27 DBG] Finished pruning older records
[19:22:27 INF] Finished maintaining database
[19:22:27 DBG] Starting RecordAllDevices
[19:22:27 DBG] Finished RecordAllDevices
[19:22:27 INF] Plugin Started
[19:22:27 DBG] PostBackProc for historyrecords for refId=1938&amp;min=abc&amp;max=99&amp;start=10&amp;length=100&amp;order[0][column]=1&amp;order[0][dir]=desc
[19:22:27 DBG] HandleHistoryRecords refId=1938&amp;min=abc&amp;max=99&amp;start=10&amp;length=100&amp;order[0][column]=1&amp;order[0][dir]=desc
[19:22:27 ERR] Error in Page historyrecords for refId=1938&amp;min=abc&amp;max=99&amp;start=10&amp;length=100&amp;order[0][column]=1&amp;order[0][dir]=desc with min is invalid
Disconnecting from HomeSeer...
[19:22:27 INF] Shutting down
[19:22:27 DBG] Disposing Sqlite connection
[19:22:27 DBG] Finish records update thread
</system-out>
    </testcase>
    <testcase name="DatatableCallbackMinMoreThanMax(&quot;refId={0}&amp;start=10&amp;length=100&amp;order[0][column]=1&amp;order[0][dir]=desc&quot;,&quot;min or max not specified&quot;)" assertions="5" time="0.012706" status="Passed" classname="HSPI_HistoricalRecordsTest.DevicePageHistoryCallbacksTest">
      <system-out>[19:22:27 INF] Plugin Starting
[19:22:27 INF] e_sqlite3 version:3.44.0
[19:22:27 INF] Connecting to database: C:\Users\Deepak\AppData\Local\Temp\r3d2exrv.eg0\data\HistoricalRecords\records.db
[19:22:27 DBG] Starting records update thread
[19:22:27 INF] Starting maintaining database
[19:22:27 DBG] Start Pruning older records
[19:22:27 DBG] Finished pruning older records
[19:22:27 INF] Finished maintaining database
[19:22:27 INF] Plugin Started
[19:22:27 DBG] PostBackProc for historyrecords for refId=1938&amp;start=10&amp;length=100&amp;order[0][column]=1&amp;order[0][dir]=desc
[19:22:27 DBG] HandleHistoryRecords refId=1938&amp;start=10&amp;length=100&amp;order[0][column]=1&amp;order[0][dir]=desc
[19:22:27 ERR] Error in Page historyrecords for refId=1938&amp;start=10&amp;length=100&amp;order[0][column]=1&amp;order[0][dir]=desc with min or max not specified
Disconnecting from HomeSeer...
[19:22:27 INF] Shutting down
[19:22:27 DBG] Disposing Sqlite connection
[19:22:27 DBG] Finish records update thread
[19:22:27 DBG] Starting RecordAllDevices
</system-out>
    </testcase>
  </testsuite>
  <testsuite tests="2" time="3.021845" errors="0" failures="0" skipped="0" timestamp="2023-12-02T03:22:27.1172617Z" name="">
    <testcase name="DatatableCallbackTotalCorrect(System.Func`3[HomeSeer.PluginSdk.Devices.HsFeature,System.Collections.Generic.List`1[Hspi.RecordData],System.String],100,21)" assertions="105" time="1.476587" status="Passed" classname="HSPI_HistoricalRecordsTest.DevicePageHistoryCallbacksTest">
      <system-out>[19:22:27 INF] Plugin Starting
[19:22:27 INF] e_sqlite3 version:3.44.0
[19:22:27 INF] Connecting to database: C:\Users\Deepak\AppData\Local\Temp\2o1jm2vj.sn0\data\HistoricalRecords\records.db
[19:22:27 DBG] Starting records update thread
[19:22:27 INF] Starting maintaining database
[19:22:27 DBG] Start Pruning older records
[19:22:27 DBG] Finished pruning older records
[19:22:27 INF] Finished maintaining database
[19:22:27 INF] Plugin Started
[19:22:27 VRB] Recording {"DeviceRefId": 373, "DeviceValue": 1000, "DeviceString": "1000", "TimeStamp": "2023-12-02T03:22:27.0000000+00:00", "$type": "RecordData"}
[19:22:27 VRB] Adding to database: {"DeviceRefId": 373, "DeviceValue": 1000, "DeviceString": "1000", "TimeStamp": "2023-12-02T03:22:27.0000000+00:00", "$type": "RecordData"}
[19:22:27 DBG] Starting RecordAllDevices
[19:22:27 VRB] Recording {"DeviceRefId": 373, "DeviceValue": 1000, "DeviceString": "1000", "TimeStamp": "2023-12-02T03:22:27.0000000+00:00", "$type": "RecordData"}
[19:22:27 VRB] Adding to database: {"DeviceRefId": 373, "DeviceValue": 1000, "DeviceString": "1000", "TimeStamp": "2023-12-02T03:22:27.0000000+00:00", "$type": "RecordData"}
[19:22:27 DBG] Finished RecordAllDevices
[19:22:27 VRB] Recording {"DeviceRefId": 373, "DeviceValue": 999, "DeviceString": "999", "TimeStamp": "2023-12-02T03:23:27.0000000+00:00", "$type": "RecordData"}
[19:22:27 VRB] Adding to database: {"DeviceRefId": 373, "DeviceValue": 999, "DeviceString": "999", "TimeStamp": "2023-12-02T03:23:27.0000000+00:00", "$type": "RecordData"}
[19:22:27 VRB] Recording {"DeviceRefId": 373, "DeviceValue": 998, "DeviceString": "998", "TimeStamp": "2023-12-02T03:24:27.0000000+00:00", "$type": "RecordData"}
[19:22:27 VRB] Adding to database: {"DeviceRefId": 373, "DeviceValue": 998, "DeviceString": "998", "TimeStamp": "2023-12-02T03:24:27.0000000+00:00", "$type": "RecordData"}
[19:22:27 VRB] Recording {"DeviceRefId": 373, "DeviceValue": 997, "DeviceString": "997", "TimeStamp": "2023-12-02T03:25:27.0000000+00:00", "$type": "RecordData"}
[19:22:27 VRB] Adding to database: {"DeviceRefId": 373, "DeviceValue": 997, "DeviceString": "997", "TimeStamp": "2023-12-02T03:25:27.0000000+00:00", "$type": "RecordData"}
[19:22:27 VRB] Recording {"DeviceRefId": 373, "DeviceValue": 996, "DeviceString": "996", "TimeStamp": "2023-12-02T03:26:27.0000000+00:00", "$type": "RecordData"}
[19:22:27 VRB] Adding to database: {"DeviceRefId": 373, "DeviceValue": 996, "DeviceString": "996", "TimeStamp": "2023-12-02T03:26:27.0000000+00:00", "$type": "RecordData"}
[19:22:27 VRB] Recording {"DeviceRefId": 373, "DeviceValue": 995, "DeviceString": "995", "TimeStamp": "2023-12-02T03:27:27.0000000+00:00", "$type": "RecordData"}
[19:22:27 VRB] Adding to database: {"DeviceRefId": 373, "DeviceValue": 995, "DeviceString": "995", "TimeStamp": "2023-12-02T03:27:27.0000000+00:00", "$type": "RecordData"}
[19:22:27 VRB] Recording {"DeviceRefId": 373, "DeviceValue": 994, "DeviceString": "994", "TimeStamp": "2023-12-02T03:28:27.0000000+00:00", "$type": "RecordData"}
[19:22:27 VRB] Adding to database: {"DeviceRefId": 373, "DeviceValue": 994, "DeviceString": "994", "TimeStamp": "2023-12-02T03:28:27.0000000+00:00", "$type": "RecordData"}
[19:22:27 VRB] Recording {"DeviceRefId": 373, "DeviceValue": 993, "DeviceString": "993", "TimeStamp": "2023-12-02T03:29:27.0000000+00:00", "$type": "RecordData"}
[19:22:27 VRB] Adding to database: {"DeviceRefId": 373, "DeviceValue": 993, "DeviceString": "993", "TimeStamp": "2023-12-02T03:29:27.0000000+00:00", "$type": "RecordData"}
[19:22:27 VRB] Recording {"DeviceRefId": 373, "DeviceValue": 992, "DeviceString": "992", "TimeStamp": "2023-12-02T03:30:27.0000000+00:00", "$type": "RecordData"}
[19:22:27 VRB] Adding to database: {"DeviceRefId": 373, "DeviceValue": 992, "DeviceString": "992", "TimeStamp": "2023-12-02T03:30:27.0000000+00:00", "$type": "RecordData"}
[19:22:27 VRB] Recording {"DeviceRefId": 373, "DeviceValue": 991, "DeviceString": "991", "TimeStamp": "2023-12-02T03:31:27.0000000+00:00", "$type": "RecordData"}
[19:22:27 VRB] Adding to database: {"DeviceRefId": 373, "DeviceValue": 991, "DeviceString": "991", "TimeStamp": "2023-12-02T03:31:27.0000000+00:00", "$type": "RecordData"}
[19:22:27 VRB] Recording {"DeviceRefId": 373, "DeviceValue": 990, "DeviceString": "990", "TimeStamp": "2023-12-02T03:32:27.0000000+00:00", "$type": "RecordData"}
[19:22:27 VRB] Adding to database: {"DeviceRefId": 373, "DeviceValue": 990, "DeviceString": "990", "TimeStamp": "2023-12-02T03:32:27.0000000+00:00", "$type": "RecordData"}
[19:22:27 VRB] Recording {"DeviceRefId": 373, "DeviceValue": 989, "DeviceString": "989", "TimeStamp": "2023-12-02T03:33:27.0000000+00:00", "$type": "RecordData"}
[19:22:27 VRB] Adding to database: {"DeviceRefId": 373, "DeviceValue": 989, "DeviceString": "989", "TimeStamp": "2023-12-02T03:33:27.0000000+00:00", "$type": "RecordData"}
[19:22:27 VRB] Recording {"DeviceRefId": 373, "DeviceValue": 988, "DeviceString": "988", "TimeStamp": "2023-12-02T03:34:27.0000000+00:00", "$type": "RecordData"}
[19:22:27 VRB] Adding to database: {"DeviceRefId": 373, "DeviceValue": 988, "DeviceString": "988", "TimeStamp": "2023-12-02T03:34:27.0000000+00:00", "$type": "RecordData"}
[19:22:27 VRB] Recording {"DeviceRefId": 373, "DeviceValue": 987, "DeviceString": "987", "TimeStamp": "2023-12-02T03:35:27.0000000+00:00", "$type": "RecordData"}
[19:22:27 VRB] Adding to database: {"DeviceRefId": 373, "DeviceValue": 987, "DeviceString": "987", "TimeStamp": "2023-12-02T03:35:27.0000000+00:00", "$type": "RecordData"}
[19:22:27 VRB] Recording {"DeviceRefId": 373, "DeviceValue": 986, "DeviceString": "986", "TimeStamp": "2023-12-02T03:36:27.0000000+00:00", "$type": "RecordData"}
[19:22:27 VRB] Adding to database: {"DeviceRefId": 373, "DeviceValue": 986, "DeviceString": "986", "TimeStamp": "2023-12-02T03:36:27.0000000+00:00", "$type": "RecordData"}
[19:22:27 VRB] Recording {"DeviceRefId": 373, "DeviceValue": 985, "DeviceString": "985", "TimeStamp": "2023-12-02T03:37:27.0000000+00:00", "$type": "RecordData"}
[19:22:27 VRB] Adding to database: {"DeviceRefId": 373, "DeviceValue": 985, "DeviceString": "985", "TimeStamp": "2023-12-02T03:37:27.0000000+00:00", "$type": "RecordData"}
[19:22:27 VRB] Recording {"DeviceRefId": 373, "DeviceValue": 984, "DeviceString": "984", "TimeStamp": "2023-12-02T03:38:27.0000000+00:00", "$type": "RecordData"}
[19:22:27 VRB] Adding to database: {"DeviceRefId": 373, "DeviceValue": 984, "DeviceString": "984", "TimeStamp": "2023-12-02T03:38:27.0000000+00:00", "$type": "RecordData"}
[19:22:27 VRB] Recording {"DeviceRefId": 373, "DeviceValue": 983, "DeviceString": "983", "TimeStamp": "2023-12-02T03:39:27.0000000+00:00", "$type": "RecordData"}
[19:22:27 VRB] Adding to database: {"DeviceRefId": 373, "DeviceValue": 983, "DeviceString": "983", "TimeStamp": "2023-12-02T03:39:27.0000000+00:00", "$type": "RecordData"}
[19:22:27 VRB] Recording {"DeviceRefId": 373, "DeviceValue": 982, "DeviceString": "982", "TimeStamp": "2023-12-02T03:40:27.0000000+00:00", "$type": "RecordData"}
[19:22:27 VRB] Adding to database: {"DeviceRefId": 373, "DeviceValue": 982, "DeviceString": "982", "TimeStamp": "2023-12-02T03:40:27.0000000+00:00", "$type": "RecordData"}
[19:22:27 VRB] Recording {"DeviceRefId": 373, "DeviceValue": 981, "DeviceString": "981", "TimeStamp": "2023-12-02T03:41:27.0000000+00:00", "$type": "RecordData"}
[19:22:27 VRB] Adding to database: {"DeviceRefId": 373, "DeviceValue": 981, "DeviceString": "981", "TimeStamp": "2023-12-02T03:41:27.0000000+00:00", "$type": "RecordData"}
[19:22:27 VRB] Recording {"DeviceRefId": 373, "DeviceValue": 980, "DeviceString": "980", "TimeStamp": "2023-12-02T03:42:27.0000000+00:00", "$type": "RecordData"}
[19:22:27 VRB] Adding to database: {"DeviceRefId": 373, "DeviceValue": 980, "DeviceString": "980", "TimeStamp": "2023-12-02T03:42:27.0000000+00:00", "$type": "RecordData"}
[19:22:27 VRB] Recording {"DeviceRefId": 373, "DeviceValue": 979, "DeviceString": "979", "TimeStamp": "2023-12-02T03:43:27.0000000+00:00", "$type": "RecordData"}
[19:22:27 VRB] Adding to database: {"DeviceRefId": 373, "DeviceValue": 979, "DeviceString": "979", "TimeStamp": "2023-12-02T03:43:27.0000000+00:00", "$type": "RecordData"}
[19:22:27 VRB] Recording {"DeviceRefId": 373, "DeviceValue": 978, "DeviceString": "978", "TimeStamp": "2023-12-02T03:44:27.0000000+00:00", "$type": "RecordData"}
[19:22:27 VRB] Adding to database: {"DeviceRefId": 373, "DeviceValue": 978, "DeviceString": "978", "TimeStamp": "2023-12-02T03:44:27.0000000+00:00", "$type": "RecordData"}
[19:22:27 VRB] Recording {"DeviceRefId": 373, "DeviceValue": 977, "DeviceString": "977", "TimeStamp": "2023-12-02T03:45:27.0000000+00:00", "$type": "RecordData"}
[19:22:27 VRB] Adding to database: {"DeviceRefId": 373, "DeviceValue": 977, "DeviceString": "977", "TimeStamp": "2023-12-02T03:45:27.0000000+00:00", "$type": "RecordData"}
[19:22:27 VRB] Recording {"DeviceRefId": 373, "DeviceValue": 976, "DeviceString": "976", "TimeStamp": "2023-12-02T03:46:27.0000000+00:00", "$type": "RecordData"}
[19:22:27 VRB] Adding to database: {"DeviceRefId": 373, "DeviceValue": 976, "DeviceString": "976", "TimeStamp": "2023-12-02T03:46:27.0000000+00:00", "$type": "RecordData"}
[19:22:27 VRB] Recording {"DeviceRefId": 373, "DeviceValue": 975, "DeviceString": "975", "TimeStamp": "2023-12-02T03:47:27.0000000+00:00", "$type": "RecordData"}
[19:22:27 VRB] Adding to database: {"DeviceRefId": 373, "DeviceValue": 975, "DeviceString": "975", "TimeStamp": "2023-12-02T03:47:27.0000000+00:00", "$type": "RecordData"}
[19:22:27 VRB] Recording {"DeviceRefId": 373, "DeviceValue": 974, "DeviceString": "974", "TimeStamp": "2023-12-02T03:48:27.0000000+00:00", "$type": "RecordData"}
[19:22:27 VRB] Adding to database: {"DeviceRefId": 373, "DeviceValue": 974, "DeviceString": "974", "TimeStamp": "2023-12-02T03:48:27.0000000+00:00", "$type": "RecordData"}
[19:22:27 VRB] Recording {"DeviceRefId": 373, "DeviceValue": 973, "DeviceString": "973", "TimeStamp": "2023-12-02T03:49:27.0000000+00:00", "$type": "RecordData"}
[19:22:27 VRB] Adding to database: {"DeviceRefId": 373, "DeviceValue": 973, "DeviceString": "973", "TimeStamp": "2023-12-02T03:49:27.0000000+00:00", "$type": "RecordData"}
[19:22:27 VRB] Recording {"DeviceRefId": 373, "DeviceValue": 972, "DeviceString": "972", "TimeStamp": "2023-12-02T03:50:27.0000000+00:00", "$type": "RecordData"}
[19:22:27 VRB] Adding to database: {"DeviceRefId": 373, "DeviceValue": 972, "DeviceString": "972", "TimeStamp": "2023-12-02T03:50:27.0000000+00:00", "$type": "RecordData"}
[19:22:27 VRB] Recording {"DeviceRefId": 373, "DeviceValue": 971, "DeviceString": "971", "TimeStamp": "2023-12-02T03:51:27.0000000+00:00", "$type": "RecordData"}
[19:22:27 VRB] Adding to database: {"DeviceRefId": 373, "DeviceValue": 971, "DeviceString": "971", "TimeStamp": "2023-12-02T03:51:27.0000000+00:00", "$type": "RecordData"}
[19:22:27 VRB] Recording {"DeviceRefId": 373, "DeviceValue": 970, "DeviceString": "970", "TimeStamp": "2023-12-02T03:52:27.0000000+00:00", "$type": "RecordData"}
[19:22:27 VRB] Adding to database: {"DeviceRefId": 373, "DeviceValue": 970, "DeviceString": "970", "TimeStamp": "2023-12-02T03:52:27.0000000+00:00", "$type": "RecordData"}
[19:22:27 VRB] Recording {"DeviceRefId": 373, "DeviceValue": 969, "DeviceString": "969", "TimeStamp": "2023-12-02T03:53:27.0000000+00:00", "$type": "RecordData"}
[19:22:27 VRB] Adding to database: {"DeviceRefId": 373, "DeviceValue": 969, "DeviceString": "969", "TimeStamp": "2023-12-02T03:53:27.0000000+00:00", "$type": "RecordData"}
[19:22:27 VRB] Recording {"DeviceRefId": 373, "DeviceValue": 968, "DeviceString": "968", "TimeStamp": "2023-12-02T03:54:27.0000000+00:00", "$type": "RecordData"}
[19:22:27 VRB] Adding to database: {"DeviceRefId": 373, "DeviceValue": 968, "DeviceString": "968", "TimeStamp": "2023-12-02T03:54:27.0000000+00:00", "$type": "RecordData"}
[19:22:27 VRB] Recording {"DeviceRefId": 373, "DeviceValue": 967, "DeviceString": "967", "TimeStamp": "2023-12-02T03:55:27.0000000+00:00", "$type": "RecordData"}
[19:22:27 VRB] Adding to database: {"DeviceRefId": 373, "DeviceValue": 967, "DeviceString": "967", "TimeStamp": "2023-12-02T03:55:27.0000000+00:00", "$type": "RecordData"}
[19:22:27 VRB] Recording {"DeviceRefId": 373, "DeviceValue": 966, "DeviceString": "966", "TimeStamp": "2023-12-02T03:56:27.0000000+00:00", "$type": "RecordData"}
[19:22:27 VRB] Adding to database: {"DeviceRefId": 373, "DeviceValue": 966, "DeviceString": "966", "TimeStamp": "2023-12-02T03:56:27.0000000+00:00", "$type": "RecordData"}
[19:22:27 VRB] Recording {"DeviceRefId": 373, "DeviceValue": 965, "DeviceString": "965", "TimeStamp": "2023-12-02T03:57:27.0000000+00:00", "$type": "RecordData"}
[19:22:27 VRB] Adding to database: {"DeviceRefId": 373, "DeviceValue": 965, "DeviceString": "965", "TimeStamp": "2023-12-02T03:57:27.0000000+00:00", "$type": "RecordData"}
[19:22:27 VRB] Recording {"DeviceRefId": 373, "DeviceValue": 964, "DeviceString": "964", "TimeStamp": "2023-12-02T03:58:27.0000000+00:00", "$type": "RecordData"}
[19:22:27 VRB] Adding to database: {"DeviceRefId": 373, "DeviceValue": 964, "DeviceString": "964", "TimeStamp": "2023-12-02T03:58:27.0000000+00:00", "$type": "RecordData"}
[19:22:27 VRB] Recording {"DeviceRefId": 373, "DeviceValue": 963, "DeviceString": "963", "TimeStamp": "2023-12-02T03:59:27.0000000+00:00", "$type": "RecordData"}
[19:22:27 VRB] Adding to database: {"DeviceRefId": 373, "DeviceValue": 963, "DeviceString": "963", "TimeStamp": "2023-12-02T03:59:27.0000000+00:00", "$type": "RecordData"}
[19:22:27 VRB] Recording {"DeviceRefId": 373, "DeviceValue": 962, "DeviceString": "962", "TimeStamp": "2023-12-02T04:00:27.0000000+00:00", "$type": "RecordData"}
[19:22:27 VRB] Adding to database: {"DeviceRefId": 373, "DeviceValue": 962, "DeviceString": "962", "TimeStamp": "2023-12-02T04:00:27.0000000+00:00", "$type": "RecordData"}
[19:22:27 VRB] Recording {"DeviceRefId": 373, "DeviceValue": 961, "DeviceString": "961", "TimeStamp": "2023-12-02T04:01:27.0000000+00:00", "$type": "RecordData"}
[19:22:27 VRB] Adding to database: {"DeviceRefId": 373, "DeviceValue": 961, "DeviceString": "961", "TimeStamp": "2023-12-02T04:01:27.0000000+00:00", "$type": "RecordData"}
[19:22:27 VRB] Recording {"DeviceRefId": 373, "DeviceValue": 960, "DeviceString": "960", "TimeStamp": "2023-12-02T04:02:27.0000000+00:00", "$type": "RecordData"}
[19:22:27 VRB] Adding to database: {"DeviceRefId": 373, "DeviceValue": 960, "DeviceString": "960", "TimeStamp": "2023-12-02T04:02:27.0000000+00:00", "$type": "RecordData"}
[19:22:27 VRB] Recording {"DeviceRefId": 373, "DeviceValue": 959, "DeviceString": "959", "TimeStamp": "2023-12-02T04:03:27.0000000+00:00", "$type": "RecordData"}
[19:22:27 VRB] Adding to database: {"DeviceRefId": 373, "DeviceValue": 959, "DeviceString": "959", "TimeStamp": "2023-12-02T04:03:27.0000000+00:00", "$type": "RecordData"}
[19:22:27 VRB] Recording {"DeviceRefId": 373, "DeviceValue": 958, "DeviceString": "958", "TimeStamp": "2023-12-02T04:04:27.0000000+00:00", "$type": "RecordData"}
[19:22:27 VRB] Adding to database: {"DeviceRefId": 373, "DeviceValue": 958, "DeviceString": "958", "TimeStamp": "2023-12-02T04:04:27.0000000+00:00", "$type": "RecordData"}
[19:22:27 VRB] Recording {"DeviceRefId": 373, "DeviceValue": 957, "DeviceString": "957", "TimeStamp": "2023-12-02T04:05:27.0000000+00:00", "$type": "RecordData"}
[19:22:27 VRB] Adding to database: {"DeviceRefId": 373, "DeviceValue": 957, "DeviceString": "957", "TimeStamp": "2023-12-02T04:05:27.0000000+00:00", "$type": "RecordData"}
[19:22:27 VRB] Recording {"DeviceRefId": 373, "DeviceValue": 956, "DeviceString": "956", "TimeStamp": "2023-12-02T04:06:27.0000000+00:00", "$type": "RecordData"}
[19:22:27 VRB] Adding to database: {"DeviceRefId": 373, "DeviceValue": 956, "DeviceString": "956", "TimeStamp": "2023-12-02T04:06:27.0000000+00:00", "$type": "RecordData"}
[19:22:27 VRB] Recording {"DeviceRefId": 373, "DeviceValue": 955, "DeviceString": "955", "TimeStamp": "2023-12-02T04:07:27.0000000+00:00", "$type": "RecordData"}
[19:22:27 VRB] Adding to database: {"DeviceRefId": 373, "DeviceValue": 955, "DeviceString": "955", "TimeStamp": "2023-12-02T04:07:27.0000000+00:00", "$type": "RecordData"}
[19:22:27 VRB] Recording {"DeviceRefId": 373, "DeviceValue": 954, "DeviceString": "954", "TimeStamp": "2023-12-02T04:08:27.0000000+00:00", "$type": "RecordData"}
[19:22:27 VRB] Adding to database: {"DeviceRefId": 373, "DeviceValue": 954, "DeviceString": "954", "TimeStamp": "2023-12-02T04:08:27.0000000+00:00", "$type": "RecordData"}
[19:22:27 VRB] Recording {"DeviceRefId": 373, "DeviceValue": 953, "DeviceString": "953", "TimeStamp": "2023-12-02T04:09:27.0000000+00:00", "$type": "RecordData"}
[19:22:27 VRB] Adding to database: {"DeviceRefId": 373, "DeviceValue": 953, "DeviceString": "953", "TimeStamp": "2023-12-02T04:09:27.0000000+00:00", "$type": "RecordData"}
[19:22:27 VRB] Recording {"DeviceRefId": 373, "DeviceValue": 952, "DeviceString": "952", "TimeStamp": "2023-12-02T04:10:27.0000000+00:00", "$type": "RecordData"}
[19:22:27 VRB] Adding to database: {"DeviceRefId": 373, "DeviceValue": 952, "DeviceString": "952", "TimeStamp": "2023-12-02T04:10:27.0000000+00:00", "$type": "RecordData"}
[19:22:27 VRB] Recording {"DeviceRefId": 373, "DeviceValue": 951, "DeviceString": "951", "TimeStamp": "2023-12-02T04:11:27.0000000+00:00", "$type": "RecordData"}
[19:22:27 VRB] Adding to database: {"DeviceRefId": 373, "DeviceValue": 951, "DeviceString": "951", "TimeStamp": "2023-12-02T04:11:27.0000000+00:00", "$type": "RecordData"}
[19:22:27 VRB] Recording {"DeviceRefId": 373, "DeviceValue": 950, "DeviceString": "950", "TimeStamp": "2023-12-02T04:12:27.0000000+00:00", "$type": "RecordData"}
[19:22:27 VRB] Adding to database: {"DeviceRefId": 373, "DeviceValue": 950, "DeviceString": "950", "TimeStamp": "2023-12-02T04:12:27.0000000+00:00", "$type": "RecordData"}
[19:22:27 VRB] Recording {"DeviceRefId": 373, "DeviceValue": 949, "DeviceString": "949", "TimeStamp": "2023-12-02T04:13:27.0000000+00:00", "$type": "RecordData"}
[19:22:27 VRB] Adding to database: {"DeviceRefId": 373, "DeviceValue": 949, "DeviceString": "949", "TimeStamp": "2023-12-02T04:13:27.0000000+00:00", "$type": "RecordData"}
[19:22:27 VRB] Recording {"DeviceRefId": 373, "DeviceValue": 948, "DeviceString": "948", "TimeStamp": "2023-12-02T04:14:27.0000000+00:00", "$type": "RecordData"}
[19:22:27 VRB] Adding to database: {"DeviceRefId": 373, "DeviceValue": 948, "DeviceString": "948", "TimeStamp": "2023-12-02T04:14:27.0000000+00:00", "$type": "RecordData"}
[19:22:27 VRB] Recording {"DeviceRefId": 373, "DeviceValue": 947, "DeviceString": "947", "TimeStamp": "2023-12-02T04:15:27.0000000+00:00", "$type": "RecordData"}
[19:22:27 VRB] Adding to database: {"DeviceRefId": 373, "DeviceValue": 947, "DeviceString": "947", "TimeStamp": "2023-12-02T04:15:27.0000000+00:00", "$type": "RecordData"}
[19:22:27 VRB] Recording {"DeviceRefId": 373, "DeviceValue": 946, "DeviceString": "946", "TimeStamp": "2023-12-02T04:16:27.0000000+00:00", "$type": "RecordData"}
[19:22:27 VRB] Adding to database: {"DeviceRefId": 373, "DeviceValue": 946, "DeviceString": "946", "TimeStamp": "2023-12-02T04:16:27.0000000+00:00", "$type": "RecordData"}
[19:22:27 VRB] Recording {"DeviceRefId": 373, "DeviceValue": 945, "DeviceString": "945", "TimeStamp": "2023-12-02T04:17:27.0000000+00:00", "$type": "RecordData"}
[19:22:27 VRB] Adding to database: {"DeviceRefId": 373, "DeviceValue": 945, "DeviceString": "945", "TimeStamp": "2023-12-02T04:17:27.0000000+00:00", "$type": "RecordData"}
[19:22:27 VRB] Recording {"DeviceRefId": 373, "DeviceValue": 944, "DeviceString": "944", "TimeStamp": "2023-12-02T04:18:27.0000000+00:00", "$type": "RecordData"}
[19:22:27 VRB] Adding to database: {"DeviceRefId": 373, "DeviceValue": 944, "DeviceString": "944", "TimeStamp": "2023-12-02T04:18:27.0000000+00:00", "$type": "RecordData"}
[19:22:27 VRB] Recording {"DeviceRefId": 373, "DeviceValue": 943, "DeviceString": "943", "TimeStamp": "2023-12-02T04:19:27.0000000+00:00", "$type": "RecordData"}
[19:22:27 VRB] Adding to database: {"DeviceRefId": 373, "DeviceValue": 943, "DeviceString": "943", "TimeStamp": "2023-12-02T04:19:27.0000000+00:00", "$type": "RecordData"}
[19:22:27 VRB] Recording {"DeviceRefId": 373, "DeviceValue": 942, "DeviceString": "942", "TimeStamp": "2023-12-02T04:20:27.0000000+00:00", "$type": "RecordData"}
[19:22:27 VRB] Adding to database: {"DeviceRefId": 373, "DeviceValue": 942, "DeviceString": "942", "TimeStamp": "2023-12-02T04:20:27.0000000+00:00", "$type": "RecordData"}
[19:22:27 VRB] Recording {"DeviceRefId": 373, "DeviceValue": 941, "DeviceString": "941", "TimeStamp": "2023-12-02T04:21:27.0000000+00:00", "$type": "RecordData"}
[19:22:27 VRB] Adding to database: {"DeviceRefId": 373, "DeviceValue": 941, "DeviceString": "941", "TimeStamp": "2023-12-02T04:21:27.0000000+00:00", "$type": "RecordData"}
[19:22:27 VRB] Recording {"DeviceRefId": 373, "DeviceValue": 940, "DeviceString": "940", "TimeStamp": "2023-12-02T04:22:27.0000000+00:00", "$type": "RecordData"}
[19:22:27 VRB] Adding to database: {"DeviceRefId": 373, "DeviceValue": 940, "DeviceString": "940", "TimeStamp": "2023-12-02T04:22:27.0000000+00:00", "$type": "RecordData"}
[19:22:28 VRB] Recording {"DeviceRefId": 373, "DeviceValue": 939, "DeviceString": "939", "TimeStamp": "2023-12-02T04:23:27.0000000+00:00", "$type": "RecordData"}
[19:22:28 VRB] Adding to database: {"DeviceRefId": 373, "DeviceValue": 939, "DeviceString": "939", "TimeStamp": "2023-12-02T04:23:27.0000000+00:00", "$type": "RecordData"}
[19:22:28 VRB] Recording {"DeviceRefId": 373, "DeviceValue": 938, "DeviceString": "938", "TimeStamp": "2023-12-02T04:24:27.0000000+00:00", "$type": "RecordData"}
[19:22:28 VRB] Adding to database: {"DeviceRefId": 373, "DeviceValue": 938, "DeviceString": "938", "TimeStamp": "2023-12-02T04:24:27.0000000+00:00", "$type": "RecordData"}
[19:22:28 VRB] Recording {"DeviceRefId": 373, "DeviceValue": 937, "DeviceString": "937", "TimeStamp": "2023-12-02T04:25:27.0000000+00:00", "$type": "RecordData"}
[19:22:28 VRB] Adding to database: {"DeviceRefId": 373, "DeviceValue": 937, "DeviceString": "937", "TimeStamp": "2023-12-02T04:25:27.0000000+00:00", "$type": "RecordData"}
[19:22:28 VRB] Recording {"DeviceRefId": 373, "DeviceValue": 936, "DeviceString": "936", "TimeStamp": "2023-12-02T04:26:27.0000000+00:00", "$type": "RecordData"}
[19:22:28 VRB] Adding to database: {"DeviceRefId": 373, "DeviceValue": 936, "DeviceString": "936", "TimeStamp": "2023-12-02T04:26:27.0000000+00:00", "$type": "RecordData"}
[19:22:28 VRB] Recording {"DeviceRefId": 373, "DeviceValue": 935, "DeviceString": "935", "TimeStamp": "2023-12-02T04:27:27.0000000+00:00", "$type": "RecordData"}
[19:22:28 VRB] Adding to database: {"DeviceRefId": 373, "DeviceValue": 935, "DeviceString": "935", "TimeStamp": "2023-12-02T04:27:27.0000000+00:00", "$type": "RecordData"}
[19:22:28 VRB] Recording {"DeviceRefId": 373, "DeviceValue": 934, "DeviceString": "934", "TimeStamp": "2023-12-02T04:28:27.0000000+00:00", "$type": "RecordData"}
[19:22:28 VRB] Adding to database: {"DeviceRefId": 373, "DeviceValue": 934, "DeviceString": "934", "TimeStamp": "2023-12-02T04:28:27.0000000+00:00", "$type": "RecordData"}
[19:22:28 VRB] Recording {"DeviceRefId": 373, "DeviceValue": 933, "DeviceString": "933", "TimeStamp": "2023-12-02T04:29:27.0000000+00:00", "$type": "RecordData"}
[19:22:28 VRB] Adding to database: {"DeviceRefId": 373, "DeviceValue": 933, "DeviceString": "933", "TimeStamp": "2023-12-02T04:29:27.0000000+00:00", "$type": "RecordData"}
[19:22:28 VRB] Recording {"DeviceRefId": 373, "DeviceValue": 932, "DeviceString": "932", "TimeStamp": "2023-12-02T04:30:27.0000000+00:00", "$type": "RecordData"}
[19:22:28 VRB] Adding to database: {"DeviceRefId": 373, "DeviceValue": 932, "DeviceString": "932", "TimeStamp": "2023-12-02T04:30:27.0000000+00:00", "$type": "RecordData"}
[19:22:28 VRB] Recording {"DeviceRefId": 373, "DeviceValue": 931, "DeviceString": "931", "TimeStamp": "2023-12-02T04:31:27.0000000+00:00", "$type": "RecordData"}
[19:22:28 VRB] Adding to database: {"DeviceRefId": 373, "DeviceValue": 931, "DeviceString": "931", "TimeStamp": "2023-12-02T04:31:27.0000000+00:00", "$type": "RecordData"}
[19:22:28 VRB] Recording {"DeviceRefId": 373, "DeviceValue": 930, "DeviceString": "930", "TimeStamp": "2023-12-02T04:32:27.0000000+00:00", "$type": "RecordData"}
[19:22:28 VRB] Adding to database: {"DeviceRefId": 373, "DeviceValue": 930, "DeviceString": "930", "TimeStamp": "2023-12-02T04:32:27.0000000+00:00", "$type": "RecordData"}
[19:22:28 VRB] Recording {"DeviceRefId": 373, "DeviceValue": 929, "DeviceString": "929", "TimeStamp": "2023-12-02T04:33:27.0000000+00:00", "$type": "RecordData"}
[19:22:28 VRB] Adding to database: {"DeviceRefId": 373, "DeviceValue": 929, "DeviceString": "929", "TimeStamp": "2023-12-02T04:33:27.0000000+00:00", "$type": "RecordData"}
[19:22:28 VRB] Recording {"DeviceRefId": 373, "DeviceValue": 928, "DeviceString": "928", "TimeStamp": "2023-12-02T04:34:27.0000000+00:00", "$type": "RecordData"}
[19:22:28 VRB] Adding to database: {"DeviceRefId": 373, "DeviceValue": 928, "DeviceString": "928", "TimeStamp": "2023-12-02T04:34:27.0000000+00:00", "$type": "RecordData"}
[19:22:28 VRB] Recording {"DeviceRefId": 373, "DeviceValue": 927, "DeviceString": "927", "TimeStamp": "2023-12-02T04:35:27.0000000+00:00", "$type": "RecordData"}
[19:22:28 VRB] Adding to database: {"DeviceRefId": 373, "DeviceValue": 927, "DeviceString": "927", "TimeStamp": "2023-12-02T04:35:27.0000000+00:00", "$type": "RecordData"}
[19:22:28 VRB] Recording {"DeviceRefId": 373, "DeviceValue": 926, "DeviceString": "926", "TimeStamp": "2023-12-02T04:36:27.0000000+00:00", "$type": "RecordData"}
[19:22:28 VRB] Adding to database: {"DeviceRefId": 373, "DeviceValue": 926, "DeviceString": "926", "TimeStamp": "2023-12-02T04:36:27.0000000+00:00", "$type": "RecordData"}
[19:22:28 VRB] Recording {"DeviceRefId": 373, "DeviceValue": 925, "DeviceString": "925", "TimeStamp": "2023-12-02T04:37:27.0000000+00:00", "$type": "RecordData"}
[19:22:28 VRB] Adding to database: {"DeviceRefId": 373, "DeviceValue": 925, "DeviceString": "925", "TimeStamp": "2023-12-02T04:37:27.0000000+00:00", "$type": "RecordData"}
[19:22:28 VRB] Recording {"DeviceRefId": 373, "DeviceValue": 924, "DeviceString": "924", "TimeStamp": "2023-12-02T04:38:27.0000000+00:00", "$type": "RecordData"}
[19:22:28 VRB] Adding to database: {"DeviceRefId": 373, "DeviceValue": 924, "DeviceString": "924", "TimeStamp": "2023-12-02T04:38:27.0000000+00:00", "$type": "RecordData"}
[19:22:28 VRB] Recording {"DeviceRefId": 373, "DeviceValue": 923, "DeviceString": "923", "TimeStamp": "2023-12-02T04:39:27.0000000+00:00", "$type": "RecordData"}
[19:22:28 VRB] Adding to database: {"DeviceRefId": 373, "DeviceValue": 923, "DeviceString": "923", "TimeStamp": "2023-12-02T04:39:27.0000000+00:00", "$type": "RecordData"}
[19:22:28 VRB] Recording {"DeviceRefId": 373, "DeviceValue": 922, "DeviceString": "922", "TimeStamp": "2023-12-02T04:40:27.0000000+00:00", "$type": "RecordData"}
[19:22:28 VRB] Adding to database: {"DeviceRefId": 373, "DeviceValue": 922, "DeviceString": "922", "TimeStamp": "2023-12-02T04:40:27.0000000+00:00", "$type": "RecordData"}
[19:22:28 VRB] Recording {"DeviceRefId": 373, "DeviceValue": 921, "DeviceString": "921", "TimeStamp": "2023-12-02T04:41:27.0000000+00:00", "$type": "RecordData"}
[19:22:28 VRB] Adding to database: {"DeviceRefId": 373, "DeviceValue": 921, "DeviceString": "921", "TimeStamp": "2023-12-02T04:41:27.0000000+00:00", "$type": "RecordData"}
[19:22:28 VRB] Recording {"DeviceRefId": 373, "DeviceValue": 920, "DeviceString": "920", "TimeStamp": "2023-12-02T04:42:27.0000000+00:00", "$type": "RecordData"}
[19:22:28 VRB] Adding to database: {"DeviceRefId": 373, "DeviceValue": 920, "DeviceString": "920", "TimeStamp": "2023-12-02T04:42:27.0000000+00:00", "$type": "RecordData"}
[19:22:28 VRB] Recording {"DeviceRefId": 373, "DeviceValue": 919, "DeviceString": "919", "TimeStamp": "2023-12-02T04:43:27.0000000+00:00", "$type": "RecordData"}
[19:22:28 VRB] Adding to database: {"DeviceRefId": 373, "DeviceValue": 919, "DeviceString": "919", "TimeStamp": "2023-12-02T04:43:27.0000000+00:00", "$type": "RecordData"}
[19:22:28 VRB] Recording {"DeviceRefId": 373, "DeviceValue": 918, "DeviceString": "918", "TimeStamp": "2023-12-02T04:44:27.0000000+00:00", "$type": "RecordData"}
[19:22:28 VRB] Adding to database: {"DeviceRefId": 373, "DeviceValue": 918, "DeviceString": "918", "TimeStamp": "2023-12-02T04:44:27.0000000+00:00", "$type": "RecordData"}
[19:22:28 VRB] Recording {"DeviceRefId": 373, "DeviceValue": 917, "DeviceString": "917", "TimeStamp": "2023-12-02T04:45:27.0000000+00:00", "$type": "RecordData"}
[19:22:28 VRB] Adding to database: {"DeviceRefId": 373, "DeviceValue": 917, "DeviceString": "917", "TimeStamp": "2023-12-02T04:45:27.0000000+00:00", "$type": "RecordData"}
[19:22:28 VRB] Recording {"DeviceRefId": 373, "DeviceValue": 916, "DeviceString": "916", "TimeStamp": "2023-12-02T04:46:27.0000000+00:00", "$type": "RecordData"}
[19:22:28 VRB] Adding to database: {"DeviceRefId": 373, "DeviceValue": 916, "DeviceString": "916", "TimeStamp": "2023-12-02T04:46:27.0000000+00:00", "$type": "RecordData"}
[19:22:28 VRB] Recording {"DeviceRefId": 373, "DeviceValue": 915, "DeviceString": "915", "TimeStamp": "2023-12-02T04:47:27.0000000+00:00", "$type": "RecordData"}
[19:22:28 VRB] Adding to database: {"DeviceRefId": 373, "DeviceValue": 915, "DeviceString": "915", "TimeStamp": "2023-12-02T04:47:27.0000000+00:00", "$type": "RecordData"}
[19:22:28 VRB] Recording {"DeviceRefId": 373, "DeviceValue": 914, "DeviceString": "914", "TimeStamp": "2023-12-02T04:48:27.0000000+00:00", "$type": "RecordData"}
[19:22:28 VRB] Adding to database: {"DeviceRefId": 373, "DeviceValue": 914, "DeviceString": "914", "TimeStamp": "2023-12-02T04:48:27.0000000+00:00", "$type": "RecordData"}
[19:22:28 VRB] Recording {"DeviceRefId": 373, "DeviceValue": 913, "DeviceString": "913", "TimeStamp": "2023-12-02T04:49:27.0000000+00:00", "$type": "RecordData"}
[19:22:28 VRB] Adding to database: {"DeviceRefId": 373, "DeviceValue": 913, "DeviceString": "913", "TimeStamp": "2023-12-02T04:49:27.0000000+00:00", "$type": "RecordData"}
[19:22:28 VRB] Recording {"DeviceRefId": 373, "DeviceValue": 912, "DeviceString": "912", "TimeStamp": "2023-12-02T04:50:27.0000000+00:00", "$type": "RecordData"}
[19:22:28 VRB] Adding to database: {"DeviceRefId": 373, "DeviceValue": 912, "DeviceString": "912", "TimeStamp": "2023-12-02T04:50:27.0000000+00:00", "$type": "RecordData"}
[19:22:28 VRB] Recording {"DeviceRefId": 373, "DeviceValue": 911, "DeviceString": "911", "TimeStamp": "2023-12-02T04:51:27.0000000+00:00", "$type": "RecordData"}
[19:22:28 VRB] Adding to database: {"DeviceRefId": 373, "DeviceValue": 911, "DeviceString": "911", "TimeStamp": "2023-12-02T04:51:27.0000000+00:00", "$type": "RecordData"}
[19:22:28 VRB] Recording {"DeviceRefId": 373, "DeviceValue": 910, "DeviceString": "910", "TimeStamp": "2023-12-02T04:52:27.0000000+00:00", "$type": "RecordData"}
[19:22:28 VRB] Adding to database: {"DeviceRefId": 373, "DeviceValue": 910, "DeviceString": "910", "TimeStamp": "2023-12-02T04:52:27.0000000+00:00", "$type": "RecordData"}
[19:22:28 VRB] Recording {"DeviceRefId": 373, "DeviceValue": 909, "DeviceString": "909", "TimeStamp": "2023-12-02T04:53:27.0000000+00:00", "$type": "RecordData"}
[19:22:28 VRB] Adding to database: {"DeviceRefId": 373, "DeviceValue": 909, "DeviceString": "909", "TimeStamp": "2023-12-02T04:53:27.0000000+00:00", "$type": "RecordData"}
[19:22:28 VRB] Recording {"DeviceRefId": 373, "DeviceValue": 908, "DeviceString": "908", "TimeStamp": "2023-12-02T04:54:27.0000000+00:00", "$type": "RecordData"}
[19:22:28 VRB] Adding to database: {"DeviceRefId": 373, "DeviceValue": 908, "DeviceString": "908", "TimeStamp": "2023-12-02T04:54:27.0000000+00:00", "$type": "RecordData"}
[19:22:28 VRB] Recording {"DeviceRefId": 373, "DeviceValue": 907, "DeviceString": "907", "TimeStamp": "2023-12-02T04:55:27.0000000+00:00", "$type": "RecordData"}
[19:22:28 VRB] Adding to database: {"DeviceRefId": 373, "DeviceValue": 907, "DeviceString": "907", "TimeStamp": "2023-12-02T04:55:27.0000000+00:00", "$type": "RecordData"}
[19:22:28 VRB] Recording {"DeviceRefId": 373, "DeviceValue": 906, "DeviceString": "906", "TimeStamp": "2023-12-02T04:56:27.0000000+00:00", "$type": "RecordData"}
[19:22:28 VRB] Adding to database: {"DeviceRefId": 373, "DeviceValue": 906, "DeviceString": "906", "TimeStamp": "2023-12-02T04:56:27.0000000+00:00", "$type": "RecordData"}
[19:22:28 VRB] Recording {"DeviceRefId": 373, "DeviceValue": 905, "DeviceString": "905", "TimeStamp": "2023-12-02T04:57:27.0000000+00:00", "$type": "RecordData"}
[19:22:28 VRB] Adding to database: {"DeviceRefId": 373, "DeviceValue": 905, "DeviceString": "905", "TimeStamp": "2023-12-02T04:57:27.0000000+00:00", "$type": "RecordData"}
[19:22:28 VRB] Recording {"DeviceRefId": 373, "DeviceValue": 904, "DeviceString": "904", "TimeStamp": "2023-12-02T04:58:27.0000000+00:00", "$type": "RecordData"}
[19:22:28 VRB] Adding to database: {"DeviceRefId": 373, "DeviceValue": 904, "DeviceString": "904", "TimeStamp": "2023-12-02T04:58:27.0000000+00:00", "$type": "RecordData"}
[19:22:28 VRB] Recording {"DeviceRefId": 373, "DeviceValue": 903, "DeviceString": "903", "TimeStamp": "2023-12-02T04:59:27.0000000+00:00", "$type": "RecordData"}
[19:22:28 VRB] Adding to database: {"DeviceRefId": 373, "DeviceValue": 903, "DeviceString": "903", "TimeStamp": "2023-12-02T04:59:27.0000000+00:00", "$type": "RecordData"}
[19:22:28 VRB] Recording {"DeviceRefId": 373, "DeviceValue": 902, "DeviceString": "902", "TimeStamp": "2023-12-02T05:00:27.0000000+00:00", "$type": "RecordData"}
[19:22:28 VRB] Adding to database: {"DeviceRefId": 373, "DeviceValue": 902, "DeviceString": "902", "TimeStamp": "2023-12-02T05:00:27.0000000+00:00", "$type": "RecordData"}
[19:22:28 VRB] Recording {"DeviceRefId": 373, "DeviceValue": 901, "DeviceString": "901", "TimeStamp": "2023-12-02T05:01:27.0000000+00:00", "$type": "RecordData"}
[19:22:28 VRB] Adding to database: {"DeviceRefId": 373, "DeviceValue": 901, "DeviceString": "901", "TimeStamp": "2023-12-02T05:01:27.0000000+00:00", "$type": "RecordData"}
[19:22:28 DBG] PostBackProc for historyrecords for refId=373&amp;min=1701487947000&amp;max=1701489147000&amp;start=0&amp;length=10&amp;order[0][column]=0&amp;order[0][dir]=desc
[19:22:28 DBG] HandleHistoryRecords refId=373&amp;min=1701487947000&amp;max=1701489147000&amp;start=0&amp;length=10&amp;order[0][column]=0&amp;order[0][dir]=desc
Disconnecting from HomeSeer...
[19:22:28 INF] Shutting down
[19:22:28 DBG] Disposing Sqlite connection
[19:22:28 DBG] Finish records update thread
</system-out>
    </testcase>
    <testcase name="DatatableCallbackTotalCorrect(System.Func`3[HomeSeer.PluginSdk.Devices.HsFeature,System.Collections.Generic.List`1[Hspi.RecordData],System.String],100,61)" assertions="105" time="1.543590" status="Passed" classname="HSPI_HistoricalRecordsTest.DevicePageHistoryCallbacksTest">
      <system-out>[19:22:28 INF] Plugin Starting
[19:22:28 INF] e_sqlite3 version:3.44.0
[19:22:28 INF] Connecting to database: C:\Users\Deepak\AppData\Local\Temp\3t4tj3wk.fpu\data\HistoricalRecords\records.db
[19:22:28 DBG] Starting records update thread
[19:22:28 DBG] Starting RecordAllDevices
[19:22:28 VRB] Recording {"DeviceRefId": 373, "DeviceValue": 0, "DeviceString": null, "TimeStamp": "2023-12-02T03:22:28.0000000+00:00", "$type": "RecordData"}
[19:22:28 VRB] Adding to database: {"DeviceRefId": 373, "DeviceValue": 0, "DeviceString": null, "TimeStamp": "2023-12-02T03:22:28.0000000+00:00", "$type": "RecordData"}
[19:22:28 DBG] Finished RecordAllDevices
[19:22:28 INF] Plugin Started
[19:22:28 VRB] Recording {"DeviceRefId": 373, "DeviceValue": 1000, "DeviceString": "1000", "TimeStamp": "2023-12-02T03:22:28.0000000+00:00", "$type": "RecordData"}
[19:22:28 VRB] Adding to database: {"DeviceRefId": 373, "DeviceValue": 1000, "DeviceString": "1000", "TimeStamp": "2023-12-02T03:22:28.0000000+00:00", "$type": "RecordData"}
[19:22:28 VRB] Recording {"DeviceRefId": 373, "DeviceValue": 999, "DeviceString": "999", "TimeStamp": "2023-12-02T03:23:28.0000000+00:00", "$type": "RecordData"}
[19:22:28 VRB] Adding to database: {"DeviceRefId": 373, "DeviceValue": 999, "DeviceString": "999", "TimeStamp": "2023-12-02T03:23:28.0000000+00:00", "$type": "RecordData"}
[19:22:28 INF] Starting maintaining database
[19:22:28 DBG] Start Pruning older records
[19:22:28 DBG] Finished pruning older records
[19:22:28 INF] Finished maintaining database
[19:22:28 VRB] Recording {"DeviceRefId": 373, "DeviceValue": 998, "DeviceString": "998", "TimeStamp": "2023-12-02T03:24:28.0000000+00:00", "$type": "RecordData"}
[19:22:28 VRB] Adding to database: {"DeviceRefId": 373, "DeviceValue": 998, "DeviceString": "998", "TimeStamp": "2023-12-02T03:24:28.0000000+00:00", "$type": "RecordData"}
[19:22:28 VRB] Recording {"DeviceRefId": 373, "DeviceValue": 997, "DeviceString": "997", "TimeStamp": "2023-12-02T03:25:28.0000000+00:00", "$type": "RecordData"}
[19:22:28 VRB] Adding to database: {"DeviceRefId": 373, "DeviceValue": 997, "DeviceString": "997", "TimeStamp": "2023-12-02T03:25:28.0000000+00:00", "$type": "RecordData"}
[19:22:28 VRB] Recording {"DeviceRefId": 373, "DeviceValue": 996, "DeviceString": "996", "TimeStamp": "2023-12-02T03:26:28.0000000+00:00", "$type": "RecordData"}
[19:22:28 VRB] Adding to database: {"DeviceRefId": 373, "DeviceValue": 996, "DeviceString": "996", "TimeStamp": "2023-12-02T03:26:28.0000000+00:00", "$type": "RecordData"}
[19:22:28 VRB] Recording {"DeviceRefId": 373, "DeviceValue": 995, "DeviceString": "995", "TimeStamp": "2023-12-02T03:27:28.0000000+00:00", "$type": "RecordData"}
[19:22:28 VRB] Adding to database: {"DeviceRefId": 373, "DeviceValue": 995, "DeviceString": "995", "TimeStamp": "2023-12-02T03:27:28.0000000+00:00", "$type": "RecordData"}
[19:22:28 VRB] Recording {"DeviceRefId": 373, "DeviceValue": 994, "DeviceString": "994", "TimeStamp": "2023-12-02T03:28:28.0000000+00:00", "$type": "RecordData"}
[19:22:28 VRB] Adding to database: {"DeviceRefId": 373, "DeviceValue": 994, "DeviceString": "994", "TimeStamp": "2023-12-02T03:28:28.0000000+00:00", "$type": "RecordData"}
[19:22:28 VRB] Recording {"DeviceRefId": 373, "DeviceValue": 993, "DeviceString": "993", "TimeStamp": "2023-12-02T03:29:28.0000000+00:00", "$type": "RecordData"}
[19:22:28 VRB] Adding to database: {"DeviceRefId": 373, "DeviceValue": 993, "DeviceString": "993", "TimeStamp": "2023-12-02T03:29:28.0000000+00:00", "$type": "RecordData"}
[19:22:28 VRB] Recording {"DeviceRefId": 373, "DeviceValue": 992, "DeviceString": "992", "TimeStamp": "2023-12-02T03:30:28.0000000+00:00", "$type": "RecordData"}
[19:22:28 VRB] Adding to database: {"DeviceRefId": 373, "DeviceValue": 992, "DeviceString": "992", "TimeStamp": "2023-12-02T03:30:28.0000000+00:00", "$type": "RecordData"}
[19:22:28 VRB] Recording {"DeviceRefId": 373, "DeviceValue": 991, "DeviceString": "991", "TimeStamp": "2023-12-02T03:31:28.0000000+00:00", "$type": "RecordData"}
[19:22:28 VRB] Adding to database: {"DeviceRefId": 373, "DeviceValue": 991, "DeviceString": "991", "TimeStamp": "2023-12-02T03:31:28.0000000+00:00", "$type": "RecordData"}
[19:22:28 VRB] Recording {"DeviceRefId": 373, "DeviceValue": 990, "DeviceString": "990", "TimeStamp": "2023-12-02T03:32:28.0000000+00:00", "$type": "RecordData"}
[19:22:28 VRB] Adding to database: {"DeviceRefId": 373, "DeviceValue": 990, "DeviceString": "990", "TimeStamp": "2023-12-02T03:32:28.0000000+00:00", "$type": "RecordData"}
[19:22:28 VRB] Recording {"DeviceRefId": 373, "DeviceValue": 989, "DeviceString": "989", "TimeStamp": "2023-12-02T03:33:28.0000000+00:00", "$type": "RecordData"}
[19:22:28 VRB] Adding to database: {"DeviceRefId": 373, "DeviceValue": 989, "DeviceString": "989", "TimeStamp": "2023-12-02T03:33:28.0000000+00:00", "$type": "RecordData"}
[19:22:28 VRB] Recording {"DeviceRefId": 373, "DeviceValue": 988, "DeviceString": "988", "TimeStamp": "2023-12-02T03:34:28.0000000+00:00", "$type": "RecordData"}
[19:22:28 VRB] Adding to database: {"DeviceRefId": 373, "DeviceValue": 988, "DeviceString": "988", "TimeStamp": "2023-12-02T03:34:28.0000000+00:00", "$type": "RecordData"}
[19:22:28 VRB] Recording {"DeviceRefId": 373, "DeviceValue": 987, "DeviceString": "987", "TimeStamp": "2023-12-02T03:35:28.0000000+00:00", "$type": "RecordData"}
[19:22:28 VRB] Adding to database: {"DeviceRefId": 373, "DeviceValue": 987, "DeviceString": "987", "TimeStamp": "2023-12-02T03:35:28.0000000+00:00", "$type": "RecordData"}
[19:22:28 VRB] Recording {"DeviceRefId": 373, "DeviceValue": 986, "DeviceString": "986", "TimeStamp": "2023-12-02T03:36:28.0000000+00:00", "$type": "RecordData"}
[19:22:28 VRB] Adding to database: {"DeviceRefId": 373, "DeviceValue": 986, "DeviceString": "986", "TimeStamp": "2023-12-02T03:36:28.0000000+00:00", "$type": "RecordData"}
[19:22:28 VRB] Recording {"DeviceRefId": 373, "DeviceValue": 985, "DeviceString": "985", "TimeStamp": "2023-12-02T03:37:28.0000000+00:00", "$type": "RecordData"}
[19:22:28 VRB] Adding to database: {"DeviceRefId": 373, "DeviceValue": 985, "DeviceString": "985", "TimeStamp": "2023-12-02T03:37:28.0000000+00:00", "$type": "RecordData"}
[19:22:28 VRB] Recording {"DeviceRefId": 373, "DeviceValue": 984, "DeviceString": "984", "TimeStamp": "2023-12-02T03:38:28.0000000+00:00", "$type": "RecordData"}
[19:22:28 VRB] Adding to database: {"DeviceRefId": 373, "DeviceValue": 984, "DeviceString": "984", "TimeStamp": "2023-12-02T03:38:28.0000000+00:00", "$type": "RecordData"}
[19:22:28 VRB] Recording {"DeviceRefId": 373, "DeviceValue": 983, "DeviceString": "983", "TimeStamp": "2023-12-02T03:39:28.0000000+00:00", "$type": "RecordData"}
[19:22:28 VRB] Adding to database: {"DeviceRefId": 373, "DeviceValue": 983, "DeviceString": "983", "TimeStamp": "2023-12-02T03:39:28.0000000+00:00", "$type": "RecordData"}
[19:22:28 VRB] Recording {"DeviceRefId": 373, "DeviceValue": 982, "DeviceString": "982", "TimeStamp": "2023-12-02T03:40:28.0000000+00:00", "$type": "RecordData"}
[19:22:28 VRB] Adding to database: {"DeviceRefId": 373, "DeviceValue": 982, "DeviceString": "982", "TimeStamp": "2023-12-02T03:40:28.0000000+00:00", "$type": "RecordData"}
[19:22:28 VRB] Recording {"DeviceRefId": 373, "DeviceValue": 981, "DeviceString": "981", "TimeStamp": "2023-12-02T03:41:28.0000000+00:00", "$type": "RecordData"}
[19:22:28 VRB] Adding to database: {"DeviceRefId": 373, "DeviceValue": 981, "DeviceString": "981", "TimeStamp": "2023-12-02T03:41:28.0000000+00:00", "$type": "RecordData"}
[19:22:28 VRB] Recording {"DeviceRefId": 373, "DeviceValue": 980, "DeviceString": "980", "TimeStamp": "2023-12-02T03:42:28.0000000+00:00", "$type": "RecordData"}
[19:22:28 VRB] Adding to database: {"DeviceRefId": 373, "DeviceValue": 980, "DeviceString": "980", "TimeStamp": "2023-12-02T03:42:28.0000000+00:00", "$type": "RecordData"}
[19:22:28 VRB] Recording {"DeviceRefId": 373, "DeviceValue": 979, "DeviceString": "979", "TimeStamp": "2023-12-02T03:43:28.0000000+00:00", "$type": "RecordData"}
[19:22:28 VRB] Adding to database: {"DeviceRefId": 373, "DeviceValue": 979, "DeviceString": "979", "TimeStamp": "2023-12-02T03:43:28.0000000+00:00", "$type": "RecordData"}
[19:22:28 VRB] Recording {"DeviceRefId": 373, "DeviceValue": 978, "DeviceString": "978", "TimeStamp": "2023-12-02T03:44:28.0000000+00:00", "$type": "RecordData"}
[19:22:28 VRB] Adding to database: {"DeviceRefId": 373, "DeviceValue": 978, "DeviceString": "978", "TimeStamp": "2023-12-02T03:44:28.0000000+00:00", "$type": "RecordData"}
[19:22:28 VRB] Recording {"DeviceRefId": 373, "DeviceValue": 977, "DeviceString": "977", "TimeStamp": "2023-12-02T03:45:28.0000000+00:00", "$type": "RecordData"}
[19:22:28 VRB] Adding to database: {"DeviceRefId": 373, "DeviceValue": 977, "DeviceString": "977", "TimeStamp": "2023-12-02T03:45:28.0000000+00:00", "$type": "RecordData"}
[19:22:28 VRB] Recording {"DeviceRefId": 373, "DeviceValue": 976, "DeviceString": "976", "TimeStamp": "2023-12-02T03:46:28.0000000+00:00", "$type": "RecordData"}
[19:22:28 VRB] Adding to database: {"DeviceRefId": 373, "DeviceValue": 976, "DeviceString": "976", "TimeStamp": "2023-12-02T03:46:28.0000000+00:00", "$type": "RecordData"}
[19:22:28 VRB] Recording {"DeviceRefId": 373, "DeviceValue": 975, "DeviceString": "975", "TimeStamp": "2023-12-02T03:47:28.0000000+00:00", "$type": "RecordData"}
[19:22:28 VRB] Adding to database: {"DeviceRefId": 373, "DeviceValue": 975, "DeviceString": "975", "TimeStamp": "2023-12-02T03:47:28.0000000+00:00", "$type": "RecordData"}
[19:22:29 VRB] Recording {"DeviceRefId": 373, "DeviceValue": 974, "DeviceString": "974", "TimeStamp": "2023-12-02T03:48:28.0000000+00:00", "$type": "RecordData"}
[19:22:29 VRB] Adding to database: {"DeviceRefId": 373, "DeviceValue": 974, "DeviceString": "974", "TimeStamp": "2023-12-02T03:48:28.0000000+00:00", "$type": "RecordData"}
[19:22:29 VRB] Recording {"DeviceRefId": 373, "DeviceValue": 973, "DeviceString": "973", "TimeStamp": "2023-12-02T03:49:28.0000000+00:00", "$type": "RecordData"}
[19:22:29 VRB] Adding to database: {"DeviceRefId": 373, "DeviceValue": 973, "DeviceString": "973", "TimeStamp": "2023-12-02T03:49:28.0000000+00:00", "$type": "RecordData"}
[19:22:29 VRB] Recording {"DeviceRefId": 373, "DeviceValue": 972, "DeviceString": "972", "TimeStamp": "2023-12-02T03:50:28.0000000+00:00", "$type": "RecordData"}
[19:22:29 VRB] Adding to database: {"DeviceRefId": 373, "DeviceValue": 972, "DeviceString": "972", "TimeStamp": "2023-12-02T03:50:28.0000000+00:00", "$type": "RecordData"}
[19:22:29 VRB] Recording {"DeviceRefId": 373, "DeviceValue": 971, "DeviceString": "971", "TimeStamp": "2023-12-02T03:51:28.0000000+00:00", "$type": "RecordData"}
[19:22:29 VRB] Adding to database: {"DeviceRefId": 373, "DeviceValue": 971, "DeviceString": "971", "TimeStamp": "2023-12-02T03:51:28.0000000+00:00", "$type": "RecordData"}
[19:22:29 VRB] Recording {"DeviceRefId": 373, "DeviceValue": 970, "DeviceString": "970", "TimeStamp": "2023-12-02T03:52:28.0000000+00:00", "$type": "RecordData"}
[19:22:29 VRB] Adding to database: {"DeviceRefId": 373, "DeviceValue": 970, "DeviceString": "970", "TimeStamp": "2023-12-02T03:52:28.0000000+00:00", "$type": "RecordData"}
[19:22:29 VRB] Recording {"DeviceRefId": 373, "DeviceValue": 969, "DeviceString": "969", "TimeStamp": "2023-12-02T03:53:28.0000000+00:00", "$type": "RecordData"}
[19:22:29 VRB] Adding to database: {"DeviceRefId": 373, "DeviceValue": 969, "DeviceString": "969", "TimeStamp": "2023-12-02T03:53:28.0000000+00:00", "$type": "RecordData"}
[19:22:29 VRB] Recording {"DeviceRefId": 373, "DeviceValue": 968, "DeviceString": "968", "TimeStamp": "2023-12-02T03:54:28.0000000+00:00", "$type": "RecordData"}
[19:22:29 VRB] Adding to database: {"DeviceRefId": 373, "DeviceValue": 968, "DeviceString": "968", "TimeStamp": "2023-12-02T03:54:28.0000000+00:00", "$type": "RecordData"}
[19:22:29 VRB] Recording {"DeviceRefId": 373, "DeviceValue": 967, "DeviceString": "967", "TimeStamp": "2023-12-02T03:55:28.0000000+00:00", "$type": "RecordData"}
[19:22:29 VRB] Adding to database: {"DeviceRefId": 373, "DeviceValue": 967, "DeviceString": "967", "TimeStamp": "2023-12-02T03:55:28.0000000+00:00", "$type": "RecordData"}
[19:22:29 VRB] Recording {"DeviceRefId": 373, "DeviceValue": 966, "DeviceString": "966", "TimeStamp": "2023-12-02T03:56:28.0000000+00:00", "$type": "RecordData"}
[19:22:29 VRB] Adding to database: {"DeviceRefId": 373, "DeviceValue": 966, "DeviceString": "966", "TimeStamp": "2023-12-02T03:56:28.0000000+00:00", "$type": "RecordData"}
[19:22:29 VRB] Recording {"DeviceRefId": 373, "DeviceValue": 965, "DeviceString": "965", "TimeStamp": "2023-12-02T03:57:28.0000000+00:00", "$type": "RecordData"}
[19:22:29 VRB] Adding to database: {"DeviceRefId": 373, "DeviceValue": 965, "DeviceString": "965", "TimeStamp": "2023-12-02T03:57:28.0000000+00:00", "$type": "RecordData"}
[19:22:29 VRB] Recording {"DeviceRefId": 373, "DeviceValue": 964, "DeviceString": "964", "TimeStamp": "2023-12-02T03:58:28.0000000+00:00", "$type": "RecordData"}
[19:22:29 VRB] Adding to database: {"DeviceRefId": 373, "DeviceValue": 964, "DeviceString": "964", "TimeStamp": "2023-12-02T03:58:28.0000000+00:00", "$type": "RecordData"}
[19:22:29 VRB] Recording {"DeviceRefId": 373, "DeviceValue": 963, "DeviceString": "963", "TimeStamp": "2023-12-02T03:59:28.0000000+00:00", "$type": "RecordData"}
[19:22:29 VRB] Adding to database: {"DeviceRefId": 373, "DeviceValue": 963, "DeviceString": "963", "TimeStamp": "2023-12-02T03:59:28.0000000+00:00", "$type": "RecordData"}
[19:22:29 VRB] Recording {"DeviceRefId": 373, "DeviceValue": 962, "DeviceString": "962", "TimeStamp": "2023-12-02T04:00:28.0000000+00:00", "$type": "RecordData"}
[19:22:29 VRB] Adding to database: {"DeviceRefId": 373, "DeviceValue": 962, "DeviceString": "962", "TimeStamp": "2023-12-02T04:00:28.0000000+00:00", "$type": "RecordData"}
[19:22:29 VRB] Recording {"DeviceRefId": 373, "DeviceValue": 961, "DeviceString": "961", "TimeStamp": "2023-12-02T04:01:28.0000000+00:00", "$type": "RecordData"}
[19:22:29 VRB] Adding to database: {"DeviceRefId": 373, "DeviceValue": 961, "DeviceString": "961", "TimeStamp": "2023-12-02T04:01:28.0000000+00:00", "$type": "RecordData"}
[19:22:29 VRB] Recording {"DeviceRefId": 373, "DeviceValue": 960, "DeviceString": "960", "TimeStamp": "2023-12-02T04:02:28.0000000+00:00", "$type": "RecordData"}
[19:22:29 VRB] Adding to database: {"DeviceRefId": 373, "DeviceValue": 960, "DeviceString": "960", "TimeStamp": "2023-12-02T04:02:28.0000000+00:00", "$type": "RecordData"}
[19:22:29 VRB] Recording {"DeviceRefId": 373, "DeviceValue": 959, "DeviceString": "959", "TimeStamp": "2023-12-02T04:03:28.0000000+00:00", "$type": "RecordData"}
[19:22:29 VRB] Adding to database: {"DeviceRefId": 373, "DeviceValue": 959, "DeviceString": "959", "TimeStamp": "2023-12-02T04:03:28.0000000+00:00", "$type": "RecordData"}
[19:22:29 VRB] Recording {"DeviceRefId": 373, "DeviceValue": 958, "DeviceString": "958", "TimeStamp": "2023-12-02T04:04:28.0000000+00:00", "$type": "RecordData"}
[19:22:29 VRB] Adding to database: {"DeviceRefId": 373, "DeviceValue": 958, "DeviceString": "958", "TimeStamp": "2023-12-02T04:04:28.0000000+00:00", "$type": "RecordData"}
[19:22:29 VRB] Recording {"DeviceRefId": 373, "DeviceValue": 957, "DeviceString": "957", "TimeStamp": "2023-12-02T04:05:28.0000000+00:00", "$type": "RecordData"}
[19:22:29 VRB] Adding to database: {"DeviceRefId": 373, "DeviceValue": 957, "DeviceString": "957", "TimeStamp": "2023-12-02T04:05:28.0000000+00:00", "$type": "RecordData"}
[19:22:29 VRB] Recording {"DeviceRefId": 373, "DeviceValue": 956, "DeviceString": "956", "TimeStamp": "2023-12-02T04:06:28.0000000+00:00", "$type": "RecordData"}
[19:22:29 VRB] Adding to database: {"DeviceRefId": 373, "DeviceValue": 956, "DeviceString": "956", "TimeStamp": "2023-12-02T04:06:28.0000000+00:00", "$type": "RecordData"}
[19:22:29 VRB] Recording {"DeviceRefId": 373, "DeviceValue": 955, "DeviceString": "955", "TimeStamp": "2023-12-02T04:07:28.0000000+00:00", "$type": "RecordData"}
[19:22:29 VRB] Adding to database: {"DeviceRefId": 373, "DeviceValue": 955, "DeviceString": "955", "TimeStamp": "2023-12-02T04:07:28.0000000+00:00", "$type": "RecordData"}
[19:22:29 VRB] Recording {"DeviceRefId": 373, "DeviceValue": 954, "DeviceString": "954", "TimeStamp": "2023-12-02T04:08:28.0000000+00:00", "$type": "RecordData"}
[19:22:29 VRB] Adding to database: {"DeviceRefId": 373, "DeviceValue": 954, "DeviceString": "954", "TimeStamp": "2023-12-02T04:08:28.0000000+00:00", "$type": "RecordData"}
[19:22:29 VRB] Recording {"DeviceRefId": 373, "DeviceValue": 953, "DeviceString": "953", "TimeStamp": "2023-12-02T04:09:28.0000000+00:00", "$type": "RecordData"}
[19:22:29 VRB] Adding to database: {"DeviceRefId": 373, "DeviceValue": 953, "DeviceString": "953", "TimeStamp": "2023-12-02T04:09:28.0000000+00:00", "$type": "RecordData"}
[19:22:29 VRB] Recording {"DeviceRefId": 373, "DeviceValue": 952, "DeviceString": "952", "TimeStamp": "2023-12-02T04:10:28.0000000+00:00", "$type": "RecordData"}
[19:22:29 VRB] Adding to database: {"DeviceRefId": 373, "DeviceValue": 952, "DeviceString": "952", "TimeStamp": "2023-12-02T04:10:28.0000000+00:00", "$type": "RecordData"}
[19:22:29 VRB] Recording {"DeviceRefId": 373, "DeviceValue": 951, "DeviceString": "951", "TimeStamp": "2023-12-02T04:11:28.0000000+00:00", "$type": "RecordData"}
[19:22:29 VRB] Adding to database: {"DeviceRefId": 373, "DeviceValue": 951, "DeviceString": "951", "TimeStamp": "2023-12-02T04:11:28.0000000+00:00", "$type": "RecordData"}
[19:22:29 VRB] Recording {"DeviceRefId": 373, "DeviceValue": 950, "DeviceString": "950", "TimeStamp": "2023-12-02T04:12:28.0000000+00:00", "$type": "RecordData"}
[19:22:29 VRB] Adding to database: {"DeviceRefId": 373, "DeviceValue": 950, "DeviceString": "950", "TimeStamp": "2023-12-02T04:12:28.0000000+00:00", "$type": "RecordData"}
[19:22:29 VRB] Recording {"DeviceRefId": 373, "DeviceValue": 949, "DeviceString": "949", "TimeStamp": "2023-12-02T04:13:28.0000000+00:00", "$type": "RecordData"}
[19:22:29 VRB] Adding to database: {"DeviceRefId": 373, "DeviceValue": 949, "DeviceString": "949", "TimeStamp": "2023-12-02T04:13:28.0000000+00:00", "$type": "RecordData"}
[19:22:29 VRB] Recording {"DeviceRefId": 373, "DeviceValue": 948, "DeviceString": "948", "TimeStamp": "2023-12-02T04:14:28.0000000+00:00", "$type": "RecordData"}
[19:22:29 VRB] Adding to database: {"DeviceRefId": 373, "DeviceValue": 948, "DeviceString": "948", "TimeStamp": "2023-12-02T04:14:28.0000000+00:00", "$type": "RecordData"}
[19:22:29 VRB] Recording {"DeviceRefId": 373, "DeviceValue": 947, "DeviceString": "947", "TimeStamp": "2023-12-02T04:15:28.0000000+00:00", "$type": "RecordData"}
[19:22:29 VRB] Adding to database: {"DeviceRefId": 373, "DeviceValue": 947, "DeviceString": "947", "TimeStamp": "2023-12-02T04:15:28.0000000+00:00", "$type": "RecordData"}
[19:22:29 VRB] Recording {"DeviceRefId": 373, "DeviceValue": 946, "DeviceString": "946", "TimeStamp": "2023-12-02T04:16:28.0000000+00:00", "$type": "RecordData"}
[19:22:29 VRB] Adding to database: {"DeviceRefId": 373, "DeviceValue": 946, "DeviceString": "946", "TimeStamp": "2023-12-02T04:16:28.0000000+00:00", "$type": "RecordData"}
[19:22:29 VRB] Recording {"DeviceRefId": 373, "DeviceValue": 945, "DeviceString": "945", "TimeStamp": "2023-12-02T04:17:28.0000000+00:00", "$type": "RecordData"}
[19:22:29 VRB] Adding to database: {"DeviceRefId": 373, "DeviceValue": 945, "DeviceString": "945", "TimeStamp": "2023-12-02T04:17:28.0000000+00:00", "$type": "RecordData"}
[19:22:29 VRB] Recording {"DeviceRefId": 373, "DeviceValue": 944, "DeviceString": "944", "TimeStamp": "2023-12-02T04:18:28.0000000+00:00", "$type": "RecordData"}
[19:22:29 VRB] Adding to database: {"DeviceRefId": 373, "DeviceValue": 944, "DeviceString": "944", "TimeStamp": "2023-12-02T04:18:28.0000000+00:00", "$type": "RecordData"}
[19:22:29 VRB] Recording {"DeviceRefId": 373, "DeviceValue": 943, "DeviceString": "943", "TimeStamp": "2023-12-02T04:19:28.0000000+00:00", "$type": "RecordData"}
[19:22:29 VRB] Adding to database: {"DeviceRefId": 373, "DeviceValue": 943, "DeviceString": "943", "TimeStamp": "2023-12-02T04:19:28.0000000+00:00", "$type": "RecordData"}
[19:22:29 VRB] Recording {"DeviceRefId": 373, "DeviceValue": 942, "DeviceString": "942", "TimeStamp": "2023-12-02T04:20:28.0000000+00:00", "$type": "RecordData"}
[19:22:29 VRB] Adding to database: {"DeviceRefId": 373, "DeviceValue": 942, "DeviceString": "942", "TimeStamp": "2023-12-02T04:20:28.0000000+00:00", "$type": "RecordData"}
[19:22:29 VRB] Recording {"DeviceRefId": 373, "DeviceValue": 941, "DeviceString": "941", "TimeStamp": "2023-12-02T04:21:28.0000000+00:00", "$type": "RecordData"}
[19:22:29 VRB] Adding to database: {"DeviceRefId": 373, "DeviceValue": 941, "DeviceString": "941", "TimeStamp": "2023-12-02T04:21:28.0000000+00:00", "$type": "RecordData"}
[19:22:29 VRB] Recording {"DeviceRefId": 373, "DeviceValue": 940, "DeviceString": "940", "TimeStamp": "2023-12-02T04:22:28.0000000+00:00", "$type": "RecordData"}
[19:22:29 VRB] Adding to database: {"DeviceRefId": 373, "DeviceValue": 940, "DeviceString": "940", "TimeStamp": "2023-12-02T04:22:28.0000000+00:00", "$type": "RecordData"}
[19:22:29 VRB] Recording {"DeviceRefId": 373, "DeviceValue": 939, "DeviceString": "939", "TimeStamp": "2023-12-02T04:23:28.0000000+00:00", "$type": "RecordData"}
[19:22:29 VRB] Adding to database: {"DeviceRefId": 373, "DeviceValue": 939, "DeviceString": "939", "TimeStamp": "2023-12-02T04:23:28.0000000+00:00", "$type": "RecordData"}
[19:22:29 VRB] Recording {"DeviceRefId": 373, "DeviceValue": 938, "DeviceString": "938", "TimeStamp": "2023-12-02T04:24:28.0000000+00:00", "$type": "RecordData"}
[19:22:29 VRB] Adding to database: {"DeviceRefId": 373, "DeviceValue": 938, "DeviceString": "938", "TimeStamp": "2023-12-02T04:24:28.0000000+00:00", "$type": "RecordData"}
[19:22:29 VRB] Recording {"DeviceRefId": 373, "DeviceValue": 937, "DeviceString": "937", "TimeStamp": "2023-12-02T04:25:28.0000000+00:00", "$type": "RecordData"}
[19:22:29 VRB] Adding to database: {"DeviceRefId": 373, "DeviceValue": 937, "DeviceString": "937", "TimeStamp": "2023-12-02T04:25:28.0000000+00:00", "$type": "RecordData"}
[19:22:29 VRB] Recording {"DeviceRefId": 373, "DeviceValue": 936, "DeviceString": "936", "TimeStamp": "2023-12-02T04:26:28.0000000+00:00", "$type": "RecordData"}
[19:22:29 VRB] Adding to database: {"DeviceRefId": 373, "DeviceValue": 936, "DeviceString": "936", "TimeStamp": "2023-12-02T04:26:28.0000000+00:00", "$type": "RecordData"}
[19:22:29 VRB] Recording {"DeviceRefId": 373, "DeviceValue": 935, "DeviceString": "935", "TimeStamp": "2023-12-02T04:27:28.0000000+00:00", "$type": "RecordData"}
[19:22:29 VRB] Adding to database: {"DeviceRefId": 373, "DeviceValue": 935, "DeviceString": "935", "TimeStamp": "2023-12-02T04:27:28.0000000+00:00", "$type": "RecordData"}
[19:22:29 VRB] Recording {"DeviceRefId": 373, "DeviceValue": 934, "DeviceString": "934", "TimeStamp": "2023-12-02T04:28:28.0000000+00:00", "$type": "RecordData"}
[19:22:29 VRB] Adding to database: {"DeviceRefId": 373, "DeviceValue": 934, "DeviceString": "934", "TimeStamp": "2023-12-02T04:28:28.0000000+00:00", "$type": "RecordData"}
[19:22:29 VRB] Recording {"DeviceRefId": 373, "DeviceValue": 933, "DeviceString": "933", "TimeStamp": "2023-12-02T04:29:28.0000000+00:00", "$type": "RecordData"}
[19:22:29 VRB] Adding to database: {"DeviceRefId": 373, "DeviceValue": 933, "DeviceString": "933", "TimeStamp": "2023-12-02T04:29:28.0000000+00:00", "$type": "RecordData"}
[19:22:29 VRB] Recording {"DeviceRefId": 373, "DeviceValue": 932, "DeviceString": "932", "TimeStamp": "2023-12-02T04:30:28.0000000+00:00", "$type": "RecordData"}
[19:22:29 VRB] Adding to database: {"DeviceRefId": 373, "DeviceValue": 932, "DeviceString": "932", "TimeStamp": "2023-12-02T04:30:28.0000000+00:00", "$type": "RecordData"}
[19:22:29 VRB] Recording {"DeviceRefId": 373, "DeviceValue": 931, "DeviceString": "931", "TimeStamp": "2023-12-02T04:31:28.0000000+00:00", "$type": "RecordData"}
[19:22:29 VRB] Adding to database: {"DeviceRefId": 373, "DeviceValue": 931, "DeviceString": "931", "TimeStamp": "2023-12-02T04:31:28.0000000+00:00", "$type": "RecordData"}
[19:22:29 VRB] Recording {"DeviceRefId": 373, "DeviceValue": 930, "DeviceString": "930", "TimeStamp": "2023-12-02T04:32:28.0000000+00:00", "$type": "RecordData"}
[19:22:29 VRB] Adding to database: {"DeviceRefId": 373, "DeviceValue": 930, "DeviceString": "930", "TimeStamp": "2023-12-02T04:32:28.0000000+00:00", "$type": "RecordData"}
[19:22:29 VRB] Recording {"DeviceRefId": 373, "DeviceValue": 929, "DeviceString": "929", "TimeStamp": "2023-12-02T04:33:28.0000000+00:00", "$type": "RecordData"}
[19:22:29 VRB] Adding to database: {"DeviceRefId": 373, "DeviceValue": 929, "DeviceString": "929", "TimeStamp": "2023-12-02T04:33:28.0000000+00:00", "$type": "RecordData"}
[19:22:29 VRB] Recording {"DeviceRefId": 373, "DeviceValue": 928, "DeviceString": "928", "TimeStamp": "2023-12-02T04:34:28.0000000+00:00", "$type": "RecordData"}
[19:22:29 VRB] Adding to database: {"DeviceRefId": 373, "DeviceValue": 928, "DeviceString": "928", "TimeStamp": "2023-12-02T04:34:28.0000000+00:00", "$type": "RecordData"}
[19:22:29 VRB] Recording {"DeviceRefId": 373, "DeviceValue": 927, "DeviceString": "927", "TimeStamp": "2023-12-02T04:35:28.0000000+00:00", "$type": "RecordData"}
[19:22:29 VRB] Adding to database: {"DeviceRefId": 373, "DeviceValue": 927, "DeviceString": "927", "TimeStamp": "2023-12-02T04:35:28.0000000+00:00", "$type": "RecordData"}
[19:22:29 VRB] Recording {"DeviceRefId": 373, "DeviceValue": 926, "DeviceString": "926", "TimeStamp": "2023-12-02T04:36:28.0000000+00:00", "$type": "RecordData"}
[19:22:29 VRB] Adding to database: {"DeviceRefId": 373, "DeviceValue": 926, "DeviceString": "926", "TimeStamp": "2023-12-02T04:36:28.0000000+00:00", "$type": "RecordData"}
[19:22:29 VRB] Recording {"DeviceRefId": 373, "DeviceValue": 925, "DeviceString": "925", "TimeStamp": "2023-12-02T04:37:28.0000000+00:00", "$type": "RecordData"}
[19:22:29 VRB] Adding to database: {"DeviceRefId": 373, "DeviceValue": 925, "DeviceString": "925", "TimeStamp": "2023-12-02T04:37:28.0000000+00:00", "$type": "RecordData"}
[19:22:29 VRB] Recording {"DeviceRefId": 373, "DeviceValue": 924, "DeviceString": "924", "TimeStamp": "2023-12-02T04:38:28.0000000+00:00", "$type": "RecordData"}
[19:22:29 VRB] Adding to database: {"DeviceRefId": 373, "DeviceValue": 924, "DeviceString": "924", "TimeStamp": "2023-12-02T04:38:28.0000000+00:00", "$type": "RecordData"}
[19:22:29 VRB] Recording {"DeviceRefId": 373, "DeviceValue": 923, "DeviceString": "923", "TimeStamp": "2023-12-02T04:39:28.0000000+00:00", "$type": "RecordData"}
[19:22:29 VRB] Adding to database: {"DeviceRefId": 373, "DeviceValue": 923, "DeviceString": "923", "TimeStamp": "2023-12-02T04:39:28.0000000+00:00", "$type": "RecordData"}
[19:22:29 VRB] Recording {"DeviceRefId": 373, "DeviceValue": 922, "DeviceString": "922", "TimeStamp": "2023-12-02T04:40:28.0000000+00:00", "$type": "RecordData"}
[19:22:29 VRB] Adding to database: {"DeviceRefId": 373, "DeviceValue": 922, "DeviceString": "922", "TimeStamp": "2023-12-02T04:40:28.0000000+00:00", "$type": "RecordData"}
[19:22:29 VRB] Recording {"DeviceRefId": 373, "DeviceValue": 921, "DeviceString": "921", "TimeStamp": "2023-12-02T04:41:28.0000000+00:00", "$type": "RecordData"}
[19:22:29 VRB] Adding to database: {"DeviceRefId": 373, "DeviceValue": 921, "DeviceString": "921", "TimeStamp": "2023-12-02T04:41:28.0000000+00:00", "$type": "RecordData"}
[19:22:29 VRB] Recording {"DeviceRefId": 373, "DeviceValue": 920, "DeviceString": "920", "TimeStamp": "2023-12-02T04:42:28.0000000+00:00", "$type": "RecordData"}
[19:22:29 VRB] Adding to database: {"DeviceRefId": 373, "DeviceValue": 920, "DeviceString": "920", "TimeStamp": "2023-12-02T04:42:28.0000000+00:00", "$type": "RecordData"}
[19:22:29 VRB] Recording {"DeviceRefId": 373, "DeviceValue": 919, "DeviceString": "919", "TimeStamp": "2023-12-02T04:43:28.0000000+00:00", "$type": "RecordData"}
[19:22:29 VRB] Adding to database: {"DeviceRefId": 373, "DeviceValue": 919, "DeviceString": "919", "TimeStamp": "2023-12-02T04:43:28.0000000+00:00", "$type": "RecordData"}
[19:22:29 VRB] Recording {"DeviceRefId": 373, "DeviceValue": 918, "DeviceString": "918", "TimeStamp": "2023-12-02T04:44:28.0000000+00:00", "$type": "RecordData"}
[19:22:29 VRB] Adding to database: {"DeviceRefId": 373, "DeviceValue": 918, "DeviceString": "918", "TimeStamp": "2023-12-02T04:44:28.0000000+00:00", "$type": "RecordData"}
[19:22:29 VRB] Recording {"DeviceRefId": 373, "DeviceValue": 917, "DeviceString": "917", "TimeStamp": "2023-12-02T04:45:28.0000000+00:00", "$type": "RecordData"}
[19:22:29 VRB] Adding to database: {"DeviceRefId": 373, "DeviceValue": 917, "DeviceString": "917", "TimeStamp": "2023-12-02T04:45:28.0000000+00:00", "$type": "RecordData"}
[19:22:29 VRB] Recording {"DeviceRefId": 373, "DeviceValue": 916, "DeviceString": "916", "TimeStamp": "2023-12-02T04:46:28.0000000+00:00", "$type": "RecordData"}
[19:22:29 VRB] Adding to database: {"DeviceRefId": 373, "DeviceValue": 916, "DeviceString": "916", "TimeStamp": "2023-12-02T04:46:28.0000000+00:00", "$type": "RecordData"}
[19:22:29 VRB] Recording {"DeviceRefId": 373, "DeviceValue": 915, "DeviceString": "915", "TimeStamp": "2023-12-02T04:47:28.0000000+00:00", "$type": "RecordData"}
[19:22:29 VRB] Adding to database: {"DeviceRefId": 373, "DeviceValue": 915, "DeviceString": "915", "TimeStamp": "2023-12-02T04:47:28.0000000+00:00", "$type": "RecordData"}
[19:22:29 VRB] Recording {"DeviceRefId": 373, "DeviceValue": 914, "DeviceString": "914", "TimeStamp": "2023-12-02T04:48:28.0000000+00:00", "$type": "RecordData"}
[19:22:29 VRB] Adding to database: {"DeviceRefId": 373, "DeviceValue": 914, "DeviceString": "914", "TimeStamp": "2023-12-02T04:48:28.0000000+00:00", "$type": "RecordData"}
[19:22:29 VRB] Recording {"DeviceRefId": 373, "DeviceValue": 913, "DeviceString": "913", "TimeStamp": "2023-12-02T04:49:28.0000000+00:00", "$type": "RecordData"}
[19:22:29 VRB] Adding to database: {"DeviceRefId": 373, "DeviceValue": 913, "DeviceString": "913", "TimeStamp": "2023-12-02T04:49:28.0000000+00:00", "$type": "RecordData"}
[19:22:29 VRB] Recording {"DeviceRefId": 373, "DeviceValue": 912, "DeviceString": "912", "TimeStamp": "2023-12-02T04:50:28.0000000+00:00", "$type": "RecordData"}
[19:22:29 VRB] Adding to database: {"DeviceRefId": 373, "DeviceValue": 912, "DeviceString": "912", "TimeStamp": "2023-12-02T04:50:28.0000000+00:00", "$type": "RecordData"}
[19:22:29 VRB] Recording {"DeviceRefId": 373, "DeviceValue": 911, "DeviceString": "911", "TimeStamp": "2023-12-02T04:51:28.0000000+00:00", "$type": "RecordData"}
[19:22:29 VRB] Adding to database: {"DeviceRefId": 373, "DeviceValue": 911, "DeviceString": "911", "TimeStamp": "2023-12-02T04:51:28.0000000+00:00", "$type": "RecordData"}
[19:22:29 VRB] Recording {"DeviceRefId": 373, "DeviceValue": 910, "DeviceString": "910", "TimeStamp": "2023-12-02T04:52:28.0000000+00:00", "$type": "RecordData"}
[19:22:29 VRB] Adding to database: {"DeviceRefId": 373, "DeviceValue": 910, "DeviceString": "910", "TimeStamp": "2023-12-02T04:52:28.0000000+00:00", "$type": "RecordData"}
[19:22:29 VRB] Recording {"DeviceRefId": 373, "DeviceValue": 909, "DeviceString": "909", "TimeStamp": "2023-12-02T04:53:28.0000000+00:00", "$type": "RecordData"}
[19:22:29 VRB] Adding to database: {"DeviceRefId": 373, "DeviceValue": 909, "DeviceString": "909", "TimeStamp": "2023-12-02T04:53:28.0000000+00:00", "$type": "RecordData"}
[19:22:29 VRB] Recording {"DeviceRefId": 373, "DeviceValue": 908, "DeviceString": "908", "TimeStamp": "2023-12-02T04:54:28.0000000+00:00", "$type": "RecordData"}
[19:22:30 VRB] Adding to database: {"DeviceRefId": 373, "DeviceValue": 908, "DeviceString": "908", "TimeStamp": "2023-12-02T04:54:28.0000000+00:00", "$type": "RecordData"}
[19:22:30 VRB] Recording {"DeviceRefId": 373, "DeviceValue": 907, "DeviceString": "907", "TimeStamp": "2023-12-02T04:55:28.0000000+00:00", "$type": "RecordData"}
[19:22:30 VRB] Adding to database: {"DeviceRefId": 373, "DeviceValue": 907, "DeviceString": "907", "TimeStamp": "2023-12-02T04:55:28.0000000+00:00", "$type": "RecordData"}
[19:22:30 VRB] Recording {"DeviceRefId": 373, "DeviceValue": 906, "DeviceString": "906", "TimeStamp": "2023-12-02T04:56:28.0000000+00:00", "$type": "RecordData"}
[19:22:30 VRB] Adding to database: {"DeviceRefId": 373, "DeviceValue": 906, "DeviceString": "906", "TimeStamp": "2023-12-02T04:56:28.0000000+00:00", "$type": "RecordData"}
[19:22:30 VRB] Recording {"DeviceRefId": 373, "DeviceValue": 905, "DeviceString": "905", "TimeStamp": "2023-12-02T04:57:28.0000000+00:00", "$type": "RecordData"}
[19:22:30 VRB] Adding to database: {"DeviceRefId": 373, "DeviceValue": 905, "DeviceString": "905", "TimeStamp": "2023-12-02T04:57:28.0000000+00:00", "$type": "RecordData"}
[19:22:30 VRB] Recording {"DeviceRefId": 373, "DeviceValue": 904, "DeviceString": "904", "TimeStamp": "2023-12-02T04:58:28.0000000+00:00", "$type": "RecordData"}
[19:22:30 VRB] Adding to database: {"DeviceRefId": 373, "DeviceValue": 904, "DeviceString": "904", "TimeStamp": "2023-12-02T04:58:28.0000000+00:00", "$type": "RecordData"}
[19:22:30 VRB] Recording {"DeviceRefId": 373, "DeviceValue": 903, "DeviceString": "903", "TimeStamp": "2023-12-02T04:59:28.0000000+00:00", "$type": "RecordData"}
[19:22:30 VRB] Adding to database: {"DeviceRefId": 373, "DeviceValue": 903, "DeviceString": "903", "TimeStamp": "2023-12-02T04:59:28.0000000+00:00", "$type": "RecordData"}
[19:22:30 VRB] Recording {"DeviceRefId": 373, "DeviceValue": 902, "DeviceString": "902", "TimeStamp": "2023-12-02T05:00:28.0000000+00:00", "$type": "RecordData"}
[19:22:30 VRB] Adding to database: {"DeviceRefId": 373, "DeviceValue": 902, "DeviceString": "902", "TimeStamp": "2023-12-02T05:00:28.0000000+00:00", "$type": "RecordData"}
[19:22:30 VRB] Recording {"DeviceRefId": 373, "DeviceValue": 901, "DeviceString": "901", "TimeStamp": "2023-12-02T05:01:28.0000000+00:00", "$type": "RecordData"}
[19:22:30 VRB] Adding to database: {"DeviceRefId": 373, "DeviceValue": 901, "DeviceString": "901", "TimeStamp": "2023-12-02T05:01:28.0000000+00:00", "$type": "RecordData"}
[19:22:30 DBG] PostBackProc for historyrecords for refId=373&amp;min=1701488548000&amp;max=1701492148000&amp;start=10&amp;length=100&amp;order[0][column]=1&amp;order[0][dir]=desc
[19:22:30 DBG] HandleHistoryRecords refId=373&amp;min=1701488548000&amp;max=1701492148000&amp;start=10&amp;length=100&amp;order[0][column]=1&amp;order[0][dir]=desc
Disconnecting from HomeSeer...
[19:22:30 INF] Shutting down
[19:22:30 DBG] Disposing Sqlite connection
[19:22:30 DBG] Finish records update thread
</system-out>
    </testcase>
  </testsuite>
  <testsuite tests="6" time="0.001645" errors="0" failures="0" skipped="0" timestamp="2023-12-02T03:22:30.2488406Z" name="">
    <testcase name="AggregateExceptionException" assertions="1" time="0.000236" status="Passed" classname="HSPI_HistoricalRecordsTest.ExceptionHelperTest" />
    <testcase name="InnerExceptionMessage" assertions="2" time="0.000788" status="Passed" classname="HSPI_HistoricalRecordsTest.ExceptionHelperTest" />
    <testcase name="InnerExceptionMessagesAreCollapsed" assertions="1" time="0.000162" status="Passed" classname="HSPI_HistoricalRecordsTest.ExceptionHelperTest" />
    <testcase name="IsCancelException" assertions="4" time="0.000122" status="Passed" classname="HSPI_HistoricalRecordsTest.ExceptionHelperTest" />
    <testcase name="MessageWithEOL" assertions="1" time="0.000081" status="Passed" classname="HSPI_HistoricalRecordsTest.ExceptionHelperTest" />
    <testcase name="SimpleExceptionMessage" assertions="2" time="0.000074" status="Passed" classname="HSPI_HistoricalRecordsTest.ExceptionHelperTest" />
  </testsuite>
  <testsuite tests="6" time="0.940842" errors="0" failures="0" skipped="0" timestamp="2023-12-02T03:22:30.2509581Z" name="">
    <testcase name="ExecSqlAsFunctionSingleFeatureAllValues" assertions="10" time="0.045195" status="Passed" classname="HSPI_HistoricalRecordsTest.ExecSqlTest">
      <system-out>[19:22:30 INF] Plugin Starting
[19:22:30 INF] e_sqlite3 version:3.44.0
[19:22:30 INF] Connecting to database: C:\Users\Deepak\AppData\Local\Temp\pq0qt5e0.pav\data\HistoricalRecords\records.db
[19:22:30 DBG] Starting records update thread
[19:22:30 INF] Plugin Started
[19:22:30 INF] Starting maintaining database
[19:22:30 DBG] Start Pruning older records
[19:22:30 DBG] Finished pruning older records
[19:22:30 INF] Finished maintaining database
[19:22:30 DBG] Starting RecordAllDevices
[19:22:30 VRB] Recording {"DeviceRefId": 100, "DeviceValue": 1.1, "DeviceString": "1.1", "TimeStamp": "2222-02-02T10:02:02.0000000+00:00", "$type": "RecordData"}
[19:22:30 VRB] Adding to database: {"DeviceRefId": 100, "DeviceValue": 1.1, "DeviceString": "1.1", "TimeStamp": "2222-02-02T10:02:02.0000000+00:00", "$type": "RecordData"}
[19:22:30 DBG] Finished RecordAllDevices
[19:22:30 VRB] Recording {"DeviceRefId": 100, "DeviceValue": 10, "DeviceString": "10", "TimeStamp": "2222-02-02T10:02:03.0000000+00:00", "$type": "RecordData"}
[19:22:30 VRB] Adding to database: {"DeviceRefId": 100, "DeviceValue": 10, "DeviceString": "10", "TimeStamp": "2222-02-02T10:02:03.0000000+00:00", "$type": "RecordData"}
[19:22:30 DBG] Executing Sql: SELECT ref, value, str FROM history
Disconnecting from HomeSeer...
[19:22:30 INF] Shutting down
[19:22:30 DBG] Disposing Sqlite connection
[19:22:30 DBG] Finish records update thread
</system-out>
    </testcase>
    <testcase name="ExecSqlAsFunctionWithError" assertions="2" time="0.015673" status="Passed" classname="HSPI_HistoricalRecordsTest.ExecSqlTest">
      <system-out>[19:22:30 INF] Plugin Starting
[19:22:30 INF] e_sqlite3 version:3.44.0
[19:22:30 INF] Connecting to database: C:\Users\Deepak\AppData\Local\Temp\xr4cspz1.cql\data\HistoricalRecords\records.db
[19:22:30 DBG] Starting records update thread
[19:22:30 DBG] Starting RecordAllDevices
[19:22:30 DBG] Finished RecordAllDevices
[19:22:30 INF] Starting maintaining database
[19:22:30 DBG] Start Pruning older records
[19:22:30 DBG] Finished pruning older records
[19:22:30 INF] Finished maintaining database
[19:22:30 INF] Plugin Started
[19:22:30 DBG] Executing Sql: SELECT ref1, value, str FROM history
[19:22:30 WRN] Error in executing SELECT ref1, value, str FROM history with no such column: ref1
Disconnecting from HomeSeer...
[19:22:30 INF] Shutting down
[19:22:30 DBG] Disposing Sqlite connection
[19:22:30 DBG] Finish records update thread
</system-out>
    </testcase>
    <testcase name="ExecSqlAsPostCount" assertions="63" time="0.749850" status="Passed" classname="HSPI_HistoricalRecordsTest.ExecSqlTest">
      <system-out>[19:22:30 INF] Plugin Starting
[19:22:30 INF] e_sqlite3 version:3.44.0
[19:22:30 INF] Connecting to database: C:\Users\Deepak\AppData\Local\Temp\ghbxfefh.yro\data\HistoricalRecords\records.db
[19:22:30 DBG] Starting records update thread
[19:22:30 INF] Starting maintaining database
[19:22:30 DBG] Start Pruning older records
[19:22:30 DBG] Finished pruning older records
[19:22:30 INF] Finished maintaining database
[19:22:30 INF] Plugin Started
[19:22:30 DBG] Starting RecordAllDevices
[19:22:30 VRB] Recording {"DeviceRefId": 1307, "DeviceValue": 1.1, "DeviceString": "1.1", "TimeStamp": "2222-02-02T10:02:02.0000000+00:00", "$type": "RecordData"}
[19:22:30 VRB] Adding to database: {"DeviceRefId": 1307, "DeviceValue": 1.1, "DeviceString": "1.1", "TimeStamp": "2222-02-02T10:02:02.0000000+00:00", "$type": "RecordData"}
[19:22:30 VRB] Recording {"DeviceRefId": 1308, "DeviceValue": 1.1, "DeviceString": "1.1", "TimeStamp": "2222-02-02T10:02:02.0000000+00:00", "$type": "RecordData"}
[19:22:30 VRB] Adding to database: {"DeviceRefId": 1308, "DeviceValue": 1.1, "DeviceString": "1.1", "TimeStamp": "2222-02-02T10:02:02.0000000+00:00", "$type": "RecordData"}
[19:22:30 VRB] Recording {"DeviceRefId": 1309, "DeviceValue": 1.1, "DeviceString": "1.1", "TimeStamp": "2222-02-02T10:02:02.0000000+00:00", "$type": "RecordData"}
[19:22:30 VRB] Recording {"DeviceRefId": 1310, "DeviceValue": 1.1, "DeviceString": "1.1", "TimeStamp": "2222-02-02T10:02:02.0000000+00:00", "$type": "RecordData"}
[19:22:30 VRB] Recording {"DeviceRefId": 1311, "DeviceValue": 1.1, "DeviceString": "1.1", "TimeStamp": "2222-02-02T10:02:02.0000000+00:00", "$type": "RecordData"}
[19:22:30 VRB] Recording {"DeviceRefId": 1312, "DeviceValue": 1.1, "DeviceString": "1.1", "TimeStamp": "2222-02-02T10:02:02.0000000+00:00", "$type": "RecordData"}
[19:22:30 VRB] Adding to database: {"DeviceRefId": 1309, "DeviceValue": 1.1, "DeviceString": "1.1", "TimeStamp": "2222-02-02T10:02:02.0000000+00:00", "$type": "RecordData"}
[19:22:30 VRB] Adding to database: {"DeviceRefId": 1310, "DeviceValue": 1.1, "DeviceString": "1.1", "TimeStamp": "2222-02-02T10:02:02.0000000+00:00", "$type": "RecordData"}
[19:22:30 VRB] Recording {"DeviceRefId": 1313, "DeviceValue": 1.1, "DeviceString": "1.1", "TimeStamp": "2222-02-02T10:02:02.0000000+00:00", "$type": "RecordData"}
[19:22:30 VRB] Recording {"DeviceRefId": 1314, "DeviceValue": 1.1, "DeviceString": "1.1", "TimeStamp": "2222-02-02T10:02:02.0000000+00:00", "$type": "RecordData"}
[19:22:30 VRB] Recording {"DeviceRefId": 1315, "DeviceValue": 1.1, "DeviceString": "1.1", "TimeStamp": "2222-02-02T10:02:02.0000000+00:00", "$type": "RecordData"}
[19:22:30 VRB] Recording {"DeviceRefId": 1316, "DeviceValue": 1.1, "DeviceString": "1.1", "TimeStamp": "2222-02-02T10:02:02.0000000+00:00", "$type": "RecordData"}
[19:22:30 DBG] Finished RecordAllDevices
[19:22:30 INF] Deleting All Records for (1307)
[19:22:30 INF] Removed 1 row(s) for device:1307 in database
[19:22:30 INF] Deleting All Records for (1308)
[19:22:30 INF] Removed 1 row(s) for device:1308 in database
[19:22:30 VRB] Recording {"DeviceRefId": 1308, "DeviceValue": 1, "DeviceString": "1", "TimeStamp": "2222-02-02T10:02:02.0000000+00:00", "$type": "RecordData"}
[19:22:30 VRB] Adding to database: {"DeviceRefId": 1311, "DeviceValue": 1.1, "DeviceString": "1.1", "TimeStamp": "2222-02-02T10:02:02.0000000+00:00", "$type": "RecordData"}
[19:22:30 VRB] Adding to database: {"DeviceRefId": 1312, "DeviceValue": 1.1, "DeviceString": "1.1", "TimeStamp": "2222-02-02T10:02:02.0000000+00:00", "$type": "RecordData"}
[19:22:30 VRB] Adding to database: {"DeviceRefId": 1313, "DeviceValue": 1.1, "DeviceString": "1.1", "TimeStamp": "2222-02-02T10:02:02.0000000+00:00", "$type": "RecordData"}
[19:22:30 VRB] Adding to database: {"DeviceRefId": 1314, "DeviceValue": 1.1, "DeviceString": "1.1", "TimeStamp": "2222-02-02T10:02:02.0000000+00:00", "$type": "RecordData"}
[19:22:30 VRB] Adding to database: {"DeviceRefId": 1315, "DeviceValue": 1.1, "DeviceString": "1.1", "TimeStamp": "2222-02-02T10:02:02.0000000+00:00", "$type": "RecordData"}
[19:22:30 VRB] Adding to database: {"DeviceRefId": 1316, "DeviceValue": 1.1, "DeviceString": "1.1", "TimeStamp": "2222-02-02T10:02:02.0000000+00:00", "$type": "RecordData"}
[19:22:30 VRB] Adding to database: {"DeviceRefId": 1308, "DeviceValue": 1, "DeviceString": "1", "TimeStamp": "2222-02-02T10:02:02.0000000+00:00", "$type": "RecordData"}
[19:22:30 INF] Deleting All Records for (1309)
[19:22:30 INF] Removed 1 row(s) for device:1309 in database
[19:22:30 VRB] Recording {"DeviceRefId": 1309, "DeviceValue": 2, "DeviceString": "2", "TimeStamp": "2222-02-02T10:02:02.0000000+00:00", "$type": "RecordData"}
[19:22:30 VRB] Adding to database: {"DeviceRefId": 1309, "DeviceValue": 2, "DeviceString": "2", "TimeStamp": "2222-02-02T10:02:02.0000000+00:00", "$type": "RecordData"}
[19:22:30 VRB] Recording {"DeviceRefId": 1309, "DeviceValue": 2, "DeviceString": "2", "TimeStamp": "2222-02-02T10:04:02.0000000+00:00", "$type": "RecordData"}
[19:22:30 VRB] Adding to database: {"DeviceRefId": 1309, "DeviceValue": 2, "DeviceString": "2", "TimeStamp": "2222-02-02T10:04:02.0000000+00:00", "$type": "RecordData"}
[19:22:30 INF] Deleting All Records for (1310)
[19:22:30 INF] Removed 1 row(s) for device:1310 in database
[19:22:30 VRB] Recording {"DeviceRefId": 1310, "DeviceValue": 3, "DeviceString": "3", "TimeStamp": "2222-02-02T10:02:02.0000000+00:00", "$type": "RecordData"}
[19:22:30 VRB] Adding to database: {"DeviceRefId": 1310, "DeviceValue": 3, "DeviceString": "3", "TimeStamp": "2222-02-02T10:02:02.0000000+00:00", "$type": "RecordData"}
[19:22:30 VRB] Recording {"DeviceRefId": 1310, "DeviceValue": 3, "DeviceString": "3", "TimeStamp": "2222-02-02T10:05:02.0000000+00:00", "$type": "RecordData"}
[19:22:30 VRB] Adding to database: {"DeviceRefId": 1310, "DeviceValue": 3, "DeviceString": "3", "TimeStamp": "2222-02-02T10:05:02.0000000+00:00", "$type": "RecordData"}
[19:22:30 VRB] Recording {"DeviceRefId": 1310, "DeviceValue": 3, "DeviceString": "3", "TimeStamp": "2222-02-02T10:08:02.0000000+00:00", "$type": "RecordData"}
[19:22:30 VRB] Adding to database: {"DeviceRefId": 1310, "DeviceValue": 3, "DeviceString": "3", "TimeStamp": "2222-02-02T10:08:02.0000000+00:00", "$type": "RecordData"}
[19:22:30 INF] Deleting All Records for (1311)
[19:22:30 INF] Removed 1 row(s) for device:1311 in database
[19:22:30 VRB] Recording {"DeviceRefId": 1311, "DeviceValue": 4, "DeviceString": "4", "TimeStamp": "2222-02-02T10:02:02.0000000+00:00", "$type": "RecordData"}
[19:22:30 VRB] Adding to database: {"DeviceRefId": 1311, "DeviceValue": 4, "DeviceString": "4", "TimeStamp": "2222-02-02T10:02:02.0000000+00:00", "$type": "RecordData"}
[19:22:30 VRB] Recording {"DeviceRefId": 1311, "DeviceValue": 4, "DeviceString": "4", "TimeStamp": "2222-02-02T10:06:02.0000000+00:00", "$type": "RecordData"}
[19:22:30 VRB] Adding to database: {"DeviceRefId": 1311, "DeviceValue": 4, "DeviceString": "4", "TimeStamp": "2222-02-02T10:06:02.0000000+00:00", "$type": "RecordData"}
[19:22:30 VRB] Recording {"DeviceRefId": 1311, "DeviceValue": 4, "DeviceString": "4", "TimeStamp": "2222-02-02T10:10:02.0000000+00:00", "$type": "RecordData"}
[19:22:30 VRB] Adding to database: {"DeviceRefId": 1311, "DeviceValue": 4, "DeviceString": "4", "TimeStamp": "2222-02-02T10:10:02.0000000+00:00", "$type": "RecordData"}
[19:22:30 VRB] Recording {"DeviceRefId": 1311, "DeviceValue": 4, "DeviceString": "4", "TimeStamp": "2222-02-02T10:14:02.0000000+00:00", "$type": "RecordData"}
[19:22:30 VRB] Adding to database: {"DeviceRefId": 1311, "DeviceValue": 4, "DeviceString": "4", "TimeStamp": "2222-02-02T10:14:02.0000000+00:00", "$type": "RecordData"}
[19:22:30 INF] Deleting All Records for (1312)
[19:22:30 INF] Removed 1 row(s) for device:1312 in database
[19:22:30 VRB] Recording {"DeviceRefId": 1312, "DeviceValue": 5, "DeviceString": "5", "TimeStamp": "2222-02-02T10:02:02.0000000+00:00", "$type": "RecordData"}
[19:22:30 VRB] Adding to database: {"DeviceRefId": 1312, "DeviceValue": 5, "DeviceString": "5", "TimeStamp": "2222-02-02T10:02:02.0000000+00:00", "$type": "RecordData"}
[19:22:30 VRB] Recording {"DeviceRefId": 1312, "DeviceValue": 5, "DeviceString": "5", "TimeStamp": "2222-02-02T10:07:02.0000000+00:00", "$type": "RecordData"}
[19:22:30 VRB] Adding to database: {"DeviceRefId": 1312, "DeviceValue": 5, "DeviceString": "5", "TimeStamp": "2222-02-02T10:07:02.0000000+00:00", "$type": "RecordData"}
[19:22:30 VRB] Recording {"DeviceRefId": 1312, "DeviceValue": 5, "DeviceString": "5", "TimeStamp": "2222-02-02T10:12:02.0000000+00:00", "$type": "RecordData"}
[19:22:30 VRB] Adding to database: {"DeviceRefId": 1312, "DeviceValue": 5, "DeviceString": "5", "TimeStamp": "2222-02-02T10:12:02.0000000+00:00", "$type": "RecordData"}
[19:22:30 VRB] Recording {"DeviceRefId": 1312, "DeviceValue": 5, "DeviceString": "5", "TimeStamp": "2222-02-02T10:17:02.0000000+00:00", "$type": "RecordData"}
[19:22:30 VRB] Adding to database: {"DeviceRefId": 1312, "DeviceValue": 5, "DeviceString": "5", "TimeStamp": "2222-02-02T10:17:02.0000000+00:00", "$type": "RecordData"}
[19:22:30 VRB] Recording {"DeviceRefId": 1312, "DeviceValue": 5, "DeviceString": "5", "TimeStamp": "2222-02-02T10:22:02.0000000+00:00", "$type": "RecordData"}
[19:22:30 VRB] Adding to database: {"DeviceRefId": 1312, "DeviceValue": 5, "DeviceString": "5", "TimeStamp": "2222-02-02T10:22:02.0000000+00:00", "$type": "RecordData"}
[19:22:30 INF] Deleting All Records for (1313)
[19:22:30 INF] Removed 1 row(s) for device:1313 in database
[19:22:30 VRB] Recording {"DeviceRefId": 1313, "DeviceValue": 6, "DeviceString": "6", "TimeStamp": "2222-02-02T10:02:02.0000000+00:00", "$type": "RecordData"}
[19:22:30 VRB] Adding to database: {"DeviceRefId": 1313, "DeviceValue": 6, "DeviceString": "6", "TimeStamp": "2222-02-02T10:02:02.0000000+00:00", "$type": "RecordData"}
[19:22:30 VRB] Recording {"DeviceRefId": 1313, "DeviceValue": 6, "DeviceString": "6", "TimeStamp": "2222-02-02T10:08:02.0000000+00:00", "$type": "RecordData"}
[19:22:30 VRB] Adding to database: {"DeviceRefId": 1313, "DeviceValue": 6, "DeviceString": "6", "TimeStamp": "2222-02-02T10:08:02.0000000+00:00", "$type": "RecordData"}
[19:22:30 VRB] Recording {"DeviceRefId": 1313, "DeviceValue": 6, "DeviceString": "6", "TimeStamp": "2222-02-02T10:14:02.0000000+00:00", "$type": "RecordData"}
[19:22:30 VRB] Adding to database: {"DeviceRefId": 1313, "DeviceValue": 6, "DeviceString": "6", "TimeStamp": "2222-02-02T10:14:02.0000000+00:00", "$type": "RecordData"}
[19:22:30 VRB] Recording {"DeviceRefId": 1313, "DeviceValue": 6, "DeviceString": "6", "TimeStamp": "2222-02-02T10:20:02.0000000+00:00", "$type": "RecordData"}
[19:22:30 VRB] Adding to database: {"DeviceRefId": 1313, "DeviceValue": 6, "DeviceString": "6", "TimeStamp": "2222-02-02T10:20:02.0000000+00:00", "$type": "RecordData"}
[19:22:30 VRB] Recording {"DeviceRefId": 1313, "DeviceValue": 6, "DeviceString": "6", "TimeStamp": "2222-02-02T10:26:02.0000000+00:00", "$type": "RecordData"}
[19:22:30 VRB] Adding to database: {"DeviceRefId": 1313, "DeviceValue": 6, "DeviceString": "6", "TimeStamp": "2222-02-02T10:26:02.0000000+00:00", "$type": "RecordData"}
[19:22:30 VRB] Recording {"DeviceRefId": 1313, "DeviceValue": 6, "DeviceString": "6", "TimeStamp": "2222-02-02T10:32:02.0000000+00:00", "$type": "RecordData"}
[19:22:30 VRB] Adding to database: {"DeviceRefId": 1313, "DeviceValue": 6, "DeviceString": "6", "TimeStamp": "2222-02-02T10:32:02.0000000+00:00", "$type": "RecordData"}
[19:22:30 INF] Deleting All Records for (1314)
[19:22:30 INF] Removed 1 row(s) for device:1314 in database
[19:22:30 VRB] Recording {"DeviceRefId": 1314, "DeviceValue": 7, "DeviceString": "7", "TimeStamp": "2222-02-02T10:02:02.0000000+00:00", "$type": "RecordData"}
[19:22:30 VRB] Adding to database: {"DeviceRefId": 1314, "DeviceValue": 7, "DeviceString": "7", "TimeStamp": "2222-02-02T10:02:02.0000000+00:00", "$type": "RecordData"}
[19:22:30 VRB] Recording {"DeviceRefId": 1314, "DeviceValue": 7, "DeviceString": "7", "TimeStamp": "2222-02-02T10:09:02.0000000+00:00", "$type": "RecordData"}
[19:22:30 VRB] Adding to database: {"DeviceRefId": 1314, "DeviceValue": 7, "DeviceString": "7", "TimeStamp": "2222-02-02T10:09:02.0000000+00:00", "$type": "RecordData"}
[19:22:30 VRB] Recording {"DeviceRefId": 1314, "DeviceValue": 7, "DeviceString": "7", "TimeStamp": "2222-02-02T10:16:02.0000000+00:00", "$type": "RecordData"}
[19:22:30 VRB] Adding to database: {"DeviceRefId": 1314, "DeviceValue": 7, "DeviceString": "7", "TimeStamp": "2222-02-02T10:16:02.0000000+00:00", "$type": "RecordData"}
[19:22:30 VRB] Recording {"DeviceRefId": 1314, "DeviceValue": 7, "DeviceString": "7", "TimeStamp": "2222-02-02T10:23:02.0000000+00:00", "$type": "RecordData"}
[19:22:30 VRB] Adding to database: {"DeviceRefId": 1314, "DeviceValue": 7, "DeviceString": "7", "TimeStamp": "2222-02-02T10:23:02.0000000+00:00", "$type": "RecordData"}
[19:22:30 VRB] Recording {"DeviceRefId": 1314, "DeviceValue": 7, "DeviceString": "7", "TimeStamp": "2222-02-02T10:30:02.0000000+00:00", "$type": "RecordData"}
[19:22:30 VRB] Adding to database: {"DeviceRefId": 1314, "DeviceValue": 7, "DeviceString": "7", "TimeStamp": "2222-02-02T10:30:02.0000000+00:00", "$type": "RecordData"}
[19:22:30 VRB] Recording {"DeviceRefId": 1314, "DeviceValue": 7, "DeviceString": "7", "TimeStamp": "2222-02-02T10:37:02.0000000+00:00", "$type": "RecordData"}
[19:22:30 VRB] Adding to database: {"DeviceRefId": 1314, "DeviceValue": 7, "DeviceString": "7", "TimeStamp": "2222-02-02T10:37:02.0000000+00:00", "$type": "RecordData"}
[19:22:30 VRB] Recording {"DeviceRefId": 1314, "DeviceValue": 7, "DeviceString": "7", "TimeStamp": "2222-02-02T10:44:02.0000000+00:00", "$type": "RecordData"}
[19:22:30 VRB] Adding to database: {"DeviceRefId": 1314, "DeviceValue": 7, "DeviceString": "7", "TimeStamp": "2222-02-02T10:44:02.0000000+00:00", "$type": "RecordData"}
[19:22:30 INF] Deleting All Records for (1315)
[19:22:30 INF] Removed 1 row(s) for device:1315 in database
[19:22:30 VRB] Recording {"DeviceRefId": 1315, "DeviceValue": 8, "DeviceString": "8", "TimeStamp": "2222-02-02T10:02:02.0000000+00:00", "$type": "RecordData"}
[19:22:30 VRB] Adding to database: {"DeviceRefId": 1315, "DeviceValue": 8, "DeviceString": "8", "TimeStamp": "2222-02-02T10:02:02.0000000+00:00", "$type": "RecordData"}
[19:22:30 VRB] Recording {"DeviceRefId": 1315, "DeviceValue": 8, "DeviceString": "8", "TimeStamp": "2222-02-02T10:10:02.0000000+00:00", "$type": "RecordData"}
[19:22:30 VRB] Adding to database: {"DeviceRefId": 1315, "DeviceValue": 8, "DeviceString": "8", "TimeStamp": "2222-02-02T10:10:02.0000000+00:00", "$type": "RecordData"}
[19:22:30 VRB] Recording {"DeviceRefId": 1315, "DeviceValue": 8, "DeviceString": "8", "TimeStamp": "2222-02-02T10:18:02.0000000+00:00", "$type": "RecordData"}
[19:22:30 VRB] Adding to database: {"DeviceRefId": 1315, "DeviceValue": 8, "DeviceString": "8", "TimeStamp": "2222-02-02T10:18:02.0000000+00:00", "$type": "RecordData"}
[19:22:30 VRB] Recording {"DeviceRefId": 1315, "DeviceValue": 8, "DeviceString": "8", "TimeStamp": "2222-02-02T10:26:02.0000000+00:00", "$type": "RecordData"}
[19:22:30 VRB] Adding to database: {"DeviceRefId": 1315, "DeviceValue": 8, "DeviceString": "8", "TimeStamp": "2222-02-02T10:26:02.0000000+00:00", "$type": "RecordData"}
[19:22:30 VRB] Recording {"DeviceRefId": 1315, "DeviceValue": 8, "DeviceString": "8", "TimeStamp": "2222-02-02T10:34:02.0000000+00:00", "$type": "RecordData"}
[19:22:30 VRB] Adding to database: {"DeviceRefId": 1315, "DeviceValue": 8, "DeviceString": "8", "TimeStamp": "2222-02-02T10:34:02.0000000+00:00", "$type": "RecordData"}
[19:22:30 VRB] Recording {"DeviceRefId": 1315, "DeviceValue": 8, "DeviceString": "8", "TimeStamp": "2222-02-02T10:42:02.0000000+00:00", "$type": "RecordData"}
[19:22:30 VRB] Adding to database: {"DeviceRefId": 1315, "DeviceValue": 8, "DeviceString": "8", "TimeStamp": "2222-02-02T10:42:02.0000000+00:00", "$type": "RecordData"}
[19:22:30 VRB] Recording {"DeviceRefId": 1315, "DeviceValue": 8, "DeviceString": "8", "TimeStamp": "2222-02-02T10:50:02.0000000+00:00", "$type": "RecordData"}
[19:22:30 VRB] Adding to database: {"DeviceRefId": 1315, "DeviceValue": 8, "DeviceString": "8", "TimeStamp": "2222-02-02T10:50:02.0000000+00:00", "$type": "RecordData"}
[19:22:30 VRB] Recording {"DeviceRefId": 1315, "DeviceValue": 8, "DeviceString": "8", "TimeStamp": "2222-02-02T10:58:02.0000000+00:00", "$type": "RecordData"}
[19:22:30 VRB] Adding to database: {"DeviceRefId": 1315, "DeviceValue": 8, "DeviceString": "8", "TimeStamp": "2222-02-02T10:58:02.0000000+00:00", "$type": "RecordData"}
[19:22:30 INF] Deleting All Records for (1316)
[19:22:30 INF] Removed 1 row(s) for device:1316 in database
[19:22:30 VRB] Recording {"DeviceRefId": 1316, "DeviceValue": 9, "DeviceString": "9", "TimeStamp": "2222-02-02T10:02:02.0000000+00:00", "$type": "RecordData"}
[19:22:30 VRB] Adding to database: {"DeviceRefId": 1316, "DeviceValue": 9, "DeviceString": "9", "TimeStamp": "2222-02-02T10:02:02.0000000+00:00", "$type": "RecordData"}
[19:22:30 VRB] Recording {"DeviceRefId": 1316, "DeviceValue": 9, "DeviceString": "9", "TimeStamp": "2222-02-02T10:11:02.0000000+00:00", "$type": "RecordData"}
[19:22:30 VRB] Adding to database: {"DeviceRefId": 1316, "DeviceValue": 9, "DeviceString": "9", "TimeStamp": "2222-02-02T10:11:02.0000000+00:00", "$type": "RecordData"}
[19:22:30 VRB] Recording {"DeviceRefId": 1316, "DeviceValue": 9, "DeviceString": "9", "TimeStamp": "2222-02-02T10:20:02.0000000+00:00", "$type": "RecordData"}
[19:22:30 VRB] Adding to database: {"DeviceRefId": 1316, "DeviceValue": 9, "DeviceString": "9", "TimeStamp": "2222-02-02T10:20:02.0000000+00:00", "$type": "RecordData"}
[19:22:30 VRB] Recording {"DeviceRefId": 1316, "DeviceValue": 9, "DeviceString": "9", "TimeStamp": "2222-02-02T10:29:02.0000000+00:00", "$type": "RecordData"}
[19:22:30 VRB] Adding to database: {"DeviceRefId": 1316, "DeviceValue": 9, "DeviceString": "9", "TimeStamp": "2222-02-02T10:29:02.0000000+00:00", "$type": "RecordData"}
[19:22:30 VRB] Recording {"DeviceRefId": 1316, "DeviceValue": 9, "DeviceString": "9", "TimeStamp": "2222-02-02T10:38:02.0000000+00:00", "$type": "RecordData"}
[19:22:30 VRB] Adding to database: {"DeviceRefId": 1316, "DeviceValue": 9, "DeviceString": "9", "TimeStamp": "2222-02-02T10:38:02.0000000+00:00", "$type": "RecordData"}
[19:22:30 VRB] Recording {"DeviceRefId": 1316, "DeviceValue": 9, "DeviceString": "9", "TimeStamp": "2222-02-02T10:47:02.0000000+00:00", "$type": "RecordData"}
[19:22:30 VRB] Adding to database: {"DeviceRefId": 1316, "DeviceValue": 9, "DeviceString": "9", "TimeStamp": "2222-02-02T10:47:02.0000000+00:00", "$type": "RecordData"}
[19:22:30 VRB] Recording {"DeviceRefId": 1316, "DeviceValue": 9, "DeviceString": "9", "TimeStamp": "2222-02-02T10:56:02.0000000+00:00", "$type": "RecordData"}
[19:22:30 VRB] Adding to database: {"DeviceRefId": 1316, "DeviceValue": 9, "DeviceString": "9", "TimeStamp": "2222-02-02T10:56:02.0000000+00:00", "$type": "RecordData"}
[19:22:31 VRB] Recording {"DeviceRefId": 1316, "DeviceValue": 9, "DeviceString": "9", "TimeStamp": "2222-02-02T11:05:02.0000000+00:00", "$type": "RecordData"}
[19:22:31 VRB] Adding to database: {"DeviceRefId": 1316, "DeviceValue": 9, "DeviceString": "9", "TimeStamp": "2222-02-02T11:05:02.0000000+00:00", "$type": "RecordData"}
[19:22:31 VRB] Recording {"DeviceRefId": 1316, "DeviceValue": 9, "DeviceString": "9", "TimeStamp": "2222-02-02T11:14:02.0000000+00:00", "$type": "RecordData"}
[19:22:31 VRB] Adding to database: {"DeviceRefId": 1316, "DeviceValue": 9, "DeviceString": "9", "TimeStamp": "2222-02-02T11:14:02.0000000+00:00", "$type": "RecordData"}
[19:22:31 DBG] PostBackProc for execsql for {sql: 'SELECT COUNT(*) AS TotalCount FROM history'}
[19:22:31 DBG] Executing Sql: SELECT COUNT(*) AS TotalCount FROM history
Disconnecting from HomeSeer...
[19:22:31 INF] Shutting down
[19:22:31 DBG] Disposing Sqlite connection
[19:22:31 DBG] Finish records update thread
</system-out>
    </testcase>
    <testcase name="ExecSqlAsPostSingleFeatureAllValues" assertions="16" time="0.056539" status="Passed" classname="HSPI_HistoricalRecordsTest.ExecSqlTest">
      <system-out>[19:22:31 INF] Plugin Starting
[19:22:31 INF] e_sqlite3 version:3.44.0
[19:22:31 INF] Connecting to database: C:\Users\Deepak\AppData\Local\Temp\sls0s1i1.30u\data\HistoricalRecords\records.db
[19:22:31 DBG] Starting records update thread
[19:22:31 INF] Plugin Started
[19:22:31 DBG] Starting RecordAllDevices
[19:22:31 VRB] Recording {"DeviceRefId": 100, "DeviceValue": 1.1, "DeviceString": "1.1", "TimeStamp": "2222-02-02T10:02:02.0000000+00:00", "$type": "RecordData"}
[19:22:31 VRB] Adding to database: {"DeviceRefId": 100, "DeviceValue": 1.1, "DeviceString": "1.1", "TimeStamp": "2222-02-02T10:02:02.0000000+00:00", "$type": "RecordData"}
[19:22:31 DBG] Finished RecordAllDevices
[19:22:31 INF] Starting maintaining database
[19:22:31 DBG] Start Pruning older records
[19:22:31 DBG] Finished pruning older records
[19:22:31 INF] Finished maintaining database
[19:22:31 VRB] Recording {"DeviceRefId": 100, "DeviceValue": 10, "DeviceString": "10", "TimeStamp": "2222-02-02T10:02:03.0000000+00:00", "$type": "RecordData"}
[19:22:31 VRB] Adding to database: {"DeviceRefId": 100, "DeviceValue": 10, "DeviceString": "10", "TimeStamp": "2222-02-02T10:02:03.0000000+00:00", "$type": "RecordData"}
[19:22:31 DBG] PostBackProc for execsql for {sql: 'SELECT ref, value, str FROM history'}
[19:22:31 DBG] Executing Sql: SELECT ref, value, str FROM history
Disconnecting from HomeSeer...
[19:22:31 INF] Shutting down
[19:22:31 DBG] Disposing Sqlite connection
[19:22:31 DBG] Finish records update thread
</system-out>
    </testcase>
    <testcase name="ExecSqlAsPostVacuum" assertions="7" time="0.046945" status="Passed" classname="HSPI_HistoricalRecordsTest.ExecSqlTest">
      <system-out>[19:22:31 INF] Plugin Starting
[19:22:31 INF] e_sqlite3 version:3.44.0
[19:22:31 INF] Connecting to database: C:\Users\Deepak\AppData\Local\Temp\suu5prmg.yme\data\HistoricalRecords\records.db
[19:22:31 DBG] Starting records update thread
[19:22:31 INF] Plugin Started
[19:22:31 INF] Starting maintaining database
[19:22:31 DBG] Start Pruning older records
[19:22:31 DBG] Finished pruning older records
[19:22:31 INF] Finished maintaining database
[19:22:31 DBG] Starting RecordAllDevices
[19:22:31 VRB] Recording {"DeviceRefId": 100, "DeviceValue": 1.1, "DeviceString": "1.1", "TimeStamp": "2222-02-02T10:02:02.0000000+00:00", "$type": "RecordData"}
[19:22:31 VRB] Adding to database: {"DeviceRefId": 100, "DeviceValue": 1.1, "DeviceString": "1.1", "TimeStamp": "2222-02-02T10:02:02.0000000+00:00", "$type": "RecordData"}
[19:22:31 DBG] Finished RecordAllDevices
[19:22:31 VRB] Recording {"DeviceRefId": 100, "DeviceValue": 10, "DeviceString": "10", "TimeStamp": "2222-02-02T10:02:03.0000000+00:00", "$type": "RecordData"}
[19:22:31 VRB] Adding to database: {"DeviceRefId": 100, "DeviceValue": 10, "DeviceString": "10", "TimeStamp": "2222-02-02T10:02:03.0000000+00:00", "$type": "RecordData"}
[19:22:31 DBG] PostBackProc for execsql for {sql: 'VACUUM'}
[19:22:31 DBG] Executing Sql: VACUUM
Disconnecting from HomeSeer...
[19:22:31 INF] Shutting down
[19:22:31 DBG] Disposing Sqlite connection
[19:22:31 DBG] Finish records update thread
</system-out>
    </testcase>
    <testcase name="ExecSqlAsPostWithError" assertions="3" time="0.026140" status="Passed" classname="HSPI_HistoricalRecordsTest.ExecSqlTest">
      <system-out>[19:22:31 INF] Plugin Starting
[19:22:31 INF] e_sqlite3 version:3.44.0
[19:22:31 INF] Connecting to database: C:\Users\Deepak\AppData\Local\Temp\u11rhfrx.b2h\data\HistoricalRecords\records.db
[19:22:31 DBG] Starting records update thread
[19:22:31 INF] Starting maintaining database
[19:22:31 DBG] Start Pruning older records
[19:22:31 DBG] Finished pruning older records
[19:22:31 DBG] Starting RecordAllDevices
[19:22:31 INF] Finished maintaining database
[19:22:31 DBG] Finished RecordAllDevices
[19:22:31 INF] Plugin Started
[19:22:31 DBG] PostBackProc for execsql for {sql: 'SELECT COUNT(*) AS TotalCount FROM history1'}
[19:22:31 DBG] Executing Sql: SELECT COUNT(*) AS TotalCount FROM history1
[19:22:31 ERR] Error in Page execsql for {sql: 'SELECT COUNT(*) AS TotalCount FROM history1'} with no such table: history1
Disconnecting from HomeSeer...
[19:22:31 INF] Shutting down
[19:22:31 DBG] Disposing Sqlite connection
[19:22:31 DBG] Finish records update thread
</system-out>
    </testcase>
  </testsuite>
  <testsuite tests="13" time="10.172855" errors="0" failures="0" skipped="0" timestamp="2023-12-02T03:22:31.1911432Z" name="">
    <testcase name="GetRecordsWithGroupingAndLOCF" assertions="1030" time="6.918043" status="Passed" classname="HSPI_HistoricalRecordsTest.GraphCallbacksTest">
      <system-out>[19:22:31 INF] Plugin Starting
[19:22:31 INF] e_sqlite3 version:3.44.0
[19:22:31 INF] Connecting to database: C:\Users\Deepak\AppData\Local\Temp\tpq01fj1.xbk\data\HistoricalRecords\records.db
[19:22:31 DBG] Starting records update thread
[19:22:31 INF] Starting maintaining database
[19:22:31 DBG] Start Pruning older records
[19:22:31 DBG] Finished pruning older records
[19:22:31 INF] Finished maintaining database
[19:22:31 INF] Plugin Started
[19:22:31 DBG] Starting RecordAllDevices
[19:22:31 VRB] Recording {"DeviceRefId": 35673, "DeviceValue": 1.1, "DeviceString": "1.1", "TimeStamp": "2222-02-02T10:02:02.0000000+00:00", "$type": "RecordData"}
[19:22:31 VRB] Adding to database: {"DeviceRefId": 35673, "DeviceValue": 1.1, "DeviceString": "1.1", "TimeStamp": "2222-02-02T10:02:02.0000000+00:00", "$type": "RecordData"}
[19:22:31 DBG] Finished RecordAllDevices
[19:22:31 INF] Deleting All Records for (35673)
[19:22:31 INF] Removed 1 row(s) for device:35673 in database
[19:22:31 VRB] Recording {"DeviceRefId": 35673, "DeviceValue": 0, "DeviceString": "33", "TimeStamp": "2222-02-02T10:02:02.0000000+00:00", "$type": "RecordData"}
[19:22:31 VRB] Adding to database: {"DeviceRefId": 35673, "DeviceValue": 0, "DeviceString": "33", "TimeStamp": "2222-02-02T10:02:02.0000000+00:00", "$type": "RecordData"}
[19:22:31 VRB] Recording {"DeviceRefId": 35673, "DeviceValue": 1, "DeviceString": "33", "TimeStamp": "2222-02-02T10:02:07.0000000+00:00", "$type": "RecordData"}
[19:22:31 VRB] Adding to database: {"DeviceRefId": 35673, "DeviceValue": 1, "DeviceString": "33", "TimeStamp": "2222-02-02T10:02:07.0000000+00:00", "$type": "RecordData"}
[19:22:31 VRB] Recording {"DeviceRefId": 35673, "DeviceValue": 2, "DeviceString": "33", "TimeStamp": "2222-02-02T10:02:12.0000000+00:00", "$type": "RecordData"}
[19:22:31 VRB] Adding to database: {"DeviceRefId": 35673, "DeviceValue": 2, "DeviceString": "33", "TimeStamp": "2222-02-02T10:02:12.0000000+00:00", "$type": "RecordData"}
[19:22:31 VRB] Recording {"DeviceRefId": 35673, "DeviceValue": 3, "DeviceString": "33", "TimeStamp": "2222-02-02T10:02:17.0000000+00:00", "$type": "RecordData"}
[19:22:31 VRB] Adding to database: {"DeviceRefId": 35673, "DeviceValue": 3, "DeviceString": "33", "TimeStamp": "2222-02-02T10:02:17.0000000+00:00", "$type": "RecordData"}
[19:22:31 VRB] Recording {"DeviceRefId": 35673, "DeviceValue": 4, "DeviceString": "33", "TimeStamp": "2222-02-02T10:02:22.0000000+00:00", "$type": "RecordData"}
[19:22:31 VRB] Adding to database: {"DeviceRefId": 35673, "DeviceValue": 4, "DeviceString": "33", "TimeStamp": "2222-02-02T10:02:22.0000000+00:00", "$type": "RecordData"}
[19:22:31 VRB] Recording {"DeviceRefId": 35673, "DeviceValue": 5, "DeviceString": "33", "TimeStamp": "2222-02-02T10:02:27.0000000+00:00", "$type": "RecordData"}
[19:22:31 VRB] Adding to database: {"DeviceRefId": 35673, "DeviceValue": 5, "DeviceString": "33", "TimeStamp": "2222-02-02T10:02:27.0000000+00:00", "$type": "RecordData"}
[19:22:31 VRB] Recording {"DeviceRefId": 35673, "DeviceValue": 6, "DeviceString": "33", "TimeStamp": "2222-02-02T10:02:32.0000000+00:00", "$type": "RecordData"}
[19:22:31 VRB] Adding to database: {"DeviceRefId": 35673, "DeviceValue": 6, "DeviceString": "33", "TimeStamp": "2222-02-02T10:02:32.0000000+00:00", "$type": "RecordData"}
[19:22:31 VRB] Recording {"DeviceRefId": 35673, "DeviceValue": 7, "DeviceString": "33", "TimeStamp": "2222-02-02T10:02:37.0000000+00:00", "$type": "RecordData"}
[19:22:31 VRB] Adding to database: {"DeviceRefId": 35673, "DeviceValue": 7, "DeviceString": "33", "TimeStamp": "2222-02-02T10:02:37.0000000+00:00", "$type": "RecordData"}
[19:22:31 VRB] Recording {"DeviceRefId": 35673, "DeviceValue": 8, "DeviceString": "33", "TimeStamp": "2222-02-02T10:02:42.0000000+00:00", "$type": "RecordData"}
[19:22:31 VRB] Adding to database: {"DeviceRefId": 35673, "DeviceValue": 8, "DeviceString": "33", "TimeStamp": "2222-02-02T10:02:42.0000000+00:00", "$type": "RecordData"}
[19:22:31 VRB] Recording {"DeviceRefId": 35673, "DeviceValue": 9, "DeviceString": "33", "TimeStamp": "2222-02-02T10:02:47.0000000+00:00", "$type": "RecordData"}
[19:22:31 VRB] Adding to database: {"DeviceRefId": 35673, "DeviceValue": 9, "DeviceString": "33", "TimeStamp": "2222-02-02T10:02:47.0000000+00:00", "$type": "RecordData"}
[19:22:31 VRB] Recording {"DeviceRefId": 35673, "DeviceValue": 10, "DeviceString": "33", "TimeStamp": "2222-02-02T10:02:52.0000000+00:00", "$type": "RecordData"}
[19:22:31 VRB] Adding to database: {"DeviceRefId": 35673, "DeviceValue": 10, "DeviceString": "33", "TimeStamp": "2222-02-02T10:02:52.0000000+00:00", "$type": "RecordData"}
[19:22:31 VRB] Recording {"DeviceRefId": 35673, "DeviceValue": 11, "DeviceString": "33", "TimeStamp": "2222-02-02T10:02:57.0000000+00:00", "$type": "RecordData"}
[19:22:31 VRB] Adding to database: {"DeviceRefId": 35673, "DeviceValue": 11, "DeviceString": "33", "TimeStamp": "2222-02-02T10:02:57.0000000+00:00", "$type": "RecordData"}
[19:22:31 VRB] Recording {"DeviceRefId": 35673, "DeviceValue": 12, "DeviceString": "33", "TimeStamp": "2222-02-02T10:03:02.0000000+00:00", "$type": "RecordData"}
[19:22:31 VRB] Adding to database: {"DeviceRefId": 35673, "DeviceValue": 12, "DeviceString": "33", "TimeStamp": "2222-02-02T10:03:02.0000000+00:00", "$type": "RecordData"}
[19:22:31 VRB] Recording {"DeviceRefId": 35673, "DeviceValue": 13, "DeviceString": "33", "TimeStamp": "2222-02-02T10:03:07.0000000+00:00", "$type": "RecordData"}
[19:22:31 VRB] Adding to database: {"DeviceRefId": 35673, "DeviceValue": 13, "DeviceString": "33", "TimeStamp": "2222-02-02T10:03:07.0000000+00:00", "$type": "RecordData"}
[19:22:31 VRB] Recording {"DeviceRefId": 35673, "DeviceValue": 14, "DeviceString": "33", "TimeStamp": "2222-02-02T10:03:12.0000000+00:00", "$type": "RecordData"}
[19:22:31 VRB] Adding to database: {"DeviceRefId": 35673, "DeviceValue": 14, "DeviceString": "33", "TimeStamp": "2222-02-02T10:03:12.0000000+00:00", "$type": "RecordData"}
[19:22:31 VRB] Recording {"DeviceRefId": 35673, "DeviceValue": 15, "DeviceString": "33", "TimeStamp": "2222-02-02T10:03:17.0000000+00:00", "$type": "RecordData"}
[19:22:31 VRB] Adding to database: {"DeviceRefId": 35673, "DeviceValue": 15, "DeviceString": "33", "TimeStamp": "2222-02-02T10:03:17.0000000+00:00", "$type": "RecordData"}
[19:22:31 VRB] Recording {"DeviceRefId": 35673, "DeviceValue": 16, "DeviceString": "33", "TimeStamp": "2222-02-02T10:03:22.0000000+00:00", "$type": "RecordData"}
[19:22:31 VRB] Adding to database: {"DeviceRefId": 35673, "DeviceValue": 16, "DeviceString": "33", "TimeStamp": "2222-02-02T10:03:22.0000000+00:00", "$type": "RecordData"}
[19:22:31 VRB] Recording {"DeviceRefId": 35673, "DeviceValue": 17, "DeviceString": "33", "TimeStamp": "2222-02-02T10:03:27.0000000+00:00", "$type": "RecordData"}
[19:22:31 VRB] Adding to database: {"DeviceRefId": 35673, "DeviceValue": 17, "DeviceString": "33", "TimeStamp": "2222-02-02T10:03:27.0000000+00:00", "$type": "RecordData"}
[19:22:31 VRB] Recording {"DeviceRefId": 35673, "DeviceValue": 18, "DeviceString": "33", "TimeStamp": "2222-02-02T10:03:32.0000000+00:00", "$type": "RecordData"}
[19:22:31 VRB] Adding to database: {"DeviceRefId": 35673, "DeviceValue": 18, "DeviceString": "33", "TimeStamp": "2222-02-02T10:03:32.0000000+00:00", "$type": "RecordData"}
[19:22:31 VRB] Recording {"DeviceRefId": 35673, "DeviceValue": 19, "DeviceString": "33", "TimeStamp": "2222-02-02T10:03:37.0000000+00:00", "$type": "RecordData"}
[19:22:31 VRB] Adding to database: {"DeviceRefId": 35673, "DeviceValue": 19, "DeviceString": "33", "TimeStamp": "2222-02-02T10:03:37.0000000+00:00", "$type": "RecordData"}
[19:22:31 VRB] Recording {"DeviceRefId": 35673, "DeviceValue": 20, "DeviceString": "33", "TimeStamp": "2222-02-02T10:03:42.0000000+00:00", "$type": "RecordData"}
[19:22:31 VRB] Adding to database: {"DeviceRefId": 35673, "DeviceValue": 20, "DeviceString": "33", "TimeStamp": "2222-02-02T10:03:42.0000000+00:00", "$type": "RecordData"}
[19:22:31 VRB] Recording {"DeviceRefId": 35673, "DeviceValue": 21, "DeviceString": "33", "TimeStamp": "2222-02-02T10:03:47.0000000+00:00", "$type": "RecordData"}
[19:22:31 VRB] Adding to database: {"DeviceRefId": 35673, "DeviceValue": 21, "DeviceString": "33", "TimeStamp": "2222-02-02T10:03:47.0000000+00:00", "$type": "RecordData"}
[19:22:31 VRB] Recording {"DeviceRefId": 35673, "DeviceValue": 22, "DeviceString": "33", "TimeStamp": "2222-02-02T10:03:52.0000000+00:00", "$type": "RecordData"}
[19:22:31 VRB] Adding to database: {"DeviceRefId": 35673, "DeviceValue": 22, "DeviceString": "33", "TimeStamp": "2222-02-02T10:03:52.0000000+00:00", "$type": "RecordData"}
[19:22:31 VRB] Recording {"DeviceRefId": 35673, "DeviceValue": 23, "DeviceString": "33", "TimeStamp": "2222-02-02T10:03:57.0000000+00:00", "$type": "RecordData"}
[19:22:31 VRB] Adding to database: {"DeviceRefId": 35673, "DeviceValue": 23, "DeviceString": "33", "TimeStamp": "2222-02-02T10:03:57.0000000+00:00", "$type": "RecordData"}
[19:22:31 VRB] Recording {"DeviceRefId": 35673, "DeviceValue": 24, "DeviceString": "33", "TimeStamp": "2222-02-02T10:04:02.0000000+00:00", "$type": "RecordData"}
[19:22:31 VRB] Adding to database: {"DeviceRefId": 35673, "DeviceValue": 24, "DeviceString": "33", "TimeStamp": "2222-02-02T10:04:02.0000000+00:00", "$type": "RecordData"}
[19:22:31 VRB] Recording {"DeviceRefId": 35673, "DeviceValue": 25, "DeviceString": "33", "TimeStamp": "2222-02-02T10:04:07.0000000+00:00", "$type": "RecordData"}
[19:22:31 VRB] Adding to database: {"DeviceRefId": 35673, "DeviceValue": 25, "DeviceString": "33", "TimeStamp": "2222-02-02T10:04:07.0000000+00:00", "$type": "RecordData"}
[19:22:31 VRB] Recording {"DeviceRefId": 35673, "DeviceValue": 26, "DeviceString": "33", "TimeStamp": "2222-02-02T10:04:12.0000000+00:00", "$type": "RecordData"}
[19:22:31 VRB] Adding to database: {"DeviceRefId": 35673, "DeviceValue": 26, "DeviceString": "33", "TimeStamp": "2222-02-02T10:04:12.0000000+00:00", "$type": "RecordData"}
[19:22:31 VRB] Recording {"DeviceRefId": 35673, "DeviceValue": 27, "DeviceString": "33", "TimeStamp": "2222-02-02T10:04:17.0000000+00:00", "$type": "RecordData"}
[19:22:31 VRB] Adding to database: {"DeviceRefId": 35673, "DeviceValue": 27, "DeviceString": "33", "TimeStamp": "2222-02-02T10:04:17.0000000+00:00", "$type": "RecordData"}
[19:22:31 VRB] Recording {"DeviceRefId": 35673, "DeviceValue": 28, "DeviceString": "33", "TimeStamp": "2222-02-02T10:04:22.0000000+00:00", "$type": "RecordData"}
[19:22:31 VRB] Adding to database: {"DeviceRefId": 35673, "DeviceValue": 28, "DeviceString": "33", "TimeStamp": "2222-02-02T10:04:22.0000000+00:00", "$type": "RecordData"}
[19:22:31 VRB] Recording {"DeviceRefId": 35673, "DeviceValue": 29, "DeviceString": "33", "TimeStamp": "2222-02-02T10:04:27.0000000+00:00", "$type": "RecordData"}
[19:22:31 VRB] Adding to database: {"DeviceRefId": 35673, "DeviceValue": 29, "DeviceString": "33", "TimeStamp": "2222-02-02T10:04:27.0000000+00:00", "$type": "RecordData"}
[19:22:31 VRB] Recording {"DeviceRefId": 35673, "DeviceValue": 30, "DeviceString": "33", "TimeStamp": "2222-02-02T10:04:32.0000000+00:00", "$type": "RecordData"}
[19:22:31 VRB] Adding to database: {"DeviceRefId": 35673, "DeviceValue": 30, "DeviceString": "33", "TimeStamp": "2222-02-02T10:04:32.0000000+00:00", "$type": "RecordData"}
[19:22:31 VRB] Recording {"DeviceRefId": 35673, "DeviceValue": 31, "DeviceString": "33", "TimeStamp": "2222-02-02T10:04:37.0000000+00:00", "$type": "RecordData"}
[19:22:31 VRB] Adding to database: {"DeviceRefId": 35673, "DeviceValue": 31, "DeviceString": "33", "TimeStamp": "2222-02-02T10:04:37.0000000+00:00", "$type": "RecordData"}
[19:22:31 VRB] Recording {"DeviceRefId": 35673, "DeviceValue": 32, "DeviceString": "33", "TimeStamp": "2222-02-02T10:04:42.0000000+00:00", "$type": "RecordData"}
[19:22:31 VRB] Adding to database: {"DeviceRefId": 35673, "DeviceValue": 32, "DeviceString": "33", "TimeStamp": "2222-02-02T10:04:42.0000000+00:00", "$type": "RecordData"}
[19:22:31 VRB] Recording {"DeviceRefId": 35673, "DeviceValue": 33, "DeviceString": "33", "TimeStamp": "2222-02-02T10:04:47.0000000+00:00", "$type": "RecordData"}
[19:22:31 VRB] Adding to database: {"DeviceRefId": 35673, "DeviceValue": 33, "DeviceString": "33", "TimeStamp": "2222-02-02T10:04:47.0000000+00:00", "$type": "RecordData"}
[19:22:31 VRB] Recording {"DeviceRefId": 35673, "DeviceValue": 34, "DeviceString": "33", "TimeStamp": "2222-02-02T10:04:52.0000000+00:00", "$type": "RecordData"}
[19:22:31 VRB] Adding to database: {"DeviceRefId": 35673, "DeviceValue": 34, "DeviceString": "33", "TimeStamp": "2222-02-02T10:04:52.0000000+00:00", "$type": "RecordData"}
[19:22:31 VRB] Recording {"DeviceRefId": 35673, "DeviceValue": 35, "DeviceString": "33", "TimeStamp": "2222-02-02T10:04:57.0000000+00:00", "$type": "RecordData"}
[19:22:31 VRB] Adding to database: {"DeviceRefId": 35673, "DeviceValue": 35, "DeviceString": "33", "TimeStamp": "2222-02-02T10:04:57.0000000+00:00", "$type": "RecordData"}
[19:22:31 VRB] Recording {"DeviceRefId": 35673, "DeviceValue": 36, "DeviceString": "33", "TimeStamp": "2222-02-02T10:05:02.0000000+00:00", "$type": "RecordData"}
[19:22:31 VRB] Adding to database: {"DeviceRefId": 35673, "DeviceValue": 36, "DeviceString": "33", "TimeStamp": "2222-02-02T10:05:02.0000000+00:00", "$type": "RecordData"}
[19:22:31 VRB] Recording {"DeviceRefId": 35673, "DeviceValue": 37, "DeviceString": "33", "TimeStamp": "2222-02-02T10:05:07.0000000+00:00", "$type": "RecordData"}
[19:22:31 VRB] Adding to database: {"DeviceRefId": 35673, "DeviceValue": 37, "DeviceString": "33", "TimeStamp": "2222-02-02T10:05:07.0000000+00:00", "$type": "RecordData"}
[19:22:31 VRB] Recording {"DeviceRefId": 35673, "DeviceValue": 38, "DeviceString": "33", "TimeStamp": "2222-02-02T10:05:12.0000000+00:00", "$type": "RecordData"}
[19:22:31 VRB] Adding to database: {"DeviceRefId": 35673, "DeviceValue": 38, "DeviceString": "33", "TimeStamp": "2222-02-02T10:05:12.0000000+00:00", "$type": "RecordData"}
[19:22:31 VRB] Recording {"DeviceRefId": 35673, "DeviceValue": 39, "DeviceString": "33", "TimeStamp": "2222-02-02T10:05:17.0000000+00:00", "$type": "RecordData"}
[19:22:31 VRB] Adding to database: {"DeviceRefId": 35673, "DeviceValue": 39, "DeviceString": "33", "TimeStamp": "2222-02-02T10:05:17.0000000+00:00", "$type": "RecordData"}
[19:22:31 VRB] Recording {"DeviceRefId": 35673, "DeviceValue": 40, "DeviceString": "33", "TimeStamp": "2222-02-02T10:05:22.0000000+00:00", "$type": "RecordData"}
[19:22:31 VRB] Adding to database: {"DeviceRefId": 35673, "DeviceValue": 40, "DeviceString": "33", "TimeStamp": "2222-02-02T10:05:22.0000000+00:00", "$type": "RecordData"}
[19:22:31 VRB] Recording {"DeviceRefId": 35673, "DeviceValue": 41, "DeviceString": "33", "TimeStamp": "2222-02-02T10:05:27.0000000+00:00", "$type": "RecordData"}
[19:22:31 VRB] Adding to database: {"DeviceRefId": 35673, "DeviceValue": 41, "DeviceString": "33", "TimeStamp": "2222-02-02T10:05:27.0000000+00:00", "$type": "RecordData"}
[19:22:31 VRB] Recording {"DeviceRefId": 35673, "DeviceValue": 42, "DeviceString": "33", "TimeStamp": "2222-02-02T10:05:32.0000000+00:00", "$type": "RecordData"}
[19:22:31 VRB] Adding to database: {"DeviceRefId": 35673, "DeviceValue": 42, "DeviceString": "33", "TimeStamp": "2222-02-02T10:05:32.0000000+00:00", "$type": "RecordData"}
[19:22:31 VRB] Recording {"DeviceRefId": 35673, "DeviceValue": 43, "DeviceString": "33", "TimeStamp": "2222-02-02T10:05:37.0000000+00:00", "$type": "RecordData"}
[19:22:31 VRB] Adding to database: {"DeviceRefId": 35673, "DeviceValue": 43, "DeviceString": "33", "TimeStamp": "2222-02-02T10:05:37.0000000+00:00", "$type": "RecordData"}
[19:22:31 VRB] Recording {"DeviceRefId": 35673, "DeviceValue": 44, "DeviceString": "33", "TimeStamp": "2222-02-02T10:05:42.0000000+00:00", "$type": "RecordData"}
[19:22:31 VRB] Adding to database: {"DeviceRefId": 35673, "DeviceValue": 44, "DeviceString": "33", "TimeStamp": "2222-02-02T10:05:42.0000000+00:00", "$type": "RecordData"}
[19:22:31 VRB] Recording {"DeviceRefId": 35673, "DeviceValue": 45, "DeviceString": "33", "TimeStamp": "2222-02-02T10:05:47.0000000+00:00", "$type": "RecordData"}
[19:22:31 VRB] Adding to database: {"DeviceRefId": 35673, "DeviceValue": 45, "DeviceString": "33", "TimeStamp": "2222-02-02T10:05:47.0000000+00:00", "$type": "RecordData"}
[19:22:31 VRB] Recording {"DeviceRefId": 35673, "DeviceValue": 46, "DeviceString": "33", "TimeStamp": "2222-02-02T10:05:52.0000000+00:00", "$type": "RecordData"}
[19:22:31 VRB] Adding to database: {"DeviceRefId": 35673, "DeviceValue": 46, "DeviceString": "33", "TimeStamp": "2222-02-02T10:05:52.0000000+00:00", "$type": "RecordData"}
[19:22:31 VRB] Recording {"DeviceRefId": 35673, "DeviceValue": 47, "DeviceString": "33", "TimeStamp": "2222-02-02T10:05:57.0000000+00:00", "$type": "RecordData"}
[19:22:31 VRB] Adding to database: {"DeviceRefId": 35673, "DeviceValue": 47, "DeviceString": "33", "TimeStamp": "2222-02-02T10:05:57.0000000+00:00", "$type": "RecordData"}
[19:22:31 VRB] Recording {"DeviceRefId": 35673, "DeviceValue": 48, "DeviceString": "33", "TimeStamp": "2222-02-02T10:06:02.0000000+00:00", "$type": "RecordData"}
[19:22:31 VRB] Adding to database: {"DeviceRefId": 35673, "DeviceValue": 48, "DeviceString": "33", "TimeStamp": "2222-02-02T10:06:02.0000000+00:00", "$type": "RecordData"}
[19:22:31 VRB] Recording {"DeviceRefId": 35673, "DeviceValue": 49, "DeviceString": "33", "TimeStamp": "2222-02-02T10:06:07.0000000+00:00", "$type": "RecordData"}
[19:22:31 VRB] Adding to database: {"DeviceRefId": 35673, "DeviceValue": 49, "DeviceString": "33", "TimeStamp": "2222-02-02T10:06:07.0000000+00:00", "$type": "RecordData"}
[19:22:31 VRB] Recording {"DeviceRefId": 35673, "DeviceValue": 50, "DeviceString": "33", "TimeStamp": "2222-02-02T10:06:12.0000000+00:00", "$type": "RecordData"}
[19:22:31 VRB] Adding to database: {"DeviceRefId": 35673, "DeviceValue": 50, "DeviceString": "33", "TimeStamp": "2222-02-02T10:06:12.0000000+00:00", "$type": "RecordData"}
[19:22:31 VRB] Recording {"DeviceRefId": 35673, "DeviceValue": 51, "DeviceString": "33", "TimeStamp": "2222-02-02T10:06:17.0000000+00:00", "$type": "RecordData"}
[19:22:31 VRB] Adding to database: {"DeviceRefId": 35673, "DeviceValue": 51, "DeviceString": "33", "TimeStamp": "2222-02-02T10:06:17.0000000+00:00", "$type": "RecordData"}
[19:22:31 VRB] Recording {"DeviceRefId": 35673, "DeviceValue": 52, "DeviceString": "33", "TimeStamp": "2222-02-02T10:06:22.0000000+00:00", "$type": "RecordData"}
[19:22:31 VRB] Adding to database: {"DeviceRefId": 35673, "DeviceValue": 52, "DeviceString": "33", "TimeStamp": "2222-02-02T10:06:22.0000000+00:00", "$type": "RecordData"}
[19:22:31 VRB] Recording {"DeviceRefId": 35673, "DeviceValue": 53, "DeviceString": "33", "TimeStamp": "2222-02-02T10:06:27.0000000+00:00", "$type": "RecordData"}
[19:22:31 VRB] Adding to database: {"DeviceRefId": 35673, "DeviceValue": 53, "DeviceString": "33", "TimeStamp": "2222-02-02T10:06:27.0000000+00:00", "$type": "RecordData"}
[19:22:31 VRB] Recording {"DeviceRefId": 35673, "DeviceValue": 54, "DeviceString": "33", "TimeStamp": "2222-02-02T10:06:32.0000000+00:00", "$type": "RecordData"}
[19:22:31 VRB] Adding to database: {"DeviceRefId": 35673, "DeviceValue": 54, "DeviceString": "33", "TimeStamp": "2222-02-02T10:06:32.0000000+00:00", "$type": "RecordData"}
[19:22:31 VRB] Recording {"DeviceRefId": 35673, "DeviceValue": 55, "DeviceString": "33", "TimeStamp": "2222-02-02T10:06:37.0000000+00:00", "$type": "RecordData"}
[19:22:31 VRB] Adding to database: {"DeviceRefId": 35673, "DeviceValue": 55, "DeviceString": "33", "TimeStamp": "2222-02-02T10:06:37.0000000+00:00", "$type": "RecordData"}
[19:22:31 VRB] Recording {"DeviceRefId": 35673, "DeviceValue": 56, "DeviceString": "33", "TimeStamp": "2222-02-02T10:06:42.0000000+00:00", "$type": "RecordData"}
[19:22:31 VRB] Adding to database: {"DeviceRefId": 35673, "DeviceValue": 56, "DeviceString": "33", "TimeStamp": "2222-02-02T10:06:42.0000000+00:00", "$type": "RecordData"}
[19:22:31 VRB] Recording {"DeviceRefId": 35673, "DeviceValue": 57, "DeviceString": "33", "TimeStamp": "2222-02-02T10:06:47.0000000+00:00", "$type": "RecordData"}
[19:22:31 VRB] Adding to database: {"DeviceRefId": 35673, "DeviceValue": 57, "DeviceString": "33", "TimeStamp": "2222-02-02T10:06:47.0000000+00:00", "$type": "RecordData"}
[19:22:31 VRB] Recording {"DeviceRefId": 35673, "DeviceValue": 58, "DeviceString": "33", "TimeStamp": "2222-02-02T10:06:52.0000000+00:00", "$type": "RecordData"}
[19:22:31 VRB] Adding to database: {"DeviceRefId": 35673, "DeviceValue": 58, "DeviceString": "33", "TimeStamp": "2222-02-02T10:06:52.0000000+00:00", "$type": "RecordData"}
[19:22:31 VRB] Recording {"DeviceRefId": 35673, "DeviceValue": 59, "DeviceString": "33", "TimeStamp": "2222-02-02T10:06:57.0000000+00:00", "$type": "RecordData"}
[19:22:31 VRB] Adding to database: {"DeviceRefId": 35673, "DeviceValue": 59, "DeviceString": "33", "TimeStamp": "2222-02-02T10:06:57.0000000+00:00", "$type": "RecordData"}
[19:22:31 VRB] Recording {"DeviceRefId": 35673, "DeviceValue": 60, "DeviceString": "33", "TimeStamp": "2222-02-02T10:07:02.0000000+00:00", "$type": "RecordData"}
[19:22:31 VRB] Adding to database: {"DeviceRefId": 35673, "DeviceValue": 60, "DeviceString": "33", "TimeStamp": "2222-02-02T10:07:02.0000000+00:00", "$type": "RecordData"}
[19:22:32 VRB] Recording {"DeviceRefId": 35673, "DeviceValue": 61, "DeviceString": "33", "TimeStamp": "2222-02-02T10:07:07.0000000+00:00", "$type": "RecordData"}
[19:22:32 VRB] Adding to database: {"DeviceRefId": 35673, "DeviceValue": 61, "DeviceString": "33", "TimeStamp": "2222-02-02T10:07:07.0000000+00:00", "$type": "RecordData"}
[19:22:32 VRB] Recording {"DeviceRefId": 35673, "DeviceValue": 62, "DeviceString": "33", "TimeStamp": "2222-02-02T10:07:12.0000000+00:00", "$type": "RecordData"}
[19:22:32 VRB] Adding to database: {"DeviceRefId": 35673, "DeviceValue": 62, "DeviceString": "33", "TimeStamp": "2222-02-02T10:07:12.0000000+00:00", "$type": "RecordData"}
[19:22:32 VRB] Recording {"DeviceRefId": 35673, "DeviceValue": 63, "DeviceString": "33", "TimeStamp": "2222-02-02T10:07:17.0000000+00:00", "$type": "RecordData"}
[19:22:32 VRB] Adding to database: {"DeviceRefId": 35673, "DeviceValue": 63, "DeviceString": "33", "TimeStamp": "2222-02-02T10:07:17.0000000+00:00", "$type": "RecordData"}
[19:22:32 VRB] Recording {"DeviceRefId": 35673, "DeviceValue": 64, "DeviceString": "33", "TimeStamp": "2222-02-02T10:07:22.0000000+00:00", "$type": "RecordData"}
[19:22:32 VRB] Adding to database: {"DeviceRefId": 35673, "DeviceValue": 64, "DeviceString": "33", "TimeStamp": "2222-02-02T10:07:22.0000000+00:00", "$type": "RecordData"}
[19:22:32 VRB] Recording {"DeviceRefId": 35673, "DeviceValue": 65, "DeviceString": "33", "TimeStamp": "2222-02-02T10:07:27.0000000+00:00", "$type": "RecordData"}
[19:22:32 VRB] Adding to database: {"DeviceRefId": 35673, "DeviceValue": 65, "DeviceString": "33", "TimeStamp": "2222-02-02T10:07:27.0000000+00:00", "$type": "RecordData"}
[19:22:32 VRB] Recording {"DeviceRefId": 35673, "DeviceValue": 66, "DeviceString": "33", "TimeStamp": "2222-02-02T10:07:32.0000000+00:00", "$type": "RecordData"}
[19:22:32 VRB] Adding to database: {"DeviceRefId": 35673, "DeviceValue": 66, "DeviceString": "33", "TimeStamp": "2222-02-02T10:07:32.0000000+00:00", "$type": "RecordData"}
[19:22:32 VRB] Recording {"DeviceRefId": 35673, "DeviceValue": 67, "DeviceString": "33", "TimeStamp": "2222-02-02T10:07:37.0000000+00:00", "$type": "RecordData"}
[19:22:32 VRB] Adding to database: {"DeviceRefId": 35673, "DeviceValue": 67, "DeviceString": "33", "TimeStamp": "2222-02-02T10:07:37.0000000+00:00", "$type": "RecordData"}
[19:22:32 VRB] Recording {"DeviceRefId": 35673, "DeviceValue": 68, "DeviceString": "33", "TimeStamp": "2222-02-02T10:07:42.0000000+00:00", "$type": "RecordData"}
[19:22:32 VRB] Adding to database: {"DeviceRefId": 35673, "DeviceValue": 68, "DeviceString": "33", "TimeStamp": "2222-02-02T10:07:42.0000000+00:00", "$type": "RecordData"}
[19:22:32 VRB] Recording {"DeviceRefId": 35673, "DeviceValue": 69, "DeviceString": "33", "TimeStamp": "2222-02-02T10:07:47.0000000+00:00", "$type": "RecordData"}
[19:22:32 VRB] Adding to database: {"DeviceRefId": 35673, "DeviceValue": 69, "DeviceString": "33", "TimeStamp": "2222-02-02T10:07:47.0000000+00:00", "$type": "RecordData"}
[19:22:32 VRB] Recording {"DeviceRefId": 35673, "DeviceValue": 70, "DeviceString": "33", "TimeStamp": "2222-02-02T10:07:52.0000000+00:00", "$type": "RecordData"}
[19:22:32 VRB] Adding to database: {"DeviceRefId": 35673, "DeviceValue": 70, "DeviceString": "33", "TimeStamp": "2222-02-02T10:07:52.0000000+00:00", "$type": "RecordData"}
[19:22:32 VRB] Recording {"DeviceRefId": 35673, "DeviceValue": 71, "DeviceString": "33", "TimeStamp": "2222-02-02T10:07:57.0000000+00:00", "$type": "RecordData"}
[19:22:32 VRB] Adding to database: {"DeviceRefId": 35673, "DeviceValue": 71, "DeviceString": "33", "TimeStamp": "2222-02-02T10:07:57.0000000+00:00", "$type": "RecordData"}
[19:22:32 VRB] Recording {"DeviceRefId": 35673, "DeviceValue": 72, "DeviceString": "33", "TimeStamp": "2222-02-02T10:08:02.0000000+00:00", "$type": "RecordData"}
[19:22:32 VRB] Adding to database: {"DeviceRefId": 35673, "DeviceValue": 72, "DeviceString": "33", "TimeStamp": "2222-02-02T10:08:02.0000000+00:00", "$type": "RecordData"}
[19:22:32 VRB] Recording {"DeviceRefId": 35673, "DeviceValue": 73, "DeviceString": "33", "TimeStamp": "2222-02-02T10:08:07.0000000+00:00", "$type": "RecordData"}
[19:22:32 VRB] Adding to database: {"DeviceRefId": 35673, "DeviceValue": 73, "DeviceString": "33", "TimeStamp": "2222-02-02T10:08:07.0000000+00:00", "$type": "RecordData"}
[19:22:32 VRB] Recording {"DeviceRefId": 35673, "DeviceValue": 74, "DeviceString": "33", "TimeStamp": "2222-02-02T10:08:12.0000000+00:00", "$type": "RecordData"}
[19:22:32 VRB] Adding to database: {"DeviceRefId": 35673, "DeviceValue": 74, "DeviceString": "33", "TimeStamp": "2222-02-02T10:08:12.0000000+00:00", "$type": "RecordData"}
[19:22:32 VRB] Recording {"DeviceRefId": 35673, "DeviceValue": 75, "DeviceString": "33", "TimeStamp": "2222-02-02T10:08:17.0000000+00:00", "$type": "RecordData"}
[19:22:32 VRB] Adding to database: {"DeviceRefId": 35673, "DeviceValue": 75, "DeviceString": "33", "TimeStamp": "2222-02-02T10:08:17.0000000+00:00", "$type": "RecordData"}
[19:22:32 VRB] Recording {"DeviceRefId": 35673, "DeviceValue": 76, "DeviceString": "33", "TimeStamp": "2222-02-02T10:08:22.0000000+00:00", "$type": "RecordData"}
[19:22:32 VRB] Adding to database: {"DeviceRefId": 35673, "DeviceValue": 76, "DeviceString": "33", "TimeStamp": "2222-02-02T10:08:22.0000000+00:00", "$type": "RecordData"}
[19:22:32 VRB] Recording {"DeviceRefId": 35673, "DeviceValue": 77, "DeviceString": "33", "TimeStamp": "2222-02-02T10:08:27.0000000+00:00", "$type": "RecordData"}
[19:22:32 VRB] Adding to database: {"DeviceRefId": 35673, "DeviceValue": 77, "DeviceString": "33", "TimeStamp": "2222-02-02T10:08:27.0000000+00:00", "$type": "RecordData"}
[19:22:32 VRB] Recording {"DeviceRefId": 35673, "DeviceValue": 78, "DeviceString": "33", "TimeStamp": "2222-02-02T10:08:32.0000000+00:00", "$type": "RecordData"}
[19:22:32 VRB] Adding to database: {"DeviceRefId": 35673, "DeviceValue": 78, "DeviceString": "33", "TimeStamp": "2222-02-02T10:08:32.0000000+00:00", "$type": "RecordData"}
[19:22:32 VRB] Recording {"DeviceRefId": 35673, "DeviceValue": 79, "DeviceString": "33", "TimeStamp": "2222-02-02T10:08:37.0000000+00:00", "$type": "RecordData"}
[19:22:32 VRB] Adding to database: {"DeviceRefId": 35673, "DeviceValue": 79, "DeviceString": "33", "TimeStamp": "2222-02-02T10:08:37.0000000+00:00", "$type": "RecordData"}
[19:22:32 VRB] Recording {"DeviceRefId": 35673, "DeviceValue": 80, "DeviceString": "33", "TimeStamp": "2222-02-02T10:08:42.0000000+00:00", "$type": "RecordData"}
[19:22:32 VRB] Adding to database: {"DeviceRefId": 35673, "DeviceValue": 80, "DeviceString": "33", "TimeStamp": "2222-02-02T10:08:42.0000000+00:00", "$type": "RecordData"}
[19:22:32 VRB] Recording {"DeviceRefId": 35673, "DeviceValue": 81, "DeviceString": "33", "TimeStamp": "2222-02-02T10:08:47.0000000+00:00", "$type": "RecordData"}
[19:22:32 VRB] Adding to database: {"DeviceRefId": 35673, "DeviceValue": 81, "DeviceString": "33", "TimeStamp": "2222-02-02T10:08:47.0000000+00:00", "$type": "RecordData"}
[19:22:32 VRB] Recording {"DeviceRefId": 35673, "DeviceValue": 82, "DeviceString": "33", "TimeStamp": "2222-02-02T10:08:52.0000000+00:00", "$type": "RecordData"}
[19:22:32 VRB] Adding to database: {"DeviceRefId": 35673, "DeviceValue": 82, "DeviceString": "33", "TimeStamp": "2222-02-02T10:08:52.0000000+00:00", "$type": "RecordData"}
[19:22:32 VRB] Recording {"DeviceRefId": 35673, "DeviceValue": 83, "DeviceString": "33", "TimeStamp": "2222-02-02T10:08:57.0000000+00:00", "$type": "RecordData"}
[19:22:32 VRB] Adding to database: {"DeviceRefId": 35673, "DeviceValue": 83, "DeviceString": "33", "TimeStamp": "2222-02-02T10:08:57.0000000+00:00", "$type": "RecordData"}
[19:22:32 VRB] Recording {"DeviceRefId": 35673, "DeviceValue": 84, "DeviceString": "33", "TimeStamp": "2222-02-02T10:09:02.0000000+00:00", "$type": "RecordData"}
[19:22:32 VRB] Adding to database: {"DeviceRefId": 35673, "DeviceValue": 84, "DeviceString": "33", "TimeStamp": "2222-02-02T10:09:02.0000000+00:00", "$type": "RecordData"}
[19:22:32 VRB] Recording {"DeviceRefId": 35673, "DeviceValue": 85, "DeviceString": "33", "TimeStamp": "2222-02-02T10:09:07.0000000+00:00", "$type": "RecordData"}
[19:22:32 VRB] Adding to database: {"DeviceRefId": 35673, "DeviceValue": 85, "DeviceString": "33", "TimeStamp": "2222-02-02T10:09:07.0000000+00:00", "$type": "RecordData"}
[19:22:32 VRB] Recording {"DeviceRefId": 35673, "DeviceValue": 86, "DeviceString": "33", "TimeStamp": "2222-02-02T10:09:12.0000000+00:00", "$type": "RecordData"}
[19:22:32 VRB] Adding to database: {"DeviceRefId": 35673, "DeviceValue": 86, "DeviceString": "33", "TimeStamp": "2222-02-02T10:09:12.0000000+00:00", "$type": "RecordData"}
[19:22:32 VRB] Recording {"DeviceRefId": 35673, "DeviceValue": 87, "DeviceString": "33", "TimeStamp": "2222-02-02T10:09:17.0000000+00:00", "$type": "RecordData"}
[19:22:32 VRB] Adding to database: {"DeviceRefId": 35673, "DeviceValue": 87, "DeviceString": "33", "TimeStamp": "2222-02-02T10:09:17.0000000+00:00", "$type": "RecordData"}
[19:22:32 VRB] Recording {"DeviceRefId": 35673, "DeviceValue": 88, "DeviceString": "33", "TimeStamp": "2222-02-02T10:09:22.0000000+00:00", "$type": "RecordData"}
[19:22:32 VRB] Adding to database: {"DeviceRefId": 35673, "DeviceValue": 88, "DeviceString": "33", "TimeStamp": "2222-02-02T10:09:22.0000000+00:00", "$type": "RecordData"}
[19:22:32 VRB] Recording {"DeviceRefId": 35673, "DeviceValue": 89, "DeviceString": "33", "TimeStamp": "2222-02-02T10:09:27.0000000+00:00", "$type": "RecordData"}
[19:22:32 VRB] Adding to database: {"DeviceRefId": 35673, "DeviceValue": 89, "DeviceString": "33", "TimeStamp": "2222-02-02T10:09:27.0000000+00:00", "$type": "RecordData"}
[19:22:32 VRB] Recording {"DeviceRefId": 35673, "DeviceValue": 90, "DeviceString": "33", "TimeStamp": "2222-02-02T10:09:32.0000000+00:00", "$type": "RecordData"}
[19:22:32 VRB] Adding to database: {"DeviceRefId": 35673, "DeviceValue": 90, "DeviceString": "33", "TimeStamp": "2222-02-02T10:09:32.0000000+00:00", "$type": "RecordData"}
[19:22:32 VRB] Recording {"DeviceRefId": 35673, "DeviceValue": 91, "DeviceString": "33", "TimeStamp": "2222-02-02T10:09:37.0000000+00:00", "$type": "RecordData"}
[19:22:32 VRB] Adding to database: {"DeviceRefId": 35673, "DeviceValue": 91, "DeviceString": "33", "TimeStamp": "2222-02-02T10:09:37.0000000+00:00", "$type": "RecordData"}
[19:22:32 VRB] Recording {"DeviceRefId": 35673, "DeviceValue": 92, "DeviceString": "33", "TimeStamp": "2222-02-02T10:09:42.0000000+00:00", "$type": "RecordData"}
[19:22:32 VRB] Adding to database: {"DeviceRefId": 35673, "DeviceValue": 92, "DeviceString": "33", "TimeStamp": "2222-02-02T10:09:42.0000000+00:00", "$type": "RecordData"}
[19:22:32 VRB] Recording {"DeviceRefId": 35673, "DeviceValue": 93, "DeviceString": "33", "TimeStamp": "2222-02-02T10:09:47.0000000+00:00", "$type": "RecordData"}
[19:22:32 VRB] Adding to database: {"DeviceRefId": 35673, "DeviceValue": 93, "DeviceString": "33", "TimeStamp": "2222-02-02T10:09:47.0000000+00:00", "$type": "RecordData"}
[19:22:32 VRB] Recording {"DeviceRefId": 35673, "DeviceValue": 94, "DeviceString": "33", "TimeStamp": "2222-02-02T10:09:52.0000000+00:00", "$type": "RecordData"}
[19:22:32 VRB] Adding to database: {"DeviceRefId": 35673, "DeviceValue": 94, "DeviceString": "33", "TimeStamp": "2222-02-02T10:09:52.0000000+00:00", "$type": "RecordData"}
[19:22:32 VRB] Recording {"DeviceRefId": 35673, "DeviceValue": 95, "DeviceString": "33", "TimeStamp": "2222-02-02T10:09:57.0000000+00:00", "$type": "RecordData"}
[19:22:32 VRB] Adding to database: {"DeviceRefId": 35673, "DeviceValue": 95, "DeviceString": "33", "TimeStamp": "2222-02-02T10:09:57.0000000+00:00", "$type": "RecordData"}
[19:22:32 VRB] Recording {"DeviceRefId": 35673, "DeviceValue": 96, "DeviceString": "33", "TimeStamp": "2222-02-02T10:10:02.0000000+00:00", "$type": "RecordData"}
[19:22:32 VRB] Adding to database: {"DeviceRefId": 35673, "DeviceValue": 96, "DeviceString": "33", "TimeStamp": "2222-02-02T10:10:02.0000000+00:00", "$type": "RecordData"}
[19:22:32 VRB] Recording {"DeviceRefId": 35673, "DeviceValue": 97, "DeviceString": "33", "TimeStamp": "2222-02-02T10:10:07.0000000+00:00", "$type": "RecordData"}
[19:22:32 VRB] Adding to database: {"DeviceRefId": 35673, "DeviceValue": 97, "DeviceString": "33", "TimeStamp": "2222-02-02T10:10:07.0000000+00:00", "$type": "RecordData"}
[19:22:32 VRB] Recording {"DeviceRefId": 35673, "DeviceValue": 98, "DeviceString": "33", "TimeStamp": "2222-02-02T10:10:12.0000000+00:00", "$type": "RecordData"}
[19:22:32 VRB] Adding to database: {"DeviceRefId": 35673, "DeviceValue": 98, "DeviceString": "33", "TimeStamp": "2222-02-02T10:10:12.0000000+00:00", "$type": "RecordData"}
[19:22:32 VRB] Recording {"DeviceRefId": 35673, "DeviceValue": 99, "DeviceString": "33", "TimeStamp": "2222-02-02T10:10:17.0000000+00:00", "$type": "RecordData"}
[19:22:32 VRB] Adding to database: {"DeviceRefId": 35673, "DeviceValue": 99, "DeviceString": "33", "TimeStamp": "2222-02-02T10:10:17.0000000+00:00", "$type": "RecordData"}
[19:22:32 VRB] Recording {"DeviceRefId": 35673, "DeviceValue": 100, "DeviceString": "33", "TimeStamp": "2222-02-02T10:10:22.0000000+00:00", "$type": "RecordData"}
[19:22:32 VRB] Adding to database: {"DeviceRefId": 35673, "DeviceValue": 100, "DeviceString": "33", "TimeStamp": "2222-02-02T10:10:22.0000000+00:00", "$type": "RecordData"}
[19:22:32 VRB] Recording {"DeviceRefId": 35673, "DeviceValue": 101, "DeviceString": "33", "TimeStamp": "2222-02-02T10:10:27.0000000+00:00", "$type": "RecordData"}
[19:22:32 VRB] Adding to database: {"DeviceRefId": 35673, "DeviceValue": 101, "DeviceString": "33", "TimeStamp": "2222-02-02T10:10:27.0000000+00:00", "$type": "RecordData"}
[19:22:32 VRB] Recording {"DeviceRefId": 35673, "DeviceValue": 102, "DeviceString": "33", "TimeStamp": "2222-02-02T10:10:32.0000000+00:00", "$type": "RecordData"}
[19:22:32 VRB] Adding to database: {"DeviceRefId": 35673, "DeviceValue": 102, "DeviceString": "33", "TimeStamp": "2222-02-02T10:10:32.0000000+00:00", "$type": "RecordData"}
[19:22:32 VRB] Recording {"DeviceRefId": 35673, "DeviceValue": 103, "DeviceString": "33", "TimeStamp": "2222-02-02T10:10:37.0000000+00:00", "$type": "RecordData"}
[19:22:32 VRB] Adding to database: {"DeviceRefId": 35673, "DeviceValue": 103, "DeviceString": "33", "TimeStamp": "2222-02-02T10:10:37.0000000+00:00", "$type": "RecordData"}
[19:22:32 VRB] Recording {"DeviceRefId": 35673, "DeviceValue": 104, "DeviceString": "33", "TimeStamp": "2222-02-02T10:10:42.0000000+00:00", "$type": "RecordData"}
[19:22:32 VRB] Adding to database: {"DeviceRefId": 35673, "DeviceValue": 104, "DeviceString": "33", "TimeStamp": "2222-02-02T10:10:42.0000000+00:00", "$type": "RecordData"}
[19:22:32 VRB] Recording {"DeviceRefId": 35673, "DeviceValue": 105, "DeviceString": "33", "TimeStamp": "2222-02-02T10:10:47.0000000+00:00", "$type": "RecordData"}
[19:22:32 VRB] Adding to database: {"DeviceRefId": 35673, "DeviceValue": 105, "DeviceString": "33", "TimeStamp": "2222-02-02T10:10:47.0000000+00:00", "$type": "RecordData"}
[19:22:32 VRB] Recording {"DeviceRefId": 35673, "DeviceValue": 106, "DeviceString": "33", "TimeStamp": "2222-02-02T10:10:52.0000000+00:00", "$type": "RecordData"}
[19:22:32 VRB] Adding to database: {"DeviceRefId": 35673, "DeviceValue": 106, "DeviceString": "33", "TimeStamp": "2222-02-02T10:10:52.0000000+00:00", "$type": "RecordData"}
[19:22:32 VRB] Recording {"DeviceRefId": 35673, "DeviceValue": 107, "DeviceString": "33", "TimeStamp": "2222-02-02T10:10:57.0000000+00:00", "$type": "RecordData"}
[19:22:32 VRB] Adding to database: {"DeviceRefId": 35673, "DeviceValue": 107, "DeviceString": "33", "TimeStamp": "2222-02-02T10:10:57.0000000+00:00", "$type": "RecordData"}
[19:22:32 VRB] Recording {"DeviceRefId": 35673, "DeviceValue": 108, "DeviceString": "33", "TimeStamp": "2222-02-02T10:11:02.0000000+00:00", "$type": "RecordData"}
[19:22:32 VRB] Adding to database: {"DeviceRefId": 35673, "DeviceValue": 108, "DeviceString": "33", "TimeStamp": "2222-02-02T10:11:02.0000000+00:00", "$type": "RecordData"}
[19:22:32 VRB] Recording {"DeviceRefId": 35673, "DeviceValue": 109, "DeviceString": "33", "TimeStamp": "2222-02-02T10:11:07.0000000+00:00", "$type": "RecordData"}
[19:22:32 VRB] Adding to database: {"DeviceRefId": 35673, "DeviceValue": 109, "DeviceString": "33", "TimeStamp": "2222-02-02T10:11:07.0000000+00:00", "$type": "RecordData"}
[19:22:32 VRB] Recording {"DeviceRefId": 35673, "DeviceValue": 110, "DeviceString": "33", "TimeStamp": "2222-02-02T10:11:12.0000000+00:00", "$type": "RecordData"}
[19:22:32 VRB] Adding to database: {"DeviceRefId": 35673, "DeviceValue": 110, "DeviceString": "33", "TimeStamp": "2222-02-02T10:11:12.0000000+00:00", "$type": "RecordData"}
[19:22:32 VRB] Recording {"DeviceRefId": 35673, "DeviceValue": 111, "DeviceString": "33", "TimeStamp": "2222-02-02T10:11:17.0000000+00:00", "$type": "RecordData"}
[19:22:32 VRB] Adding to database: {"DeviceRefId": 35673, "DeviceValue": 111, "DeviceString": "33", "TimeStamp": "2222-02-02T10:11:17.0000000+00:00", "$type": "RecordData"}
[19:22:32 VRB] Recording {"DeviceRefId": 35673, "DeviceValue": 112, "DeviceString": "33", "TimeStamp": "2222-02-02T10:11:22.0000000+00:00", "$type": "RecordData"}
[19:22:32 VRB] Adding to database: {"DeviceRefId": 35673, "DeviceValue": 112, "DeviceString": "33", "TimeStamp": "2222-02-02T10:11:22.0000000+00:00", "$type": "RecordData"}
[19:22:32 VRB] Recording {"DeviceRefId": 35673, "DeviceValue": 113, "DeviceString": "33", "TimeStamp": "2222-02-02T10:11:27.0000000+00:00", "$type": "RecordData"}
[19:22:32 VRB] Adding to database: {"DeviceRefId": 35673, "DeviceValue": 113, "DeviceString": "33", "TimeStamp": "2222-02-02T10:11:27.0000000+00:00", "$type": "RecordData"}
[19:22:32 VRB] Recording {"DeviceRefId": 35673, "DeviceValue": 114, "DeviceString": "33", "TimeStamp": "2222-02-02T10:11:32.0000000+00:00", "$type": "RecordData"}
[19:22:32 VRB] Adding to database: {"DeviceRefId": 35673, "DeviceValue": 114, "DeviceString": "33", "TimeStamp": "2222-02-02T10:11:32.0000000+00:00", "$type": "RecordData"}
[19:22:32 VRB] Recording {"DeviceRefId": 35673, "DeviceValue": 115, "DeviceString": "33", "TimeStamp": "2222-02-02T10:11:37.0000000+00:00", "$type": "RecordData"}
[19:22:32 VRB] Adding to database: {"DeviceRefId": 35673, "DeviceValue": 115, "DeviceString": "33", "TimeStamp": "2222-02-02T10:11:37.0000000+00:00", "$type": "RecordData"}
[19:22:32 VRB] Recording {"DeviceRefId": 35673, "DeviceValue": 116, "DeviceString": "33", "TimeStamp": "2222-02-02T10:11:42.0000000+00:00", "$type": "RecordData"}
[19:22:32 VRB] Adding to database: {"DeviceRefId": 35673, "DeviceValue": 116, "DeviceString": "33", "TimeStamp": "2222-02-02T10:11:42.0000000+00:00", "$type": "RecordData"}
[19:22:32 VRB] Recording {"DeviceRefId": 35673, "DeviceValue": 117, "DeviceString": "33", "TimeStamp": "2222-02-02T10:11:47.0000000+00:00", "$type": "RecordData"}
[19:22:32 VRB] Adding to database: {"DeviceRefId": 35673, "DeviceValue": 117, "DeviceString": "33", "TimeStamp": "2222-02-02T10:11:47.0000000+00:00", "$type": "RecordData"}
[19:22:32 VRB] Recording {"DeviceRefId": 35673, "DeviceValue": 118, "DeviceString": "33", "TimeStamp": "2222-02-02T10:11:52.0000000+00:00", "$type": "RecordData"}
[19:22:32 VRB] Adding to database: {"DeviceRefId": 35673, "DeviceValue": 118, "DeviceString": "33", "TimeStamp": "2222-02-02T10:11:52.0000000+00:00", "$type": "RecordData"}
[19:22:32 VRB] Recording {"DeviceRefId": 35673, "DeviceValue": 119, "DeviceString": "33", "TimeStamp": "2222-02-02T10:11:57.0000000+00:00", "$type": "RecordData"}
[19:22:32 VRB] Adding to database: {"DeviceRefId": 35673, "DeviceValue": 119, "DeviceString": "33", "TimeStamp": "2222-02-02T10:11:57.0000000+00:00", "$type": "RecordData"}
[19:22:32 VRB] Recording {"DeviceRefId": 35673, "DeviceValue": 120, "DeviceString": "33", "TimeStamp": "2222-02-02T10:12:02.0000000+00:00", "$type": "RecordData"}
[19:22:32 VRB] Adding to database: {"DeviceRefId": 35673, "DeviceValue": 120, "DeviceString": "33", "TimeStamp": "2222-02-02T10:12:02.0000000+00:00", "$type": "RecordData"}
[19:22:32 VRB] Recording {"DeviceRefId": 35673, "DeviceValue": 121, "DeviceString": "33", "TimeStamp": "2222-02-02T10:12:07.0000000+00:00", "$type": "RecordData"}
[19:22:32 VRB] Adding to database: {"DeviceRefId": 35673, "DeviceValue": 121, "DeviceString": "33", "TimeStamp": "2222-02-02T10:12:07.0000000+00:00", "$type": "RecordData"}
[19:22:32 VRB] Recording {"DeviceRefId": 35673, "DeviceValue": 122, "DeviceString": "33", "TimeStamp": "2222-02-02T10:12:12.0000000+00:00", "$type": "RecordData"}
[19:22:32 VRB] Adding to database: {"DeviceRefId": 35673, "DeviceValue": 122, "DeviceString": "33", "TimeStamp": "2222-02-02T10:12:12.0000000+00:00", "$type": "RecordData"}
[19:22:32 VRB] Recording {"DeviceRefId": 35673, "DeviceValue": 123, "DeviceString": "33", "TimeStamp": "2222-02-02T10:12:17.0000000+00:00", "$type": "RecordData"}
[19:22:32 VRB] Adding to database: {"DeviceRefId": 35673, "DeviceValue": 123, "DeviceString": "33", "TimeStamp": "2222-02-02T10:12:17.0000000+00:00", "$type": "RecordData"}
[19:22:32 VRB] Recording {"DeviceRefId": 35673, "DeviceValue": 124, "DeviceString": "33", "TimeStamp": "2222-02-02T10:12:22.0000000+00:00", "$type": "RecordData"}
[19:22:32 VRB] Adding to database: {"DeviceRefId": 35673, "DeviceValue": 124, "DeviceString": "33", "TimeStamp": "2222-02-02T10:12:22.0000000+00:00", "$type": "RecordData"}
[19:22:32 VRB] Recording {"DeviceRefId": 35673, "DeviceValue": 125, "DeviceString": "33", "TimeStamp": "2222-02-02T10:12:27.0000000+00:00", "$type": "RecordData"}
[19:22:32 VRB] Adding to database: {"DeviceRefId": 35673, "DeviceValue": 125, "DeviceString": "33", "TimeStamp": "2222-02-02T10:12:27.0000000+00:00", "$type": "RecordData"}
[19:22:32 VRB] Recording {"DeviceRefId": 35673, "DeviceValue": 126, "DeviceString": "33", "TimeStamp": "2222-02-02T10:12:32.0000000+00:00", "$type": "RecordData"}
[19:22:32 VRB] Adding to database: {"DeviceRefId": 35673, "DeviceValue": 126, "DeviceString": "33", "TimeStamp": "2222-02-02T10:12:32.0000000+00:00", "$type": "RecordData"}
[19:22:32 VRB] Recording {"DeviceRefId": 35673, "DeviceValue": 127, "DeviceString": "33", "TimeStamp": "2222-02-02T10:12:37.0000000+00:00", "$type": "RecordData"}
[19:22:32 VRB] Adding to database: {"DeviceRefId": 35673, "DeviceValue": 127, "DeviceString": "33", "TimeStamp": "2222-02-02T10:12:37.0000000+00:00", "$type": "RecordData"}
[19:22:32 VRB] Recording {"DeviceRefId": 35673, "DeviceValue": 128, "DeviceString": "33", "TimeStamp": "2222-02-02T10:12:42.0000000+00:00", "$type": "RecordData"}
[19:22:32 VRB] Adding to database: {"DeviceRefId": 35673, "DeviceValue": 128, "DeviceString": "33", "TimeStamp": "2222-02-02T10:12:42.0000000+00:00", "$type": "RecordData"}
[19:22:32 VRB] Recording {"DeviceRefId": 35673, "DeviceValue": 129, "DeviceString": "33", "TimeStamp": "2222-02-02T10:12:47.0000000+00:00", "$type": "RecordData"}
[19:22:32 VRB] Adding to database: {"DeviceRefId": 35673, "DeviceValue": 129, "DeviceString": "33", "TimeStamp": "2222-02-02T10:12:47.0000000+00:00", "$type": "RecordData"}
[19:22:32 VRB] Recording {"DeviceRefId": 35673, "DeviceValue": 130, "DeviceString": "33", "TimeStamp": "2222-02-02T10:12:52.0000000+00:00", "$type": "RecordData"}
[19:22:32 VRB] Adding to database: {"DeviceRefId": 35673, "DeviceValue": 130, "DeviceString": "33", "TimeStamp": "2222-02-02T10:12:52.0000000+00:00", "$type": "RecordData"}
[19:22:32 VRB] Recording {"DeviceRefId": 35673, "DeviceValue": 131, "DeviceString": "33", "TimeStamp": "2222-02-02T10:12:57.0000000+00:00", "$type": "RecordData"}
[19:22:32 VRB] Adding to database: {"DeviceRefId": 35673, "DeviceValue": 131, "DeviceString": "33", "TimeStamp": "2222-02-02T10:12:57.0000000+00:00", "$type": "RecordData"}
[19:22:32 VRB] Recording {"DeviceRefId": 35673, "DeviceValue": 132, "DeviceString": "33", "TimeStamp": "2222-02-02T10:13:02.0000000+00:00", "$type": "RecordData"}
[19:22:32 VRB] Adding to database: {"DeviceRefId": 35673, "DeviceValue": 132, "DeviceString": "33", "TimeStamp": "2222-02-02T10:13:02.0000000+00:00", "$type": "RecordData"}
[19:22:32 VRB] Recording {"DeviceRefId": 35673, "DeviceValue": 133, "DeviceString": "33", "TimeStamp": "2222-02-02T10:13:07.0000000+00:00", "$type": "RecordData"}
[19:22:32 VRB] Adding to database: {"DeviceRefId": 35673, "DeviceValue": 133, "DeviceString": "33", "TimeStamp": "2222-02-02T10:13:07.0000000+00:00", "$type": "RecordData"}
[19:22:33 VRB] Recording {"DeviceRefId": 35673, "DeviceValue": 134, "DeviceString": "33", "TimeStamp": "2222-02-02T10:13:12.0000000+00:00", "$type": "RecordData"}
[19:22:33 VRB] Adding to database: {"DeviceRefId": 35673, "DeviceValue": 134, "DeviceString": "33", "TimeStamp": "2222-02-02T10:13:12.0000000+00:00", "$type": "RecordData"}
[19:22:33 VRB] Recording {"DeviceRefId": 35673, "DeviceValue": 135, "DeviceString": "33", "TimeStamp": "2222-02-02T10:13:17.0000000+00:00", "$type": "RecordData"}
[19:22:33 VRB] Adding to database: {"DeviceRefId": 35673, "DeviceValue": 135, "DeviceString": "33", "TimeStamp": "2222-02-02T10:13:17.0000000+00:00", "$type": "RecordData"}
[19:22:33 VRB] Recording {"DeviceRefId": 35673, "DeviceValue": 136, "DeviceString": "33", "TimeStamp": "2222-02-02T10:13:22.0000000+00:00", "$type": "RecordData"}
[19:22:33 VRB] Adding to database: {"DeviceRefId": 35673, "DeviceValue": 136, "DeviceString": "33", "TimeStamp": "2222-02-02T10:13:22.0000000+00:00", "$type": "RecordData"}
[19:22:33 VRB] Recording {"DeviceRefId": 35673, "DeviceValue": 137, "DeviceString": "33", "TimeStamp": "2222-02-02T10:13:27.0000000+00:00", "$type": "RecordData"}
[19:22:33 VRB] Adding to database: {"DeviceRefId": 35673, "DeviceValue": 137, "DeviceString": "33", "TimeStamp": "2222-02-02T10:13:27.0000000+00:00", "$type": "RecordData"}
[19:22:33 VRB] Recording {"DeviceRefId": 35673, "DeviceValue": 138, "DeviceString": "33", "TimeStamp": "2222-02-02T10:13:32.0000000+00:00", "$type": "RecordData"}
[19:22:33 VRB] Adding to database: {"DeviceRefId": 35673, "DeviceValue": 138, "DeviceString": "33", "TimeStamp": "2222-02-02T10:13:32.0000000+00:00", "$type": "RecordData"}
[19:22:33 VRB] Recording {"DeviceRefId": 35673, "DeviceValue": 139, "DeviceString": "33", "TimeStamp": "2222-02-02T10:13:37.0000000+00:00", "$type": "RecordData"}
[19:22:33 VRB] Adding to database: {"DeviceRefId": 35673, "DeviceValue": 139, "DeviceString": "33", "TimeStamp": "2222-02-02T10:13:37.0000000+00:00", "$type": "RecordData"}
[19:22:33 VRB] Recording {"DeviceRefId": 35673, "DeviceValue": 140, "DeviceString": "33", "TimeStamp": "2222-02-02T10:13:42.0000000+00:00", "$type": "RecordData"}
[19:22:33 VRB] Adding to database: {"DeviceRefId": 35673, "DeviceValue": 140, "DeviceString": "33", "TimeStamp": "2222-02-02T10:13:42.0000000+00:00", "$type": "RecordData"}
[19:22:33 VRB] Recording {"DeviceRefId": 35673, "DeviceValue": 141, "DeviceString": "33", "TimeStamp": "2222-02-02T10:13:47.0000000+00:00", "$type": "RecordData"}
[19:22:33 VRB] Adding to database: {"DeviceRefId": 35673, "DeviceValue": 141, "DeviceString": "33", "TimeStamp": "2222-02-02T10:13:47.0000000+00:00", "$type": "RecordData"}
[19:22:33 VRB] Recording {"DeviceRefId": 35673, "DeviceValue": 142, "DeviceString": "33", "TimeStamp": "2222-02-02T10:13:52.0000000+00:00", "$type": "RecordData"}
[19:22:33 VRB] Adding to database: {"DeviceRefId": 35673, "DeviceValue": 142, "DeviceString": "33", "TimeStamp": "2222-02-02T10:13:52.0000000+00:00", "$type": "RecordData"}
[19:22:33 VRB] Recording {"DeviceRefId": 35673, "DeviceValue": 143, "DeviceString": "33", "TimeStamp": "2222-02-02T10:13:57.0000000+00:00", "$type": "RecordData"}
[19:22:33 VRB] Adding to database: {"DeviceRefId": 35673, "DeviceValue": 143, "DeviceString": "33", "TimeStamp": "2222-02-02T10:13:57.0000000+00:00", "$type": "RecordData"}
[19:22:33 VRB] Recording {"DeviceRefId": 35673, "DeviceValue": 144, "DeviceString": "33", "TimeStamp": "2222-02-02T10:14:02.0000000+00:00", "$type": "RecordData"}
[19:22:33 VRB] Adding to database: {"DeviceRefId": 35673, "DeviceValue": 144, "DeviceString": "33", "TimeStamp": "2222-02-02T10:14:02.0000000+00:00", "$type": "RecordData"}
[19:22:33 VRB] Recording {"DeviceRefId": 35673, "DeviceValue": 145, "DeviceString": "33", "TimeStamp": "2222-02-02T10:14:07.0000000+00:00", "$type": "RecordData"}
[19:22:33 VRB] Adding to database: {"DeviceRefId": 35673, "DeviceValue": 145, "DeviceString": "33", "TimeStamp": "2222-02-02T10:14:07.0000000+00:00", "$type": "RecordData"}
[19:22:33 VRB] Recording {"DeviceRefId": 35673, "DeviceValue": 146, "DeviceString": "33", "TimeStamp": "2222-02-02T10:14:12.0000000+00:00", "$type": "RecordData"}
[19:22:33 VRB] Adding to database: {"DeviceRefId": 35673, "DeviceValue": 146, "DeviceString": "33", "TimeStamp": "2222-02-02T10:14:12.0000000+00:00", "$type": "RecordData"}
[19:22:33 VRB] Recording {"DeviceRefId": 35673, "DeviceValue": 147, "DeviceString": "33", "TimeStamp": "2222-02-02T10:14:17.0000000+00:00", "$type": "RecordData"}
[19:22:33 VRB] Adding to database: {"DeviceRefId": 35673, "DeviceValue": 147, "DeviceString": "33", "TimeStamp": "2222-02-02T10:14:17.0000000+00:00", "$type": "RecordData"}
[19:22:33 VRB] Recording {"DeviceRefId": 35673, "DeviceValue": 148, "DeviceString": "33", "TimeStamp": "2222-02-02T10:14:22.0000000+00:00", "$type": "RecordData"}
[19:22:33 VRB] Adding to database: {"DeviceRefId": 35673, "DeviceValue": 148, "DeviceString": "33", "TimeStamp": "2222-02-02T10:14:22.0000000+00:00", "$type": "RecordData"}
[19:22:33 VRB] Recording {"DeviceRefId": 35673, "DeviceValue": 149, "DeviceString": "33", "TimeStamp": "2222-02-02T10:14:27.0000000+00:00", "$type": "RecordData"}
[19:22:33 VRB] Adding to database: {"DeviceRefId": 35673, "DeviceValue": 149, "DeviceString": "33", "TimeStamp": "2222-02-02T10:14:27.0000000+00:00", "$type": "RecordData"}
[19:22:33 VRB] Recording {"DeviceRefId": 35673, "DeviceValue": 150, "DeviceString": "33", "TimeStamp": "2222-02-02T10:14:32.0000000+00:00", "$type": "RecordData"}
[19:22:33 VRB] Adding to database: {"DeviceRefId": 35673, "DeviceValue": 150, "DeviceString": "33", "TimeStamp": "2222-02-02T10:14:32.0000000+00:00", "$type": "RecordData"}
[19:22:33 VRB] Recording {"DeviceRefId": 35673, "DeviceValue": 151, "DeviceString": "33", "TimeStamp": "2222-02-02T10:14:37.0000000+00:00", "$type": "RecordData"}
[19:22:33 VRB] Adding to database: {"DeviceRefId": 35673, "DeviceValue": 151, "DeviceString": "33", "TimeStamp": "2222-02-02T10:14:37.0000000+00:00", "$type": "RecordData"}
[19:22:33 VRB] Recording {"DeviceRefId": 35673, "DeviceValue": 152, "DeviceString": "33", "TimeStamp": "2222-02-02T10:14:42.0000000+00:00", "$type": "RecordData"}
[19:22:33 VRB] Adding to database: {"DeviceRefId": 35673, "DeviceValue": 152, "DeviceString": "33", "TimeStamp": "2222-02-02T10:14:42.0000000+00:00", "$type": "RecordData"}
[19:22:33 VRB] Recording {"DeviceRefId": 35673, "DeviceValue": 153, "DeviceString": "33", "TimeStamp": "2222-02-02T10:14:47.0000000+00:00", "$type": "RecordData"}
[19:22:33 VRB] Adding to database: {"DeviceRefId": 35673, "DeviceValue": 153, "DeviceString": "33", "TimeStamp": "2222-02-02T10:14:47.0000000+00:00", "$type": "RecordData"}
[19:22:33 VRB] Recording {"DeviceRefId": 35673, "DeviceValue": 154, "DeviceString": "33", "TimeStamp": "2222-02-02T10:14:52.0000000+00:00", "$type": "RecordData"}
[19:22:33 VRB] Adding to database: {"DeviceRefId": 35673, "DeviceValue": 154, "DeviceString": "33", "TimeStamp": "2222-02-02T10:14:52.0000000+00:00", "$type": "RecordData"}
[19:22:33 VRB] Recording {"DeviceRefId": 35673, "DeviceValue": 155, "DeviceString": "33", "TimeStamp": "2222-02-02T10:14:57.0000000+00:00", "$type": "RecordData"}
[19:22:33 VRB] Adding to database: {"DeviceRefId": 35673, "DeviceValue": 155, "DeviceString": "33", "TimeStamp": "2222-02-02T10:14:57.0000000+00:00", "$type": "RecordData"}
[19:22:33 VRB] Recording {"DeviceRefId": 35673, "DeviceValue": 156, "DeviceString": "33", "TimeStamp": "2222-02-02T10:15:02.0000000+00:00", "$type": "RecordData"}
[19:22:33 VRB] Adding to database: {"DeviceRefId": 35673, "DeviceValue": 156, "DeviceString": "33", "TimeStamp": "2222-02-02T10:15:02.0000000+00:00", "$type": "RecordData"}
[19:22:33 VRB] Recording {"DeviceRefId": 35673, "DeviceValue": 157, "DeviceString": "33", "TimeStamp": "2222-02-02T10:15:07.0000000+00:00", "$type": "RecordData"}
[19:22:33 VRB] Adding to database: {"DeviceRefId": 35673, "DeviceValue": 157, "DeviceString": "33", "TimeStamp": "2222-02-02T10:15:07.0000000+00:00", "$type": "RecordData"}
[19:22:33 VRB] Recording {"DeviceRefId": 35673, "DeviceValue": 158, "DeviceString": "33", "TimeStamp": "2222-02-02T10:15:12.0000000+00:00", "$type": "RecordData"}
[19:22:33 VRB] Adding to database: {"DeviceRefId": 35673, "DeviceValue": 158, "DeviceString": "33", "TimeStamp": "2222-02-02T10:15:12.0000000+00:00", "$type": "RecordData"}
[19:22:33 VRB] Recording {"DeviceRefId": 35673, "DeviceValue": 159, "DeviceString": "33", "TimeStamp": "2222-02-02T10:15:17.0000000+00:00", "$type": "RecordData"}
[19:22:33 VRB] Adding to database: {"DeviceRefId": 35673, "DeviceValue": 159, "DeviceString": "33", "TimeStamp": "2222-02-02T10:15:17.0000000+00:00", "$type": "RecordData"}
[19:22:33 VRB] Recording {"DeviceRefId": 35673, "DeviceValue": 160, "DeviceString": "33", "TimeStamp": "2222-02-02T10:15:22.0000000+00:00", "$type": "RecordData"}
[19:22:33 VRB] Adding to database: {"DeviceRefId": 35673, "DeviceValue": 160, "DeviceString": "33", "TimeStamp": "2222-02-02T10:15:22.0000000+00:00", "$type": "RecordData"}
[19:22:33 VRB] Recording {"DeviceRefId": 35673, "DeviceValue": 161, "DeviceString": "33", "TimeStamp": "2222-02-02T10:15:27.0000000+00:00", "$type": "RecordData"}
[19:22:33 VRB] Adding to database: {"DeviceRefId": 35673, "DeviceValue": 161, "DeviceString": "33", "TimeStamp": "2222-02-02T10:15:27.0000000+00:00", "$type": "RecordData"}
[19:22:33 VRB] Recording {"DeviceRefId": 35673, "DeviceValue": 162, "DeviceString": "33", "TimeStamp": "2222-02-02T10:15:32.0000000+00:00", "$type": "RecordData"}
[19:22:33 VRB] Adding to database: {"DeviceRefId": 35673, "DeviceValue": 162, "DeviceString": "33", "TimeStamp": "2222-02-02T10:15:32.0000000+00:00", "$type": "RecordData"}
[19:22:33 VRB] Recording {"DeviceRefId": 35673, "DeviceValue": 163, "DeviceString": "33", "TimeStamp": "2222-02-02T10:15:37.0000000+00:00", "$type": "RecordData"}
[19:22:33 VRB] Adding to database: {"DeviceRefId": 35673, "DeviceValue": 163, "DeviceString": "33", "TimeStamp": "2222-02-02T10:15:37.0000000+00:00", "$type": "RecordData"}
[19:22:33 VRB] Recording {"DeviceRefId": 35673, "DeviceValue": 164, "DeviceString": "33", "TimeStamp": "2222-02-02T10:15:42.0000000+00:00", "$type": "RecordData"}
[19:22:33 VRB] Adding to database: {"DeviceRefId": 35673, "DeviceValue": 164, "DeviceString": "33", "TimeStamp": "2222-02-02T10:15:42.0000000+00:00", "$type": "RecordData"}
[19:22:33 VRB] Recording {"DeviceRefId": 35673, "DeviceValue": 165, "DeviceString": "33", "TimeStamp": "2222-02-02T10:15:47.0000000+00:00", "$type": "RecordData"}
[19:22:33 VRB] Adding to database: {"DeviceRefId": 35673, "DeviceValue": 165, "DeviceString": "33", "TimeStamp": "2222-02-02T10:15:47.0000000+00:00", "$type": "RecordData"}
[19:22:33 VRB] Recording {"DeviceRefId": 35673, "DeviceValue": 166, "DeviceString": "33", "TimeStamp": "2222-02-02T10:15:52.0000000+00:00", "$type": "RecordData"}
[19:22:33 VRB] Adding to database: {"DeviceRefId": 35673, "DeviceValue": 166, "DeviceString": "33", "TimeStamp": "2222-02-02T10:15:52.0000000+00:00", "$type": "RecordData"}
[19:22:33 VRB] Recording {"DeviceRefId": 35673, "DeviceValue": 167, "DeviceString": "33", "TimeStamp": "2222-02-02T10:15:57.0000000+00:00", "$type": "RecordData"}
[19:22:33 VRB] Adding to database: {"DeviceRefId": 35673, "DeviceValue": 167, "DeviceString": "33", "TimeStamp": "2222-02-02T10:15:57.0000000+00:00", "$type": "RecordData"}
[19:22:33 VRB] Recording {"DeviceRefId": 35673, "DeviceValue": 168, "DeviceString": "33", "TimeStamp": "2222-02-02T10:16:02.0000000+00:00", "$type": "RecordData"}
[19:22:33 VRB] Adding to database: {"DeviceRefId": 35673, "DeviceValue": 168, "DeviceString": "33", "TimeStamp": "2222-02-02T10:16:02.0000000+00:00", "$type": "RecordData"}
[19:22:33 VRB] Recording {"DeviceRefId": 35673, "DeviceValue": 169, "DeviceString": "33", "TimeStamp": "2222-02-02T10:16:07.0000000+00:00", "$type": "RecordData"}
[19:22:33 VRB] Adding to database: {"DeviceRefId": 35673, "DeviceValue": 169, "DeviceString": "33", "TimeStamp": "2222-02-02T10:16:07.0000000+00:00", "$type": "RecordData"}
[19:22:33 VRB] Recording {"DeviceRefId": 35673, "DeviceValue": 170, "DeviceString": "33", "TimeStamp": "2222-02-02T10:16:12.0000000+00:00", "$type": "RecordData"}
[19:22:33 VRB] Adding to database: {"DeviceRefId": 35673, "DeviceValue": 170, "DeviceString": "33", "TimeStamp": "2222-02-02T10:16:12.0000000+00:00", "$type": "RecordData"}
[19:22:33 VRB] Recording {"DeviceRefId": 35673, "DeviceValue": 171, "DeviceString": "33", "TimeStamp": "2222-02-02T10:16:17.0000000+00:00", "$type": "RecordData"}
[19:22:33 VRB] Adding to database: {"DeviceRefId": 35673, "DeviceValue": 171, "DeviceString": "33", "TimeStamp": "2222-02-02T10:16:17.0000000+00:00", "$type": "RecordData"}
[19:22:33 VRB] Recording {"DeviceRefId": 35673, "DeviceValue": 172, "DeviceString": "33", "TimeStamp": "2222-02-02T10:16:22.0000000+00:00", "$type": "RecordData"}
[19:22:33 VRB] Adding to database: {"DeviceRefId": 35673, "DeviceValue": 172, "DeviceString": "33", "TimeStamp": "2222-02-02T10:16:22.0000000+00:00", "$type": "RecordData"}
[19:22:33 VRB] Recording {"DeviceRefId": 35673, "DeviceValue": 173, "DeviceString": "33", "TimeStamp": "2222-02-02T10:16:27.0000000+00:00", "$type": "RecordData"}
[19:22:33 VRB] Adding to database: {"DeviceRefId": 35673, "DeviceValue": 173, "DeviceString": "33", "TimeStamp": "2222-02-02T10:16:27.0000000+00:00", "$type": "RecordData"}
[19:22:33 VRB] Recording {"DeviceRefId": 35673, "DeviceValue": 174, "DeviceString": "33", "TimeStamp": "2222-02-02T10:16:32.0000000+00:00", "$type": "RecordData"}
[19:22:33 VRB] Adding to database: {"DeviceRefId": 35673, "DeviceValue": 174, "DeviceString": "33", "TimeStamp": "2222-02-02T10:16:32.0000000+00:00", "$type": "RecordData"}
[19:22:33 VRB] Recording {"DeviceRefId": 35673, "DeviceValue": 175, "DeviceString": "33", "TimeStamp": "2222-02-02T10:16:37.0000000+00:00", "$type": "RecordData"}
[19:22:33 VRB] Adding to database: {"DeviceRefId": 35673, "DeviceValue": 175, "DeviceString": "33", "TimeStamp": "2222-02-02T10:16:37.0000000+00:00", "$type": "RecordData"}
[19:22:33 VRB] Recording {"DeviceRefId": 35673, "DeviceValue": 176, "DeviceString": "33", "TimeStamp": "2222-02-02T10:16:42.0000000+00:00", "$type": "RecordData"}
[19:22:33 VRB] Adding to database: {"DeviceRefId": 35673, "DeviceValue": 176, "DeviceString": "33", "TimeStamp": "2222-02-02T10:16:42.0000000+00:00", "$type": "RecordData"}
[19:22:33 VRB] Recording {"DeviceRefId": 35673, "DeviceValue": 177, "DeviceString": "33", "TimeStamp": "2222-02-02T10:16:47.0000000+00:00", "$type": "RecordData"}
[19:22:33 VRB] Adding to database: {"DeviceRefId": 35673, "DeviceValue": 177, "DeviceString": "33", "TimeStamp": "2222-02-02T10:16:47.0000000+00:00", "$type": "RecordData"}
[19:22:33 VRB] Recording {"DeviceRefId": 35673, "DeviceValue": 178, "DeviceString": "33", "TimeStamp": "2222-02-02T10:16:52.0000000+00:00", "$type": "RecordData"}
[19:22:33 VRB] Adding to database: {"DeviceRefId": 35673, "DeviceValue": 178, "DeviceString": "33", "TimeStamp": "2222-02-02T10:16:52.0000000+00:00", "$type": "RecordData"}
[19:22:33 VRB] Recording {"DeviceRefId": 35673, "DeviceValue": 179, "DeviceString": "33", "TimeStamp": "2222-02-02T10:16:57.0000000+00:00", "$type": "RecordData"}
[19:22:33 VRB] Adding to database: {"DeviceRefId": 35673, "DeviceValue": 179, "DeviceString": "33", "TimeStamp": "2222-02-02T10:16:57.0000000+00:00", "$type": "RecordData"}
[19:22:33 VRB] Recording {"DeviceRefId": 35673, "DeviceValue": 180, "DeviceString": "33", "TimeStamp": "2222-02-02T10:17:02.0000000+00:00", "$type": "RecordData"}
[19:22:33 VRB] Adding to database: {"DeviceRefId": 35673, "DeviceValue": 180, "DeviceString": "33", "TimeStamp": "2222-02-02T10:17:02.0000000+00:00", "$type": "RecordData"}
[19:22:33 VRB] Recording {"DeviceRefId": 35673, "DeviceValue": 181, "DeviceString": "33", "TimeStamp": "2222-02-02T10:17:07.0000000+00:00", "$type": "RecordData"}
[19:22:33 VRB] Adding to database: {"DeviceRefId": 35673, "DeviceValue": 181, "DeviceString": "33", "TimeStamp": "2222-02-02T10:17:07.0000000+00:00", "$type": "RecordData"}
[19:22:33 VRB] Recording {"DeviceRefId": 35673, "DeviceValue": 182, "DeviceString": "33", "TimeStamp": "2222-02-02T10:17:12.0000000+00:00", "$type": "RecordData"}
[19:22:33 VRB] Adding to database: {"DeviceRefId": 35673, "DeviceValue": 182, "DeviceString": "33", "TimeStamp": "2222-02-02T10:17:12.0000000+00:00", "$type": "RecordData"}
[19:22:33 VRB] Recording {"DeviceRefId": 35673, "DeviceValue": 183, "DeviceString": "33", "TimeStamp": "2222-02-02T10:17:17.0000000+00:00", "$type": "RecordData"}
[19:22:33 VRB] Adding to database: {"DeviceRefId": 35673, "DeviceValue": 183, "DeviceString": "33", "TimeStamp": "2222-02-02T10:17:17.0000000+00:00", "$type": "RecordData"}
[19:22:33 VRB] Recording {"DeviceRefId": 35673, "DeviceValue": 184, "DeviceString": "33", "TimeStamp": "2222-02-02T10:17:22.0000000+00:00", "$type": "RecordData"}
[19:22:33 VRB] Adding to database: {"DeviceRefId": 35673, "DeviceValue": 184, "DeviceString": "33", "TimeStamp": "2222-02-02T10:17:22.0000000+00:00", "$type": "RecordData"}
[19:22:33 VRB] Recording {"DeviceRefId": 35673, "DeviceValue": 185, "DeviceString": "33", "TimeStamp": "2222-02-02T10:17:27.0000000+00:00", "$type": "RecordData"}
[19:22:33 VRB] Adding to database: {"DeviceRefId": 35673, "DeviceValue": 185, "DeviceString": "33", "TimeStamp": "2222-02-02T10:17:27.0000000+00:00", "$type": "RecordData"}
[19:22:33 VRB] Recording {"DeviceRefId": 35673, "DeviceValue": 186, "DeviceString": "33", "TimeStamp": "2222-02-02T10:17:32.0000000+00:00", "$type": "RecordData"}
[19:22:33 VRB] Adding to database: {"DeviceRefId": 35673, "DeviceValue": 186, "DeviceString": "33", "TimeStamp": "2222-02-02T10:17:32.0000000+00:00", "$type": "RecordData"}
[19:22:33 VRB] Recording {"DeviceRefId": 35673, "DeviceValue": 187, "DeviceString": "33", "TimeStamp": "2222-02-02T10:17:37.0000000+00:00", "$type": "RecordData"}
[19:22:33 VRB] Adding to database: {"DeviceRefId": 35673, "DeviceValue": 187, "DeviceString": "33", "TimeStamp": "2222-02-02T10:17:37.0000000+00:00", "$type": "RecordData"}
[19:22:33 VRB] Recording {"DeviceRefId": 35673, "DeviceValue": 188, "DeviceString": "33", "TimeStamp": "2222-02-02T10:17:42.0000000+00:00", "$type": "RecordData"}
[19:22:33 VRB] Adding to database: {"DeviceRefId": 35673, "DeviceValue": 188, "DeviceString": "33", "TimeStamp": "2222-02-02T10:17:42.0000000+00:00", "$type": "RecordData"}
[19:22:33 VRB] Recording {"DeviceRefId": 35673, "DeviceValue": 189, "DeviceString": "33", "TimeStamp": "2222-02-02T10:17:47.0000000+00:00", "$type": "RecordData"}
[19:22:33 VRB] Adding to database: {"DeviceRefId": 35673, "DeviceValue": 189, "DeviceString": "33", "TimeStamp": "2222-02-02T10:17:47.0000000+00:00", "$type": "RecordData"}
[19:22:33 VRB] Recording {"DeviceRefId": 35673, "DeviceValue": 190, "DeviceString": "33", "TimeStamp": "2222-02-02T10:17:52.0000000+00:00", "$type": "RecordData"}
[19:22:33 VRB] Adding to database: {"DeviceRefId": 35673, "DeviceValue": 190, "DeviceString": "33", "TimeStamp": "2222-02-02T10:17:52.0000000+00:00", "$type": "RecordData"}
[19:22:33 VRB] Recording {"DeviceRefId": 35673, "DeviceValue": 191, "DeviceString": "33", "TimeStamp": "2222-02-02T10:17:57.0000000+00:00", "$type": "RecordData"}
[19:22:33 VRB] Adding to database: {"DeviceRefId": 35673, "DeviceValue": 191, "DeviceString": "33", "TimeStamp": "2222-02-02T10:17:57.0000000+00:00", "$type": "RecordData"}
[19:22:33 VRB] Recording {"DeviceRefId": 35673, "DeviceValue": 192, "DeviceString": "33", "TimeStamp": "2222-02-02T10:18:02.0000000+00:00", "$type": "RecordData"}
[19:22:33 VRB] Adding to database: {"DeviceRefId": 35673, "DeviceValue": 192, "DeviceString": "33", "TimeStamp": "2222-02-02T10:18:02.0000000+00:00", "$type": "RecordData"}
[19:22:33 VRB] Recording {"DeviceRefId": 35673, "DeviceValue": 193, "DeviceString": "33", "TimeStamp": "2222-02-02T10:18:07.0000000+00:00", "$type": "RecordData"}
[19:22:33 VRB] Adding to database: {"DeviceRefId": 35673, "DeviceValue": 193, "DeviceString": "33", "TimeStamp": "2222-02-02T10:18:07.0000000+00:00", "$type": "RecordData"}
[19:22:33 VRB] Recording {"DeviceRefId": 35673, "DeviceValue": 194, "DeviceString": "33", "TimeStamp": "2222-02-02T10:18:12.0000000+00:00", "$type": "RecordData"}
[19:22:33 VRB] Adding to database: {"DeviceRefId": 35673, "DeviceValue": 194, "DeviceString": "33", "TimeStamp": "2222-02-02T10:18:12.0000000+00:00", "$type": "RecordData"}
[19:22:33 VRB] Recording {"DeviceRefId": 35673, "DeviceValue": 195, "DeviceString": "33", "TimeStamp": "2222-02-02T10:18:17.0000000+00:00", "$type": "RecordData"}
[19:22:33 VRB] Adding to database: {"DeviceRefId": 35673, "DeviceValue": 195, "DeviceString": "33", "TimeStamp": "2222-02-02T10:18:17.0000000+00:00", "$type": "RecordData"}
[19:22:33 VRB] Recording {"DeviceRefId": 35673, "DeviceValue": 196, "DeviceString": "33", "TimeStamp": "2222-02-02T10:18:22.0000000+00:00", "$type": "RecordData"}
[19:22:33 VRB] Adding to database: {"DeviceRefId": 35673, "DeviceValue": 196, "DeviceString": "33", "TimeStamp": "2222-02-02T10:18:22.0000000+00:00", "$type": "RecordData"}
[19:22:33 VRB] Recording {"DeviceRefId": 35673, "DeviceValue": 197, "DeviceString": "33", "TimeStamp": "2222-02-02T10:18:27.0000000+00:00", "$type": "RecordData"}
[19:22:33 VRB] Adding to database: {"DeviceRefId": 35673, "DeviceValue": 197, "DeviceString": "33", "TimeStamp": "2222-02-02T10:18:27.0000000+00:00", "$type": "RecordData"}
[19:22:33 VRB] Recording {"DeviceRefId": 35673, "DeviceValue": 198, "DeviceString": "33", "TimeStamp": "2222-02-02T10:18:32.0000000+00:00", "$type": "RecordData"}
[19:22:33 VRB] Adding to database: {"DeviceRefId": 35673, "DeviceValue": 198, "DeviceString": "33", "TimeStamp": "2222-02-02T10:18:32.0000000+00:00", "$type": "RecordData"}
[19:22:33 VRB] Recording {"DeviceRefId": 35673, "DeviceValue": 199, "DeviceString": "33", "TimeStamp": "2222-02-02T10:18:37.0000000+00:00", "$type": "RecordData"}
[19:22:33 VRB] Adding to database: {"DeviceRefId": 35673, "DeviceValue": 199, "DeviceString": "33", "TimeStamp": "2222-02-02T10:18:37.0000000+00:00", "$type": "RecordData"}
[19:22:33 VRB] Recording {"DeviceRefId": 35673, "DeviceValue": 200, "DeviceString": "33", "TimeStamp": "2222-02-02T10:18:42.0000000+00:00", "$type": "RecordData"}
[19:22:33 VRB] Adding to database: {"DeviceRefId": 35673, "DeviceValue": 200, "DeviceString": "33", "TimeStamp": "2222-02-02T10:18:42.0000000+00:00", "$type": "RecordData"}
[19:22:33 VRB] Recording {"DeviceRefId": 35673, "DeviceValue": 201, "DeviceString": "33", "TimeStamp": "2222-02-02T10:18:47.0000000+00:00", "$type": "RecordData"}
[19:22:33 VRB] Adding to database: {"DeviceRefId": 35673, "DeviceValue": 201, "DeviceString": "33", "TimeStamp": "2222-02-02T10:18:47.0000000+00:00", "$type": "RecordData"}
[19:22:33 VRB] Recording {"DeviceRefId": 35673, "DeviceValue": 202, "DeviceString": "33", "TimeStamp": "2222-02-02T10:18:52.0000000+00:00", "$type": "RecordData"}
[19:22:33 VRB] Adding to database: {"DeviceRefId": 35673, "DeviceValue": 202, "DeviceString": "33", "TimeStamp": "2222-02-02T10:18:52.0000000+00:00", "$type": "RecordData"}
[19:22:33 VRB] Recording {"DeviceRefId": 35673, "DeviceValue": 203, "DeviceString": "33", "TimeStamp": "2222-02-02T10:18:57.0000000+00:00", "$type": "RecordData"}
[19:22:33 VRB] Adding to database: {"DeviceRefId": 35673, "DeviceValue": 203, "DeviceString": "33", "TimeStamp": "2222-02-02T10:18:57.0000000+00:00", "$type": "RecordData"}
[19:22:33 VRB] Recording {"DeviceRefId": 35673, "DeviceValue": 204, "DeviceString": "33", "TimeStamp": "2222-02-02T10:19:02.0000000+00:00", "$type": "RecordData"}
[19:22:33 VRB] Adding to database: {"DeviceRefId": 35673, "DeviceValue": 204, "DeviceString": "33", "TimeStamp": "2222-02-02T10:19:02.0000000+00:00", "$type": "RecordData"}
[19:22:33 VRB] Recording {"DeviceRefId": 35673, "DeviceValue": 205, "DeviceString": "33", "TimeStamp": "2222-02-02T10:19:07.0000000+00:00", "$type": "RecordData"}
[19:22:33 VRB] Adding to database: {"DeviceRefId": 35673, "DeviceValue": 205, "DeviceString": "33", "TimeStamp": "2222-02-02T10:19:07.0000000+00:00", "$type": "RecordData"}
[19:22:33 VRB] Recording {"DeviceRefId": 35673, "DeviceValue": 206, "DeviceString": "33", "TimeStamp": "2222-02-02T10:19:12.0000000+00:00", "$type": "RecordData"}
[19:22:33 VRB] Adding to database: {"DeviceRefId": 35673, "DeviceValue": 206, "DeviceString": "33", "TimeStamp": "2222-02-02T10:19:12.0000000+00:00", "$type": "RecordData"}
[19:22:33 VRB] Recording {"DeviceRefId": 35673, "DeviceValue": 207, "DeviceString": "33", "TimeStamp": "2222-02-02T10:19:17.0000000+00:00", "$type": "RecordData"}
[19:22:33 VRB] Adding to database: {"DeviceRefId": 35673, "DeviceValue": 207, "DeviceString": "33", "TimeStamp": "2222-02-02T10:19:17.0000000+00:00", "$type": "RecordData"}
[19:22:33 VRB] Recording {"DeviceRefId": 35673, "DeviceValue": 208, "DeviceString": "33", "TimeStamp": "2222-02-02T10:19:22.0000000+00:00", "$type": "RecordData"}
[19:22:33 VRB] Adding to database: {"DeviceRefId": 35673, "DeviceValue": 208, "DeviceString": "33", "TimeStamp": "2222-02-02T10:19:22.0000000+00:00", "$type": "RecordData"}
[19:22:33 VRB] Recording {"DeviceRefId": 35673, "DeviceValue": 209, "DeviceString": "33", "TimeStamp": "2222-02-02T10:19:27.0000000+00:00", "$type": "RecordData"}
[19:22:33 VRB] Adding to database: {"DeviceRefId": 35673, "DeviceValue": 209, "DeviceString": "33", "TimeStamp": "2222-02-02T10:19:27.0000000+00:00", "$type": "RecordData"}
[19:22:33 VRB] Recording {"DeviceRefId": 35673, "DeviceValue": 210, "DeviceString": "33", "TimeStamp": "2222-02-02T10:19:32.0000000+00:00", "$type": "RecordData"}
[19:22:33 VRB] Adding to database: {"DeviceRefId": 35673, "DeviceValue": 210, "DeviceString": "33", "TimeStamp": "2222-02-02T10:19:32.0000000+00:00", "$type": "RecordData"}
[19:22:33 VRB] Recording {"DeviceRefId": 35673, "DeviceValue": 211, "DeviceString": "33", "TimeStamp": "2222-02-02T10:19:37.0000000+00:00", "$type": "RecordData"}
[19:22:33 VRB] Adding to database: {"DeviceRefId": 35673, "DeviceValue": 211, "DeviceString": "33", "TimeStamp": "2222-02-02T10:19:37.0000000+00:00", "$type": "RecordData"}
[19:22:33 VRB] Recording {"DeviceRefId": 35673, "DeviceValue": 212, "DeviceString": "33", "TimeStamp": "2222-02-02T10:19:42.0000000+00:00", "$type": "RecordData"}
[19:22:33 VRB] Adding to database: {"DeviceRefId": 35673, "DeviceValue": 212, "DeviceString": "33", "TimeStamp": "2222-02-02T10:19:42.0000000+00:00", "$type": "RecordData"}
[19:22:33 VRB] Recording {"DeviceRefId": 35673, "DeviceValue": 213, "DeviceString": "33", "TimeStamp": "2222-02-02T10:19:47.0000000+00:00", "$type": "RecordData"}
[19:22:33 VRB] Adding to database: {"DeviceRefId": 35673, "DeviceValue": 213, "DeviceString": "33", "TimeStamp": "2222-02-02T10:19:47.0000000+00:00", "$type": "RecordData"}
[19:22:33 VRB] Recording {"DeviceRefId": 35673, "DeviceValue": 214, "DeviceString": "33", "TimeStamp": "2222-02-02T10:19:52.0000000+00:00", "$type": "RecordData"}
[19:22:33 VRB] Adding to database: {"DeviceRefId": 35673, "DeviceValue": 214, "DeviceString": "33", "TimeStamp": "2222-02-02T10:19:52.0000000+00:00", "$type": "RecordData"}
[19:22:33 VRB] Recording {"DeviceRefId": 35673, "DeviceValue": 215, "DeviceString": "33", "TimeStamp": "2222-02-02T10:19:57.0000000+00:00", "$type": "RecordData"}
[19:22:33 VRB] Adding to database: {"DeviceRefId": 35673, "DeviceValue": 215, "DeviceString": "33", "TimeStamp": "2222-02-02T10:19:57.0000000+00:00", "$type": "RecordData"}
[19:22:33 VRB] Recording {"DeviceRefId": 35673, "DeviceValue": 216, "DeviceString": "33", "TimeStamp": "2222-02-02T10:20:02.0000000+00:00", "$type": "RecordData"}
[19:22:33 VRB] Adding to database: {"DeviceRefId": 35673, "DeviceValue": 216, "DeviceString": "33", "TimeStamp": "2222-02-02T10:20:02.0000000+00:00", "$type": "RecordData"}
[19:22:33 VRB] Recording {"DeviceRefId": 35673, "DeviceValue": 217, "DeviceString": "33", "TimeStamp": "2222-02-02T10:20:07.0000000+00:00", "$type": "RecordData"}
[19:22:33 VRB] Adding to database: {"DeviceRefId": 35673, "DeviceValue": 217, "DeviceString": "33", "TimeStamp": "2222-02-02T10:20:07.0000000+00:00", "$type": "RecordData"}
[19:22:33 VRB] Recording {"DeviceRefId": 35673, "DeviceValue": 218, "DeviceString": "33", "TimeStamp": "2222-02-02T10:20:12.0000000+00:00", "$type": "RecordData"}
[19:22:33 VRB] Adding to database: {"DeviceRefId": 35673, "DeviceValue": 218, "DeviceString": "33", "TimeStamp": "2222-02-02T10:20:12.0000000+00:00", "$type": "RecordData"}
[19:22:33 VRB] Recording {"DeviceRefId": 35673, "DeviceValue": 219, "DeviceString": "33", "TimeStamp": "2222-02-02T10:20:17.0000000+00:00", "$type": "RecordData"}
[19:22:34 VRB] Adding to database: {"DeviceRefId": 35673, "DeviceValue": 219, "DeviceString": "33", "TimeStamp": "2222-02-02T10:20:17.0000000+00:00", "$type": "RecordData"}
[19:22:34 VRB] Recording {"DeviceRefId": 35673, "DeviceValue": 220, "DeviceString": "33", "TimeStamp": "2222-02-02T10:20:22.0000000+00:00", "$type": "RecordData"}
[19:22:34 VRB] Adding to database: {"DeviceRefId": 35673, "DeviceValue": 220, "DeviceString": "33", "TimeStamp": "2222-02-02T10:20:22.0000000+00:00", "$type": "RecordData"}
[19:22:34 VRB] Recording {"DeviceRefId": 35673, "DeviceValue": 221, "DeviceString": "33", "TimeStamp": "2222-02-02T10:20:27.0000000+00:00", "$type": "RecordData"}
[19:22:34 VRB] Adding to database: {"DeviceRefId": 35673, "DeviceValue": 221, "DeviceString": "33", "TimeStamp": "2222-02-02T10:20:27.0000000+00:00", "$type": "RecordData"}
[19:22:34 VRB] Recording {"DeviceRefId": 35673, "DeviceValue": 222, "DeviceString": "33", "TimeStamp": "2222-02-02T10:20:32.0000000+00:00", "$type": "RecordData"}
[19:22:34 VRB] Adding to database: {"DeviceRefId": 35673, "DeviceValue": 222, "DeviceString": "33", "TimeStamp": "2222-02-02T10:20:32.0000000+00:00", "$type": "RecordData"}
[19:22:34 VRB] Recording {"DeviceRefId": 35673, "DeviceValue": 223, "DeviceString": "33", "TimeStamp": "2222-02-02T10:20:37.0000000+00:00", "$type": "RecordData"}
[19:22:34 VRB] Adding to database: {"DeviceRefId": 35673, "DeviceValue": 223, "DeviceString": "33", "TimeStamp": "2222-02-02T10:20:37.0000000+00:00", "$type": "RecordData"}
[19:22:34 VRB] Recording {"DeviceRefId": 35673, "DeviceValue": 224, "DeviceString": "33", "TimeStamp": "2222-02-02T10:20:42.0000000+00:00", "$type": "RecordData"}
[19:22:34 VRB] Adding to database: {"DeviceRefId": 35673, "DeviceValue": 224, "DeviceString": "33", "TimeStamp": "2222-02-02T10:20:42.0000000+00:00", "$type": "RecordData"}
[19:22:34 VRB] Recording {"DeviceRefId": 35673, "DeviceValue": 225, "DeviceString": "33", "TimeStamp": "2222-02-02T10:20:47.0000000+00:00", "$type": "RecordData"}
[19:22:34 VRB] Adding to database: {"DeviceRefId": 35673, "DeviceValue": 225, "DeviceString": "33", "TimeStamp": "2222-02-02T10:20:47.0000000+00:00", "$type": "RecordData"}
[19:22:34 VRB] Recording {"DeviceRefId": 35673, "DeviceValue": 226, "DeviceString": "33", "TimeStamp": "2222-02-02T10:20:52.0000000+00:00", "$type": "RecordData"}
[19:22:34 VRB] Adding to database: {"DeviceRefId": 35673, "DeviceValue": 226, "DeviceString": "33", "TimeStamp": "2222-02-02T10:20:52.0000000+00:00", "$type": "RecordData"}
[19:22:34 VRB] Recording {"DeviceRefId": 35673, "DeviceValue": 227, "DeviceString": "33", "TimeStamp": "2222-02-02T10:20:57.0000000+00:00", "$type": "RecordData"}
[19:22:34 VRB] Adding to database: {"DeviceRefId": 35673, "DeviceValue": 227, "DeviceString": "33", "TimeStamp": "2222-02-02T10:20:57.0000000+00:00", "$type": "RecordData"}
[19:22:34 VRB] Recording {"DeviceRefId": 35673, "DeviceValue": 228, "DeviceString": "33", "TimeStamp": "2222-02-02T10:21:02.0000000+00:00", "$type": "RecordData"}
[19:22:34 VRB] Adding to database: {"DeviceRefId": 35673, "DeviceValue": 228, "DeviceString": "33", "TimeStamp": "2222-02-02T10:21:02.0000000+00:00", "$type": "RecordData"}
[19:22:34 VRB] Recording {"DeviceRefId": 35673, "DeviceValue": 229, "DeviceString": "33", "TimeStamp": "2222-02-02T10:21:07.0000000+00:00", "$type": "RecordData"}
[19:22:34 VRB] Adding to database: {"DeviceRefId": 35673, "DeviceValue": 229, "DeviceString": "33", "TimeStamp": "2222-02-02T10:21:07.0000000+00:00", "$type": "RecordData"}
[19:22:34 VRB] Recording {"DeviceRefId": 35673, "DeviceValue": 230, "DeviceString": "33", "TimeStamp": "2222-02-02T10:21:12.0000000+00:00", "$type": "RecordData"}
[19:22:34 VRB] Adding to database: {"DeviceRefId": 35673, "DeviceValue": 230, "DeviceString": "33", "TimeStamp": "2222-02-02T10:21:12.0000000+00:00", "$type": "RecordData"}
[19:22:34 VRB] Recording {"DeviceRefId": 35673, "DeviceValue": 231, "DeviceString": "33", "TimeStamp": "2222-02-02T10:21:17.0000000+00:00", "$type": "RecordData"}
[19:22:34 VRB] Adding to database: {"DeviceRefId": 35673, "DeviceValue": 231, "DeviceString": "33", "TimeStamp": "2222-02-02T10:21:17.0000000+00:00", "$type": "RecordData"}
[19:22:34 VRB] Recording {"DeviceRefId": 35673, "DeviceValue": 232, "DeviceString": "33", "TimeStamp": "2222-02-02T10:21:22.0000000+00:00", "$type": "RecordData"}
[19:22:34 VRB] Adding to database: {"DeviceRefId": 35673, "DeviceValue": 232, "DeviceString": "33", "TimeStamp": "2222-02-02T10:21:22.0000000+00:00", "$type": "RecordData"}
[19:22:34 VRB] Recording {"DeviceRefId": 35673, "DeviceValue": 233, "DeviceString": "33", "TimeStamp": "2222-02-02T10:21:27.0000000+00:00", "$type": "RecordData"}
[19:22:34 VRB] Adding to database: {"DeviceRefId": 35673, "DeviceValue": 233, "DeviceString": "33", "TimeStamp": "2222-02-02T10:21:27.0000000+00:00", "$type": "RecordData"}
[19:22:34 VRB] Recording {"DeviceRefId": 35673, "DeviceValue": 234, "DeviceString": "33", "TimeStamp": "2222-02-02T10:21:32.0000000+00:00", "$type": "RecordData"}
[19:22:34 VRB] Adding to database: {"DeviceRefId": 35673, "DeviceValue": 234, "DeviceString": "33", "TimeStamp": "2222-02-02T10:21:32.0000000+00:00", "$type": "RecordData"}
[19:22:34 VRB] Recording {"DeviceRefId": 35673, "DeviceValue": 235, "DeviceString": "33", "TimeStamp": "2222-02-02T10:21:37.0000000+00:00", "$type": "RecordData"}
[19:22:34 VRB] Adding to database: {"DeviceRefId": 35673, "DeviceValue": 235, "DeviceString": "33", "TimeStamp": "2222-02-02T10:21:37.0000000+00:00", "$type": "RecordData"}
[19:22:34 VRB] Recording {"DeviceRefId": 35673, "DeviceValue": 236, "DeviceString": "33", "TimeStamp": "2222-02-02T10:21:42.0000000+00:00", "$type": "RecordData"}
[19:22:34 VRB] Adding to database: {"DeviceRefId": 35673, "DeviceValue": 236, "DeviceString": "33", "TimeStamp": "2222-02-02T10:21:42.0000000+00:00", "$type": "RecordData"}
[19:22:34 VRB] Recording {"DeviceRefId": 35673, "DeviceValue": 237, "DeviceString": "33", "TimeStamp": "2222-02-02T10:21:47.0000000+00:00", "$type": "RecordData"}
[19:22:34 VRB] Adding to database: {"DeviceRefId": 35673, "DeviceValue": 237, "DeviceString": "33", "TimeStamp": "2222-02-02T10:21:47.0000000+00:00", "$type": "RecordData"}
[19:22:34 VRB] Recording {"DeviceRefId": 35673, "DeviceValue": 238, "DeviceString": "33", "TimeStamp": "2222-02-02T10:21:52.0000000+00:00", "$type": "RecordData"}
[19:22:34 VRB] Adding to database: {"DeviceRefId": 35673, "DeviceValue": 238, "DeviceString": "33", "TimeStamp": "2222-02-02T10:21:52.0000000+00:00", "$type": "RecordData"}
[19:22:34 VRB] Recording {"DeviceRefId": 35673, "DeviceValue": 239, "DeviceString": "33", "TimeStamp": "2222-02-02T10:21:57.0000000+00:00", "$type": "RecordData"}
[19:22:34 VRB] Adding to database: {"DeviceRefId": 35673, "DeviceValue": 239, "DeviceString": "33", "TimeStamp": "2222-02-02T10:21:57.0000000+00:00", "$type": "RecordData"}
[19:22:34 VRB] Recording {"DeviceRefId": 35673, "DeviceValue": 240, "DeviceString": "33", "TimeStamp": "2222-02-02T10:22:02.0000000+00:00", "$type": "RecordData"}
[19:22:34 VRB] Adding to database: {"DeviceRefId": 35673, "DeviceValue": 240, "DeviceString": "33", "TimeStamp": "2222-02-02T10:22:02.0000000+00:00", "$type": "RecordData"}
[19:22:34 VRB] Recording {"DeviceRefId": 35673, "DeviceValue": 241, "DeviceString": "33", "TimeStamp": "2222-02-02T10:22:07.0000000+00:00", "$type": "RecordData"}
[19:22:34 VRB] Adding to database: {"DeviceRefId": 35673, "DeviceValue": 241, "DeviceString": "33", "TimeStamp": "2222-02-02T10:22:07.0000000+00:00", "$type": "RecordData"}
[19:22:34 VRB] Recording {"DeviceRefId": 35673, "DeviceValue": 242, "DeviceString": "33", "TimeStamp": "2222-02-02T10:22:12.0000000+00:00", "$type": "RecordData"}
[19:22:34 VRB] Adding to database: {"DeviceRefId": 35673, "DeviceValue": 242, "DeviceString": "33", "TimeStamp": "2222-02-02T10:22:12.0000000+00:00", "$type": "RecordData"}
[19:22:34 VRB] Recording {"DeviceRefId": 35673, "DeviceValue": 243, "DeviceString": "33", "TimeStamp": "2222-02-02T10:22:17.0000000+00:00", "$type": "RecordData"}
[19:22:34 VRB] Adding to database: {"DeviceRefId": 35673, "DeviceValue": 243, "DeviceString": "33", "TimeStamp": "2222-02-02T10:22:17.0000000+00:00", "$type": "RecordData"}
[19:22:34 VRB] Recording {"DeviceRefId": 35673, "DeviceValue": 244, "DeviceString": "33", "TimeStamp": "2222-02-02T10:22:22.0000000+00:00", "$type": "RecordData"}
[19:22:34 VRB] Adding to database: {"DeviceRefId": 35673, "DeviceValue": 244, "DeviceString": "33", "TimeStamp": "2222-02-02T10:22:22.0000000+00:00", "$type": "RecordData"}
[19:22:34 VRB] Recording {"DeviceRefId": 35673, "DeviceValue": 245, "DeviceString": "33", "TimeStamp": "2222-02-02T10:22:27.0000000+00:00", "$type": "RecordData"}
[19:22:34 VRB] Adding to database: {"DeviceRefId": 35673, "DeviceValue": 245, "DeviceString": "33", "TimeStamp": "2222-02-02T10:22:27.0000000+00:00", "$type": "RecordData"}
[19:22:34 VRB] Recording {"DeviceRefId": 35673, "DeviceValue": 246, "DeviceString": "33", "TimeStamp": "2222-02-02T10:22:32.0000000+00:00", "$type": "RecordData"}
[19:22:34 VRB] Adding to database: {"DeviceRefId": 35673, "DeviceValue": 246, "DeviceString": "33", "TimeStamp": "2222-02-02T10:22:32.0000000+00:00", "$type": "RecordData"}
[19:22:34 VRB] Recording {"DeviceRefId": 35673, "DeviceValue": 247, "DeviceString": "33", "TimeStamp": "2222-02-02T10:22:37.0000000+00:00", "$type": "RecordData"}
[19:22:34 VRB] Adding to database: {"DeviceRefId": 35673, "DeviceValue": 247, "DeviceString": "33", "TimeStamp": "2222-02-02T10:22:37.0000000+00:00", "$type": "RecordData"}
[19:22:34 VRB] Recording {"DeviceRefId": 35673, "DeviceValue": 248, "DeviceString": "33", "TimeStamp": "2222-02-02T10:22:42.0000000+00:00", "$type": "RecordData"}
[19:22:34 VRB] Adding to database: {"DeviceRefId": 35673, "DeviceValue": 248, "DeviceString": "33", "TimeStamp": "2222-02-02T10:22:42.0000000+00:00", "$type": "RecordData"}
[19:22:34 VRB] Recording {"DeviceRefId": 35673, "DeviceValue": 249, "DeviceString": "33", "TimeStamp": "2222-02-02T10:22:47.0000000+00:00", "$type": "RecordData"}
[19:22:34 VRB] Adding to database: {"DeviceRefId": 35673, "DeviceValue": 249, "DeviceString": "33", "TimeStamp": "2222-02-02T10:22:47.0000000+00:00", "$type": "RecordData"}
[19:22:34 VRB] Recording {"DeviceRefId": 35673, "DeviceValue": 250, "DeviceString": "33", "TimeStamp": "2222-02-02T10:22:52.0000000+00:00", "$type": "RecordData"}
[19:22:34 VRB] Adding to database: {"DeviceRefId": 35673, "DeviceValue": 250, "DeviceString": "33", "TimeStamp": "2222-02-02T10:22:52.0000000+00:00", "$type": "RecordData"}
[19:22:34 VRB] Recording {"DeviceRefId": 35673, "DeviceValue": 251, "DeviceString": "33", "TimeStamp": "2222-02-02T10:22:57.0000000+00:00", "$type": "RecordData"}
[19:22:34 VRB] Adding to database: {"DeviceRefId": 35673, "DeviceValue": 251, "DeviceString": "33", "TimeStamp": "2222-02-02T10:22:57.0000000+00:00", "$type": "RecordData"}
[19:22:34 VRB] Recording {"DeviceRefId": 35673, "DeviceValue": 252, "DeviceString": "33", "TimeStamp": "2222-02-02T10:23:02.0000000+00:00", "$type": "RecordData"}
[19:22:34 VRB] Adding to database: {"DeviceRefId": 35673, "DeviceValue": 252, "DeviceString": "33", "TimeStamp": "2222-02-02T10:23:02.0000000+00:00", "$type": "RecordData"}
[19:22:34 VRB] Recording {"DeviceRefId": 35673, "DeviceValue": 253, "DeviceString": "33", "TimeStamp": "2222-02-02T10:23:07.0000000+00:00", "$type": "RecordData"}
[19:22:34 VRB] Adding to database: {"DeviceRefId": 35673, "DeviceValue": 253, "DeviceString": "33", "TimeStamp": "2222-02-02T10:23:07.0000000+00:00", "$type": "RecordData"}
[19:22:34 VRB] Recording {"DeviceRefId": 35673, "DeviceValue": 254, "DeviceString": "33", "TimeStamp": "2222-02-02T10:23:12.0000000+00:00", "$type": "RecordData"}
[19:22:34 VRB] Adding to database: {"DeviceRefId": 35673, "DeviceValue": 254, "DeviceString": "33", "TimeStamp": "2222-02-02T10:23:12.0000000+00:00", "$type": "RecordData"}
[19:22:34 VRB] Recording {"DeviceRefId": 35673, "DeviceValue": 255, "DeviceString": "33", "TimeStamp": "2222-02-02T10:23:17.0000000+00:00", "$type": "RecordData"}
[19:22:34 VRB] Adding to database: {"DeviceRefId": 35673, "DeviceValue": 255, "DeviceString": "33", "TimeStamp": "2222-02-02T10:23:17.0000000+00:00", "$type": "RecordData"}
[19:22:34 VRB] Recording {"DeviceRefId": 35673, "DeviceValue": 256, "DeviceString": "33", "TimeStamp": "2222-02-02T10:23:22.0000000+00:00", "$type": "RecordData"}
[19:22:34 VRB] Adding to database: {"DeviceRefId": 35673, "DeviceValue": 256, "DeviceString": "33", "TimeStamp": "2222-02-02T10:23:22.0000000+00:00", "$type": "RecordData"}
[19:22:34 VRB] Recording {"DeviceRefId": 35673, "DeviceValue": 257, "DeviceString": "33", "TimeStamp": "2222-02-02T10:23:27.0000000+00:00", "$type": "RecordData"}
[19:22:34 VRB] Adding to database: {"DeviceRefId": 35673, "DeviceValue": 257, "DeviceString": "33", "TimeStamp": "2222-02-02T10:23:27.0000000+00:00", "$type": "RecordData"}
[19:22:34 VRB] Recording {"DeviceRefId": 35673, "DeviceValue": 258, "DeviceString": "33", "TimeStamp": "2222-02-02T10:23:32.0000000+00:00", "$type": "RecordData"}
[19:22:34 VRB] Adding to database: {"DeviceRefId": 35673, "DeviceValue": 258, "DeviceString": "33", "TimeStamp": "2222-02-02T10:23:32.0000000+00:00", "$type": "RecordData"}
[19:22:34 VRB] Recording {"DeviceRefId": 35673, "DeviceValue": 259, "DeviceString": "33", "TimeStamp": "2222-02-02T10:23:37.0000000+00:00", "$type": "RecordData"}
[19:22:34 VRB] Adding to database: {"DeviceRefId": 35673, "DeviceValue": 259, "DeviceString": "33", "TimeStamp": "2222-02-02T10:23:37.0000000+00:00", "$type": "RecordData"}
[19:22:34 VRB] Recording {"DeviceRefId": 35673, "DeviceValue": 260, "DeviceString": "33", "TimeStamp": "2222-02-02T10:23:42.0000000+00:00", "$type": "RecordData"}
[19:22:34 VRB] Adding to database: {"DeviceRefId": 35673, "DeviceValue": 260, "DeviceString": "33", "TimeStamp": "2222-02-02T10:23:42.0000000+00:00", "$type": "RecordData"}
[19:22:34 VRB] Recording {"DeviceRefId": 35673, "DeviceValue": 261, "DeviceString": "33", "TimeStamp": "2222-02-02T10:23:47.0000000+00:00", "$type": "RecordData"}
[19:22:34 VRB] Adding to database: {"DeviceRefId": 35673, "DeviceValue": 261, "DeviceString": "33", "TimeStamp": "2222-02-02T10:23:47.0000000+00:00", "$type": "RecordData"}
[19:22:34 VRB] Recording {"DeviceRefId": 35673, "DeviceValue": 262, "DeviceString": "33", "TimeStamp": "2222-02-02T10:23:52.0000000+00:00", "$type": "RecordData"}
[19:22:34 VRB] Adding to database: {"DeviceRefId": 35673, "DeviceValue": 262, "DeviceString": "33", "TimeStamp": "2222-02-02T10:23:52.0000000+00:00", "$type": "RecordData"}
[19:22:34 VRB] Recording {"DeviceRefId": 35673, "DeviceValue": 263, "DeviceString": "33", "TimeStamp": "2222-02-02T10:23:57.0000000+00:00", "$type": "RecordData"}
[19:22:34 VRB] Adding to database: {"DeviceRefId": 35673, "DeviceValue": 263, "DeviceString": "33", "TimeStamp": "2222-02-02T10:23:57.0000000+00:00", "$type": "RecordData"}
[19:22:34 VRB] Recording {"DeviceRefId": 35673, "DeviceValue": 264, "DeviceString": "33", "TimeStamp": "2222-02-02T10:24:02.0000000+00:00", "$type": "RecordData"}
[19:22:34 VRB] Adding to database: {"DeviceRefId": 35673, "DeviceValue": 264, "DeviceString": "33", "TimeStamp": "2222-02-02T10:24:02.0000000+00:00", "$type": "RecordData"}
[19:22:34 VRB] Recording {"DeviceRefId": 35673, "DeviceValue": 265, "DeviceString": "33", "TimeStamp": "2222-02-02T10:24:07.0000000+00:00", "$type": "RecordData"}
[19:22:34 VRB] Adding to database: {"DeviceRefId": 35673, "DeviceValue": 265, "DeviceString": "33", "TimeStamp": "2222-02-02T10:24:07.0000000+00:00", "$type": "RecordData"}
[19:22:34 VRB] Recording {"DeviceRefId": 35673, "DeviceValue": 266, "DeviceString": "33", "TimeStamp": "2222-02-02T10:24:12.0000000+00:00", "$type": "RecordData"}
[19:22:34 VRB] Adding to database: {"DeviceRefId": 35673, "DeviceValue": 266, "DeviceString": "33", "TimeStamp": "2222-02-02T10:24:12.0000000+00:00", "$type": "RecordData"}
[19:22:34 VRB] Recording {"DeviceRefId": 35673, "DeviceValue": 267, "DeviceString": "33", "TimeStamp": "2222-02-02T10:24:17.0000000+00:00", "$type": "RecordData"}
[19:22:34 VRB] Adding to database: {"DeviceRefId": 35673, "DeviceValue": 267, "DeviceString": "33", "TimeStamp": "2222-02-02T10:24:17.0000000+00:00", "$type": "RecordData"}
[19:22:34 VRB] Recording {"DeviceRefId": 35673, "DeviceValue": 268, "DeviceString": "33", "TimeStamp": "2222-02-02T10:24:22.0000000+00:00", "$type": "RecordData"}
[19:22:34 VRB] Adding to database: {"DeviceRefId": 35673, "DeviceValue": 268, "DeviceString": "33", "TimeStamp": "2222-02-02T10:24:22.0000000+00:00", "$type": "RecordData"}
[19:22:34 VRB] Recording {"DeviceRefId": 35673, "DeviceValue": 269, "DeviceString": "33", "TimeStamp": "2222-02-02T10:24:27.0000000+00:00", "$type": "RecordData"}
[19:22:34 VRB] Adding to database: {"DeviceRefId": 35673, "DeviceValue": 269, "DeviceString": "33", "TimeStamp": "2222-02-02T10:24:27.0000000+00:00", "$type": "RecordData"}
[19:22:34 VRB] Recording {"DeviceRefId": 35673, "DeviceValue": 270, "DeviceString": "33", "TimeStamp": "2222-02-02T10:24:32.0000000+00:00", "$type": "RecordData"}
[19:22:34 VRB] Adding to database: {"DeviceRefId": 35673, "DeviceValue": 270, "DeviceString": "33", "TimeStamp": "2222-02-02T10:24:32.0000000+00:00", "$type": "RecordData"}
[19:22:34 VRB] Recording {"DeviceRefId": 35673, "DeviceValue": 271, "DeviceString": "33", "TimeStamp": "2222-02-02T10:24:37.0000000+00:00", "$type": "RecordData"}
[19:22:34 VRB] Adding to database: {"DeviceRefId": 35673, "DeviceValue": 271, "DeviceString": "33", "TimeStamp": "2222-02-02T10:24:37.0000000+00:00", "$type": "RecordData"}
[19:22:34 VRB] Recording {"DeviceRefId": 35673, "DeviceValue": 272, "DeviceString": "33", "TimeStamp": "2222-02-02T10:24:42.0000000+00:00", "$type": "RecordData"}
[19:22:34 VRB] Adding to database: {"DeviceRefId": 35673, "DeviceValue": 272, "DeviceString": "33", "TimeStamp": "2222-02-02T10:24:42.0000000+00:00", "$type": "RecordData"}
[19:22:34 VRB] Recording {"DeviceRefId": 35673, "DeviceValue": 273, "DeviceString": "33", "TimeStamp": "2222-02-02T10:24:47.0000000+00:00", "$type": "RecordData"}
[19:22:34 VRB] Adding to database: {"DeviceRefId": 35673, "DeviceValue": 273, "DeviceString": "33", "TimeStamp": "2222-02-02T10:24:47.0000000+00:00", "$type": "RecordData"}
[19:22:34 VRB] Recording {"DeviceRefId": 35673, "DeviceValue": 274, "DeviceString": "33", "TimeStamp": "2222-02-02T10:24:52.0000000+00:00", "$type": "RecordData"}
[19:22:34 VRB] Adding to database: {"DeviceRefId": 35673, "DeviceValue": 274, "DeviceString": "33", "TimeStamp": "2222-02-02T10:24:52.0000000+00:00", "$type": "RecordData"}
[19:22:34 VRB] Recording {"DeviceRefId": 35673, "DeviceValue": 275, "DeviceString": "33", "TimeStamp": "2222-02-02T10:24:57.0000000+00:00", "$type": "RecordData"}
[19:22:34 VRB] Adding to database: {"DeviceRefId": 35673, "DeviceValue": 275, "DeviceString": "33", "TimeStamp": "2222-02-02T10:24:57.0000000+00:00", "$type": "RecordData"}
[19:22:34 VRB] Recording {"DeviceRefId": 35673, "DeviceValue": 276, "DeviceString": "33", "TimeStamp": "2222-02-02T10:25:02.0000000+00:00", "$type": "RecordData"}
[19:22:34 VRB] Adding to database: {"DeviceRefId": 35673, "DeviceValue": 276, "DeviceString": "33", "TimeStamp": "2222-02-02T10:25:02.0000000+00:00", "$type": "RecordData"}
[19:22:34 VRB] Recording {"DeviceRefId": 35673, "DeviceValue": 277, "DeviceString": "33", "TimeStamp": "2222-02-02T10:25:07.0000000+00:00", "$type": "RecordData"}
[19:22:34 VRB] Adding to database: {"DeviceRefId": 35673, "DeviceValue": 277, "DeviceString": "33", "TimeStamp": "2222-02-02T10:25:07.0000000+00:00", "$type": "RecordData"}
[19:22:34 VRB] Recording {"DeviceRefId": 35673, "DeviceValue": 278, "DeviceString": "33", "TimeStamp": "2222-02-02T10:25:12.0000000+00:00", "$type": "RecordData"}
[19:22:34 VRB] Adding to database: {"DeviceRefId": 35673, "DeviceValue": 278, "DeviceString": "33", "TimeStamp": "2222-02-02T10:25:12.0000000+00:00", "$type": "RecordData"}
[19:22:34 VRB] Recording {"DeviceRefId": 35673, "DeviceValue": 279, "DeviceString": "33", "TimeStamp": "2222-02-02T10:25:17.0000000+00:00", "$type": "RecordData"}
[19:22:34 VRB] Adding to database: {"DeviceRefId": 35673, "DeviceValue": 279, "DeviceString": "33", "TimeStamp": "2222-02-02T10:25:17.0000000+00:00", "$type": "RecordData"}
[19:22:34 VRB] Recording {"DeviceRefId": 35673, "DeviceValue": 280, "DeviceString": "33", "TimeStamp": "2222-02-02T10:25:22.0000000+00:00", "$type": "RecordData"}
[19:22:34 VRB] Adding to database: {"DeviceRefId": 35673, "DeviceValue": 280, "DeviceString": "33", "TimeStamp": "2222-02-02T10:25:22.0000000+00:00", "$type": "RecordData"}
[19:22:34 VRB] Recording {"DeviceRefId": 35673, "DeviceValue": 281, "DeviceString": "33", "TimeStamp": "2222-02-02T10:25:27.0000000+00:00", "$type": "RecordData"}
[19:22:34 VRB] Adding to database: {"DeviceRefId": 35673, "DeviceValue": 281, "DeviceString": "33", "TimeStamp": "2222-02-02T10:25:27.0000000+00:00", "$type": "RecordData"}
[19:22:34 VRB] Recording {"DeviceRefId": 35673, "DeviceValue": 282, "DeviceString": "33", "TimeStamp": "2222-02-02T10:25:32.0000000+00:00", "$type": "RecordData"}
[19:22:34 VRB] Adding to database: {"DeviceRefId": 35673, "DeviceValue": 282, "DeviceString": "33", "TimeStamp": "2222-02-02T10:25:32.0000000+00:00", "$type": "RecordData"}
[19:22:34 VRB] Recording {"DeviceRefId": 35673, "DeviceValue": 283, "DeviceString": "33", "TimeStamp": "2222-02-02T10:25:37.0000000+00:00", "$type": "RecordData"}
[19:22:34 VRB] Adding to database: {"DeviceRefId": 35673, "DeviceValue": 283, "DeviceString": "33", "TimeStamp": "2222-02-02T10:25:37.0000000+00:00", "$type": "RecordData"}
[19:22:34 VRB] Recording {"DeviceRefId": 35673, "DeviceValue": 284, "DeviceString": "33", "TimeStamp": "2222-02-02T10:25:42.0000000+00:00", "$type": "RecordData"}
[19:22:34 VRB] Adding to database: {"DeviceRefId": 35673, "DeviceValue": 284, "DeviceString": "33", "TimeStamp": "2222-02-02T10:25:42.0000000+00:00", "$type": "RecordData"}
[19:22:34 VRB] Recording {"DeviceRefId": 35673, "DeviceValue": 285, "DeviceString": "33", "TimeStamp": "2222-02-02T10:25:47.0000000+00:00", "$type": "RecordData"}
[19:22:34 VRB] Adding to database: {"DeviceRefId": 35673, "DeviceValue": 285, "DeviceString": "33", "TimeStamp": "2222-02-02T10:25:47.0000000+00:00", "$type": "RecordData"}
[19:22:34 VRB] Recording {"DeviceRefId": 35673, "DeviceValue": 286, "DeviceString": "33", "TimeStamp": "2222-02-02T10:25:52.0000000+00:00", "$type": "RecordData"}
[19:22:34 VRB] Adding to database: {"DeviceRefId": 35673, "DeviceValue": 286, "DeviceString": "33", "TimeStamp": "2222-02-02T10:25:52.0000000+00:00", "$type": "RecordData"}
[19:22:34 VRB] Recording {"DeviceRefId": 35673, "DeviceValue": 287, "DeviceString": "33", "TimeStamp": "2222-02-02T10:25:57.0000000+00:00", "$type": "RecordData"}
[19:22:34 VRB] Adding to database: {"DeviceRefId": 35673, "DeviceValue": 287, "DeviceString": "33", "TimeStamp": "2222-02-02T10:25:57.0000000+00:00", "$type": "RecordData"}
[19:22:34 VRB] Recording {"DeviceRefId": 35673, "DeviceValue": 288, "DeviceString": "33", "TimeStamp": "2222-02-02T10:26:02.0000000+00:00", "$type": "RecordData"}
[19:22:34 VRB] Adding to database: {"DeviceRefId": 35673, "DeviceValue": 288, "DeviceString": "33", "TimeStamp": "2222-02-02T10:26:02.0000000+00:00", "$type": "RecordData"}
[19:22:35 VRB] Recording {"DeviceRefId": 35673, "DeviceValue": 289, "DeviceString": "33", "TimeStamp": "2222-02-02T10:26:07.0000000+00:00", "$type": "RecordData"}
[19:22:35 VRB] Adding to database: {"DeviceRefId": 35673, "DeviceValue": 289, "DeviceString": "33", "TimeStamp": "2222-02-02T10:26:07.0000000+00:00", "$type": "RecordData"}
[19:22:35 VRB] Recording {"DeviceRefId": 35673, "DeviceValue": 290, "DeviceString": "33", "TimeStamp": "2222-02-02T10:26:12.0000000+00:00", "$type": "RecordData"}
[19:22:35 VRB] Adding to database: {"DeviceRefId": 35673, "DeviceValue": 290, "DeviceString": "33", "TimeStamp": "2222-02-02T10:26:12.0000000+00:00", "$type": "RecordData"}
[19:22:35 VRB] Recording {"DeviceRefId": 35673, "DeviceValue": 291, "DeviceString": "33", "TimeStamp": "2222-02-02T10:26:17.0000000+00:00", "$type": "RecordData"}
[19:22:35 VRB] Adding to database: {"DeviceRefId": 35673, "DeviceValue": 291, "DeviceString": "33", "TimeStamp": "2222-02-02T10:26:17.0000000+00:00", "$type": "RecordData"}
[19:22:35 VRB] Recording {"DeviceRefId": 35673, "DeviceValue": 292, "DeviceString": "33", "TimeStamp": "2222-02-02T10:26:22.0000000+00:00", "$type": "RecordData"}
[19:22:35 VRB] Adding to database: {"DeviceRefId": 35673, "DeviceValue": 292, "DeviceString": "33", "TimeStamp": "2222-02-02T10:26:22.0000000+00:00", "$type": "RecordData"}
[19:22:35 VRB] Recording {"DeviceRefId": 35673, "DeviceValue": 293, "DeviceString": "33", "TimeStamp": "2222-02-02T10:26:27.0000000+00:00", "$type": "RecordData"}
[19:22:35 VRB] Adding to database: {"DeviceRefId": 35673, "DeviceValue": 293, "DeviceString": "33", "TimeStamp": "2222-02-02T10:26:27.0000000+00:00", "$type": "RecordData"}
[19:22:35 VRB] Recording {"DeviceRefId": 35673, "DeviceValue": 294, "DeviceString": "33", "TimeStamp": "2222-02-02T10:26:32.0000000+00:00", "$type": "RecordData"}
[19:22:35 VRB] Adding to database: {"DeviceRefId": 35673, "DeviceValue": 294, "DeviceString": "33", "TimeStamp": "2222-02-02T10:26:32.0000000+00:00", "$type": "RecordData"}
[19:22:35 VRB] Recording {"DeviceRefId": 35673, "DeviceValue": 295, "DeviceString": "33", "TimeStamp": "2222-02-02T10:26:37.0000000+00:00", "$type": "RecordData"}
[19:22:35 VRB] Adding to database: {"DeviceRefId": 35673, "DeviceValue": 295, "DeviceString": "33", "TimeStamp": "2222-02-02T10:26:37.0000000+00:00", "$type": "RecordData"}
[19:22:35 VRB] Recording {"DeviceRefId": 35673, "DeviceValue": 296, "DeviceString": "33", "TimeStamp": "2222-02-02T10:26:42.0000000+00:00", "$type": "RecordData"}
[19:22:35 VRB] Adding to database: {"DeviceRefId": 35673, "DeviceValue": 296, "DeviceString": "33", "TimeStamp": "2222-02-02T10:26:42.0000000+00:00", "$type": "RecordData"}
[19:22:35 VRB] Recording {"DeviceRefId": 35673, "DeviceValue": 297, "DeviceString": "33", "TimeStamp": "2222-02-02T10:26:47.0000000+00:00", "$type": "RecordData"}
[19:22:35 VRB] Adding to database: {"DeviceRefId": 35673, "DeviceValue": 297, "DeviceString": "33", "TimeStamp": "2222-02-02T10:26:47.0000000+00:00", "$type": "RecordData"}
[19:22:35 VRB] Recording {"DeviceRefId": 35673, "DeviceValue": 298, "DeviceString": "33", "TimeStamp": "2222-02-02T10:26:52.0000000+00:00", "$type": "RecordData"}
[19:22:35 VRB] Adding to database: {"DeviceRefId": 35673, "DeviceValue": 298, "DeviceString": "33", "TimeStamp": "2222-02-02T10:26:52.0000000+00:00", "$type": "RecordData"}
[19:22:35 VRB] Recording {"DeviceRefId": 35673, "DeviceValue": 299, "DeviceString": "33", "TimeStamp": "2222-02-02T10:26:57.0000000+00:00", "$type": "RecordData"}
[19:22:35 VRB] Adding to database: {"DeviceRefId": 35673, "DeviceValue": 299, "DeviceString": "33", "TimeStamp": "2222-02-02T10:26:57.0000000+00:00", "$type": "RecordData"}
[19:22:35 VRB] Recording {"DeviceRefId": 35673, "DeviceValue": 300, "DeviceString": "33", "TimeStamp": "2222-02-02T10:27:02.0000000+00:00", "$type": "RecordData"}
[19:22:35 VRB] Adding to database: {"DeviceRefId": 35673, "DeviceValue": 300, "DeviceString": "33", "TimeStamp": "2222-02-02T10:27:02.0000000+00:00", "$type": "RecordData"}
[19:22:35 VRB] Recording {"DeviceRefId": 35673, "DeviceValue": 301, "DeviceString": "33", "TimeStamp": "2222-02-02T10:27:07.0000000+00:00", "$type": "RecordData"}
[19:22:35 VRB] Adding to database: {"DeviceRefId": 35673, "DeviceValue": 301, "DeviceString": "33", "TimeStamp": "2222-02-02T10:27:07.0000000+00:00", "$type": "RecordData"}
[19:22:35 VRB] Recording {"DeviceRefId": 35673, "DeviceValue": 302, "DeviceString": "33", "TimeStamp": "2222-02-02T10:27:12.0000000+00:00", "$type": "RecordData"}
[19:22:35 VRB] Adding to database: {"DeviceRefId": 35673, "DeviceValue": 302, "DeviceString": "33", "TimeStamp": "2222-02-02T10:27:12.0000000+00:00", "$type": "RecordData"}
[19:22:35 VRB] Recording {"DeviceRefId": 35673, "DeviceValue": 303, "DeviceString": "33", "TimeStamp": "2222-02-02T10:27:17.0000000+00:00", "$type": "RecordData"}
[19:22:35 VRB] Adding to database: {"DeviceRefId": 35673, "DeviceValue": 303, "DeviceString": "33", "TimeStamp": "2222-02-02T10:27:17.0000000+00:00", "$type": "RecordData"}
[19:22:35 VRB] Recording {"DeviceRefId": 35673, "DeviceValue": 304, "DeviceString": "33", "TimeStamp": "2222-02-02T10:27:22.0000000+00:00", "$type": "RecordData"}
[19:22:35 VRB] Adding to database: {"DeviceRefId": 35673, "DeviceValue": 304, "DeviceString": "33", "TimeStamp": "2222-02-02T10:27:22.0000000+00:00", "$type": "RecordData"}
[19:22:35 VRB] Recording {"DeviceRefId": 35673, "DeviceValue": 305, "DeviceString": "33", "TimeStamp": "2222-02-02T10:27:27.0000000+00:00", "$type": "RecordData"}
[19:22:35 VRB] Adding to database: {"DeviceRefId": 35673, "DeviceValue": 305, "DeviceString": "33", "TimeStamp": "2222-02-02T10:27:27.0000000+00:00", "$type": "RecordData"}
[19:22:35 VRB] Recording {"DeviceRefId": 35673, "DeviceValue": 306, "DeviceString": "33", "TimeStamp": "2222-02-02T10:27:32.0000000+00:00", "$type": "RecordData"}
[19:22:35 VRB] Adding to database: {"DeviceRefId": 35673, "DeviceValue": 306, "DeviceString": "33", "TimeStamp": "2222-02-02T10:27:32.0000000+00:00", "$type": "RecordData"}
[19:22:35 VRB] Recording {"DeviceRefId": 35673, "DeviceValue": 307, "DeviceString": "33", "TimeStamp": "2222-02-02T10:27:37.0000000+00:00", "$type": "RecordData"}
[19:22:35 VRB] Adding to database: {"DeviceRefId": 35673, "DeviceValue": 307, "DeviceString": "33", "TimeStamp": "2222-02-02T10:27:37.0000000+00:00", "$type": "RecordData"}
[19:22:35 VRB] Recording {"DeviceRefId": 35673, "DeviceValue": 308, "DeviceString": "33", "TimeStamp": "2222-02-02T10:27:42.0000000+00:00", "$type": "RecordData"}
[19:22:35 VRB] Adding to database: {"DeviceRefId": 35673, "DeviceValue": 308, "DeviceString": "33", "TimeStamp": "2222-02-02T10:27:42.0000000+00:00", "$type": "RecordData"}
[19:22:35 VRB] Recording {"DeviceRefId": 35673, "DeviceValue": 309, "DeviceString": "33", "TimeStamp": "2222-02-02T10:27:47.0000000+00:00", "$type": "RecordData"}
[19:22:35 VRB] Adding to database: {"DeviceRefId": 35673, "DeviceValue": 309, "DeviceString": "33", "TimeStamp": "2222-02-02T10:27:47.0000000+00:00", "$type": "RecordData"}
[19:22:35 VRB] Recording {"DeviceRefId": 35673, "DeviceValue": 310, "DeviceString": "33", "TimeStamp": "2222-02-02T10:27:52.0000000+00:00", "$type": "RecordData"}
[19:22:35 VRB] Adding to database: {"DeviceRefId": 35673, "DeviceValue": 310, "DeviceString": "33", "TimeStamp": "2222-02-02T10:27:52.0000000+00:00", "$type": "RecordData"}
[19:22:35 VRB] Recording {"DeviceRefId": 35673, "DeviceValue": 311, "DeviceString": "33", "TimeStamp": "2222-02-02T10:27:57.0000000+00:00", "$type": "RecordData"}
[19:22:35 VRB] Adding to database: {"DeviceRefId": 35673, "DeviceValue": 311, "DeviceString": "33", "TimeStamp": "2222-02-02T10:27:57.0000000+00:00", "$type": "RecordData"}
[19:22:35 VRB] Recording {"DeviceRefId": 35673, "DeviceValue": 312, "DeviceString": "33", "TimeStamp": "2222-02-02T10:28:02.0000000+00:00", "$type": "RecordData"}
[19:22:35 VRB] Adding to database: {"DeviceRefId": 35673, "DeviceValue": 312, "DeviceString": "33", "TimeStamp": "2222-02-02T10:28:02.0000000+00:00", "$type": "RecordData"}
[19:22:35 VRB] Recording {"DeviceRefId": 35673, "DeviceValue": 313, "DeviceString": "33", "TimeStamp": "2222-02-02T10:28:07.0000000+00:00", "$type": "RecordData"}
[19:22:35 VRB] Adding to database: {"DeviceRefId": 35673, "DeviceValue": 313, "DeviceString": "33", "TimeStamp": "2222-02-02T10:28:07.0000000+00:00", "$type": "RecordData"}
[19:22:35 VRB] Recording {"DeviceRefId": 35673, "DeviceValue": 314, "DeviceString": "33", "TimeStamp": "2222-02-02T10:28:12.0000000+00:00", "$type": "RecordData"}
[19:22:35 VRB] Adding to database: {"DeviceRefId": 35673, "DeviceValue": 314, "DeviceString": "33", "TimeStamp": "2222-02-02T10:28:12.0000000+00:00", "$type": "RecordData"}
[19:22:35 VRB] Recording {"DeviceRefId": 35673, "DeviceValue": 315, "DeviceString": "33", "TimeStamp": "2222-02-02T10:28:17.0000000+00:00", "$type": "RecordData"}
[19:22:35 VRB] Adding to database: {"DeviceRefId": 35673, "DeviceValue": 315, "DeviceString": "33", "TimeStamp": "2222-02-02T10:28:17.0000000+00:00", "$type": "RecordData"}
[19:22:35 VRB] Recording {"DeviceRefId": 35673, "DeviceValue": 316, "DeviceString": "33", "TimeStamp": "2222-02-02T10:28:22.0000000+00:00", "$type": "RecordData"}
[19:22:35 VRB] Adding to database: {"DeviceRefId": 35673, "DeviceValue": 316, "DeviceString": "33", "TimeStamp": "2222-02-02T10:28:22.0000000+00:00", "$type": "RecordData"}
[19:22:35 VRB] Recording {"DeviceRefId": 35673, "DeviceValue": 317, "DeviceString": "33", "TimeStamp": "2222-02-02T10:28:27.0000000+00:00", "$type": "RecordData"}
[19:22:35 VRB] Adding to database: {"DeviceRefId": 35673, "DeviceValue": 317, "DeviceString": "33", "TimeStamp": "2222-02-02T10:28:27.0000000+00:00", "$type": "RecordData"}
[19:22:35 VRB] Recording {"DeviceRefId": 35673, "DeviceValue": 318, "DeviceString": "33", "TimeStamp": "2222-02-02T10:28:32.0000000+00:00", "$type": "RecordData"}
[19:22:35 VRB] Adding to database: {"DeviceRefId": 35673, "DeviceValue": 318, "DeviceString": "33", "TimeStamp": "2222-02-02T10:28:32.0000000+00:00", "$type": "RecordData"}
[19:22:35 VRB] Recording {"DeviceRefId": 35673, "DeviceValue": 319, "DeviceString": "33", "TimeStamp": "2222-02-02T10:28:37.0000000+00:00", "$type": "RecordData"}
[19:22:35 VRB] Adding to database: {"DeviceRefId": 35673, "DeviceValue": 319, "DeviceString": "33", "TimeStamp": "2222-02-02T10:28:37.0000000+00:00", "$type": "RecordData"}
[19:22:35 VRB] Recording {"DeviceRefId": 35673, "DeviceValue": 320, "DeviceString": "33", "TimeStamp": "2222-02-02T10:28:42.0000000+00:00", "$type": "RecordData"}
[19:22:35 VRB] Adding to database: {"DeviceRefId": 35673, "DeviceValue": 320, "DeviceString": "33", "TimeStamp": "2222-02-02T10:28:42.0000000+00:00", "$type": "RecordData"}
[19:22:35 VRB] Recording {"DeviceRefId": 35673, "DeviceValue": 321, "DeviceString": "33", "TimeStamp": "2222-02-02T10:28:47.0000000+00:00", "$type": "RecordData"}
[19:22:35 VRB] Adding to database: {"DeviceRefId": 35673, "DeviceValue": 321, "DeviceString": "33", "TimeStamp": "2222-02-02T10:28:47.0000000+00:00", "$type": "RecordData"}
[19:22:35 VRB] Recording {"DeviceRefId": 35673, "DeviceValue": 322, "DeviceString": "33", "TimeStamp": "2222-02-02T10:28:52.0000000+00:00", "$type": "RecordData"}
[19:22:35 VRB] Adding to database: {"DeviceRefId": 35673, "DeviceValue": 322, "DeviceString": "33", "TimeStamp": "2222-02-02T10:28:52.0000000+00:00", "$type": "RecordData"}
[19:22:35 VRB] Recording {"DeviceRefId": 35673, "DeviceValue": 323, "DeviceString": "33", "TimeStamp": "2222-02-02T10:28:57.0000000+00:00", "$type": "RecordData"}
[19:22:35 VRB] Adding to database: {"DeviceRefId": 35673, "DeviceValue": 323, "DeviceString": "33", "TimeStamp": "2222-02-02T10:28:57.0000000+00:00", "$type": "RecordData"}
[19:22:35 VRB] Recording {"DeviceRefId": 35673, "DeviceValue": 324, "DeviceString": "33", "TimeStamp": "2222-02-02T10:29:02.0000000+00:00", "$type": "RecordData"}
[19:22:35 VRB] Adding to database: {"DeviceRefId": 35673, "DeviceValue": 324, "DeviceString": "33", "TimeStamp": "2222-02-02T10:29:02.0000000+00:00", "$type": "RecordData"}
[19:22:35 VRB] Recording {"DeviceRefId": 35673, "DeviceValue": 325, "DeviceString": "33", "TimeStamp": "2222-02-02T10:29:07.0000000+00:00", "$type": "RecordData"}
[19:22:35 VRB] Adding to database: {"DeviceRefId": 35673, "DeviceValue": 325, "DeviceString": "33", "TimeStamp": "2222-02-02T10:29:07.0000000+00:00", "$type": "RecordData"}
[19:22:35 VRB] Recording {"DeviceRefId": 35673, "DeviceValue": 326, "DeviceString": "33", "TimeStamp": "2222-02-02T10:29:12.0000000+00:00", "$type": "RecordData"}
[19:22:35 VRB] Adding to database: {"DeviceRefId": 35673, "DeviceValue": 326, "DeviceString": "33", "TimeStamp": "2222-02-02T10:29:12.0000000+00:00", "$type": "RecordData"}
[19:22:35 VRB] Recording {"DeviceRefId": 35673, "DeviceValue": 327, "DeviceString": "33", "TimeStamp": "2222-02-02T10:29:17.0000000+00:00", "$type": "RecordData"}
[19:22:35 VRB] Adding to database: {"DeviceRefId": 35673, "DeviceValue": 327, "DeviceString": "33", "TimeStamp": "2222-02-02T10:29:17.0000000+00:00", "$type": "RecordData"}
[19:22:35 VRB] Recording {"DeviceRefId": 35673, "DeviceValue": 328, "DeviceString": "33", "TimeStamp": "2222-02-02T10:29:22.0000000+00:00", "$type": "RecordData"}
[19:22:35 VRB] Adding to database: {"DeviceRefId": 35673, "DeviceValue": 328, "DeviceString": "33", "TimeStamp": "2222-02-02T10:29:22.0000000+00:00", "$type": "RecordData"}
[19:22:35 VRB] Recording {"DeviceRefId": 35673, "DeviceValue": 329, "DeviceString": "33", "TimeStamp": "2222-02-02T10:29:27.0000000+00:00", "$type": "RecordData"}
[19:22:35 VRB] Adding to database: {"DeviceRefId": 35673, "DeviceValue": 329, "DeviceString": "33", "TimeStamp": "2222-02-02T10:29:27.0000000+00:00", "$type": "RecordData"}
[19:22:35 VRB] Recording {"DeviceRefId": 35673, "DeviceValue": 330, "DeviceString": "33", "TimeStamp": "2222-02-02T10:29:32.0000000+00:00", "$type": "RecordData"}
[19:22:35 VRB] Adding to database: {"DeviceRefId": 35673, "DeviceValue": 330, "DeviceString": "33", "TimeStamp": "2222-02-02T10:29:32.0000000+00:00", "$type": "RecordData"}
[19:22:35 VRB] Recording {"DeviceRefId": 35673, "DeviceValue": 331, "DeviceString": "33", "TimeStamp": "2222-02-02T10:29:37.0000000+00:00", "$type": "RecordData"}
[19:22:35 VRB] Adding to database: {"DeviceRefId": 35673, "DeviceValue": 331, "DeviceString": "33", "TimeStamp": "2222-02-02T10:29:37.0000000+00:00", "$type": "RecordData"}
[19:22:35 VRB] Recording {"DeviceRefId": 35673, "DeviceValue": 332, "DeviceString": "33", "TimeStamp": "2222-02-02T10:29:42.0000000+00:00", "$type": "RecordData"}
[19:22:35 VRB] Adding to database: {"DeviceRefId": 35673, "DeviceValue": 332, "DeviceString": "33", "TimeStamp": "2222-02-02T10:29:42.0000000+00:00", "$type": "RecordData"}
[19:22:35 VRB] Recording {"DeviceRefId": 35673, "DeviceValue": 333, "DeviceString": "33", "TimeStamp": "2222-02-02T10:29:47.0000000+00:00", "$type": "RecordData"}
[19:22:35 VRB] Adding to database: {"DeviceRefId": 35673, "DeviceValue": 333, "DeviceString": "33", "TimeStamp": "2222-02-02T10:29:47.0000000+00:00", "$type": "RecordData"}
[19:22:35 VRB] Recording {"DeviceRefId": 35673, "DeviceValue": 334, "DeviceString": "33", "TimeStamp": "2222-02-02T10:29:52.0000000+00:00", "$type": "RecordData"}
[19:22:35 VRB] Adding to database: {"DeviceRefId": 35673, "DeviceValue": 334, "DeviceString": "33", "TimeStamp": "2222-02-02T10:29:52.0000000+00:00", "$type": "RecordData"}
[19:22:35 VRB] Recording {"DeviceRefId": 35673, "DeviceValue": 335, "DeviceString": "33", "TimeStamp": "2222-02-02T10:29:57.0000000+00:00", "$type": "RecordData"}
[19:22:35 VRB] Adding to database: {"DeviceRefId": 35673, "DeviceValue": 335, "DeviceString": "33", "TimeStamp": "2222-02-02T10:29:57.0000000+00:00", "$type": "RecordData"}
[19:22:35 VRB] Recording {"DeviceRefId": 35673, "DeviceValue": 336, "DeviceString": "33", "TimeStamp": "2222-02-02T10:30:02.0000000+00:00", "$type": "RecordData"}
[19:22:35 VRB] Adding to database: {"DeviceRefId": 35673, "DeviceValue": 336, "DeviceString": "33", "TimeStamp": "2222-02-02T10:30:02.0000000+00:00", "$type": "RecordData"}
[19:22:35 VRB] Recording {"DeviceRefId": 35673, "DeviceValue": 337, "DeviceString": "33", "TimeStamp": "2222-02-02T10:30:07.0000000+00:00", "$type": "RecordData"}
[19:22:35 VRB] Adding to database: {"DeviceRefId": 35673, "DeviceValue": 337, "DeviceString": "33", "TimeStamp": "2222-02-02T10:30:07.0000000+00:00", "$type": "RecordData"}
[19:22:35 VRB] Recording {"DeviceRefId": 35673, "DeviceValue": 338, "DeviceString": "33", "TimeStamp": "2222-02-02T10:30:12.0000000+00:00", "$type": "RecordData"}
[19:22:35 VRB] Adding to database: {"DeviceRefId": 35673, "DeviceValue": 338, "DeviceString": "33", "TimeStamp": "2222-02-02T10:30:12.0000000+00:00", "$type": "RecordData"}
[19:22:35 VRB] Recording {"DeviceRefId": 35673, "DeviceValue": 339, "DeviceString": "33", "TimeStamp": "2222-02-02T10:30:17.0000000+00:00", "$type": "RecordData"}
[19:22:35 VRB] Adding to database: {"DeviceRefId": 35673, "DeviceValue": 339, "DeviceString": "33", "TimeStamp": "2222-02-02T10:30:17.0000000+00:00", "$type": "RecordData"}
[19:22:35 VRB] Recording {"DeviceRefId": 35673, "DeviceValue": 340, "DeviceString": "33", "TimeStamp": "2222-02-02T10:30:22.0000000+00:00", "$type": "RecordData"}
[19:22:35 VRB] Adding to database: {"DeviceRefId": 35673, "DeviceValue": 340, "DeviceString": "33", "TimeStamp": "2222-02-02T10:30:22.0000000+00:00", "$type": "RecordData"}
[19:22:35 VRB] Recording {"DeviceRefId": 35673, "DeviceValue": 341, "DeviceString": "33", "TimeStamp": "2222-02-02T10:30:27.0000000+00:00", "$type": "RecordData"}
[19:22:35 VRB] Adding to database: {"DeviceRefId": 35673, "DeviceValue": 341, "DeviceString": "33", "TimeStamp": "2222-02-02T10:30:27.0000000+00:00", "$type": "RecordData"}
[19:22:35 VRB] Recording {"DeviceRefId": 35673, "DeviceValue": 342, "DeviceString": "33", "TimeStamp": "2222-02-02T10:30:32.0000000+00:00", "$type": "RecordData"}
[19:22:35 VRB] Adding to database: {"DeviceRefId": 35673, "DeviceValue": 342, "DeviceString": "33", "TimeStamp": "2222-02-02T10:30:32.0000000+00:00", "$type": "RecordData"}
[19:22:35 VRB] Recording {"DeviceRefId": 35673, "DeviceValue": 343, "DeviceString": "33", "TimeStamp": "2222-02-02T10:30:37.0000000+00:00", "$type": "RecordData"}
[19:22:35 VRB] Adding to database: {"DeviceRefId": 35673, "DeviceValue": 343, "DeviceString": "33", "TimeStamp": "2222-02-02T10:30:37.0000000+00:00", "$type": "RecordData"}
[19:22:35 VRB] Recording {"DeviceRefId": 35673, "DeviceValue": 344, "DeviceString": "33", "TimeStamp": "2222-02-02T10:30:42.0000000+00:00", "$type": "RecordData"}
[19:22:35 VRB] Adding to database: {"DeviceRefId": 35673, "DeviceValue": 344, "DeviceString": "33", "TimeStamp": "2222-02-02T10:30:42.0000000+00:00", "$type": "RecordData"}
[19:22:35 VRB] Recording {"DeviceRefId": 35673, "DeviceValue": 345, "DeviceString": "33", "TimeStamp": "2222-02-02T10:30:47.0000000+00:00", "$type": "RecordData"}
[19:22:35 VRB] Adding to database: {"DeviceRefId": 35673, "DeviceValue": 345, "DeviceString": "33", "TimeStamp": "2222-02-02T10:30:47.0000000+00:00", "$type": "RecordData"}
[19:22:35 VRB] Recording {"DeviceRefId": 35673, "DeviceValue": 346, "DeviceString": "33", "TimeStamp": "2222-02-02T10:30:52.0000000+00:00", "$type": "RecordData"}
[19:22:35 VRB] Adding to database: {"DeviceRefId": 35673, "DeviceValue": 346, "DeviceString": "33", "TimeStamp": "2222-02-02T10:30:52.0000000+00:00", "$type": "RecordData"}
[19:22:35 VRB] Recording {"DeviceRefId": 35673, "DeviceValue": 347, "DeviceString": "33", "TimeStamp": "2222-02-02T10:30:57.0000000+00:00", "$type": "RecordData"}
[19:22:35 VRB] Adding to database: {"DeviceRefId": 35673, "DeviceValue": 347, "DeviceString": "33", "TimeStamp": "2222-02-02T10:30:57.0000000+00:00", "$type": "RecordData"}
[19:22:35 VRB] Recording {"DeviceRefId": 35673, "DeviceValue": 348, "DeviceString": "33", "TimeStamp": "2222-02-02T10:31:02.0000000+00:00", "$type": "RecordData"}
[19:22:35 VRB] Adding to database: {"DeviceRefId": 35673, "DeviceValue": 348, "DeviceString": "33", "TimeStamp": "2222-02-02T10:31:02.0000000+00:00", "$type": "RecordData"}
[19:22:35 VRB] Recording {"DeviceRefId": 35673, "DeviceValue": 349, "DeviceString": "33", "TimeStamp": "2222-02-02T10:31:07.0000000+00:00", "$type": "RecordData"}
[19:22:35 VRB] Adding to database: {"DeviceRefId": 35673, "DeviceValue": 349, "DeviceString": "33", "TimeStamp": "2222-02-02T10:31:07.0000000+00:00", "$type": "RecordData"}
[19:22:35 VRB] Recording {"DeviceRefId": 35673, "DeviceValue": 350, "DeviceString": "33", "TimeStamp": "2222-02-02T10:31:12.0000000+00:00", "$type": "RecordData"}
[19:22:35 VRB] Adding to database: {"DeviceRefId": 35673, "DeviceValue": 350, "DeviceString": "33", "TimeStamp": "2222-02-02T10:31:12.0000000+00:00", "$type": "RecordData"}
[19:22:35 VRB] Recording {"DeviceRefId": 35673, "DeviceValue": 351, "DeviceString": "33", "TimeStamp": "2222-02-02T10:31:17.0000000+00:00", "$type": "RecordData"}
[19:22:35 VRB] Adding to database: {"DeviceRefId": 35673, "DeviceValue": 351, "DeviceString": "33", "TimeStamp": "2222-02-02T10:31:17.0000000+00:00", "$type": "RecordData"}
[19:22:35 VRB] Recording {"DeviceRefId": 35673, "DeviceValue": 352, "DeviceString": "33", "TimeStamp": "2222-02-02T10:31:22.0000000+00:00", "$type": "RecordData"}
[19:22:35 VRB] Adding to database: {"DeviceRefId": 35673, "DeviceValue": 352, "DeviceString": "33", "TimeStamp": "2222-02-02T10:31:22.0000000+00:00", "$type": "RecordData"}
[19:22:35 VRB] Recording {"DeviceRefId": 35673, "DeviceValue": 353, "DeviceString": "33", "TimeStamp": "2222-02-02T10:31:27.0000000+00:00", "$type": "RecordData"}
[19:22:35 VRB] Adding to database: {"DeviceRefId": 35673, "DeviceValue": 353, "DeviceString": "33", "TimeStamp": "2222-02-02T10:31:27.0000000+00:00", "$type": "RecordData"}
[19:22:35 VRB] Recording {"DeviceRefId": 35673, "DeviceValue": 354, "DeviceString": "33", "TimeStamp": "2222-02-02T10:31:32.0000000+00:00", "$type": "RecordData"}
[19:22:35 VRB] Adding to database: {"DeviceRefId": 35673, "DeviceValue": 354, "DeviceString": "33", "TimeStamp": "2222-02-02T10:31:32.0000000+00:00", "$type": "RecordData"}
[19:22:35 VRB] Recording {"DeviceRefId": 35673, "DeviceValue": 355, "DeviceString": "33", "TimeStamp": "2222-02-02T10:31:37.0000000+00:00", "$type": "RecordData"}
[19:22:35 VRB] Adding to database: {"DeviceRefId": 35673, "DeviceValue": 355, "DeviceString": "33", "TimeStamp": "2222-02-02T10:31:37.0000000+00:00", "$type": "RecordData"}
[19:22:35 VRB] Recording {"DeviceRefId": 35673, "DeviceValue": 356, "DeviceString": "33", "TimeStamp": "2222-02-02T10:31:42.0000000+00:00", "$type": "RecordData"}
[19:22:35 VRB] Adding to database: {"DeviceRefId": 35673, "DeviceValue": 356, "DeviceString": "33", "TimeStamp": "2222-02-02T10:31:42.0000000+00:00", "$type": "RecordData"}
[19:22:35 VRB] Recording {"DeviceRefId": 35673, "DeviceValue": 357, "DeviceString": "33", "TimeStamp": "2222-02-02T10:31:47.0000000+00:00", "$type": "RecordData"}
[19:22:35 VRB] Adding to database: {"DeviceRefId": 35673, "DeviceValue": 357, "DeviceString": "33", "TimeStamp": "2222-02-02T10:31:47.0000000+00:00", "$type": "RecordData"}
[19:22:35 VRB] Recording {"DeviceRefId": 35673, "DeviceValue": 358, "DeviceString": "33", "TimeStamp": "2222-02-02T10:31:52.0000000+00:00", "$type": "RecordData"}
[19:22:35 VRB] Adding to database: {"DeviceRefId": 35673, "DeviceValue": 358, "DeviceString": "33", "TimeStamp": "2222-02-02T10:31:52.0000000+00:00", "$type": "RecordData"}
[19:22:35 VRB] Recording {"DeviceRefId": 35673, "DeviceValue": 359, "DeviceString": "33", "TimeStamp": "2222-02-02T10:31:57.0000000+00:00", "$type": "RecordData"}
[19:22:35 VRB] Adding to database: {"DeviceRefId": 35673, "DeviceValue": 359, "DeviceString": "33", "TimeStamp": "2222-02-02T10:31:57.0000000+00:00", "$type": "RecordData"}
[19:22:35 VRB] Recording {"DeviceRefId": 35673, "DeviceValue": 360, "DeviceString": "33", "TimeStamp": "2222-02-02T10:32:02.0000000+00:00", "$type": "RecordData"}
[19:22:36 VRB] Adding to database: {"DeviceRefId": 35673, "DeviceValue": 360, "DeviceString": "33", "TimeStamp": "2222-02-02T10:32:02.0000000+00:00", "$type": "RecordData"}
[19:22:36 VRB] Recording {"DeviceRefId": 35673, "DeviceValue": 361, "DeviceString": "33", "TimeStamp": "2222-02-02T10:32:07.0000000+00:00", "$type": "RecordData"}
[19:22:36 VRB] Adding to database: {"DeviceRefId": 35673, "DeviceValue": 361, "DeviceString": "33", "TimeStamp": "2222-02-02T10:32:07.0000000+00:00", "$type": "RecordData"}
[19:22:36 VRB] Recording {"DeviceRefId": 35673, "DeviceValue": 362, "DeviceString": "33", "TimeStamp": "2222-02-02T10:32:12.0000000+00:00", "$type": "RecordData"}
[19:22:36 VRB] Adding to database: {"DeviceRefId": 35673, "DeviceValue": 362, "DeviceString": "33", "TimeStamp": "2222-02-02T10:32:12.0000000+00:00", "$type": "RecordData"}
[19:22:36 VRB] Recording {"DeviceRefId": 35673, "DeviceValue": 363, "DeviceString": "33", "TimeStamp": "2222-02-02T10:32:17.0000000+00:00", "$type": "RecordData"}
[19:22:36 VRB] Adding to database: {"DeviceRefId": 35673, "DeviceValue": 363, "DeviceString": "33", "TimeStamp": "2222-02-02T10:32:17.0000000+00:00", "$type": "RecordData"}
[19:22:36 VRB] Recording {"DeviceRefId": 35673, "DeviceValue": 364, "DeviceString": "33", "TimeStamp": "2222-02-02T10:32:22.0000000+00:00", "$type": "RecordData"}
[19:22:36 VRB] Adding to database: {"DeviceRefId": 35673, "DeviceValue": 364, "DeviceString": "33", "TimeStamp": "2222-02-02T10:32:22.0000000+00:00", "$type": "RecordData"}
[19:22:36 VRB] Recording {"DeviceRefId": 35673, "DeviceValue": 365, "DeviceString": "33", "TimeStamp": "2222-02-02T10:32:27.0000000+00:00", "$type": "RecordData"}
[19:22:36 VRB] Adding to database: {"DeviceRefId": 35673, "DeviceValue": 365, "DeviceString": "33", "TimeStamp": "2222-02-02T10:32:27.0000000+00:00", "$type": "RecordData"}
[19:22:36 VRB] Recording {"DeviceRefId": 35673, "DeviceValue": 366, "DeviceString": "33", "TimeStamp": "2222-02-02T10:32:32.0000000+00:00", "$type": "RecordData"}
[19:22:36 VRB] Adding to database: {"DeviceRefId": 35673, "DeviceValue": 366, "DeviceString": "33", "TimeStamp": "2222-02-02T10:32:32.0000000+00:00", "$type": "RecordData"}
[19:22:36 VRB] Recording {"DeviceRefId": 35673, "DeviceValue": 367, "DeviceString": "33", "TimeStamp": "2222-02-02T10:32:37.0000000+00:00", "$type": "RecordData"}
[19:22:36 VRB] Adding to database: {"DeviceRefId": 35673, "DeviceValue": 367, "DeviceString": "33", "TimeStamp": "2222-02-02T10:32:37.0000000+00:00", "$type": "RecordData"}
[19:22:36 VRB] Recording {"DeviceRefId": 35673, "DeviceValue": 368, "DeviceString": "33", "TimeStamp": "2222-02-02T10:32:42.0000000+00:00", "$type": "RecordData"}
[19:22:36 VRB] Adding to database: {"DeviceRefId": 35673, "DeviceValue": 368, "DeviceString": "33", "TimeStamp": "2222-02-02T10:32:42.0000000+00:00", "$type": "RecordData"}
[19:22:36 VRB] Recording {"DeviceRefId": 35673, "DeviceValue": 369, "DeviceString": "33", "TimeStamp": "2222-02-02T10:32:47.0000000+00:00", "$type": "RecordData"}
[19:22:36 VRB] Adding to database: {"DeviceRefId": 35673, "DeviceValue": 369, "DeviceString": "33", "TimeStamp": "2222-02-02T10:32:47.0000000+00:00", "$type": "RecordData"}
[19:22:36 VRB] Recording {"DeviceRefId": 35673, "DeviceValue": 370, "DeviceString": "33", "TimeStamp": "2222-02-02T10:32:52.0000000+00:00", "$type": "RecordData"}
[19:22:36 VRB] Adding to database: {"DeviceRefId": 35673, "DeviceValue": 370, "DeviceString": "33", "TimeStamp": "2222-02-02T10:32:52.0000000+00:00", "$type": "RecordData"}
[19:22:36 VRB] Recording {"DeviceRefId": 35673, "DeviceValue": 371, "DeviceString": "33", "TimeStamp": "2222-02-02T10:32:57.0000000+00:00", "$type": "RecordData"}
[19:22:36 VRB] Adding to database: {"DeviceRefId": 35673, "DeviceValue": 371, "DeviceString": "33", "TimeStamp": "2222-02-02T10:32:57.0000000+00:00", "$type": "RecordData"}
[19:22:36 VRB] Recording {"DeviceRefId": 35673, "DeviceValue": 372, "DeviceString": "33", "TimeStamp": "2222-02-02T10:33:02.0000000+00:00", "$type": "RecordData"}
[19:22:36 VRB] Adding to database: {"DeviceRefId": 35673, "DeviceValue": 372, "DeviceString": "33", "TimeStamp": "2222-02-02T10:33:02.0000000+00:00", "$type": "RecordData"}
[19:22:36 VRB] Recording {"DeviceRefId": 35673, "DeviceValue": 373, "DeviceString": "33", "TimeStamp": "2222-02-02T10:33:07.0000000+00:00", "$type": "RecordData"}
[19:22:36 VRB] Adding to database: {"DeviceRefId": 35673, "DeviceValue": 373, "DeviceString": "33", "TimeStamp": "2222-02-02T10:33:07.0000000+00:00", "$type": "RecordData"}
[19:22:36 VRB] Recording {"DeviceRefId": 35673, "DeviceValue": 374, "DeviceString": "33", "TimeStamp": "2222-02-02T10:33:12.0000000+00:00", "$type": "RecordData"}
[19:22:36 VRB] Adding to database: {"DeviceRefId": 35673, "DeviceValue": 374, "DeviceString": "33", "TimeStamp": "2222-02-02T10:33:12.0000000+00:00", "$type": "RecordData"}
[19:22:36 VRB] Recording {"DeviceRefId": 35673, "DeviceValue": 375, "DeviceString": "33", "TimeStamp": "2222-02-02T10:33:17.0000000+00:00", "$type": "RecordData"}
[19:22:36 VRB] Adding to database: {"DeviceRefId": 35673, "DeviceValue": 375, "DeviceString": "33", "TimeStamp": "2222-02-02T10:33:17.0000000+00:00", "$type": "RecordData"}
[19:22:36 VRB] Recording {"DeviceRefId": 35673, "DeviceValue": 376, "DeviceString": "33", "TimeStamp": "2222-02-02T10:33:22.0000000+00:00", "$type": "RecordData"}
[19:22:36 VRB] Adding to database: {"DeviceRefId": 35673, "DeviceValue": 376, "DeviceString": "33", "TimeStamp": "2222-02-02T10:33:22.0000000+00:00", "$type": "RecordData"}
[19:22:36 VRB] Recording {"DeviceRefId": 35673, "DeviceValue": 377, "DeviceString": "33", "TimeStamp": "2222-02-02T10:33:27.0000000+00:00", "$type": "RecordData"}
[19:22:36 VRB] Adding to database: {"DeviceRefId": 35673, "DeviceValue": 377, "DeviceString": "33", "TimeStamp": "2222-02-02T10:33:27.0000000+00:00", "$type": "RecordData"}
[19:22:36 VRB] Recording {"DeviceRefId": 35673, "DeviceValue": 378, "DeviceString": "33", "TimeStamp": "2222-02-02T10:33:32.0000000+00:00", "$type": "RecordData"}
[19:22:36 VRB] Adding to database: {"DeviceRefId": 35673, "DeviceValue": 378, "DeviceString": "33", "TimeStamp": "2222-02-02T10:33:32.0000000+00:00", "$type": "RecordData"}
[19:22:36 VRB] Recording {"DeviceRefId": 35673, "DeviceValue": 379, "DeviceString": "33", "TimeStamp": "2222-02-02T10:33:37.0000000+00:00", "$type": "RecordData"}
[19:22:36 VRB] Adding to database: {"DeviceRefId": 35673, "DeviceValue": 379, "DeviceString": "33", "TimeStamp": "2222-02-02T10:33:37.0000000+00:00", "$type": "RecordData"}
[19:22:36 VRB] Recording {"DeviceRefId": 35673, "DeviceValue": 380, "DeviceString": "33", "TimeStamp": "2222-02-02T10:33:42.0000000+00:00", "$type": "RecordData"}
[19:22:36 VRB] Adding to database: {"DeviceRefId": 35673, "DeviceValue": 380, "DeviceString": "33", "TimeStamp": "2222-02-02T10:33:42.0000000+00:00", "$type": "RecordData"}
[19:22:36 VRB] Recording {"DeviceRefId": 35673, "DeviceValue": 381, "DeviceString": "33", "TimeStamp": "2222-02-02T10:33:47.0000000+00:00", "$type": "RecordData"}
[19:22:36 VRB] Adding to database: {"DeviceRefId": 35673, "DeviceValue": 381, "DeviceString": "33", "TimeStamp": "2222-02-02T10:33:47.0000000+00:00", "$type": "RecordData"}
[19:22:36 VRB] Recording {"DeviceRefId": 35673, "DeviceValue": 382, "DeviceString": "33", "TimeStamp": "2222-02-02T10:33:52.0000000+00:00", "$type": "RecordData"}
[19:22:36 VRB] Adding to database: {"DeviceRefId": 35673, "DeviceValue": 382, "DeviceString": "33", "TimeStamp": "2222-02-02T10:33:52.0000000+00:00", "$type": "RecordData"}
[19:22:36 VRB] Recording {"DeviceRefId": 35673, "DeviceValue": 383, "DeviceString": "33", "TimeStamp": "2222-02-02T10:33:57.0000000+00:00", "$type": "RecordData"}
[19:22:36 VRB] Adding to database: {"DeviceRefId": 35673, "DeviceValue": 383, "DeviceString": "33", "TimeStamp": "2222-02-02T10:33:57.0000000+00:00", "$type": "RecordData"}
[19:22:36 VRB] Recording {"DeviceRefId": 35673, "DeviceValue": 384, "DeviceString": "33", "TimeStamp": "2222-02-02T10:34:02.0000000+00:00", "$type": "RecordData"}
[19:22:36 VRB] Adding to database: {"DeviceRefId": 35673, "DeviceValue": 384, "DeviceString": "33", "TimeStamp": "2222-02-02T10:34:02.0000000+00:00", "$type": "RecordData"}
[19:22:36 VRB] Recording {"DeviceRefId": 35673, "DeviceValue": 385, "DeviceString": "33", "TimeStamp": "2222-02-02T10:34:07.0000000+00:00", "$type": "RecordData"}
[19:22:36 VRB] Adding to database: {"DeviceRefId": 35673, "DeviceValue": 385, "DeviceString": "33", "TimeStamp": "2222-02-02T10:34:07.0000000+00:00", "$type": "RecordData"}
[19:22:36 VRB] Recording {"DeviceRefId": 35673, "DeviceValue": 386, "DeviceString": "33", "TimeStamp": "2222-02-02T10:34:12.0000000+00:00", "$type": "RecordData"}
[19:22:36 VRB] Adding to database: {"DeviceRefId": 35673, "DeviceValue": 386, "DeviceString": "33", "TimeStamp": "2222-02-02T10:34:12.0000000+00:00", "$type": "RecordData"}
[19:22:36 VRB] Recording {"DeviceRefId": 35673, "DeviceValue": 387, "DeviceString": "33", "TimeStamp": "2222-02-02T10:34:17.0000000+00:00", "$type": "RecordData"}
[19:22:36 VRB] Adding to database: {"DeviceRefId": 35673, "DeviceValue": 387, "DeviceString": "33", "TimeStamp": "2222-02-02T10:34:17.0000000+00:00", "$type": "RecordData"}
[19:22:36 VRB] Recording {"DeviceRefId": 35673, "DeviceValue": 388, "DeviceString": "33", "TimeStamp": "2222-02-02T10:34:22.0000000+00:00", "$type": "RecordData"}
[19:22:36 VRB] Adding to database: {"DeviceRefId": 35673, "DeviceValue": 388, "DeviceString": "33", "TimeStamp": "2222-02-02T10:34:22.0000000+00:00", "$type": "RecordData"}
[19:22:36 VRB] Recording {"DeviceRefId": 35673, "DeviceValue": 389, "DeviceString": "33", "TimeStamp": "2222-02-02T10:34:27.0000000+00:00", "$type": "RecordData"}
[19:22:36 VRB] Adding to database: {"DeviceRefId": 35673, "DeviceValue": 389, "DeviceString": "33", "TimeStamp": "2222-02-02T10:34:27.0000000+00:00", "$type": "RecordData"}
[19:22:36 VRB] Recording {"DeviceRefId": 35673, "DeviceValue": 390, "DeviceString": "33", "TimeStamp": "2222-02-02T10:34:32.0000000+00:00", "$type": "RecordData"}
[19:22:36 VRB] Adding to database: {"DeviceRefId": 35673, "DeviceValue": 390, "DeviceString": "33", "TimeStamp": "2222-02-02T10:34:32.0000000+00:00", "$type": "RecordData"}
[19:22:36 VRB] Recording {"DeviceRefId": 35673, "DeviceValue": 391, "DeviceString": "33", "TimeStamp": "2222-02-02T10:34:37.0000000+00:00", "$type": "RecordData"}
[19:22:36 VRB] Adding to database: {"DeviceRefId": 35673, "DeviceValue": 391, "DeviceString": "33", "TimeStamp": "2222-02-02T10:34:37.0000000+00:00", "$type": "RecordData"}
[19:22:36 VRB] Recording {"DeviceRefId": 35673, "DeviceValue": 392, "DeviceString": "33", "TimeStamp": "2222-02-02T10:34:42.0000000+00:00", "$type": "RecordData"}
[19:22:36 VRB] Adding to database: {"DeviceRefId": 35673, "DeviceValue": 392, "DeviceString": "33", "TimeStamp": "2222-02-02T10:34:42.0000000+00:00", "$type": "RecordData"}
[19:22:36 VRB] Recording {"DeviceRefId": 35673, "DeviceValue": 393, "DeviceString": "33", "TimeStamp": "2222-02-02T10:34:47.0000000+00:00", "$type": "RecordData"}
[19:22:36 VRB] Adding to database: {"DeviceRefId": 35673, "DeviceValue": 393, "DeviceString": "33", "TimeStamp": "2222-02-02T10:34:47.0000000+00:00", "$type": "RecordData"}
[19:22:36 VRB] Recording {"DeviceRefId": 35673, "DeviceValue": 394, "DeviceString": "33", "TimeStamp": "2222-02-02T10:34:52.0000000+00:00", "$type": "RecordData"}
[19:22:36 VRB] Adding to database: {"DeviceRefId": 35673, "DeviceValue": 394, "DeviceString": "33", "TimeStamp": "2222-02-02T10:34:52.0000000+00:00", "$type": "RecordData"}
[19:22:36 VRB] Recording {"DeviceRefId": 35673, "DeviceValue": 395, "DeviceString": "33", "TimeStamp": "2222-02-02T10:34:57.0000000+00:00", "$type": "RecordData"}
[19:22:36 VRB] Adding to database: {"DeviceRefId": 35673, "DeviceValue": 395, "DeviceString": "33", "TimeStamp": "2222-02-02T10:34:57.0000000+00:00", "$type": "RecordData"}
[19:22:36 VRB] Recording {"DeviceRefId": 35673, "DeviceValue": 396, "DeviceString": "33", "TimeStamp": "2222-02-02T10:35:02.0000000+00:00", "$type": "RecordData"}
[19:22:36 VRB] Adding to database: {"DeviceRefId": 35673, "DeviceValue": 396, "DeviceString": "33", "TimeStamp": "2222-02-02T10:35:02.0000000+00:00", "$type": "RecordData"}
[19:22:36 VRB] Recording {"DeviceRefId": 35673, "DeviceValue": 397, "DeviceString": "33", "TimeStamp": "2222-02-02T10:35:07.0000000+00:00", "$type": "RecordData"}
[19:22:36 VRB] Adding to database: {"DeviceRefId": 35673, "DeviceValue": 397, "DeviceString": "33", "TimeStamp": "2222-02-02T10:35:07.0000000+00:00", "$type": "RecordData"}
[19:22:36 VRB] Recording {"DeviceRefId": 35673, "DeviceValue": 398, "DeviceString": "33", "TimeStamp": "2222-02-02T10:35:12.0000000+00:00", "$type": "RecordData"}
[19:22:36 VRB] Adding to database: {"DeviceRefId": 35673, "DeviceValue": 398, "DeviceString": "33", "TimeStamp": "2222-02-02T10:35:12.0000000+00:00", "$type": "RecordData"}
[19:22:36 VRB] Recording {"DeviceRefId": 35673, "DeviceValue": 399, "DeviceString": "33", "TimeStamp": "2222-02-02T10:35:17.0000000+00:00", "$type": "RecordData"}
[19:22:36 VRB] Adding to database: {"DeviceRefId": 35673, "DeviceValue": 399, "DeviceString": "33", "TimeStamp": "2222-02-02T10:35:17.0000000+00:00", "$type": "RecordData"}
[19:22:36 VRB] Recording {"DeviceRefId": 35673, "DeviceValue": 400, "DeviceString": "33", "TimeStamp": "2222-02-02T10:35:22.0000000+00:00", "$type": "RecordData"}
[19:22:36 VRB] Adding to database: {"DeviceRefId": 35673, "DeviceValue": 400, "DeviceString": "33", "TimeStamp": "2222-02-02T10:35:22.0000000+00:00", "$type": "RecordData"}
[19:22:36 VRB] Recording {"DeviceRefId": 35673, "DeviceValue": 401, "DeviceString": "33", "TimeStamp": "2222-02-02T10:35:27.0000000+00:00", "$type": "RecordData"}
[19:22:36 VRB] Adding to database: {"DeviceRefId": 35673, "DeviceValue": 401, "DeviceString": "33", "TimeStamp": "2222-02-02T10:35:27.0000000+00:00", "$type": "RecordData"}
[19:22:36 VRB] Recording {"DeviceRefId": 35673, "DeviceValue": 402, "DeviceString": "33", "TimeStamp": "2222-02-02T10:35:32.0000000+00:00", "$type": "RecordData"}
[19:22:36 VRB] Adding to database: {"DeviceRefId": 35673, "DeviceValue": 402, "DeviceString": "33", "TimeStamp": "2222-02-02T10:35:32.0000000+00:00", "$type": "RecordData"}
[19:22:36 VRB] Recording {"DeviceRefId": 35673, "DeviceValue": 403, "DeviceString": "33", "TimeStamp": "2222-02-02T10:35:37.0000000+00:00", "$type": "RecordData"}
[19:22:36 VRB] Adding to database: {"DeviceRefId": 35673, "DeviceValue": 403, "DeviceString": "33", "TimeStamp": "2222-02-02T10:35:37.0000000+00:00", "$type": "RecordData"}
[19:22:36 VRB] Recording {"DeviceRefId": 35673, "DeviceValue": 404, "DeviceString": "33", "TimeStamp": "2222-02-02T10:35:42.0000000+00:00", "$type": "RecordData"}
[19:22:36 VRB] Adding to database: {"DeviceRefId": 35673, "DeviceValue": 404, "DeviceString": "33", "TimeStamp": "2222-02-02T10:35:42.0000000+00:00", "$type": "RecordData"}
[19:22:36 VRB] Recording {"DeviceRefId": 35673, "DeviceValue": 405, "DeviceString": "33", "TimeStamp": "2222-02-02T10:35:47.0000000+00:00", "$type": "RecordData"}
[19:22:36 VRB] Adding to database: {"DeviceRefId": 35673, "DeviceValue": 405, "DeviceString": "33", "TimeStamp": "2222-02-02T10:35:47.0000000+00:00", "$type": "RecordData"}
[19:22:36 VRB] Recording {"DeviceRefId": 35673, "DeviceValue": 406, "DeviceString": "33", "TimeStamp": "2222-02-02T10:35:52.0000000+00:00", "$type": "RecordData"}
[19:22:36 VRB] Adding to database: {"DeviceRefId": 35673, "DeviceValue": 406, "DeviceString": "33", "TimeStamp": "2222-02-02T10:35:52.0000000+00:00", "$type": "RecordData"}
[19:22:36 VRB] Recording {"DeviceRefId": 35673, "DeviceValue": 407, "DeviceString": "33", "TimeStamp": "2222-02-02T10:35:57.0000000+00:00", "$type": "RecordData"}
[19:22:36 VRB] Adding to database: {"DeviceRefId": 35673, "DeviceValue": 407, "DeviceString": "33", "TimeStamp": "2222-02-02T10:35:57.0000000+00:00", "$type": "RecordData"}
[19:22:36 VRB] Recording {"DeviceRefId": 35673, "DeviceValue": 408, "DeviceString": "33", "TimeStamp": "2222-02-02T10:36:02.0000000+00:00", "$type": "RecordData"}
[19:22:36 VRB] Adding to database: {"DeviceRefId": 35673, "DeviceValue": 408, "DeviceString": "33", "TimeStamp": "2222-02-02T10:36:02.0000000+00:00", "$type": "RecordData"}
[19:22:36 VRB] Recording {"DeviceRefId": 35673, "DeviceValue": 409, "DeviceString": "33", "TimeStamp": "2222-02-02T10:36:07.0000000+00:00", "$type": "RecordData"}
[19:22:36 VRB] Adding to database: {"DeviceRefId": 35673, "DeviceValue": 409, "DeviceString": "33", "TimeStamp": "2222-02-02T10:36:07.0000000+00:00", "$type": "RecordData"}
[19:22:36 VRB] Recording {"DeviceRefId": 35673, "DeviceValue": 410, "DeviceString": "33", "TimeStamp": "2222-02-02T10:36:12.0000000+00:00", "$type": "RecordData"}
[19:22:36 VRB] Adding to database: {"DeviceRefId": 35673, "DeviceValue": 410, "DeviceString": "33", "TimeStamp": "2222-02-02T10:36:12.0000000+00:00", "$type": "RecordData"}
[19:22:36 VRB] Recording {"DeviceRefId": 35673, "DeviceValue": 411, "DeviceString": "33", "TimeStamp": "2222-02-02T10:36:17.0000000+00:00", "$type": "RecordData"}
[19:22:36 VRB] Adding to database: {"DeviceRefId": 35673, "DeviceValue": 411, "DeviceString": "33", "TimeStamp": "2222-02-02T10:36:17.0000000+00:00", "$type": "RecordData"}
[19:22:36 VRB] Recording {"DeviceRefId": 35673, "DeviceValue": 412, "DeviceString": "33", "TimeStamp": "2222-02-02T10:36:22.0000000+00:00", "$type": "RecordData"}
[19:22:36 VRB] Adding to database: {"DeviceRefId": 35673, "DeviceValue": 412, "DeviceString": "33", "TimeStamp": "2222-02-02T10:36:22.0000000+00:00", "$type": "RecordData"}
[19:22:36 VRB] Recording {"DeviceRefId": 35673, "DeviceValue": 413, "DeviceString": "33", "TimeStamp": "2222-02-02T10:36:27.0000000+00:00", "$type": "RecordData"}
[19:22:36 VRB] Adding to database: {"DeviceRefId": 35673, "DeviceValue": 413, "DeviceString": "33", "TimeStamp": "2222-02-02T10:36:27.0000000+00:00", "$type": "RecordData"}
[19:22:36 VRB] Recording {"DeviceRefId": 35673, "DeviceValue": 414, "DeviceString": "33", "TimeStamp": "2222-02-02T10:36:32.0000000+00:00", "$type": "RecordData"}
[19:22:36 VRB] Adding to database: {"DeviceRefId": 35673, "DeviceValue": 414, "DeviceString": "33", "TimeStamp": "2222-02-02T10:36:32.0000000+00:00", "$type": "RecordData"}
[19:22:36 VRB] Recording {"DeviceRefId": 35673, "DeviceValue": 415, "DeviceString": "33", "TimeStamp": "2222-02-02T10:36:37.0000000+00:00", "$type": "RecordData"}
[19:22:36 VRB] Adding to database: {"DeviceRefId": 35673, "DeviceValue": 415, "DeviceString": "33", "TimeStamp": "2222-02-02T10:36:37.0000000+00:00", "$type": "RecordData"}
[19:22:36 VRB] Recording {"DeviceRefId": 35673, "DeviceValue": 416, "DeviceString": "33", "TimeStamp": "2222-02-02T10:36:42.0000000+00:00", "$type": "RecordData"}
[19:22:36 VRB] Adding to database: {"DeviceRefId": 35673, "DeviceValue": 416, "DeviceString": "33", "TimeStamp": "2222-02-02T10:36:42.0000000+00:00", "$type": "RecordData"}
[19:22:36 VRB] Recording {"DeviceRefId": 35673, "DeviceValue": 417, "DeviceString": "33", "TimeStamp": "2222-02-02T10:36:47.0000000+00:00", "$type": "RecordData"}
[19:22:36 VRB] Adding to database: {"DeviceRefId": 35673, "DeviceValue": 417, "DeviceString": "33", "TimeStamp": "2222-02-02T10:36:47.0000000+00:00", "$type": "RecordData"}
[19:22:36 VRB] Recording {"DeviceRefId": 35673, "DeviceValue": 418, "DeviceString": "33", "TimeStamp": "2222-02-02T10:36:52.0000000+00:00", "$type": "RecordData"}
[19:22:36 VRB] Adding to database: {"DeviceRefId": 35673, "DeviceValue": 418, "DeviceString": "33", "TimeStamp": "2222-02-02T10:36:52.0000000+00:00", "$type": "RecordData"}
[19:22:36 VRB] Recording {"DeviceRefId": 35673, "DeviceValue": 419, "DeviceString": "33", "TimeStamp": "2222-02-02T10:36:57.0000000+00:00", "$type": "RecordData"}
[19:22:36 VRB] Adding to database: {"DeviceRefId": 35673, "DeviceValue": 419, "DeviceString": "33", "TimeStamp": "2222-02-02T10:36:57.0000000+00:00", "$type": "RecordData"}
[19:22:36 VRB] Recording {"DeviceRefId": 35673, "DeviceValue": 420, "DeviceString": "33", "TimeStamp": "2222-02-02T10:37:02.0000000+00:00", "$type": "RecordData"}
[19:22:36 VRB] Adding to database: {"DeviceRefId": 35673, "DeviceValue": 420, "DeviceString": "33", "TimeStamp": "2222-02-02T10:37:02.0000000+00:00", "$type": "RecordData"}
[19:22:36 VRB] Recording {"DeviceRefId": 35673, "DeviceValue": 421, "DeviceString": "33", "TimeStamp": "2222-02-02T10:37:07.0000000+00:00", "$type": "RecordData"}
[19:22:36 VRB] Adding to database: {"DeviceRefId": 35673, "DeviceValue": 421, "DeviceString": "33", "TimeStamp": "2222-02-02T10:37:07.0000000+00:00", "$type": "RecordData"}
[19:22:36 VRB] Recording {"DeviceRefId": 35673, "DeviceValue": 422, "DeviceString": "33", "TimeStamp": "2222-02-02T10:37:12.0000000+00:00", "$type": "RecordData"}
[19:22:36 VRB] Adding to database: {"DeviceRefId": 35673, "DeviceValue": 422, "DeviceString": "33", "TimeStamp": "2222-02-02T10:37:12.0000000+00:00", "$type": "RecordData"}
[19:22:36 VRB] Recording {"DeviceRefId": 35673, "DeviceValue": 423, "DeviceString": "33", "TimeStamp": "2222-02-02T10:37:17.0000000+00:00", "$type": "RecordData"}
[19:22:36 VRB] Adding to database: {"DeviceRefId": 35673, "DeviceValue": 423, "DeviceString": "33", "TimeStamp": "2222-02-02T10:37:17.0000000+00:00", "$type": "RecordData"}
[19:22:36 VRB] Recording {"DeviceRefId": 35673, "DeviceValue": 424, "DeviceString": "33", "TimeStamp": "2222-02-02T10:37:22.0000000+00:00", "$type": "RecordData"}
[19:22:36 VRB] Adding to database: {"DeviceRefId": 35673, "DeviceValue": 424, "DeviceString": "33", "TimeStamp": "2222-02-02T10:37:22.0000000+00:00", "$type": "RecordData"}
[19:22:36 VRB] Recording {"DeviceRefId": 35673, "DeviceValue": 425, "DeviceString": "33", "TimeStamp": "2222-02-02T10:37:27.0000000+00:00", "$type": "RecordData"}
[19:22:36 VRB] Adding to database: {"DeviceRefId": 35673, "DeviceValue": 425, "DeviceString": "33", "TimeStamp": "2222-02-02T10:37:27.0000000+00:00", "$type": "RecordData"}
[19:22:36 VRB] Recording {"DeviceRefId": 35673, "DeviceValue": 426, "DeviceString": "33", "TimeStamp": "2222-02-02T10:37:32.0000000+00:00", "$type": "RecordData"}
[19:22:36 VRB] Adding to database: {"DeviceRefId": 35673, "DeviceValue": 426, "DeviceString": "33", "TimeStamp": "2222-02-02T10:37:32.0000000+00:00", "$type": "RecordData"}
[19:22:36 VRB] Recording {"DeviceRefId": 35673, "DeviceValue": 427, "DeviceString": "33", "TimeStamp": "2222-02-02T10:37:37.0000000+00:00", "$type": "RecordData"}
[19:22:36 VRB] Adding to database: {"DeviceRefId": 35673, "DeviceValue": 427, "DeviceString": "33", "TimeStamp": "2222-02-02T10:37:37.0000000+00:00", "$type": "RecordData"}
[19:22:36 VRB] Recording {"DeviceRefId": 35673, "DeviceValue": 428, "DeviceString": "33", "TimeStamp": "2222-02-02T10:37:42.0000000+00:00", "$type": "RecordData"}
[19:22:36 VRB] Adding to database: {"DeviceRefId": 35673, "DeviceValue": 428, "DeviceString": "33", "TimeStamp": "2222-02-02T10:37:42.0000000+00:00", "$type": "RecordData"}
[19:22:36 VRB] Recording {"DeviceRefId": 35673, "DeviceValue": 429, "DeviceString": "33", "TimeStamp": "2222-02-02T10:37:47.0000000+00:00", "$type": "RecordData"}
[19:22:36 VRB] Adding to database: {"DeviceRefId": 35673, "DeviceValue": 429, "DeviceString": "33", "TimeStamp": "2222-02-02T10:37:47.0000000+00:00", "$type": "RecordData"}
[19:22:36 VRB] Recording {"DeviceRefId": 35673, "DeviceValue": 430, "DeviceString": "33", "TimeStamp": "2222-02-02T10:37:52.0000000+00:00", "$type": "RecordData"}
[19:22:36 VRB] Adding to database: {"DeviceRefId": 35673, "DeviceValue": 430, "DeviceString": "33", "TimeStamp": "2222-02-02T10:37:52.0000000+00:00", "$type": "RecordData"}
[19:22:36 VRB] Recording {"DeviceRefId": 35673, "DeviceValue": 431, "DeviceString": "33", "TimeStamp": "2222-02-02T10:37:57.0000000+00:00", "$type": "RecordData"}
[19:22:36 VRB] Adding to database: {"DeviceRefId": 35673, "DeviceValue": 431, "DeviceString": "33", "TimeStamp": "2222-02-02T10:37:57.0000000+00:00", "$type": "RecordData"}
[19:22:36 VRB] Recording {"DeviceRefId": 35673, "DeviceValue": 432, "DeviceString": "33", "TimeStamp": "2222-02-02T10:38:02.0000000+00:00", "$type": "RecordData"}
[19:22:36 VRB] Adding to database: {"DeviceRefId": 35673, "DeviceValue": 432, "DeviceString": "33", "TimeStamp": "2222-02-02T10:38:02.0000000+00:00", "$type": "RecordData"}
[19:22:36 VRB] Recording {"DeviceRefId": 35673, "DeviceValue": 433, "DeviceString": "33", "TimeStamp": "2222-02-02T10:38:07.0000000+00:00", "$type": "RecordData"}
[19:22:36 VRB] Adding to database: {"DeviceRefId": 35673, "DeviceValue": 433, "DeviceString": "33", "TimeStamp": "2222-02-02T10:38:07.0000000+00:00", "$type": "RecordData"}
[19:22:36 VRB] Recording {"DeviceRefId": 35673, "DeviceValue": 434, "DeviceString": "33", "TimeStamp": "2222-02-02T10:38:12.0000000+00:00", "$type": "RecordData"}
[19:22:36 VRB] Adding to database: {"DeviceRefId": 35673, "DeviceValue": 434, "DeviceString": "33", "TimeStamp": "2222-02-02T10:38:12.0000000+00:00", "$type": "RecordData"}
[19:22:36 VRB] Recording {"DeviceRefId": 35673, "DeviceValue": 435, "DeviceString": "33", "TimeStamp": "2222-02-02T10:38:17.0000000+00:00", "$type": "RecordData"}
[19:22:36 VRB] Adding to database: {"DeviceRefId": 35673, "DeviceValue": 435, "DeviceString": "33", "TimeStamp": "2222-02-02T10:38:17.0000000+00:00", "$type": "RecordData"}
[19:22:36 VRB] Recording {"DeviceRefId": 35673, "DeviceValue": 436, "DeviceString": "33", "TimeStamp": "2222-02-02T10:38:22.0000000+00:00", "$type": "RecordData"}
[19:22:36 VRB] Adding to database: {"DeviceRefId": 35673, "DeviceValue": 436, "DeviceString": "33", "TimeStamp": "2222-02-02T10:38:22.0000000+00:00", "$type": "RecordData"}
[19:22:37 VRB] Recording {"DeviceRefId": 35673, "DeviceValue": 437, "DeviceString": "33", "TimeStamp": "2222-02-02T10:38:27.0000000+00:00", "$type": "RecordData"}
[19:22:37 VRB] Adding to database: {"DeviceRefId": 35673, "DeviceValue": 437, "DeviceString": "33", "TimeStamp": "2222-02-02T10:38:27.0000000+00:00", "$type": "RecordData"}
[19:22:37 VRB] Recording {"DeviceRefId": 35673, "DeviceValue": 438, "DeviceString": "33", "TimeStamp": "2222-02-02T10:38:32.0000000+00:00", "$type": "RecordData"}
[19:22:37 VRB] Adding to database: {"DeviceRefId": 35673, "DeviceValue": 438, "DeviceString": "33", "TimeStamp": "2222-02-02T10:38:32.0000000+00:00", "$type": "RecordData"}
[19:22:37 VRB] Recording {"DeviceRefId": 35673, "DeviceValue": 439, "DeviceString": "33", "TimeStamp": "2222-02-02T10:38:37.0000000+00:00", "$type": "RecordData"}
[19:22:37 VRB] Adding to database: {"DeviceRefId": 35673, "DeviceValue": 439, "DeviceString": "33", "TimeStamp": "2222-02-02T10:38:37.0000000+00:00", "$type": "RecordData"}
[19:22:37 VRB] Recording {"DeviceRefId": 35673, "DeviceValue": 440, "DeviceString": "33", "TimeStamp": "2222-02-02T10:38:42.0000000+00:00", "$type": "RecordData"}
[19:22:37 VRB] Adding to database: {"DeviceRefId": 35673, "DeviceValue": 440, "DeviceString": "33", "TimeStamp": "2222-02-02T10:38:42.0000000+00:00", "$type": "RecordData"}
[19:22:37 VRB] Recording {"DeviceRefId": 35673, "DeviceValue": 441, "DeviceString": "33", "TimeStamp": "2222-02-02T10:38:47.0000000+00:00", "$type": "RecordData"}
[19:22:37 VRB] Adding to database: {"DeviceRefId": 35673, "DeviceValue": 441, "DeviceString": "33", "TimeStamp": "2222-02-02T10:38:47.0000000+00:00", "$type": "RecordData"}
[19:22:37 VRB] Recording {"DeviceRefId": 35673, "DeviceValue": 442, "DeviceString": "33", "TimeStamp": "2222-02-02T10:38:52.0000000+00:00", "$type": "RecordData"}
[19:22:37 VRB] Adding to database: {"DeviceRefId": 35673, "DeviceValue": 442, "DeviceString": "33", "TimeStamp": "2222-02-02T10:38:52.0000000+00:00", "$type": "RecordData"}
[19:22:37 VRB] Recording {"DeviceRefId": 35673, "DeviceValue": 443, "DeviceString": "33", "TimeStamp": "2222-02-02T10:38:57.0000000+00:00", "$type": "RecordData"}
[19:22:37 VRB] Adding to database: {"DeviceRefId": 35673, "DeviceValue": 443, "DeviceString": "33", "TimeStamp": "2222-02-02T10:38:57.0000000+00:00", "$type": "RecordData"}
[19:22:37 VRB] Recording {"DeviceRefId": 35673, "DeviceValue": 444, "DeviceString": "33", "TimeStamp": "2222-02-02T10:39:02.0000000+00:00", "$type": "RecordData"}
[19:22:37 VRB] Adding to database: {"DeviceRefId": 35673, "DeviceValue": 444, "DeviceString": "33", "TimeStamp": "2222-02-02T10:39:02.0000000+00:00", "$type": "RecordData"}
[19:22:37 VRB] Recording {"DeviceRefId": 35673, "DeviceValue": 445, "DeviceString": "33", "TimeStamp": "2222-02-02T10:39:07.0000000+00:00", "$type": "RecordData"}
[19:22:37 VRB] Adding to database: {"DeviceRefId": 35673, "DeviceValue": 445, "DeviceString": "33", "TimeStamp": "2222-02-02T10:39:07.0000000+00:00", "$type": "RecordData"}
[19:22:37 VRB] Recording {"DeviceRefId": 35673, "DeviceValue": 446, "DeviceString": "33", "TimeStamp": "2222-02-02T10:39:12.0000000+00:00", "$type": "RecordData"}
[19:22:37 VRB] Adding to database: {"DeviceRefId": 35673, "DeviceValue": 446, "DeviceString": "33", "TimeStamp": "2222-02-02T10:39:12.0000000+00:00", "$type": "RecordData"}
[19:22:37 VRB] Recording {"DeviceRefId": 35673, "DeviceValue": 447, "DeviceString": "33", "TimeStamp": "2222-02-02T10:39:17.0000000+00:00", "$type": "RecordData"}
[19:22:37 VRB] Adding to database: {"DeviceRefId": 35673, "DeviceValue": 447, "DeviceString": "33", "TimeStamp": "2222-02-02T10:39:17.0000000+00:00", "$type": "RecordData"}
[19:22:37 VRB] Recording {"DeviceRefId": 35673, "DeviceValue": 448, "DeviceString": "33", "TimeStamp": "2222-02-02T10:39:22.0000000+00:00", "$type": "RecordData"}
[19:22:37 VRB] Adding to database: {"DeviceRefId": 35673, "DeviceValue": 448, "DeviceString": "33", "TimeStamp": "2222-02-02T10:39:22.0000000+00:00", "$type": "RecordData"}
[19:22:37 VRB] Recording {"DeviceRefId": 35673, "DeviceValue": 449, "DeviceString": "33", "TimeStamp": "2222-02-02T10:39:27.0000000+00:00", "$type": "RecordData"}
[19:22:37 VRB] Adding to database: {"DeviceRefId": 35673, "DeviceValue": 449, "DeviceString": "33", "TimeStamp": "2222-02-02T10:39:27.0000000+00:00", "$type": "RecordData"}
[19:22:37 VRB] Recording {"DeviceRefId": 35673, "DeviceValue": 450, "DeviceString": "33", "TimeStamp": "2222-02-02T10:39:32.0000000+00:00", "$type": "RecordData"}
[19:22:37 VRB] Adding to database: {"DeviceRefId": 35673, "DeviceValue": 450, "DeviceString": "33", "TimeStamp": "2222-02-02T10:39:32.0000000+00:00", "$type": "RecordData"}
[19:22:37 VRB] Recording {"DeviceRefId": 35673, "DeviceValue": 451, "DeviceString": "33", "TimeStamp": "2222-02-02T10:39:37.0000000+00:00", "$type": "RecordData"}
[19:22:37 VRB] Adding to database: {"DeviceRefId": 35673, "DeviceValue": 451, "DeviceString": "33", "TimeStamp": "2222-02-02T10:39:37.0000000+00:00", "$type": "RecordData"}
[19:22:37 VRB] Recording {"DeviceRefId": 35673, "DeviceValue": 452, "DeviceString": "33", "TimeStamp": "2222-02-02T10:39:42.0000000+00:00", "$type": "RecordData"}
[19:22:37 VRB] Adding to database: {"DeviceRefId": 35673, "DeviceValue": 452, "DeviceString": "33", "TimeStamp": "2222-02-02T10:39:42.0000000+00:00", "$type": "RecordData"}
[19:22:37 VRB] Recording {"DeviceRefId": 35673, "DeviceValue": 453, "DeviceString": "33", "TimeStamp": "2222-02-02T10:39:47.0000000+00:00", "$type": "RecordData"}
[19:22:37 VRB] Adding to database: {"DeviceRefId": 35673, "DeviceValue": 453, "DeviceString": "33", "TimeStamp": "2222-02-02T10:39:47.0000000+00:00", "$type": "RecordData"}
[19:22:37 VRB] Recording {"DeviceRefId": 35673, "DeviceValue": 454, "DeviceString": "33", "TimeStamp": "2222-02-02T10:39:52.0000000+00:00", "$type": "RecordData"}
[19:22:37 VRB] Adding to database: {"DeviceRefId": 35673, "DeviceValue": 454, "DeviceString": "33", "TimeStamp": "2222-02-02T10:39:52.0000000+00:00", "$type": "RecordData"}
[19:22:37 VRB] Recording {"DeviceRefId": 35673, "DeviceValue": 455, "DeviceString": "33", "TimeStamp": "2222-02-02T10:39:57.0000000+00:00", "$type": "RecordData"}
[19:22:37 VRB] Adding to database: {"DeviceRefId": 35673, "DeviceValue": 455, "DeviceString": "33", "TimeStamp": "2222-02-02T10:39:57.0000000+00:00", "$type": "RecordData"}
[19:22:37 VRB] Recording {"DeviceRefId": 35673, "DeviceValue": 456, "DeviceString": "33", "TimeStamp": "2222-02-02T10:40:02.0000000+00:00", "$type": "RecordData"}
[19:22:37 VRB] Adding to database: {"DeviceRefId": 35673, "DeviceValue": 456, "DeviceString": "33", "TimeStamp": "2222-02-02T10:40:02.0000000+00:00", "$type": "RecordData"}
[19:22:37 VRB] Recording {"DeviceRefId": 35673, "DeviceValue": 457, "DeviceString": "33", "TimeStamp": "2222-02-02T10:40:07.0000000+00:00", "$type": "RecordData"}
[19:22:37 VRB] Adding to database: {"DeviceRefId": 35673, "DeviceValue": 457, "DeviceString": "33", "TimeStamp": "2222-02-02T10:40:07.0000000+00:00", "$type": "RecordData"}
[19:22:37 VRB] Recording {"DeviceRefId": 35673, "DeviceValue": 458, "DeviceString": "33", "TimeStamp": "2222-02-02T10:40:12.0000000+00:00", "$type": "RecordData"}
[19:22:37 VRB] Adding to database: {"DeviceRefId": 35673, "DeviceValue": 458, "DeviceString": "33", "TimeStamp": "2222-02-02T10:40:12.0000000+00:00", "$type": "RecordData"}
[19:22:37 VRB] Recording {"DeviceRefId": 35673, "DeviceValue": 459, "DeviceString": "33", "TimeStamp": "2222-02-02T10:40:17.0000000+00:00", "$type": "RecordData"}
[19:22:37 VRB] Adding to database: {"DeviceRefId": 35673, "DeviceValue": 459, "DeviceString": "33", "TimeStamp": "2222-02-02T10:40:17.0000000+00:00", "$type": "RecordData"}
[19:22:37 VRB] Recording {"DeviceRefId": 35673, "DeviceValue": 460, "DeviceString": "33", "TimeStamp": "2222-02-02T10:40:22.0000000+00:00", "$type": "RecordData"}
[19:22:37 VRB] Adding to database: {"DeviceRefId": 35673, "DeviceValue": 460, "DeviceString": "33", "TimeStamp": "2222-02-02T10:40:22.0000000+00:00", "$type": "RecordData"}
[19:22:37 VRB] Recording {"DeviceRefId": 35673, "DeviceValue": 461, "DeviceString": "33", "TimeStamp": "2222-02-02T10:40:27.0000000+00:00", "$type": "RecordData"}
[19:22:37 VRB] Adding to database: {"DeviceRefId": 35673, "DeviceValue": 461, "DeviceString": "33", "TimeStamp": "2222-02-02T10:40:27.0000000+00:00", "$type": "RecordData"}
[19:22:37 VRB] Recording {"DeviceRefId": 35673, "DeviceValue": 462, "DeviceString": "33", "TimeStamp": "2222-02-02T10:40:32.0000000+00:00", "$type": "RecordData"}
[19:22:37 VRB] Adding to database: {"DeviceRefId": 35673, "DeviceValue": 462, "DeviceString": "33", "TimeStamp": "2222-02-02T10:40:32.0000000+00:00", "$type": "RecordData"}
[19:22:37 VRB] Recording {"DeviceRefId": 35673, "DeviceValue": 463, "DeviceString": "33", "TimeStamp": "2222-02-02T10:40:37.0000000+00:00", "$type": "RecordData"}
[19:22:37 VRB] Adding to database: {"DeviceRefId": 35673, "DeviceValue": 463, "DeviceString": "33", "TimeStamp": "2222-02-02T10:40:37.0000000+00:00", "$type": "RecordData"}
[19:22:37 VRB] Recording {"DeviceRefId": 35673, "DeviceValue": 464, "DeviceString": "33", "TimeStamp": "2222-02-02T10:40:42.0000000+00:00", "$type": "RecordData"}
[19:22:37 VRB] Adding to database: {"DeviceRefId": 35673, "DeviceValue": 464, "DeviceString": "33", "TimeStamp": "2222-02-02T10:40:42.0000000+00:00", "$type": "RecordData"}
[19:22:37 VRB] Recording {"DeviceRefId": 35673, "DeviceValue": 465, "DeviceString": "33", "TimeStamp": "2222-02-02T10:40:47.0000000+00:00", "$type": "RecordData"}
[19:22:37 VRB] Adding to database: {"DeviceRefId": 35673, "DeviceValue": 465, "DeviceString": "33", "TimeStamp": "2222-02-02T10:40:47.0000000+00:00", "$type": "RecordData"}
[19:22:37 VRB] Recording {"DeviceRefId": 35673, "DeviceValue": 466, "DeviceString": "33", "TimeStamp": "2222-02-02T10:40:52.0000000+00:00", "$type": "RecordData"}
[19:22:37 VRB] Adding to database: {"DeviceRefId": 35673, "DeviceValue": 466, "DeviceString": "33", "TimeStamp": "2222-02-02T10:40:52.0000000+00:00", "$type": "RecordData"}
[19:22:37 VRB] Recording {"DeviceRefId": 35673, "DeviceValue": 467, "DeviceString": "33", "TimeStamp": "2222-02-02T10:40:57.0000000+00:00", "$type": "RecordData"}
[19:22:37 VRB] Adding to database: {"DeviceRefId": 35673, "DeviceValue": 467, "DeviceString": "33", "TimeStamp": "2222-02-02T10:40:57.0000000+00:00", "$type": "RecordData"}
[19:22:37 VRB] Recording {"DeviceRefId": 35673, "DeviceValue": 468, "DeviceString": "33", "TimeStamp": "2222-02-02T10:41:02.0000000+00:00", "$type": "RecordData"}
[19:22:37 VRB] Adding to database: {"DeviceRefId": 35673, "DeviceValue": 468, "DeviceString": "33", "TimeStamp": "2222-02-02T10:41:02.0000000+00:00", "$type": "RecordData"}
[19:22:37 VRB] Recording {"DeviceRefId": 35673, "DeviceValue": 469, "DeviceString": "33", "TimeStamp": "2222-02-02T10:41:07.0000000+00:00", "$type": "RecordData"}
[19:22:37 VRB] Adding to database: {"DeviceRefId": 35673, "DeviceValue": 469, "DeviceString": "33", "TimeStamp": "2222-02-02T10:41:07.0000000+00:00", "$type": "RecordData"}
[19:22:37 VRB] Recording {"DeviceRefId": 35673, "DeviceValue": 470, "DeviceString": "33", "TimeStamp": "2222-02-02T10:41:12.0000000+00:00", "$type": "RecordData"}
[19:22:37 VRB] Adding to database: {"DeviceRefId": 35673, "DeviceValue": 470, "DeviceString": "33", "TimeStamp": "2222-02-02T10:41:12.0000000+00:00", "$type": "RecordData"}
[19:22:37 VRB] Recording {"DeviceRefId": 35673, "DeviceValue": 471, "DeviceString": "33", "TimeStamp": "2222-02-02T10:41:17.0000000+00:00", "$type": "RecordData"}
[19:22:37 VRB] Adding to database: {"DeviceRefId": 35673, "DeviceValue": 471, "DeviceString": "33", "TimeStamp": "2222-02-02T10:41:17.0000000+00:00", "$type": "RecordData"}
[19:22:37 VRB] Recording {"DeviceRefId": 35673, "DeviceValue": 472, "DeviceString": "33", "TimeStamp": "2222-02-02T10:41:22.0000000+00:00", "$type": "RecordData"}
[19:22:37 VRB] Adding to database: {"DeviceRefId": 35673, "DeviceValue": 472, "DeviceString": "33", "TimeStamp": "2222-02-02T10:41:22.0000000+00:00", "$type": "RecordData"}
[19:22:37 VRB] Recording {"DeviceRefId": 35673, "DeviceValue": 473, "DeviceString": "33", "TimeStamp": "2222-02-02T10:41:27.0000000+00:00", "$type": "RecordData"}
[19:22:37 VRB] Adding to database: {"DeviceRefId": 35673, "DeviceValue": 473, "DeviceString": "33", "TimeStamp": "2222-02-02T10:41:27.0000000+00:00", "$type": "RecordData"}
[19:22:37 VRB] Recording {"DeviceRefId": 35673, "DeviceValue": 474, "DeviceString": "33", "TimeStamp": "2222-02-02T10:41:32.0000000+00:00", "$type": "RecordData"}
[19:22:37 VRB] Adding to database: {"DeviceRefId": 35673, "DeviceValue": 474, "DeviceString": "33", "TimeStamp": "2222-02-02T10:41:32.0000000+00:00", "$type": "RecordData"}
[19:22:37 VRB] Recording {"DeviceRefId": 35673, "DeviceValue": 475, "DeviceString": "33", "TimeStamp": "2222-02-02T10:41:37.0000000+00:00", "$type": "RecordData"}
[19:22:37 VRB] Adding to database: {"DeviceRefId": 35673, "DeviceValue": 475, "DeviceString": "33", "TimeStamp": "2222-02-02T10:41:37.0000000+00:00", "$type": "RecordData"}
[19:22:37 VRB] Recording {"DeviceRefId": 35673, "DeviceValue": 476, "DeviceString": "33", "TimeStamp": "2222-02-02T10:41:42.0000000+00:00", "$type": "RecordData"}
[19:22:37 VRB] Adding to database: {"DeviceRefId": 35673, "DeviceValue": 476, "DeviceString": "33", "TimeStamp": "2222-02-02T10:41:42.0000000+00:00", "$type": "RecordData"}
[19:22:37 VRB] Recording {"DeviceRefId": 35673, "DeviceValue": 477, "DeviceString": "33", "TimeStamp": "2222-02-02T10:41:47.0000000+00:00", "$type": "RecordData"}
[19:22:37 VRB] Adding to database: {"DeviceRefId": 35673, "DeviceValue": 477, "DeviceString": "33", "TimeStamp": "2222-02-02T10:41:47.0000000+00:00", "$type": "RecordData"}
[19:22:37 VRB] Recording {"DeviceRefId": 35673, "DeviceValue": 478, "DeviceString": "33", "TimeStamp": "2222-02-02T10:41:52.0000000+00:00", "$type": "RecordData"}
[19:22:37 VRB] Adding to database: {"DeviceRefId": 35673, "DeviceValue": 478, "DeviceString": "33", "TimeStamp": "2222-02-02T10:41:52.0000000+00:00", "$type": "RecordData"}
[19:22:37 VRB] Recording {"DeviceRefId": 35673, "DeviceValue": 479, "DeviceString": "33", "TimeStamp": "2222-02-02T10:41:57.0000000+00:00", "$type": "RecordData"}
[19:22:37 VRB] Adding to database: {"DeviceRefId": 35673, "DeviceValue": 479, "DeviceString": "33", "TimeStamp": "2222-02-02T10:41:57.0000000+00:00", "$type": "RecordData"}
[19:22:37 VRB] Recording {"DeviceRefId": 35673, "DeviceValue": 480, "DeviceString": "33", "TimeStamp": "2222-02-02T10:42:02.0000000+00:00", "$type": "RecordData"}
[19:22:37 VRB] Adding to database: {"DeviceRefId": 35673, "DeviceValue": 480, "DeviceString": "33", "TimeStamp": "2222-02-02T10:42:02.0000000+00:00", "$type": "RecordData"}
[19:22:37 VRB] Recording {"DeviceRefId": 35673, "DeviceValue": 481, "DeviceString": "33", "TimeStamp": "2222-02-02T10:42:07.0000000+00:00", "$type": "RecordData"}
[19:22:37 VRB] Adding to database: {"DeviceRefId": 35673, "DeviceValue": 481, "DeviceString": "33", "TimeStamp": "2222-02-02T10:42:07.0000000+00:00", "$type": "RecordData"}
[19:22:37 VRB] Recording {"DeviceRefId": 35673, "DeviceValue": 482, "DeviceString": "33", "TimeStamp": "2222-02-02T10:42:12.0000000+00:00", "$type": "RecordData"}
[19:22:37 VRB] Adding to database: {"DeviceRefId": 35673, "DeviceValue": 482, "DeviceString": "33", "TimeStamp": "2222-02-02T10:42:12.0000000+00:00", "$type": "RecordData"}
[19:22:37 VRB] Recording {"DeviceRefId": 35673, "DeviceValue": 483, "DeviceString": "33", "TimeStamp": "2222-02-02T10:42:17.0000000+00:00", "$type": "RecordData"}
[19:22:37 VRB] Adding to database: {"DeviceRefId": 35673, "DeviceValue": 483, "DeviceString": "33", "TimeStamp": "2222-02-02T10:42:17.0000000+00:00", "$type": "RecordData"}
[19:22:37 VRB] Recording {"DeviceRefId": 35673, "DeviceValue": 484, "DeviceString": "33", "TimeStamp": "2222-02-02T10:42:22.0000000+00:00", "$type": "RecordData"}
[19:22:37 VRB] Adding to database: {"DeviceRefId": 35673, "DeviceValue": 484, "DeviceString": "33", "TimeStamp": "2222-02-02T10:42:22.0000000+00:00", "$type": "RecordData"}
[19:22:37 VRB] Recording {"DeviceRefId": 35673, "DeviceValue": 485, "DeviceString": "33", "TimeStamp": "2222-02-02T10:42:27.0000000+00:00", "$type": "RecordData"}
[19:22:37 VRB] Adding to database: {"DeviceRefId": 35673, "DeviceValue": 485, "DeviceString": "33", "TimeStamp": "2222-02-02T10:42:27.0000000+00:00", "$type": "RecordData"}
[19:22:37 VRB] Recording {"DeviceRefId": 35673, "DeviceValue": 486, "DeviceString": "33", "TimeStamp": "2222-02-02T10:42:32.0000000+00:00", "$type": "RecordData"}
[19:22:37 VRB] Adding to database: {"DeviceRefId": 35673, "DeviceValue": 486, "DeviceString": "33", "TimeStamp": "2222-02-02T10:42:32.0000000+00:00", "$type": "RecordData"}
[19:22:37 VRB] Recording {"DeviceRefId": 35673, "DeviceValue": 487, "DeviceString": "33", "TimeStamp": "2222-02-02T10:42:37.0000000+00:00", "$type": "RecordData"}
[19:22:37 VRB] Adding to database: {"DeviceRefId": 35673, "DeviceValue": 487, "DeviceString": "33", "TimeStamp": "2222-02-02T10:42:37.0000000+00:00", "$type": "RecordData"}
[19:22:37 VRB] Recording {"DeviceRefId": 35673, "DeviceValue": 488, "DeviceString": "33", "TimeStamp": "2222-02-02T10:42:42.0000000+00:00", "$type": "RecordData"}
[19:22:37 VRB] Adding to database: {"DeviceRefId": 35673, "DeviceValue": 488, "DeviceString": "33", "TimeStamp": "2222-02-02T10:42:42.0000000+00:00", "$type": "RecordData"}
[19:22:37 VRB] Recording {"DeviceRefId": 35673, "DeviceValue": 489, "DeviceString": "33", "TimeStamp": "2222-02-02T10:42:47.0000000+00:00", "$type": "RecordData"}
[19:22:37 VRB] Adding to database: {"DeviceRefId": 35673, "DeviceValue": 489, "DeviceString": "33", "TimeStamp": "2222-02-02T10:42:47.0000000+00:00", "$type": "RecordData"}
[19:22:37 VRB] Recording {"DeviceRefId": 35673, "DeviceValue": 490, "DeviceString": "33", "TimeStamp": "2222-02-02T10:42:52.0000000+00:00", "$type": "RecordData"}
[19:22:37 VRB] Adding to database: {"DeviceRefId": 35673, "DeviceValue": 490, "DeviceString": "33", "TimeStamp": "2222-02-02T10:42:52.0000000+00:00", "$type": "RecordData"}
[19:22:37 VRB] Recording {"DeviceRefId": 35673, "DeviceValue": 491, "DeviceString": "33", "TimeStamp": "2222-02-02T10:42:57.0000000+00:00", "$type": "RecordData"}
[19:22:37 VRB] Adding to database: {"DeviceRefId": 35673, "DeviceValue": 491, "DeviceString": "33", "TimeStamp": "2222-02-02T10:42:57.0000000+00:00", "$type": "RecordData"}
[19:22:37 VRB] Recording {"DeviceRefId": 35673, "DeviceValue": 492, "DeviceString": "33", "TimeStamp": "2222-02-02T10:43:02.0000000+00:00", "$type": "RecordData"}
[19:22:37 VRB] Adding to database: {"DeviceRefId": 35673, "DeviceValue": 492, "DeviceString": "33", "TimeStamp": "2222-02-02T10:43:02.0000000+00:00", "$type": "RecordData"}
[19:22:37 VRB] Recording {"DeviceRefId": 35673, "DeviceValue": 493, "DeviceString": "33", "TimeStamp": "2222-02-02T10:43:07.0000000+00:00", "$type": "RecordData"}
[19:22:37 VRB] Adding to database: {"DeviceRefId": 35673, "DeviceValue": 493, "DeviceString": "33", "TimeStamp": "2222-02-02T10:43:07.0000000+00:00", "$type": "RecordData"}
[19:22:37 VRB] Recording {"DeviceRefId": 35673, "DeviceValue": 494, "DeviceString": "33", "TimeStamp": "2222-02-02T10:43:12.0000000+00:00", "$type": "RecordData"}
[19:22:37 VRB] Adding to database: {"DeviceRefId": 35673, "DeviceValue": 494, "DeviceString": "33", "TimeStamp": "2222-02-02T10:43:12.0000000+00:00", "$type": "RecordData"}
[19:22:37 VRB] Recording {"DeviceRefId": 35673, "DeviceValue": 495, "DeviceString": "33", "TimeStamp": "2222-02-02T10:43:17.0000000+00:00", "$type": "RecordData"}
[19:22:37 VRB] Adding to database: {"DeviceRefId": 35673, "DeviceValue": 495, "DeviceString": "33", "TimeStamp": "2222-02-02T10:43:17.0000000+00:00", "$type": "RecordData"}
[19:22:37 VRB] Recording {"DeviceRefId": 35673, "DeviceValue": 496, "DeviceString": "33", "TimeStamp": "2222-02-02T10:43:22.0000000+00:00", "$type": "RecordData"}
[19:22:37 VRB] Adding to database: {"DeviceRefId": 35673, "DeviceValue": 496, "DeviceString": "33", "TimeStamp": "2222-02-02T10:43:22.0000000+00:00", "$type": "RecordData"}
[19:22:37 VRB] Recording {"DeviceRefId": 35673, "DeviceValue": 497, "DeviceString": "33", "TimeStamp": "2222-02-02T10:43:27.0000000+00:00", "$type": "RecordData"}
[19:22:37 VRB] Adding to database: {"DeviceRefId": 35673, "DeviceValue": 497, "DeviceString": "33", "TimeStamp": "2222-02-02T10:43:27.0000000+00:00", "$type": "RecordData"}
[19:22:37 VRB] Recording {"DeviceRefId": 35673, "DeviceValue": 498, "DeviceString": "33", "TimeStamp": "2222-02-02T10:43:32.0000000+00:00", "$type": "RecordData"}
[19:22:37 VRB] Adding to database: {"DeviceRefId": 35673, "DeviceValue": 498, "DeviceString": "33", "TimeStamp": "2222-02-02T10:43:32.0000000+00:00", "$type": "RecordData"}
[19:22:37 VRB] Recording {"DeviceRefId": 35673, "DeviceValue": 499, "DeviceString": "33", "TimeStamp": "2222-02-02T10:43:37.0000000+00:00", "$type": "RecordData"}
[19:22:37 VRB] Adding to database: {"DeviceRefId": 35673, "DeviceValue": 499, "DeviceString": "33", "TimeStamp": "2222-02-02T10:43:37.0000000+00:00", "$type": "RecordData"}
[19:22:37 VRB] Recording {"DeviceRefId": 35673, "DeviceValue": 500, "DeviceString": "33", "TimeStamp": "2222-02-02T10:43:42.0000000+00:00", "$type": "RecordData"}
[19:22:37 VRB] Adding to database: {"DeviceRefId": 35673, "DeviceValue": 500, "DeviceString": "33", "TimeStamp": "2222-02-02T10:43:42.0000000+00:00", "$type": "RecordData"}
[19:22:37 VRB] Recording {"DeviceRefId": 35673, "DeviceValue": 501, "DeviceString": "33", "TimeStamp": "2222-02-02T10:43:47.0000000+00:00", "$type": "RecordData"}
[19:22:37 VRB] Adding to database: {"DeviceRefId": 35673, "DeviceValue": 501, "DeviceString": "33", "TimeStamp": "2222-02-02T10:43:47.0000000+00:00", "$type": "RecordData"}
[19:22:37 VRB] Recording {"DeviceRefId": 35673, "DeviceValue": 502, "DeviceString": "33", "TimeStamp": "2222-02-02T10:43:52.0000000+00:00", "$type": "RecordData"}
[19:22:37 VRB] Adding to database: {"DeviceRefId": 35673, "DeviceValue": 502, "DeviceString": "33", "TimeStamp": "2222-02-02T10:43:52.0000000+00:00", "$type": "RecordData"}
[19:22:37 VRB] Recording {"DeviceRefId": 35673, "DeviceValue": 503, "DeviceString": "33", "TimeStamp": "2222-02-02T10:43:57.0000000+00:00", "$type": "RecordData"}
[19:22:37 VRB] Adding to database: {"DeviceRefId": 35673, "DeviceValue": 503, "DeviceString": "33", "TimeStamp": "2222-02-02T10:43:57.0000000+00:00", "$type": "RecordData"}
[19:22:37 VRB] Recording {"DeviceRefId": 35673, "DeviceValue": 504, "DeviceString": "33", "TimeStamp": "2222-02-02T10:44:02.0000000+00:00", "$type": "RecordData"}
[19:22:37 VRB] Adding to database: {"DeviceRefId": 35673, "DeviceValue": 504, "DeviceString": "33", "TimeStamp": "2222-02-02T10:44:02.0000000+00:00", "$type": "RecordData"}
[19:22:37 VRB] Recording {"DeviceRefId": 35673, "DeviceValue": 505, "DeviceString": "33", "TimeStamp": "2222-02-02T10:44:07.0000000+00:00", "$type": "RecordData"}
[19:22:37 VRB] Adding to database: {"DeviceRefId": 35673, "DeviceValue": 505, "DeviceString": "33", "TimeStamp": "2222-02-02T10:44:07.0000000+00:00", "$type": "RecordData"}
[19:22:37 VRB] Recording {"DeviceRefId": 35673, "DeviceValue": 506, "DeviceString": "33", "TimeStamp": "2222-02-02T10:44:12.0000000+00:00", "$type": "RecordData"}
[19:22:37 VRB] Adding to database: {"DeviceRefId": 35673, "DeviceValue": 506, "DeviceString": "33", "TimeStamp": "2222-02-02T10:44:12.0000000+00:00", "$type": "RecordData"}
[19:22:38 VRB] Recording {"DeviceRefId": 35673, "DeviceValue": 507, "DeviceString": "33", "TimeStamp": "2222-02-02T10:44:17.0000000+00:00", "$type": "RecordData"}
[19:22:38 VRB] Adding to database: {"DeviceRefId": 35673, "DeviceValue": 507, "DeviceString": "33", "TimeStamp": "2222-02-02T10:44:17.0000000+00:00", "$type": "RecordData"}
[19:22:38 VRB] Recording {"DeviceRefId": 35673, "DeviceValue": 508, "DeviceString": "33", "TimeStamp": "2222-02-02T10:44:22.0000000+00:00", "$type": "RecordData"}
[19:22:38 VRB] Adding to database: {"DeviceRefId": 35673, "DeviceValue": 508, "DeviceString": "33", "TimeStamp": "2222-02-02T10:44:22.0000000+00:00", "$type": "RecordData"}
[19:22:38 VRB] Recording {"DeviceRefId": 35673, "DeviceValue": 509, "DeviceString": "33", "TimeStamp": "2222-02-02T10:44:27.0000000+00:00", "$type": "RecordData"}
[19:22:38 VRB] Adding to database: {"DeviceRefId": 35673, "DeviceValue": 509, "DeviceString": "33", "TimeStamp": "2222-02-02T10:44:27.0000000+00:00", "$type": "RecordData"}
[19:22:38 VRB] Recording {"DeviceRefId": 35673, "DeviceValue": 510, "DeviceString": "33", "TimeStamp": "2222-02-02T10:44:32.0000000+00:00", "$type": "RecordData"}
[19:22:38 VRB] Adding to database: {"DeviceRefId": 35673, "DeviceValue": 510, "DeviceString": "33", "TimeStamp": "2222-02-02T10:44:32.0000000+00:00", "$type": "RecordData"}
[19:22:38 VRB] Recording {"DeviceRefId": 35673, "DeviceValue": 511, "DeviceString": "33", "TimeStamp": "2222-02-02T10:44:37.0000000+00:00", "$type": "RecordData"}
[19:22:38 VRB] Adding to database: {"DeviceRefId": 35673, "DeviceValue": 511, "DeviceString": "33", "TimeStamp": "2222-02-02T10:44:37.0000000+00:00", "$type": "RecordData"}
[19:22:38 DBG] PostBackProc for graphrecords for { refId:35673, min:7955143322000, max:7955145881000, fill:'0', points:256}
Disconnecting from HomeSeer...
[19:22:38 INF] Shutting down
[19:22:38 DBG] Disposing Sqlite connection
[19:22:38 DBG] Finish records update thread
</system-out>
    </testcase>
  </testsuite>
  <testsuite tests="2" time="3.122331" errors="0" failures="0" skipped="0" timestamp="2023-12-02T03:22:38.1103540Z" name="">
    <testcase name="GetRecordsWithUpscaling(LOCF)" assertions="1098" time="1.573946" status="Passed" classname="HSPI_HistoricalRecordsTest.GraphCallbacksTest">
      <system-out>[19:22:38 INF] Plugin Starting
[19:22:38 INF] e_sqlite3 version:3.44.0
[19:22:38 INF] Connecting to database: C:\Users\Deepak\AppData\Local\Temp\zp3l2cpi.oei\data\HistoricalRecords\records.db
[19:22:38 DBG] Starting records update thread
[19:22:38 INF] Starting maintaining database
[19:22:38 DBG] Start Pruning older records
[19:22:38 DBG] Finished pruning older records
[19:22:38 INF] Finished maintaining database
[19:22:38 DBG] Starting RecordAllDevices
[19:22:38 INF] Plugin Started
[19:22:38 VRB] Recording {"DeviceRefId": 35673, "DeviceValue": 1.1, "DeviceString": "1.1", "TimeStamp": "2222-02-02T10:02:02.0000000+00:00", "$type": "RecordData"}
[19:22:38 VRB] Adding to database: {"DeviceRefId": 35673, "DeviceValue": 1.1, "DeviceString": "1.1", "TimeStamp": "2222-02-02T10:02:02.0000000+00:00", "$type": "RecordData"}
[19:22:38 DBG] Finished RecordAllDevices
[19:22:38 INF] Deleting All Records for (35673)
[19:22:38 INF] Removed 1 row(s) for device:35673 in database
[19:22:38 VRB] Recording {"DeviceRefId": 35673, "DeviceValue": 0, "DeviceString": "33", "TimeStamp": "2222-02-02T10:02:02.0000000+00:00", "$type": "RecordData"}
[19:22:38 VRB] Adding to database: {"DeviceRefId": 35673, "DeviceValue": 0, "DeviceString": "33", "TimeStamp": "2222-02-02T10:02:02.0000000+00:00", "$type": "RecordData"}
[19:22:38 VRB] Recording {"DeviceRefId": 35673, "DeviceValue": 1, "DeviceString": "33", "TimeStamp": "2222-02-02T10:02:07.0000000+00:00", "$type": "RecordData"}
[19:22:38 VRB] Adding to database: {"DeviceRefId": 35673, "DeviceValue": 1, "DeviceString": "33", "TimeStamp": "2222-02-02T10:02:07.0000000+00:00", "$type": "RecordData"}
[19:22:38 VRB] Recording {"DeviceRefId": 35673, "DeviceValue": 2, "DeviceString": "33", "TimeStamp": "2222-02-02T10:02:12.0000000+00:00", "$type": "RecordData"}
[19:22:38 VRB] Adding to database: {"DeviceRefId": 35673, "DeviceValue": 2, "DeviceString": "33", "TimeStamp": "2222-02-02T10:02:12.0000000+00:00", "$type": "RecordData"}
[19:22:38 VRB] Recording {"DeviceRefId": 35673, "DeviceValue": 3, "DeviceString": "33", "TimeStamp": "2222-02-02T10:02:17.0000000+00:00", "$type": "RecordData"}
[19:22:38 VRB] Adding to database: {"DeviceRefId": 35673, "DeviceValue": 3, "DeviceString": "33", "TimeStamp": "2222-02-02T10:02:17.0000000+00:00", "$type": "RecordData"}
[19:22:38 VRB] Recording {"DeviceRefId": 35673, "DeviceValue": 4, "DeviceString": "33", "TimeStamp": "2222-02-02T10:02:22.0000000+00:00", "$type": "RecordData"}
[19:22:38 VRB] Adding to database: {"DeviceRefId": 35673, "DeviceValue": 4, "DeviceString": "33", "TimeStamp": "2222-02-02T10:02:22.0000000+00:00", "$type": "RecordData"}
[19:22:38 VRB] Recording {"DeviceRefId": 35673, "DeviceValue": 5, "DeviceString": "33", "TimeStamp": "2222-02-02T10:02:27.0000000+00:00", "$type": "RecordData"}
[19:22:38 VRB] Adding to database: {"DeviceRefId": 35673, "DeviceValue": 5, "DeviceString": "33", "TimeStamp": "2222-02-02T10:02:27.0000000+00:00", "$type": "RecordData"}
[19:22:38 VRB] Recording {"DeviceRefId": 35673, "DeviceValue": 6, "DeviceString": "33", "TimeStamp": "2222-02-02T10:02:32.0000000+00:00", "$type": "RecordData"}
[19:22:38 VRB] Adding to database: {"DeviceRefId": 35673, "DeviceValue": 6, "DeviceString": "33", "TimeStamp": "2222-02-02T10:02:32.0000000+00:00", "$type": "RecordData"}
[19:22:38 VRB] Recording {"DeviceRefId": 35673, "DeviceValue": 7, "DeviceString": "33", "TimeStamp": "2222-02-02T10:02:37.0000000+00:00", "$type": "RecordData"}
[19:22:38 VRB] Adding to database: {"DeviceRefId": 35673, "DeviceValue": 7, "DeviceString": "33", "TimeStamp": "2222-02-02T10:02:37.0000000+00:00", "$type": "RecordData"}
[19:22:38 VRB] Recording {"DeviceRefId": 35673, "DeviceValue": 8, "DeviceString": "33", "TimeStamp": "2222-02-02T10:02:42.0000000+00:00", "$type": "RecordData"}
[19:22:38 VRB] Adding to database: {"DeviceRefId": 35673, "DeviceValue": 8, "DeviceString": "33", "TimeStamp": "2222-02-02T10:02:42.0000000+00:00", "$type": "RecordData"}
[19:22:38 VRB] Recording {"DeviceRefId": 35673, "DeviceValue": 9, "DeviceString": "33", "TimeStamp": "2222-02-02T10:02:47.0000000+00:00", "$type": "RecordData"}
[19:22:38 VRB] Adding to database: {"DeviceRefId": 35673, "DeviceValue": 9, "DeviceString": "33", "TimeStamp": "2222-02-02T10:02:47.0000000+00:00", "$type": "RecordData"}
[19:22:38 VRB] Recording {"DeviceRefId": 35673, "DeviceValue": 10, "DeviceString": "33", "TimeStamp": "2222-02-02T10:02:52.0000000+00:00", "$type": "RecordData"}
[19:22:38 VRB] Adding to database: {"DeviceRefId": 35673, "DeviceValue": 10, "DeviceString": "33", "TimeStamp": "2222-02-02T10:02:52.0000000+00:00", "$type": "RecordData"}
[19:22:38 VRB] Recording {"DeviceRefId": 35673, "DeviceValue": 11, "DeviceString": "33", "TimeStamp": "2222-02-02T10:02:57.0000000+00:00", "$type": "RecordData"}
[19:22:38 VRB] Adding to database: {"DeviceRefId": 35673, "DeviceValue": 11, "DeviceString": "33", "TimeStamp": "2222-02-02T10:02:57.0000000+00:00", "$type": "RecordData"}
[19:22:38 VRB] Recording {"DeviceRefId": 35673, "DeviceValue": 12, "DeviceString": "33", "TimeStamp": "2222-02-02T10:03:02.0000000+00:00", "$type": "RecordData"}
[19:22:38 VRB] Adding to database: {"DeviceRefId": 35673, "DeviceValue": 12, "DeviceString": "33", "TimeStamp": "2222-02-02T10:03:02.0000000+00:00", "$type": "RecordData"}
[19:22:38 VRB] Recording {"DeviceRefId": 35673, "DeviceValue": 13, "DeviceString": "33", "TimeStamp": "2222-02-02T10:03:07.0000000+00:00", "$type": "RecordData"}
[19:22:38 VRB] Adding to database: {"DeviceRefId": 35673, "DeviceValue": 13, "DeviceString": "33", "TimeStamp": "2222-02-02T10:03:07.0000000+00:00", "$type": "RecordData"}
[19:22:38 VRB] Recording {"DeviceRefId": 35673, "DeviceValue": 14, "DeviceString": "33", "TimeStamp": "2222-02-02T10:03:12.0000000+00:00", "$type": "RecordData"}
[19:22:38 VRB] Adding to database: {"DeviceRefId": 35673, "DeviceValue": 14, "DeviceString": "33", "TimeStamp": "2222-02-02T10:03:12.0000000+00:00", "$type": "RecordData"}
[19:22:38 VRB] Recording {"DeviceRefId": 35673, "DeviceValue": 15, "DeviceString": "33", "TimeStamp": "2222-02-02T10:03:17.0000000+00:00", "$type": "RecordData"}
[19:22:38 VRB] Adding to database: {"DeviceRefId": 35673, "DeviceValue": 15, "DeviceString": "33", "TimeStamp": "2222-02-02T10:03:17.0000000+00:00", "$type": "RecordData"}
[19:22:38 VRB] Recording {"DeviceRefId": 35673, "DeviceValue": 16, "DeviceString": "33", "TimeStamp": "2222-02-02T10:03:22.0000000+00:00", "$type": "RecordData"}
[19:22:38 VRB] Adding to database: {"DeviceRefId": 35673, "DeviceValue": 16, "DeviceString": "33", "TimeStamp": "2222-02-02T10:03:22.0000000+00:00", "$type": "RecordData"}
[19:22:38 VRB] Recording {"DeviceRefId": 35673, "DeviceValue": 17, "DeviceString": "33", "TimeStamp": "2222-02-02T10:03:27.0000000+00:00", "$type": "RecordData"}
[19:22:38 VRB] Adding to database: {"DeviceRefId": 35673, "DeviceValue": 17, "DeviceString": "33", "TimeStamp": "2222-02-02T10:03:27.0000000+00:00", "$type": "RecordData"}
[19:22:38 VRB] Recording {"DeviceRefId": 35673, "DeviceValue": 18, "DeviceString": "33", "TimeStamp": "2222-02-02T10:03:32.0000000+00:00", "$type": "RecordData"}
[19:22:38 VRB] Adding to database: {"DeviceRefId": 35673, "DeviceValue": 18, "DeviceString": "33", "TimeStamp": "2222-02-02T10:03:32.0000000+00:00", "$type": "RecordData"}
[19:22:38 VRB] Recording {"DeviceRefId": 35673, "DeviceValue": 19, "DeviceString": "33", "TimeStamp": "2222-02-02T10:03:37.0000000+00:00", "$type": "RecordData"}
[19:22:38 VRB] Adding to database: {"DeviceRefId": 35673, "DeviceValue": 19, "DeviceString": "33", "TimeStamp": "2222-02-02T10:03:37.0000000+00:00", "$type": "RecordData"}
[19:22:38 VRB] Recording {"DeviceRefId": 35673, "DeviceValue": 20, "DeviceString": "33", "TimeStamp": "2222-02-02T10:03:42.0000000+00:00", "$type": "RecordData"}
[19:22:38 VRB] Adding to database: {"DeviceRefId": 35673, "DeviceValue": 20, "DeviceString": "33", "TimeStamp": "2222-02-02T10:03:42.0000000+00:00", "$type": "RecordData"}
[19:22:38 VRB] Recording {"DeviceRefId": 35673, "DeviceValue": 21, "DeviceString": "33", "TimeStamp": "2222-02-02T10:03:47.0000000+00:00", "$type": "RecordData"}
[19:22:38 VRB] Adding to database: {"DeviceRefId": 35673, "DeviceValue": 21, "DeviceString": "33", "TimeStamp": "2222-02-02T10:03:47.0000000+00:00", "$type": "RecordData"}
[19:22:38 VRB] Recording {"DeviceRefId": 35673, "DeviceValue": 22, "DeviceString": "33", "TimeStamp": "2222-02-02T10:03:52.0000000+00:00", "$type": "RecordData"}
[19:22:38 VRB] Adding to database: {"DeviceRefId": 35673, "DeviceValue": 22, "DeviceString": "33", "TimeStamp": "2222-02-02T10:03:52.0000000+00:00", "$type": "RecordData"}
[19:22:38 VRB] Recording {"DeviceRefId": 35673, "DeviceValue": 23, "DeviceString": "33", "TimeStamp": "2222-02-02T10:03:57.0000000+00:00", "$type": "RecordData"}
[19:22:38 VRB] Adding to database: {"DeviceRefId": 35673, "DeviceValue": 23, "DeviceString": "33", "TimeStamp": "2222-02-02T10:03:57.0000000+00:00", "$type": "RecordData"}
[19:22:38 VRB] Recording {"DeviceRefId": 35673, "DeviceValue": 24, "DeviceString": "33", "TimeStamp": "2222-02-02T10:04:02.0000000+00:00", "$type": "RecordData"}
[19:22:38 VRB] Adding to database: {"DeviceRefId": 35673, "DeviceValue": 24, "DeviceString": "33", "TimeStamp": "2222-02-02T10:04:02.0000000+00:00", "$type": "RecordData"}
[19:22:38 VRB] Recording {"DeviceRefId": 35673, "DeviceValue": 25, "DeviceString": "33", "TimeStamp": "2222-02-02T10:04:07.0000000+00:00", "$type": "RecordData"}
[19:22:38 VRB] Adding to database: {"DeviceRefId": 35673, "DeviceValue": 25, "DeviceString": "33", "TimeStamp": "2222-02-02T10:04:07.0000000+00:00", "$type": "RecordData"}
[19:22:38 VRB] Recording {"DeviceRefId": 35673, "DeviceValue": 26, "DeviceString": "33", "TimeStamp": "2222-02-02T10:04:12.0000000+00:00", "$type": "RecordData"}
[19:22:38 VRB] Adding to database: {"DeviceRefId": 35673, "DeviceValue": 26, "DeviceString": "33", "TimeStamp": "2222-02-02T10:04:12.0000000+00:00", "$type": "RecordData"}
[19:22:38 VRB] Recording {"DeviceRefId": 35673, "DeviceValue": 27, "DeviceString": "33", "TimeStamp": "2222-02-02T10:04:17.0000000+00:00", "$type": "RecordData"}
[19:22:38 VRB] Adding to database: {"DeviceRefId": 35673, "DeviceValue": 27, "DeviceString": "33", "TimeStamp": "2222-02-02T10:04:17.0000000+00:00", "$type": "RecordData"}
[19:22:38 VRB] Recording {"DeviceRefId": 35673, "DeviceValue": 28, "DeviceString": "33", "TimeStamp": "2222-02-02T10:04:22.0000000+00:00", "$type": "RecordData"}
[19:22:38 VRB] Adding to database: {"DeviceRefId": 35673, "DeviceValue": 28, "DeviceString": "33", "TimeStamp": "2222-02-02T10:04:22.0000000+00:00", "$type": "RecordData"}
[19:22:38 VRB] Recording {"DeviceRefId": 35673, "DeviceValue": 29, "DeviceString": "33", "TimeStamp": "2222-02-02T10:04:27.0000000+00:00", "$type": "RecordData"}
[19:22:38 VRB] Adding to database: {"DeviceRefId": 35673, "DeviceValue": 29, "DeviceString": "33", "TimeStamp": "2222-02-02T10:04:27.0000000+00:00", "$type": "RecordData"}
[19:22:38 VRB] Recording {"DeviceRefId": 35673, "DeviceValue": 30, "DeviceString": "33", "TimeStamp": "2222-02-02T10:04:32.0000000+00:00", "$type": "RecordData"}
[19:22:38 VRB] Adding to database: {"DeviceRefId": 35673, "DeviceValue": 30, "DeviceString": "33", "TimeStamp": "2222-02-02T10:04:32.0000000+00:00", "$type": "RecordData"}
[19:22:38 VRB] Recording {"DeviceRefId": 35673, "DeviceValue": 31, "DeviceString": "33", "TimeStamp": "2222-02-02T10:04:37.0000000+00:00", "$type": "RecordData"}
[19:22:38 VRB] Adding to database: {"DeviceRefId": 35673, "DeviceValue": 31, "DeviceString": "33", "TimeStamp": "2222-02-02T10:04:37.0000000+00:00", "$type": "RecordData"}
[19:22:38 VRB] Recording {"DeviceRefId": 35673, "DeviceValue": 32, "DeviceString": "33", "TimeStamp": "2222-02-02T10:04:42.0000000+00:00", "$type": "RecordData"}
[19:22:38 VRB] Adding to database: {"DeviceRefId": 35673, "DeviceValue": 32, "DeviceString": "33", "TimeStamp": "2222-02-02T10:04:42.0000000+00:00", "$type": "RecordData"}
[19:22:38 VRB] Recording {"DeviceRefId": 35673, "DeviceValue": 33, "DeviceString": "33", "TimeStamp": "2222-02-02T10:04:47.0000000+00:00", "$type": "RecordData"}
[19:22:38 VRB] Adding to database: {"DeviceRefId": 35673, "DeviceValue": 33, "DeviceString": "33", "TimeStamp": "2222-02-02T10:04:47.0000000+00:00", "$type": "RecordData"}
[19:22:38 VRB] Recording {"DeviceRefId": 35673, "DeviceValue": 34, "DeviceString": "33", "TimeStamp": "2222-02-02T10:04:52.0000000+00:00", "$type": "RecordData"}
[19:22:38 VRB] Adding to database: {"DeviceRefId": 35673, "DeviceValue": 34, "DeviceString": "33", "TimeStamp": "2222-02-02T10:04:52.0000000+00:00", "$type": "RecordData"}
[19:22:38 VRB] Recording {"DeviceRefId": 35673, "DeviceValue": 35, "DeviceString": "33", "TimeStamp": "2222-02-02T10:04:57.0000000+00:00", "$type": "RecordData"}
[19:22:38 VRB] Adding to database: {"DeviceRefId": 35673, "DeviceValue": 35, "DeviceString": "33", "TimeStamp": "2222-02-02T10:04:57.0000000+00:00", "$type": "RecordData"}
[19:22:38 VRB] Recording {"DeviceRefId": 35673, "DeviceValue": 36, "DeviceString": "33", "TimeStamp": "2222-02-02T10:05:02.0000000+00:00", "$type": "RecordData"}
[19:22:38 VRB] Adding to database: {"DeviceRefId": 35673, "DeviceValue": 36, "DeviceString": "33", "TimeStamp": "2222-02-02T10:05:02.0000000+00:00", "$type": "RecordData"}
[19:22:38 VRB] Recording {"DeviceRefId": 35673, "DeviceValue": 37, "DeviceString": "33", "TimeStamp": "2222-02-02T10:05:07.0000000+00:00", "$type": "RecordData"}
[19:22:38 VRB] Adding to database: {"DeviceRefId": 35673, "DeviceValue": 37, "DeviceString": "33", "TimeStamp": "2222-02-02T10:05:07.0000000+00:00", "$type": "RecordData"}
[19:22:38 VRB] Recording {"DeviceRefId": 35673, "DeviceValue": 38, "DeviceString": "33", "TimeStamp": "2222-02-02T10:05:12.0000000+00:00", "$type": "RecordData"}
[19:22:38 VRB] Adding to database: {"DeviceRefId": 35673, "DeviceValue": 38, "DeviceString": "33", "TimeStamp": "2222-02-02T10:05:12.0000000+00:00", "$type": "RecordData"}
[19:22:38 VRB] Recording {"DeviceRefId": 35673, "DeviceValue": 39, "DeviceString": "33", "TimeStamp": "2222-02-02T10:05:17.0000000+00:00", "$type": "RecordData"}
[19:22:38 VRB] Adding to database: {"DeviceRefId": 35673, "DeviceValue": 39, "DeviceString": "33", "TimeStamp": "2222-02-02T10:05:17.0000000+00:00", "$type": "RecordData"}
[19:22:38 VRB] Recording {"DeviceRefId": 35673, "DeviceValue": 40, "DeviceString": "33", "TimeStamp": "2222-02-02T10:05:22.0000000+00:00", "$type": "RecordData"}
[19:22:38 VRB] Adding to database: {"DeviceRefId": 35673, "DeviceValue": 40, "DeviceString": "33", "TimeStamp": "2222-02-02T10:05:22.0000000+00:00", "$type": "RecordData"}
[19:22:38 VRB] Recording {"DeviceRefId": 35673, "DeviceValue": 41, "DeviceString": "33", "TimeStamp": "2222-02-02T10:05:27.0000000+00:00", "$type": "RecordData"}
[19:22:38 VRB] Adding to database: {"DeviceRefId": 35673, "DeviceValue": 41, "DeviceString": "33", "TimeStamp": "2222-02-02T10:05:27.0000000+00:00", "$type": "RecordData"}
[19:22:38 VRB] Recording {"DeviceRefId": 35673, "DeviceValue": 42, "DeviceString": "33", "TimeStamp": "2222-02-02T10:05:32.0000000+00:00", "$type": "RecordData"}
[19:22:38 VRB] Adding to database: {"DeviceRefId": 35673, "DeviceValue": 42, "DeviceString": "33", "TimeStamp": "2222-02-02T10:05:32.0000000+00:00", "$type": "RecordData"}
[19:22:38 VRB] Recording {"DeviceRefId": 35673, "DeviceValue": 43, "DeviceString": "33", "TimeStamp": "2222-02-02T10:05:37.0000000+00:00", "$type": "RecordData"}
[19:22:38 VRB] Adding to database: {"DeviceRefId": 35673, "DeviceValue": 43, "DeviceString": "33", "TimeStamp": "2222-02-02T10:05:37.0000000+00:00", "$type": "RecordData"}
[19:22:38 VRB] Recording {"DeviceRefId": 35673, "DeviceValue": 44, "DeviceString": "33", "TimeStamp": "2222-02-02T10:05:42.0000000+00:00", "$type": "RecordData"}
[19:22:38 VRB] Adding to database: {"DeviceRefId": 35673, "DeviceValue": 44, "DeviceString": "33", "TimeStamp": "2222-02-02T10:05:42.0000000+00:00", "$type": "RecordData"}
[19:22:38 VRB] Recording {"DeviceRefId": 35673, "DeviceValue": 45, "DeviceString": "33", "TimeStamp": "2222-02-02T10:05:47.0000000+00:00", "$type": "RecordData"}
[19:22:38 VRB] Adding to database: {"DeviceRefId": 35673, "DeviceValue": 45, "DeviceString": "33", "TimeStamp": "2222-02-02T10:05:47.0000000+00:00", "$type": "RecordData"}
[19:22:38 VRB] Recording {"DeviceRefId": 35673, "DeviceValue": 46, "DeviceString": "33", "TimeStamp": "2222-02-02T10:05:52.0000000+00:00", "$type": "RecordData"}
[19:22:38 VRB] Adding to database: {"DeviceRefId": 35673, "DeviceValue": 46, "DeviceString": "33", "TimeStamp": "2222-02-02T10:05:52.0000000+00:00", "$type": "RecordData"}
[19:22:38 VRB] Recording {"DeviceRefId": 35673, "DeviceValue": 47, "DeviceString": "33", "TimeStamp": "2222-02-02T10:05:57.0000000+00:00", "$type": "RecordData"}
[19:22:38 VRB] Adding to database: {"DeviceRefId": 35673, "DeviceValue": 47, "DeviceString": "33", "TimeStamp": "2222-02-02T10:05:57.0000000+00:00", "$type": "RecordData"}
[19:22:38 VRB] Recording {"DeviceRefId": 35673, "DeviceValue": 48, "DeviceString": "33", "TimeStamp": "2222-02-02T10:06:02.0000000+00:00", "$type": "RecordData"}
[19:22:38 VRB] Adding to database: {"DeviceRefId": 35673, "DeviceValue": 48, "DeviceString": "33", "TimeStamp": "2222-02-02T10:06:02.0000000+00:00", "$type": "RecordData"}
[19:22:38 VRB] Recording {"DeviceRefId": 35673, "DeviceValue": 49, "DeviceString": "33", "TimeStamp": "2222-02-02T10:06:07.0000000+00:00", "$type": "RecordData"}
[19:22:38 VRB] Adding to database: {"DeviceRefId": 35673, "DeviceValue": 49, "DeviceString": "33", "TimeStamp": "2222-02-02T10:06:07.0000000+00:00", "$type": "RecordData"}
[19:22:38 VRB] Recording {"DeviceRefId": 35673, "DeviceValue": 50, "DeviceString": "33", "TimeStamp": "2222-02-02T10:06:12.0000000+00:00", "$type": "RecordData"}
[19:22:38 VRB] Adding to database: {"DeviceRefId": 35673, "DeviceValue": 50, "DeviceString": "33", "TimeStamp": "2222-02-02T10:06:12.0000000+00:00", "$type": "RecordData"}
[19:22:38 VRB] Recording {"DeviceRefId": 35673, "DeviceValue": 51, "DeviceString": "33", "TimeStamp": "2222-02-02T10:06:17.0000000+00:00", "$type": "RecordData"}
[19:22:38 VRB] Adding to database: {"DeviceRefId": 35673, "DeviceValue": 51, "DeviceString": "33", "TimeStamp": "2222-02-02T10:06:17.0000000+00:00", "$type": "RecordData"}
[19:22:38 VRB] Recording {"DeviceRefId": 35673, "DeviceValue": 52, "DeviceString": "33", "TimeStamp": "2222-02-02T10:06:22.0000000+00:00", "$type": "RecordData"}
[19:22:38 VRB] Adding to database: {"DeviceRefId": 35673, "DeviceValue": 52, "DeviceString": "33", "TimeStamp": "2222-02-02T10:06:22.0000000+00:00", "$type": "RecordData"}
[19:22:38 VRB] Recording {"DeviceRefId": 35673, "DeviceValue": 53, "DeviceString": "33", "TimeStamp": "2222-02-02T10:06:27.0000000+00:00", "$type": "RecordData"}
[19:22:38 VRB] Adding to database: {"DeviceRefId": 35673, "DeviceValue": 53, "DeviceString": "33", "TimeStamp": "2222-02-02T10:06:27.0000000+00:00", "$type": "RecordData"}
[19:22:38 VRB] Recording {"DeviceRefId": 35673, "DeviceValue": 54, "DeviceString": "33", "TimeStamp": "2222-02-02T10:06:32.0000000+00:00", "$type": "RecordData"}
[19:22:38 VRB] Adding to database: {"DeviceRefId": 35673, "DeviceValue": 54, "DeviceString": "33", "TimeStamp": "2222-02-02T10:06:32.0000000+00:00", "$type": "RecordData"}
[19:22:38 VRB] Recording {"DeviceRefId": 35673, "DeviceValue": 55, "DeviceString": "33", "TimeStamp": "2222-02-02T10:06:37.0000000+00:00", "$type": "RecordData"}
[19:22:38 VRB] Adding to database: {"DeviceRefId": 35673, "DeviceValue": 55, "DeviceString": "33", "TimeStamp": "2222-02-02T10:06:37.0000000+00:00", "$type": "RecordData"}
[19:22:39 VRB] Recording {"DeviceRefId": 35673, "DeviceValue": 56, "DeviceString": "33", "TimeStamp": "2222-02-02T10:06:42.0000000+00:00", "$type": "RecordData"}
[19:22:39 VRB] Adding to database: {"DeviceRefId": 35673, "DeviceValue": 56, "DeviceString": "33", "TimeStamp": "2222-02-02T10:06:42.0000000+00:00", "$type": "RecordData"}
[19:22:39 VRB] Recording {"DeviceRefId": 35673, "DeviceValue": 57, "DeviceString": "33", "TimeStamp": "2222-02-02T10:06:47.0000000+00:00", "$type": "RecordData"}
[19:22:39 VRB] Adding to database: {"DeviceRefId": 35673, "DeviceValue": 57, "DeviceString": "33", "TimeStamp": "2222-02-02T10:06:47.0000000+00:00", "$type": "RecordData"}
[19:22:39 VRB] Recording {"DeviceRefId": 35673, "DeviceValue": 58, "DeviceString": "33", "TimeStamp": "2222-02-02T10:06:52.0000000+00:00", "$type": "RecordData"}
[19:22:39 VRB] Adding to database: {"DeviceRefId": 35673, "DeviceValue": 58, "DeviceString": "33", "TimeStamp": "2222-02-02T10:06:52.0000000+00:00", "$type": "RecordData"}
[19:22:39 VRB] Recording {"DeviceRefId": 35673, "DeviceValue": 59, "DeviceString": "33", "TimeStamp": "2222-02-02T10:06:57.0000000+00:00", "$type": "RecordData"}
[19:22:39 VRB] Adding to database: {"DeviceRefId": 35673, "DeviceValue": 59, "DeviceString": "33", "TimeStamp": "2222-02-02T10:06:57.0000000+00:00", "$type": "RecordData"}
[19:22:39 VRB] Recording {"DeviceRefId": 35673, "DeviceValue": 60, "DeviceString": "33", "TimeStamp": "2222-02-02T10:07:02.0000000+00:00", "$type": "RecordData"}
[19:22:39 VRB] Adding to database: {"DeviceRefId": 35673, "DeviceValue": 60, "DeviceString": "33", "TimeStamp": "2222-02-02T10:07:02.0000000+00:00", "$type": "RecordData"}
[19:22:39 VRB] Recording {"DeviceRefId": 35673, "DeviceValue": 61, "DeviceString": "33", "TimeStamp": "2222-02-02T10:07:07.0000000+00:00", "$type": "RecordData"}
[19:22:39 VRB] Adding to database: {"DeviceRefId": 35673, "DeviceValue": 61, "DeviceString": "33", "TimeStamp": "2222-02-02T10:07:07.0000000+00:00", "$type": "RecordData"}
[19:22:39 VRB] Recording {"DeviceRefId": 35673, "DeviceValue": 62, "DeviceString": "33", "TimeStamp": "2222-02-02T10:07:12.0000000+00:00", "$type": "RecordData"}
[19:22:39 VRB] Adding to database: {"DeviceRefId": 35673, "DeviceValue": 62, "DeviceString": "33", "TimeStamp": "2222-02-02T10:07:12.0000000+00:00", "$type": "RecordData"}
[19:22:39 VRB] Recording {"DeviceRefId": 35673, "DeviceValue": 63, "DeviceString": "33", "TimeStamp": "2222-02-02T10:07:17.0000000+00:00", "$type": "RecordData"}
[19:22:39 VRB] Adding to database: {"DeviceRefId": 35673, "DeviceValue": 63, "DeviceString": "33", "TimeStamp": "2222-02-02T10:07:17.0000000+00:00", "$type": "RecordData"}
[19:22:39 VRB] Recording {"DeviceRefId": 35673, "DeviceValue": 64, "DeviceString": "33", "TimeStamp": "2222-02-02T10:07:22.0000000+00:00", "$type": "RecordData"}
[19:22:39 VRB] Adding to database: {"DeviceRefId": 35673, "DeviceValue": 64, "DeviceString": "33", "TimeStamp": "2222-02-02T10:07:22.0000000+00:00", "$type": "RecordData"}
[19:22:39 VRB] Recording {"DeviceRefId": 35673, "DeviceValue": 65, "DeviceString": "33", "TimeStamp": "2222-02-02T10:07:27.0000000+00:00", "$type": "RecordData"}
[19:22:39 VRB] Adding to database: {"DeviceRefId": 35673, "DeviceValue": 65, "DeviceString": "33", "TimeStamp": "2222-02-02T10:07:27.0000000+00:00", "$type": "RecordData"}
[19:22:39 VRB] Recording {"DeviceRefId": 35673, "DeviceValue": 66, "DeviceString": "33", "TimeStamp": "2222-02-02T10:07:32.0000000+00:00", "$type": "RecordData"}
[19:22:39 VRB] Adding to database: {"DeviceRefId": 35673, "DeviceValue": 66, "DeviceString": "33", "TimeStamp": "2222-02-02T10:07:32.0000000+00:00", "$type": "RecordData"}
[19:22:39 VRB] Recording {"DeviceRefId": 35673, "DeviceValue": 67, "DeviceString": "33", "TimeStamp": "2222-02-02T10:07:37.0000000+00:00", "$type": "RecordData"}
[19:22:39 VRB] Adding to database: {"DeviceRefId": 35673, "DeviceValue": 67, "DeviceString": "33", "TimeStamp": "2222-02-02T10:07:37.0000000+00:00", "$type": "RecordData"}
[19:22:39 VRB] Recording {"DeviceRefId": 35673, "DeviceValue": 68, "DeviceString": "33", "TimeStamp": "2222-02-02T10:07:42.0000000+00:00", "$type": "RecordData"}
[19:22:39 VRB] Adding to database: {"DeviceRefId": 35673, "DeviceValue": 68, "DeviceString": "33", "TimeStamp": "2222-02-02T10:07:42.0000000+00:00", "$type": "RecordData"}
[19:22:39 VRB] Recording {"DeviceRefId": 35673, "DeviceValue": 69, "DeviceString": "33", "TimeStamp": "2222-02-02T10:07:47.0000000+00:00", "$type": "RecordData"}
[19:22:39 VRB] Adding to database: {"DeviceRefId": 35673, "DeviceValue": 69, "DeviceString": "33", "TimeStamp": "2222-02-02T10:07:47.0000000+00:00", "$type": "RecordData"}
[19:22:39 VRB] Recording {"DeviceRefId": 35673, "DeviceValue": 70, "DeviceString": "33", "TimeStamp": "2222-02-02T10:07:52.0000000+00:00", "$type": "RecordData"}
[19:22:39 VRB] Adding to database: {"DeviceRefId": 35673, "DeviceValue": 70, "DeviceString": "33", "TimeStamp": "2222-02-02T10:07:52.0000000+00:00", "$type": "RecordData"}
[19:22:39 VRB] Recording {"DeviceRefId": 35673, "DeviceValue": 71, "DeviceString": "33", "TimeStamp": "2222-02-02T10:07:57.0000000+00:00", "$type": "RecordData"}
[19:22:39 VRB] Adding to database: {"DeviceRefId": 35673, "DeviceValue": 71, "DeviceString": "33", "TimeStamp": "2222-02-02T10:07:57.0000000+00:00", "$type": "RecordData"}
[19:22:39 VRB] Recording {"DeviceRefId": 35673, "DeviceValue": 72, "DeviceString": "33", "TimeStamp": "2222-02-02T10:08:02.0000000+00:00", "$type": "RecordData"}
[19:22:39 VRB] Adding to database: {"DeviceRefId": 35673, "DeviceValue": 72, "DeviceString": "33", "TimeStamp": "2222-02-02T10:08:02.0000000+00:00", "$type": "RecordData"}
[19:22:39 VRB] Recording {"DeviceRefId": 35673, "DeviceValue": 73, "DeviceString": "33", "TimeStamp": "2222-02-02T10:08:07.0000000+00:00", "$type": "RecordData"}
[19:22:39 VRB] Adding to database: {"DeviceRefId": 35673, "DeviceValue": 73, "DeviceString": "33", "TimeStamp": "2222-02-02T10:08:07.0000000+00:00", "$type": "RecordData"}
[19:22:39 VRB] Recording {"DeviceRefId": 35673, "DeviceValue": 74, "DeviceString": "33", "TimeStamp": "2222-02-02T10:08:12.0000000+00:00", "$type": "RecordData"}
[19:22:39 VRB] Adding to database: {"DeviceRefId": 35673, "DeviceValue": 74, "DeviceString": "33", "TimeStamp": "2222-02-02T10:08:12.0000000+00:00", "$type": "RecordData"}
[19:22:39 VRB] Recording {"DeviceRefId": 35673, "DeviceValue": 75, "DeviceString": "33", "TimeStamp": "2222-02-02T10:08:17.0000000+00:00", "$type": "RecordData"}
[19:22:39 VRB] Adding to database: {"DeviceRefId": 35673, "DeviceValue": 75, "DeviceString": "33", "TimeStamp": "2222-02-02T10:08:17.0000000+00:00", "$type": "RecordData"}
[19:22:39 VRB] Recording {"DeviceRefId": 35673, "DeviceValue": 76, "DeviceString": "33", "TimeStamp": "2222-02-02T10:08:22.0000000+00:00", "$type": "RecordData"}
[19:22:39 VRB] Adding to database: {"DeviceRefId": 35673, "DeviceValue": 76, "DeviceString": "33", "TimeStamp": "2222-02-02T10:08:22.0000000+00:00", "$type": "RecordData"}
[19:22:39 VRB] Recording {"DeviceRefId": 35673, "DeviceValue": 77, "DeviceString": "33", "TimeStamp": "2222-02-02T10:08:27.0000000+00:00", "$type": "RecordData"}
[19:22:39 VRB] Adding to database: {"DeviceRefId": 35673, "DeviceValue": 77, "DeviceString": "33", "TimeStamp": "2222-02-02T10:08:27.0000000+00:00", "$type": "RecordData"}
[19:22:39 VRB] Recording {"DeviceRefId": 35673, "DeviceValue": 78, "DeviceString": "33", "TimeStamp": "2222-02-02T10:08:32.0000000+00:00", "$type": "RecordData"}
[19:22:39 VRB] Adding to database: {"DeviceRefId": 35673, "DeviceValue": 78, "DeviceString": "33", "TimeStamp": "2222-02-02T10:08:32.0000000+00:00", "$type": "RecordData"}
[19:22:39 VRB] Recording {"DeviceRefId": 35673, "DeviceValue": 79, "DeviceString": "33", "TimeStamp": "2222-02-02T10:08:37.0000000+00:00", "$type": "RecordData"}
[19:22:39 VRB] Adding to database: {"DeviceRefId": 35673, "DeviceValue": 79, "DeviceString": "33", "TimeStamp": "2222-02-02T10:08:37.0000000+00:00", "$type": "RecordData"}
[19:22:39 VRB] Recording {"DeviceRefId": 35673, "DeviceValue": 80, "DeviceString": "33", "TimeStamp": "2222-02-02T10:08:42.0000000+00:00", "$type": "RecordData"}
[19:22:39 VRB] Adding to database: {"DeviceRefId": 35673, "DeviceValue": 80, "DeviceString": "33", "TimeStamp": "2222-02-02T10:08:42.0000000+00:00", "$type": "RecordData"}
[19:22:39 VRB] Recording {"DeviceRefId": 35673, "DeviceValue": 81, "DeviceString": "33", "TimeStamp": "2222-02-02T10:08:47.0000000+00:00", "$type": "RecordData"}
[19:22:39 VRB] Adding to database: {"DeviceRefId": 35673, "DeviceValue": 81, "DeviceString": "33", "TimeStamp": "2222-02-02T10:08:47.0000000+00:00", "$type": "RecordData"}
[19:22:39 VRB] Recording {"DeviceRefId": 35673, "DeviceValue": 82, "DeviceString": "33", "TimeStamp": "2222-02-02T10:08:52.0000000+00:00", "$type": "RecordData"}
[19:22:39 VRB] Adding to database: {"DeviceRefId": 35673, "DeviceValue": 82, "DeviceString": "33", "TimeStamp": "2222-02-02T10:08:52.0000000+00:00", "$type": "RecordData"}
[19:22:39 VRB] Recording {"DeviceRefId": 35673, "DeviceValue": 83, "DeviceString": "33", "TimeStamp": "2222-02-02T10:08:57.0000000+00:00", "$type": "RecordData"}
[19:22:39 VRB] Adding to database: {"DeviceRefId": 35673, "DeviceValue": 83, "DeviceString": "33", "TimeStamp": "2222-02-02T10:08:57.0000000+00:00", "$type": "RecordData"}
[19:22:39 VRB] Recording {"DeviceRefId": 35673, "DeviceValue": 84, "DeviceString": "33", "TimeStamp": "2222-02-02T10:09:02.0000000+00:00", "$type": "RecordData"}
[19:22:39 VRB] Adding to database: {"DeviceRefId": 35673, "DeviceValue": 84, "DeviceString": "33", "TimeStamp": "2222-02-02T10:09:02.0000000+00:00", "$type": "RecordData"}
[19:22:39 VRB] Recording {"DeviceRefId": 35673, "DeviceValue": 85, "DeviceString": "33", "TimeStamp": "2222-02-02T10:09:07.0000000+00:00", "$type": "RecordData"}
[19:22:39 VRB] Adding to database: {"DeviceRefId": 35673, "DeviceValue": 85, "DeviceString": "33", "TimeStamp": "2222-02-02T10:09:07.0000000+00:00", "$type": "RecordData"}
[19:22:39 VRB] Recording {"DeviceRefId": 35673, "DeviceValue": 86, "DeviceString": "33", "TimeStamp": "2222-02-02T10:09:12.0000000+00:00", "$type": "RecordData"}
[19:22:39 VRB] Adding to database: {"DeviceRefId": 35673, "DeviceValue": 86, "DeviceString": "33", "TimeStamp": "2222-02-02T10:09:12.0000000+00:00", "$type": "RecordData"}
[19:22:39 VRB] Recording {"DeviceRefId": 35673, "DeviceValue": 87, "DeviceString": "33", "TimeStamp": "2222-02-02T10:09:17.0000000+00:00", "$type": "RecordData"}
[19:22:39 VRB] Adding to database: {"DeviceRefId": 35673, "DeviceValue": 87, "DeviceString": "33", "TimeStamp": "2222-02-02T10:09:17.0000000+00:00", "$type": "RecordData"}
[19:22:39 VRB] Recording {"DeviceRefId": 35673, "DeviceValue": 88, "DeviceString": "33", "TimeStamp": "2222-02-02T10:09:22.0000000+00:00", "$type": "RecordData"}
[19:22:39 VRB] Adding to database: {"DeviceRefId": 35673, "DeviceValue": 88, "DeviceString": "33", "TimeStamp": "2222-02-02T10:09:22.0000000+00:00", "$type": "RecordData"}
[19:22:39 VRB] Recording {"DeviceRefId": 35673, "DeviceValue": 89, "DeviceString": "33", "TimeStamp": "2222-02-02T10:09:27.0000000+00:00", "$type": "RecordData"}
[19:22:39 VRB] Adding to database: {"DeviceRefId": 35673, "DeviceValue": 89, "DeviceString": "33", "TimeStamp": "2222-02-02T10:09:27.0000000+00:00", "$type": "RecordData"}
[19:22:39 VRB] Recording {"DeviceRefId": 35673, "DeviceValue": 90, "DeviceString": "33", "TimeStamp": "2222-02-02T10:09:32.0000000+00:00", "$type": "RecordData"}
[19:22:39 VRB] Adding to database: {"DeviceRefId": 35673, "DeviceValue": 90, "DeviceString": "33", "TimeStamp": "2222-02-02T10:09:32.0000000+00:00", "$type": "RecordData"}
[19:22:39 VRB] Recording {"DeviceRefId": 35673, "DeviceValue": 91, "DeviceString": "33", "TimeStamp": "2222-02-02T10:09:37.0000000+00:00", "$type": "RecordData"}
[19:22:39 VRB] Adding to database: {"DeviceRefId": 35673, "DeviceValue": 91, "DeviceString": "33", "TimeStamp": "2222-02-02T10:09:37.0000000+00:00", "$type": "RecordData"}
[19:22:39 VRB] Recording {"DeviceRefId": 35673, "DeviceValue": 92, "DeviceString": "33", "TimeStamp": "2222-02-02T10:09:42.0000000+00:00", "$type": "RecordData"}
[19:22:39 VRB] Adding to database: {"DeviceRefId": 35673, "DeviceValue": 92, "DeviceString": "33", "TimeStamp": "2222-02-02T10:09:42.0000000+00:00", "$type": "RecordData"}
[19:22:39 VRB] Recording {"DeviceRefId": 35673, "DeviceValue": 93, "DeviceString": "33", "TimeStamp": "2222-02-02T10:09:47.0000000+00:00", "$type": "RecordData"}
[19:22:39 VRB] Adding to database: {"DeviceRefId": 35673, "DeviceValue": 93, "DeviceString": "33", "TimeStamp": "2222-02-02T10:09:47.0000000+00:00", "$type": "RecordData"}
[19:22:39 VRB] Recording {"DeviceRefId": 35673, "DeviceValue": 94, "DeviceString": "33", "TimeStamp": "2222-02-02T10:09:52.0000000+00:00", "$type": "RecordData"}
[19:22:39 VRB] Adding to database: {"DeviceRefId": 35673, "DeviceValue": 94, "DeviceString": "33", "TimeStamp": "2222-02-02T10:09:52.0000000+00:00", "$type": "RecordData"}
[19:22:39 VRB] Recording {"DeviceRefId": 35673, "DeviceValue": 95, "DeviceString": "33", "TimeStamp": "2222-02-02T10:09:57.0000000+00:00", "$type": "RecordData"}
[19:22:39 VRB] Adding to database: {"DeviceRefId": 35673, "DeviceValue": 95, "DeviceString": "33", "TimeStamp": "2222-02-02T10:09:57.0000000+00:00", "$type": "RecordData"}
[19:22:39 VRB] Recording {"DeviceRefId": 35673, "DeviceValue": 96, "DeviceString": "33", "TimeStamp": "2222-02-02T10:10:02.0000000+00:00", "$type": "RecordData"}
[19:22:39 VRB] Adding to database: {"DeviceRefId": 35673, "DeviceValue": 96, "DeviceString": "33", "TimeStamp": "2222-02-02T10:10:02.0000000+00:00", "$type": "RecordData"}
[19:22:39 VRB] Recording {"DeviceRefId": 35673, "DeviceValue": 97, "DeviceString": "33", "TimeStamp": "2222-02-02T10:10:07.0000000+00:00", "$type": "RecordData"}
[19:22:39 VRB] Adding to database: {"DeviceRefId": 35673, "DeviceValue": 97, "DeviceString": "33", "TimeStamp": "2222-02-02T10:10:07.0000000+00:00", "$type": "RecordData"}
[19:22:39 VRB] Recording {"DeviceRefId": 35673, "DeviceValue": 98, "DeviceString": "33", "TimeStamp": "2222-02-02T10:10:12.0000000+00:00", "$type": "RecordData"}
[19:22:39 VRB] Adding to database: {"DeviceRefId": 35673, "DeviceValue": 98, "DeviceString": "33", "TimeStamp": "2222-02-02T10:10:12.0000000+00:00", "$type": "RecordData"}
[19:22:39 VRB] Recording {"DeviceRefId": 35673, "DeviceValue": 99, "DeviceString": "33", "TimeStamp": "2222-02-02T10:10:17.0000000+00:00", "$type": "RecordData"}
[19:22:39 VRB] Adding to database: {"DeviceRefId": 35673, "DeviceValue": 99, "DeviceString": "33", "TimeStamp": "2222-02-02T10:10:17.0000000+00:00", "$type": "RecordData"}
[19:22:39 DBG] PostBackProc for graphrecords for { refId:35673, min:7955143322000, max:7955143817000, fill:0, points:495000}
Disconnecting from HomeSeer...
[19:22:39 INF] Shutting down
[19:22:39 DBG] Disposing Sqlite connection
[19:22:39 DBG] Finish records update thread
</system-out>
    </testcase>
    <testcase name="GetRecordsWithUpscaling(Linear)" assertions="1098" time="1.547645" status="Passed" classname="HSPI_HistoricalRecordsTest.GraphCallbacksTest">
      <system-out>[19:22:39 INF] Plugin Starting
[19:22:39 INF] e_sqlite3 version:3.44.0
[19:22:39 INF] Connecting to database: C:\Users\Deepak\AppData\Local\Temp\kibyrjg1.n4r\data\HistoricalRecords\records.db
[19:22:39 DBG] Starting records update thread
[19:22:39 DBG] Starting RecordAllDevices
[19:22:39 VRB] Recording {"DeviceRefId": 35673, "DeviceValue": 1.1, "DeviceString": "1.1", "TimeStamp": "2222-02-02T10:02:02.0000000+00:00", "$type": "RecordData"}
[19:22:39 VRB] Adding to database: {"DeviceRefId": 35673, "DeviceValue": 1.1, "DeviceString": "1.1", "TimeStamp": "2222-02-02T10:02:02.0000000+00:00", "$type": "RecordData"}
[19:22:39 DBG] Finished RecordAllDevices
[19:22:39 INF] Plugin Started
[19:22:39 INF] Deleting All Records for (35673)
[19:22:39 INF] Removed 1 row(s) for device:35673 in database
[19:22:39 VRB] Recording {"DeviceRefId": 35673, "DeviceValue": 0, "DeviceString": "33", "TimeStamp": "2222-02-02T10:02:02.0000000+00:00", "$type": "RecordData"}
[19:22:39 VRB] Adding to database: {"DeviceRefId": 35673, "DeviceValue": 0, "DeviceString": "33", "TimeStamp": "2222-02-02T10:02:02.0000000+00:00", "$type": "RecordData"}
[19:22:39 INF] Starting maintaining database
[19:22:39 DBG] Start Pruning older records
[19:22:39 DBG] Finished pruning older records
[19:22:39 INF] Finished maintaining database
[19:22:39 VRB] Recording {"DeviceRefId": 35673, "DeviceValue": 1, "DeviceString": "33", "TimeStamp": "2222-02-02T10:02:07.0000000+00:00", "$type": "RecordData"}
[19:22:39 VRB] Adding to database: {"DeviceRefId": 35673, "DeviceValue": 1, "DeviceString": "33", "TimeStamp": "2222-02-02T10:02:07.0000000+00:00", "$type": "RecordData"}
[19:22:39 VRB] Recording {"DeviceRefId": 35673, "DeviceValue": 2, "DeviceString": "33", "TimeStamp": "2222-02-02T10:02:12.0000000+00:00", "$type": "RecordData"}
[19:22:39 VRB] Adding to database: {"DeviceRefId": 35673, "DeviceValue": 2, "DeviceString": "33", "TimeStamp": "2222-02-02T10:02:12.0000000+00:00", "$type": "RecordData"}
[19:22:39 VRB] Recording {"DeviceRefId": 35673, "DeviceValue": 3, "DeviceString": "33", "TimeStamp": "2222-02-02T10:02:17.0000000+00:00", "$type": "RecordData"}
[19:22:39 VRB] Adding to database: {"DeviceRefId": 35673, "DeviceValue": 3, "DeviceString": "33", "TimeStamp": "2222-02-02T10:02:17.0000000+00:00", "$type": "RecordData"}
[19:22:39 VRB] Recording {"DeviceRefId": 35673, "DeviceValue": 4, "DeviceString": "33", "TimeStamp": "2222-02-02T10:02:22.0000000+00:00", "$type": "RecordData"}
[19:22:39 VRB] Adding to database: {"DeviceRefId": 35673, "DeviceValue": 4, "DeviceString": "33", "TimeStamp": "2222-02-02T10:02:22.0000000+00:00", "$type": "RecordData"}
[19:22:39 VRB] Recording {"DeviceRefId": 35673, "DeviceValue": 5, "DeviceString": "33", "TimeStamp": "2222-02-02T10:02:27.0000000+00:00", "$type": "RecordData"}
[19:22:39 VRB] Adding to database: {"DeviceRefId": 35673, "DeviceValue": 5, "DeviceString": "33", "TimeStamp": "2222-02-02T10:02:27.0000000+00:00", "$type": "RecordData"}
[19:22:39 VRB] Recording {"DeviceRefId": 35673, "DeviceValue": 6, "DeviceString": "33", "TimeStamp": "2222-02-02T10:02:32.0000000+00:00", "$type": "RecordData"}
[19:22:39 VRB] Adding to database: {"DeviceRefId": 35673, "DeviceValue": 6, "DeviceString": "33", "TimeStamp": "2222-02-02T10:02:32.0000000+00:00", "$type": "RecordData"}
[19:22:39 VRB] Recording {"DeviceRefId": 35673, "DeviceValue": 7, "DeviceString": "33", "TimeStamp": "2222-02-02T10:02:37.0000000+00:00", "$type": "RecordData"}
[19:22:39 VRB] Adding to database: {"DeviceRefId": 35673, "DeviceValue": 7, "DeviceString": "33", "TimeStamp": "2222-02-02T10:02:37.0000000+00:00", "$type": "RecordData"}
[19:22:39 VRB] Recording {"DeviceRefId": 35673, "DeviceValue": 8, "DeviceString": "33", "TimeStamp": "2222-02-02T10:02:42.0000000+00:00", "$type": "RecordData"}
[19:22:39 VRB] Adding to database: {"DeviceRefId": 35673, "DeviceValue": 8, "DeviceString": "33", "TimeStamp": "2222-02-02T10:02:42.0000000+00:00", "$type": "RecordData"}
[19:22:39 VRB] Recording {"DeviceRefId": 35673, "DeviceValue": 9, "DeviceString": "33", "TimeStamp": "2222-02-02T10:02:47.0000000+00:00", "$type": "RecordData"}
[19:22:39 VRB] Adding to database: {"DeviceRefId": 35673, "DeviceValue": 9, "DeviceString": "33", "TimeStamp": "2222-02-02T10:02:47.0000000+00:00", "$type": "RecordData"}
[19:22:39 VRB] Recording {"DeviceRefId": 35673, "DeviceValue": 10, "DeviceString": "33", "TimeStamp": "2222-02-02T10:02:52.0000000+00:00", "$type": "RecordData"}
[19:22:39 VRB] Adding to database: {"DeviceRefId": 35673, "DeviceValue": 10, "DeviceString": "33", "TimeStamp": "2222-02-02T10:02:52.0000000+00:00", "$type": "RecordData"}
[19:22:39 VRB] Recording {"DeviceRefId": 35673, "DeviceValue": 11, "DeviceString": "33", "TimeStamp": "2222-02-02T10:02:57.0000000+00:00", "$type": "RecordData"}
[19:22:39 VRB] Adding to database: {"DeviceRefId": 35673, "DeviceValue": 11, "DeviceString": "33", "TimeStamp": "2222-02-02T10:02:57.0000000+00:00", "$type": "RecordData"}
[19:22:39 VRB] Recording {"DeviceRefId": 35673, "DeviceValue": 12, "DeviceString": "33", "TimeStamp": "2222-02-02T10:03:02.0000000+00:00", "$type": "RecordData"}
[19:22:39 VRB] Adding to database: {"DeviceRefId": 35673, "DeviceValue": 12, "DeviceString": "33", "TimeStamp": "2222-02-02T10:03:02.0000000+00:00", "$type": "RecordData"}
[19:22:39 VRB] Recording {"DeviceRefId": 35673, "DeviceValue": 13, "DeviceString": "33", "TimeStamp": "2222-02-02T10:03:07.0000000+00:00", "$type": "RecordData"}
[19:22:39 VRB] Adding to database: {"DeviceRefId": 35673, "DeviceValue": 13, "DeviceString": "33", "TimeStamp": "2222-02-02T10:03:07.0000000+00:00", "$type": "RecordData"}
[19:22:39 VRB] Recording {"DeviceRefId": 35673, "DeviceValue": 14, "DeviceString": "33", "TimeStamp": "2222-02-02T10:03:12.0000000+00:00", "$type": "RecordData"}
[19:22:39 VRB] Adding to database: {"DeviceRefId": 35673, "DeviceValue": 14, "DeviceString": "33", "TimeStamp": "2222-02-02T10:03:12.0000000+00:00", "$type": "RecordData"}
[19:22:39 VRB] Recording {"DeviceRefId": 35673, "DeviceValue": 15, "DeviceString": "33", "TimeStamp": "2222-02-02T10:03:17.0000000+00:00", "$type": "RecordData"}
[19:22:39 VRB] Adding to database: {"DeviceRefId": 35673, "DeviceValue": 15, "DeviceString": "33", "TimeStamp": "2222-02-02T10:03:17.0000000+00:00", "$type": "RecordData"}
[19:22:39 VRB] Recording {"DeviceRefId": 35673, "DeviceValue": 16, "DeviceString": "33", "TimeStamp": "2222-02-02T10:03:22.0000000+00:00", "$type": "RecordData"}
[19:22:39 VRB] Adding to database: {"DeviceRefId": 35673, "DeviceValue": 16, "DeviceString": "33", "TimeStamp": "2222-02-02T10:03:22.0000000+00:00", "$type": "RecordData"}
[19:22:39 VRB] Recording {"DeviceRefId": 35673, "DeviceValue": 17, "DeviceString": "33", "TimeStamp": "2222-02-02T10:03:27.0000000+00:00", "$type": "RecordData"}
[19:22:39 VRB] Adding to database: {"DeviceRefId": 35673, "DeviceValue": 17, "DeviceString": "33", "TimeStamp": "2222-02-02T10:03:27.0000000+00:00", "$type": "RecordData"}
[19:22:39 VRB] Recording {"DeviceRefId": 35673, "DeviceValue": 18, "DeviceString": "33", "TimeStamp": "2222-02-02T10:03:32.0000000+00:00", "$type": "RecordData"}
[19:22:39 VRB] Adding to database: {"DeviceRefId": 35673, "DeviceValue": 18, "DeviceString": "33", "TimeStamp": "2222-02-02T10:03:32.0000000+00:00", "$type": "RecordData"}
[19:22:40 VRB] Recording {"DeviceRefId": 35673, "DeviceValue": 19, "DeviceString": "33", "TimeStamp": "2222-02-02T10:03:37.0000000+00:00", "$type": "RecordData"}
[19:22:40 VRB] Adding to database: {"DeviceRefId": 35673, "DeviceValue": 19, "DeviceString": "33", "TimeStamp": "2222-02-02T10:03:37.0000000+00:00", "$type": "RecordData"}
[19:22:40 VRB] Recording {"DeviceRefId": 35673, "DeviceValue": 20, "DeviceString": "33", "TimeStamp": "2222-02-02T10:03:42.0000000+00:00", "$type": "RecordData"}
[19:22:40 VRB] Adding to database: {"DeviceRefId": 35673, "DeviceValue": 20, "DeviceString": "33", "TimeStamp": "2222-02-02T10:03:42.0000000+00:00", "$type": "RecordData"}
[19:22:40 VRB] Recording {"DeviceRefId": 35673, "DeviceValue": 21, "DeviceString": "33", "TimeStamp": "2222-02-02T10:03:47.0000000+00:00", "$type": "RecordData"}
[19:22:40 VRB] Adding to database: {"DeviceRefId": 35673, "DeviceValue": 21, "DeviceString": "33", "TimeStamp": "2222-02-02T10:03:47.0000000+00:00", "$type": "RecordData"}
[19:22:40 VRB] Recording {"DeviceRefId": 35673, "DeviceValue": 22, "DeviceString": "33", "TimeStamp": "2222-02-02T10:03:52.0000000+00:00", "$type": "RecordData"}
[19:22:40 VRB] Adding to database: {"DeviceRefId": 35673, "DeviceValue": 22, "DeviceString": "33", "TimeStamp": "2222-02-02T10:03:52.0000000+00:00", "$type": "RecordData"}
[19:22:40 VRB] Recording {"DeviceRefId": 35673, "DeviceValue": 23, "DeviceString": "33", "TimeStamp": "2222-02-02T10:03:57.0000000+00:00", "$type": "RecordData"}
[19:22:40 VRB] Adding to database: {"DeviceRefId": 35673, "DeviceValue": 23, "DeviceString": "33", "TimeStamp": "2222-02-02T10:03:57.0000000+00:00", "$type": "RecordData"}
[19:22:40 VRB] Recording {"DeviceRefId": 35673, "DeviceValue": 24, "DeviceString": "33", "TimeStamp": "2222-02-02T10:04:02.0000000+00:00", "$type": "RecordData"}
[19:22:40 VRB] Adding to database: {"DeviceRefId": 35673, "DeviceValue": 24, "DeviceString": "33", "TimeStamp": "2222-02-02T10:04:02.0000000+00:00", "$type": "RecordData"}
[19:22:40 VRB] Recording {"DeviceRefId": 35673, "DeviceValue": 25, "DeviceString": "33", "TimeStamp": "2222-02-02T10:04:07.0000000+00:00", "$type": "RecordData"}
[19:22:40 VRB] Adding to database: {"DeviceRefId": 35673, "DeviceValue": 25, "DeviceString": "33", "TimeStamp": "2222-02-02T10:04:07.0000000+00:00", "$type": "RecordData"}
[19:22:40 VRB] Recording {"DeviceRefId": 35673, "DeviceValue": 26, "DeviceString": "33", "TimeStamp": "2222-02-02T10:04:12.0000000+00:00", "$type": "RecordData"}
[19:22:40 VRB] Adding to database: {"DeviceRefId": 35673, "DeviceValue": 26, "DeviceString": "33", "TimeStamp": "2222-02-02T10:04:12.0000000+00:00", "$type": "RecordData"}
[19:22:40 VRB] Recording {"DeviceRefId": 35673, "DeviceValue": 27, "DeviceString": "33", "TimeStamp": "2222-02-02T10:04:17.0000000+00:00", "$type": "RecordData"}
[19:22:40 VRB] Adding to database: {"DeviceRefId": 35673, "DeviceValue": 27, "DeviceString": "33", "TimeStamp": "2222-02-02T10:04:17.0000000+00:00", "$type": "RecordData"}
[19:22:40 VRB] Recording {"DeviceRefId": 35673, "DeviceValue": 28, "DeviceString": "33", "TimeStamp": "2222-02-02T10:04:22.0000000+00:00", "$type": "RecordData"}
[19:22:40 VRB] Adding to database: {"DeviceRefId": 35673, "DeviceValue": 28, "DeviceString": "33", "TimeStamp": "2222-02-02T10:04:22.0000000+00:00", "$type": "RecordData"}
[19:22:40 VRB] Recording {"DeviceRefId": 35673, "DeviceValue": 29, "DeviceString": "33", "TimeStamp": "2222-02-02T10:04:27.0000000+00:00", "$type": "RecordData"}
[19:22:40 VRB] Adding to database: {"DeviceRefId": 35673, "DeviceValue": 29, "DeviceString": "33", "TimeStamp": "2222-02-02T10:04:27.0000000+00:00", "$type": "RecordData"}
[19:22:40 VRB] Recording {"DeviceRefId": 35673, "DeviceValue": 30, "DeviceString": "33", "TimeStamp": "2222-02-02T10:04:32.0000000+00:00", "$type": "RecordData"}
[19:22:40 VRB] Adding to database: {"DeviceRefId": 35673, "DeviceValue": 30, "DeviceString": "33", "TimeStamp": "2222-02-02T10:04:32.0000000+00:00", "$type": "RecordData"}
[19:22:40 VRB] Recording {"DeviceRefId": 35673, "DeviceValue": 31, "DeviceString": "33", "TimeStamp": "2222-02-02T10:04:37.0000000+00:00", "$type": "RecordData"}
[19:22:40 VRB] Adding to database: {"DeviceRefId": 35673, "DeviceValue": 31, "DeviceString": "33", "TimeStamp": "2222-02-02T10:04:37.0000000+00:00", "$type": "RecordData"}
[19:22:40 VRB] Recording {"DeviceRefId": 35673, "DeviceValue": 32, "DeviceString": "33", "TimeStamp": "2222-02-02T10:04:42.0000000+00:00", "$type": "RecordData"}
[19:22:40 VRB] Adding to database: {"DeviceRefId": 35673, "DeviceValue": 32, "DeviceString": "33", "TimeStamp": "2222-02-02T10:04:42.0000000+00:00", "$type": "RecordData"}
[19:22:40 VRB] Recording {"DeviceRefId": 35673, "DeviceValue": 33, "DeviceString": "33", "TimeStamp": "2222-02-02T10:04:47.0000000+00:00", "$type": "RecordData"}
[19:22:40 VRB] Adding to database: {"DeviceRefId": 35673, "DeviceValue": 33, "DeviceString": "33", "TimeStamp": "2222-02-02T10:04:47.0000000+00:00", "$type": "RecordData"}
[19:22:40 VRB] Recording {"DeviceRefId": 35673, "DeviceValue": 34, "DeviceString": "33", "TimeStamp": "2222-02-02T10:04:52.0000000+00:00", "$type": "RecordData"}
[19:22:40 VRB] Adding to database: {"DeviceRefId": 35673, "DeviceValue": 34, "DeviceString": "33", "TimeStamp": "2222-02-02T10:04:52.0000000+00:00", "$type": "RecordData"}
[19:22:40 VRB] Recording {"DeviceRefId": 35673, "DeviceValue": 35, "DeviceString": "33", "TimeStamp": "2222-02-02T10:04:57.0000000+00:00", "$type": "RecordData"}
[19:22:40 VRB] Adding to database: {"DeviceRefId": 35673, "DeviceValue": 35, "DeviceString": "33", "TimeStamp": "2222-02-02T10:04:57.0000000+00:00", "$type": "RecordData"}
[19:22:40 VRB] Recording {"DeviceRefId": 35673, "DeviceValue": 36, "DeviceString": "33", "TimeStamp": "2222-02-02T10:05:02.0000000+00:00", "$type": "RecordData"}
[19:22:40 VRB] Adding to database: {"DeviceRefId": 35673, "DeviceValue": 36, "DeviceString": "33", "TimeStamp": "2222-02-02T10:05:02.0000000+00:00", "$type": "RecordData"}
[19:22:40 VRB] Recording {"DeviceRefId": 35673, "DeviceValue": 37, "DeviceString": "33", "TimeStamp": "2222-02-02T10:05:07.0000000+00:00", "$type": "RecordData"}
[19:22:40 VRB] Adding to database: {"DeviceRefId": 35673, "DeviceValue": 37, "DeviceString": "33", "TimeStamp": "2222-02-02T10:05:07.0000000+00:00", "$type": "RecordData"}
[19:22:40 VRB] Recording {"DeviceRefId": 35673, "DeviceValue": 38, "DeviceString": "33", "TimeStamp": "2222-02-02T10:05:12.0000000+00:00", "$type": "RecordData"}
[19:22:40 VRB] Adding to database: {"DeviceRefId": 35673, "DeviceValue": 38, "DeviceString": "33", "TimeStamp": "2222-02-02T10:05:12.0000000+00:00", "$type": "RecordData"}
[19:22:40 VRB] Recording {"DeviceRefId": 35673, "DeviceValue": 39, "DeviceString": "33", "TimeStamp": "2222-02-02T10:05:17.0000000+00:00", "$type": "RecordData"}
[19:22:40 VRB] Adding to database: {"DeviceRefId": 35673, "DeviceValue": 39, "DeviceString": "33", "TimeStamp": "2222-02-02T10:05:17.0000000+00:00", "$type": "RecordData"}
[19:22:40 VRB] Recording {"DeviceRefId": 35673, "DeviceValue": 40, "DeviceString": "33", "TimeStamp": "2222-02-02T10:05:22.0000000+00:00", "$type": "RecordData"}
[19:22:40 VRB] Adding to database: {"DeviceRefId": 35673, "DeviceValue": 40, "DeviceString": "33", "TimeStamp": "2222-02-02T10:05:22.0000000+00:00", "$type": "RecordData"}
[19:22:40 VRB] Recording {"DeviceRefId": 35673, "DeviceValue": 41, "DeviceString": "33", "TimeStamp": "2222-02-02T10:05:27.0000000+00:00", "$type": "RecordData"}
[19:22:40 VRB] Adding to database: {"DeviceRefId": 35673, "DeviceValue": 41, "DeviceString": "33", "TimeStamp": "2222-02-02T10:05:27.0000000+00:00", "$type": "RecordData"}
[19:22:40 VRB] Recording {"DeviceRefId": 35673, "DeviceValue": 42, "DeviceString": "33", "TimeStamp": "2222-02-02T10:05:32.0000000+00:00", "$type": "RecordData"}
[19:22:40 VRB] Adding to database: {"DeviceRefId": 35673, "DeviceValue": 42, "DeviceString": "33", "TimeStamp": "2222-02-02T10:05:32.0000000+00:00", "$type": "RecordData"}
[19:22:40 VRB] Recording {"DeviceRefId": 35673, "DeviceValue": 43, "DeviceString": "33", "TimeStamp": "2222-02-02T10:05:37.0000000+00:00", "$type": "RecordData"}
[19:22:40 VRB] Adding to database: {"DeviceRefId": 35673, "DeviceValue": 43, "DeviceString": "33", "TimeStamp": "2222-02-02T10:05:37.0000000+00:00", "$type": "RecordData"}
[19:22:40 VRB] Recording {"DeviceRefId": 35673, "DeviceValue": 44, "DeviceString": "33", "TimeStamp": "2222-02-02T10:05:42.0000000+00:00", "$type": "RecordData"}
[19:22:40 VRB] Adding to database: {"DeviceRefId": 35673, "DeviceValue": 44, "DeviceString": "33", "TimeStamp": "2222-02-02T10:05:42.0000000+00:00", "$type": "RecordData"}
[19:22:40 VRB] Recording {"DeviceRefId": 35673, "DeviceValue": 45, "DeviceString": "33", "TimeStamp": "2222-02-02T10:05:47.0000000+00:00", "$type": "RecordData"}
[19:22:40 VRB] Adding to database: {"DeviceRefId": 35673, "DeviceValue": 45, "DeviceString": "33", "TimeStamp": "2222-02-02T10:05:47.0000000+00:00", "$type": "RecordData"}
[19:22:40 VRB] Recording {"DeviceRefId": 35673, "DeviceValue": 46, "DeviceString": "33", "TimeStamp": "2222-02-02T10:05:52.0000000+00:00", "$type": "RecordData"}
[19:22:40 VRB] Adding to database: {"DeviceRefId": 35673, "DeviceValue": 46, "DeviceString": "33", "TimeStamp": "2222-02-02T10:05:52.0000000+00:00", "$type": "RecordData"}
[19:22:40 VRB] Recording {"DeviceRefId": 35673, "DeviceValue": 47, "DeviceString": "33", "TimeStamp": "2222-02-02T10:05:57.0000000+00:00", "$type": "RecordData"}
[19:22:40 VRB] Adding to database: {"DeviceRefId": 35673, "DeviceValue": 47, "DeviceString": "33", "TimeStamp": "2222-02-02T10:05:57.0000000+00:00", "$type": "RecordData"}
[19:22:40 VRB] Recording {"DeviceRefId": 35673, "DeviceValue": 48, "DeviceString": "33", "TimeStamp": "2222-02-02T10:06:02.0000000+00:00", "$type": "RecordData"}
[19:22:40 VRB] Adding to database: {"DeviceRefId": 35673, "DeviceValue": 48, "DeviceString": "33", "TimeStamp": "2222-02-02T10:06:02.0000000+00:00", "$type": "RecordData"}
[19:22:40 VRB] Recording {"DeviceRefId": 35673, "DeviceValue": 49, "DeviceString": "33", "TimeStamp": "2222-02-02T10:06:07.0000000+00:00", "$type": "RecordData"}
[19:22:40 VRB] Adding to database: {"DeviceRefId": 35673, "DeviceValue": 49, "DeviceString": "33", "TimeStamp": "2222-02-02T10:06:07.0000000+00:00", "$type": "RecordData"}
[19:22:40 VRB] Recording {"DeviceRefId": 35673, "DeviceValue": 50, "DeviceString": "33", "TimeStamp": "2222-02-02T10:06:12.0000000+00:00", "$type": "RecordData"}
[19:22:40 VRB] Adding to database: {"DeviceRefId": 35673, "DeviceValue": 50, "DeviceString": "33", "TimeStamp": "2222-02-02T10:06:12.0000000+00:00", "$type": "RecordData"}
[19:22:40 VRB] Recording {"DeviceRefId": 35673, "DeviceValue": 51, "DeviceString": "33", "TimeStamp": "2222-02-02T10:06:17.0000000+00:00", "$type": "RecordData"}
[19:22:40 VRB] Adding to database: {"DeviceRefId": 35673, "DeviceValue": 51, "DeviceString": "33", "TimeStamp": "2222-02-02T10:06:17.0000000+00:00", "$type": "RecordData"}
[19:22:40 VRB] Recording {"DeviceRefId": 35673, "DeviceValue": 52, "DeviceString": "33", "TimeStamp": "2222-02-02T10:06:22.0000000+00:00", "$type": "RecordData"}
[19:22:40 VRB] Adding to database: {"DeviceRefId": 35673, "DeviceValue": 52, "DeviceString": "33", "TimeStamp": "2222-02-02T10:06:22.0000000+00:00", "$type": "RecordData"}
[19:22:40 VRB] Recording {"DeviceRefId": 35673, "DeviceValue": 53, "DeviceString": "33", "TimeStamp": "2222-02-02T10:06:27.0000000+00:00", "$type": "RecordData"}
[19:22:40 VRB] Adding to database: {"DeviceRefId": 35673, "DeviceValue": 53, "DeviceString": "33", "TimeStamp": "2222-02-02T10:06:27.0000000+00:00", "$type": "RecordData"}
[19:22:40 VRB] Recording {"DeviceRefId": 35673, "DeviceValue": 54, "DeviceString": "33", "TimeStamp": "2222-02-02T10:06:32.0000000+00:00", "$type": "RecordData"}
[19:22:40 VRB] Adding to database: {"DeviceRefId": 35673, "DeviceValue": 54, "DeviceString": "33", "TimeStamp": "2222-02-02T10:06:32.0000000+00:00", "$type": "RecordData"}
[19:22:40 VRB] Recording {"DeviceRefId": 35673, "DeviceValue": 55, "DeviceString": "33", "TimeStamp": "2222-02-02T10:06:37.0000000+00:00", "$type": "RecordData"}
[19:22:40 VRB] Adding to database: {"DeviceRefId": 35673, "DeviceValue": 55, "DeviceString": "33", "TimeStamp": "2222-02-02T10:06:37.0000000+00:00", "$type": "RecordData"}
[19:22:40 VRB] Recording {"DeviceRefId": 35673, "DeviceValue": 56, "DeviceString": "33", "TimeStamp": "2222-02-02T10:06:42.0000000+00:00", "$type": "RecordData"}
[19:22:40 VRB] Adding to database: {"DeviceRefId": 35673, "DeviceValue": 56, "DeviceString": "33", "TimeStamp": "2222-02-02T10:06:42.0000000+00:00", "$type": "RecordData"}
[19:22:40 VRB] Recording {"DeviceRefId": 35673, "DeviceValue": 57, "DeviceString": "33", "TimeStamp": "2222-02-02T10:06:47.0000000+00:00", "$type": "RecordData"}
[19:22:40 VRB] Adding to database: {"DeviceRefId": 35673, "DeviceValue": 57, "DeviceString": "33", "TimeStamp": "2222-02-02T10:06:47.0000000+00:00", "$type": "RecordData"}
[19:22:40 VRB] Recording {"DeviceRefId": 35673, "DeviceValue": 58, "DeviceString": "33", "TimeStamp": "2222-02-02T10:06:52.0000000+00:00", "$type": "RecordData"}
[19:22:40 VRB] Adding to database: {"DeviceRefId": 35673, "DeviceValue": 58, "DeviceString": "33", "TimeStamp": "2222-02-02T10:06:52.0000000+00:00", "$type": "RecordData"}
[19:22:40 VRB] Recording {"DeviceRefId": 35673, "DeviceValue": 59, "DeviceString": "33", "TimeStamp": "2222-02-02T10:06:57.0000000+00:00", "$type": "RecordData"}
[19:22:40 VRB] Adding to database: {"DeviceRefId": 35673, "DeviceValue": 59, "DeviceString": "33", "TimeStamp": "2222-02-02T10:06:57.0000000+00:00", "$type": "RecordData"}
[19:22:40 VRB] Recording {"DeviceRefId": 35673, "DeviceValue": 60, "DeviceString": "33", "TimeStamp": "2222-02-02T10:07:02.0000000+00:00", "$type": "RecordData"}
[19:22:40 VRB] Adding to database: {"DeviceRefId": 35673, "DeviceValue": 60, "DeviceString": "33", "TimeStamp": "2222-02-02T10:07:02.0000000+00:00", "$type": "RecordData"}
[19:22:40 VRB] Recording {"DeviceRefId": 35673, "DeviceValue": 61, "DeviceString": "33", "TimeStamp": "2222-02-02T10:07:07.0000000+00:00", "$type": "RecordData"}
[19:22:40 VRB] Adding to database: {"DeviceRefId": 35673, "DeviceValue": 61, "DeviceString": "33", "TimeStamp": "2222-02-02T10:07:07.0000000+00:00", "$type": "RecordData"}
[19:22:40 VRB] Recording {"DeviceRefId": 35673, "DeviceValue": 62, "DeviceString": "33", "TimeStamp": "2222-02-02T10:07:12.0000000+00:00", "$type": "RecordData"}
[19:22:40 VRB] Adding to database: {"DeviceRefId": 35673, "DeviceValue": 62, "DeviceString": "33", "TimeStamp": "2222-02-02T10:07:12.0000000+00:00", "$type": "RecordData"}
[19:22:40 VRB] Recording {"DeviceRefId": 35673, "DeviceValue": 63, "DeviceString": "33", "TimeStamp": "2222-02-02T10:07:17.0000000+00:00", "$type": "RecordData"}
[19:22:40 VRB] Adding to database: {"DeviceRefId": 35673, "DeviceValue": 63, "DeviceString": "33", "TimeStamp": "2222-02-02T10:07:17.0000000+00:00", "$type": "RecordData"}
[19:22:40 VRB] Recording {"DeviceRefId": 35673, "DeviceValue": 64, "DeviceString": "33", "TimeStamp": "2222-02-02T10:07:22.0000000+00:00", "$type": "RecordData"}
[19:22:40 VRB] Adding to database: {"DeviceRefId": 35673, "DeviceValue": 64, "DeviceString": "33", "TimeStamp": "2222-02-02T10:07:22.0000000+00:00", "$type": "RecordData"}
[19:22:40 VRB] Recording {"DeviceRefId": 35673, "DeviceValue": 65, "DeviceString": "33", "TimeStamp": "2222-02-02T10:07:27.0000000+00:00", "$type": "RecordData"}
[19:22:40 VRB] Adding to database: {"DeviceRefId": 35673, "DeviceValue": 65, "DeviceString": "33", "TimeStamp": "2222-02-02T10:07:27.0000000+00:00", "$type": "RecordData"}
[19:22:40 VRB] Recording {"DeviceRefId": 35673, "DeviceValue": 66, "DeviceString": "33", "TimeStamp": "2222-02-02T10:07:32.0000000+00:00", "$type": "RecordData"}
[19:22:40 VRB] Adding to database: {"DeviceRefId": 35673, "DeviceValue": 66, "DeviceString": "33", "TimeStamp": "2222-02-02T10:07:32.0000000+00:00", "$type": "RecordData"}
[19:22:40 VRB] Recording {"DeviceRefId": 35673, "DeviceValue": 67, "DeviceString": "33", "TimeStamp": "2222-02-02T10:07:37.0000000+00:00", "$type": "RecordData"}
[19:22:40 VRB] Adding to database: {"DeviceRefId": 35673, "DeviceValue": 67, "DeviceString": "33", "TimeStamp": "2222-02-02T10:07:37.0000000+00:00", "$type": "RecordData"}
[19:22:40 VRB] Recording {"DeviceRefId": 35673, "DeviceValue": 68, "DeviceString": "33", "TimeStamp": "2222-02-02T10:07:42.0000000+00:00", "$type": "RecordData"}
[19:22:40 VRB] Adding to database: {"DeviceRefId": 35673, "DeviceValue": 68, "DeviceString": "33", "TimeStamp": "2222-02-02T10:07:42.0000000+00:00", "$type": "RecordData"}
[19:22:40 VRB] Recording {"DeviceRefId": 35673, "DeviceValue": 69, "DeviceString": "33", "TimeStamp": "2222-02-02T10:07:47.0000000+00:00", "$type": "RecordData"}
[19:22:40 VRB] Adding to database: {"DeviceRefId": 35673, "DeviceValue": 69, "DeviceString": "33", "TimeStamp": "2222-02-02T10:07:47.0000000+00:00", "$type": "RecordData"}
[19:22:40 VRB] Recording {"DeviceRefId": 35673, "DeviceValue": 70, "DeviceString": "33", "TimeStamp": "2222-02-02T10:07:52.0000000+00:00", "$type": "RecordData"}
[19:22:40 VRB] Adding to database: {"DeviceRefId": 35673, "DeviceValue": 70, "DeviceString": "33", "TimeStamp": "2222-02-02T10:07:52.0000000+00:00", "$type": "RecordData"}
[19:22:40 VRB] Recording {"DeviceRefId": 35673, "DeviceValue": 71, "DeviceString": "33", "TimeStamp": "2222-02-02T10:07:57.0000000+00:00", "$type": "RecordData"}
[19:22:40 VRB] Adding to database: {"DeviceRefId": 35673, "DeviceValue": 71, "DeviceString": "33", "TimeStamp": "2222-02-02T10:07:57.0000000+00:00", "$type": "RecordData"}
[19:22:40 VRB] Recording {"DeviceRefId": 35673, "DeviceValue": 72, "DeviceString": "33", "TimeStamp": "2222-02-02T10:08:02.0000000+00:00", "$type": "RecordData"}
[19:22:40 VRB] Adding to database: {"DeviceRefId": 35673, "DeviceValue": 72, "DeviceString": "33", "TimeStamp": "2222-02-02T10:08:02.0000000+00:00", "$type": "RecordData"}
[19:22:40 VRB] Recording {"DeviceRefId": 35673, "DeviceValue": 73, "DeviceString": "33", "TimeStamp": "2222-02-02T10:08:07.0000000+00:00", "$type": "RecordData"}
[19:22:40 VRB] Adding to database: {"DeviceRefId": 35673, "DeviceValue": 73, "DeviceString": "33", "TimeStamp": "2222-02-02T10:08:07.0000000+00:00", "$type": "RecordData"}
[19:22:40 VRB] Recording {"DeviceRefId": 35673, "DeviceValue": 74, "DeviceString": "33", "TimeStamp": "2222-02-02T10:08:12.0000000+00:00", "$type": "RecordData"}
[19:22:40 VRB] Adding to database: {"DeviceRefId": 35673, "DeviceValue": 74, "DeviceString": "33", "TimeStamp": "2222-02-02T10:08:12.0000000+00:00", "$type": "RecordData"}
[19:22:40 VRB] Recording {"DeviceRefId": 35673, "DeviceValue": 75, "DeviceString": "33", "TimeStamp": "2222-02-02T10:08:17.0000000+00:00", "$type": "RecordData"}
[19:22:40 VRB] Adding to database: {"DeviceRefId": 35673, "DeviceValue": 75, "DeviceString": "33", "TimeStamp": "2222-02-02T10:08:17.0000000+00:00", "$type": "RecordData"}
[19:22:40 VRB] Recording {"DeviceRefId": 35673, "DeviceValue": 76, "DeviceString": "33", "TimeStamp": "2222-02-02T10:08:22.0000000+00:00", "$type": "RecordData"}
[19:22:40 VRB] Adding to database: {"DeviceRefId": 35673, "DeviceValue": 76, "DeviceString": "33", "TimeStamp": "2222-02-02T10:08:22.0000000+00:00", "$type": "RecordData"}
[19:22:40 VRB] Recording {"DeviceRefId": 35673, "DeviceValue": 77, "DeviceString": "33", "TimeStamp": "2222-02-02T10:08:27.0000000+00:00", "$type": "RecordData"}
[19:22:40 VRB] Adding to database: {"DeviceRefId": 35673, "DeviceValue": 77, "DeviceString": "33", "TimeStamp": "2222-02-02T10:08:27.0000000+00:00", "$type": "RecordData"}
[19:22:40 VRB] Recording {"DeviceRefId": 35673, "DeviceValue": 78, "DeviceString": "33", "TimeStamp": "2222-02-02T10:08:32.0000000+00:00", "$type": "RecordData"}
[19:22:40 VRB] Adding to database: {"DeviceRefId": 35673, "DeviceValue": 78, "DeviceString": "33", "TimeStamp": "2222-02-02T10:08:32.0000000+00:00", "$type": "RecordData"}
[19:22:40 VRB] Recording {"DeviceRefId": 35673, "DeviceValue": 79, "DeviceString": "33", "TimeStamp": "2222-02-02T10:08:37.0000000+00:00", "$type": "RecordData"}
[19:22:40 VRB] Adding to database: {"DeviceRefId": 35673, "DeviceValue": 79, "DeviceString": "33", "TimeStamp": "2222-02-02T10:08:37.0000000+00:00", "$type": "RecordData"}
[19:22:40 VRB] Recording {"DeviceRefId": 35673, "DeviceValue": 80, "DeviceString": "33", "TimeStamp": "2222-02-02T10:08:42.0000000+00:00", "$type": "RecordData"}
[19:22:40 VRB] Adding to database: {"DeviceRefId": 35673, "DeviceValue": 80, "DeviceString": "33", "TimeStamp": "2222-02-02T10:08:42.0000000+00:00", "$type": "RecordData"}
[19:22:40 VRB] Recording {"DeviceRefId": 35673, "DeviceValue": 81, "DeviceString": "33", "TimeStamp": "2222-02-02T10:08:47.0000000+00:00", "$type": "RecordData"}
[19:22:40 VRB] Adding to database: {"DeviceRefId": 35673, "DeviceValue": 81, "DeviceString": "33", "TimeStamp": "2222-02-02T10:08:47.0000000+00:00", "$type": "RecordData"}
[19:22:40 VRB] Recording {"DeviceRefId": 35673, "DeviceValue": 82, "DeviceString": "33", "TimeStamp": "2222-02-02T10:08:52.0000000+00:00", "$type": "RecordData"}
[19:22:40 VRB] Adding to database: {"DeviceRefId": 35673, "DeviceValue": 82, "DeviceString": "33", "TimeStamp": "2222-02-02T10:08:52.0000000+00:00", "$type": "RecordData"}
[19:22:41 VRB] Recording {"DeviceRefId": 35673, "DeviceValue": 83, "DeviceString": "33", "TimeStamp": "2222-02-02T10:08:57.0000000+00:00", "$type": "RecordData"}
[19:22:41 VRB] Adding to database: {"DeviceRefId": 35673, "DeviceValue": 83, "DeviceString": "33", "TimeStamp": "2222-02-02T10:08:57.0000000+00:00", "$type": "RecordData"}
[19:22:41 VRB] Recording {"DeviceRefId": 35673, "DeviceValue": 84, "DeviceString": "33", "TimeStamp": "2222-02-02T10:09:02.0000000+00:00", "$type": "RecordData"}
[19:22:41 VRB] Adding to database: {"DeviceRefId": 35673, "DeviceValue": 84, "DeviceString": "33", "TimeStamp": "2222-02-02T10:09:02.0000000+00:00", "$type": "RecordData"}
[19:22:41 VRB] Recording {"DeviceRefId": 35673, "DeviceValue": 85, "DeviceString": "33", "TimeStamp": "2222-02-02T10:09:07.0000000+00:00", "$type": "RecordData"}
[19:22:41 VRB] Adding to database: {"DeviceRefId": 35673, "DeviceValue": 85, "DeviceString": "33", "TimeStamp": "2222-02-02T10:09:07.0000000+00:00", "$type": "RecordData"}
[19:22:41 VRB] Recording {"DeviceRefId": 35673, "DeviceValue": 86, "DeviceString": "33", "TimeStamp": "2222-02-02T10:09:12.0000000+00:00", "$type": "RecordData"}
[19:22:41 VRB] Adding to database: {"DeviceRefId": 35673, "DeviceValue": 86, "DeviceString": "33", "TimeStamp": "2222-02-02T10:09:12.0000000+00:00", "$type": "RecordData"}
[19:22:41 VRB] Recording {"DeviceRefId": 35673, "DeviceValue": 87, "DeviceString": "33", "TimeStamp": "2222-02-02T10:09:17.0000000+00:00", "$type": "RecordData"}
[19:22:41 VRB] Adding to database: {"DeviceRefId": 35673, "DeviceValue": 87, "DeviceString": "33", "TimeStamp": "2222-02-02T10:09:17.0000000+00:00", "$type": "RecordData"}
[19:22:41 VRB] Recording {"DeviceRefId": 35673, "DeviceValue": 88, "DeviceString": "33", "TimeStamp": "2222-02-02T10:09:22.0000000+00:00", "$type": "RecordData"}
[19:22:41 VRB] Adding to database: {"DeviceRefId": 35673, "DeviceValue": 88, "DeviceString": "33", "TimeStamp": "2222-02-02T10:09:22.0000000+00:00", "$type": "RecordData"}
[19:22:41 VRB] Recording {"DeviceRefId": 35673, "DeviceValue": 89, "DeviceString": "33", "TimeStamp": "2222-02-02T10:09:27.0000000+00:00", "$type": "RecordData"}
[19:22:41 VRB] Adding to database: {"DeviceRefId": 35673, "DeviceValue": 89, "DeviceString": "33", "TimeStamp": "2222-02-02T10:09:27.0000000+00:00", "$type": "RecordData"}
[19:22:41 VRB] Recording {"DeviceRefId": 35673, "DeviceValue": 90, "DeviceString": "33", "TimeStamp": "2222-02-02T10:09:32.0000000+00:00", "$type": "RecordData"}
[19:22:41 VRB] Adding to database: {"DeviceRefId": 35673, "DeviceValue": 90, "DeviceString": "33", "TimeStamp": "2222-02-02T10:09:32.0000000+00:00", "$type": "RecordData"}
[19:22:41 VRB] Recording {"DeviceRefId": 35673, "DeviceValue": 91, "DeviceString": "33", "TimeStamp": "2222-02-02T10:09:37.0000000+00:00", "$type": "RecordData"}
[19:22:41 VRB] Adding to database: {"DeviceRefId": 35673, "DeviceValue": 91, "DeviceString": "33", "TimeStamp": "2222-02-02T10:09:37.0000000+00:00", "$type": "RecordData"}
[19:22:41 VRB] Recording {"DeviceRefId": 35673, "DeviceValue": 92, "DeviceString": "33", "TimeStamp": "2222-02-02T10:09:42.0000000+00:00", "$type": "RecordData"}
[19:22:41 VRB] Adding to database: {"DeviceRefId": 35673, "DeviceValue": 92, "DeviceString": "33", "TimeStamp": "2222-02-02T10:09:42.0000000+00:00", "$type": "RecordData"}
[19:22:41 VRB] Recording {"DeviceRefId": 35673, "DeviceValue": 93, "DeviceString": "33", "TimeStamp": "2222-02-02T10:09:47.0000000+00:00", "$type": "RecordData"}
[19:22:41 VRB] Adding to database: {"DeviceRefId": 35673, "DeviceValue": 93, "DeviceString": "33", "TimeStamp": "2222-02-02T10:09:47.0000000+00:00", "$type": "RecordData"}
[19:22:41 VRB] Recording {"DeviceRefId": 35673, "DeviceValue": 94, "DeviceString": "33", "TimeStamp": "2222-02-02T10:09:52.0000000+00:00", "$type": "RecordData"}
[19:22:41 VRB] Adding to database: {"DeviceRefId": 35673, "DeviceValue": 94, "DeviceString": "33", "TimeStamp": "2222-02-02T10:09:52.0000000+00:00", "$type": "RecordData"}
[19:22:41 VRB] Recording {"DeviceRefId": 35673, "DeviceValue": 95, "DeviceString": "33", "TimeStamp": "2222-02-02T10:09:57.0000000+00:00", "$type": "RecordData"}
[19:22:41 VRB] Adding to database: {"DeviceRefId": 35673, "DeviceValue": 95, "DeviceString": "33", "TimeStamp": "2222-02-02T10:09:57.0000000+00:00", "$type": "RecordData"}
[19:22:41 VRB] Recording {"DeviceRefId": 35673, "DeviceValue": 96, "DeviceString": "33", "TimeStamp": "2222-02-02T10:10:02.0000000+00:00", "$type": "RecordData"}
[19:22:41 VRB] Adding to database: {"DeviceRefId": 35673, "DeviceValue": 96, "DeviceString": "33", "TimeStamp": "2222-02-02T10:10:02.0000000+00:00", "$type": "RecordData"}
[19:22:41 VRB] Recording {"DeviceRefId": 35673, "DeviceValue": 97, "DeviceString": "33", "TimeStamp": "2222-02-02T10:10:07.0000000+00:00", "$type": "RecordData"}
[19:22:41 VRB] Adding to database: {"DeviceRefId": 35673, "DeviceValue": 97, "DeviceString": "33", "TimeStamp": "2222-02-02T10:10:07.0000000+00:00", "$type": "RecordData"}
[19:22:41 VRB] Recording {"DeviceRefId": 35673, "DeviceValue": 98, "DeviceString": "33", "TimeStamp": "2222-02-02T10:10:12.0000000+00:00", "$type": "RecordData"}
[19:22:41 VRB] Adding to database: {"DeviceRefId": 35673, "DeviceValue": 98, "DeviceString": "33", "TimeStamp": "2222-02-02T10:10:12.0000000+00:00", "$type": "RecordData"}
[19:22:41 VRB] Recording {"DeviceRefId": 35673, "DeviceValue": 99, "DeviceString": "33", "TimeStamp": "2222-02-02T10:10:17.0000000+00:00", "$type": "RecordData"}
[19:22:41 VRB] Adding to database: {"DeviceRefId": 35673, "DeviceValue": 99, "DeviceString": "33", "TimeStamp": "2222-02-02T10:10:17.0000000+00:00", "$type": "RecordData"}
[19:22:41 DBG] PostBackProc for graphrecords for { refId:35673, min:7955143322000, max:7955143817000, fill:1, points:495000}
Disconnecting from HomeSeer...
[19:22:41 INF] Shutting down
[19:22:41 DBG] Disposing Sqlite connection
[19:22:41 DBG] Finish records update thread
</system-out>
    </testcase>
  </testsuite>
  <testsuite tests="10" time="0.132010" errors="0" failures="0" skipped="0" timestamp="2023-12-02T03:22:41.2323998Z" name="">
    <testcase name="GraphCallbackArgumentChecks(&quot;&quot;,&quot;data is not correct&quot;)" assertions="5" time="0.024971" status="Passed" classname="HSPI_HistoricalRecordsTest.GraphCallbacksTest">
      <system-out>[19:22:41 INF] Plugin Starting
[19:22:41 INF] e_sqlite3 version:3.44.0
[19:22:41 INF] Connecting to database: C:\Users\Deepak\AppData\Local\Temp\kt4jzajo.lev\data\HistoricalRecords\records.db
[19:22:41 DBG] Starting records update thread
[19:22:41 INF] Plugin Started
[19:22:41 DBG] PostBackProc for graphrecords for 
[19:22:41 ERR] Error in Page graphrecords for  with data is not correct
Disconnecting from HomeSeer...
[19:22:41 INF] Shutting down
[19:22:41 DBG] Disposing Sqlite connection
[19:22:41 DBG] Finish records update thread
[19:22:41 INF] Starting maintaining database
[19:22:41 DBG] Starting RecordAllDevices
</system-out>
    </testcase>
    <testcase name="GraphCallbackArgumentChecks(&quot;refId={0}&amp;min=1001&amp;max=99&quot;,&quot;Unexpected character encountered&quot;)" assertions="5" time="0.015488" status="Passed" classname="HSPI_HistoricalRecordsTest.GraphCallbacksTest">
      <system-out>[19:22:41 INF] Plugin Starting
[19:22:41 INF] e_sqlite3 version:3.44.0
[19:22:41 INF] Connecting to database: C:\Users\Deepak\AppData\Local\Temp\3wuenk5o.wte\data\HistoricalRecords\records.db
[19:22:41 DBG] Starting records update thread
[19:22:41 DBG] Starting RecordAllDevices
[19:22:41 DBG] Finished RecordAllDevices
[19:22:41 INF] Plugin Started
[19:22:41 DBG] PostBackProc for graphrecords for refId=1938&amp;min=1001&amp;max=99
[19:22:41 ERR] Error in Page graphrecords for refId=1938&amp;min=1001&amp;max=99 with Unexpected character encountered while parsing value: r. Path '', line 0, position 0.
Disconnecting from HomeSeer...
[19:22:41 INF] Shutting down
[19:22:41 DBG] Finish records update thread
[19:22:41 DBG] Disposing Sqlite connection
[19:22:41 INF] Starting maintaining database
</system-out>
    </testcase>
    <testcase name="GraphCallbackArgumentChecks(&quot;{{ refId:{0}, min:1001, max:99}}&quot;,&quot;max is less than min&quot;)" assertions="5" time="0.012779" status="Passed" classname="HSPI_HistoricalRecordsTest.GraphCallbacksTest">
      <system-out>[19:22:41 INF] Plugin Starting
[19:22:41 INF] e_sqlite3 version:3.44.0
[19:22:41 INF] Connecting to database: C:\Users\Deepak\AppData\Local\Temp\tgbbar0q.etd\data\HistoricalRecords\records.db
[19:22:41 DBG] Starting records update thread
[19:22:41 INF] Starting maintaining database
[19:22:41 DBG] Start Pruning older records
[19:22:41 DBG] Finished pruning older records
[19:22:41 INF] Finished maintaining database
[19:22:41 INF] Plugin Started
[19:22:41 DBG] PostBackProc for graphrecords for { refId:1938, min:1001, max:99}
[19:22:41 ERR] Error in Page graphrecords for { refId:1938, min:1001, max:99} with max is less than min
Disconnecting from HomeSeer...
[19:22:41 INF] Shutting down
[19:22:41 DBG] Finish records update thread
[19:22:41 DBG] Disposing Sqlite connection
[19:22:41 DBG] Starting RecordAllDevices
</system-out>
    </testcase>
    <testcase name="GraphCallbackArgumentChecks(&quot;{{ refId:{0}, min:'abc', max:99 }}&quot;,&quot;min is not correct&quot;)" assertions="5" time="0.009474" status="Passed" classname="HSPI_HistoricalRecordsTest.GraphCallbacksTest">
      <system-out>[19:22:41 INF] Plugin Starting
[19:22:41 INF] e_sqlite3 version:3.44.0
[19:22:41 INF] Connecting to database: C:\Users\Deepak\AppData\Local\Temp\zjz10mhe.dmc\data\HistoricalRecords\records.db
[19:22:41 DBG] Starting records update thread
[19:22:41 INF] Plugin Started
[19:22:41 DBG] PostBackProc for graphrecords for { refId:1938, min:'abc', max:99 }
[19:22:41 ERR] Error in Page graphrecords for { refId:1938, min:'abc', max:99 } with min is not correct
Input string was not in a correct format.
Disconnecting from HomeSeer...
[19:22:41 INF] Shutting down
[19:22:41 DBG] Disposing Sqlite connection
[19:22:41 DBG] Starting RecordAllDevices
[19:22:41 INF] Starting maintaining database
[19:22:41 DBG] Finish records update thread
</system-out>
    </testcase>
    <testcase name="GraphCallbackArgumentChecks(&quot;{{ refId:{0}, min:33, max:'abc' }}&quot;,&quot;max is not correct&quot;)" assertions="5" time="0.011913" status="Passed" classname="HSPI_HistoricalRecordsTest.GraphCallbacksTest">
      <system-out>[19:22:41 INF] Plugin Starting
[19:22:41 INF] e_sqlite3 version:3.44.0
[19:22:41 INF] Connecting to database: C:\Users\Deepak\AppData\Local\Temp\e4n50no2.avz\data\HistoricalRecords\records.db
[19:22:41 DBG] Starting records update thread
[19:22:41 INF] Starting maintaining database
[19:22:41 DBG] Start Pruning older records
[19:22:41 DBG] Finished pruning older records
[19:22:41 INF] Finished maintaining database
[19:22:41 INF] Plugin Started
[19:22:41 DBG] PostBackProc for graphrecords for { refId:1938, min:33, max:'abc' }
[19:22:41 ERR] Error in Page graphrecords for { refId:1938, min:33, max:'abc' } with max is not correct
Input string was not in a correct format.
Disconnecting from HomeSeer...
[19:22:41 INF] Shutting down
[19:22:41 DBG] Disposing Sqlite connection
[19:22:41 DBG] Finish records update thread
[19:22:41 DBG] Starting RecordAllDevices
</system-out>
    </testcase>
    <testcase name="GraphCallbackArgumentChecks(&quot;{{refId:{0}}}&quot;,&quot;min is not correct&quot;)" assertions="5" time="0.012058" status="Passed" classname="HSPI_HistoricalRecordsTest.GraphCallbacksTest">
      <system-out>[19:22:41 INF] Plugin Starting
[19:22:41 INF] e_sqlite3 version:3.44.0
[19:22:41 INF] Connecting to database: C:\Users\Deepak\AppData\Local\Temp\sojutjxf.dtm\data\HistoricalRecords\records.db
[19:22:41 DBG] Starting records update thread
[19:22:41 DBG] Starting RecordAllDevices
[19:22:41 DBG] Finished RecordAllDevices
[19:22:41 INF] Starting maintaining database
[19:22:41 DBG] Start Pruning older records
[19:22:41 DBG] Finished pruning older records
[19:22:41 INF] Finished maintaining database
[19:22:41 INF] Plugin Started
[19:22:41 DBG] PostBackProc for graphrecords for {refId:1938}
[19:22:41 ERR] Error in Page graphrecords for {refId:1938} with min is not correct
Disconnecting from HomeSeer...
[19:22:41 INF] Shutting down
[19:22:41 DBG] Disposing Sqlite connection
[19:22:41 DBG] Finish records update thread
</system-out>
    </testcase>
    <testcase name="GraphCallbackArgumentChecks(&quot;{{refId1:{0}}}&quot;,&quot;refId is not correct&quot;)" assertions="5" time="0.012234" status="Passed" classname="HSPI_HistoricalRecordsTest.GraphCallbacksTest">
      <system-out>[19:22:41 INF] Plugin Starting
[19:22:41 INF] e_sqlite3 version:3.44.0
[19:22:41 INF] Connecting to database: C:\Users\Deepak\AppData\Local\Temp\hntkhlju.c14\data\HistoricalRecords\records.db
[19:22:41 DBG] Starting records update thread
[19:22:41 INF] Starting maintaining database
[19:22:41 DBG] Start Pruning older records
[19:22:41 DBG] Finished pruning older records
[19:22:41 INF] Finished maintaining database
[19:22:41 INF] Plugin Started
[19:22:41 DBG] PostBackProc for graphrecords for {refId1:1938}
[19:22:41 DBG] Starting RecordAllDevices
[19:22:41 DBG] Finished RecordAllDevices
[19:22:41 ERR] Error in Page graphrecords for {refId1:1938} with refId is not correct
Disconnecting from HomeSeer...
[19:22:41 INF] Shutting down
[19:22:41 DBG] Disposing Sqlite connection
[19:22:41 DBG] Finish records update thread
</system-out>
    </testcase>
    <testcase name="GraphCallbackArgumentChecks(&quot;{{ refId:{0}, min:11, max:99}}&quot;,&quot;fill is not correct&quot;)" assertions="5" time="0.011165" status="Passed" classname="HSPI_HistoricalRecordsTest.GraphCallbacksTest">
      <system-out>[19:22:41 INF] Plugin Starting
[19:22:41 INF] e_sqlite3 version:3.44.0
[19:22:41 INF] Connecting to database: C:\Users\Deepak\AppData\Local\Temp\taaxrrxy.0uc\data\HistoricalRecords\records.db
[19:22:41 DBG] Starting records update thread
[19:22:41 INF] Starting maintaining database
[19:22:41 DBG] Start Pruning older records
[19:22:41 DBG] Finished pruning older records
[19:22:41 INF] Finished maintaining database
[19:22:41 INF] Plugin Started
[19:22:41 DBG] PostBackProc for graphrecords for { refId:1938, min:11, max:99}
[19:22:41 ERR] Error in Page graphrecords for { refId:1938, min:11, max:99} with fill is not correct
Disconnecting from HomeSeer...
[19:22:41 INF] Shutting down
[19:22:41 DBG] Disposing Sqlite connection
[19:22:41 DBG] Starting RecordAllDevices
[19:22:41 DBG] Finish records update thread
</system-out>
    </testcase>
    <testcase name="GraphCallbackArgumentChecks(&quot;{{ refId:{0}, min:11, max:99, fill:'rt'}}&quot;,&quot;fill is not correct&quot;)" assertions="5" time="0.011710" status="Passed" classname="HSPI_HistoricalRecordsTest.GraphCallbacksTest">
      <system-out>[19:22:41 INF] Plugin Starting
[19:22:41 INF] e_sqlite3 version:3.44.0
[19:22:41 INF] Connecting to database: C:\Users\Deepak\AppData\Local\Temp\v2e44uxe.2t2\data\HistoricalRecords\records.db
[19:22:41 DBG] Starting records update thread
[19:22:41 INF] Starting maintaining database
[19:22:41 DBG] Start Pruning older records
[19:22:41 DBG] Finished pruning older records
[19:22:41 INF] Finished maintaining database
[19:22:41 INF] Plugin Started
[19:22:41 DBG] PostBackProc for graphrecords for { refId:1938, min:11, max:99, fill:'rt'}
[19:22:41 DBG] Starting RecordAllDevices
[19:22:41 ERR] Error in Page graphrecords for { refId:1938, min:11, max:99, fill:'rt'} with fill is not correct
Input string was not in a correct format.
Disconnecting from HomeSeer...
[19:22:41 INF] Shutting down
[19:22:41 DBG] Disposing Sqlite connection
[19:22:41 DBG] Finish records update thread
[19:22:41 DBG] Finished RecordAllDevices
</system-out>
    </testcase>
    <testcase name="GraphCallbackArgumentChecks(&quot;{{ refId:{0}, min:11, max:99, fill:'5'}}&quot;,&quot;fill is not correct&quot;)" assertions="5" time="0.009252" status="Passed" classname="HSPI_HistoricalRecordsTest.GraphCallbacksTest">
      <system-out>[19:22:41 INF] Plugin Starting
[19:22:41 INF] e_sqlite3 version:3.44.0
[19:22:41 INF] Connecting to database: C:\Users\Deepak\AppData\Local\Temp\gm1h2lhi.ih2\data\HistoricalRecords\records.db
[19:22:41 DBG] Starting records update thread
[19:22:41 INF] Plugin Started
[19:22:41 DBG] PostBackProc for graphrecords for { refId:1938, min:11, max:99, fill:'5'}
[19:22:41 ERR] Error in Page graphrecords for { refId:1938, min:11, max:99, fill:'5'} with fill is not correct
Disconnecting from HomeSeer...
[19:22:41 INF] Shutting down
[19:22:41 DBG] Disposing Sqlite connection
[19:22:41 INF] Starting maintaining database
[19:22:41 DBG] Starting RecordAllDevices
[19:22:41 DBG] Finish records update thread
</system-out>
    </testcase>
  </testsuite>
  <testsuite tests="3" time="0.415835" errors="0" failures="0" skipped="0" timestamp="2023-12-02T03:22:41.3648614Z" name="">
    <testcase name="NoData" assertions="6" time="0.040631" status="Passed" classname="HSPI_HistoricalRecordsTest.HistogramTest">
      <system-out>[19:22:41 INF] Plugin Starting
[19:22:41 INF] e_sqlite3 version:3.44.0
[19:22:41 INF] Connecting to database: C:\Users\Deepak\AppData\Local\Temp\4sqizzyj.qib\data\HistoricalRecords\records.db
[19:22:41 DBG] Starting records update thread
[19:22:41 INF] Starting maintaining database
[19:22:41 DBG] Start Pruning older records
[19:22:41 DBG] Finished pruning older records
[19:22:41 INF] Finished maintaining database
[19:22:41 INF] Plugin Started
[19:22:41 DBG] Starting RecordAllDevices
[19:22:41 VRB] Recording {"DeviceRefId": 35673, "DeviceValue": 1.1, "DeviceString": "1.1", "TimeStamp": "2222-02-02T10:02:02.0000000+00:00", "$type": "RecordData"}
[19:22:41 VRB] Adding to database: {"DeviceRefId": 35673, "DeviceValue": 1.1, "DeviceString": "1.1", "TimeStamp": "2222-02-02T10:02:02.0000000+00:00", "$type": "RecordData"}
[19:22:41 DBG] Finished RecordAllDevices
[19:22:41 INF] Deleting All Records for (35673)
[19:22:41 INF] Removed 1 row(s) for device:35673 in database
[19:22:41 DBG] PostBackProc for histogramforrecords for { refId:35673, min:7955143322000, max:7955143332000, count:'10'}
Disconnecting from HomeSeer...
[19:22:41 INF] Shutting down
[19:22:41 DBG] Disposing Sqlite connection
[19:22:41 DBG] Finish records update thread
</system-out>
    </testcase>
    <testcase name="WithHittingMaxCount" assertions="28" time="0.347320" status="Passed" classname="HSPI_HistoricalRecordsTest.HistogramTest">
      <system-out>[19:22:41 INF] Plugin Starting
[19:22:41 INF] e_sqlite3 version:3.44.0
[19:22:41 INF] Connecting to database: C:\Users\Deepak\AppData\Local\Temp\j1k5odo1.m2x\data\HistoricalRecords\records.db
[19:22:41 DBG] Starting records update thread
[19:22:41 INF] Plugin Started
[19:22:41 DBG] Starting RecordAllDevices
[19:22:41 INF] Starting maintaining database
[19:22:41 DBG] Start Pruning older records
[19:22:41 DBG] Finished pruning older records
[19:22:41 INF] Finished maintaining database
[19:22:41 VRB] Recording {"DeviceRefId": 35673, "DeviceValue": 1.1, "DeviceString": "1.1", "TimeStamp": "2222-02-02T10:02:02.0000000+00:00", "$type": "RecordData"}
[19:22:41 DBG] Finished RecordAllDevices
[19:22:41 VRB] Adding to database: {"DeviceRefId": 35673, "DeviceValue": 1.1, "DeviceString": "1.1", "TimeStamp": "2222-02-02T10:02:02.0000000+00:00", "$type": "RecordData"}
[19:22:41 INF] Deleting All Records for (35673)
[19:22:41 INF] Removed 1 row(s) for device:35673 in database
[19:22:41 VRB] Recording {"DeviceRefId": 35673, "DeviceValue": 10, "DeviceString": "10", "TimeStamp": "2222-02-02T10:02:02.0000000+00:00", "$type": "RecordData"}
[19:22:41 VRB] Adding to database: {"DeviceRefId": 35673, "DeviceValue": 10, "DeviceString": "10", "TimeStamp": "2222-02-02T10:02:02.0000000+00:00", "$type": "RecordData"}
[19:22:41 VRB] Recording {"DeviceRefId": 35673, "DeviceValue": 11, "DeviceString": "11", "TimeStamp": "2222-02-02T10:02:03.0000000+00:00", "$type": "RecordData"}
[19:22:41 VRB] Adding to database: {"DeviceRefId": 35673, "DeviceValue": 11, "DeviceString": "11", "TimeStamp": "2222-02-02T10:02:03.0000000+00:00", "$type": "RecordData"}
[19:22:41 VRB] Recording {"DeviceRefId": 35673, "DeviceValue": 12, "DeviceString": "12", "TimeStamp": "2222-02-02T10:02:05.0000000+00:00", "$type": "RecordData"}
[19:22:41 VRB] Adding to database: {"DeviceRefId": 35673, "DeviceValue": 12, "DeviceString": "12", "TimeStamp": "2222-02-02T10:02:05.0000000+00:00", "$type": "RecordData"}
[19:22:41 VRB] Recording {"DeviceRefId": 35673, "DeviceValue": 13, "DeviceString": "13", "TimeStamp": "2222-02-02T10:02:08.0000000+00:00", "$type": "RecordData"}
[19:22:41 VRB] Adding to database: {"DeviceRefId": 35673, "DeviceValue": 13, "DeviceString": "13", "TimeStamp": "2222-02-02T10:02:08.0000000+00:00", "$type": "RecordData"}
[19:22:41 VRB] Recording {"DeviceRefId": 35673, "DeviceValue": 14, "DeviceString": "14", "TimeStamp": "2222-02-02T10:02:12.0000000+00:00", "$type": "RecordData"}
[19:22:41 VRB] Adding to database: {"DeviceRefId": 35673, "DeviceValue": 14, "DeviceString": "14", "TimeStamp": "2222-02-02T10:02:12.0000000+00:00", "$type": "RecordData"}
[19:22:41 VRB] Recording {"DeviceRefId": 35673, "DeviceValue": 15, "DeviceString": "15", "TimeStamp": "2222-02-02T10:02:17.0000000+00:00", "$type": "RecordData"}
[19:22:41 VRB] Adding to database: {"DeviceRefId": 35673, "DeviceValue": 15, "DeviceString": "15", "TimeStamp": "2222-02-02T10:02:17.0000000+00:00", "$type": "RecordData"}
[19:22:41 VRB] Recording {"DeviceRefId": 35673, "DeviceValue": 16, "DeviceString": "16", "TimeStamp": "2222-02-02T10:02:23.0000000+00:00", "$type": "RecordData"}
[19:22:41 VRB] Adding to database: {"DeviceRefId": 35673, "DeviceValue": 16, "DeviceString": "16", "TimeStamp": "2222-02-02T10:02:23.0000000+00:00", "$type": "RecordData"}
[19:22:41 VRB] Recording {"DeviceRefId": 35673, "DeviceValue": 17, "DeviceString": "17", "TimeStamp": "2222-02-02T10:02:30.0000000+00:00", "$type": "RecordData"}
[19:22:41 VRB] Adding to database: {"DeviceRefId": 35673, "DeviceValue": 17, "DeviceString": "17", "TimeStamp": "2222-02-02T10:02:30.0000000+00:00", "$type": "RecordData"}
[19:22:41 VRB] Recording {"DeviceRefId": 35673, "DeviceValue": 18, "DeviceString": "18", "TimeStamp": "2222-02-02T10:02:38.0000000+00:00", "$type": "RecordData"}
[19:22:41 VRB] Adding to database: {"DeviceRefId": 35673, "DeviceValue": 18, "DeviceString": "18", "TimeStamp": "2222-02-02T10:02:38.0000000+00:00", "$type": "RecordData"}
[19:22:41 VRB] Recording {"DeviceRefId": 35673, "DeviceValue": 19, "DeviceString": "19", "TimeStamp": "2222-02-02T10:02:47.0000000+00:00", "$type": "RecordData"}
[19:22:41 VRB] Adding to database: {"DeviceRefId": 35673, "DeviceValue": 19, "DeviceString": "19", "TimeStamp": "2222-02-02T10:02:47.0000000+00:00", "$type": "RecordData"}
[19:22:41 VRB] Recording {"DeviceRefId": 35673, "DeviceValue": 20, "DeviceString": "20", "TimeStamp": "2222-02-02T10:02:57.0000000+00:00", "$type": "RecordData"}
[19:22:41 VRB] Adding to database: {"DeviceRefId": 35673, "DeviceValue": 20, "DeviceString": "20", "TimeStamp": "2222-02-02T10:02:57.0000000+00:00", "$type": "RecordData"}
[19:22:41 VRB] Recording {"DeviceRefId": 35673, "DeviceValue": 21, "DeviceString": "21", "TimeStamp": "2222-02-02T10:03:08.0000000+00:00", "$type": "RecordData"}
[19:22:41 VRB] Adding to database: {"DeviceRefId": 35673, "DeviceValue": 21, "DeviceString": "21", "TimeStamp": "2222-02-02T10:03:08.0000000+00:00", "$type": "RecordData"}
[19:22:41 VRB] Recording {"DeviceRefId": 35673, "DeviceValue": 22, "DeviceString": "22", "TimeStamp": "2222-02-02T10:03:20.0000000+00:00", "$type": "RecordData"}
[19:22:41 VRB] Adding to database: {"DeviceRefId": 35673, "DeviceValue": 22, "DeviceString": "22", "TimeStamp": "2222-02-02T10:03:20.0000000+00:00", "$type": "RecordData"}
[19:22:41 VRB] Recording {"DeviceRefId": 35673, "DeviceValue": 23, "DeviceString": "23", "TimeStamp": "2222-02-02T10:03:33.0000000+00:00", "$type": "RecordData"}
[19:22:41 VRB] Adding to database: {"DeviceRefId": 35673, "DeviceValue": 23, "DeviceString": "23", "TimeStamp": "2222-02-02T10:03:33.0000000+00:00", "$type": "RecordData"}
[19:22:41 VRB] Recording {"DeviceRefId": 35673, "DeviceValue": 24, "DeviceString": "24", "TimeStamp": "2222-02-02T10:03:47.0000000+00:00", "$type": "RecordData"}
[19:22:41 VRB] Adding to database: {"DeviceRefId": 35673, "DeviceValue": 24, "DeviceString": "24", "TimeStamp": "2222-02-02T10:03:47.0000000+00:00", "$type": "RecordData"}
[19:22:41 VRB] Recording {"DeviceRefId": 35673, "DeviceValue": 25, "DeviceString": "25", "TimeStamp": "2222-02-02T10:04:02.0000000+00:00", "$type": "RecordData"}
[19:22:41 VRB] Adding to database: {"DeviceRefId": 35673, "DeviceValue": 25, "DeviceString": "25", "TimeStamp": "2222-02-02T10:04:02.0000000+00:00", "$type": "RecordData"}
[19:22:41 VRB] Recording {"DeviceRefId": 35673, "DeviceValue": 26, "DeviceString": "26", "TimeStamp": "2222-02-02T10:04:18.0000000+00:00", "$type": "RecordData"}
[19:22:41 VRB] Adding to database: {"DeviceRefId": 35673, "DeviceValue": 26, "DeviceString": "26", "TimeStamp": "2222-02-02T10:04:18.0000000+00:00", "$type": "RecordData"}
[19:22:41 VRB] Recording {"DeviceRefId": 35673, "DeviceValue": 27, "DeviceString": "27", "TimeStamp": "2222-02-02T10:04:35.0000000+00:00", "$type": "RecordData"}
[19:22:41 VRB] Adding to database: {"DeviceRefId": 35673, "DeviceValue": 27, "DeviceString": "27", "TimeStamp": "2222-02-02T10:04:35.0000000+00:00", "$type": "RecordData"}
[19:22:41 VRB] Recording {"DeviceRefId": 35673, "DeviceValue": 28, "DeviceString": "28", "TimeStamp": "2222-02-02T10:04:53.0000000+00:00", "$type": "RecordData"}
[19:22:41 VRB] Adding to database: {"DeviceRefId": 35673, "DeviceValue": 28, "DeviceString": "28", "TimeStamp": "2222-02-02T10:04:53.0000000+00:00", "$type": "RecordData"}
[19:22:41 VRB] Recording {"DeviceRefId": 35673, "DeviceValue": 29, "DeviceString": "29", "TimeStamp": "2222-02-02T10:05:12.0000000+00:00", "$type": "RecordData"}
[19:22:41 VRB] Adding to database: {"DeviceRefId": 35673, "DeviceValue": 29, "DeviceString": "29", "TimeStamp": "2222-02-02T10:05:12.0000000+00:00", "$type": "RecordData"}
[19:22:41 DBG] PostBackProc for histogramforrecords for { refId:35673, min:7955143322000, max:7955143531000, count:'10'}
Disconnecting from HomeSeer...
[19:22:41 INF] Shutting down
[19:22:41 DBG] Disposing Sqlite connection
[19:22:41 DBG] Finish records update thread
</system-out>
    </testcase>
    <testcase name="WithoutHittingMaxCount" assertions="7" time="0.026840" status="Passed" classname="HSPI_HistoricalRecordsTest.HistogramTest">
      <system-out>[19:22:41 INF] Plugin Starting
[19:22:41 INF] e_sqlite3 version:3.44.0
[19:22:41 INF] Connecting to database: C:\Users\Deepak\AppData\Local\Temp\ecxcykqk.gk5\data\HistoricalRecords\records.db
[19:22:41 DBG] Starting records update thread
[19:22:41 DBG] Starting RecordAllDevices
[19:22:41 VRB] Recording {"DeviceRefId": 35673, "DeviceValue": 1.1, "DeviceString": "1.1", "TimeStamp": "2222-02-02T10:02:02.0000000+00:00", "$type": "RecordData"}
[19:22:41 VRB] Adding to database: {"DeviceRefId": 35673, "DeviceValue": 1.1, "DeviceString": "1.1", "TimeStamp": "2222-02-02T10:02:02.0000000+00:00", "$type": "RecordData"}
[19:22:41 INF] Plugin Started
[19:22:41 DBG] PostBackProc for histogramforrecords for { refId:35673, min:7955143322000, max:7955143332000, count:'10'}
Disconnecting from HomeSeer...
[19:22:41 DBG] Finished RecordAllDevices
[19:22:41 INF] Shutting down
[19:22:41 DBG] Disposing Sqlite connection
[19:22:41 DBG] Finish records update thread
[19:22:41 INF] Starting maintaining database
</system-out>
    </testcase>
  </testsuite>
  <testsuite tests="3" time="0.001481" errors="0" failures="0" skipped="0" timestamp="2023-12-02T03:22:41.7801336Z" name="">
    <testcase name="DefaultConstructor" assertions="1" time="0.000523" status="Passed" classname="HSPI_HistoricalRecordsTest.HsDeviceInvalidExceptionTests" />
    <testcase name="MessageAndInnerExceptionConstructor" assertions="3" time="0.000591" status="Passed" classname="HSPI_HistoricalRecordsTest.HsDeviceInvalidExceptionTests" />
    <testcase name="MessageConstructor" assertions="2" time="0.000155" status="Passed" classname="HSPI_HistoricalRecordsTest.HsDeviceInvalidExceptionTests" />
  </testsuite>
  <testsuite tests="32" time="2.279034" errors="0" failures="0" skipped="0" timestamp="2023-12-02T03:22:41.7821349Z" name="">
    <testcase name="AllDevicesAreUpdatedOnStart" assertions="24" time="0.032360" status="Passed" classname="HSPI_HistoricalRecordsTest.PlugInTest">
      <system-out>[19:22:41 INF] Plugin Starting
[19:22:41 INF] e_sqlite3 version:3.44.0
[19:22:41 INF] Connecting to database: C:\Users\Deepak\AppData\Local\Temp\cecnhank.kul\data\HistoricalRecords\records.db
[19:22:41 DBG] Starting records update thread
[19:22:41 INF] Starting maintaining database
[19:22:41 DBG] Start Pruning older records
[19:22:41 DBG] Finished pruning older records
[19:22:41 INF] Plugin Started
[19:22:41 DBG] Starting RecordAllDevices
[19:22:41 VRB] Recording {"DeviceRefId": 1000, "DeviceValue": 1.1, "DeviceString": "abcd", "TimeStamp": "2023-11-26T03:22:41.0000000+00:00", "$type": "RecordData"}
[19:22:41 VRB] Recording {"DeviceRefId": 1001, "DeviceValue": 2221.1, "DeviceString": "rteyee", "TimeStamp": "2023-11-08T03:22:41.0000000+00:00", "$type": "RecordData"}
[19:22:41 DBG] PostBackProc for historyrecords for refId=1000&amp;min=0&amp;max=9223372036854775807&amp;start=0&amp;length=100
[19:22:41 DBG] HandleHistoryRecords refId=1000&amp;min=0&amp;max=9223372036854775807&amp;start=0&amp;length=100
[19:22:41 VRB] Adding to database: {"DeviceRefId": 1000, "DeviceValue": 1.1, "DeviceString": "abcd", "TimeStamp": "2023-11-26T03:22:41.0000000+00:00", "$type": "RecordData"}
[19:22:41 INF] Finished maintaining database
[19:22:41 DBG] Finished RecordAllDevices
[19:22:41 VRB] Adding to database: {"DeviceRefId": 1001, "DeviceValue": 2221.1, "DeviceString": "rteyee", "TimeStamp": "2023-11-08T03:22:41.0000000+00:00", "$type": "RecordData"}
[19:22:41 DBG] PostBackProc for historyrecords for refId=1000&amp;min=0&amp;max=9223372036854775807&amp;start=0&amp;length=100
[19:22:41 DBG] HandleHistoryRecords refId=1000&amp;min=0&amp;max=9223372036854775807&amp;start=0&amp;length=100
[19:22:41 DBG] PostBackProc for historyrecords for refId=1001&amp;min=0&amp;max=9223372036854775807&amp;start=0&amp;length=100
[19:22:41 DBG] HandleHistoryRecords refId=1001&amp;min=0&amp;max=9223372036854775807&amp;start=0&amp;length=100
Disconnecting from HomeSeer...
[19:22:41 INF] Shutting down
[19:22:41 DBG] Disposing Sqlite connection
[19:22:41 DBG] Finish records update thread
</system-out>
    </testcase>
    <testcase name="CheckPlugInStatus" assertions="2" time="0.029713" status="Passed" classname="HSPI_HistoricalRecordsTest.PlugInTest">
      <system-out>[19:22:42 INF] Plugin Starting
[19:22:42 INF] e_sqlite3 version:3.44.0
[19:22:42 INF] Connecting to database: C:\Users\Deepak\AppData\Local\Temp\p1w2s14f.vnf\data\HistoricalRecords\records.db
[19:22:42 DBG] Starting records update thread
[19:22:42 INF] Plugin Started
Disconnecting from HomeSeer...
[19:22:42 INF] Shutting down
[19:22:42 DBG] Disposing Sqlite connection
[19:22:42 DBG] Finish records update thread
[19:22:42 INF] Starting maintaining database
[19:22:42 DBG] Starting RecordAllDevices
</system-out>
    </testcase>
    <testcase name="CheckPlugInStatusOnFailedSqliteInitAndRecovers" assertions="4" time="1.513207" status="Passed" classname="HSPI_HistoricalRecordsTest.PlugInTest">
      <system-out>[19:22:42 INF] Plugin Starting
[19:22:43 ERR] Failed to setup Sqlite db with unable to open database file
[19:22:43 INF] Plugin Started
[19:22:43 DBG] Starting RecordAllDevices
[19:22:43 WRN] Error in RecordAllDevices with Sqlite initialize failed Or Backup in progress
[19:22:43 INF] e_sqlite3 version:3.44.0
[19:22:43 INF] Connecting to database: C:\Users\Deepak\AppData\Local\Temp\gbcp5mdv.430\data\HistoricalRecords\records.db
[19:22:43 DBG] Starting records update thread
[19:22:43 INF] Starting maintaining database
[19:22:43 DBG] Start Pruning older records
[19:22:43 WRN] Failed to do pruning with IGlobalTimerAndClock.Now invocation failed with mock behavior Strict.
All invocations on the mock must have a corresponding setup.}
[19:22:43 INF] Finished maintaining database
[19:22:43 INF] Maintainance for database triggered
Disconnecting from HomeSeer...
[19:22:43 INF] Shutting down
[19:22:43 DBG] Disposing Sqlite connection
[19:22:43 INF] Starting maintaining database
[19:22:43 DBG] Finish records update thread
</system-out>
    </testcase>
    <testcase name="CheckSettingsWithIniFilledDuringInitialize" assertions="5" time="0.011551" status="Passed" classname="HSPI_HistoricalRecordsTest.PlugInTest">
      <system-out>[19:22:43 INF] Plugin Starting
[19:22:43 INF] e_sqlite3 version:3.44.0
[19:22:43 INF] Connecting to database: C:\Users\Deepak\AppData\Local\Temp\ldy5ghh4.wxc\data\HistoricalRecords\records.db
[19:22:43 INF] Starting maintaining database
[19:22:43 INF] Finished maintaining database
[19:22:43 INF] Plugin Started
Disconnecting from HomeSeer...
[19:22:43 INF] Shutting down
</system-out>
    </testcase>
    <testcase name="GetFeatureUnit" assertions="3" time="0.031444" status="Passed" classname="HSPI_HistoricalRecordsTest.PlugInTest">
      <system-out>[19:22:43 INF] Plugin Starting
[19:22:43 INF] e_sqlite3 version:3.44.0
[19:22:43 INF] Connecting to database: C:\Users\Deepak\AppData\Local\Temp\1mh4plal.nth\data\HistoricalRecords\records.db
[19:22:43 DBG] Starting records update thread
[19:22:43 INF] Starting maintaining database
[19:22:43 DBG] Start Pruning older records
[19:22:43 DBG] Finished pruning older records
[19:22:43 INF] Finished maintaining database
[19:22:43 DBG] Starting RecordAllDevices
[19:22:43 VRB] Recording {"DeviceRefId": 5655, "DeviceValue": 1.132, "DeviceString": "1.1 F", "TimeStamp": "2000-01-01T09:01:01.0000000+00:00", "$type": "RecordData"}
[19:22:43 DBG] Finished RecordAllDevices
[19:22:43 INF] Plugin Started
[19:22:43 VRB] Adding to database: {"DeviceRefId": 5655, "DeviceValue": 1.132, "DeviceString": "1.1 F", "TimeStamp": "2000-01-01T09:01:01.0000000+00:00", "$type": "RecordData"}
Disconnecting from HomeSeer...
[19:22:43 INF] Shutting down
[19:22:43 DBG] Disposing Sqlite connection
[19:22:43 DBG] Finish records update thread
</system-out>
    </testcase>
    <testcase name="GetJuiDeviceConfigPageErrored" assertions="3" time="0.141286" status="Passed" classname="HSPI_HistoricalRecordsTest.PlugInTest">
      <system-out>[19:22:43 INF] Plugin Starting
[19:22:43 ERR] Failed to create page for 10 with error:sdfsd dfgdfg erter
Disconnecting from HomeSeer...
</system-out>
    </testcase>
    <testcase name="GetPrecision" assertions="3" time="0.018557" status="Passed" classname="HSPI_HistoricalRecordsTest.PlugInTest">
      <system-out>[19:22:44 INF] Plugin Starting
[19:22:44 INF] e_sqlite3 version:3.44.0
[19:22:44 INF] Connecting to database: C:\Users\Deepak\AppData\Local\Temp\qvrcts4z.051\data\HistoricalRecords\records.db
[19:22:44 DBG] Starting records update thread
[19:22:44 INF] Starting maintaining database
[19:22:44 DBG] Start Pruning older records
[19:22:44 DBG] Finished pruning older records
[19:22:44 INF] Finished maintaining database
[19:22:44 DBG] Starting RecordAllDevices
[19:22:44 VRB] Recording {"DeviceRefId": 10394, "DeviceValue": 1.132, "DeviceString": "1.1 F", "TimeStamp": "2000-01-01T09:01:01.0000000+00:00", "$type": "RecordData"}
[19:22:44 VRB] Adding to database: {"DeviceRefId": 10394, "DeviceValue": 1.132, "DeviceString": "1.1 F", "TimeStamp": "2000-01-01T09:01:01.0000000+00:00", "$type": "RecordData"}
[19:22:44 INF] Plugin Started
[19:22:44 DBG] Finished RecordAllDevices
Disconnecting from HomeSeer...
[19:22:44 INF] Shutting down
[19:22:44 DBG] Disposing Sqlite connection
[19:22:44 DBG] Finish records update thread
</system-out>
    </testcase>
    <testcase name="InitFirstTime" assertions="2" time="0.011063" status="Passed" classname="HSPI_HistoricalRecordsTest.PlugInTest">
      <system-out>[19:22:44 INF] Plugin Starting
Disconnecting from HomeSeer...
</system-out>
    </testcase>
    <testcase name="IsFeatureTrackedForTimer" assertions="5" time="0.016557" status="Passed" classname="HSPI_HistoricalRecordsTest.PlugInTest">
      <system-out>[19:22:44 INF] e_sqlite3 version:3.44.0
[19:22:44 INF] Connecting to database: C:\Users\Deepak\AppData\Local\Temp\tmfzu01p.ppn\data\HistoricalRecords\records.db
[19:22:44 DBG] Starting records update thread
[19:22:44 DBG] Starting RecordAllDevices
[19:22:44 VRB] Recording {"DeviceRefId": 9456, "DeviceValue": 1.132, "DeviceString": "1.1 F", "TimeStamp": "2000-01-01T09:01:01.0000000+00:00", "$type": "RecordData"}
[19:22:44 VRB] Adding to database: {"DeviceRefId": 9456, "DeviceValue": 1.132, "DeviceString": "1.1 F", "TimeStamp": "2000-01-01T09:01:01.0000000+00:00", "$type": "RecordData"}
[19:22:44 DBG] Finished RecordAllDevices
[19:22:44 INF] Plugin Started
Disconnecting from HomeSeer...
[19:22:44 INF] Starting maintaining database
[19:22:44 DBG] Start Pruning older records
[19:22:44 DBG] Finished pruning older records
[19:22:44 INF] Finished maintaining database
[19:22:44 INF] Shutting down
[19:22:44 DBG] Disposing Sqlite connection
[19:22:44 DBG] Finish records update thread
</system-out>
    </testcase>
    <testcase name="PostBackProcforNonHandled" assertions="1" time="0.000773" status="Passed" classname="HSPI_HistoricalRecordsTest.PlugInTest">
      <system-out>[19:22:44 DBG] PostBackProc for Random for data
</system-out>
    </testcase>
    <testcase name="UseWithoutInit" assertions="3" time="0.000995" status="Passed" classname="HSPI_HistoricalRecordsTest.PlugInTest">
      <system-out>[19:22:44 INF] Deleting All Records for RefId:10
</system-out>
    </testcase>
    <testcase name="VerifyAccessLevel" assertions="1" time="0.000110" status="Passed" classname="HSPI_HistoricalRecordsTest.PlugInTest" />
    <testcase name="VerifyNameAndId" assertions="2" time="0.000096" status="Passed" classname="HSPI_HistoricalRecordsTest.PlugInTest" />
    <testcase name="VerifySupportsConfigDeviceAll" assertions="3" time="0.000068" status="Passed" classname="HSPI_HistoricalRecordsTest.PlugInTest" />
  </testsuite>
  <testsuite tests="6" time="0.284278" errors="0" failures="0" skipped="0" timestamp="2023-12-02T03:22:41.8138355Z" name="">
    <testcase name="CheckLogLevelSettingChange(Information,False)" assertions="8" time="0.222798" status="Passed" classname="HSPI_HistoricalRecordsTest.PlugInTest">
      <system-out>[19:22:41 INF] Plugin Starting
[19:22:42 INF] Page:SettingPage has changed value of id:LogToFile to False
Disconnecting from HomeSeer...
[19:22:42 INF] Shutting down
</system-out>
    </testcase>
    <testcase name="CheckLogLevelSettingChange(Warning,False)" assertions="8" time="0.007738" status="Passed" classname="HSPI_HistoricalRecordsTest.PlugInTest">
      <system-out>[19:22:42 INF] Plugin Starting
Disconnecting from HomeSeer...
</system-out>
    </testcase>
    <testcase name="CheckLogLevelSettingChange(Fatal,False)" assertions="8" time="0.006976" status="Passed" classname="HSPI_HistoricalRecordsTest.PlugInTest">
      <system-out>Disconnecting from HomeSeer...
</system-out>
    </testcase>
    <testcase name="CheckLogLevelSettingChange(Information,True)" assertions="8" time="0.018107" status="Passed" classname="HSPI_HistoricalRecordsTest.PlugInTest">
      <system-out>[19:22:42 INF] Page:SettingPage has changed value of id:LogToFile to True
Disconnecting from HomeSeer...
[19:22:42 INF] Shutting down
</system-out>
    </testcase>
    <testcase name="CheckLogLevelSettingChange(Verbose,False)" assertions="8" time="0.015613" status="Passed" classname="HSPI_HistoricalRecordsTest.PlugInTest">
      <system-out>[19:22:42 INF] Plugin Starting
[19:22:42 INF] Page:SettingPage has changed value of id:LogToFile to False
Disconnecting from HomeSeer...
[19:22:42 INF] Shutting down
[19:22:42 DBG] Finish records update thread
[19:22:42 DBG] Disposing Sqlite connection
</system-out>
    </testcase>
    <testcase name="CheckLogLevelSettingChange(Debug,True)" assertions="8" time="0.011823" status="Passed" classname="HSPI_HistoricalRecordsTest.PlugInTest">
      <system-out>[19:22:42 INF] Plugin Starting
[19:22:42 INF] Page:SettingPage has changed value of id:LogToFile to True
Disconnecting from HomeSeer...
[19:22:42 INF] Shutting down
[19:22:42 DBG] Disposing Sqlite connection
[19:22:42 DBG] Finish records update thread
</system-out>
    </testcase>
  </testsuite>
  <testsuite tests="8" time="0.105263" errors="0" failures="0" skipped="0" timestamp="2023-12-02T03:22:43.6851999Z" name="">
    <testcase name="GetFeatureUnitForDifferentTypes(&quot;96%&quot;,&quot;%&quot;)" assertions="2" time="0.008751" status="Passed" classname="HSPI_HistoricalRecordsTest.PlugInTest">
      <system-out>[19:22:43 INF] Plugin Starting
[19:22:43 INF] e_sqlite3 version:3.44.0
[19:22:43 INF] Connecting to database: C:\Users\Deepak\AppData\Local\Temp\mbq31yj0.kiv\data\HistoricalRecords\records.db
[19:22:43 DBG] Starting records update thread
[19:22:43 INF] Plugin Started
Disconnecting from HomeSeer...
[19:22:43 INF] Shutting down
[19:22:43 DBG] Disposing Sqlite connection
[19:22:43 DBG] Finish records update thread
[19:22:43 INF] Starting maintaining database
[19:22:43 DBG] Starting RecordAllDevices
[19:22:43 VRB] Recording {"DeviceRefId": 100, "DeviceValue": 0, "DeviceString": "96%", "TimeStamp": "2000-01-01T09:01:01.0000000+00:00", "$type": "RecordData"}
</system-out>
    </testcase>
    <testcase name="GetFeatureUnitForDifferentTypes(&quot;96 %&quot;,&quot;%&quot;)" assertions="2" time="0.019373" status="Passed" classname="HSPI_HistoricalRecordsTest.PlugInTest">
      <system-out>[19:22:43 INF] Plugin Starting
[19:22:43 INF] e_sqlite3 version:3.44.0
[19:22:43 INF] Connecting to database: C:\Users\Deepak\AppData\Local\Temp\yztbq42n.c2q\data\HistoricalRecords\records.db
[19:22:43 DBG] Starting records update thread
[19:22:43 INF] Starting maintaining database
[19:22:43 DBG] Start Pruning older records
[19:22:43 DBG] Finished pruning older records
[19:22:43 INF] Finished maintaining database
[19:22:43 DBG] Starting RecordAllDevices
[19:22:43 VRB] Recording {"DeviceRefId": 100, "DeviceValue": 0, "DeviceString": null, "TimeStamp": "2000-01-01T09:01:01.0000000+00:00", "$type": "RecordData"}
[19:22:43 VRB] Adding to database: {"DeviceRefId": 100, "DeviceValue": 0, "DeviceString": null, "TimeStamp": "2000-01-01T09:01:01.0000000+00:00", "$type": "RecordData"}
[19:22:43 DBG] Finished RecordAllDevices
[19:22:43 INF] Plugin Started
Disconnecting from HomeSeer...
[19:22:43 INF] Shutting down
[19:22:43 DBG] Disposing Sqlite connection
[19:22:43 DBG] Finish records update thread
</system-out>
    </testcase>
    <testcase name="GetFeatureUnitForDifferentTypes(&quot;-96 W&quot;,&quot;W&quot;)" assertions="2" time="0.009948" status="Passed" classname="HSPI_HistoricalRecordsTest.PlugInTest">
      <system-out>[19:22:43 INF] Plugin Starting
[19:22:43 INF] e_sqlite3 version:3.44.0
[19:22:43 INF] Connecting to database: C:\Users\Deepak\AppData\Local\Temp\nylxedna.hxo\data\HistoricalRecords\records.db
[19:22:43 DBG] Starting records update thread
[19:22:43 INF] Starting maintaining database
[19:22:43 DBG] Start Pruning older records
[19:22:43 DBG] Finished pruning older records
[19:22:43 INF] Finished maintaining database
[19:22:43 INF] Plugin Started
Disconnecting from HomeSeer...
[19:22:43 INF] Shutting down
[19:22:43 DBG] Disposing Sqlite connection
[19:22:43 DBG] Finish records update thread
[19:22:43 DBG] Starting RecordAllDevices
[19:22:43 VRB] Recording {"DeviceRefId": 100, "DeviceValue": 0, "DeviceString": "-96 W", "TimeStamp": "2000-01-01T09:01:01.0000000+00:00", "$type": "RecordData"}
</system-out>
    </testcase>
    <testcase name="GetFeatureUnitForDifferentTypes(&quot;93dkfe6 W&quot;,null)" assertions="2" time="0.012910" status="Passed" classname="HSPI_HistoricalRecordsTest.PlugInTest">
      <system-out>[19:22:43 INF] Plugin Starting
[19:22:43 INF] e_sqlite3 version:3.44.0
[19:22:43 INF] Connecting to database: C:\Users\Deepak\AppData\Local\Temp\dg01bkmv.sfe\data\HistoricalRecords\records.db
[19:22:43 DBG] Starting records update thread
[19:22:43 INF] Starting maintaining database
[19:22:43 DBG] Start Pruning older records
[19:22:43 DBG] Finished pruning older records
[19:22:43 INF] Finished maintaining database
[19:22:43 INF] Plugin Started
Disconnecting from HomeSeer...
[19:22:43 INF] Shutting down
[19:22:43 DBG] Disposing Sqlite connection
[19:22:43 DBG] Finish records update thread
[19:22:43 DBG] Starting RecordAllDevices
[19:22:43 VRB] Recording {"DeviceRefId": 100, "DeviceValue": 0, "DeviceString": "93dkfe6 W", "TimeStamp": "2000-01-01T09:01:01.0000000+00:00", "$type": "RecordData"}
</system-out>
    </testcase>
    <testcase name="GetFeatureUnitForDifferentTypes(&quot;96 kW hours&quot;,&quot;kW hours&quot;)" assertions="2" time="0.011991" status="Passed" classname="HSPI_HistoricalRecordsTest.PlugInTest">
      <system-out>[19:22:43 INF] Plugin Starting
[19:22:43 INF] e_sqlite3 version:3.44.0
[19:22:43 INF] Connecting to database: C:\Users\Deepak\AppData\Local\Temp\ffitwxyw.h2l\data\HistoricalRecords\records.db
[19:22:43 DBG] Starting records update thread
[19:22:43 INF] Plugin Started
Disconnecting from HomeSeer...
[19:22:43 INF] Shutting down
[19:22:43 DBG] Disposing Sqlite connection
[19:22:43 INF] Starting maintaining database
[19:22:43 DBG] Starting RecordAllDevices
[19:22:43 VRB] Recording {"DeviceRefId": 100, "DeviceValue": 0, "DeviceString": "96 kW hours", "TimeStamp": "2000-01-01T09:01:01.0000000+00:00", "$type": "RecordData"}
[19:22:43 DBG] Finish records update thread
</system-out>
    </testcase>
    <testcase name="GetFeatureUnitForDifferentTypes(&quot;96 F&quot;,&quot;F&quot;)" assertions="2" time="0.015585" status="Passed" classname="HSPI_HistoricalRecordsTest.PlugInTest">
      <system-out>[19:22:43 INF] Plugin Starting
[19:22:43 INF] e_sqlite3 version:3.44.0
[19:22:43 INF] Connecting to database: C:\Users\Deepak\AppData\Local\Temp\hy1bg1cp.qfs\data\HistoricalRecords\records.db
[19:22:43 DBG] Starting records update thread
[19:22:43 INF] Starting maintaining database
[19:22:43 DBG] Start Pruning older records
[19:22:43 DBG] Finished pruning older records
[19:22:43 INF] Finished maintaining database
[19:22:43 INF] Plugin Started
Disconnecting from HomeSeer...
[19:22:43 INF] Shutting down
[19:22:43 DBG] Disposing Sqlite connection
[19:22:43 DBG] Finish records update thread
[19:22:43 DBG] Starting RecordAllDevices
[19:22:43 VRB] Recording {"DeviceRefId": 100, "DeviceValue": 0, "DeviceString": "96 F", "TimeStamp": "2000-01-01T09:01:01.0000000+00:00", "$type": "RecordData"}
</system-out>
    </testcase>
    <testcase name="GetFeatureUnitForDifferentTypes(&quot;96234857&quot;,null)" assertions="2" time="0.017456" status="Passed" classname="HSPI_HistoricalRecordsTest.PlugInTest">
      <system-out>[19:22:43 INF] Plugin Starting
[19:22:43 INF] e_sqlite3 version:3.44.0
[19:22:43 INF] Connecting to database: C:\Users\Deepak\AppData\Local\Temp\w4flo3f0.njg\data\HistoricalRecords\records.db
[19:22:43 DBG] Starting records update thread
[19:22:43 INF] Starting maintaining database
[19:22:43 DBG] Start Pruning older records
[19:22:43 DBG] Finished pruning older records
[19:22:43 INF] Finished maintaining database
[19:22:43 DBG] Starting RecordAllDevices
[19:22:43 VRB] Recording {"DeviceRefId": 100, "DeviceValue": 0, "DeviceString": null, "TimeStamp": "2000-01-01T09:01:01.0000000+00:00", "$type": "RecordData"}
[19:22:43 VRB] Adding to database: {"DeviceRefId": 100, "DeviceValue": 0, "DeviceString": null, "TimeStamp": "2000-01-01T09:01:01.0000000+00:00", "$type": "RecordData"}
[19:22:43 INF] Plugin Started
Disconnecting from HomeSeer...
[19:22:43 INF] Shutting down
[19:22:43 DBG] Disposing Sqlite connection
[19:22:43 DBG] Finished RecordAllDevices
[19:22:43 DBG] Finish records update thread
</system-out>
    </testcase>
    <testcase name="GetFeatureUnitForDifferentTypes(&quot;apple&quot;,null)" assertions="2" time="0.008545" status="Passed" classname="HSPI_HistoricalRecordsTest.PlugInTest">
      <system-out>[19:22:43 INF] Plugin Starting
[19:22:43 INF] e_sqlite3 version:3.44.0
[19:22:43 INF] Connecting to database: C:\Users\Deepak\AppData\Local\Temp\m3s0spty.bsl\data\HistoricalRecords\records.db
[19:22:43 DBG] Starting records update thread
[19:22:43 INF] Plugin Started
Disconnecting from HomeSeer...
[19:22:43 INF] Shutting down
[19:22:43 DBG] Disposing Sqlite connection
[19:22:43 DBG] Finish records update thread
[19:22:43 INF] Starting maintaining database
[19:22:43 DBG] Starting RecordAllDevices
[19:22:43 VRB] Recording {"DeviceRefId": 100, "DeviceValue": 0, "DeviceString": "apple", "TimeStamp": "2000-01-01T09:01:01.0000000+00:00", "$type": "RecordData"}
</system-out>
    </testcase>
  </testsuite>
  <testsuite tests="2" time="0.053433" errors="0" failures="0" skipped="0" timestamp="2023-12-02T03:22:43.9318130Z" name="">
    <testcase name="GetJuiDeviceConfigPageForDevice(&quot;HistoricalRecords&quot;,&quot;editdevice&quot;)" assertions="6" time="0.042041" status="Passed" classname="HSPI_HistoricalRecordsTest.PlugInTest">
      <system-out>[19:22:43 INF] e_sqlite3 version:3.44.0
[19:22:43 INF] Connecting to database: C:\Users\Deepak\AppData\Local\Temp\sr32kzg5.rtw\data\HistoricalRecords\records.db
[19:22:43 DBG] Starting records update thread
[19:22:43 INF] Plugin Started
[19:22:43 INF] Starting maintaining database
[19:22:43 DBG] Start Pruning older records
[19:22:43 DBG] Finished pruning older records
[19:22:43 INF] Finished maintaining database
[19:22:43 DBG] Starting RecordAllDevices
[19:22:43 VRB] Not adding 10's value to db as it is not tracked
[19:22:43 DBG] Finished RecordAllDevices
Disconnecting from HomeSeer...
[19:22:43 INF] Shutting down
[19:22:43 DBG] Disposing Sqlite connection
[19:22:43 DBG] Finish records update thread
</system-out>
    </testcase>
    <testcase name="GetJuiDeviceConfigPageForDevice(&quot;&quot;,&quot;devicehistoricalrecords&quot;)" assertions="6" time="0.011171" status="Passed" classname="HSPI_HistoricalRecordsTest.PlugInTest">
      <system-out>[19:22:43 INF] Plugin Starting
[19:22:43 INF] e_sqlite3 version:3.44.0
[19:22:43 INF] Connecting to database: C:\Users\Deepak\AppData\Local\Temp\1bpkz5kj.jpt\data\HistoricalRecords\records.db
[19:22:43 DBG] Starting records update thread
[19:22:43 INF] Starting maintaining database
[19:22:43 DBG] Start Pruning older records
[19:22:43 DBG] Finished pruning older records
[19:22:43 INF] Finished maintaining database
[19:22:43 INF] Plugin Started
Disconnecting from HomeSeer...
[19:22:43 INF] Shutting down
[19:22:43 DBG] Disposing Sqlite connection
[19:22:43 DBG] Finish records update thread
[19:22:43 DBG] Starting RecordAllDevices
[19:22:43 VRB] Recording {"DeviceRefId": 10, "DeviceValue": 0, "DeviceString": null, "TimeStamp": "2000-01-01T09:01:01.0000000+00:00", "$type": "RecordData"}
</system-out>
    </testcase>
  </testsuite>
  <testsuite tests="2" time="0.027274" errors="0" failures="0" skipped="0" timestamp="2023-12-02T03:22:43.9857292Z" name="">
    <testcase name="GetJuiDeviceConfigPageForFeature(&quot;HistoricalRecords&quot;,&quot;editdevice&quot;)" assertions="6" time="0.015177" status="Passed" classname="HSPI_HistoricalRecordsTest.PlugInTest">
      <system-out>[19:22:43 INF] Plugin Starting
[19:22:43 INF] e_sqlite3 version:3.44.0
[19:22:43 INF] Connecting to database: C:\Users\Deepak\AppData\Local\Temp\qrdaap3w.zbw\data\HistoricalRecords\records.db
[19:22:43 DBG] Starting records update thread
[19:22:43 INF] Plugin Started
[19:22:43 DBG] Starting RecordAllDevices
[19:22:43 VRB] Not adding 10's value to db as it is not tracked
[19:22:43 DBG] Finished RecordAllDevices
[19:22:43 INF] Starting maintaining database
[19:22:43 DBG] Start Pruning older records
[19:22:43 DBG] Finished pruning older records
[19:22:43 INF] Finished maintaining database
Disconnecting from HomeSeer...
[19:22:43 INF] Shutting down
[19:22:43 DBG] Disposing Sqlite connection
[19:22:43 DBG] Finish records update thread
</system-out>
    </testcase>
    <testcase name="GetJuiDeviceConfigPageForFeature(&quot;&quot;,&quot;devicehistoricalrecords&quot;)" assertions="6" time="0.011979" status="Passed" classname="HSPI_HistoricalRecordsTest.PlugInTest">
      <system-out>[19:22:44 INF] Plugin Starting
[19:22:44 INF] e_sqlite3 version:3.44.0
[19:22:44 INF] Connecting to database: C:\Users\Deepak\AppData\Local\Temp\rh4axleb.mjb\data\HistoricalRecords\records.db
[19:22:44 DBG] Starting records update thread
[19:22:44 INF] Starting maintaining database
[19:22:44 DBG] Start Pruning older records
[19:22:44 DBG] Finished pruning older records
[19:22:44 INF] Finished maintaining database
[19:22:44 DBG] Starting RecordAllDevices
[19:22:44 DBG] Finished RecordAllDevices
[19:22:44 INF] Plugin Started
Disconnecting from HomeSeer...
[19:22:44 INF] Shutting down
[19:22:44 DBG] Disposing Sqlite connection
[19:22:44 DBG] Finish records update thread
</system-out>
    </testcase>
  </testsuite>
  <testsuite tests="3" time="0.116742" errors="0" failures="0" skipped="0" timestamp="2023-12-02T03:22:44.0627165Z" name="">
    <testcase name="PruningAccountsForPerDevicePruningDuration" assertions="125" time="0.017202" status="Passed" classname="HSPI_HistoricalRecordsTest.PruningTest">
      <system-out>[19:22:44 INF] Plugin Starting
Disconnecting from HomeSeer...
</system-out>
    </testcase>
    <testcase name="PruningPreservesMinRecords" assertions="124" time="0.049452" status="Passed" classname="HSPI_HistoricalRecordsTest.PruningTest">
      <system-out>Disconnecting from HomeSeer...
</system-out>
    </testcase>
    <testcase name="PruningRemovesOldestRecords" assertions="124" time="0.049783" status="Passed" classname="HSPI_HistoricalRecordsTest.PruningTest">
      <system-out>Disconnecting from HomeSeer...
</system-out>
    </testcase>
  </testsuite>
  <testsuite tests="11" time="1.902744" errors="0" failures="0" skipped="0" timestamp="2023-12-02T03:22:44.1796313Z" name="">
    <testcase name="GetAllDevicesProperties" assertions="213" time="1.650502" status="Passed" classname="HSPI_HistoricalRecordsTest.ScrbianFunctionsTest">
      <system-out>[19:22:44 INF] e_sqlite3 version:3.44.0
[19:22:44 INF] Connecting to database: C:\Users\Deepak\AppData\Local\Temp\1fy5auxj.yz3\data\HistoricalRecords\records.db
[19:22:44 DBG] Starting records update thread
[19:22:44 INF] Plugin Started
[19:22:44 INF] Starting maintaining database
[19:22:44 DBG] Start Pruning older records
[19:22:44 DBG] Finished pruning older records
[19:22:44 INF] Finished maintaining database
[19:22:44 DBG] Starting RecordAllDevices
[19:22:44 VRB] Recording {"DeviceRefId": 1307, "DeviceValue": 1.1, "DeviceString": "1.1", "TimeStamp": "2222-02-02T10:02:02.0000000+00:00", "$type": "RecordData"}
[19:22:44 VRB] Adding to database: {"DeviceRefId": 1307, "DeviceValue": 1.1, "DeviceString": "1.1", "TimeStamp": "2222-02-02T10:02:02.0000000+00:00", "$type": "RecordData"}
[19:22:44 VRB] Recording {"DeviceRefId": 1308, "DeviceValue": 1.1, "DeviceString": "1.1", "TimeStamp": "2222-02-02T10:02:02.0000000+00:00", "$type": "RecordData"}
[19:22:44 VRB] Recording {"DeviceRefId": 1309, "DeviceValue": 1.1, "DeviceString": "1.1", "TimeStamp": "2222-02-02T10:02:02.0000000+00:00", "$type": "RecordData"}
[19:22:44 VRB] Recording {"DeviceRefId": 1310, "DeviceValue": 1.1, "DeviceString": "1.1", "TimeStamp": "2222-02-02T10:02:02.0000000+00:00", "$type": "RecordData"}
[19:22:44 VRB] Recording {"DeviceRefId": 1311, "DeviceValue": 1.1, "DeviceString": "1.1", "TimeStamp": "2222-02-02T10:02:02.0000000+00:00", "$type": "RecordData"}
[19:22:44 VRB] Recording {"DeviceRefId": 1312, "DeviceValue": 1.1, "DeviceString": "1.1", "TimeStamp": "2222-02-02T10:02:02.0000000+00:00", "$type": "RecordData"}
[19:22:44 VRB] Recording {"DeviceRefId": 1313, "DeviceValue": 1.1, "DeviceString": "1.1", "TimeStamp": "2222-02-02T10:02:02.0000000+00:00", "$type": "RecordData"}
[19:22:44 VRB] Recording {"DeviceRefId": 1314, "DeviceValue": 1.1, "DeviceString": "1.1", "TimeStamp": "2222-02-02T10:02:02.0000000+00:00", "$type": "RecordData"}
[19:22:44 VRB] Recording {"DeviceRefId": 1315, "DeviceValue": 1.1, "DeviceString": "1.1", "TimeStamp": "2222-02-02T10:02:02.0000000+00:00", "$type": "RecordData"}
[19:22:44 VRB] Recording {"DeviceRefId": 1316, "DeviceValue": 1.1, "DeviceString": "1.1", "TimeStamp": "2222-02-02T10:02:02.0000000+00:00", "$type": "RecordData"}
[19:22:44 VRB] Recording {"DeviceRefId": 1317, "DeviceValue": 1.1, "DeviceString": "1.1", "TimeStamp": "2222-02-02T10:02:02.0000000+00:00", "$type": "RecordData"}
[19:22:44 VRB] Recording {"DeviceRefId": 1318, "DeviceValue": 1.1, "DeviceString": "1.1", "TimeStamp": "2222-02-02T10:02:02.0000000+00:00", "$type": "RecordData"}
[19:22:44 VRB] Adding to database: {"DeviceRefId": 1308, "DeviceValue": 1.1, "DeviceString": "1.1", "TimeStamp": "2222-02-02T10:02:02.0000000+00:00", "$type": "RecordData"}
[19:22:44 VRB] Adding to database: {"DeviceRefId": 1309, "DeviceValue": 1.1, "DeviceString": "1.1", "TimeStamp": "2222-02-02T10:02:02.0000000+00:00", "$type": "RecordData"}
[19:22:44 VRB] Adding to database: {"DeviceRefId": 1310, "DeviceValue": 1.1, "DeviceString": "1.1", "TimeStamp": "2222-02-02T10:02:02.0000000+00:00", "$type": "RecordData"}
[19:22:44 VRB] Adding to database: {"DeviceRefId": 1311, "DeviceValue": 1.1, "DeviceString": "1.1", "TimeStamp": "2222-02-02T10:02:02.0000000+00:00", "$type": "RecordData"}
[19:22:44 VRB] Adding to database: {"DeviceRefId": 1312, "DeviceValue": 1.1, "DeviceString": "1.1", "TimeStamp": "2222-02-02T10:02:02.0000000+00:00", "$type": "RecordData"}
[19:22:44 VRB] Adding to database: {"DeviceRefId": 1313, "DeviceValue": 1.1, "DeviceString": "1.1", "TimeStamp": "2222-02-02T10:02:02.0000000+00:00", "$type": "RecordData"}
[19:22:44 VRB] Adding to database: {"DeviceRefId": 1314, "DeviceValue": 1.1, "DeviceString": "1.1", "TimeStamp": "2222-02-02T10:02:02.0000000+00:00", "$type": "RecordData"}
[19:22:44 VRB] Adding to database: {"DeviceRefId": 1315, "DeviceValue": 1.1, "DeviceString": "1.1", "TimeStamp": "2222-02-02T10:02:02.0000000+00:00", "$type": "RecordData"}
[19:22:44 VRB] Adding to database: {"DeviceRefId": 1316, "DeviceValue": 1.1, "DeviceString": "1.1", "TimeStamp": "2222-02-02T10:02:02.0000000+00:00", "$type": "RecordData"}
[19:22:44 VRB] Adding to database: {"DeviceRefId": 1317, "DeviceValue": 1.1, "DeviceString": "1.1", "TimeStamp": "2222-02-02T10:02:02.0000000+00:00", "$type": "RecordData"}
[19:22:44 VRB] Adding to database: {"DeviceRefId": 1318, "DeviceValue": 1.1, "DeviceString": "1.1", "TimeStamp": "2222-02-02T10:02:02.0000000+00:00", "$type": "RecordData"}
[19:22:44 INF] Deleting All Records for (1307)
[19:22:44 INF] Removed 1 row(s) for device:1307 in database
[19:22:44 VRB] Recording {"DeviceRefId": 1319, "DeviceValue": 1.1, "DeviceString": "1.1", "TimeStamp": "2222-02-02T10:02:02.0000000+00:00", "$type": "RecordData"}
[19:22:44 VRB] Recording {"DeviceRefId": 1320, "DeviceValue": 1.1, "DeviceString": "1.1", "TimeStamp": "2222-02-02T10:02:02.0000000+00:00", "$type": "RecordData"}
[19:22:44 VRB] Recording {"DeviceRefId": 1321, "DeviceValue": 1.1, "DeviceString": "1.1", "TimeStamp": "2222-02-02T10:02:02.0000000+00:00", "$type": "RecordData"}
[19:22:44 DBG] Finished RecordAllDevices
[19:22:44 INF] Deleting All Records for (1308)
[19:22:44 INF] Removed 1 row(s) for device:1308 in database
[19:22:44 VRB] Recording {"DeviceRefId": 1308, "DeviceValue": 1, "DeviceString": "1", "TimeStamp": "2222-02-02T10:02:02.0000000+00:00", "$type": "RecordData"}
[19:22:44 VRB] Adding to database: {"DeviceRefId": 1319, "DeviceValue": 1.1, "DeviceString": "1.1", "TimeStamp": "2222-02-02T10:02:02.0000000+00:00", "$type": "RecordData"}
[19:22:44 VRB] Adding to database: {"DeviceRefId": 1320, "DeviceValue": 1.1, "DeviceString": "1.1", "TimeStamp": "2222-02-02T10:02:02.0000000+00:00", "$type": "RecordData"}
[19:22:44 VRB] Adding to database: {"DeviceRefId": 1321, "DeviceValue": 1.1, "DeviceString": "1.1", "TimeStamp": "2222-02-02T10:02:02.0000000+00:00", "$type": "RecordData"}
[19:22:44 VRB] Adding to database: {"DeviceRefId": 1308, "DeviceValue": 1, "DeviceString": "1", "TimeStamp": "2222-02-02T10:02:02.0000000+00:00", "$type": "RecordData"}
[19:22:44 INF] Deleting All Records for (1309)
[19:22:44 INF] Removed 1 row(s) for device:1309 in database
[19:22:44 VRB] Recording {"DeviceRefId": 1309, "DeviceValue": 2, "DeviceString": "2", "TimeStamp": "2222-02-02T10:02:02.0000000+00:00", "$type": "RecordData"}
[19:22:44 VRB] Adding to database: {"DeviceRefId": 1309, "DeviceValue": 2, "DeviceString": "2", "TimeStamp": "2222-02-02T10:02:02.0000000+00:00", "$type": "RecordData"}
[19:22:44 VRB] Recording {"DeviceRefId": 1309, "DeviceValue": 2, "DeviceString": "2", "TimeStamp": "2222-02-02T10:04:02.0000000+00:00", "$type": "RecordData"}
[19:22:44 VRB] Adding to database: {"DeviceRefId": 1309, "DeviceValue": 2, "DeviceString": "2", "TimeStamp": "2222-02-02T10:04:02.0000000+00:00", "$type": "RecordData"}
[19:22:44 INF] Deleting All Records for (1310)
[19:22:44 INF] Removed 1 row(s) for device:1310 in database
[19:22:44 VRB] Recording {"DeviceRefId": 1310, "DeviceValue": 3, "DeviceString": "3", "TimeStamp": "2222-02-02T10:02:02.0000000+00:00", "$type": "RecordData"}
[19:22:44 VRB] Adding to database: {"DeviceRefId": 1310, "DeviceValue": 3, "DeviceString": "3", "TimeStamp": "2222-02-02T10:02:02.0000000+00:00", "$type": "RecordData"}
[19:22:44 VRB] Recording {"DeviceRefId": 1310, "DeviceValue": 3, "DeviceString": "3", "TimeStamp": "2222-02-02T10:05:02.0000000+00:00", "$type": "RecordData"}
[19:22:44 VRB] Adding to database: {"DeviceRefId": 1310, "DeviceValue": 3, "DeviceString": "3", "TimeStamp": "2222-02-02T10:05:02.0000000+00:00", "$type": "RecordData"}
[19:22:44 VRB] Recording {"DeviceRefId": 1310, "DeviceValue": 3, "DeviceString": "3", "TimeStamp": "2222-02-02T10:08:02.0000000+00:00", "$type": "RecordData"}
[19:22:44 VRB] Adding to database: {"DeviceRefId": 1310, "DeviceValue": 3, "DeviceString": "3", "TimeStamp": "2222-02-02T10:08:02.0000000+00:00", "$type": "RecordData"}
[19:22:44 INF] Deleting All Records for (1311)
[19:22:44 INF] Removed 1 row(s) for device:1311 in database
[19:22:44 VRB] Recording {"DeviceRefId": 1311, "DeviceValue": 4, "DeviceString": "4", "TimeStamp": "2222-02-02T10:02:02.0000000+00:00", "$type": "RecordData"}
[19:22:44 VRB] Adding to database: {"DeviceRefId": 1311, "DeviceValue": 4, "DeviceString": "4", "TimeStamp": "2222-02-02T10:02:02.0000000+00:00", "$type": "RecordData"}
[19:22:44 VRB] Recording {"DeviceRefId": 1311, "DeviceValue": 4, "DeviceString": "4", "TimeStamp": "2222-02-02T10:06:02.0000000+00:00", "$type": "RecordData"}
[19:22:44 VRB] Adding to database: {"DeviceRefId": 1311, "DeviceValue": 4, "DeviceString": "4", "TimeStamp": "2222-02-02T10:06:02.0000000+00:00", "$type": "RecordData"}
[19:22:44 VRB] Recording {"DeviceRefId": 1311, "DeviceValue": 4, "DeviceString": "4", "TimeStamp": "2222-02-02T10:10:02.0000000+00:00", "$type": "RecordData"}
[19:22:44 VRB] Adding to database: {"DeviceRefId": 1311, "DeviceValue": 4, "DeviceString": "4", "TimeStamp": "2222-02-02T10:10:02.0000000+00:00", "$type": "RecordData"}
[19:22:44 VRB] Recording {"DeviceRefId": 1311, "DeviceValue": 4, "DeviceString": "4", "TimeStamp": "2222-02-02T10:14:02.0000000+00:00", "$type": "RecordData"}
[19:22:44 VRB] Adding to database: {"DeviceRefId": 1311, "DeviceValue": 4, "DeviceString": "4", "TimeStamp": "2222-02-02T10:14:02.0000000+00:00", "$type": "RecordData"}
[19:22:44 INF] Deleting All Records for (1312)
[19:22:44 INF] Removed 1 row(s) for device:1312 in database
[19:22:44 VRB] Recording {"DeviceRefId": 1312, "DeviceValue": 5, "DeviceString": "5", "TimeStamp": "2222-02-02T10:02:02.0000000+00:00", "$type": "RecordData"}
[19:22:44 VRB] Adding to database: {"DeviceRefId": 1312, "DeviceValue": 5, "DeviceString": "5", "TimeStamp": "2222-02-02T10:02:02.0000000+00:00", "$type": "RecordData"}
[19:22:44 VRB] Recording {"DeviceRefId": 1312, "DeviceValue": 5, "DeviceString": "5", "TimeStamp": "2222-02-02T10:07:02.0000000+00:00", "$type": "RecordData"}
[19:22:44 VRB] Adding to database: {"DeviceRefId": 1312, "DeviceValue": 5, "DeviceString": "5", "TimeStamp": "2222-02-02T10:07:02.0000000+00:00", "$type": "RecordData"}
[19:22:44 VRB] Recording {"DeviceRefId": 1312, "DeviceValue": 5, "DeviceString": "5", "TimeStamp": "2222-02-02T10:12:02.0000000+00:00", "$type": "RecordData"}
[19:22:44 VRB] Adding to database: {"DeviceRefId": 1312, "DeviceValue": 5, "DeviceString": "5", "TimeStamp": "2222-02-02T10:12:02.0000000+00:00", "$type": "RecordData"}
[19:22:44 VRB] Recording {"DeviceRefId": 1312, "DeviceValue": 5, "DeviceString": "5", "TimeStamp": "2222-02-02T10:17:02.0000000+00:00", "$type": "RecordData"}
[19:22:44 VRB] Adding to database: {"DeviceRefId": 1312, "DeviceValue": 5, "DeviceString": "5", "TimeStamp": "2222-02-02T10:17:02.0000000+00:00", "$type": "RecordData"}
[19:22:44 VRB] Recording {"DeviceRefId": 1312, "DeviceValue": 5, "DeviceString": "5", "TimeStamp": "2222-02-02T10:22:02.0000000+00:00", "$type": "RecordData"}
[19:22:44 VRB] Adding to database: {"DeviceRefId": 1312, "DeviceValue": 5, "DeviceString": "5", "TimeStamp": "2222-02-02T10:22:02.0000000+00:00", "$type": "RecordData"}
[19:22:44 INF] Deleting All Records for (1313)
[19:22:44 INF] Removed 1 row(s) for device:1313 in database
[19:22:44 VRB] Recording {"DeviceRefId": 1313, "DeviceValue": 6, "DeviceString": "6", "TimeStamp": "2222-02-02T10:02:02.0000000+00:00", "$type": "RecordData"}
[19:22:44 VRB] Adding to database: {"DeviceRefId": 1313, "DeviceValue": 6, "DeviceString": "6", "TimeStamp": "2222-02-02T10:02:02.0000000+00:00", "$type": "RecordData"}
[19:22:44 VRB] Recording {"DeviceRefId": 1313, "DeviceValue": 6, "DeviceString": "6", "TimeStamp": "2222-02-02T10:08:02.0000000+00:00", "$type": "RecordData"}
[19:22:44 VRB] Adding to database: {"DeviceRefId": 1313, "DeviceValue": 6, "DeviceString": "6", "TimeStamp": "2222-02-02T10:08:02.0000000+00:00", "$type": "RecordData"}
[19:22:44 VRB] Recording {"DeviceRefId": 1313, "DeviceValue": 6, "DeviceString": "6", "TimeStamp": "2222-02-02T10:14:02.0000000+00:00", "$type": "RecordData"}
[19:22:44 VRB] Adding to database: {"DeviceRefId": 1313, "DeviceValue": 6, "DeviceString": "6", "TimeStamp": "2222-02-02T10:14:02.0000000+00:00", "$type": "RecordData"}
[19:22:44 VRB] Recording {"DeviceRefId": 1313, "DeviceValue": 6, "DeviceString": "6", "TimeStamp": "2222-02-02T10:20:02.0000000+00:00", "$type": "RecordData"}
[19:22:44 VRB] Adding to database: {"DeviceRefId": 1313, "DeviceValue": 6, "DeviceString": "6", "TimeStamp": "2222-02-02T10:20:02.0000000+00:00", "$type": "RecordData"}
[19:22:44 VRB] Recording {"DeviceRefId": 1313, "DeviceValue": 6, "DeviceString": "6", "TimeStamp": "2222-02-02T10:26:02.0000000+00:00", "$type": "RecordData"}
[19:22:44 VRB] Adding to database: {"DeviceRefId": 1313, "DeviceValue": 6, "DeviceString": "6", "TimeStamp": "2222-02-02T10:26:02.0000000+00:00", "$type": "RecordData"}
[19:22:44 VRB] Recording {"DeviceRefId": 1313, "DeviceValue": 6, "DeviceString": "6", "TimeStamp": "2222-02-02T10:32:02.0000000+00:00", "$type": "RecordData"}
[19:22:44 VRB] Adding to database: {"DeviceRefId": 1313, "DeviceValue": 6, "DeviceString": "6", "TimeStamp": "2222-02-02T10:32:02.0000000+00:00", "$type": "RecordData"}
[19:22:44 INF] Deleting All Records for (1314)
[19:22:44 INF] Removed 1 row(s) for device:1314 in database
[19:22:44 VRB] Recording {"DeviceRefId": 1314, "DeviceValue": 7, "DeviceString": "7", "TimeStamp": "2222-02-02T10:02:02.0000000+00:00", "$type": "RecordData"}
[19:22:44 VRB] Adding to database: {"DeviceRefId": 1314, "DeviceValue": 7, "DeviceString": "7", "TimeStamp": "2222-02-02T10:02:02.0000000+00:00", "$type": "RecordData"}
[19:22:44 VRB] Recording {"DeviceRefId": 1314, "DeviceValue": 7, "DeviceString": "7", "TimeStamp": "2222-02-02T10:09:02.0000000+00:00", "$type": "RecordData"}
[19:22:44 VRB] Adding to database: {"DeviceRefId": 1314, "DeviceValue": 7, "DeviceString": "7", "TimeStamp": "2222-02-02T10:09:02.0000000+00:00", "$type": "RecordData"}
[19:22:44 VRB] Recording {"DeviceRefId": 1314, "DeviceValue": 7, "DeviceString": "7", "TimeStamp": "2222-02-02T10:16:02.0000000+00:00", "$type": "RecordData"}
[19:22:44 VRB] Adding to database: {"DeviceRefId": 1314, "DeviceValue": 7, "DeviceString": "7", "TimeStamp": "2222-02-02T10:16:02.0000000+00:00", "$type": "RecordData"}
[19:22:44 VRB] Recording {"DeviceRefId": 1314, "DeviceValue": 7, "DeviceString": "7", "TimeStamp": "2222-02-02T10:23:02.0000000+00:00", "$type": "RecordData"}
[19:22:44 VRB] Adding to database: {"DeviceRefId": 1314, "DeviceValue": 7, "DeviceString": "7", "TimeStamp": "2222-02-02T10:23:02.0000000+00:00", "$type": "RecordData"}
[19:22:44 VRB] Recording {"DeviceRefId": 1314, "DeviceValue": 7, "DeviceString": "7", "TimeStamp": "2222-02-02T10:30:02.0000000+00:00", "$type": "RecordData"}
[19:22:44 VRB] Adding to database: {"DeviceRefId": 1314, "DeviceValue": 7, "DeviceString": "7", "TimeStamp": "2222-02-02T10:30:02.0000000+00:00", "$type": "RecordData"}
[19:22:44 VRB] Recording {"DeviceRefId": 1314, "DeviceValue": 7, "DeviceString": "7", "TimeStamp": "2222-02-02T10:37:02.0000000+00:00", "$type": "RecordData"}
[19:22:44 VRB] Adding to database: {"DeviceRefId": 1314, "DeviceValue": 7, "DeviceString": "7", "TimeStamp": "2222-02-02T10:37:02.0000000+00:00", "$type": "RecordData"}
[19:22:44 VRB] Recording {"DeviceRefId": 1314, "DeviceValue": 7, "DeviceString": "7", "TimeStamp": "2222-02-02T10:44:02.0000000+00:00", "$type": "RecordData"}
[19:22:44 VRB] Adding to database: {"DeviceRefId": 1314, "DeviceValue": 7, "DeviceString": "7", "TimeStamp": "2222-02-02T10:44:02.0000000+00:00", "$type": "RecordData"}
[19:22:44 INF] Deleting All Records for (1315)
[19:22:44 INF] Removed 1 row(s) for device:1315 in database
[19:22:44 VRB] Recording {"DeviceRefId": 1315, "DeviceValue": 8, "DeviceString": "8", "TimeStamp": "2222-02-02T10:02:02.0000000+00:00", "$type": "RecordData"}
[19:22:44 VRB] Adding to database: {"DeviceRefId": 1315, "DeviceValue": 8, "DeviceString": "8", "TimeStamp": "2222-02-02T10:02:02.0000000+00:00", "$type": "RecordData"}
[19:22:44 VRB] Recording {"DeviceRefId": 1315, "DeviceValue": 8, "DeviceString": "8", "TimeStamp": "2222-02-02T10:10:02.0000000+00:00", "$type": "RecordData"}
[19:22:44 VRB] Adding to database: {"DeviceRefId": 1315, "DeviceValue": 8, "DeviceString": "8", "TimeStamp": "2222-02-02T10:10:02.0000000+00:00", "$type": "RecordData"}
[19:22:44 VRB] Recording {"DeviceRefId": 1315, "DeviceValue": 8, "DeviceString": "8", "TimeStamp": "2222-02-02T10:18:02.0000000+00:00", "$type": "RecordData"}
[19:22:44 VRB] Adding to database: {"DeviceRefId": 1315, "DeviceValue": 8, "DeviceString": "8", "TimeStamp": "2222-02-02T10:18:02.0000000+00:00", "$type": "RecordData"}
[19:22:44 VRB] Recording {"DeviceRefId": 1315, "DeviceValue": 8, "DeviceString": "8", "TimeStamp": "2222-02-02T10:26:02.0000000+00:00", "$type": "RecordData"}
[19:22:44 VRB] Adding to database: {"DeviceRefId": 1315, "DeviceValue": 8, "DeviceString": "8", "TimeStamp": "2222-02-02T10:26:02.0000000+00:00", "$type": "RecordData"}
[19:22:44 VRB] Recording {"DeviceRefId": 1315, "DeviceValue": 8, "DeviceString": "8", "TimeStamp": "2222-02-02T10:34:02.0000000+00:00", "$type": "RecordData"}
[19:22:44 VRB] Adding to database: {"DeviceRefId": 1315, "DeviceValue": 8, "DeviceString": "8", "TimeStamp": "2222-02-02T10:34:02.0000000+00:00", "$type": "RecordData"}
[19:22:44 VRB] Recording {"DeviceRefId": 1315, "DeviceValue": 8, "DeviceString": "8", "TimeStamp": "2222-02-02T10:42:02.0000000+00:00", "$type": "RecordData"}
[19:22:44 VRB] Adding to database: {"DeviceRefId": 1315, "DeviceValue": 8, "DeviceString": "8", "TimeStamp": "2222-02-02T10:42:02.0000000+00:00", "$type": "RecordData"}
[19:22:44 VRB] Recording {"DeviceRefId": 1315, "DeviceValue": 8, "DeviceString": "8", "TimeStamp": "2222-02-02T10:50:02.0000000+00:00", "$type": "RecordData"}
[19:22:44 VRB] Adding to database: {"DeviceRefId": 1315, "DeviceValue": 8, "DeviceString": "8", "TimeStamp": "2222-02-02T10:50:02.0000000+00:00", "$type": "RecordData"}
[19:22:44 VRB] Recording {"DeviceRefId": 1315, "DeviceValue": 8, "DeviceString": "8", "TimeStamp": "2222-02-02T10:58:02.0000000+00:00", "$type": "RecordData"}
[19:22:44 VRB] Adding to database: {"DeviceRefId": 1315, "DeviceValue": 8, "DeviceString": "8", "TimeStamp": "2222-02-02T10:58:02.0000000+00:00", "$type": "RecordData"}
[19:22:44 INF] Deleting All Records for (1316)
[19:22:44 INF] Removed 1 row(s) for device:1316 in database
[19:22:44 VRB] Recording {"DeviceRefId": 1316, "DeviceValue": 9, "DeviceString": "9", "TimeStamp": "2222-02-02T10:02:02.0000000+00:00", "$type": "RecordData"}
[19:22:44 VRB] Adding to database: {"DeviceRefId": 1316, "DeviceValue": 9, "DeviceString": "9", "TimeStamp": "2222-02-02T10:02:02.0000000+00:00", "$type": "RecordData"}
[19:22:44 VRB] Recording {"DeviceRefId": 1316, "DeviceValue": 9, "DeviceString": "9", "TimeStamp": "2222-02-02T10:11:02.0000000+00:00", "$type": "RecordData"}
[19:22:44 VRB] Adding to database: {"DeviceRefId": 1316, "DeviceValue": 9, "DeviceString": "9", "TimeStamp": "2222-02-02T10:11:02.0000000+00:00", "$type": "RecordData"}
[19:22:44 VRB] Recording {"DeviceRefId": 1316, "DeviceValue": 9, "DeviceString": "9", "TimeStamp": "2222-02-02T10:20:02.0000000+00:00", "$type": "RecordData"}
[19:22:44 VRB] Adding to database: {"DeviceRefId": 1316, "DeviceValue": 9, "DeviceString": "9", "TimeStamp": "2222-02-02T10:20:02.0000000+00:00", "$type": "RecordData"}
[19:22:44 VRB] Recording {"DeviceRefId": 1316, "DeviceValue": 9, "DeviceString": "9", "TimeStamp": "2222-02-02T10:29:02.0000000+00:00", "$type": "RecordData"}
[19:22:44 VRB] Adding to database: {"DeviceRefId": 1316, "DeviceValue": 9, "DeviceString": "9", "TimeStamp": "2222-02-02T10:29:02.0000000+00:00", "$type": "RecordData"}
[19:22:44 VRB] Recording {"DeviceRefId": 1316, "DeviceValue": 9, "DeviceString": "9", "TimeStamp": "2222-02-02T10:38:02.0000000+00:00", "$type": "RecordData"}
[19:22:44 VRB] Adding to database: {"DeviceRefId": 1316, "DeviceValue": 9, "DeviceString": "9", "TimeStamp": "2222-02-02T10:38:02.0000000+00:00", "$type": "RecordData"}
[19:22:44 VRB] Recording {"DeviceRefId": 1316, "DeviceValue": 9, "DeviceString": "9", "TimeStamp": "2222-02-02T10:47:02.0000000+00:00", "$type": "RecordData"}
[19:22:44 VRB] Adding to database: {"DeviceRefId": 1316, "DeviceValue": 9, "DeviceString": "9", "TimeStamp": "2222-02-02T10:47:02.0000000+00:00", "$type": "RecordData"}
[19:22:44 VRB] Recording {"DeviceRefId": 1316, "DeviceValue": 9, "DeviceString": "9", "TimeStamp": "2222-02-02T10:56:02.0000000+00:00", "$type": "RecordData"}
[19:22:44 VRB] Adding to database: {"DeviceRefId": 1316, "DeviceValue": 9, "DeviceString": "9", "TimeStamp": "2222-02-02T10:56:02.0000000+00:00", "$type": "RecordData"}
[19:22:44 VRB] Recording {"DeviceRefId": 1316, "DeviceValue": 9, "DeviceString": "9", "TimeStamp": "2222-02-02T11:05:02.0000000+00:00", "$type": "RecordData"}
[19:22:44 VRB] Adding to database: {"DeviceRefId": 1316, "DeviceValue": 9, "DeviceString": "9", "TimeStamp": "2222-02-02T11:05:02.0000000+00:00", "$type": "RecordData"}
[19:22:44 VRB] Recording {"DeviceRefId": 1316, "DeviceValue": 9, "DeviceString": "9", "TimeStamp": "2222-02-02T11:14:02.0000000+00:00", "$type": "RecordData"}
[19:22:44 VRB] Adding to database: {"DeviceRefId": 1316, "DeviceValue": 9, "DeviceString": "9", "TimeStamp": "2222-02-02T11:14:02.0000000+00:00", "$type": "RecordData"}
[19:22:44 INF] Deleting All Records for (1317)
[19:22:44 INF] Removed 1 row(s) for device:1317 in database
[19:22:44 VRB] Recording {"DeviceRefId": 1317, "DeviceValue": 10, "DeviceString": "10", "TimeStamp": "2222-02-02T10:02:02.0000000+00:00", "$type": "RecordData"}
[19:22:44 VRB] Adding to database: {"DeviceRefId": 1317, "DeviceValue": 10, "DeviceString": "10", "TimeStamp": "2222-02-02T10:02:02.0000000+00:00", "$type": "RecordData"}
[19:22:44 VRB] Recording {"DeviceRefId": 1317, "DeviceValue": 10, "DeviceString": "10", "TimeStamp": "2222-02-02T10:12:02.0000000+00:00", "$type": "RecordData"}
[19:22:44 VRB] Adding to database: {"DeviceRefId": 1317, "DeviceValue": 10, "DeviceString": "10", "TimeStamp": "2222-02-02T10:12:02.0000000+00:00", "$type": "RecordData"}
[19:22:44 VRB] Recording {"DeviceRefId": 1317, "DeviceValue": 10, "DeviceString": "10", "TimeStamp": "2222-02-02T10:22:02.0000000+00:00", "$type": "RecordData"}
[19:22:44 VRB] Adding to database: {"DeviceRefId": 1317, "DeviceValue": 10, "DeviceString": "10", "TimeStamp": "2222-02-02T10:22:02.0000000+00:00", "$type": "RecordData"}
[19:22:44 VRB] Recording {"DeviceRefId": 1317, "DeviceValue": 10, "DeviceString": "10", "TimeStamp": "2222-02-02T10:32:02.0000000+00:00", "$type": "RecordData"}
[19:22:44 VRB] Adding to database: {"DeviceRefId": 1317, "DeviceValue": 10, "DeviceString": "10", "TimeStamp": "2222-02-02T10:32:02.0000000+00:00", "$type": "RecordData"}
[19:22:44 VRB] Recording {"DeviceRefId": 1317, "DeviceValue": 10, "DeviceString": "10", "TimeStamp": "2222-02-02T10:42:02.0000000+00:00", "$type": "RecordData"}
[19:22:45 VRB] Adding to database: {"DeviceRefId": 1317, "DeviceValue": 10, "DeviceString": "10", "TimeStamp": "2222-02-02T10:42:02.0000000+00:00", "$type": "RecordData"}
[19:22:45 VRB] Recording {"DeviceRefId": 1317, "DeviceValue": 10, "DeviceString": "10", "TimeStamp": "2222-02-02T10:52:02.0000000+00:00", "$type": "RecordData"}
[19:22:45 VRB] Adding to database: {"DeviceRefId": 1317, "DeviceValue": 10, "DeviceString": "10", "TimeStamp": "2222-02-02T10:52:02.0000000+00:00", "$type": "RecordData"}
[19:22:45 VRB] Recording {"DeviceRefId": 1317, "DeviceValue": 10, "DeviceString": "10", "TimeStamp": "2222-02-02T11:02:02.0000000+00:00", "$type": "RecordData"}
[19:22:45 VRB] Adding to database: {"DeviceRefId": 1317, "DeviceValue": 10, "DeviceString": "10", "TimeStamp": "2222-02-02T11:02:02.0000000+00:00", "$type": "RecordData"}
[19:22:45 VRB] Recording {"DeviceRefId": 1317, "DeviceValue": 10, "DeviceString": "10", "TimeStamp": "2222-02-02T11:12:02.0000000+00:00", "$type": "RecordData"}
[19:22:45 VRB] Adding to database: {"DeviceRefId": 1317, "DeviceValue": 10, "DeviceString": "10", "TimeStamp": "2222-02-02T11:12:02.0000000+00:00", "$type": "RecordData"}
[19:22:45 VRB] Recording {"DeviceRefId": 1317, "DeviceValue": 10, "DeviceString": "10", "TimeStamp": "2222-02-02T11:22:02.0000000+00:00", "$type": "RecordData"}
[19:22:45 VRB] Adding to database: {"DeviceRefId": 1317, "DeviceValue": 10, "DeviceString": "10", "TimeStamp": "2222-02-02T11:22:02.0000000+00:00", "$type": "RecordData"}
[19:22:45 VRB] Recording {"DeviceRefId": 1317, "DeviceValue": 10, "DeviceString": "10", "TimeStamp": "2222-02-02T11:32:02.0000000+00:00", "$type": "RecordData"}
[19:22:45 VRB] Adding to database: {"DeviceRefId": 1317, "DeviceValue": 10, "DeviceString": "10", "TimeStamp": "2222-02-02T11:32:02.0000000+00:00", "$type": "RecordData"}
[19:22:45 INF] Deleting All Records for (1318)
[19:22:45 INF] Removed 1 row(s) for device:1318 in database
[19:22:45 VRB] Recording {"DeviceRefId": 1318, "DeviceValue": 11, "DeviceString": "11", "TimeStamp": "2222-02-02T10:02:02.0000000+00:00", "$type": "RecordData"}
[19:22:45 VRB] Adding to database: {"DeviceRefId": 1318, "DeviceValue": 11, "DeviceString": "11", "TimeStamp": "2222-02-02T10:02:02.0000000+00:00", "$type": "RecordData"}
[19:22:45 VRB] Recording {"DeviceRefId": 1318, "DeviceValue": 11, "DeviceString": "11", "TimeStamp": "2222-02-02T10:13:02.0000000+00:00", "$type": "RecordData"}
[19:22:45 VRB] Adding to database: {"DeviceRefId": 1318, "DeviceValue": 11, "DeviceString": "11", "TimeStamp": "2222-02-02T10:13:02.0000000+00:00", "$type": "RecordData"}
[19:22:45 VRB] Recording {"DeviceRefId": 1318, "DeviceValue": 11, "DeviceString": "11", "TimeStamp": "2222-02-02T10:24:02.0000000+00:00", "$type": "RecordData"}
[19:22:45 VRB] Adding to database: {"DeviceRefId": 1318, "DeviceValue": 11, "DeviceString": "11", "TimeStamp": "2222-02-02T10:24:02.0000000+00:00", "$type": "RecordData"}
[19:22:45 VRB] Recording {"DeviceRefId": 1318, "DeviceValue": 11, "DeviceString": "11", "TimeStamp": "2222-02-02T10:35:02.0000000+00:00", "$type": "RecordData"}
[19:22:45 VRB] Adding to database: {"DeviceRefId": 1318, "DeviceValue": 11, "DeviceString": "11", "TimeStamp": "2222-02-02T10:35:02.0000000+00:00", "$type": "RecordData"}
[19:22:45 VRB] Recording {"DeviceRefId": 1318, "DeviceValue": 11, "DeviceString": "11", "TimeStamp": "2222-02-02T10:46:02.0000000+00:00", "$type": "RecordData"}
[19:22:45 VRB] Adding to database: {"DeviceRefId": 1318, "DeviceValue": 11, "DeviceString": "11", "TimeStamp": "2222-02-02T10:46:02.0000000+00:00", "$type": "RecordData"}
[19:22:45 VRB] Recording {"DeviceRefId": 1318, "DeviceValue": 11, "DeviceString": "11", "TimeStamp": "2222-02-02T10:57:02.0000000+00:00", "$type": "RecordData"}
[19:22:45 VRB] Adding to database: {"DeviceRefId": 1318, "DeviceValue": 11, "DeviceString": "11", "TimeStamp": "2222-02-02T10:57:02.0000000+00:00", "$type": "RecordData"}
[19:22:45 VRB] Recording {"DeviceRefId": 1318, "DeviceValue": 11, "DeviceString": "11", "TimeStamp": "2222-02-02T11:08:02.0000000+00:00", "$type": "RecordData"}
[19:22:45 VRB] Adding to database: {"DeviceRefId": 1318, "DeviceValue": 11, "DeviceString": "11", "TimeStamp": "2222-02-02T11:08:02.0000000+00:00", "$type": "RecordData"}
[19:22:45 VRB] Recording {"DeviceRefId": 1318, "DeviceValue": 11, "DeviceString": "11", "TimeStamp": "2222-02-02T11:19:02.0000000+00:00", "$type": "RecordData"}
[19:22:45 VRB] Adding to database: {"DeviceRefId": 1318, "DeviceValue": 11, "DeviceString": "11", "TimeStamp": "2222-02-02T11:19:02.0000000+00:00", "$type": "RecordData"}
[19:22:45 VRB] Recording {"DeviceRefId": 1318, "DeviceValue": 11, "DeviceString": "11", "TimeStamp": "2222-02-02T11:30:02.0000000+00:00", "$type": "RecordData"}
[19:22:45 VRB] Adding to database: {"DeviceRefId": 1318, "DeviceValue": 11, "DeviceString": "11", "TimeStamp": "2222-02-02T11:30:02.0000000+00:00", "$type": "RecordData"}
[19:22:45 VRB] Recording {"DeviceRefId": 1318, "DeviceValue": 11, "DeviceString": "11", "TimeStamp": "2222-02-02T11:41:02.0000000+00:00", "$type": "RecordData"}
[19:22:45 VRB] Adding to database: {"DeviceRefId": 1318, "DeviceValue": 11, "DeviceString": "11", "TimeStamp": "2222-02-02T11:41:02.0000000+00:00", "$type": "RecordData"}
[19:22:45 VRB] Recording {"DeviceRefId": 1318, "DeviceValue": 11, "DeviceString": "11", "TimeStamp": "2222-02-02T11:52:02.0000000+00:00", "$type": "RecordData"}
[19:22:45 VRB] Adding to database: {"DeviceRefId": 1318, "DeviceValue": 11, "DeviceString": "11", "TimeStamp": "2222-02-02T11:52:02.0000000+00:00", "$type": "RecordData"}
[19:22:45 INF] Deleting All Records for (1319)
[19:22:45 INF] Removed 1 row(s) for device:1319 in database
[19:22:45 VRB] Recording {"DeviceRefId": 1319, "DeviceValue": 12, "DeviceString": "12", "TimeStamp": "2222-02-02T10:02:02.0000000+00:00", "$type": "RecordData"}
[19:22:45 VRB] Adding to database: {"DeviceRefId": 1319, "DeviceValue": 12, "DeviceString": "12", "TimeStamp": "2222-02-02T10:02:02.0000000+00:00", "$type": "RecordData"}
[19:22:45 VRB] Recording {"DeviceRefId": 1319, "DeviceValue": 12, "DeviceString": "12", "TimeStamp": "2222-02-02T10:14:02.0000000+00:00", "$type": "RecordData"}
[19:22:45 VRB] Adding to database: {"DeviceRefId": 1319, "DeviceValue": 12, "DeviceString": "12", "TimeStamp": "2222-02-02T10:14:02.0000000+00:00", "$type": "RecordData"}
[19:22:45 VRB] Recording {"DeviceRefId": 1319, "DeviceValue": 12, "DeviceString": "12", "TimeStamp": "2222-02-02T10:26:02.0000000+00:00", "$type": "RecordData"}
[19:22:45 VRB] Adding to database: {"DeviceRefId": 1319, "DeviceValue": 12, "DeviceString": "12", "TimeStamp": "2222-02-02T10:26:02.0000000+00:00", "$type": "RecordData"}
[19:22:45 VRB] Recording {"DeviceRefId": 1319, "DeviceValue": 12, "DeviceString": "12", "TimeStamp": "2222-02-02T10:38:02.0000000+00:00", "$type": "RecordData"}
[19:22:45 VRB] Adding to database: {"DeviceRefId": 1319, "DeviceValue": 12, "DeviceString": "12", "TimeStamp": "2222-02-02T10:38:02.0000000+00:00", "$type": "RecordData"}
[19:22:45 VRB] Recording {"DeviceRefId": 1319, "DeviceValue": 12, "DeviceString": "12", "TimeStamp": "2222-02-02T10:50:02.0000000+00:00", "$type": "RecordData"}
[19:22:45 VRB] Adding to database: {"DeviceRefId": 1319, "DeviceValue": 12, "DeviceString": "12", "TimeStamp": "2222-02-02T10:50:02.0000000+00:00", "$type": "RecordData"}
[19:22:45 VRB] Recording {"DeviceRefId": 1319, "DeviceValue": 12, "DeviceString": "12", "TimeStamp": "2222-02-02T11:02:02.0000000+00:00", "$type": "RecordData"}
[19:22:45 VRB] Adding to database: {"DeviceRefId": 1319, "DeviceValue": 12, "DeviceString": "12", "TimeStamp": "2222-02-02T11:02:02.0000000+00:00", "$type": "RecordData"}
[19:22:45 VRB] Recording {"DeviceRefId": 1319, "DeviceValue": 12, "DeviceString": "12", "TimeStamp": "2222-02-02T11:14:02.0000000+00:00", "$type": "RecordData"}
[19:22:45 VRB] Adding to database: {"DeviceRefId": 1319, "DeviceValue": 12, "DeviceString": "12", "TimeStamp": "2222-02-02T11:14:02.0000000+00:00", "$type": "RecordData"}
[19:22:45 VRB] Recording {"DeviceRefId": 1319, "DeviceValue": 12, "DeviceString": "12", "TimeStamp": "2222-02-02T11:26:02.0000000+00:00", "$type": "RecordData"}
[19:22:45 VRB] Adding to database: {"DeviceRefId": 1319, "DeviceValue": 12, "DeviceString": "12", "TimeStamp": "2222-02-02T11:26:02.0000000+00:00", "$type": "RecordData"}
[19:22:45 VRB] Recording {"DeviceRefId": 1319, "DeviceValue": 12, "DeviceString": "12", "TimeStamp": "2222-02-02T11:38:02.0000000+00:00", "$type": "RecordData"}
[19:22:45 VRB] Adding to database: {"DeviceRefId": 1319, "DeviceValue": 12, "DeviceString": "12", "TimeStamp": "2222-02-02T11:38:02.0000000+00:00", "$type": "RecordData"}
[19:22:45 VRB] Recording {"DeviceRefId": 1319, "DeviceValue": 12, "DeviceString": "12", "TimeStamp": "2222-02-02T11:50:02.0000000+00:00", "$type": "RecordData"}
[19:22:45 VRB] Adding to database: {"DeviceRefId": 1319, "DeviceValue": 12, "DeviceString": "12", "TimeStamp": "2222-02-02T11:50:02.0000000+00:00", "$type": "RecordData"}
[19:22:45 VRB] Recording {"DeviceRefId": 1319, "DeviceValue": 12, "DeviceString": "12", "TimeStamp": "2222-02-02T12:02:02.0000000+00:00", "$type": "RecordData"}
[19:22:45 VRB] Adding to database: {"DeviceRefId": 1319, "DeviceValue": 12, "DeviceString": "12", "TimeStamp": "2222-02-02T12:02:02.0000000+00:00", "$type": "RecordData"}
[19:22:45 VRB] Recording {"DeviceRefId": 1319, "DeviceValue": 12, "DeviceString": "12", "TimeStamp": "2222-02-02T12:14:02.0000000+00:00", "$type": "RecordData"}
[19:22:45 VRB] Adding to database: {"DeviceRefId": 1319, "DeviceValue": 12, "DeviceString": "12", "TimeStamp": "2222-02-02T12:14:02.0000000+00:00", "$type": "RecordData"}
[19:22:45 INF] Deleting All Records for (1320)
[19:22:45 INF] Removed 1 row(s) for device:1320 in database
[19:22:45 VRB] Recording {"DeviceRefId": 1320, "DeviceValue": 13, "DeviceString": "13", "TimeStamp": "2222-02-02T10:02:02.0000000+00:00", "$type": "RecordData"}
[19:22:45 VRB] Adding to database: {"DeviceRefId": 1320, "DeviceValue": 13, "DeviceString": "13", "TimeStamp": "2222-02-02T10:02:02.0000000+00:00", "$type": "RecordData"}
[19:22:45 VRB] Recording {"DeviceRefId": 1320, "DeviceValue": 13, "DeviceString": "13", "TimeStamp": "2222-02-02T10:15:02.0000000+00:00", "$type": "RecordData"}
[19:22:45 VRB] Adding to database: {"DeviceRefId": 1320, "DeviceValue": 13, "DeviceString": "13", "TimeStamp": "2222-02-02T10:15:02.0000000+00:00", "$type": "RecordData"}
[19:22:45 VRB] Recording {"DeviceRefId": 1320, "DeviceValue": 13, "DeviceString": "13", "TimeStamp": "2222-02-02T10:28:02.0000000+00:00", "$type": "RecordData"}
[19:22:45 VRB] Adding to database: {"DeviceRefId": 1320, "DeviceValue": 13, "DeviceString": "13", "TimeStamp": "2222-02-02T10:28:02.0000000+00:00", "$type": "RecordData"}
[19:22:45 VRB] Recording {"DeviceRefId": 1320, "DeviceValue": 13, "DeviceString": "13", "TimeStamp": "2222-02-02T10:41:02.0000000+00:00", "$type": "RecordData"}
[19:22:45 VRB] Adding to database: {"DeviceRefId": 1320, "DeviceValue": 13, "DeviceString": "13", "TimeStamp": "2222-02-02T10:41:02.0000000+00:00", "$type": "RecordData"}
[19:22:45 VRB] Recording {"DeviceRefId": 1320, "DeviceValue": 13, "DeviceString": "13", "TimeStamp": "2222-02-02T10:54:02.0000000+00:00", "$type": "RecordData"}
[19:22:45 VRB] Adding to database: {"DeviceRefId": 1320, "DeviceValue": 13, "DeviceString": "13", "TimeStamp": "2222-02-02T10:54:02.0000000+00:00", "$type": "RecordData"}
[19:22:45 VRB] Recording {"DeviceRefId": 1320, "DeviceValue": 13, "DeviceString": "13", "TimeStamp": "2222-02-02T11:07:02.0000000+00:00", "$type": "RecordData"}
[19:22:45 VRB] Adding to database: {"DeviceRefId": 1320, "DeviceValue": 13, "DeviceString": "13", "TimeStamp": "2222-02-02T11:07:02.0000000+00:00", "$type": "RecordData"}
[19:22:45 VRB] Recording {"DeviceRefId": 1320, "DeviceValue": 13, "DeviceString": "13", "TimeStamp": "2222-02-02T11:20:02.0000000+00:00", "$type": "RecordData"}
[19:22:45 VRB] Adding to database: {"DeviceRefId": 1320, "DeviceValue": 13, "DeviceString": "13", "TimeStamp": "2222-02-02T11:20:02.0000000+00:00", "$type": "RecordData"}
[19:22:45 VRB] Recording {"DeviceRefId": 1320, "DeviceValue": 13, "DeviceString": "13", "TimeStamp": "2222-02-02T11:33:02.0000000+00:00", "$type": "RecordData"}
[19:22:45 VRB] Adding to database: {"DeviceRefId": 1320, "DeviceValue": 13, "DeviceString": "13", "TimeStamp": "2222-02-02T11:33:02.0000000+00:00", "$type": "RecordData"}
[19:22:45 VRB] Recording {"DeviceRefId": 1320, "DeviceValue": 13, "DeviceString": "13", "TimeStamp": "2222-02-02T11:46:02.0000000+00:00", "$type": "RecordData"}
[19:22:45 VRB] Adding to database: {"DeviceRefId": 1320, "DeviceValue": 13, "DeviceString": "13", "TimeStamp": "2222-02-02T11:46:02.0000000+00:00", "$type": "RecordData"}
[19:22:45 VRB] Recording {"DeviceRefId": 1320, "DeviceValue": 13, "DeviceString": "13", "TimeStamp": "2222-02-02T11:59:02.0000000+00:00", "$type": "RecordData"}
[19:22:45 VRB] Adding to database: {"DeviceRefId": 1320, "DeviceValue": 13, "DeviceString": "13", "TimeStamp": "2222-02-02T11:59:02.0000000+00:00", "$type": "RecordData"}
[19:22:45 VRB] Recording {"DeviceRefId": 1320, "DeviceValue": 13, "DeviceString": "13", "TimeStamp": "2222-02-02T12:12:02.0000000+00:00", "$type": "RecordData"}
[19:22:45 VRB] Adding to database: {"DeviceRefId": 1320, "DeviceValue": 13, "DeviceString": "13", "TimeStamp": "2222-02-02T12:12:02.0000000+00:00", "$type": "RecordData"}
[19:22:45 VRB] Recording {"DeviceRefId": 1320, "DeviceValue": 13, "DeviceString": "13", "TimeStamp": "2222-02-02T12:25:02.0000000+00:00", "$type": "RecordData"}
[19:22:45 VRB] Adding to database: {"DeviceRefId": 1320, "DeviceValue": 13, "DeviceString": "13", "TimeStamp": "2222-02-02T12:25:02.0000000+00:00", "$type": "RecordData"}
[19:22:45 VRB] Recording {"DeviceRefId": 1320, "DeviceValue": 13, "DeviceString": "13", "TimeStamp": "2222-02-02T12:38:02.0000000+00:00", "$type": "RecordData"}
[19:22:45 VRB] Adding to database: {"DeviceRefId": 1320, "DeviceValue": 13, "DeviceString": "13", "TimeStamp": "2222-02-02T12:38:02.0000000+00:00", "$type": "RecordData"}
[19:22:45 INF] Deleting All Records for (1321)
[19:22:45 INF] Removed 1 row(s) for device:1321 in database
[19:22:45 VRB] Recording {"DeviceRefId": 1321, "DeviceValue": 14, "DeviceString": "14", "TimeStamp": "2222-02-02T10:02:02.0000000+00:00", "$type": "RecordData"}
[19:22:45 VRB] Adding to database: {"DeviceRefId": 1321, "DeviceValue": 14, "DeviceString": "14", "TimeStamp": "2222-02-02T10:02:02.0000000+00:00", "$type": "RecordData"}
[19:22:45 VRB] Recording {"DeviceRefId": 1321, "DeviceValue": 14, "DeviceString": "14", "TimeStamp": "2222-02-02T10:16:02.0000000+00:00", "$type": "RecordData"}
[19:22:45 VRB] Adding to database: {"DeviceRefId": 1321, "DeviceValue": 14, "DeviceString": "14", "TimeStamp": "2222-02-02T10:16:02.0000000+00:00", "$type": "RecordData"}
[19:22:45 VRB] Recording {"DeviceRefId": 1321, "DeviceValue": 14, "DeviceString": "14", "TimeStamp": "2222-02-02T10:30:02.0000000+00:00", "$type": "RecordData"}
[19:22:45 VRB] Adding to database: {"DeviceRefId": 1321, "DeviceValue": 14, "DeviceString": "14", "TimeStamp": "2222-02-02T10:30:02.0000000+00:00", "$type": "RecordData"}
[19:22:45 VRB] Recording {"DeviceRefId": 1321, "DeviceValue": 14, "DeviceString": "14", "TimeStamp": "2222-02-02T10:44:02.0000000+00:00", "$type": "RecordData"}
[19:22:45 VRB] Adding to database: {"DeviceRefId": 1321, "DeviceValue": 14, "DeviceString": "14", "TimeStamp": "2222-02-02T10:44:02.0000000+00:00", "$type": "RecordData"}
[19:22:45 VRB] Recording {"DeviceRefId": 1321, "DeviceValue": 14, "DeviceString": "14", "TimeStamp": "2222-02-02T10:58:02.0000000+00:00", "$type": "RecordData"}
[19:22:45 VRB] Adding to database: {"DeviceRefId": 1321, "DeviceValue": 14, "DeviceString": "14", "TimeStamp": "2222-02-02T10:58:02.0000000+00:00", "$type": "RecordData"}
[19:22:45 VRB] Recording {"DeviceRefId": 1321, "DeviceValue": 14, "DeviceString": "14", "TimeStamp": "2222-02-02T11:12:02.0000000+00:00", "$type": "RecordData"}
[19:22:45 VRB] Adding to database: {"DeviceRefId": 1321, "DeviceValue": 14, "DeviceString": "14", "TimeStamp": "2222-02-02T11:12:02.0000000+00:00", "$type": "RecordData"}
[19:22:45 VRB] Recording {"DeviceRefId": 1321, "DeviceValue": 14, "DeviceString": "14", "TimeStamp": "2222-02-02T11:26:02.0000000+00:00", "$type": "RecordData"}
[19:22:45 VRB] Adding to database: {"DeviceRefId": 1321, "DeviceValue": 14, "DeviceString": "14", "TimeStamp": "2222-02-02T11:26:02.0000000+00:00", "$type": "RecordData"}
[19:22:45 VRB] Recording {"DeviceRefId": 1321, "DeviceValue": 14, "DeviceString": "14", "TimeStamp": "2222-02-02T11:40:02.0000000+00:00", "$type": "RecordData"}
[19:22:45 VRB] Adding to database: {"DeviceRefId": 1321, "DeviceValue": 14, "DeviceString": "14", "TimeStamp": "2222-02-02T11:40:02.0000000+00:00", "$type": "RecordData"}
[19:22:45 VRB] Recording {"DeviceRefId": 1321, "DeviceValue": 14, "DeviceString": "14", "TimeStamp": "2222-02-02T11:54:02.0000000+00:00", "$type": "RecordData"}
[19:22:45 VRB] Adding to database: {"DeviceRefId": 1321, "DeviceValue": 14, "DeviceString": "14", "TimeStamp": "2222-02-02T11:54:02.0000000+00:00", "$type": "RecordData"}
[19:22:45 VRB] Recording {"DeviceRefId": 1321, "DeviceValue": 14, "DeviceString": "14", "TimeStamp": "2222-02-02T12:08:02.0000000+00:00", "$type": "RecordData"}
[19:22:45 VRB] Adding to database: {"DeviceRefId": 1321, "DeviceValue": 14, "DeviceString": "14", "TimeStamp": "2222-02-02T12:08:02.0000000+00:00", "$type": "RecordData"}
[19:22:45 VRB] Recording {"DeviceRefId": 1321, "DeviceValue": 14, "DeviceString": "14", "TimeStamp": "2222-02-02T12:22:02.0000000+00:00", "$type": "RecordData"}
[19:22:45 VRB] Adding to database: {"DeviceRefId": 1321, "DeviceValue": 14, "DeviceString": "14", "TimeStamp": "2222-02-02T12:22:02.0000000+00:00", "$type": "RecordData"}
[19:22:45 VRB] Recording {"DeviceRefId": 1321, "DeviceValue": 14, "DeviceString": "14", "TimeStamp": "2222-02-02T12:36:02.0000000+00:00", "$type": "RecordData"}
[19:22:45 VRB] Adding to database: {"DeviceRefId": 1321, "DeviceValue": 14, "DeviceString": "14", "TimeStamp": "2222-02-02T12:36:02.0000000+00:00", "$type": "RecordData"}
[19:22:45 VRB] Recording {"DeviceRefId": 1321, "DeviceValue": 14, "DeviceString": "14", "TimeStamp": "2222-02-02T12:50:02.0000000+00:00", "$type": "RecordData"}
[19:22:45 VRB] Adding to database: {"DeviceRefId": 1321, "DeviceValue": 14, "DeviceString": "14", "TimeStamp": "2222-02-02T12:50:02.0000000+00:00", "$type": "RecordData"}
[19:22:45 VRB] Recording {"DeviceRefId": 1321, "DeviceValue": 14, "DeviceString": "14", "TimeStamp": "2222-02-02T13:04:02.0000000+00:00", "$type": "RecordData"}
[19:22:45 VRB] Adding to database: {"DeviceRefId": 1321, "DeviceValue": 14, "DeviceString": "14", "TimeStamp": "2222-02-02T13:04:02.0000000+00:00", "$type": "RecordData"}
Disconnecting from HomeSeer...
[19:22:45 INF] Shutting down
[19:22:45 DBG] Disposing Sqlite connection
[19:22:45 DBG] Finish records update thread
</system-out>
    </testcase>
    <testcase name="GetAllDevicesProperties2" assertions="9" time="0.022551" status="Passed" classname="HSPI_HistoricalRecordsTest.ScrbianFunctionsTest">
      <system-out>[19:22:45 INF] Plugin Starting
[19:22:45 INF] e_sqlite3 version:3.44.0
[19:22:45 INF] Connecting to database: C:\Users\Deepak\AppData\Local\Temp\aryj1nj3.ppa\data\HistoricalRecords\records.db
[19:22:45 DBG] Starting records update thread
[19:22:45 INF] Starting maintaining database
[19:22:45 DBG] Start Pruning older records
[19:22:45 DBG] Finished pruning older records
[19:22:45 INF] Finished maintaining database
[19:22:45 DBG] Starting RecordAllDevices
[19:22:45 VRB] Not adding 1307's value to db as it is not tracked
[19:22:45 DBG] Finished RecordAllDevices
[19:22:45 INF] Plugin Started
Disconnecting from HomeSeer...
[19:22:45 INF] Shutting down
[19:22:45 DBG] Disposing Sqlite connection
[19:22:45 DBG] Finish records update thread
</system-out>
    </testcase>
    <testcase name="GetAllowedDisplaysForFeatureWithRange" assertions="2" time="0.026003" status="Passed" classname="HSPI_HistoricalRecordsTest.ScrbianFunctionsTest">
      <system-out>[19:22:45 INF] Plugin Starting
[19:22:45 INF] e_sqlite3 version:3.44.0
[19:22:45 INF] Connecting to database: C:\Users\Deepak\AppData\Local\Temp\5qtwkpte.bsa\data\HistoricalRecords\records.db
[19:22:45 DBG] Starting records update thread
[19:22:45 INF] Starting maintaining database
[19:22:45 DBG] Start Pruning older records
[19:22:45 DBG] Finished pruning older records
[19:22:45 DBG] Starting RecordAllDevices
[19:22:45 VRB] Recording {"DeviceRefId": 1110, "DeviceValue": 10, "DeviceString": "10.0 lux", "TimeStamp": "2222-02-02T10:02:02.0000000+00:00", "$type": "RecordData"}
[19:22:45 VRB] Adding to database: {"DeviceRefId": 1110, "DeviceValue": 10, "DeviceString": "10.0 lux", "TimeStamp": "2222-02-02T10:02:02.0000000+00:00", "$type": "RecordData"}
[19:22:45 INF] Finished maintaining database
[19:22:45 DBG] Finished RecordAllDevices
[19:22:45 INF] Plugin Started
Disconnecting from HomeSeer...
[19:22:45 INF] Shutting down
[19:22:45 DBG] Disposing Sqlite connection
[19:22:45 DBG] Finish records update thread
</system-out>
    </testcase>
    <testcase name="GetAllowedDisplaysForNoRangeFeature" assertions="2" time="0.009753" status="Passed" classname="HSPI_HistoricalRecordsTest.ScrbianFunctionsTest">
      <system-out>[19:22:45 INF] Plugin Starting
[19:22:45 INF] e_sqlite3 version:3.44.0
[19:22:45 INF] Connecting to database: C:\Users\Deepak\AppData\Local\Temp\0ahzm0gj.n4t\data\HistoricalRecords\records.db
[19:22:45 DBG] Starting records update thread
[19:22:45 INF] Plugin Started
Disconnecting from HomeSeer...
[19:22:45 INF] Shutting down
[19:22:45 DBG] Disposing Sqlite connection
[19:22:45 DBG] Finish records update thread
[19:22:45 INF] Starting maintaining database
[19:22:45 DBG] Starting RecordAllDevices
[19:22:45 VRB] Recording {"DeviceRefId": 1110, "DeviceValue": 10, "DeviceString": "10.0 lux", "TimeStamp": "2222-02-02T10:02:02.0000000+00:00", "$type": "RecordData"}
</system-out>
    </testcase>
    <testcase name="GetDatabaseStats" assertions="6" time="0.014027" status="Passed" classname="HSPI_HistoricalRecordsTest.ScrbianFunctionsTest">
      <system-out>[19:22:45 INF] Plugin Starting
[19:22:45 INF] e_sqlite3 version:3.44.0
[19:22:45 INF] Connecting to database: C:\Users\Deepak\AppData\Local\Temp\1h4ekaql.tgu\data\HistoricalRecords\records.db
[19:22:45 DBG] Starting records update thread
[19:22:45 INF] Starting maintaining database
[19:22:45 DBG] Start Pruning older records
[19:22:45 DBG] Finished pruning older records
[19:22:45 INF] Finished maintaining database
[19:22:45 DBG] Starting RecordAllDevices
[19:22:45 DBG] Finished RecordAllDevices
[19:22:45 INF] Plugin Started
Disconnecting from HomeSeer...
[19:22:45 INF] Shutting down
[19:22:45 DBG] Disposing Sqlite connection
[19:22:45 DBG] Finish records update thread
</system-out>
    </testcase>
    <testcase name="GetDeviceStatsForPage" assertions="4" time="0.043265" status="Passed" classname="HSPI_HistoricalRecordsTest.ScrbianFunctionsTest">
      <system-out>[19:22:45 INF] Plugin Starting
[19:22:45 INF] e_sqlite3 version:3.44.0
[19:22:45 INF] Connecting to database: C:\Users\Deepak\AppData\Local\Temp\fddzqqzt.cql\data\HistoricalRecords\records.db
[19:22:45 DBG] Starting records update thread
[19:22:45 INF] Starting maintaining database
[19:22:45 DBG] Start Pruning older records
[19:22:45 DBG] Finished pruning older records
[19:22:45 INF] Finished maintaining database
[19:22:45 INF] Plugin Started
[19:22:45 DBG] Starting RecordAllDevices
[19:22:45 VRB] Recording {"DeviceRefId": 1110, "DeviceValue": 10, "DeviceString": "10.0 lux", "TimeStamp": "2222-02-02T10:02:02.0000000+00:00", "$type": "RecordData"}
[19:22:45 VRB] Adding to database: {"DeviceRefId": 1110, "DeviceValue": 10, "DeviceString": "10.0 lux", "TimeStamp": "2222-02-02T10:02:02.0000000+00:00", "$type": "RecordData"}
[19:22:45 DBG] Finished RecordAllDevices
[19:22:45 VRB] Recording {"DeviceRefId": 1110, "DeviceValue": 11, "DeviceString": "11.0 lux", "TimeStamp": "2222-02-02T10:03:02.0000000+00:00", "$type": "RecordData"}
[19:22:45 VRB] Adding to database: {"DeviceRefId": 1110, "DeviceValue": 11, "DeviceString": "11.0 lux", "TimeStamp": "2222-02-02T10:03:02.0000000+00:00", "$type": "RecordData"}
Disconnecting from HomeSeer...
[19:22:45 INF] Shutting down
[19:22:45 DBG] Disposing Sqlite connection
[19:22:45 DBG] Finish records update thread
</system-out>
    </testcase>
    <testcase name="GetDeviceStatsForPageReturnsRange" assertions="4" time="0.025709" status="Passed" classname="HSPI_HistoricalRecordsTest.ScrbianFunctionsTest">
      <system-out>[19:22:45 INF] Plugin Starting
[19:22:45 INF] e_sqlite3 version:3.44.0
[19:22:45 INF] Connecting to database: C:\Users\Deepak\AppData\Local\Temp\nmuqymd0.zkw\data\HistoricalRecords\records.db
[19:22:45 DBG] Starting records update thread
[19:22:45 INF] Starting maintaining database
[19:22:45 DBG] Start Pruning older records
[19:22:45 DBG] Finished pruning older records
[19:22:45 DBG] Starting RecordAllDevices
[19:22:45 VRB] Recording {"DeviceRefId": 11310, "DeviceValue": 10, "DeviceString": "10.0 lux", "TimeStamp": "2222-02-02T10:02:02.0000000+00:00", "$type": "RecordData"}
[19:22:45 VRB] Adding to database: {"DeviceRefId": 11310, "DeviceValue": 10, "DeviceString": "10.0 lux", "TimeStamp": "2222-02-02T10:02:02.0000000+00:00", "$type": "RecordData"}
[19:22:45 INF] Plugin Started
[19:22:45 INF] Finished maintaining database
[19:22:45 DBGDisconnecting from HomeSeer...
] Finished RecordAllDevices
[19:22:45 INF] Shutting down
[19:22:45 DBG] Disposing Sqlite connection
[19:22:45 DBG] Finish records update thread
</system-out>
    </testcase>
    <testcase name="GetFeatureRefIdsForDevice" assertions="2" time="0.011559" status="Passed" classname="HSPI_HistoricalRecordsTest.ScrbianFunctionsTest">
      <system-out>[19:22:45 INF] Plugin Starting
[19:22:45 INF] e_sqlite3 version:3.44.0
[19:22:45 INF] Connecting to database: C:\Users\Deepak\AppData\Local\Temp\uq01qlev.xvy\data\HistoricalRecords\records.db
[19:22:45 DBG] Starting records update thread
[19:22:45 INF] Plugin Started
Disconnecting from HomeSeer...
[19:22:45 INF] Shutting down
[19:22:45 DBG] Disposing Sqlite connection
[19:22:45 INF] Starting maintaining database
[19:22:45 DBG] Finish records update thread
[19:22:45 DBG] Starting RecordAllDevices
[19:22:45 VRB] Recording {"DeviceRefId": 100, "DeviceValue": 0, "DeviceString": null, "TimeStamp": "2000-01-01T09:01:01.0000000+00:00", "$type": "RecordData"}
</system-out>
    </testcase>
    <testcase name="GetTrackedDeviceList" assertions="2" time="0.041623" status="Passed" classname="HSPI_HistoricalRecordsTest.ScrbianFunctionsTest">
      <system-out>[19:22:46 INF] Plugin Starting
[19:22:46 INF] e_sqlite3 version:3.44.0
[19:22:46 INF] Connecting to database: C:\Users\Deepak\AppData\Local\Temp\oxzd444y.d5e\data\HistoricalRecords\records.db
[19:22:46 DBG] Starting records update thread
[19:22:46 INF] Starting maintaining database
[19:22:46 DBG] Start Pruning older records
[19:22:46 DBG] Finished pruning older records
[19:22:46 INF] Plugin Started
[19:22:46 INF] Finished maintaining database
[19:22:46 DBG] Disconnecting from HomeSeer...
Starting RecordAllDevices
[19:22:46 VRB] Recording {"DeviceRefId": 1307, "DeviceValue": 1.1, "DeviceString": "1.1", "TimeStamp": "2222-02-02T10:02:02.0000000+00:00", "$type": "RecordData"}
[19:22:46 VRB] Adding to database: {"DeviceRefId": 1307, "DeviceValue": 1.1, "DeviceString": "1.1", "TimeStamp": "2222-02-02T10:02:02.0000000+00:00", "$type": "RecordData"}
[19:22:46 VRB] Recording {"DeviceRefId": 1308, "DeviceValue": 1.1, "DeviceString": "1.1", "TimeStamp": "2222-02-02T10:02:02.0000000+00:00", "$type": "RecordData"}
[19:22:46 VRB] Recording {"DeviceRefId": 1309, "DeviceValue": 1.1, "DeviceString": "1.1", "TimeStamp": "2222-02-02T10:02:02.0000000+00:00", "$type": "RecordData"}
[19:22:46 VRB] Recording {"DeviceRefId": 1310, "DeviceValue": 1.1, "DeviceString": "1.1", "TimeStamp": "2222-02-02T10:02:02.0000000+00:00", "$type": "RecordData"}
[19:22:46 VRB] Recording {"DeviceRefId": 1311, "DeviceValue": 1.1, "DeviceString": "1.1", "TimeStamp": "2222-02-02T10:02:02.0000000+00:00", "$type": "RecordData"}
[19:22:46 VRB] Recording {"DeviceRefId": 1312, "DeviceValue": 1.1, "DeviceString": "1.1", "TimeStamp": "2222-02-02T10:02:02.0000000+00:00", "$type": "RecordData"}
[19:22:46 VRB] Recording {"DeviceRefId": 1313, "DeviceValue": 1.1, "DeviceString": "1.1", "TimeStamp": "2222-02-02T10:02:02.0000000+00:00", "$type": "RecordData"}
[19:22:46 VRB] Recording {"DeviceRefId": 1314, "DeviceValue": 1.1, "DeviceString": "1.1", "TimeStamp": "2222-02-02T10:02:02.0000000+00:00", "$type": "RecordData"}
[19:22:46 VRB] Recording {"DeviceRefId": 1315, "DeviceValue": 1.1, "DeviceString": "1.1", "TimeStamp": "2222-02-02T10:02:02.0000000+00:00", "$type": "RecordData"}
[19:22:46 VRB] Recording {"DeviceRefId": 1316, "DeviceValue": 1.1, "DeviceString": "1.1", "TimeStamp": "2222-02-02T10:02:02.0000000+00:00", "$type": "RecordData"}
[19:22:46 VRB] Recording {"DeviceRefId": 1317, "DeviceValue": 1.1, "DeviceString": "1.1", "TimeStamp": "2222-02-02T10:02:02.0000000+00:00", "$type": "RecordData"}
[19:22:46 VRB] Recording {"DeviceRefId": 1318, "DeviceValue": 1.1, "DeviceString": "1.1", "TimeStamp": "2222-02-02T10:02:02.0000000+00:00", "$type": "RecordData"}
[19:22:46 VRB] Recording {"DeviceRefId": 1319, "DeviceValue": 1.1, "DeviceString": "1.1", "TimeStamp": "2222-02-02T10:02:02.0000000+00:00", "$type": "RecordData"}
[19:22:46 VRB] Recording {"DeviceRefId": 1320, "DeviceValue": 1.1, "DeviceString": "1.1", "TimeStamp": "2222-02-02T10:02:02.0000000+00:00", "$type": "RecordData"}
[19:22:46 VRB] Recording {"DeviceRefId": 1321, "DeviceValue": 1.1, "DeviceString": "1.1", "TimeStamp": "2222-02-02T10:02:02.0000000+00:00", "$type": "RecordData"}
[19:22:46 DBG] Finished RecordAllDevices
[19:22:46 VRB] Adding to database: {"DeviceRefId": 1308, "DeviceValue": 1.1, "DeviceString": "1.1", "TimeStamp": "2222-02-02T10:02:02.0000000+00:00", "$type": "RecordData"}
[19:22:46 INF] Shutting down
[19:22:46 DBG] Disposing Sqlite connection
[19:22:46 VRB] Adding to database: {"DeviceRefId": 1309, "DeviceValue": 1.1, "DeviceString": "1.1", "TimeStamp": "2222-02-02T10:02:02.0000000+00:00", "$type": "RecordData"}
[19:22:46 DBG] Finish records update thread
</system-out>
    </testcase>
  </testsuite>
  <testsuite tests="2" time="0.057026" errors="0" failures="0" skipped="0" timestamp="2023-12-02T03:22:45.9834136Z" name="">
    <testcase name="GetStatisticDeviceDataAsJson(True)" assertions="2" time="0.042428" status="Passed" classname="HSPI_HistoricalRecordsTest.ScrbianFunctionsTest">
      <system-out>[19:22:45 INF] Plugin Starting
[19:22:45 INF] e_sqlite3 version:3.44.0
[19:22:45 INF] Connecting to database: C:\Users\Deepak\AppData\Local\Temp\2ttz0i2f.q4u\data\HistoricalRecords\records.db
[19:22:45 DBG] Starting records update thread
[19:22:45 INF] Starting maintaining database
[19:22:45 DBG] Start Pruning older records
[19:22:45 DBG] Finished pruning older records
[19:22:45 INF] Finished maintaining database
[19:22:46 INF] Updated value null for the (10301)
[19:22:46 INF] Plugin Started
[19:22:46 DBG] Starting RecordAllDevices
[19:22:46 VRB] Recording {"DeviceRefId": 100, "DeviceValue": 2, "DeviceString": null, "TimeStamp": "2000-01-01T09:01:01.0000000+00:00", "$type": "RecordData"}
[19:22:46 VRB] Not adding 10300's value to db as it is not tracked
[19:22:46 VRBDisconnecting from HomeSeer...
] Not adding 10301's value to db as it is not tracked
[19:22:46 DBG] Finished RecordAllDevices
[19:22:46 VRB] Adding to database: {"DeviceRefId": 100, "DeviceValue": 2, "DeviceString": null, "TimeStamp": "2000-01-01T09:01:01.0000000+00:00", "$type": "RecordData"}
[19:22:46 INF] Shutting down
[19:22:46 DBG] Finish records update thread
[19:22:46 DBG] Disposing Sqlite connection
</system-out>
    </testcase>
    <testcase name="GetStatisticDeviceDataAsJson(False)" assertions="2" time="0.014428" status="Passed" classname="HSPI_HistoricalRecordsTest.ScrbianFunctionsTest">
      <system-out>[19:22:46 INF] Plugin Starting
[19:22:46 INF] e_sqlite3 version:3.44.0
[19:22:46 INF] Connecting to database: C:\Users\Deepak\AppData\Local\Temp\2ymju2fj.wae\data\HistoricalRecords\records.db
[19:22:46 DBG] Starting records update thread
[19:22:46 INF] Starting maintaining database
[19:22:46 DBG] Start Pruning older records
[19:22:46 DBG] Finished pruning older records
[19:22:46 INF] Updated value null for the (10301)
[19:22:46 INF] Finished maintaining database
[19:22:46 DBG] Starting RecordAllDevices
[19:22:46 INF] Plugin Started
Disconnecting from HomeSeer...
[19:22:46 INF] Shutting down
[19:22:46 DBG] Disposing Sqlite connection
[19:22:46 DBG] Finish records update thread
[19:22:46 VRB] Recording {"DeviceRefId": 100, "DeviceValue": 2, "DeviceString": null, "TimeStamp": "2000-01-01T09:01:01.0000000+00:00", "$type": "RecordData"}
</system-out>
    </testcase>
  </testsuite>
  <testsuite tests="22" time="0.103622" errors="0" failures="0" skipped="0" timestamp="2023-12-02T03:22:46.0822563Z" name="">
    <testcase name="AddRemovePerDeviceSettings" assertions="5" time="0.076329" status="Passed" classname="HSPI_HistoricalRecordsTest.SettingsPagesTest" />
    <testcase name="CreateDefault" assertions="7" time="0.009060" status="Passed" classname="HSPI_HistoricalRecordsTest.SettingsPagesTest" />
    <testcase name="OnSettingChangeWithNoChange" assertions="1" time="0.000185" status="Passed" classname="HSPI_HistoricalRecordsTest.SettingsPagesTest" />
    <testcase name="PerDeviceSettingsAreLoaded" assertions="4" time="0.013678" status="Passed" classname="HSPI_HistoricalRecordsTest.SettingsPagesTest" />
  </testsuite>
  <testsuite tests="6" time="0.002007" errors="0" failures="0" skipped="0" timestamp="2023-12-02T03:22:46.1691017Z" name="">
    <testcase name="DefaultValues(Information,False,35)" assertions="4" time="0.001805" status="Passed" classname="HSPI_HistoricalRecordsTest.SettingsPagesTest" />
    <testcase name="DefaultValues(Warning,False,45677)" assertions="4" time="0.000051" status="Passed" classname="HSPI_HistoricalRecordsTest.SettingsPagesTest" />
    <testcase name="DefaultValues(Fatal,False,99999)" assertions="4" time="0.000022" status="Passed" classname="HSPI_HistoricalRecordsTest.SettingsPagesTest" />
    <testcase name="DefaultValues(Information,True,10000)" assertions="4" time="0.000020" status="Passed" classname="HSPI_HistoricalRecordsTest.SettingsPagesTest" />
    <testcase name="DefaultValues(Verbose,False,100000)" assertions="4" time="0.000020" status="Passed" classname="HSPI_HistoricalRecordsTest.SettingsPagesTest" />
    <testcase name="DefaultValues(Debug,True,43200)" assertions="4" time="0.000020" status="Passed" classname="HSPI_HistoricalRecordsTest.SettingsPagesTest" />
  </testsuite>
  <testsuite tests="4" time="0.000537" errors="0" failures="0" skipped="0" timestamp="2023-12-02T03:22:46.1706099Z" name="">
    <testcase name="OnSettingChangeWithGlobalRetentionPeriod(60)" assertions="2" time="0.000445" status="Passed" classname="HSPI_HistoricalRecordsTest.SettingsPagesTest" />
    <testcase name="OnSettingChangeWithGlobalRetentionPeriod(1440)" assertions="2" time="0.000028" status="Passed" classname="HSPI_HistoricalRecordsTest.SettingsPagesTest" />
    <testcase name="OnSettingChangeWithGlobalRetentionPeriod(10080)" assertions="2" time="0.000017" status="Passed" classname="HSPI_HistoricalRecordsTest.SettingsPagesTest" />
    <testcase name="OnSettingChangeWithGlobalRetentionPeriod(525600)" assertions="2" time="0.000017" status="Passed" classname="HSPI_HistoricalRecordsTest.SettingsPagesTest" />
  </testsuite>
  <testsuite tests="6" time="0.000453" errors="0" failures="0" skipped="0" timestamp="2023-12-02T03:22:46.1716184Z" name="">
    <testcase name="OnSettingChangeWithLogLevelChange(Fatal)" assertions="2" time="0.000337" status="Passed" classname="HSPI_HistoricalRecordsTest.SettingsPagesTest" />
    <testcase name="OnSettingChangeWithLogLevelChange(Warning)" assertions="2" time="0.000026" status="Passed" classname="HSPI_HistoricalRecordsTest.SettingsPagesTest" />
    <testcase name="OnSettingChangeWithLogLevelChange(Error)" assertions="2" time="0.000017" status="Passed" classname="HSPI_HistoricalRecordsTest.SettingsPagesTest" />
    <testcase name="OnSettingChangeWithLogLevelChange(Information)" assertions="2" time="0.000014" status="Passed" classname="HSPI_HistoricalRecordsTest.SettingsPagesTest" />
    <testcase name="OnSettingChangeWithLogLevelChange(Debug)" assertions="2" time="0.000013" status="Passed" classname="HSPI_HistoricalRecordsTest.SettingsPagesTest" />
    <testcase name="OnSettingChangeWithLogLevelChange(Verbose)" assertions="2" time="0.000014" status="Passed" classname="HSPI_HistoricalRecordsTest.SettingsPagesTest" />
  </testsuite>
  <testsuite tests="2" time="0.000311" errors="0" failures="0" skipped="0" timestamp="2023-12-02T03:22:46.1716184Z" name="">
    <testcase name="OnSettingChangeWithLogtoFileChange(True)" assertions="2" time="0.000261" status="Passed" classname="HSPI_HistoricalRecordsTest.SettingsPagesTest" />
    <testcase name="OnSettingChangeWithLogtoFileChange(False)" assertions="2" time="0.000029" status="Passed" classname="HSPI_HistoricalRecordsTest.SettingsPagesTest" />
  </testsuite>
  <testsuite tests="1" time="0.011150" errors="0" failures="0" skipped="0" timestamp="2023-12-02T03:22:46.1866215Z" name="">
    <testcase name="InstallFileHasAllDlls" assertions="2" time="0.011013" status="Passed" classname="HSPI_HistoricalRecordsTest.ShippedDllsTest" />
  </testsuite>
  <testsuite tests="3" time="0.000554" errors="0" failures="0" skipped="0" timestamp="2023-12-02T03:22:46.1979561Z" name="">
    <testcase name="DefaultConstructor" assertions="2" time="0.000193" status="Passed" classname="HSPI_HistoricalRecordsTest.SqliteInvalidExceptionTests" />
    <testcase name="MessageAndInnerExceptionConstructor" assertions="4" time="0.000167" status="Passed" classname="HSPI_HistoricalRecordsTest.SqliteInvalidExceptionTests" />
    <testcase name="MessageConstructor" assertions="3" time="0.000101" status="Passed" classname="HSPI_HistoricalRecordsTest.SqliteInvalidExceptionTests" />
  </testsuite>
  <testsuite tests="17" time="0.922565" errors="0" failures="0" skipped="0" timestamp="2023-12-02T03:22:46.1979561Z" name="">
    <testcase name="DeviceIsUpdatedRounded" assertions="5" time="0.081070" status="Passed" classname="HSPI_HistoricalRecordsTest.StatisticsDeviceTest">
      <system-out>[19:22:46 INF] Plugin Starting
[19:22:46 INF] e_sqlite3 version:3.44.0
[19:22:46 INF] Connecting to database: C:\Users\Deepak\AppData\Local\Temp\aurgstkn.vmw\data\HistoricalRecords\records.db
[19:22:46 DBG] Starting records update thread
[19:22:46 INF] Updated value null for the (1000)
[19:22:46 INF] Plugin Started
[19:22:46 DBG] Starting RecordAllDevices
[19:22:46 VRB] Recording {"DeviceRefId": 99, "DeviceValue": 2, "DeviceString": null, "TimeStamp": "2000-01-01T09:01:01.0000000+00:00", "$type": "RecordData"}
[19:22:46 VRB] Not adding 100's value to db as it is not tracked
[19:22:46 VRB] Not adding 1000's value to db as it is not tracked
[19:22:46 DBG] Finished RecordAllDevices
[19:22:46 VRB] Adding to database: {"DeviceRefId": 99, "DeviceValue": 2, "DeviceString": null, "TimeStamp": "2000-01-01T09:01:01.0000000+00:00", "$type": "RecordData"}
[19:22:46 INF] Starting maintaining database
[19:22:46 DBG] Start Pruning older records
[19:22:46 DBG] Finished pruning older records
[19:22:46 INF] Finished maintaining database
[19:22:46 INF] Deleting All Records for (99)
[19:22:46 INF] Removed 1 row(s) for device:99 in database
[19:22:46 VRB] Recording {"DeviceRefId": 99, "DeviceValue": 11.85733, "DeviceString": "11.2", "TimeStamp": "2222-02-02T09:52:02.0000000+00:00", "$type": "RecordData"}
[19:22:46 VRB] Adding to database: {"DeviceRefId": 99, "DeviceValue": 11.85733, "DeviceString": "11.2", "TimeStamp": "2222-02-02T09:52:02.0000000+00:00", "$type": "RecordData"}
[19:22:46 INF] Updated value 11.9 for the (1000)
Disconnecting from HomeSeer...
[19:22:46 INF] Shutting down
[19:22:46 DBG] Disposing Sqlite connection
[19:22:46 DBG] Finish records update thread
</system-out>
    </testcase>
    <testcase name="EditDeviceFailsForInvalidDevice" assertions="3" time="0.010647" status="Passed" classname="HSPI_HistoricalRecordsTest.StatisticsDeviceTest">
      <system-out>[19:22:47 INF] Plugin Starting
[19:22:47 INF] e_sqlite3 version:3.44.0
[19:22:47 INF] Connecting to database: C:\Users\Deepak\AppData\Local\Temp\gvd4rsb3.dx3\data\HistoricalRecords\records.db
[19:22:47 DBG] Starting records update thread
[19:22:47 INF] Plugin Started
[19:22:47 DBG] PostBackProc for deviceedit for {
  "ref": 100,
  "data": {
    "TrackedRef": 1000,
    "StatisticsFunction": 1,
    "FunctionDurationSeconds": 436203,
    "RefreshIntervalSeconds": 18090
  }
}
[19:22:47 ERR] Error in Page deviceedit for {
  "ref": 100,
  "data": {
    "TrackedRef": 1000,
    "StatisticsFunction": 1,
    "FunctionDurationSeconds": 436203,
    "RefreshIntervalSeconds": 18090
  }
} with Device or feature 100 not a plugin feature
Disconnecting from HomeSeer...
[19:22:47 INF] Shutting down
[19:22:47 DBG] Disposing Sqlite connection
[19:22:47 INF] Starting maintaining database
[19:22:47 DBG] Finish records update thread
[19:22:47 INF] Updated value null for the (1000)
[19:22:47 DBG] Starting RecordAllDevices
[19:22:47 VRB] Recording {"DeviceRefId": 100, "DeviceValue": 2, "DeviceString": null, "TimeStamp": "2000-01-01T09:01:01.0000000+00:00", "$type": "RecordData"}
</system-out>
    </testcase>
    <testcase name="StatisticsDeviceIsDeleted" assertions="7" time="0.022537" status="Failed" classname="HSPI_HistoricalRecordsTest.StatisticsDeviceTest">
      <failure message="">   at HSPI_HistoricalRecordsTest.FakeHSController.HomeSeer.PluginSdk.IHsController.GetPropertyByRef(Int32 devOrFeatRef, EProperty property) in C:\Users\Deepak\dev\HSPI_HistoricalRecords\tests\FakeHSController.cs:line 553
   at Hspi.Device.StatisticsDevice.UpdateDeviceValue(Nullable`1&amp; data) in C:\Users\Deepak\dev\HSPI_HistoricalRecords\plugin\Hspi\Device\StatisticsDevice.cs:line 218
   at Hspi.Device.StatisticsDevice.UpdateDeviceValueFromDatabase(Object state) in C:\Users\Deepak\dev\HSPI_HistoricalRecords\plugin\Hspi\Device\StatisticsDevice.cs:line 272
</failure>
      <system-out>[19:22:47 INF] Plugin Starting
[19:22:47 INF] e_sqlite3 version:3.44.0
[19:22:47 INF] Connecting to database: C:\Users\Deepak\AppData\Local\Temp\qmxksw15.1yf\data\HistoricalRecords\records.db
[19:22:47 DBG] Starting records update thread
[19:22:47 INF] Updated value null for the (1000)
[19:22:47 INF] Starting maintaining database
[19:22:47 DBG] Start Pruning older records
[19:22:47 DBG] Finished pruning older records
[19:22:47 DBG] Starting RecordAllDevices
[19:22:47 VRB] Recording {"DeviceRefId": 100, "DeviceValue": 2, "DeviceString": null, "TimeStamp": "2000-01-01T09:01:01.0000000+00:00", "$type": "RecordData"}
[19:22:47 VRB] Not adding 1000's value to db as it is not tracked
[19:22:47 VRB] Not adding 1080's value to db as it is not tracked
[19:22:47 VRB] Adding to database: {"DeviceRefId": 100, "DeviceValue": 2, "DeviceString": null, "TimeStamp": "2000-01-01T09:01:01.0000000+00:00", "$type": "RecordData"}
[19:22:47 INF] Finished maintaining database
[19:22:47 DBG] Finished RecordAllDevices
[19:22:47 INF] Plugin Started
[19:22:47 DBG] Restarting statistics device update
Disconnecting from HomeSeer...
[19:22:47 INF] Shutting down
[19:22:47 DBG] Disposing Sqlite connection
[19:22:47 DBG] Finish records update thread
[19:22:47 WRN] Failed to update device:(1000) with }
</system-out>
    </testcase>
  </testsuite>
  <testsuite tests="4" time="0.120380" errors="0" failures="0" skipped="0" timestamp="2023-12-02T03:22:46.1979561Z" name="">
    <testcase name="AddDevice(AverageStep)" assertions="27" time="0.049414" status="Passed" classname="HSPI_HistoricalRecordsTest.StatisticsDeviceTest">
      <system-out>[19:22:46 INF] Plugin Starting
[19:22:46 INF] e_sqlite3 version:3.44.0
[19:22:46 INF] Connecting to database: C:\Users\Deepak\AppData\Local\Temp\5w1vzsma.dyl\data\HistoricalRecords\records.db
[19:22:46 DBG] Starting records update thread
[19:22:46 INF] Starting maintaining database
[19:22:46 DBG] Start Pruning older records
[19:22:46 DBG] Finished pruning older records
[19:22:46 INF] Finished maintaining database
[19:22:46 DBG] Starting RecordAllDevices
[19:22:46 VRB] Recording {"DeviceRefId": 1039423, "DeviceValue": 1.132, "DeviceString": null, "TimeStamp": "2000-01-01T09:01:01.0000000+00:00", "$type": "RecordData"}
[19:22:46 VRB] Adding to database: {"DeviceRefId": 1039423, "DeviceValue": 1.132, "DeviceString": null, "TimeStamp": "2000-01-01T09:01:01.0000000+00:00", "$type": "RecordData"}
[19:22:46 DBG] Finished RecordAllDevices
[19:22:46 INF] Plugin Started
[19:22:46 DBG] PostBackProc for devicecreate for {
  "name": "ssdfsd",
  "data": {
    "TrackedRef": 1039423,
    "StatisticsFunction": 0,
    "FunctionDurationSeconds": 87000,
    "RefreshIntervalSeconds": 90
  }
}
[19:22:46 INF] Created device 948504 (1039423) with AverageStep for A Unique Device
[19:22:46 DBG] Restarting statistics device update
Disconnecting from HomeSeer...
[19:22:46 INF] Shutting down
[19:22:46 DBG] Disposing Sqlite connection
[19:22:46 DBG] Finish records update thread
</system-out>
    </testcase>
    <testcase name="AddDevice(AverageLinear)" assertions="27" time="0.044156" status="Passed" classname="HSPI_HistoricalRecordsTest.StatisticsDeviceTest">
      <system-out>[19:22:46 INF] Plugin Starting
[19:22:46 INF] e_sqlite3 version:3.44.0
[19:22:46 INF] Connecting to database: C:\Users\Deepak\AppData\Local\Temp\lznr3cf3.0j2\data\HistoricalRecords\records.db
[19:22:46 DBG] Starting records update thread
[19:22:46 DBG] Starting RecordAllDevices
[19:22:46 VRB] Recording {"DeviceRefId": 1039423, "DeviceValue": 1.132, "DeviceString": null, "TimeStamp": "2000-01-01T09:01:01.0000000+00:00", "$type": "RecordData"}
[19:22:46 INF] Plugin Started
[19:22:46 DBG] PostBackProc for devicecreate for {
  "name": "ssdfsd",
  "data": {
    "TrackedRef": 1039423,
    "StatisticsFunction": 1,
    "FunctionDurationSeconds": 87000,
    "RefreshIntervalSeconds": 90
  }
}
[19:22:46 INF] Created device 948504 (1039423) with AverageLinear for A Unique Device
[19:22:46 DBG] Restarting statistics device update
[Disconnecting from HomeSeer...
19:22:46 INF] Starting maintaining database
[19:22:46 DBG] Start Pruning older records
[19:22:46 DBG] Finished pruning older records
[19:22:46 DBG] Finished RecordAllDevices
[19:22:46 VRB] Adding to database: {"DeviceRefId": 1039423, "DeviceValue": 1.132, "DeviceString": null, "TimeStamp": "2000-01-01T09:01:01.0000000+00:00", "$type": "RecordData"}
[19:22:46 INF] Shutting down
[19:22:46 INF] Finished maintaining database
[19:22:46 DBG] Finish records update thread
[19:22:46 DBG] Disposing Sqlite connection
</system-out>
    </testcase>
    <testcase name="AddDevice(MinValue)" assertions="27" time="0.011464" status="Passed" classname="HSPI_HistoricalRecordsTest.StatisticsDeviceTest">
      <system-out>[19:22:46 INF] Plugin Starting
[19:22:46 INF] e_sqlite3 version:3.44.0
[19:22:46 INF] Connecting to database: C:\Users\Deepak\AppData\Local\Temp\kho5buv0.k4j\data\HistoricalRecords\records.db
[19:22:46 DBG] Starting records update thread
[19:22:46 INF] Starting maintaining database
[19:22:46 DBG] Start Pruning older records
[19:22:46 DBG] Finished pruning older records
[19:22:46 INF] Finished maintaining database
[19:22:46 INF] Plugin Started
[19:22:46 DBG] PostBackProc for devicecreate for {
  "name": "ssdfsd",
  "data": {
    "TrackedRef": 1039423,
    "StatisticsFunction": 2,
    "FunctionDurationSeconds": 87000,
    "RefreshIntervalSeconds": 90
  }
}
[19:22:46 INF] Created device 948504 (1039423) with MinValue for A Unique Device
[19:22:46 DBG] Restarting statistics device update
Disconnecting from HomeSeer...
[19:22:46 INF] Shutting down
[19:22:46 DBG] Disposing Sqlite connection
[19:22:46 DBG] Finish records update thread
[19:22:46 DBG] Starting RecordAllDevices
[19:22:46 VRB] Not adding 948504's value to db as it is not tracked
</system-out>
    </testcase>
    <testcase name="AddDevice(MaxValue)" assertions="27" time="0.014681" status="Passed" classname="HSPI_HistoricalRecordsTest.StatisticsDeviceTest">
      <system-out>[19:22:46 INF] Plugin Starting
[19:22:46 INF] e_sqlite3 version:3.44.0
[19:22:46 INF] Connecting to database: C:\Users\Deepak\AppData\Local\Temp\3xq1vbr1.cy0\data\HistoricalRecords\records.db
[19:22:46 DBG] Starting records update thread
[19:22:46 INF] Starting maintaining database
[19:22:46 DBG] Start Pruning older records
[19:22:46 DBG] Finished pruning older records
[19:22:46 INF] Finished maintaining database
[19:22:46 INF] Plugin Started
[19:22:46 DBG] PostBackProc for devicecreate for {
  "name": "ssdfsd",
  "data": {
    "TrackedRef": 1039423,
    "StatisticsFunction": 3,
    "FunctionDurationSeconds": 87000,
    "RefreshIntervalSeconds": 90
  }
}
[19:22:46 INF] Created device 948504 (1039423) with MaxValue for A Unique Device
[19:22:46 DBG] Restarting statistics device update
Disconnecting from HomeSeer...
[19:22:46 INF] Shutting down
[19:22:46 DBG] Disposing Sqlite connection
[19:22:46 DBG] Finish records update thread
[19:22:46 DBG] Starting RecordAllDevices
[19:22:46 VRB] Not adding 948504's value to db as it is not tracked
</system-out>
    </testcase>
  </testsuite>
  <testsuite tests="2" time="0.030385" errors="0" failures="0" skipped="0" timestamp="2023-12-02T03:22:46.3187860Z" name="">
    <testcase name="AddDeviceErrorChecking(&quot;{\&quot;name\&quot;:\&quot;dev name\&quot;, \&quot;data\&quot;: {\&quot;StatisticsFunction\&quot;:3,\&quot;FunctionDurationSeconds\&quot;:0,\&quot;RefreshIntervalSeconds\&quot;:10}}&quot;,&quot;Required property 'TrackedRef' not found&quot;)" assertions="5" time="0.018552" status="Passed" classname="HSPI_HistoricalRecordsTest.StatisticsDeviceTest">
      <system-out>[19:22:46 INF] Plugin Starting
[19:22:46 INF] e_sqlite3 version:3.44.0
[19:22:46 INF] Connecting to database: C:\Users\Deepak\AppData\Local\Temp\ffuflhgn.0ct\data\HistoricalRecords\records.db
[19:22:46 DBG] Starting records update thread
[19:22:46 INF] Plugin Started
[19:22:46 DBG] PostBackProc for devicecreate for {"name":"dev name", "data": {"StatisticsFunction":3,"FunctionDurationSeconds":0,"RefreshIntervalSeconds":10}}
[19:22:46 DBG] Starting RecordAllDevices
[19:22:46 DBG] Finished RecordAllDevices
[19:22:46 INF] Starting maintaining database
[19:22:46 DBG] Start Pruning older records
[19:22:46 DBG] Finished pruning older records
[19:22:46 INF] Finished maintaining database
[19:22:46 ERR] Error in Page devicecreate for {"name":"dev name", "data": {"StatisticsFunction":3,"FunctionDurationSeconds":0,"RefreshIntervalSeconds":10}} with Required property 'TrackedRef' not found in JSON. Path 'data', line 1, position 29.
Disconnecting from HomeSeer...
[19:22:46 INF] Shutting down
[19:22:46 DBG] Disposing Sqlite connection
[19:22:46 DBG] Finish records update thread
</system-out>
    </testcase>
    <testcase name="AddDeviceErrorChecking(&quot;&quot;,&quot;data is not correct&quot;)" assertions="5" time="0.011725" status="Passed" classname="HSPI_HistoricalRecordsTest.StatisticsDeviceTest">
      <system-out>[19:22:46 INF] Plugin Starting
[19:22:46 INF] e_sqlite3 version:3.44.0
[19:22:46 INF] Connecting to database: C:\Users\Deepak\AppData\Local\Temp\fi0c05nk.xud\data\HistoricalRecords\records.db
[19:22:46 DBG] Starting records update thread
[19:22:46 INF] Starting maintaining database
[19:22:46 DBG] Start Pruning older records
[19:22:46 DBG] Finished pruning older records
[19:22:46 INF] Finished maintaining database
[19:22:46 INF] Plugin Started
[19:22:46 DBG] PostBackProc for devicecreate for 
[19:22:46 ERR] Error in Page devicecreate for  with data is not correct
Disconnecting from HomeSeer...
[19:22:46 INF] Shutting down
[19:22:46 DBG] Disposing Sqlite connection
[19:22:46 DBG] Finish records update thread
[19:22:46 DBG] Starting RecordAllDevices
</system-out>
    </testcase>
  </testsuite>
  <testsuite tests="4" time="0.428662" errors="0" failures="0" skipped="0" timestamp="2023-12-02T03:22:46.3487777Z" name="">
    <testcase name="DeviceIsUpdated(AverageStep)" assertions="7" time="0.083355" status="Passed" classname="HSPI_HistoricalRecordsTest.StatisticsDeviceTest">
      <system-out>[19:22:46 INF] Plugin Starting
[19:22:46 INF] e_sqlite3 version:3.44.0
[19:22:46 INF] Connecting to database: C:\Users\Deepak\AppData\Local\Temp\rqam50ou.sdb\data\HistoricalRecords\records.db
[19:22:46 DBG] Starting records update thread
[19:22:46 INF] Starting maintaining database
[19:22:46 DBG] Start Pruning older records
[19:22:46 DBG] Finished pruning older records
[19:22:46 INF] Finished maintaining database
[19:22:46 DBG] Starting RecordAllDevices
[19:22:46 INF] Updated value null for the (1000)
[19:22:46 INF] Plugin Started
[19:22:46 VRB] Recording {"DeviceRefId": 10, "DeviceValue": 2, "DeviceString": null, "TimeStamp": "2000-01-01T09:01:01.0000000+00:00", "$type": "RecordData"}
[19:22:46 VRB] Not adding 100's value to db as it is not tracked
[19:22:46 VRB] Not adding 1000's value to db as it is not tracked
[19:22:46 DBG] Finished RecordAllDevices
[19:22:46 VRB] Adding to database: {"DeviceRefId": 10, "DeviceValue": 2, "DeviceString": null, "TimeStamp": "2000-01-01T09:01:01.0000000+00:00", "$type": "RecordData"}
[19:22:46 INF] Deleting All Records for (10)
[19:22:46 INF] Removed 1 row(s) for device:10 in database
[19:22:46 VRB] Recording {"DeviceRefId": 10, "DeviceValue": 10, "DeviceString": "10", "TimeStamp": "2222-02-02T09:52:02.0000000+00:00", "$type": "RecordData"}
[19:22:46 VRB] Adding to database: {"DeviceRefId": 10, "DeviceValue": 10, "DeviceString": "10", "TimeStamp": "2222-02-02T09:52:02.0000000+00:00", "$type": "RecordData"}
[19:22:46 VRB] Recording {"DeviceRefId": 10, "DeviceValue": 20, "DeviceString": "20", "TimeStamp": "2222-02-02T09:57:02.0000000+00:00", "$type": "RecordData"}
[19:22:46 VRB] Adding to database: {"DeviceRefId": 10, "DeviceValue": 20, "DeviceString": "20", "TimeStamp": "2222-02-02T09:57:02.0000000+00:00", "$type": "RecordData"}
[19:22:46 INF] Updated value 15 for the (1000)
Disconnecting from HomeSeer...
[19:22:46 INF] Shutting down
[19:22:46 DBG] Disposing Sqlite connection
[19:22:46 DBG] Finish records update thread
</system-out>
    </testcase>
    <testcase name="DeviceIsUpdated(AverageLinear)" assertions="7" time="0.120127" status="Passed" classname="HSPI_HistoricalRecordsTest.StatisticsDeviceTest">
      <system-out>[19:22:46 INF] Plugin Starting
[19:22:46 INF] e_sqlite3 version:3.44.0
[19:22:46 INF] Connecting to database: C:\Users\Deepak\AppData\Local\Temp\jxdsbakw.qcp\data\HistoricalRecords\records.db
[19:22:46 DBG] Starting records update thread
[19:22:46 INF] Plugin Started
[19:22:46 INF] Updated value null for the (1000)
[19:22:46 DBG] Starting RecordAllDevices
[19:22:46 VRB] Recording {"DeviceRefId": 10, "DeviceValue": 2, "DeviceString": null, "TimeStamp": "2000-01-01T09:01:01.0000000+00:00", "$type": "RecordData"}
[19:22:46 VRB] Not adding 100's value to db as it is not tracked
[19:22:46 VRB] Not adding 1000's value to db as it is not tracked
[19:22:46 DBG] Finished RecordAllDevices
[19:22:46 INF] Starting maintaining database
[19:22:46 DBG] Start Pruning older records
[19:22:46 DBG] Finished pruning older records
[19:22:46 VRB] Adding to database: {"DeviceRefId": 10, "DeviceValue": 2, "DeviceString": null, "TimeStamp": "2000-01-01T09:01:01.0000000+00:00", "$type": "RecordData"}
[19:22:46 INF] Finished maintaining database
[19:22:46 INF] Deleting All Records for (10)
[19:22:46 INF] Removed 1 row(s) for device:10 in database
[19:22:46 VRB] Recording {"DeviceRefId": 10, "DeviceValue": 10, "DeviceString": "10", "TimeStamp": "2222-02-02T09:52:02.0000000+00:00", "$type": "RecordData"}
[19:22:46 VRB] Adding to database: {"DeviceRefId": 10, "DeviceValue": 10, "DeviceString": "10", "TimeStamp": "2222-02-02T09:52:02.0000000+00:00", "$type": "RecordData"}
[19:22:46 VRB] Recording {"DeviceRefId": 10, "DeviceValue": 20, "DeviceString": "20", "TimeStamp": "2222-02-02T09:57:02.0000000+00:00", "$type": "RecordData"}
[19:22:46 VRB] Adding to database: {"DeviceRefId": 10, "DeviceValue": 20, "DeviceString": "20", "TimeStamp": "2222-02-02T09:57:02.0000000+00:00", "$type": "RecordData"}
[19:22:46 INF] Updated value 17.5 for the (1000)
Disconnecting from HomeSeer...
[19:22:46 INF] Shutting down
[19:22:46 DBG] Disposing Sqlite connection
[19:22:46 DBG] Finish records update thread
</system-out>
    </testcase>
    <testcase name="DeviceIsUpdated(MinValue)" assertions="7" time="0.117396" status="Passed" classname="HSPI_HistoricalRecordsTest.StatisticsDeviceTest">
      <system-out>[19:22:46 INF] Plugin Starting
[19:22:46 INF] e_sqlite3 version:3.44.0
[19:22:46 INF] Connecting to database: C:\Users\Deepak\AppData\Local\Temp\fnkbqaf0.d30\data\HistoricalRecords\records.db
[19:22:46 DBG] Starting records update thread
[19:22:46 DBG] Starting RecordAllDevices
[19:22:46 VRB] Recording {"DeviceRefId": 10, "DeviceValue": 2, "DeviceString": null, "TimeStamp": "2000-01-01T09:01:01.0000000+00:00", "$type": "RecordData"}
[19:22:46 VRB] Adding to database: {"DeviceRefId": 10, "DeviceValue": 2, "DeviceString": null, "TimeStamp": "2000-01-01T09:01:01.0000000+00:00", "$type": "RecordData"}
[19:22:46 INF] Plugin Started
[19:22:46 INF] Starting maintaining database
[19:22:46 DBG] Start Pruning older records
[19:22:46 DBG] Finished pruning older records
[19:22:46 INF] Finished maintaining database
[19:22:46 VRB] Not adding 100's value to db as it is not tracked
[19:22:46 VRB] Not adding 1000's value to db as it is not tracked
[19:22:46 DBG] Finished RecordAllDevices
[19:22:46 INF] Updated value null for the (1000)
[19:22:46 INF] Deleting All Records for (10)
[19:22:46 INF] Removed 1 row(s) for device:10 in database
[19:22:46 VRB] Recording {"DeviceRefId": 10, "DeviceValue": 10, "DeviceString": "10", "TimeStamp": "2222-02-02T09:52:02.0000000+00:00", "$type": "RecordData"}
[19:22:46 VRB] Adding to database: {"DeviceRefId": 10, "DeviceValue": 10, "DeviceString": "10", "TimeStamp": "2222-02-02T09:52:02.0000000+00:00", "$type": "RecordData"}
[19:22:46 VRB] Recording {"DeviceRefId": 10, "DeviceValue": 20, "DeviceString": "20", "TimeStamp": "2222-02-02T09:57:02.0000000+00:00", "$type": "RecordData"}
[19:22:46 VRB] Adding to database: {"DeviceRefId": 10, "DeviceValue": 20, "DeviceString": "20", "TimeStamp": "2222-02-02T09:57:02.0000000+00:00", "$type": "RecordData"}
[19:22:46 INF] Updated value 10 for the (1000)
Disconnecting from HomeSeer...
[19:22:46 INF] Shutting down
[19:22:46 DBG] Disposing Sqlite connection
[19:22:46 DBG] Finish records update thread
</system-out>
    </testcase>
    <testcase name="DeviceIsUpdated(MaxValue)" assertions="7" time="0.106703" status="Passed" classname="HSPI_HistoricalRecordsTest.StatisticsDeviceTest">
      <system-out>[19:22:46 INF] Plugin Starting
[19:22:46 INF] e_sqlite3 version:3.44.0
[19:22:46 INF] Connecting to database: C:\Users\Deepak\AppData\Local\Temp\kosdr4ud.pma\data\HistoricalRecords\records.db
[19:22:46 DBG] Starting records update thread
[19:22:46 DBG] Starting RecordAllDevices
[19:22:46 VRB] Recording {"DeviceRefId": 10, "DeviceValue": 2, "DeviceString": null, "TimeStamp": "2000-01-01T09:01:01.0000000+00:00", "$type": "RecordData"}
[19:22:46 VRB] Not adding 100's value to db as it is not tracked
[19:22:46 VRB] Not adding 1000's value to db as it is not tracked
[19:22:46 INF] Starting maintaining database
[19:22:46 DBG] Start Pruning older records
[19:22:46 DBG] Finished pruning older records
[19:22:46 INF] Finished maintaining database
[19:22:46 DBG] Finished RecordAllDevices
[19:22:46 VRB] Adding to database: {"DeviceRefId": 10, "DeviceValue": 2, "DeviceString": null, "TimeStamp": "2000-01-01T09:01:01.0000000+00:00", "$type": "RecordData"}
[19:22:46 INF] Updated value null for the (1000)
[19:22:46 INF] Plugin Started
[19:22:46 INF] Deleting All Records for (10)
[19:22:46 INF] Removed 1 row(s) for device:10 in database
[19:22:46 VRB] Recording {"DeviceRefId": 10, "DeviceValue": 10, "DeviceString": "10", "TimeStamp": "2222-02-02T09:52:02.0000000+00:00", "$type": "RecordData"}
[19:22:46 VRB] Adding to database: {"DeviceRefId": 10, "DeviceValue": 10, "DeviceString": "10", "TimeStamp": "2222-02-02T09:52:02.0000000+00:00", "$type": "RecordData"}
[19:22:46 VRB] Recording {"DeviceRefId": 10, "DeviceValue": 20, "DeviceString": "20", "TimeStamp": "2222-02-02T09:57:02.0000000+00:00", "$type": "RecordData"}
[19:22:46 VRB] Adding to database: {"DeviceRefId": 10, "DeviceValue": 20, "DeviceString": "20", "TimeStamp": "2222-02-02T09:57:02.0000000+00:00", "$type": "RecordData"}
[19:22:46 INF] Updated value 20 for the (1000)
Disconnecting from HomeSeer...
[19:22:46 INF] Shutting down
[19:22:46 DBG] Disposing Sqlite connection
[19:22:46 DBG] Finish records update thread
</system-out>
    </testcase>
  </testsuite>
  <testsuite tests="2" time="0.161012" errors="0" failures="0" skipped="0" timestamp="2023-12-02T03:22:46.8594322Z" name="">
    <testcase name="DevicePolled(True)" assertions="6" time="0.089585" status="Passed" classname="HSPI_HistoricalRecordsTest.StatisticsDeviceTest">
      <system-out>[19:22:46 INF] Plugin Starting
[19:22:46 INF] e_sqlite3 version:3.44.0
[19:22:46 INF] Connecting to database: C:\Users\Deepak\AppData\Local\Temp\ewqjjg5b.p1c\data\HistoricalRecords\records.db
[19:22:46 DBG] Starting records update thread
[19:22:46 INF] Plugin Started
[19:22:46 INF] Starting maintaining database
[19:22:46 DBG] Start Pruning older records
[19:22:46 DBG] Finished pruning older records
[19:22:46 INF] Finished maintaining database
[19:22:46 INF] Updated value null for the (1000)
[19:22:46 DBG] Starting RecordAllDevices
[19:22:46 VRB] Recording {"DeviceRefId": 99, "DeviceValue": 2, "DeviceString": null, "TimeStamp": "2000-01-01T09:01:01.0000000+00:00", "$type": "RecordData"}
[19:22:46 VRB] Not adding 100's value to db as it is not tracked
[19:22:46 VRB] Not adding 1000's value to db as it is not tracked
[19:22:46 DBG] Finished RecordAllDevices
[19:22:46 VRB] Adding to database: {"DeviceRefId": 99, "DeviceValue": 2, "DeviceString": null, "TimeStamp": "2000-01-01T09:01:01.0000000+00:00", "$type": "RecordData"}
[19:22:46 INF] Deleting All Records for (99)
[19:22:46 INF] Removed 1 row(s) for device:99 in database
[19:22:46 VRB] Recording {"DeviceRefId": 99, "DeviceValue": 11.85733, "DeviceString": "11.2", "TimeStamp": "2222-02-02T09:52:02.0000000+00:00", "$type": "RecordData"}
[19:22:46 VRB] Adding to database: {"DeviceRefId": 99, "DeviceValue": 11.85733, "DeviceString": "11.2", "TimeStamp": "2222-02-02T09:52:02.0000000+00:00", "$type": "RecordData"}
[19:22:46 INF] Updated value 11.9 for the (1000)
Disconnecting from HomeSeer...
[19:22:46 INF] Shutting down
[19:22:46 DBG] Disposing Sqlite connection
[19:22:46 DBG] Finish records update thread
</system-out>
    </testcase>
    <testcase name="DevicePolled(False)" assertions="6" time="0.071157" status="Passed" classname="HSPI_HistoricalRecordsTest.StatisticsDeviceTest">
      <system-out>[19:22:46 INF] Plugin Starting
[19:22:46 INF] e_sqlite3 version:3.44.0
[19:22:46 INF] Connecting to database: C:\Users\Deepak\AppData\Local\Temp\ca5rihkw.r13\data\HistoricalRecords\records.db
[19:22:46 DBG] Starting records update thread
[19:22:46 INF] Plugin Started
[19:22:46 DBG] Starting RecordAllDevices
[19:22:46 VRB] Recording {"DeviceRefId": 99, "DeviceValue": 2, "DeviceString": null, "TimeStamp": "2000-01-01T09:01:01.0000000+00:00", "$type": "RecordData"}
[19:22:46 VRB] Not adding 100's value to db as it is not tracked
[19:22:46 VRB] Not adding 1000's value to db as it is not tracked
[19:22:46 DBG] Finished RecordAllDevices
[19:22:46 VRB] Adding to database: {"DeviceRefId": 99, "DeviceValue": 2, "DeviceString": null, "TimeStamp": "2000-01-01T09:01:01.0000000+00:00", "$type": "RecordData"}
[19:22:46 INF] Updated value null for the (1000)
[19:22:46 INF] Starting maintaining database
[19:22:46 DBG] Start Pruning older records
[19:22:46 DBG] Finished pruning older records
[19:22:46 INF] Finished maintaining database
[19:22:46 INF] Deleting All Records for (99)
[19:22:46 INF] Removed 1 row(s) for device:99 in database
[19:22:46 VRB] Recording {"DeviceRefId": 99, "DeviceValue": 11.85733, "DeviceString": "11.2", "TimeStamp": "2222-02-02T09:52:02.0000000+00:00", "$type": "RecordData"}
[19:22:46 VRB] Adding to database: {"DeviceRefId": 99, "DeviceValue": 11.85733, "DeviceString": "11.2", "TimeStamp": "2222-02-02T09:52:02.0000000+00:00", "$type": "RecordData"}
[19:22:47 INF] Updated value 11.9 for the (1000)
Disconnecting from HomeSeer...
[19:22:47 INF] Shutting down
[19:22:47 DBG] Disposing Sqlite connection
[19:22:47 DBG] Finish records update thread
</system-out>
    </testcase>
  </testsuite>
  <testsuite tests="2" time="0.067356" errors="0" failures="0" skipped="0" timestamp="2023-12-02T03:22:47.0194465Z" name="">
    <testcase name="EditDevice(AverageStep)" assertions="6" time="0.041125" status="Passed" classname="HSPI_HistoricalRecordsTest.StatisticsDeviceTest">
      <system-out>[19:22:47 INF] Plugin Starting
[19:22:47 INF] e_sqlite3 version:3.44.0
[19:22:47 INF] Connecting to database: C:\Users\Deepak\AppData\Local\Temp\nokhn0vp.s11\data\HistoricalRecords\records.db
[19:22:47 DBG] Starting records update thread
[19:22:47 INF] Starting maintaining database
[19:22:47 DBG] Starting RecordAllDevices
[19:22:47 DBG] Start Pruning older records
[19:22:47 DBG] Finished pruning older records
[19:22:47 INF] Finished maintaining database
[19:22:47 VRB] Recording {"DeviceRefId": 10, "DeviceValue": 2, "DeviceString": null, "TimeStamp": "2000-01-01T09:01:01.0000000+00:00", "$type": "RecordData"}
[19:22:47 VRB] Not adding 100's value to db as it is not tracked
[19:22:47 VRB] Not adding 1000's value to db as it is not tracked
[19:22:47 DBG] Finished RecordAllDevices
[19:22:47 INF] Plugin Started
[19:22:47 DBG] PostBackProc for deviceedit for {
  "ref": 1000,
  "data": {
    "TrackedRef": 10,
    "StatisticsFunction": 0,
    "FunctionDurationSeconds": 436203,
    "RefreshIntervalSeconds": 18090
  }
}
[19:22:47 INF] Updated value null for the (1000)
[19:22:47 INF] Updated device 1000 with StatisticsDeviceData { TrackedRef = 10, StatisticsFunction = AverageStep, FunctionDurationSeconds = 436203, RefreshIntervalSeconds = 18090 }
[19:22:47 DBG] Restarting statistics device update
Disconnecting from HomeSeer...
[19:22:47 INF] Shutting down
[19:22:47 DBG] Disposing Sqlite connection
[19:22:47 INF] Updated value null for the (1000)
[19:22:47 VRB] Adding to database: {"DeviceRefId": 10, "DeviceValue": 2, "DeviceString": null, "TimeStamp": "2000-01-01T09:01:01.0000000+00:00", "$type": "RecordData"}
[19:22:47 DBG] Finish records update thread
</system-out>
    </testcase>
    <testcase name="EditDevice(AverageLinear)" assertions="6" time="0.025981" status="Passed" classname="HSPI_HistoricalRecordsTest.StatisticsDeviceTest">
      <system-out>[19:22:47 INF] Plugin Starting
[19:22:47 INF] e_sqlite3 version:3.44.0
[19:22:47 INF] Connecting to database: C:\Users\Deepak\AppData\Local\Temp\xs024ilt.44l\data\HistoricalRecords\records.db
[19:22:47 DBG] Starting records update thread
[19:22:47 INF] Starting maintaining database
[19:22:47 DBG] Start Pruning older records
[19:22:47 DBG] Finished pruning older records
[19:22:47 INF] Finished maintaining database
[19:22:47 DBG] Starting RecordAllDevices
[19:22:47 VRB] Recording {"DeviceRefId": 10, "DeviceValue": 2, "DeviceString": null, "TimeStamp": "2000-01-01T09:01:01.0000000+00:00", "$type": "RecordData"}
[19:22:47 VRB] Not adding 100's value to db as it is not tracked
[19:22:47 VRB] Not adding 1000's value to db as it is not tracked
[19:22:47 INF] Plugin Started
[19:22:47 DBG] PostBackProc for deviceedit for {
  "ref": 1000,
  "data": {
    "TrackedRef": 10,
    "StatisticsFunction": 1,
    "FunctionDurationSeconds": 436203,
    "RefreshIntervalSeconds": 18090
  }
}
[19:22:47 DBG] Finished RecordAllDevices
[19:22:47 VRB] Adding to database: {"DeviceRefId": 10, "DeviceValue": 2, "DeviceString": null, "TimeStamp": "2000-01-01T09:01:01.0000000+00:00", "$type": "RecordData"}
[19:22:47 INF] Updated device 1000 with StatisticsDeviceData { TrackedRef = 10, StatisticsFunction = AverageLinear, FunctionDurationSeconds = 436203, RefreshIntervalSeconds = 18090 }
[19:22:47 DBG] Restarting statistics device update
Disconnecting from HomeSeer...
[19:22:47 INF] Shutting down
[19:22:47 DBG] Disposing Sqlite connection
[19:22:47 INF] Updated value 2 for the (1000)
[19:22:47 INF] Updated value null for the (1000)
[19:22:47 DBG] Finish records update thread
</system-out>
    </testcase>
  </testsuite>
  <testsuite tests="3" time="0.001624" errors="0" failures="0" skipped="0" timestamp="2023-12-02T03:22:47.1204670Z" name="">
    <testcase name="EmptyList" assertions="4" time="0.000187" status="Passed" classname="HSPI_HistoricalRecordsTest.TimeAndValueIteratorTests" />
    <testcase name="LongList" assertions="501" time="0.000931" status="Passed" classname="HSPI_HistoricalRecordsTest.TimeAndValueIteratorTests" />
    <testcase name="OneElementList" assertions="6" time="0.000325" status="Passed" classname="HSPI_HistoricalRecordsTest.TimeAndValueIteratorTests" />
  </testsuite>
  <testsuite tests="4" time="0.001922" errors="0" failures="0" skipped="0" timestamp="2023-12-02T03:22:47.1226605Z" name="">
    <testcase name="AverageForEmptyList" assertions="1" time="0.000174" status="Passed" classname="HSPI_HistoricalRecordsTest.TimeSeriesAverageTest" />
    <testcase name="AverageForLinear" assertions="1" time="0.001058" status="Passed" classname="HSPI_HistoricalRecordsTest.TimeSeriesAverageTest" />
    <testcase name="AverageForLOCF" assertions="1" time="0.000267" status="Passed" classname="HSPI_HistoricalRecordsTest.TimeSeriesAverageTest" />
    <testcase name="AverageStartsLaterForLOCF" assertions="1" time="0.000268" status="Passed" classname="HSPI_HistoricalRecordsTest.TimeSeriesAverageTest" />
  </testsuite>
  <testsuite tests="7" time="0.003041" errors="0" failures="0" skipped="0" timestamp="2023-12-02T03:22:47.1246612Z" name="">
    <testcase name="EndValuesAreMissing" assertions="1" time="0.001660" status="Passed" classname="HSPI_HistoricalRecordsTest.TimeSeriesGroupingHistogramTest" />
    <testcase name="EqualDividedValues" assertions="1" time="0.000220" status="Passed" classname="HSPI_HistoricalRecordsTest.TimeSeriesGroupingHistogramTest" />
    <testcase name="InitialValuesAreMissing" assertions="1" time="0.000200" status="Passed" classname="HSPI_HistoricalRecordsTest.TimeSeriesGroupingHistogramTest" />
    <testcase name="LargeInitialValuesAreMissing" assertions="1" time="0.000185" status="Passed" classname="HSPI_HistoricalRecordsTest.TimeSeriesGroupingHistogramTest" />
    <testcase name="MultipleRepeatedValues" assertions="1" time="0.000315" status="Passed" classname="HSPI_HistoricalRecordsTest.TimeSeriesGroupingHistogramTest" />
    <testcase name="NoValue" assertions="1" time="0.000135" status="Passed" classname="HSPI_HistoricalRecordsTest.TimeSeriesGroupingHistogramTest" />
    <testcase name="SingleValue" assertions="1" time="0.000158" status="Passed" classname="HSPI_HistoricalRecordsTest.TimeSeriesGroupingHistogramTest" />
  </testsuite>
  <testsuite tests="8" time="0.002376" errors="0" failures="0" skipped="0" timestamp="2023-12-02T03:22:47.1276594Z" name="">
    <testcase name="EndValuesAreMissingForLinear" assertions="1" time="0.000362" status="Passed" classname="HSPI_HistoricalRecordsTest.TimeSeriesGroupingLinearTest" />
    <testcase name="HalfSampleForLinear" assertions="1" time="0.000303" status="Passed" classname="HSPI_HistoricalRecordsTest.TimeSeriesGroupingLinearTest" />
    <testcase name="InitialValuesAreMissingForLinear" assertions="1" time="0.000241" status="Passed" classname="HSPI_HistoricalRecordsTest.TimeSeriesGroupingLinearTest" />
    <testcase name="LargeInitialValuesAreMissingForLinear" assertions="1" time="0.000227" status="Passed" classname="HSPI_HistoricalRecordsTest.TimeSeriesGroupingLinearTest" />
    <testcase name="LargeMiddleValuesAreMissingForLinear" assertions="1" time="0.000311" status="Passed" classname="HSPI_HistoricalRecordsTest.TimeSeriesGroupingLinearTest" />
    <testcase name="MinStartsAfterLaterInSeriesForLinear" assertions="1" time="0.000306" status="Passed" classname="HSPI_HistoricalRecordsTest.TimeSeriesGroupingLinearTest" />
    <testcase name="MinValueAfterStartOfSeriesForLinear" assertions="1" time="0.000251" status="Passed" classname="HSPI_HistoricalRecordsTest.TimeSeriesGroupingLinearTest" />
    <testcase name="SimpleIncrementingForLinear" assertions="1" time="0.000237" status="Passed" classname="HSPI_HistoricalRecordsTest.TimeSeriesGroupingLinearTest" />
  </testsuite>
  <testsuite tests="11" time="0.002924" errors="0" failures="0" skipped="0" timestamp="2023-12-02T03:22:47.1296594Z" name="">
    <testcase name="AlreadyCorrectGroupingForLOCF" assertions="1" time="0.000210" status="Passed" classname="HSPI_HistoricalRecordsTest.TimeSeriesGroupingLOCFTest" />
    <testcase name="EndValuesAreMissingForLOCF" assertions="1" time="0.000219" status="Passed" classname="HSPI_HistoricalRecordsTest.TimeSeriesGroupingLOCFTest" />
    <testcase name="HalfSampleForLOCF" assertions="1" time="0.000254" status="Passed" classname="HSPI_HistoricalRecordsTest.TimeSeriesGroupingLOCFTest" />
    <testcase name="InitialValuesAreMissingForLOCF" assertions="1" time="0.000150" status="Passed" classname="HSPI_HistoricalRecordsTest.TimeSeriesGroupingLOCFTest" />
    <testcase name="LargeInitialValuesAreMissingForLOCF" assertions="1" time="0.000170" status="Passed" classname="HSPI_HistoricalRecordsTest.TimeSeriesGroupingLOCFTest" />
    <testcase name="LargeMiddleValuesAreMissingForLOCF" assertions="1" time="0.000315" status="Passed" classname="HSPI_HistoricalRecordsTest.TimeSeriesGroupingLOCFTest" />
    <testcase name="MiddleValuesAreMissingForLOCF" assertions="1" time="0.000287" status="Passed" classname="HSPI_HistoricalRecordsTest.TimeSeriesGroupingLOCFTest" />
    <testcase name="MinStartsAfterLaterInSeriesForLOCF" assertions="1" time="0.000240" status="Passed" classname="HSPI_HistoricalRecordsTest.TimeSeriesGroupingLOCFTest" />
    <testcase name="MinValueAfterStartOfSeriesForLOCF" assertions="1" time="0.000222" status="Passed" classname="HSPI_HistoricalRecordsTest.TimeSeriesGroupingLOCFTest" />
    <testcase name="ReduceSampleMisc1" assertions="1" time="0.000233" status="Passed" classname="HSPI_HistoricalRecordsTest.TimeSeriesGroupingLOCFTest" />
    <testcase name="UpSampleMisc" assertions="1" time="0.000448" status="Passed" classname="HSPI_HistoricalRecordsTest.TimeSeriesGroupingLOCFTest" />
  </testsuite>
  <testsuite tests="2" time="0.000683" errors="0" failures="0" skipped="0" timestamp="2023-12-02T03:22:47.1326593Z" name="">
    <testcase name="ConstructorThrowsExceptionWhenMinIsGreaterThanMax" assertions="1" time="0.000305" status="Passed" classname="HSPI_HistoricalRecordsTest.TimeSeriesHelperTest" />
    <testcase name="ThrowsExceptionWhenIntervalIsZero" assertions="1" time="0.000263" status="Passed" classname="HSPI_HistoricalRecordsTest.TimeSeriesHelperTest" />
  </testsuite>
</testsuites>